[2024-04-05T05:40:56.566+0000] {processor.py:161} INFO - Started process (PID=81) to work on /home/airflow/.local/lib/python3.8/site-packages/airflow/example_dags/example_task_group_decorator.py
[2024-04-05T05:40:56.579+0000] {processor.py:830} INFO - Processing file /home/airflow/.local/lib/python3.8/site-packages/airflow/example_dags/example_task_group_decorator.py for tasks to queue
[2024-04-05T05:40:56.584+0000] {logging_mixin.py:188} INFO - [2024-04-05T05:40:56.583+0000] {dagbag.py:540} INFO - Filling up the DagBag from /home/airflow/.local/lib/python3.8/site-packages/airflow/example_dags/example_task_group_decorator.py
[2024-04-05T05:40:56.918+0000] {processor.py:840} INFO - DAG(s) 'example_task_group_decorator' retrieved from /home/airflow/.local/lib/python3.8/site-packages/airflow/example_dags/example_task_group_decorator.py
[2024-04-05T05:41:00.970+0000] {logging_mixin.py:188} INFO - [2024-04-05T05:41:00.962+0000] {dag.py:3047} INFO - Sync 1 DAGs
[2024-04-05T05:41:01.236+0000] {logging_mixin.py:188} INFO - [2024-04-05T05:41:01.235+0000] {dag.py:3834} INFO - Setting next_dagrun for example_task_group_decorator to 2024-04-04 00:00:00+00:00, run_after=2024-04-05 00:00:00+00:00
[2024-04-05T05:41:01.605+0000] {processor.py:183} INFO - Processing /home/airflow/.local/lib/python3.8/site-packages/airflow/example_dags/example_task_group_decorator.py took 5.055 seconds
[2024-04-05T05:41:40.906+0000] {processor.py:161} INFO - Started process (PID=145) to work on /home/airflow/.local/lib/python3.8/site-packages/airflow/example_dags/example_task_group_decorator.py
[2024-04-05T05:41:40.909+0000] {processor.py:830} INFO - Processing file /home/airflow/.local/lib/python3.8/site-packages/airflow/example_dags/example_task_group_decorator.py for tasks to queue
[2024-04-05T05:41:40.914+0000] {logging_mixin.py:188} INFO - [2024-04-05T05:41:40.913+0000] {dagbag.py:540} INFO - Filling up the DagBag from /home/airflow/.local/lib/python3.8/site-packages/airflow/example_dags/example_task_group_decorator.py
[2024-04-05T05:41:40.985+0000] {processor.py:840} INFO - DAG(s) 'example_task_group_decorator' retrieved from /home/airflow/.local/lib/python3.8/site-packages/airflow/example_dags/example_task_group_decorator.py
[2024-04-05T05:41:41.095+0000] {logging_mixin.py:188} INFO - [2024-04-05T05:41:41.095+0000] {dag.py:3047} INFO - Sync 1 DAGs
[2024-04-05T05:41:41.157+0000] {logging_mixin.py:188} INFO - [2024-04-05T05:41:41.157+0000] {dag.py:3834} INFO - Setting next_dagrun for example_task_group_decorator to 2024-04-04 00:00:00+00:00, run_after=2024-04-05 00:00:00+00:00
[2024-04-05T05:41:41.200+0000] {processor.py:183} INFO - Processing /home/airflow/.local/lib/python3.8/site-packages/airflow/example_dags/example_task_group_decorator.py took 0.305 seconds
[2024-04-05T05:42:11.388+0000] {processor.py:161} INFO - Started process (PID=202) to work on /home/airflow/.local/lib/python3.8/site-packages/airflow/example_dags/example_task_group_decorator.py
[2024-04-05T05:42:11.392+0000] {processor.py:830} INFO - Processing file /home/airflow/.local/lib/python3.8/site-packages/airflow/example_dags/example_task_group_decorator.py for tasks to queue
[2024-04-05T05:42:11.397+0000] {logging_mixin.py:188} INFO - [2024-04-05T05:42:11.396+0000] {dagbag.py:540} INFO - Filling up the DagBag from /home/airflow/.local/lib/python3.8/site-packages/airflow/example_dags/example_task_group_decorator.py
[2024-04-05T05:42:11.468+0000] {processor.py:840} INFO - DAG(s) 'example_task_group_decorator' retrieved from /home/airflow/.local/lib/python3.8/site-packages/airflow/example_dags/example_task_group_decorator.py
[2024-04-05T05:42:11.612+0000] {logging_mixin.py:188} INFO - [2024-04-05T05:42:11.611+0000] {dag.py:3047} INFO - Sync 1 DAGs
[2024-04-05T05:42:11.805+0000] {logging_mixin.py:188} INFO - [2024-04-05T05:42:11.805+0000] {dag.py:3834} INFO - Setting next_dagrun for example_task_group_decorator to 2024-04-04 00:00:00+00:00, run_after=2024-04-05 00:00:00+00:00
[2024-04-05T05:42:11.991+0000] {processor.py:183} INFO - Processing /home/airflow/.local/lib/python3.8/site-packages/airflow/example_dags/example_task_group_decorator.py took 0.616 seconds
[2024-04-05T05:42:42.522+0000] {processor.py:161} INFO - Started process (PID=259) to work on /home/airflow/.local/lib/python3.8/site-packages/airflow/example_dags/example_task_group_decorator.py
[2024-04-05T05:42:42.525+0000] {processor.py:830} INFO - Processing file /home/airflow/.local/lib/python3.8/site-packages/airflow/example_dags/example_task_group_decorator.py for tasks to queue
[2024-04-05T05:42:42.528+0000] {logging_mixin.py:188} INFO - [2024-04-05T05:42:42.528+0000] {dagbag.py:540} INFO - Filling up the DagBag from /home/airflow/.local/lib/python3.8/site-packages/airflow/example_dags/example_task_group_decorator.py
[2024-04-05T05:42:42.574+0000] {processor.py:840} INFO - DAG(s) 'example_task_group_decorator' retrieved from /home/airflow/.local/lib/python3.8/site-packages/airflow/example_dags/example_task_group_decorator.py
[2024-04-05T05:42:42.643+0000] {logging_mixin.py:188} INFO - [2024-04-05T05:42:42.642+0000] {dag.py:3047} INFO - Sync 1 DAGs
[2024-04-05T05:42:42.703+0000] {logging_mixin.py:188} INFO - [2024-04-05T05:42:42.703+0000] {dag.py:3834} INFO - Setting next_dagrun for example_task_group_decorator to 2024-04-04 00:00:00+00:00, run_after=2024-04-05 00:00:00+00:00
[2024-04-05T05:42:42.751+0000] {processor.py:183} INFO - Processing /home/airflow/.local/lib/python3.8/site-packages/airflow/example_dags/example_task_group_decorator.py took 0.238 seconds
[2024-04-05T05:43:12.958+0000] {processor.py:161} INFO - Started process (PID=318) to work on /home/airflow/.local/lib/python3.8/site-packages/airflow/example_dags/example_task_group_decorator.py
[2024-04-05T05:43:12.961+0000] {processor.py:830} INFO - Processing file /home/airflow/.local/lib/python3.8/site-packages/airflow/example_dags/example_task_group_decorator.py for tasks to queue
[2024-04-05T05:43:12.965+0000] {logging_mixin.py:188} INFO - [2024-04-05T05:43:12.965+0000] {dagbag.py:540} INFO - Filling up the DagBag from /home/airflow/.local/lib/python3.8/site-packages/airflow/example_dags/example_task_group_decorator.py
[2024-04-05T05:43:13.007+0000] {processor.py:840} INFO - DAG(s) 'example_task_group_decorator' retrieved from /home/airflow/.local/lib/python3.8/site-packages/airflow/example_dags/example_task_group_decorator.py
[2024-04-05T05:43:13.079+0000] {logging_mixin.py:188} INFO - [2024-04-05T05:43:13.079+0000] {dag.py:3047} INFO - Sync 1 DAGs
[2024-04-05T05:43:13.127+0000] {logging_mixin.py:188} INFO - [2024-04-05T05:43:13.126+0000] {dag.py:3834} INFO - Setting next_dagrun for example_task_group_decorator to 2024-04-04 00:00:00+00:00, run_after=2024-04-05 00:00:00+00:00
[2024-04-05T05:43:13.174+0000] {processor.py:183} INFO - Processing /home/airflow/.local/lib/python3.8/site-packages/airflow/example_dags/example_task_group_decorator.py took 0.223 seconds
[2024-04-05T05:43:44.069+0000] {processor.py:161} INFO - Started process (PID=375) to work on /home/airflow/.local/lib/python3.8/site-packages/airflow/example_dags/example_task_group_decorator.py
[2024-04-05T05:43:44.076+0000] {processor.py:830} INFO - Processing file /home/airflow/.local/lib/python3.8/site-packages/airflow/example_dags/example_task_group_decorator.py for tasks to queue
[2024-04-05T05:43:44.082+0000] {logging_mixin.py:188} INFO - [2024-04-05T05:43:44.081+0000] {dagbag.py:540} INFO - Filling up the DagBag from /home/airflow/.local/lib/python3.8/site-packages/airflow/example_dags/example_task_group_decorator.py
[2024-04-05T05:43:44.123+0000] {processor.py:840} INFO - DAG(s) 'example_task_group_decorator' retrieved from /home/airflow/.local/lib/python3.8/site-packages/airflow/example_dags/example_task_group_decorator.py
[2024-04-05T05:43:44.193+0000] {logging_mixin.py:188} INFO - [2024-04-05T05:43:44.193+0000] {dag.py:3047} INFO - Sync 1 DAGs
[2024-04-05T05:43:44.248+0000] {logging_mixin.py:188} INFO - [2024-04-05T05:43:44.248+0000] {dag.py:3834} INFO - Setting next_dagrun for example_task_group_decorator to 2024-04-04 00:00:00+00:00, run_after=2024-04-05 00:00:00+00:00
[2024-04-05T05:43:44.304+0000] {processor.py:183} INFO - Processing /home/airflow/.local/lib/python3.8/site-packages/airflow/example_dags/example_task_group_decorator.py took 0.246 seconds
[2024-04-05T05:44:14.623+0000] {processor.py:161} INFO - Started process (PID=433) to work on /home/airflow/.local/lib/python3.8/site-packages/airflow/example_dags/example_task_group_decorator.py
[2024-04-05T05:44:14.625+0000] {processor.py:830} INFO - Processing file /home/airflow/.local/lib/python3.8/site-packages/airflow/example_dags/example_task_group_decorator.py for tasks to queue
[2024-04-05T05:44:14.630+0000] {logging_mixin.py:188} INFO - [2024-04-05T05:44:14.629+0000] {dagbag.py:540} INFO - Filling up the DagBag from /home/airflow/.local/lib/python3.8/site-packages/airflow/example_dags/example_task_group_decorator.py
[2024-04-05T05:44:14.668+0000] {processor.py:840} INFO - DAG(s) 'example_task_group_decorator' retrieved from /home/airflow/.local/lib/python3.8/site-packages/airflow/example_dags/example_task_group_decorator.py
[2024-04-05T05:44:14.726+0000] {logging_mixin.py:188} INFO - [2024-04-05T05:44:14.725+0000] {dag.py:3047} INFO - Sync 1 DAGs
[2024-04-05T05:44:14.781+0000] {logging_mixin.py:188} INFO - [2024-04-05T05:44:14.781+0000] {dag.py:3834} INFO - Setting next_dagrun for example_task_group_decorator to 2024-04-04 00:00:00+00:00, run_after=2024-04-05 00:00:00+00:00
[2024-04-05T05:44:14.822+0000] {processor.py:183} INFO - Processing /home/airflow/.local/lib/python3.8/site-packages/airflow/example_dags/example_task_group_decorator.py took 0.206 seconds
[2024-04-05T05:44:45.375+0000] {processor.py:161} INFO - Started process (PID=490) to work on /home/airflow/.local/lib/python3.8/site-packages/airflow/example_dags/example_task_group_decorator.py
[2024-04-05T05:44:45.378+0000] {processor.py:830} INFO - Processing file /home/airflow/.local/lib/python3.8/site-packages/airflow/example_dags/example_task_group_decorator.py for tasks to queue
[2024-04-05T05:44:45.381+0000] {logging_mixin.py:188} INFO - [2024-04-05T05:44:45.380+0000] {dagbag.py:540} INFO - Filling up the DagBag from /home/airflow/.local/lib/python3.8/site-packages/airflow/example_dags/example_task_group_decorator.py
[2024-04-05T05:44:45.424+0000] {processor.py:840} INFO - DAG(s) 'example_task_group_decorator' retrieved from /home/airflow/.local/lib/python3.8/site-packages/airflow/example_dags/example_task_group_decorator.py
[2024-04-05T05:44:45.526+0000] {logging_mixin.py:188} INFO - [2024-04-05T05:44:45.525+0000] {dag.py:3047} INFO - Sync 1 DAGs
[2024-04-05T05:44:45.603+0000] {logging_mixin.py:188} INFO - [2024-04-05T05:44:45.602+0000] {dag.py:3834} INFO - Setting next_dagrun for example_task_group_decorator to 2024-04-04 00:00:00+00:00, run_after=2024-04-05 00:00:00+00:00
[2024-04-05T05:44:45.697+0000] {processor.py:183} INFO - Processing /home/airflow/.local/lib/python3.8/site-packages/airflow/example_dags/example_task_group_decorator.py took 0.331 seconds
[2024-04-05T05:45:19.426+0000] {processor.py:161} INFO - Started process (PID=548) to work on /home/airflow/.local/lib/python3.8/site-packages/airflow/example_dags/example_task_group_decorator.py
[2024-04-05T05:45:19.430+0000] {processor.py:830} INFO - Processing file /home/airflow/.local/lib/python3.8/site-packages/airflow/example_dags/example_task_group_decorator.py for tasks to queue
[2024-04-05T05:45:19.443+0000] {logging_mixin.py:188} INFO - [2024-04-05T05:45:19.442+0000] {dagbag.py:540} INFO - Filling up the DagBag from /home/airflow/.local/lib/python3.8/site-packages/airflow/example_dags/example_task_group_decorator.py
[2024-04-05T05:45:19.568+0000] {processor.py:840} INFO - DAG(s) 'example_task_group_decorator' retrieved from /home/airflow/.local/lib/python3.8/site-packages/airflow/example_dags/example_task_group_decorator.py
[2024-04-05T05:45:19.738+0000] {logging_mixin.py:188} INFO - [2024-04-05T05:45:19.737+0000] {dag.py:3047} INFO - Sync 1 DAGs
[2024-04-05T05:45:19.950+0000] {logging_mixin.py:188} INFO - [2024-04-05T05:45:19.949+0000] {dag.py:3834} INFO - Setting next_dagrun for example_task_group_decorator to 2024-04-04 00:00:00+00:00, run_after=2024-04-05 00:00:00+00:00
[2024-04-05T05:45:20.043+0000] {processor.py:183} INFO - Processing /home/airflow/.local/lib/python3.8/site-packages/airflow/example_dags/example_task_group_decorator.py took 0.640 seconds
[2024-04-05T05:45:50.666+0000] {processor.py:161} INFO - Started process (PID=605) to work on /home/airflow/.local/lib/python3.8/site-packages/airflow/example_dags/example_task_group_decorator.py
[2024-04-05T05:45:50.669+0000] {processor.py:830} INFO - Processing file /home/airflow/.local/lib/python3.8/site-packages/airflow/example_dags/example_task_group_decorator.py for tasks to queue
[2024-04-05T05:45:50.672+0000] {logging_mixin.py:188} INFO - [2024-04-05T05:45:50.671+0000] {dagbag.py:540} INFO - Filling up the DagBag from /home/airflow/.local/lib/python3.8/site-packages/airflow/example_dags/example_task_group_decorator.py
[2024-04-05T05:45:50.733+0000] {processor.py:840} INFO - DAG(s) 'example_task_group_decorator' retrieved from /home/airflow/.local/lib/python3.8/site-packages/airflow/example_dags/example_task_group_decorator.py
[2024-04-05T05:45:50.794+0000] {logging_mixin.py:188} INFO - [2024-04-05T05:45:50.793+0000] {dag.py:3047} INFO - Sync 1 DAGs
[2024-04-05T05:45:50.852+0000] {logging_mixin.py:188} INFO - [2024-04-05T05:45:50.851+0000] {dag.py:3834} INFO - Setting next_dagrun for example_task_group_decorator to 2024-04-04 00:00:00+00:00, run_after=2024-04-05 00:00:00+00:00
[2024-04-05T05:45:50.893+0000] {processor.py:183} INFO - Processing /home/airflow/.local/lib/python3.8/site-packages/airflow/example_dags/example_task_group_decorator.py took 0.237 seconds
[2024-04-05T05:46:21.053+0000] {processor.py:161} INFO - Started process (PID=662) to work on /home/airflow/.local/lib/python3.8/site-packages/airflow/example_dags/example_task_group_decorator.py
[2024-04-05T05:46:21.055+0000] {processor.py:830} INFO - Processing file /home/airflow/.local/lib/python3.8/site-packages/airflow/example_dags/example_task_group_decorator.py for tasks to queue
[2024-04-05T05:46:21.058+0000] {logging_mixin.py:188} INFO - [2024-04-05T05:46:21.057+0000] {dagbag.py:540} INFO - Filling up the DagBag from /home/airflow/.local/lib/python3.8/site-packages/airflow/example_dags/example_task_group_decorator.py
[2024-04-05T05:46:21.097+0000] {processor.py:840} INFO - DAG(s) 'example_task_group_decorator' retrieved from /home/airflow/.local/lib/python3.8/site-packages/airflow/example_dags/example_task_group_decorator.py
[2024-04-05T05:46:21.166+0000] {logging_mixin.py:188} INFO - [2024-04-05T05:46:21.165+0000] {dag.py:3047} INFO - Sync 1 DAGs
[2024-04-05T05:46:21.235+0000] {logging_mixin.py:188} INFO - [2024-04-05T05:46:21.235+0000] {dag.py:3834} INFO - Setting next_dagrun for example_task_group_decorator to 2024-04-04 00:00:00+00:00, run_after=2024-04-05 00:00:00+00:00
[2024-04-05T05:46:21.298+0000] {processor.py:183} INFO - Processing /home/airflow/.local/lib/python3.8/site-packages/airflow/example_dags/example_task_group_decorator.py took 0.253 seconds
[2024-04-05T05:46:51.366+0000] {processor.py:161} INFO - Started process (PID=723) to work on /home/airflow/.local/lib/python3.8/site-packages/airflow/example_dags/example_task_group_decorator.py
[2024-04-05T05:46:51.368+0000] {processor.py:830} INFO - Processing file /home/airflow/.local/lib/python3.8/site-packages/airflow/example_dags/example_task_group_decorator.py for tasks to queue
[2024-04-05T05:46:51.370+0000] {logging_mixin.py:188} INFO - [2024-04-05T05:46:51.370+0000] {dagbag.py:540} INFO - Filling up the DagBag from /home/airflow/.local/lib/python3.8/site-packages/airflow/example_dags/example_task_group_decorator.py
[2024-04-05T05:46:51.404+0000] {processor.py:840} INFO - DAG(s) 'example_task_group_decorator' retrieved from /home/airflow/.local/lib/python3.8/site-packages/airflow/example_dags/example_task_group_decorator.py
[2024-04-05T05:46:51.458+0000] {logging_mixin.py:188} INFO - [2024-04-05T05:46:51.458+0000] {dag.py:3047} INFO - Sync 1 DAGs
[2024-04-05T05:46:51.500+0000] {logging_mixin.py:188} INFO - [2024-04-05T05:46:51.500+0000] {dag.py:3834} INFO - Setting next_dagrun for example_task_group_decorator to 2024-04-04 00:00:00+00:00, run_after=2024-04-05 00:00:00+00:00
[2024-04-05T05:46:51.530+0000] {processor.py:183} INFO - Processing /home/airflow/.local/lib/python3.8/site-packages/airflow/example_dags/example_task_group_decorator.py took 0.169 seconds
[2024-04-05T05:47:21.787+0000] {processor.py:161} INFO - Started process (PID=781) to work on /home/airflow/.local/lib/python3.8/site-packages/airflow/example_dags/example_task_group_decorator.py
[2024-04-05T05:47:21.789+0000] {processor.py:830} INFO - Processing file /home/airflow/.local/lib/python3.8/site-packages/airflow/example_dags/example_task_group_decorator.py for tasks to queue
[2024-04-05T05:47:21.791+0000] {logging_mixin.py:188} INFO - [2024-04-05T05:47:21.790+0000] {dagbag.py:540} INFO - Filling up the DagBag from /home/airflow/.local/lib/python3.8/site-packages/airflow/example_dags/example_task_group_decorator.py
[2024-04-05T05:47:21.841+0000] {processor.py:840} INFO - DAG(s) 'example_task_group_decorator' retrieved from /home/airflow/.local/lib/python3.8/site-packages/airflow/example_dags/example_task_group_decorator.py
[2024-04-05T05:47:21.921+0000] {logging_mixin.py:188} INFO - [2024-04-05T05:47:21.921+0000] {dag.py:3047} INFO - Sync 1 DAGs
[2024-04-05T05:47:22.001+0000] {logging_mixin.py:188} INFO - [2024-04-05T05:47:22.000+0000] {dag.py:3834} INFO - Setting next_dagrun for example_task_group_decorator to 2024-04-04 00:00:00+00:00, run_after=2024-04-05 00:00:00+00:00
[2024-04-05T05:47:22.048+0000] {processor.py:183} INFO - Processing /home/airflow/.local/lib/python3.8/site-packages/airflow/example_dags/example_task_group_decorator.py took 0.268 seconds
[2024-04-05T05:47:52.992+0000] {processor.py:161} INFO - Started process (PID=838) to work on /home/airflow/.local/lib/python3.8/site-packages/airflow/example_dags/example_task_group_decorator.py
[2024-04-05T05:47:52.997+0000] {processor.py:830} INFO - Processing file /home/airflow/.local/lib/python3.8/site-packages/airflow/example_dags/example_task_group_decorator.py for tasks to queue
[2024-04-05T05:47:53.000+0000] {logging_mixin.py:188} INFO - [2024-04-05T05:47:52.998+0000] {dagbag.py:540} INFO - Filling up the DagBag from /home/airflow/.local/lib/python3.8/site-packages/airflow/example_dags/example_task_group_decorator.py
[2024-04-05T05:47:53.043+0000] {processor.py:840} INFO - DAG(s) 'example_task_group_decorator' retrieved from /home/airflow/.local/lib/python3.8/site-packages/airflow/example_dags/example_task_group_decorator.py
[2024-04-05T05:47:53.090+0000] {logging_mixin.py:188} INFO - [2024-04-05T05:47:53.089+0000] {dag.py:3047} INFO - Sync 1 DAGs
[2024-04-05T05:47:53.153+0000] {logging_mixin.py:188} INFO - [2024-04-05T05:47:53.153+0000] {dag.py:3834} INFO - Setting next_dagrun for example_task_group_decorator to 2024-04-04 00:00:00+00:00, run_after=2024-04-05 00:00:00+00:00
[2024-04-05T05:47:53.198+0000] {processor.py:183} INFO - Processing /home/airflow/.local/lib/python3.8/site-packages/airflow/example_dags/example_task_group_decorator.py took 0.213 seconds
[2024-04-05T05:48:24.334+0000] {processor.py:161} INFO - Started process (PID=895) to work on /home/airflow/.local/lib/python3.8/site-packages/airflow/example_dags/example_task_group_decorator.py
[2024-04-05T05:48:24.337+0000] {processor.py:830} INFO - Processing file /home/airflow/.local/lib/python3.8/site-packages/airflow/example_dags/example_task_group_decorator.py for tasks to queue
[2024-04-05T05:48:24.340+0000] {logging_mixin.py:188} INFO - [2024-04-05T05:48:24.339+0000] {dagbag.py:540} INFO - Filling up the DagBag from /home/airflow/.local/lib/python3.8/site-packages/airflow/example_dags/example_task_group_decorator.py
[2024-04-05T05:48:24.449+0000] {processor.py:840} INFO - DAG(s) 'example_task_group_decorator' retrieved from /home/airflow/.local/lib/python3.8/site-packages/airflow/example_dags/example_task_group_decorator.py
[2024-04-05T05:48:24.537+0000] {logging_mixin.py:188} INFO - [2024-04-05T05:48:24.536+0000] {dag.py:3047} INFO - Sync 1 DAGs
[2024-04-05T05:48:24.625+0000] {logging_mixin.py:188} INFO - [2024-04-05T05:48:24.624+0000] {dag.py:3834} INFO - Setting next_dagrun for example_task_group_decorator to 2024-04-04 00:00:00+00:00, run_after=2024-04-05 00:00:00+00:00
[2024-04-05T05:48:24.704+0000] {processor.py:183} INFO - Processing /home/airflow/.local/lib/python3.8/site-packages/airflow/example_dags/example_task_group_decorator.py took 0.381 seconds
[2024-04-05T05:48:55.484+0000] {processor.py:161} INFO - Started process (PID=952) to work on /home/airflow/.local/lib/python3.8/site-packages/airflow/example_dags/example_task_group_decorator.py
[2024-04-05T05:48:55.490+0000] {processor.py:830} INFO - Processing file /home/airflow/.local/lib/python3.8/site-packages/airflow/example_dags/example_task_group_decorator.py for tasks to queue
[2024-04-05T05:48:55.492+0000] {logging_mixin.py:188} INFO - [2024-04-05T05:48:55.492+0000] {dagbag.py:540} INFO - Filling up the DagBag from /home/airflow/.local/lib/python3.8/site-packages/airflow/example_dags/example_task_group_decorator.py
[2024-04-05T05:48:55.535+0000] {processor.py:840} INFO - DAG(s) 'example_task_group_decorator' retrieved from /home/airflow/.local/lib/python3.8/site-packages/airflow/example_dags/example_task_group_decorator.py
[2024-04-05T05:48:55.608+0000] {logging_mixin.py:188} INFO - [2024-04-05T05:48:55.608+0000] {dag.py:3047} INFO - Sync 1 DAGs
[2024-04-05T05:48:55.656+0000] {logging_mixin.py:188} INFO - [2024-04-05T05:48:55.655+0000] {dag.py:3834} INFO - Setting next_dagrun for example_task_group_decorator to 2024-04-04 00:00:00+00:00, run_after=2024-04-05 00:00:00+00:00
[2024-04-05T05:48:55.717+0000] {processor.py:183} INFO - Processing /home/airflow/.local/lib/python3.8/site-packages/airflow/example_dags/example_task_group_decorator.py took 0.241 seconds
[2024-04-05T05:49:26.006+0000] {processor.py:161} INFO - Started process (PID=1008) to work on /home/airflow/.local/lib/python3.8/site-packages/airflow/example_dags/example_task_group_decorator.py
[2024-04-05T05:49:26.010+0000] {processor.py:830} INFO - Processing file /home/airflow/.local/lib/python3.8/site-packages/airflow/example_dags/example_task_group_decorator.py for tasks to queue
[2024-04-05T05:49:26.012+0000] {logging_mixin.py:188} INFO - [2024-04-05T05:49:26.011+0000] {dagbag.py:540} INFO - Filling up the DagBag from /home/airflow/.local/lib/python3.8/site-packages/airflow/example_dags/example_task_group_decorator.py
[2024-04-05T05:49:26.048+0000] {processor.py:840} INFO - DAG(s) 'example_task_group_decorator' retrieved from /home/airflow/.local/lib/python3.8/site-packages/airflow/example_dags/example_task_group_decorator.py
[2024-04-05T05:49:26.122+0000] {logging_mixin.py:188} INFO - [2024-04-05T05:49:26.122+0000] {dag.py:3047} INFO - Sync 1 DAGs
[2024-04-05T05:49:26.207+0000] {logging_mixin.py:188} INFO - [2024-04-05T05:49:26.207+0000] {dag.py:3834} INFO - Setting next_dagrun for example_task_group_decorator to 2024-04-04 00:00:00+00:00, run_after=2024-04-05 00:00:00+00:00
[2024-04-05T05:49:26.276+0000] {processor.py:183} INFO - Processing /home/airflow/.local/lib/python3.8/site-packages/airflow/example_dags/example_task_group_decorator.py took 0.277 seconds
[2024-04-05T05:49:56.827+0000] {processor.py:161} INFO - Started process (PID=1065) to work on /home/airflow/.local/lib/python3.8/site-packages/airflow/example_dags/example_task_group_decorator.py
[2024-04-05T05:49:56.829+0000] {processor.py:830} INFO - Processing file /home/airflow/.local/lib/python3.8/site-packages/airflow/example_dags/example_task_group_decorator.py for tasks to queue
[2024-04-05T05:49:56.834+0000] {logging_mixin.py:188} INFO - [2024-04-05T05:49:56.831+0000] {dagbag.py:540} INFO - Filling up the DagBag from /home/airflow/.local/lib/python3.8/site-packages/airflow/example_dags/example_task_group_decorator.py
[2024-04-05T05:49:56.901+0000] {processor.py:840} INFO - DAG(s) 'example_task_group_decorator' retrieved from /home/airflow/.local/lib/python3.8/site-packages/airflow/example_dags/example_task_group_decorator.py
[2024-04-05T05:49:56.971+0000] {logging_mixin.py:188} INFO - [2024-04-05T05:49:56.971+0000] {dag.py:3047} INFO - Sync 1 DAGs
[2024-04-05T05:49:57.020+0000] {logging_mixin.py:188} INFO - [2024-04-05T05:49:57.019+0000] {dag.py:3834} INFO - Setting next_dagrun for example_task_group_decorator to 2024-04-04 00:00:00+00:00, run_after=2024-04-05 00:00:00+00:00
[2024-04-05T05:49:57.057+0000] {processor.py:183} INFO - Processing /home/airflow/.local/lib/python3.8/site-packages/airflow/example_dags/example_task_group_decorator.py took 0.237 seconds
[2024-04-05T05:50:27.202+0000] {processor.py:161} INFO - Started process (PID=1122) to work on /home/airflow/.local/lib/python3.8/site-packages/airflow/example_dags/example_task_group_decorator.py
[2024-04-05T05:50:27.205+0000] {processor.py:830} INFO - Processing file /home/airflow/.local/lib/python3.8/site-packages/airflow/example_dags/example_task_group_decorator.py for tasks to queue
[2024-04-05T05:50:27.208+0000] {logging_mixin.py:188} INFO - [2024-04-05T05:50:27.207+0000] {dagbag.py:540} INFO - Filling up the DagBag from /home/airflow/.local/lib/python3.8/site-packages/airflow/example_dags/example_task_group_decorator.py
[2024-04-05T05:50:27.251+0000] {processor.py:840} INFO - DAG(s) 'example_task_group_decorator' retrieved from /home/airflow/.local/lib/python3.8/site-packages/airflow/example_dags/example_task_group_decorator.py
[2024-04-05T05:50:27.319+0000] {logging_mixin.py:188} INFO - [2024-04-05T05:50:27.319+0000] {dag.py:3047} INFO - Sync 1 DAGs
[2024-04-05T05:50:27.370+0000] {logging_mixin.py:188} INFO - [2024-04-05T05:50:27.370+0000] {dag.py:3834} INFO - Setting next_dagrun for example_task_group_decorator to 2024-04-04 00:00:00+00:00, run_after=2024-04-05 00:00:00+00:00
[2024-04-05T05:50:27.417+0000] {processor.py:183} INFO - Processing /home/airflow/.local/lib/python3.8/site-packages/airflow/example_dags/example_task_group_decorator.py took 0.225 seconds
[2024-04-05T05:50:57.945+0000] {processor.py:161} INFO - Started process (PID=1179) to work on /home/airflow/.local/lib/python3.8/site-packages/airflow/example_dags/example_task_group_decorator.py
[2024-04-05T05:50:57.947+0000] {processor.py:830} INFO - Processing file /home/airflow/.local/lib/python3.8/site-packages/airflow/example_dags/example_task_group_decorator.py for tasks to queue
[2024-04-05T05:50:57.949+0000] {logging_mixin.py:188} INFO - [2024-04-05T05:50:57.948+0000] {dagbag.py:540} INFO - Filling up the DagBag from /home/airflow/.local/lib/python3.8/site-packages/airflow/example_dags/example_task_group_decorator.py
[2024-04-05T05:50:57.975+0000] {processor.py:840} INFO - DAG(s) 'example_task_group_decorator' retrieved from /home/airflow/.local/lib/python3.8/site-packages/airflow/example_dags/example_task_group_decorator.py
[2024-04-05T05:50:58.025+0000] {logging_mixin.py:188} INFO - [2024-04-05T05:50:58.025+0000] {dag.py:3047} INFO - Sync 1 DAGs
[2024-04-05T05:50:58.060+0000] {logging_mixin.py:188} INFO - [2024-04-05T05:50:58.060+0000] {dag.py:3834} INFO - Setting next_dagrun for example_task_group_decorator to 2024-04-04 00:00:00+00:00, run_after=2024-04-05 00:00:00+00:00
[2024-04-05T05:50:58.093+0000] {processor.py:183} INFO - Processing /home/airflow/.local/lib/python3.8/site-packages/airflow/example_dags/example_task_group_decorator.py took 0.152 seconds
[2024-04-05T05:51:28.693+0000] {processor.py:161} INFO - Started process (PID=1236) to work on /home/airflow/.local/lib/python3.8/site-packages/airflow/example_dags/example_task_group_decorator.py
[2024-04-05T05:51:28.695+0000] {processor.py:830} INFO - Processing file /home/airflow/.local/lib/python3.8/site-packages/airflow/example_dags/example_task_group_decorator.py for tasks to queue
[2024-04-05T05:51:28.697+0000] {logging_mixin.py:188} INFO - [2024-04-05T05:51:28.696+0000] {dagbag.py:540} INFO - Filling up the DagBag from /home/airflow/.local/lib/python3.8/site-packages/airflow/example_dags/example_task_group_decorator.py
[2024-04-05T05:51:28.753+0000] {processor.py:840} INFO - DAG(s) 'example_task_group_decorator' retrieved from /home/airflow/.local/lib/python3.8/site-packages/airflow/example_dags/example_task_group_decorator.py
[2024-04-05T05:51:28.818+0000] {logging_mixin.py:188} INFO - [2024-04-05T05:51:28.818+0000] {dag.py:3047} INFO - Sync 1 DAGs
[2024-04-05T05:51:28.899+0000] {logging_mixin.py:188} INFO - [2024-04-05T05:51:28.899+0000] {dag.py:3834} INFO - Setting next_dagrun for example_task_group_decorator to 2024-04-04 00:00:00+00:00, run_after=2024-04-05 00:00:00+00:00
[2024-04-05T05:51:28.952+0000] {processor.py:183} INFO - Processing /home/airflow/.local/lib/python3.8/site-packages/airflow/example_dags/example_task_group_decorator.py took 0.264 seconds
[2024-04-05T05:51:59.642+0000] {processor.py:161} INFO - Started process (PID=1293) to work on /home/airflow/.local/lib/python3.8/site-packages/airflow/example_dags/example_task_group_decorator.py
[2024-04-05T05:51:59.644+0000] {processor.py:830} INFO - Processing file /home/airflow/.local/lib/python3.8/site-packages/airflow/example_dags/example_task_group_decorator.py for tasks to queue
[2024-04-05T05:51:59.645+0000] {logging_mixin.py:188} INFO - [2024-04-05T05:51:59.645+0000] {dagbag.py:540} INFO - Filling up the DagBag from /home/airflow/.local/lib/python3.8/site-packages/airflow/example_dags/example_task_group_decorator.py
[2024-04-05T05:51:59.681+0000] {processor.py:840} INFO - DAG(s) 'example_task_group_decorator' retrieved from /home/airflow/.local/lib/python3.8/site-packages/airflow/example_dags/example_task_group_decorator.py
[2024-04-05T05:51:59.755+0000] {logging_mixin.py:188} INFO - [2024-04-05T05:51:59.755+0000] {dag.py:3047} INFO - Sync 1 DAGs
[2024-04-05T05:51:59.831+0000] {logging_mixin.py:188} INFO - [2024-04-05T05:51:59.830+0000] {dag.py:3834} INFO - Setting next_dagrun for example_task_group_decorator to 2024-04-04 00:00:00+00:00, run_after=2024-04-05 00:00:00+00:00
[2024-04-05T05:51:59.869+0000] {processor.py:183} INFO - Processing /home/airflow/.local/lib/python3.8/site-packages/airflow/example_dags/example_task_group_decorator.py took 0.233 seconds
[2024-04-05T05:52:29.984+0000] {processor.py:161} INFO - Started process (PID=1349) to work on /home/airflow/.local/lib/python3.8/site-packages/airflow/example_dags/example_task_group_decorator.py
[2024-04-05T05:52:29.987+0000] {processor.py:830} INFO - Processing file /home/airflow/.local/lib/python3.8/site-packages/airflow/example_dags/example_task_group_decorator.py for tasks to queue
[2024-04-05T05:52:29.991+0000] {logging_mixin.py:188} INFO - [2024-04-05T05:52:29.990+0000] {dagbag.py:540} INFO - Filling up the DagBag from /home/airflow/.local/lib/python3.8/site-packages/airflow/example_dags/example_task_group_decorator.py
[2024-04-05T05:52:30.053+0000] {processor.py:840} INFO - DAG(s) 'example_task_group_decorator' retrieved from /home/airflow/.local/lib/python3.8/site-packages/airflow/example_dags/example_task_group_decorator.py
[2024-04-05T05:52:30.140+0000] {logging_mixin.py:188} INFO - [2024-04-05T05:52:30.139+0000] {dag.py:3047} INFO - Sync 1 DAGs
[2024-04-05T05:52:30.227+0000] {logging_mixin.py:188} INFO - [2024-04-05T05:52:30.226+0000] {dag.py:3834} INFO - Setting next_dagrun for example_task_group_decorator to 2024-04-04 00:00:00+00:00, run_after=2024-04-05 00:00:00+00:00
[2024-04-05T05:52:30.274+0000] {processor.py:183} INFO - Processing /home/airflow/.local/lib/python3.8/site-packages/airflow/example_dags/example_task_group_decorator.py took 0.301 seconds
[2024-04-05T05:53:00.358+0000] {processor.py:161} INFO - Started process (PID=1406) to work on /home/airflow/.local/lib/python3.8/site-packages/airflow/example_dags/example_task_group_decorator.py
[2024-04-05T05:53:00.361+0000] {processor.py:830} INFO - Processing file /home/airflow/.local/lib/python3.8/site-packages/airflow/example_dags/example_task_group_decorator.py for tasks to queue
[2024-04-05T05:53:00.364+0000] {logging_mixin.py:188} INFO - [2024-04-05T05:53:00.363+0000] {dagbag.py:540} INFO - Filling up the DagBag from /home/airflow/.local/lib/python3.8/site-packages/airflow/example_dags/example_task_group_decorator.py
[2024-04-05T05:53:00.402+0000] {processor.py:840} INFO - DAG(s) 'example_task_group_decorator' retrieved from /home/airflow/.local/lib/python3.8/site-packages/airflow/example_dags/example_task_group_decorator.py
[2024-04-05T05:53:00.458+0000] {logging_mixin.py:188} INFO - [2024-04-05T05:53:00.457+0000] {dag.py:3047} INFO - Sync 1 DAGs
[2024-04-05T05:53:00.510+0000] {logging_mixin.py:188} INFO - [2024-04-05T05:53:00.509+0000] {dag.py:3834} INFO - Setting next_dagrun for example_task_group_decorator to 2024-04-04 00:00:00+00:00, run_after=2024-04-05 00:00:00+00:00
[2024-04-05T05:53:00.548+0000] {processor.py:183} INFO - Processing /home/airflow/.local/lib/python3.8/site-packages/airflow/example_dags/example_task_group_decorator.py took 0.196 seconds
[2024-04-05T05:53:30.993+0000] {processor.py:161} INFO - Started process (PID=1463) to work on /home/airflow/.local/lib/python3.8/site-packages/airflow/example_dags/example_task_group_decorator.py
[2024-04-05T05:53:30.995+0000] {processor.py:830} INFO - Processing file /home/airflow/.local/lib/python3.8/site-packages/airflow/example_dags/example_task_group_decorator.py for tasks to queue
[2024-04-05T05:53:30.998+0000] {logging_mixin.py:188} INFO - [2024-04-05T05:53:30.997+0000] {dagbag.py:540} INFO - Filling up the DagBag from /home/airflow/.local/lib/python3.8/site-packages/airflow/example_dags/example_task_group_decorator.py
[2024-04-05T05:53:31.030+0000] {processor.py:840} INFO - DAG(s) 'example_task_group_decorator' retrieved from /home/airflow/.local/lib/python3.8/site-packages/airflow/example_dags/example_task_group_decorator.py
[2024-04-05T05:53:31.085+0000] {logging_mixin.py:188} INFO - [2024-04-05T05:53:31.084+0000] {dag.py:3047} INFO - Sync 1 DAGs
[2024-04-05T05:53:31.134+0000] {logging_mixin.py:188} INFO - [2024-04-05T05:53:31.134+0000] {dag.py:3834} INFO - Setting next_dagrun for example_task_group_decorator to 2024-04-04 00:00:00+00:00, run_after=2024-04-05 00:00:00+00:00
[2024-04-05T05:53:31.183+0000] {processor.py:183} INFO - Processing /home/airflow/.local/lib/python3.8/site-packages/airflow/example_dags/example_task_group_decorator.py took 0.198 seconds
[2024-04-05T05:54:01.457+0000] {processor.py:161} INFO - Started process (PID=1520) to work on /home/airflow/.local/lib/python3.8/site-packages/airflow/example_dags/example_task_group_decorator.py
[2024-04-05T05:54:01.459+0000] {processor.py:830} INFO - Processing file /home/airflow/.local/lib/python3.8/site-packages/airflow/example_dags/example_task_group_decorator.py for tasks to queue
[2024-04-05T05:54:01.462+0000] {logging_mixin.py:188} INFO - [2024-04-05T05:54:01.461+0000] {dagbag.py:540} INFO - Filling up the DagBag from /home/airflow/.local/lib/python3.8/site-packages/airflow/example_dags/example_task_group_decorator.py
[2024-04-05T05:54:01.509+0000] {processor.py:840} INFO - DAG(s) 'example_task_group_decorator' retrieved from /home/airflow/.local/lib/python3.8/site-packages/airflow/example_dags/example_task_group_decorator.py
[2024-04-05T05:54:01.556+0000] {logging_mixin.py:188} INFO - [2024-04-05T05:54:01.556+0000] {dag.py:3047} INFO - Sync 1 DAGs
[2024-04-05T05:54:01.592+0000] {logging_mixin.py:188} INFO - [2024-04-05T05:54:01.592+0000] {dag.py:3834} INFO - Setting next_dagrun for example_task_group_decorator to 2024-04-04 00:00:00+00:00, run_after=2024-04-05 00:00:00+00:00
[2024-04-05T05:54:01.624+0000] {processor.py:183} INFO - Processing /home/airflow/.local/lib/python3.8/site-packages/airflow/example_dags/example_task_group_decorator.py took 0.173 seconds
[2024-04-05T05:54:31.836+0000] {processor.py:161} INFO - Started process (PID=1577) to work on /home/airflow/.local/lib/python3.8/site-packages/airflow/example_dags/example_task_group_decorator.py
[2024-04-05T05:54:31.839+0000] {processor.py:830} INFO - Processing file /home/airflow/.local/lib/python3.8/site-packages/airflow/example_dags/example_task_group_decorator.py for tasks to queue
[2024-04-05T05:54:31.842+0000] {logging_mixin.py:188} INFO - [2024-04-05T05:54:31.841+0000] {dagbag.py:540} INFO - Filling up the DagBag from /home/airflow/.local/lib/python3.8/site-packages/airflow/example_dags/example_task_group_decorator.py
[2024-04-05T05:54:31.879+0000] {processor.py:840} INFO - DAG(s) 'example_task_group_decorator' retrieved from /home/airflow/.local/lib/python3.8/site-packages/airflow/example_dags/example_task_group_decorator.py
[2024-04-05T05:54:31.930+0000] {logging_mixin.py:188} INFO - [2024-04-05T05:54:31.930+0000] {dag.py:3047} INFO - Sync 1 DAGs
[2024-04-05T05:54:31.977+0000] {logging_mixin.py:188} INFO - [2024-04-05T05:54:31.976+0000] {dag.py:3834} INFO - Setting next_dagrun for example_task_group_decorator to 2024-04-04 00:00:00+00:00, run_after=2024-04-05 00:00:00+00:00
[2024-04-05T05:54:32.020+0000] {processor.py:183} INFO - Processing /home/airflow/.local/lib/python3.8/site-packages/airflow/example_dags/example_task_group_decorator.py took 0.193 seconds
[2024-04-05T05:55:03.003+0000] {processor.py:161} INFO - Started process (PID=1634) to work on /home/airflow/.local/lib/python3.8/site-packages/airflow/example_dags/example_task_group_decorator.py
[2024-04-05T05:55:03.007+0000] {processor.py:830} INFO - Processing file /home/airflow/.local/lib/python3.8/site-packages/airflow/example_dags/example_task_group_decorator.py for tasks to queue
[2024-04-05T05:55:03.020+0000] {logging_mixin.py:188} INFO - [2024-04-05T05:55:03.009+0000] {dagbag.py:540} INFO - Filling up the DagBag from /home/airflow/.local/lib/python3.8/site-packages/airflow/example_dags/example_task_group_decorator.py
[2024-04-05T05:55:03.100+0000] {processor.py:840} INFO - DAG(s) 'example_task_group_decorator' retrieved from /home/airflow/.local/lib/python3.8/site-packages/airflow/example_dags/example_task_group_decorator.py
[2024-04-05T05:55:03.216+0000] {logging_mixin.py:188} INFO - [2024-04-05T05:55:03.216+0000] {dag.py:3047} INFO - Sync 1 DAGs
[2024-04-05T05:55:03.333+0000] {logging_mixin.py:188} INFO - [2024-04-05T05:55:03.333+0000] {dag.py:3834} INFO - Setting next_dagrun for example_task_group_decorator to 2024-04-04 00:00:00+00:00, run_after=2024-04-05 00:00:00+00:00
[2024-04-05T05:55:03.396+0000] {processor.py:183} INFO - Processing /home/airflow/.local/lib/python3.8/site-packages/airflow/example_dags/example_task_group_decorator.py took 0.412 seconds
[2024-04-05T05:55:34.061+0000] {processor.py:161} INFO - Started process (PID=1688) to work on /home/airflow/.local/lib/python3.8/site-packages/airflow/example_dags/example_task_group_decorator.py
[2024-04-05T05:55:34.063+0000] {processor.py:830} INFO - Processing file /home/airflow/.local/lib/python3.8/site-packages/airflow/example_dags/example_task_group_decorator.py for tasks to queue
[2024-04-05T05:55:34.066+0000] {logging_mixin.py:188} INFO - [2024-04-05T05:55:34.065+0000] {dagbag.py:540} INFO - Filling up the DagBag from /home/airflow/.local/lib/python3.8/site-packages/airflow/example_dags/example_task_group_decorator.py
[2024-04-05T05:55:34.118+0000] {processor.py:840} INFO - DAG(s) 'example_task_group_decorator' retrieved from /home/airflow/.local/lib/python3.8/site-packages/airflow/example_dags/example_task_group_decorator.py
[2024-04-05T05:55:34.177+0000] {logging_mixin.py:188} INFO - [2024-04-05T05:55:34.176+0000] {dag.py:3047} INFO - Sync 1 DAGs
[2024-04-05T05:55:34.224+0000] {logging_mixin.py:188} INFO - [2024-04-05T05:55:34.223+0000] {dag.py:3834} INFO - Setting next_dagrun for example_task_group_decorator to 2024-04-04 00:00:00+00:00, run_after=2024-04-05 00:00:00+00:00
[2024-04-05T05:55:34.266+0000] {processor.py:183} INFO - Processing /home/airflow/.local/lib/python3.8/site-packages/airflow/example_dags/example_task_group_decorator.py took 0.212 seconds
[2024-04-05T05:56:04.511+0000] {processor.py:161} INFO - Started process (PID=1745) to work on /home/airflow/.local/lib/python3.8/site-packages/airflow/example_dags/example_task_group_decorator.py
[2024-04-05T05:56:04.514+0000] {processor.py:830} INFO - Processing file /home/airflow/.local/lib/python3.8/site-packages/airflow/example_dags/example_task_group_decorator.py for tasks to queue
[2024-04-05T05:56:04.516+0000] {logging_mixin.py:188} INFO - [2024-04-05T05:56:04.516+0000] {dagbag.py:540} INFO - Filling up the DagBag from /home/airflow/.local/lib/python3.8/site-packages/airflow/example_dags/example_task_group_decorator.py
[2024-04-05T05:56:04.557+0000] {processor.py:840} INFO - DAG(s) 'example_task_group_decorator' retrieved from /home/airflow/.local/lib/python3.8/site-packages/airflow/example_dags/example_task_group_decorator.py
[2024-04-05T05:56:04.622+0000] {logging_mixin.py:188} INFO - [2024-04-05T05:56:04.621+0000] {dag.py:3047} INFO - Sync 1 DAGs
[2024-04-05T05:56:04.673+0000] {logging_mixin.py:188} INFO - [2024-04-05T05:56:04.673+0000] {dag.py:3834} INFO - Setting next_dagrun for example_task_group_decorator to 2024-04-04 00:00:00+00:00, run_after=2024-04-05 00:00:00+00:00
[2024-04-05T05:56:04.725+0000] {processor.py:183} INFO - Processing /home/airflow/.local/lib/python3.8/site-packages/airflow/example_dags/example_task_group_decorator.py took 0.222 seconds
[2024-04-05T05:56:34.920+0000] {processor.py:161} INFO - Started process (PID=1803) to work on /home/airflow/.local/lib/python3.8/site-packages/airflow/example_dags/example_task_group_decorator.py
[2024-04-05T05:56:34.923+0000] {processor.py:830} INFO - Processing file /home/airflow/.local/lib/python3.8/site-packages/airflow/example_dags/example_task_group_decorator.py for tasks to queue
[2024-04-05T05:56:34.926+0000] {logging_mixin.py:188} INFO - [2024-04-05T05:56:34.925+0000] {dagbag.py:540} INFO - Filling up the DagBag from /home/airflow/.local/lib/python3.8/site-packages/airflow/example_dags/example_task_group_decorator.py
[2024-04-05T05:56:34.980+0000] {processor.py:840} INFO - DAG(s) 'example_task_group_decorator' retrieved from /home/airflow/.local/lib/python3.8/site-packages/airflow/example_dags/example_task_group_decorator.py
[2024-04-05T05:56:35.051+0000] {logging_mixin.py:188} INFO - [2024-04-05T05:56:35.050+0000] {dag.py:3047} INFO - Sync 1 DAGs
[2024-04-05T05:56:35.097+0000] {logging_mixin.py:188} INFO - [2024-04-05T05:56:35.096+0000] {dag.py:3834} INFO - Setting next_dagrun for example_task_group_decorator to 2024-04-04 00:00:00+00:00, run_after=2024-04-05 00:00:00+00:00
[2024-04-05T05:56:35.128+0000] {processor.py:183} INFO - Processing /home/airflow/.local/lib/python3.8/site-packages/airflow/example_dags/example_task_group_decorator.py took 0.219 seconds
[2024-04-05T05:57:05.570+0000] {processor.py:161} INFO - Started process (PID=1860) to work on /home/airflow/.local/lib/python3.8/site-packages/airflow/example_dags/example_task_group_decorator.py
[2024-04-05T05:57:05.572+0000] {processor.py:830} INFO - Processing file /home/airflow/.local/lib/python3.8/site-packages/airflow/example_dags/example_task_group_decorator.py for tasks to queue
[2024-04-05T05:57:05.575+0000] {logging_mixin.py:188} INFO - [2024-04-05T05:57:05.574+0000] {dagbag.py:540} INFO - Filling up the DagBag from /home/airflow/.local/lib/python3.8/site-packages/airflow/example_dags/example_task_group_decorator.py
[2024-04-05T05:57:05.610+0000] {processor.py:840} INFO - DAG(s) 'example_task_group_decorator' retrieved from /home/airflow/.local/lib/python3.8/site-packages/airflow/example_dags/example_task_group_decorator.py
[2024-04-05T05:57:05.664+0000] {logging_mixin.py:188} INFO - [2024-04-05T05:57:05.664+0000] {dag.py:3047} INFO - Sync 1 DAGs
[2024-04-05T05:57:05.724+0000] {logging_mixin.py:188} INFO - [2024-04-05T05:57:05.724+0000] {dag.py:3834} INFO - Setting next_dagrun for example_task_group_decorator to 2024-04-04 00:00:00+00:00, run_after=2024-04-05 00:00:00+00:00
[2024-04-05T05:57:05.774+0000] {processor.py:183} INFO - Processing /home/airflow/.local/lib/python3.8/site-packages/airflow/example_dags/example_task_group_decorator.py took 0.211 seconds
[2024-04-05T05:57:35.930+0000] {processor.py:161} INFO - Started process (PID=1917) to work on /home/airflow/.local/lib/python3.8/site-packages/airflow/example_dags/example_task_group_decorator.py
[2024-04-05T05:57:35.932+0000] {processor.py:830} INFO - Processing file /home/airflow/.local/lib/python3.8/site-packages/airflow/example_dags/example_task_group_decorator.py for tasks to queue
[2024-04-05T05:57:35.934+0000] {logging_mixin.py:188} INFO - [2024-04-05T05:57:35.934+0000] {dagbag.py:540} INFO - Filling up the DagBag from /home/airflow/.local/lib/python3.8/site-packages/airflow/example_dags/example_task_group_decorator.py
[2024-04-05T05:57:35.963+0000] {processor.py:840} INFO - DAG(s) 'example_task_group_decorator' retrieved from /home/airflow/.local/lib/python3.8/site-packages/airflow/example_dags/example_task_group_decorator.py
[2024-04-05T05:57:36.030+0000] {logging_mixin.py:188} INFO - [2024-04-05T05:57:36.030+0000] {dag.py:3047} INFO - Sync 1 DAGs
[2024-04-05T05:57:36.071+0000] {logging_mixin.py:188} INFO - [2024-04-05T05:57:36.071+0000] {dag.py:3834} INFO - Setting next_dagrun for example_task_group_decorator to 2024-04-04 00:00:00+00:00, run_after=2024-04-05 00:00:00+00:00
[2024-04-05T05:57:36.106+0000] {processor.py:183} INFO - Processing /home/airflow/.local/lib/python3.8/site-packages/airflow/example_dags/example_task_group_decorator.py took 0.180 seconds
[2024-04-05T05:58:06.845+0000] {processor.py:161} INFO - Started process (PID=1974) to work on /home/airflow/.local/lib/python3.8/site-packages/airflow/example_dags/example_task_group_decorator.py
[2024-04-05T05:58:06.847+0000] {processor.py:830} INFO - Processing file /home/airflow/.local/lib/python3.8/site-packages/airflow/example_dags/example_task_group_decorator.py for tasks to queue
[2024-04-05T05:58:06.848+0000] {logging_mixin.py:188} INFO - [2024-04-05T05:58:06.848+0000] {dagbag.py:540} INFO - Filling up the DagBag from /home/airflow/.local/lib/python3.8/site-packages/airflow/example_dags/example_task_group_decorator.py
[2024-04-05T05:58:06.875+0000] {processor.py:840} INFO - DAG(s) 'example_task_group_decorator' retrieved from /home/airflow/.local/lib/python3.8/site-packages/airflow/example_dags/example_task_group_decorator.py
[2024-04-05T05:58:06.915+0000] {logging_mixin.py:188} INFO - [2024-04-05T05:58:06.915+0000] {dag.py:3047} INFO - Sync 1 DAGs
[2024-04-05T05:58:06.949+0000] {logging_mixin.py:188} INFO - [2024-04-05T05:58:06.949+0000] {dag.py:3834} INFO - Setting next_dagrun for example_task_group_decorator to 2024-04-04 00:00:00+00:00, run_after=2024-04-05 00:00:00+00:00
[2024-04-05T05:58:06.984+0000] {processor.py:183} INFO - Processing /home/airflow/.local/lib/python3.8/site-packages/airflow/example_dags/example_task_group_decorator.py took 0.144 seconds
[2024-04-05T05:58:37.300+0000] {processor.py:161} INFO - Started process (PID=2031) to work on /home/airflow/.local/lib/python3.8/site-packages/airflow/example_dags/example_task_group_decorator.py
[2024-04-05T05:58:37.302+0000] {processor.py:830} INFO - Processing file /home/airflow/.local/lib/python3.8/site-packages/airflow/example_dags/example_task_group_decorator.py for tasks to queue
[2024-04-05T05:58:37.303+0000] {logging_mixin.py:188} INFO - [2024-04-05T05:58:37.303+0000] {dagbag.py:540} INFO - Filling up the DagBag from /home/airflow/.local/lib/python3.8/site-packages/airflow/example_dags/example_task_group_decorator.py
[2024-04-05T05:58:37.336+0000] {processor.py:840} INFO - DAG(s) 'example_task_group_decorator' retrieved from /home/airflow/.local/lib/python3.8/site-packages/airflow/example_dags/example_task_group_decorator.py
[2024-04-05T05:58:37.379+0000] {logging_mixin.py:188} INFO - [2024-04-05T05:58:37.379+0000] {dag.py:3047} INFO - Sync 1 DAGs
[2024-04-05T05:58:37.412+0000] {logging_mixin.py:188} INFO - [2024-04-05T05:58:37.412+0000] {dag.py:3834} INFO - Setting next_dagrun for example_task_group_decorator to 2024-04-04 00:00:00+00:00, run_after=2024-04-05 00:00:00+00:00
[2024-04-05T05:58:37.449+0000] {processor.py:183} INFO - Processing /home/airflow/.local/lib/python3.8/site-packages/airflow/example_dags/example_task_group_decorator.py took 0.155 seconds
[2024-04-05T05:59:07.625+0000] {processor.py:161} INFO - Started process (PID=2088) to work on /home/airflow/.local/lib/python3.8/site-packages/airflow/example_dags/example_task_group_decorator.py
[2024-04-05T05:59:07.626+0000] {processor.py:830} INFO - Processing file /home/airflow/.local/lib/python3.8/site-packages/airflow/example_dags/example_task_group_decorator.py for tasks to queue
[2024-04-05T05:59:07.628+0000] {logging_mixin.py:188} INFO - [2024-04-05T05:59:07.628+0000] {dagbag.py:540} INFO - Filling up the DagBag from /home/airflow/.local/lib/python3.8/site-packages/airflow/example_dags/example_task_group_decorator.py
[2024-04-05T05:59:07.652+0000] {processor.py:840} INFO - DAG(s) 'example_task_group_decorator' retrieved from /home/airflow/.local/lib/python3.8/site-packages/airflow/example_dags/example_task_group_decorator.py
[2024-04-05T05:59:07.696+0000] {logging_mixin.py:188} INFO - [2024-04-05T05:59:07.695+0000] {dag.py:3047} INFO - Sync 1 DAGs
[2024-04-05T05:59:07.734+0000] {logging_mixin.py:188} INFO - [2024-04-05T05:59:07.734+0000] {dag.py:3834} INFO - Setting next_dagrun for example_task_group_decorator to 2024-04-04 00:00:00+00:00, run_after=2024-04-05 00:00:00+00:00
[2024-04-05T05:59:07.766+0000] {processor.py:183} INFO - Processing /home/airflow/.local/lib/python3.8/site-packages/airflow/example_dags/example_task_group_decorator.py took 0.147 seconds
[2024-04-05T05:59:38.012+0000] {processor.py:161} INFO - Started process (PID=2145) to work on /home/airflow/.local/lib/python3.8/site-packages/airflow/example_dags/example_task_group_decorator.py
[2024-04-05T05:59:38.013+0000] {processor.py:830} INFO - Processing file /home/airflow/.local/lib/python3.8/site-packages/airflow/example_dags/example_task_group_decorator.py for tasks to queue
[2024-04-05T05:59:38.015+0000] {logging_mixin.py:188} INFO - [2024-04-05T05:59:38.015+0000] {dagbag.py:540} INFO - Filling up the DagBag from /home/airflow/.local/lib/python3.8/site-packages/airflow/example_dags/example_task_group_decorator.py
[2024-04-05T05:59:38.040+0000] {processor.py:840} INFO - DAG(s) 'example_task_group_decorator' retrieved from /home/airflow/.local/lib/python3.8/site-packages/airflow/example_dags/example_task_group_decorator.py
[2024-04-05T05:59:38.094+0000] {logging_mixin.py:188} INFO - [2024-04-05T05:59:38.093+0000] {dag.py:3047} INFO - Sync 1 DAGs
[2024-04-05T05:59:38.151+0000] {logging_mixin.py:188} INFO - [2024-04-05T05:59:38.150+0000] {dag.py:3834} INFO - Setting next_dagrun for example_task_group_decorator to 2024-04-04 00:00:00+00:00, run_after=2024-04-05 00:00:00+00:00
[2024-04-05T05:59:38.187+0000] {processor.py:183} INFO - Processing /home/airflow/.local/lib/python3.8/site-packages/airflow/example_dags/example_task_group_decorator.py took 0.181 seconds
[2024-04-05T06:00:08.333+0000] {processor.py:161} INFO - Started process (PID=2202) to work on /home/airflow/.local/lib/python3.8/site-packages/airflow/example_dags/example_task_group_decorator.py
[2024-04-05T06:00:08.335+0000] {processor.py:830} INFO - Processing file /home/airflow/.local/lib/python3.8/site-packages/airflow/example_dags/example_task_group_decorator.py for tasks to queue
[2024-04-05T06:00:08.337+0000] {logging_mixin.py:188} INFO - [2024-04-05T06:00:08.336+0000] {dagbag.py:540} INFO - Filling up the DagBag from /home/airflow/.local/lib/python3.8/site-packages/airflow/example_dags/example_task_group_decorator.py
[2024-04-05T06:00:08.365+0000] {processor.py:840} INFO - DAG(s) 'example_task_group_decorator' retrieved from /home/airflow/.local/lib/python3.8/site-packages/airflow/example_dags/example_task_group_decorator.py
[2024-04-05T06:00:08.407+0000] {logging_mixin.py:188} INFO - [2024-04-05T06:00:08.407+0000] {dag.py:3047} INFO - Sync 1 DAGs
[2024-04-05T06:00:08.450+0000] {logging_mixin.py:188} INFO - [2024-04-05T06:00:08.450+0000] {dag.py:3834} INFO - Setting next_dagrun for example_task_group_decorator to 2024-04-04 00:00:00+00:00, run_after=2024-04-05 00:00:00+00:00
[2024-04-05T06:00:08.485+0000] {processor.py:183} INFO - Processing /home/airflow/.local/lib/python3.8/site-packages/airflow/example_dags/example_task_group_decorator.py took 0.160 seconds
[2024-04-05T06:00:38.863+0000] {processor.py:161} INFO - Started process (PID=2259) to work on /home/airflow/.local/lib/python3.8/site-packages/airflow/example_dags/example_task_group_decorator.py
[2024-04-05T06:00:38.866+0000] {processor.py:830} INFO - Processing file /home/airflow/.local/lib/python3.8/site-packages/airflow/example_dags/example_task_group_decorator.py for tasks to queue
[2024-04-05T06:00:38.870+0000] {logging_mixin.py:188} INFO - [2024-04-05T06:00:38.869+0000] {dagbag.py:540} INFO - Filling up the DagBag from /home/airflow/.local/lib/python3.8/site-packages/airflow/example_dags/example_task_group_decorator.py
[2024-04-05T06:00:38.912+0000] {processor.py:840} INFO - DAG(s) 'example_task_group_decorator' retrieved from /home/airflow/.local/lib/python3.8/site-packages/airflow/example_dags/example_task_group_decorator.py
[2024-04-05T06:00:38.966+0000] {logging_mixin.py:188} INFO - [2024-04-05T06:00:38.965+0000] {dag.py:3047} INFO - Sync 1 DAGs
[2024-04-05T06:00:39.005+0000] {logging_mixin.py:188} INFO - [2024-04-05T06:00:39.004+0000] {dag.py:3834} INFO - Setting next_dagrun for example_task_group_decorator to 2024-04-04 00:00:00+00:00, run_after=2024-04-05 00:00:00+00:00
[2024-04-05T06:00:39.040+0000] {processor.py:183} INFO - Processing /home/airflow/.local/lib/python3.8/site-packages/airflow/example_dags/example_task_group_decorator.py took 0.183 seconds
[2024-04-05T06:01:09.622+0000] {processor.py:161} INFO - Started process (PID=2316) to work on /home/airflow/.local/lib/python3.8/site-packages/airflow/example_dags/example_task_group_decorator.py
[2024-04-05T06:01:09.624+0000] {processor.py:830} INFO - Processing file /home/airflow/.local/lib/python3.8/site-packages/airflow/example_dags/example_task_group_decorator.py for tasks to queue
[2024-04-05T06:01:09.627+0000] {logging_mixin.py:188} INFO - [2024-04-05T06:01:09.626+0000] {dagbag.py:540} INFO - Filling up the DagBag from /home/airflow/.local/lib/python3.8/site-packages/airflow/example_dags/example_task_group_decorator.py
[2024-04-05T06:01:09.672+0000] {processor.py:840} INFO - DAG(s) 'example_task_group_decorator' retrieved from /home/airflow/.local/lib/python3.8/site-packages/airflow/example_dags/example_task_group_decorator.py
[2024-04-05T06:01:09.752+0000] {logging_mixin.py:188} INFO - [2024-04-05T06:01:09.751+0000] {dag.py:3047} INFO - Sync 1 DAGs
[2024-04-05T06:01:09.825+0000] {logging_mixin.py:188} INFO - [2024-04-05T06:01:09.824+0000] {dag.py:3834} INFO - Setting next_dagrun for example_task_group_decorator to 2024-04-04 00:00:00+00:00, run_after=2024-04-05 00:00:00+00:00
[2024-04-05T06:01:09.870+0000] {processor.py:183} INFO - Processing /home/airflow/.local/lib/python3.8/site-packages/airflow/example_dags/example_task_group_decorator.py took 0.259 seconds
[2024-04-05T06:01:39.943+0000] {processor.py:161} INFO - Started process (PID=2373) to work on /home/airflow/.local/lib/python3.8/site-packages/airflow/example_dags/example_task_group_decorator.py
[2024-04-05T06:01:39.944+0000] {processor.py:830} INFO - Processing file /home/airflow/.local/lib/python3.8/site-packages/airflow/example_dags/example_task_group_decorator.py for tasks to queue
[2024-04-05T06:01:39.946+0000] {logging_mixin.py:188} INFO - [2024-04-05T06:01:39.946+0000] {dagbag.py:540} INFO - Filling up the DagBag from /home/airflow/.local/lib/python3.8/site-packages/airflow/example_dags/example_task_group_decorator.py
[2024-04-05T06:01:39.989+0000] {processor.py:840} INFO - DAG(s) 'example_task_group_decorator' retrieved from /home/airflow/.local/lib/python3.8/site-packages/airflow/example_dags/example_task_group_decorator.py
[2024-04-05T06:01:40.038+0000] {logging_mixin.py:188} INFO - [2024-04-05T06:01:40.037+0000] {dag.py:3047} INFO - Sync 1 DAGs
[2024-04-05T06:01:40.079+0000] {logging_mixin.py:188} INFO - [2024-04-05T06:01:40.079+0000] {dag.py:3834} INFO - Setting next_dagrun for example_task_group_decorator to 2024-04-04 00:00:00+00:00, run_after=2024-04-05 00:00:00+00:00
[2024-04-05T06:01:40.119+0000] {processor.py:183} INFO - Processing /home/airflow/.local/lib/python3.8/site-packages/airflow/example_dags/example_task_group_decorator.py took 0.182 seconds
[2024-04-05T06:02:10.677+0000] {processor.py:161} INFO - Started process (PID=2430) to work on /home/airflow/.local/lib/python3.8/site-packages/airflow/example_dags/example_task_group_decorator.py
[2024-04-05T06:02:10.679+0000] {processor.py:830} INFO - Processing file /home/airflow/.local/lib/python3.8/site-packages/airflow/example_dags/example_task_group_decorator.py for tasks to queue
[2024-04-05T06:02:10.681+0000] {logging_mixin.py:188} INFO - [2024-04-05T06:02:10.680+0000] {dagbag.py:540} INFO - Filling up the DagBag from /home/airflow/.local/lib/python3.8/site-packages/airflow/example_dags/example_task_group_decorator.py
[2024-04-05T06:02:10.705+0000] {processor.py:840} INFO - DAG(s) 'example_task_group_decorator' retrieved from /home/airflow/.local/lib/python3.8/site-packages/airflow/example_dags/example_task_group_decorator.py
[2024-04-05T06:02:10.747+0000] {logging_mixin.py:188} INFO - [2024-04-05T06:02:10.746+0000] {dag.py:3047} INFO - Sync 1 DAGs
[2024-04-05T06:02:10.785+0000] {logging_mixin.py:188} INFO - [2024-04-05T06:02:10.784+0000] {dag.py:3834} INFO - Setting next_dagrun for example_task_group_decorator to 2024-04-04 00:00:00+00:00, run_after=2024-04-05 00:00:00+00:00
[2024-04-05T06:02:10.822+0000] {processor.py:183} INFO - Processing /home/airflow/.local/lib/python3.8/site-packages/airflow/example_dags/example_task_group_decorator.py took 0.151 seconds
[2024-04-05T06:02:41.370+0000] {processor.py:161} INFO - Started process (PID=2487) to work on /home/airflow/.local/lib/python3.8/site-packages/airflow/example_dags/example_task_group_decorator.py
[2024-04-05T06:02:41.373+0000] {processor.py:830} INFO - Processing file /home/airflow/.local/lib/python3.8/site-packages/airflow/example_dags/example_task_group_decorator.py for tasks to queue
[2024-04-05T06:02:41.375+0000] {logging_mixin.py:188} INFO - [2024-04-05T06:02:41.374+0000] {dagbag.py:540} INFO - Filling up the DagBag from /home/airflow/.local/lib/python3.8/site-packages/airflow/example_dags/example_task_group_decorator.py
[2024-04-05T06:02:41.418+0000] {processor.py:840} INFO - DAG(s) 'example_task_group_decorator' retrieved from /home/airflow/.local/lib/python3.8/site-packages/airflow/example_dags/example_task_group_decorator.py
[2024-04-05T06:02:41.470+0000] {logging_mixin.py:188} INFO - [2024-04-05T06:02:41.470+0000] {dag.py:3047} INFO - Sync 1 DAGs
[2024-04-05T06:02:41.525+0000] {logging_mixin.py:188} INFO - [2024-04-05T06:02:41.525+0000] {dag.py:3834} INFO - Setting next_dagrun for example_task_group_decorator to 2024-04-04 00:00:00+00:00, run_after=2024-04-05 00:00:00+00:00
[2024-04-05T06:02:41.569+0000] {processor.py:183} INFO - Processing /home/airflow/.local/lib/python3.8/site-packages/airflow/example_dags/example_task_group_decorator.py took 0.206 seconds
[2024-04-05T06:03:12.194+0000] {processor.py:161} INFO - Started process (PID=2550) to work on /home/airflow/.local/lib/python3.8/site-packages/airflow/example_dags/example_task_group_decorator.py
[2024-04-05T06:03:12.206+0000] {processor.py:830} INFO - Processing file /home/airflow/.local/lib/python3.8/site-packages/airflow/example_dags/example_task_group_decorator.py for tasks to queue
[2024-04-05T06:03:12.209+0000] {logging_mixin.py:188} INFO - [2024-04-05T06:03:12.208+0000] {dagbag.py:540} INFO - Filling up the DagBag from /home/airflow/.local/lib/python3.8/site-packages/airflow/example_dags/example_task_group_decorator.py
[2024-04-05T06:03:12.295+0000] {processor.py:840} INFO - DAG(s) 'example_task_group_decorator' retrieved from /home/airflow/.local/lib/python3.8/site-packages/airflow/example_dags/example_task_group_decorator.py
[2024-04-05T06:03:12.416+0000] {logging_mixin.py:188} INFO - [2024-04-05T06:03:12.415+0000] {dag.py:3047} INFO - Sync 1 DAGs
[2024-04-05T06:03:12.490+0000] {logging_mixin.py:188} INFO - [2024-04-05T06:03:12.489+0000] {dag.py:3834} INFO - Setting next_dagrun for example_task_group_decorator to 2024-04-04 00:00:00+00:00, run_after=2024-04-05 00:00:00+00:00
[2024-04-05T06:03:12.558+0000] {processor.py:183} INFO - Processing /home/airflow/.local/lib/python3.8/site-packages/airflow/example_dags/example_task_group_decorator.py took 0.381 seconds
[2024-04-05T06:03:42.721+0000] {processor.py:161} INFO - Started process (PID=2607) to work on /home/airflow/.local/lib/python3.8/site-packages/airflow/example_dags/example_task_group_decorator.py
[2024-04-05T06:03:42.723+0000] {processor.py:830} INFO - Processing file /home/airflow/.local/lib/python3.8/site-packages/airflow/example_dags/example_task_group_decorator.py for tasks to queue
[2024-04-05T06:03:42.725+0000] {logging_mixin.py:188} INFO - [2024-04-05T06:03:42.725+0000] {dagbag.py:540} INFO - Filling up the DagBag from /home/airflow/.local/lib/python3.8/site-packages/airflow/example_dags/example_task_group_decorator.py
[2024-04-05T06:03:42.753+0000] {processor.py:840} INFO - DAG(s) 'example_task_group_decorator' retrieved from /home/airflow/.local/lib/python3.8/site-packages/airflow/example_dags/example_task_group_decorator.py
[2024-04-05T06:03:42.795+0000] {logging_mixin.py:188} INFO - [2024-04-05T06:03:42.794+0000] {dag.py:3047} INFO - Sync 1 DAGs
[2024-04-05T06:03:42.831+0000] {logging_mixin.py:188} INFO - [2024-04-05T06:03:42.830+0000] {dag.py:3834} INFO - Setting next_dagrun for example_task_group_decorator to 2024-04-04 00:00:00+00:00, run_after=2024-04-05 00:00:00+00:00
[2024-04-05T06:03:42.867+0000] {processor.py:183} INFO - Processing /home/airflow/.local/lib/python3.8/site-packages/airflow/example_dags/example_task_group_decorator.py took 0.149 seconds
[2024-04-05T06:04:13.009+0000] {processor.py:161} INFO - Started process (PID=2664) to work on /home/airflow/.local/lib/python3.8/site-packages/airflow/example_dags/example_task_group_decorator.py
[2024-04-05T06:04:13.022+0000] {processor.py:830} INFO - Processing file /home/airflow/.local/lib/python3.8/site-packages/airflow/example_dags/example_task_group_decorator.py for tasks to queue
[2024-04-05T06:04:13.025+0000] {logging_mixin.py:188} INFO - [2024-04-05T06:04:13.024+0000] {dagbag.py:540} INFO - Filling up the DagBag from /home/airflow/.local/lib/python3.8/site-packages/airflow/example_dags/example_task_group_decorator.py
[2024-04-05T06:04:13.064+0000] {processor.py:840} INFO - DAG(s) 'example_task_group_decorator' retrieved from /home/airflow/.local/lib/python3.8/site-packages/airflow/example_dags/example_task_group_decorator.py
[2024-04-05T06:04:13.117+0000] {logging_mixin.py:188} INFO - [2024-04-05T06:04:13.117+0000] {dag.py:3047} INFO - Sync 1 DAGs
[2024-04-05T06:04:13.168+0000] {logging_mixin.py:188} INFO - [2024-04-05T06:04:13.167+0000] {dag.py:3834} INFO - Setting next_dagrun for example_task_group_decorator to 2024-04-04 00:00:00+00:00, run_after=2024-04-05 00:00:00+00:00
[2024-04-05T06:04:13.210+0000] {processor.py:183} INFO - Processing /home/airflow/.local/lib/python3.8/site-packages/airflow/example_dags/example_task_group_decorator.py took 0.208 seconds
[2024-04-05T06:04:43.333+0000] {processor.py:161} INFO - Started process (PID=2721) to work on /home/airflow/.local/lib/python3.8/site-packages/airflow/example_dags/example_task_group_decorator.py
[2024-04-05T06:04:43.335+0000] {processor.py:830} INFO - Processing file /home/airflow/.local/lib/python3.8/site-packages/airflow/example_dags/example_task_group_decorator.py for tasks to queue
[2024-04-05T06:04:43.337+0000] {logging_mixin.py:188} INFO - [2024-04-05T06:04:43.337+0000] {dagbag.py:540} INFO - Filling up the DagBag from /home/airflow/.local/lib/python3.8/site-packages/airflow/example_dags/example_task_group_decorator.py
[2024-04-05T06:04:43.361+0000] {processor.py:840} INFO - DAG(s) 'example_task_group_decorator' retrieved from /home/airflow/.local/lib/python3.8/site-packages/airflow/example_dags/example_task_group_decorator.py
[2024-04-05T06:04:43.406+0000] {logging_mixin.py:188} INFO - [2024-04-05T06:04:43.405+0000] {dag.py:3047} INFO - Sync 1 DAGs
[2024-04-05T06:04:43.442+0000] {logging_mixin.py:188} INFO - [2024-04-05T06:04:43.442+0000] {dag.py:3834} INFO - Setting next_dagrun for example_task_group_decorator to 2024-04-04 00:00:00+00:00, run_after=2024-04-05 00:00:00+00:00
[2024-04-05T06:04:43.477+0000] {processor.py:183} INFO - Processing /home/airflow/.local/lib/python3.8/site-packages/airflow/example_dags/example_task_group_decorator.py took 0.149 seconds
[2024-04-05T06:05:13.602+0000] {processor.py:161} INFO - Started process (PID=2778) to work on /home/airflow/.local/lib/python3.8/site-packages/airflow/example_dags/example_task_group_decorator.py
[2024-04-05T06:05:13.604+0000] {processor.py:830} INFO - Processing file /home/airflow/.local/lib/python3.8/site-packages/airflow/example_dags/example_task_group_decorator.py for tasks to queue
[2024-04-05T06:05:13.607+0000] {logging_mixin.py:188} INFO - [2024-04-05T06:05:13.606+0000] {dagbag.py:540} INFO - Filling up the DagBag from /home/airflow/.local/lib/python3.8/site-packages/airflow/example_dags/example_task_group_decorator.py
[2024-04-05T06:05:13.638+0000] {processor.py:840} INFO - DAG(s) 'example_task_group_decorator' retrieved from /home/airflow/.local/lib/python3.8/site-packages/airflow/example_dags/example_task_group_decorator.py
[2024-04-05T06:05:13.693+0000] {logging_mixin.py:188} INFO - [2024-04-05T06:05:13.692+0000] {dag.py:3047} INFO - Sync 1 DAGs
[2024-04-05T06:05:13.732+0000] {logging_mixin.py:188} INFO - [2024-04-05T06:05:13.732+0000] {dag.py:3834} INFO - Setting next_dagrun for example_task_group_decorator to 2024-04-04 00:00:00+00:00, run_after=2024-04-05 00:00:00+00:00
[2024-04-05T06:05:13.766+0000] {processor.py:183} INFO - Processing /home/airflow/.local/lib/python3.8/site-packages/airflow/example_dags/example_task_group_decorator.py took 0.169 seconds
