[2024-04-05T05:40:47.764+0000] {processor.py:161} INFO - Started process (PID=74) to work on /home/airflow/.local/lib/python3.8/site-packages/airflow/example_dags/example_latest_only.py
[2024-04-05T05:40:47.776+0000] {processor.py:830} INFO - Processing file /home/airflow/.local/lib/python3.8/site-packages/airflow/example_dags/example_latest_only.py for tasks to queue
[2024-04-05T05:40:47.799+0000] {logging_mixin.py:188} INFO - [2024-04-05T05:40:47.799+0000] {dagbag.py:540} INFO - Filling up the DagBag from /home/airflow/.local/lib/python3.8/site-packages/airflow/example_dags/example_latest_only.py
[2024-04-05T05:40:47.831+0000] {processor.py:840} INFO - DAG(s) 'latest_only' retrieved from /home/airflow/.local/lib/python3.8/site-packages/airflow/example_dags/example_latest_only.py
[2024-04-05T05:40:47.956+0000] {logging_mixin.py:188} INFO - [2024-04-05T05:40:47.955+0000] {dag.py:3047} INFO - Sync 1 DAGs
[2024-04-05T05:40:48.407+0000] {logging_mixin.py:188} INFO - [2024-04-05T05:40:48.407+0000] {dag.py:3834} INFO - Setting next_dagrun for latest_only to 2024-04-05 00:00:00+00:00, run_after=2024-04-05 04:00:00+00:00
[2024-04-05T05:40:48.576+0000] {processor.py:183} INFO - Processing /home/airflow/.local/lib/python3.8/site-packages/airflow/example_dags/example_latest_only.py took 0.870 seconds
[2024-04-05T05:41:38.760+0000] {processor.py:161} INFO - Started process (PID=137) to work on /home/airflow/.local/lib/python3.8/site-packages/airflow/example_dags/example_latest_only.py
[2024-04-05T05:41:38.762+0000] {processor.py:830} INFO - Processing file /home/airflow/.local/lib/python3.8/site-packages/airflow/example_dags/example_latest_only.py for tasks to queue
[2024-04-05T05:41:38.765+0000] {logging_mixin.py:188} INFO - [2024-04-05T05:41:38.764+0000] {dagbag.py:540} INFO - Filling up the DagBag from /home/airflow/.local/lib/python3.8/site-packages/airflow/example_dags/example_latest_only.py
[2024-04-05T05:41:38.776+0000] {processor.py:840} INFO - DAG(s) 'latest_only' retrieved from /home/airflow/.local/lib/python3.8/site-packages/airflow/example_dags/example_latest_only.py
[2024-04-05T05:41:39.154+0000] {logging_mixin.py:188} INFO - [2024-04-05T05:41:39.154+0000] {dag.py:3047} INFO - Sync 1 DAGs
[2024-04-05T05:41:39.225+0000] {logging_mixin.py:188} INFO - [2024-04-05T05:41:39.225+0000] {dag.py:3834} INFO - Setting next_dagrun for latest_only to 2024-04-05 00:00:00+00:00, run_after=2024-04-05 04:00:00+00:00
[2024-04-05T05:41:39.311+0000] {processor.py:183} INFO - Processing /home/airflow/.local/lib/python3.8/site-packages/airflow/example_dags/example_latest_only.py took 0.560 seconds
[2024-04-05T05:42:10.180+0000] {processor.py:161} INFO - Started process (PID=194) to work on /home/airflow/.local/lib/python3.8/site-packages/airflow/example_dags/example_latest_only.py
[2024-04-05T05:42:10.182+0000] {processor.py:830} INFO - Processing file /home/airflow/.local/lib/python3.8/site-packages/airflow/example_dags/example_latest_only.py for tasks to queue
[2024-04-05T05:42:10.188+0000] {logging_mixin.py:188} INFO - [2024-04-05T05:42:10.187+0000] {dagbag.py:540} INFO - Filling up the DagBag from /home/airflow/.local/lib/python3.8/site-packages/airflow/example_dags/example_latest_only.py
[2024-04-05T05:42:10.200+0000] {processor.py:840} INFO - DAG(s) 'latest_only' retrieved from /home/airflow/.local/lib/python3.8/site-packages/airflow/example_dags/example_latest_only.py
[2024-04-05T05:42:10.250+0000] {logging_mixin.py:188} INFO - [2024-04-05T05:42:10.250+0000] {dag.py:3047} INFO - Sync 1 DAGs
[2024-04-05T05:42:10.305+0000] {logging_mixin.py:188} INFO - [2024-04-05T05:42:10.305+0000] {dag.py:3834} INFO - Setting next_dagrun for latest_only to 2024-04-05 00:00:00+00:00, run_after=2024-04-05 04:00:00+00:00
[2024-04-05T05:42:10.352+0000] {processor.py:183} INFO - Processing /home/airflow/.local/lib/python3.8/site-packages/airflow/example_dags/example_latest_only.py took 0.181 seconds
[2024-04-05T05:42:40.560+0000] {processor.py:161} INFO - Started process (PID=251) to work on /home/airflow/.local/lib/python3.8/site-packages/airflow/example_dags/example_latest_only.py
[2024-04-05T05:42:40.562+0000] {processor.py:830} INFO - Processing file /home/airflow/.local/lib/python3.8/site-packages/airflow/example_dags/example_latest_only.py for tasks to queue
[2024-04-05T05:42:40.567+0000] {logging_mixin.py:188} INFO - [2024-04-05T05:42:40.566+0000] {dagbag.py:540} INFO - Filling up the DagBag from /home/airflow/.local/lib/python3.8/site-packages/airflow/example_dags/example_latest_only.py
[2024-04-05T05:42:40.580+0000] {processor.py:840} INFO - DAG(s) 'latest_only' retrieved from /home/airflow/.local/lib/python3.8/site-packages/airflow/example_dags/example_latest_only.py
[2024-04-05T05:42:40.626+0000] {logging_mixin.py:188} INFO - [2024-04-05T05:42:40.626+0000] {dag.py:3047} INFO - Sync 1 DAGs
[2024-04-05T05:42:40.681+0000] {logging_mixin.py:188} INFO - [2024-04-05T05:42:40.680+0000] {dag.py:3834} INFO - Setting next_dagrun for latest_only to 2024-04-05 00:00:00+00:00, run_after=2024-04-05 04:00:00+00:00
[2024-04-05T05:42:40.721+0000] {processor.py:183} INFO - Processing /home/airflow/.local/lib/python3.8/site-packages/airflow/example_dags/example_latest_only.py took 0.168 seconds
[2024-04-05T05:43:11.219+0000] {processor.py:161} INFO - Started process (PID=311) to work on /home/airflow/.local/lib/python3.8/site-packages/airflow/example_dags/example_latest_only.py
[2024-04-05T05:43:11.221+0000] {processor.py:830} INFO - Processing file /home/airflow/.local/lib/python3.8/site-packages/airflow/example_dags/example_latest_only.py for tasks to queue
[2024-04-05T05:43:11.225+0000] {logging_mixin.py:188} INFO - [2024-04-05T05:43:11.224+0000] {dagbag.py:540} INFO - Filling up the DagBag from /home/airflow/.local/lib/python3.8/site-packages/airflow/example_dags/example_latest_only.py
[2024-04-05T05:43:11.234+0000] {processor.py:840} INFO - DAG(s) 'latest_only' retrieved from /home/airflow/.local/lib/python3.8/site-packages/airflow/example_dags/example_latest_only.py
[2024-04-05T05:43:11.276+0000] {logging_mixin.py:188} INFO - [2024-04-05T05:43:11.275+0000] {dag.py:3047} INFO - Sync 1 DAGs
[2024-04-05T05:43:11.328+0000] {logging_mixin.py:188} INFO - [2024-04-05T05:43:11.328+0000] {dag.py:3834} INFO - Setting next_dagrun for latest_only to 2024-04-05 00:00:00+00:00, run_after=2024-04-05 04:00:00+00:00
[2024-04-05T05:43:11.378+0000] {processor.py:183} INFO - Processing /home/airflow/.local/lib/python3.8/site-packages/airflow/example_dags/example_latest_only.py took 0.166 seconds
[2024-04-05T05:43:42.205+0000] {processor.py:161} INFO - Started process (PID=368) to work on /home/airflow/.local/lib/python3.8/site-packages/airflow/example_dags/example_latest_only.py
[2024-04-05T05:43:42.207+0000] {processor.py:830} INFO - Processing file /home/airflow/.local/lib/python3.8/site-packages/airflow/example_dags/example_latest_only.py for tasks to queue
[2024-04-05T05:43:42.210+0000] {logging_mixin.py:188} INFO - [2024-04-05T05:43:42.210+0000] {dagbag.py:540} INFO - Filling up the DagBag from /home/airflow/.local/lib/python3.8/site-packages/airflow/example_dags/example_latest_only.py
[2024-04-05T05:43:42.220+0000] {processor.py:840} INFO - DAG(s) 'latest_only' retrieved from /home/airflow/.local/lib/python3.8/site-packages/airflow/example_dags/example_latest_only.py
[2024-04-05T05:43:42.257+0000] {logging_mixin.py:188} INFO - [2024-04-05T05:43:42.257+0000] {dag.py:3047} INFO - Sync 1 DAGs
[2024-04-05T05:43:42.305+0000] {logging_mixin.py:188} INFO - [2024-04-05T05:43:42.305+0000] {dag.py:3834} INFO - Setting next_dagrun for latest_only to 2024-04-05 00:00:00+00:00, run_after=2024-04-05 04:00:00+00:00
[2024-04-05T05:43:42.342+0000] {processor.py:183} INFO - Processing /home/airflow/.local/lib/python3.8/site-packages/airflow/example_dags/example_latest_only.py took 0.144 seconds
[2024-04-05T05:44:13.723+0000] {processor.py:161} INFO - Started process (PID=426) to work on /home/airflow/.local/lib/python3.8/site-packages/airflow/example_dags/example_latest_only.py
[2024-04-05T05:44:13.726+0000] {processor.py:830} INFO - Processing file /home/airflow/.local/lib/python3.8/site-packages/airflow/example_dags/example_latest_only.py for tasks to queue
[2024-04-05T05:44:13.731+0000] {logging_mixin.py:188} INFO - [2024-04-05T05:44:13.730+0000] {dagbag.py:540} INFO - Filling up the DagBag from /home/airflow/.local/lib/python3.8/site-packages/airflow/example_dags/example_latest_only.py
[2024-04-05T05:44:13.749+0000] {processor.py:840} INFO - DAG(s) 'latest_only' retrieved from /home/airflow/.local/lib/python3.8/site-packages/airflow/example_dags/example_latest_only.py
[2024-04-05T05:44:13.804+0000] {logging_mixin.py:188} INFO - [2024-04-05T05:44:13.803+0000] {dag.py:3047} INFO - Sync 1 DAGs
[2024-04-05T05:44:13.854+0000] {logging_mixin.py:188} INFO - [2024-04-05T05:44:13.854+0000] {dag.py:3834} INFO - Setting next_dagrun for latest_only to 2024-04-05 00:00:00+00:00, run_after=2024-04-05 04:00:00+00:00
[2024-04-05T05:44:13.902+0000] {processor.py:183} INFO - Processing /home/airflow/.local/lib/python3.8/site-packages/airflow/example_dags/example_latest_only.py took 0.195 seconds
[2024-04-05T05:44:44.538+0000] {processor.py:161} INFO - Started process (PID=483) to work on /home/airflow/.local/lib/python3.8/site-packages/airflow/example_dags/example_latest_only.py
[2024-04-05T05:44:44.540+0000] {processor.py:830} INFO - Processing file /home/airflow/.local/lib/python3.8/site-packages/airflow/example_dags/example_latest_only.py for tasks to queue
[2024-04-05T05:44:44.543+0000] {logging_mixin.py:188} INFO - [2024-04-05T05:44:44.542+0000] {dagbag.py:540} INFO - Filling up the DagBag from /home/airflow/.local/lib/python3.8/site-packages/airflow/example_dags/example_latest_only.py
[2024-04-05T05:44:44.554+0000] {processor.py:840} INFO - DAG(s) 'latest_only' retrieved from /home/airflow/.local/lib/python3.8/site-packages/airflow/example_dags/example_latest_only.py
[2024-04-05T05:44:44.594+0000] {logging_mixin.py:188} INFO - [2024-04-05T05:44:44.594+0000] {dag.py:3047} INFO - Sync 1 DAGs
[2024-04-05T05:44:44.644+0000] {logging_mixin.py:188} INFO - [2024-04-05T05:44:44.643+0000] {dag.py:3834} INFO - Setting next_dagrun for latest_only to 2024-04-05 00:00:00+00:00, run_after=2024-04-05 04:00:00+00:00
[2024-04-05T05:44:44.718+0000] {processor.py:183} INFO - Processing /home/airflow/.local/lib/python3.8/site-packages/airflow/example_dags/example_latest_only.py took 0.186 seconds
[2024-04-05T05:45:17.150+0000] {processor.py:161} INFO - Started process (PID=540) to work on /home/airflow/.local/lib/python3.8/site-packages/airflow/example_dags/example_latest_only.py
[2024-04-05T05:45:17.161+0000] {processor.py:830} INFO - Processing file /home/airflow/.local/lib/python3.8/site-packages/airflow/example_dags/example_latest_only.py for tasks to queue
[2024-04-05T05:45:17.165+0000] {logging_mixin.py:188} INFO - [2024-04-05T05:45:17.164+0000] {dagbag.py:540} INFO - Filling up the DagBag from /home/airflow/.local/lib/python3.8/site-packages/airflow/example_dags/example_latest_only.py
[2024-04-05T05:45:17.213+0000] {processor.py:840} INFO - DAG(s) 'latest_only' retrieved from /home/airflow/.local/lib/python3.8/site-packages/airflow/example_dags/example_latest_only.py
[2024-04-05T05:45:17.406+0000] {logging_mixin.py:188} INFO - [2024-04-05T05:45:17.405+0000] {dag.py:3047} INFO - Sync 1 DAGs
[2024-04-05T05:45:17.567+0000] {logging_mixin.py:188} INFO - [2024-04-05T05:45:17.567+0000] {dag.py:3834} INFO - Setting next_dagrun for latest_only to 2024-04-05 00:00:00+00:00, run_after=2024-04-05 04:00:00+00:00
[2024-04-05T05:45:17.722+0000] {processor.py:183} INFO - Processing /home/airflow/.local/lib/python3.8/site-packages/airflow/example_dags/example_latest_only.py took 0.596 seconds
[2024-04-05T05:45:48.334+0000] {processor.py:161} INFO - Started process (PID=597) to work on /home/airflow/.local/lib/python3.8/site-packages/airflow/example_dags/example_latest_only.py
[2024-04-05T05:45:48.336+0000] {processor.py:830} INFO - Processing file /home/airflow/.local/lib/python3.8/site-packages/airflow/example_dags/example_latest_only.py for tasks to queue
[2024-04-05T05:45:48.339+0000] {logging_mixin.py:188} INFO - [2024-04-05T05:45:48.338+0000] {dagbag.py:540} INFO - Filling up the DagBag from /home/airflow/.local/lib/python3.8/site-packages/airflow/example_dags/example_latest_only.py
[2024-04-05T05:45:48.356+0000] {processor.py:840} INFO - DAG(s) 'latest_only' retrieved from /home/airflow/.local/lib/python3.8/site-packages/airflow/example_dags/example_latest_only.py
[2024-04-05T05:45:48.400+0000] {logging_mixin.py:188} INFO - [2024-04-05T05:45:48.400+0000] {dag.py:3047} INFO - Sync 1 DAGs
[2024-04-05T05:45:48.446+0000] {logging_mixin.py:188} INFO - [2024-04-05T05:45:48.446+0000] {dag.py:3834} INFO - Setting next_dagrun for latest_only to 2024-04-05 00:00:00+00:00, run_after=2024-04-05 04:00:00+00:00
[2024-04-05T05:45:48.483+0000] {processor.py:183} INFO - Processing /home/airflow/.local/lib/python3.8/site-packages/airflow/example_dags/example_latest_only.py took 0.160 seconds
[2024-04-05T05:46:18.637+0000] {processor.py:161} INFO - Started process (PID=653) to work on /home/airflow/.local/lib/python3.8/site-packages/airflow/example_dags/example_latest_only.py
[2024-04-05T05:46:18.639+0000] {processor.py:830} INFO - Processing file /home/airflow/.local/lib/python3.8/site-packages/airflow/example_dags/example_latest_only.py for tasks to queue
[2024-04-05T05:46:18.642+0000] {logging_mixin.py:188} INFO - [2024-04-05T05:46:18.641+0000] {dagbag.py:540} INFO - Filling up the DagBag from /home/airflow/.local/lib/python3.8/site-packages/airflow/example_dags/example_latest_only.py
[2024-04-05T05:46:18.661+0000] {processor.py:840} INFO - DAG(s) 'latest_only' retrieved from /home/airflow/.local/lib/python3.8/site-packages/airflow/example_dags/example_latest_only.py
[2024-04-05T05:46:18.700+0000] {logging_mixin.py:188} INFO - [2024-04-05T05:46:18.699+0000] {dag.py:3047} INFO - Sync 1 DAGs
[2024-04-05T05:46:18.746+0000] {logging_mixin.py:188} INFO - [2024-04-05T05:46:18.745+0000] {dag.py:3834} INFO - Setting next_dagrun for latest_only to 2024-04-05 00:00:00+00:00, run_after=2024-04-05 04:00:00+00:00
[2024-04-05T05:46:18.783+0000] {processor.py:183} INFO - Processing /home/airflow/.local/lib/python3.8/site-packages/airflow/example_dags/example_latest_only.py took 0.153 seconds
[2024-04-05T05:46:49.211+0000] {processor.py:161} INFO - Started process (PID=710) to work on /home/airflow/.local/lib/python3.8/site-packages/airflow/example_dags/example_latest_only.py
[2024-04-05T05:46:49.213+0000] {processor.py:830} INFO - Processing file /home/airflow/.local/lib/python3.8/site-packages/airflow/example_dags/example_latest_only.py for tasks to queue
[2024-04-05T05:46:49.215+0000] {logging_mixin.py:188} INFO - [2024-04-05T05:46:49.214+0000] {dagbag.py:540} INFO - Filling up the DagBag from /home/airflow/.local/lib/python3.8/site-packages/airflow/example_dags/example_latest_only.py
[2024-04-05T05:46:49.226+0000] {processor.py:840} INFO - DAG(s) 'latest_only' retrieved from /home/airflow/.local/lib/python3.8/site-packages/airflow/example_dags/example_latest_only.py
[2024-04-05T05:46:49.266+0000] {logging_mixin.py:188} INFO - [2024-04-05T05:46:49.265+0000] {dag.py:3047} INFO - Sync 1 DAGs
[2024-04-05T05:46:49.323+0000] {logging_mixin.py:188} INFO - [2024-04-05T05:46:49.322+0000] {dag.py:3834} INFO - Setting next_dagrun for latest_only to 2024-04-05 00:00:00+00:00, run_after=2024-04-05 04:00:00+00:00
[2024-04-05T05:46:49.366+0000] {processor.py:183} INFO - Processing /home/airflow/.local/lib/python3.8/site-packages/airflow/example_dags/example_latest_only.py took 0.163 seconds
[2024-04-05T05:47:19.784+0000] {processor.py:161} INFO - Started process (PID=772) to work on /home/airflow/.local/lib/python3.8/site-packages/airflow/example_dags/example_latest_only.py
[2024-04-05T05:47:19.788+0000] {processor.py:830} INFO - Processing file /home/airflow/.local/lib/python3.8/site-packages/airflow/example_dags/example_latest_only.py for tasks to queue
[2024-04-05T05:47:19.790+0000] {logging_mixin.py:188} INFO - [2024-04-05T05:47:19.789+0000] {dagbag.py:540} INFO - Filling up the DagBag from /home/airflow/.local/lib/python3.8/site-packages/airflow/example_dags/example_latest_only.py
[2024-04-05T05:47:19.808+0000] {processor.py:840} INFO - DAG(s) 'latest_only' retrieved from /home/airflow/.local/lib/python3.8/site-packages/airflow/example_dags/example_latest_only.py
[2024-04-05T05:47:19.868+0000] {logging_mixin.py:188} INFO - [2024-04-05T05:47:19.867+0000] {dag.py:3047} INFO - Sync 1 DAGs
[2024-04-05T05:47:19.918+0000] {logging_mixin.py:188} INFO - [2024-04-05T05:47:19.918+0000] {dag.py:3834} INFO - Setting next_dagrun for latest_only to 2024-04-05 00:00:00+00:00, run_after=2024-04-05 04:00:00+00:00
[2024-04-05T05:47:19.956+0000] {processor.py:183} INFO - Processing /home/airflow/.local/lib/python3.8/site-packages/airflow/example_dags/example_latest_only.py took 0.183 seconds
[2024-04-05T05:47:50.546+0000] {processor.py:161} INFO - Started process (PID=830) to work on /home/airflow/.local/lib/python3.8/site-packages/airflow/example_dags/example_latest_only.py
[2024-04-05T05:47:50.549+0000] {processor.py:830} INFO - Processing file /home/airflow/.local/lib/python3.8/site-packages/airflow/example_dags/example_latest_only.py for tasks to queue
[2024-04-05T05:47:50.553+0000] {logging_mixin.py:188} INFO - [2024-04-05T05:47:50.551+0000] {dagbag.py:540} INFO - Filling up the DagBag from /home/airflow/.local/lib/python3.8/site-packages/airflow/example_dags/example_latest_only.py
[2024-04-05T05:47:50.588+0000] {processor.py:840} INFO - DAG(s) 'latest_only' retrieved from /home/airflow/.local/lib/python3.8/site-packages/airflow/example_dags/example_latest_only.py
[2024-04-05T05:47:50.648+0000] {logging_mixin.py:188} INFO - [2024-04-05T05:47:50.648+0000] {dag.py:3047} INFO - Sync 1 DAGs
[2024-04-05T05:47:50.724+0000] {logging_mixin.py:188} INFO - [2024-04-05T05:47:50.723+0000] {dag.py:3834} INFO - Setting next_dagrun for latest_only to 2024-04-05 00:00:00+00:00, run_after=2024-04-05 04:00:00+00:00
[2024-04-05T05:47:50.779+0000] {processor.py:183} INFO - Processing /home/airflow/.local/lib/python3.8/site-packages/airflow/example_dags/example_latest_only.py took 0.251 seconds
[2024-04-05T05:48:20.858+0000] {processor.py:161} INFO - Started process (PID=887) to work on /home/airflow/.local/lib/python3.8/site-packages/airflow/example_dags/example_latest_only.py
[2024-04-05T05:48:20.861+0000] {processor.py:830} INFO - Processing file /home/airflow/.local/lib/python3.8/site-packages/airflow/example_dags/example_latest_only.py for tasks to queue
[2024-04-05T05:48:20.864+0000] {logging_mixin.py:188} INFO - [2024-04-05T05:48:20.863+0000] {dagbag.py:540} INFO - Filling up the DagBag from /home/airflow/.local/lib/python3.8/site-packages/airflow/example_dags/example_latest_only.py
[2024-04-05T05:48:20.897+0000] {processor.py:840} INFO - DAG(s) 'latest_only' retrieved from /home/airflow/.local/lib/python3.8/site-packages/airflow/example_dags/example_latest_only.py
[2024-04-05T05:48:20.989+0000] {logging_mixin.py:188} INFO - [2024-04-05T05:48:20.988+0000] {dag.py:3047} INFO - Sync 1 DAGs
[2024-04-05T05:48:21.060+0000] {logging_mixin.py:188} INFO - [2024-04-05T05:48:21.060+0000] {dag.py:3834} INFO - Setting next_dagrun for latest_only to 2024-04-05 00:00:00+00:00, run_after=2024-04-05 04:00:00+00:00
[2024-04-05T05:48:21.124+0000] {processor.py:183} INFO - Processing /home/airflow/.local/lib/python3.8/site-packages/airflow/example_dags/example_latest_only.py took 0.275 seconds
[2024-04-05T05:48:51.584+0000] {processor.py:161} INFO - Started process (PID=944) to work on /home/airflow/.local/lib/python3.8/site-packages/airflow/example_dags/example_latest_only.py
[2024-04-05T05:48:51.586+0000] {processor.py:830} INFO - Processing file /home/airflow/.local/lib/python3.8/site-packages/airflow/example_dags/example_latest_only.py for tasks to queue
[2024-04-05T05:48:51.588+0000] {logging_mixin.py:188} INFO - [2024-04-05T05:48:51.588+0000] {dagbag.py:540} INFO - Filling up the DagBag from /home/airflow/.local/lib/python3.8/site-packages/airflow/example_dags/example_latest_only.py
[2024-04-05T05:48:51.599+0000] {processor.py:840} INFO - DAG(s) 'latest_only' retrieved from /home/airflow/.local/lib/python3.8/site-packages/airflow/example_dags/example_latest_only.py
[2024-04-05T05:48:51.639+0000] {logging_mixin.py:188} INFO - [2024-04-05T05:48:51.638+0000] {dag.py:3047} INFO - Sync 1 DAGs
[2024-04-05T05:48:51.676+0000] {logging_mixin.py:188} INFO - [2024-04-05T05:48:51.676+0000] {dag.py:3834} INFO - Setting next_dagrun for latest_only to 2024-04-05 00:00:00+00:00, run_after=2024-04-05 04:00:00+00:00
[2024-04-05T05:48:51.709+0000] {processor.py:183} INFO - Processing /home/airflow/.local/lib/python3.8/site-packages/airflow/example_dags/example_latest_only.py took 0.134 seconds
[2024-04-05T05:49:22.226+0000] {processor.py:161} INFO - Started process (PID=1001) to work on /home/airflow/.local/lib/python3.8/site-packages/airflow/example_dags/example_latest_only.py
[2024-04-05T05:49:22.228+0000] {processor.py:830} INFO - Processing file /home/airflow/.local/lib/python3.8/site-packages/airflow/example_dags/example_latest_only.py for tasks to queue
[2024-04-05T05:49:22.230+0000] {logging_mixin.py:188} INFO - [2024-04-05T05:49:22.229+0000] {dagbag.py:540} INFO - Filling up the DagBag from /home/airflow/.local/lib/python3.8/site-packages/airflow/example_dags/example_latest_only.py
[2024-04-05T05:49:22.245+0000] {processor.py:840} INFO - DAG(s) 'latest_only' retrieved from /home/airflow/.local/lib/python3.8/site-packages/airflow/example_dags/example_latest_only.py
[2024-04-05T05:49:22.282+0000] {logging_mixin.py:188} INFO - [2024-04-05T05:49:22.282+0000] {dag.py:3047} INFO - Sync 1 DAGs
[2024-04-05T05:49:22.323+0000] {logging_mixin.py:188} INFO - [2024-04-05T05:49:22.323+0000] {dag.py:3834} INFO - Setting next_dagrun for latest_only to 2024-04-05 00:00:00+00:00, run_after=2024-04-05 04:00:00+00:00
[2024-04-05T05:49:22.360+0000] {processor.py:183} INFO - Processing /home/airflow/.local/lib/python3.8/site-packages/airflow/example_dags/example_latest_only.py took 0.139 seconds
[2024-04-05T05:49:52.927+0000] {processor.py:161} INFO - Started process (PID=1058) to work on /home/airflow/.local/lib/python3.8/site-packages/airflow/example_dags/example_latest_only.py
[2024-04-05T05:49:52.930+0000] {processor.py:830} INFO - Processing file /home/airflow/.local/lib/python3.8/site-packages/airflow/example_dags/example_latest_only.py for tasks to queue
[2024-04-05T05:49:52.934+0000] {logging_mixin.py:188} INFO - [2024-04-05T05:49:52.932+0000] {dagbag.py:540} INFO - Filling up the DagBag from /home/airflow/.local/lib/python3.8/site-packages/airflow/example_dags/example_latest_only.py
[2024-04-05T05:49:52.947+0000] {processor.py:840} INFO - DAG(s) 'latest_only' retrieved from /home/airflow/.local/lib/python3.8/site-packages/airflow/example_dags/example_latest_only.py
[2024-04-05T05:49:52.990+0000] {logging_mixin.py:188} INFO - [2024-04-05T05:49:52.989+0000] {dag.py:3047} INFO - Sync 1 DAGs
[2024-04-05T05:49:53.042+0000] {logging_mixin.py:188} INFO - [2024-04-05T05:49:53.041+0000] {dag.py:3834} INFO - Setting next_dagrun for latest_only to 2024-04-05 00:00:00+00:00, run_after=2024-04-05 04:00:00+00:00
[2024-04-05T05:49:53.112+0000] {processor.py:183} INFO - Processing /home/airflow/.local/lib/python3.8/site-packages/airflow/example_dags/example_latest_only.py took 0.193 seconds
[2024-04-05T05:50:23.392+0000] {processor.py:161} INFO - Started process (PID=1115) to work on /home/airflow/.local/lib/python3.8/site-packages/airflow/example_dags/example_latest_only.py
[2024-04-05T05:50:23.394+0000] {processor.py:830} INFO - Processing file /home/airflow/.local/lib/python3.8/site-packages/airflow/example_dags/example_latest_only.py for tasks to queue
[2024-04-05T05:50:23.396+0000] {logging_mixin.py:188} INFO - [2024-04-05T05:50:23.395+0000] {dagbag.py:540} INFO - Filling up the DagBag from /home/airflow/.local/lib/python3.8/site-packages/airflow/example_dags/example_latest_only.py
[2024-04-05T05:50:23.405+0000] {processor.py:840} INFO - DAG(s) 'latest_only' retrieved from /home/airflow/.local/lib/python3.8/site-packages/airflow/example_dags/example_latest_only.py
[2024-04-05T05:50:23.439+0000] {logging_mixin.py:188} INFO - [2024-04-05T05:50:23.438+0000] {dag.py:3047} INFO - Sync 1 DAGs
[2024-04-05T05:50:23.476+0000] {logging_mixin.py:188} INFO - [2024-04-05T05:50:23.475+0000] {dag.py:3834} INFO - Setting next_dagrun for latest_only to 2024-04-05 00:00:00+00:00, run_after=2024-04-05 04:00:00+00:00
[2024-04-05T05:50:23.511+0000] {processor.py:183} INFO - Processing /home/airflow/.local/lib/python3.8/site-packages/airflow/example_dags/example_latest_only.py took 0.128 seconds
[2024-04-05T05:50:53.953+0000] {processor.py:161} INFO - Started process (PID=1172) to work on /home/airflow/.local/lib/python3.8/site-packages/airflow/example_dags/example_latest_only.py
[2024-04-05T05:50:53.959+0000] {processor.py:830} INFO - Processing file /home/airflow/.local/lib/python3.8/site-packages/airflow/example_dags/example_latest_only.py for tasks to queue
[2024-04-05T05:50:53.964+0000] {logging_mixin.py:188} INFO - [2024-04-05T05:50:53.963+0000] {dagbag.py:540} INFO - Filling up the DagBag from /home/airflow/.local/lib/python3.8/site-packages/airflow/example_dags/example_latest_only.py
[2024-04-05T05:50:54.040+0000] {processor.py:840} INFO - DAG(s) 'latest_only' retrieved from /home/airflow/.local/lib/python3.8/site-packages/airflow/example_dags/example_latest_only.py
[2024-04-05T05:50:54.140+0000] {logging_mixin.py:188} INFO - [2024-04-05T05:50:54.139+0000] {dag.py:3047} INFO - Sync 1 DAGs
[2024-04-05T05:50:54.203+0000] {logging_mixin.py:188} INFO - [2024-04-05T05:50:54.202+0000] {dag.py:3834} INFO - Setting next_dagrun for latest_only to 2024-04-05 00:00:00+00:00, run_after=2024-04-05 04:00:00+00:00
[2024-04-05T05:50:54.241+0000] {processor.py:183} INFO - Processing /home/airflow/.local/lib/python3.8/site-packages/airflow/example_dags/example_latest_only.py took 0.295 seconds
[2024-04-05T05:51:24.613+0000] {processor.py:161} INFO - Started process (PID=1229) to work on /home/airflow/.local/lib/python3.8/site-packages/airflow/example_dags/example_latest_only.py
[2024-04-05T05:51:24.615+0000] {processor.py:830} INFO - Processing file /home/airflow/.local/lib/python3.8/site-packages/airflow/example_dags/example_latest_only.py for tasks to queue
[2024-04-05T05:51:24.618+0000] {logging_mixin.py:188} INFO - [2024-04-05T05:51:24.617+0000] {dagbag.py:540} INFO - Filling up the DagBag from /home/airflow/.local/lib/python3.8/site-packages/airflow/example_dags/example_latest_only.py
[2024-04-05T05:51:24.653+0000] {processor.py:840} INFO - DAG(s) 'latest_only' retrieved from /home/airflow/.local/lib/python3.8/site-packages/airflow/example_dags/example_latest_only.py
[2024-04-05T05:51:24.750+0000] {logging_mixin.py:188} INFO - [2024-04-05T05:51:24.749+0000] {dag.py:3047} INFO - Sync 1 DAGs
[2024-04-05T05:51:24.892+0000] {logging_mixin.py:188} INFO - [2024-04-05T05:51:24.891+0000] {dag.py:3834} INFO - Setting next_dagrun for latest_only to 2024-04-05 00:00:00+00:00, run_after=2024-04-05 04:00:00+00:00
[2024-04-05T05:51:24.933+0000] {processor.py:183} INFO - Processing /home/airflow/.local/lib/python3.8/site-packages/airflow/example_dags/example_latest_only.py took 0.329 seconds
[2024-04-05T05:51:55.789+0000] {processor.py:161} INFO - Started process (PID=1286) to work on /home/airflow/.local/lib/python3.8/site-packages/airflow/example_dags/example_latest_only.py
[2024-04-05T05:51:55.791+0000] {processor.py:830} INFO - Processing file /home/airflow/.local/lib/python3.8/site-packages/airflow/example_dags/example_latest_only.py for tasks to queue
[2024-04-05T05:51:55.793+0000] {logging_mixin.py:188} INFO - [2024-04-05T05:51:55.793+0000] {dagbag.py:540} INFO - Filling up the DagBag from /home/airflow/.local/lib/python3.8/site-packages/airflow/example_dags/example_latest_only.py
[2024-04-05T05:51:55.806+0000] {processor.py:840} INFO - DAG(s) 'latest_only' retrieved from /home/airflow/.local/lib/python3.8/site-packages/airflow/example_dags/example_latest_only.py
[2024-04-05T05:51:55.849+0000] {logging_mixin.py:188} INFO - [2024-04-05T05:51:55.848+0000] {dag.py:3047} INFO - Sync 1 DAGs
[2024-04-05T05:51:55.904+0000] {logging_mixin.py:188} INFO - [2024-04-05T05:51:55.903+0000] {dag.py:3834} INFO - Setting next_dagrun for latest_only to 2024-04-05 00:00:00+00:00, run_after=2024-04-05 04:00:00+00:00
[2024-04-05T05:51:55.952+0000] {processor.py:183} INFO - Processing /home/airflow/.local/lib/python3.8/site-packages/airflow/example_dags/example_latest_only.py took 0.170 seconds
[2024-04-05T05:52:26.249+0000] {processor.py:161} INFO - Started process (PID=1342) to work on /home/airflow/.local/lib/python3.8/site-packages/airflow/example_dags/example_latest_only.py
[2024-04-05T05:52:26.252+0000] {processor.py:830} INFO - Processing file /home/airflow/.local/lib/python3.8/site-packages/airflow/example_dags/example_latest_only.py for tasks to queue
[2024-04-05T05:52:26.254+0000] {logging_mixin.py:188} INFO - [2024-04-05T05:52:26.253+0000] {dagbag.py:540} INFO - Filling up the DagBag from /home/airflow/.local/lib/python3.8/site-packages/airflow/example_dags/example_latest_only.py
[2024-04-05T05:52:26.273+0000] {processor.py:840} INFO - DAG(s) 'latest_only' retrieved from /home/airflow/.local/lib/python3.8/site-packages/airflow/example_dags/example_latest_only.py
[2024-04-05T05:52:26.326+0000] {logging_mixin.py:188} INFO - [2024-04-05T05:52:26.325+0000] {dag.py:3047} INFO - Sync 1 DAGs
[2024-04-05T05:52:26.386+0000] {logging_mixin.py:188} INFO - [2024-04-05T05:52:26.386+0000] {dag.py:3834} INFO - Setting next_dagrun for latest_only to 2024-04-05 00:00:00+00:00, run_after=2024-04-05 04:00:00+00:00
[2024-04-05T05:52:26.432+0000] {processor.py:183} INFO - Processing /home/airflow/.local/lib/python3.8/site-packages/airflow/example_dags/example_latest_only.py took 0.201 seconds
[2024-04-05T05:52:56.717+0000] {processor.py:161} INFO - Started process (PID=1399) to work on /home/airflow/.local/lib/python3.8/site-packages/airflow/example_dags/example_latest_only.py
[2024-04-05T05:52:56.719+0000] {processor.py:830} INFO - Processing file /home/airflow/.local/lib/python3.8/site-packages/airflow/example_dags/example_latest_only.py for tasks to queue
[2024-04-05T05:52:56.721+0000] {logging_mixin.py:188} INFO - [2024-04-05T05:52:56.721+0000] {dagbag.py:540} INFO - Filling up the DagBag from /home/airflow/.local/lib/python3.8/site-packages/airflow/example_dags/example_latest_only.py
[2024-04-05T05:52:56.733+0000] {processor.py:840} INFO - DAG(s) 'latest_only' retrieved from /home/airflow/.local/lib/python3.8/site-packages/airflow/example_dags/example_latest_only.py
[2024-04-05T05:52:56.772+0000] {logging_mixin.py:188} INFO - [2024-04-05T05:52:56.772+0000] {dag.py:3047} INFO - Sync 1 DAGs
[2024-04-05T05:52:56.813+0000] {logging_mixin.py:188} INFO - [2024-04-05T05:52:56.813+0000] {dag.py:3834} INFO - Setting next_dagrun for latest_only to 2024-04-05 00:00:00+00:00, run_after=2024-04-05 04:00:00+00:00
[2024-04-05T05:52:56.850+0000] {processor.py:183} INFO - Processing /home/airflow/.local/lib/python3.8/site-packages/airflow/example_dags/example_latest_only.py took 0.138 seconds
[2024-04-05T05:53:27.048+0000] {processor.py:161} INFO - Started process (PID=1456) to work on /home/airflow/.local/lib/python3.8/site-packages/airflow/example_dags/example_latest_only.py
[2024-04-05T05:53:27.049+0000] {processor.py:830} INFO - Processing file /home/airflow/.local/lib/python3.8/site-packages/airflow/example_dags/example_latest_only.py for tasks to queue
[2024-04-05T05:53:27.052+0000] {logging_mixin.py:188} INFO - [2024-04-05T05:53:27.051+0000] {dagbag.py:540} INFO - Filling up the DagBag from /home/airflow/.local/lib/python3.8/site-packages/airflow/example_dags/example_latest_only.py
[2024-04-05T05:53:27.065+0000] {processor.py:840} INFO - DAG(s) 'latest_only' retrieved from /home/airflow/.local/lib/python3.8/site-packages/airflow/example_dags/example_latest_only.py
[2024-04-05T05:53:27.107+0000] {logging_mixin.py:188} INFO - [2024-04-05T05:53:27.107+0000] {dag.py:3047} INFO - Sync 1 DAGs
[2024-04-05T05:53:27.149+0000] {logging_mixin.py:188} INFO - [2024-04-05T05:53:27.148+0000] {dag.py:3834} INFO - Setting next_dagrun for latest_only to 2024-04-05 00:00:00+00:00, run_after=2024-04-05 04:00:00+00:00
[2024-04-05T05:53:27.190+0000] {processor.py:183} INFO - Processing /home/airflow/.local/lib/python3.8/site-packages/airflow/example_dags/example_latest_only.py took 0.148 seconds
[2024-04-05T05:53:58.312+0000] {processor.py:161} INFO - Started process (PID=1513) to work on /home/airflow/.local/lib/python3.8/site-packages/airflow/example_dags/example_latest_only.py
[2024-04-05T05:53:58.315+0000] {processor.py:830} INFO - Processing file /home/airflow/.local/lib/python3.8/site-packages/airflow/example_dags/example_latest_only.py for tasks to queue
[2024-04-05T05:53:58.317+0000] {logging_mixin.py:188} INFO - [2024-04-05T05:53:58.316+0000] {dagbag.py:540} INFO - Filling up the DagBag from /home/airflow/.local/lib/python3.8/site-packages/airflow/example_dags/example_latest_only.py
[2024-04-05T05:53:58.329+0000] {processor.py:840} INFO - DAG(s) 'latest_only' retrieved from /home/airflow/.local/lib/python3.8/site-packages/airflow/example_dags/example_latest_only.py
[2024-04-05T05:53:58.383+0000] {logging_mixin.py:188} INFO - [2024-04-05T05:53:58.382+0000] {dag.py:3047} INFO - Sync 1 DAGs
[2024-04-05T05:53:58.434+0000] {logging_mixin.py:188} INFO - [2024-04-05T05:53:58.434+0000] {dag.py:3834} INFO - Setting next_dagrun for latest_only to 2024-04-05 00:00:00+00:00, run_after=2024-04-05 04:00:00+00:00
[2024-04-05T05:53:58.481+0000] {processor.py:183} INFO - Processing /home/airflow/.local/lib/python3.8/site-packages/airflow/example_dags/example_latest_only.py took 0.177 seconds
[2024-04-05T05:54:28.749+0000] {processor.py:161} INFO - Started process (PID=1568) to work on /home/airflow/.local/lib/python3.8/site-packages/airflow/example_dags/example_latest_only.py
[2024-04-05T05:54:28.751+0000] {processor.py:830} INFO - Processing file /home/airflow/.local/lib/python3.8/site-packages/airflow/example_dags/example_latest_only.py for tasks to queue
[2024-04-05T05:54:28.755+0000] {logging_mixin.py:188} INFO - [2024-04-05T05:54:28.754+0000] {dagbag.py:540} INFO - Filling up the DagBag from /home/airflow/.local/lib/python3.8/site-packages/airflow/example_dags/example_latest_only.py
[2024-04-05T05:54:28.766+0000] {processor.py:840} INFO - DAG(s) 'latest_only' retrieved from /home/airflow/.local/lib/python3.8/site-packages/airflow/example_dags/example_latest_only.py
[2024-04-05T05:54:28.811+0000] {logging_mixin.py:188} INFO - [2024-04-05T05:54:28.810+0000] {dag.py:3047} INFO - Sync 1 DAGs
[2024-04-05T05:54:28.855+0000] {logging_mixin.py:188} INFO - [2024-04-05T05:54:28.854+0000] {dag.py:3834} INFO - Setting next_dagrun for latest_only to 2024-04-05 00:00:00+00:00, run_after=2024-04-05 04:00:00+00:00
[2024-04-05T05:54:28.895+0000] {processor.py:183} INFO - Processing /home/airflow/.local/lib/python3.8/site-packages/airflow/example_dags/example_latest_only.py took 0.152 seconds
[2024-04-05T05:54:59.182+0000] {processor.py:161} INFO - Started process (PID=1625) to work on /home/airflow/.local/lib/python3.8/site-packages/airflow/example_dags/example_latest_only.py
[2024-04-05T05:54:59.188+0000] {processor.py:830} INFO - Processing file /home/airflow/.local/lib/python3.8/site-packages/airflow/example_dags/example_latest_only.py for tasks to queue
[2024-04-05T05:54:59.193+0000] {logging_mixin.py:188} INFO - [2024-04-05T05:54:59.192+0000] {dagbag.py:540} INFO - Filling up the DagBag from /home/airflow/.local/lib/python3.8/site-packages/airflow/example_dags/example_latest_only.py
[2024-04-05T05:54:59.232+0000] {processor.py:840} INFO - DAG(s) 'latest_only' retrieved from /home/airflow/.local/lib/python3.8/site-packages/airflow/example_dags/example_latest_only.py
[2024-04-05T05:54:59.363+0000] {logging_mixin.py:188} INFO - [2024-04-05T05:54:59.362+0000] {dag.py:3047} INFO - Sync 1 DAGs
[2024-04-05T05:54:59.492+0000] {logging_mixin.py:188} INFO - [2024-04-05T05:54:59.492+0000] {dag.py:3834} INFO - Setting next_dagrun for latest_only to 2024-04-05 00:00:00+00:00, run_after=2024-04-05 04:00:00+00:00
[2024-04-05T05:54:59.610+0000] {processor.py:183} INFO - Processing /home/airflow/.local/lib/python3.8/site-packages/airflow/example_dags/example_latest_only.py took 0.446 seconds
[2024-04-05T05:55:30.178+0000] {processor.py:161} INFO - Started process (PID=1681) to work on /home/airflow/.local/lib/python3.8/site-packages/airflow/example_dags/example_latest_only.py
[2024-04-05T05:55:30.180+0000] {processor.py:830} INFO - Processing file /home/airflow/.local/lib/python3.8/site-packages/airflow/example_dags/example_latest_only.py for tasks to queue
[2024-04-05T05:55:30.182+0000] {logging_mixin.py:188} INFO - [2024-04-05T05:55:30.182+0000] {dagbag.py:540} INFO - Filling up the DagBag from /home/airflow/.local/lib/python3.8/site-packages/airflow/example_dags/example_latest_only.py
[2024-04-05T05:55:30.195+0000] {processor.py:840} INFO - DAG(s) 'latest_only' retrieved from /home/airflow/.local/lib/python3.8/site-packages/airflow/example_dags/example_latest_only.py
[2024-04-05T05:55:30.236+0000] {logging_mixin.py:188} INFO - [2024-04-05T05:55:30.235+0000] {dag.py:3047} INFO - Sync 1 DAGs
[2024-04-05T05:55:30.282+0000] {logging_mixin.py:188} INFO - [2024-04-05T05:55:30.281+0000] {dag.py:3834} INFO - Setting next_dagrun for latest_only to 2024-04-05 00:00:00+00:00, run_after=2024-04-05 04:00:00+00:00
[2024-04-05T05:55:30.329+0000] {processor.py:183} INFO - Processing /home/airflow/.local/lib/python3.8/site-packages/airflow/example_dags/example_latest_only.py took 0.157 seconds
[2024-04-05T05:56:00.460+0000] {processor.py:161} INFO - Started process (PID=1738) to work on /home/airflow/.local/lib/python3.8/site-packages/airflow/example_dags/example_latest_only.py
[2024-04-05T05:56:00.463+0000] {processor.py:830} INFO - Processing file /home/airflow/.local/lib/python3.8/site-packages/airflow/example_dags/example_latest_only.py for tasks to queue
[2024-04-05T05:56:00.466+0000] {logging_mixin.py:188} INFO - [2024-04-05T05:56:00.465+0000] {dagbag.py:540} INFO - Filling up the DagBag from /home/airflow/.local/lib/python3.8/site-packages/airflow/example_dags/example_latest_only.py
[2024-04-05T05:56:00.480+0000] {processor.py:840} INFO - DAG(s) 'latest_only' retrieved from /home/airflow/.local/lib/python3.8/site-packages/airflow/example_dags/example_latest_only.py
[2024-04-05T05:56:00.557+0000] {logging_mixin.py:188} INFO - [2024-04-05T05:56:00.556+0000] {dag.py:3047} INFO - Sync 1 DAGs
[2024-04-05T05:56:00.694+0000] {logging_mixin.py:188} INFO - [2024-04-05T05:56:00.693+0000] {dag.py:3834} INFO - Setting next_dagrun for latest_only to 2024-04-05 00:00:00+00:00, run_after=2024-04-05 04:00:00+00:00
[2024-04-05T05:56:00.788+0000] {processor.py:183} INFO - Processing /home/airflow/.local/lib/python3.8/site-packages/airflow/example_dags/example_latest_only.py took 0.338 seconds
[2024-04-05T05:56:31.377+0000] {processor.py:161} INFO - Started process (PID=1796) to work on /home/airflow/.local/lib/python3.8/site-packages/airflow/example_dags/example_latest_only.py
[2024-04-05T05:56:31.380+0000] {processor.py:830} INFO - Processing file /home/airflow/.local/lib/python3.8/site-packages/airflow/example_dags/example_latest_only.py for tasks to queue
[2024-04-05T05:56:31.382+0000] {logging_mixin.py:188} INFO - [2024-04-05T05:56:31.382+0000] {dagbag.py:540} INFO - Filling up the DagBag from /home/airflow/.local/lib/python3.8/site-packages/airflow/example_dags/example_latest_only.py
[2024-04-05T05:56:31.394+0000] {processor.py:840} INFO - DAG(s) 'latest_only' retrieved from /home/airflow/.local/lib/python3.8/site-packages/airflow/example_dags/example_latest_only.py
[2024-04-05T05:56:31.435+0000] {logging_mixin.py:188} INFO - [2024-04-05T05:56:31.434+0000] {dag.py:3047} INFO - Sync 1 DAGs
[2024-04-05T05:56:31.476+0000] {logging_mixin.py:188} INFO - [2024-04-05T05:56:31.476+0000] {dag.py:3834} INFO - Setting next_dagrun for latest_only to 2024-04-05 00:00:00+00:00, run_after=2024-04-05 04:00:00+00:00
[2024-04-05T05:56:31.521+0000] {processor.py:183} INFO - Processing /home/airflow/.local/lib/python3.8/site-packages/airflow/example_dags/example_latest_only.py took 0.152 seconds
[2024-04-05T05:57:01.831+0000] {processor.py:161} INFO - Started process (PID=1853) to work on /home/airflow/.local/lib/python3.8/site-packages/airflow/example_dags/example_latest_only.py
[2024-04-05T05:57:01.834+0000] {processor.py:830} INFO - Processing file /home/airflow/.local/lib/python3.8/site-packages/airflow/example_dags/example_latest_only.py for tasks to queue
[2024-04-05T05:57:01.835+0000] {logging_mixin.py:188} INFO - [2024-04-05T05:57:01.835+0000] {dagbag.py:540} INFO - Filling up the DagBag from /home/airflow/.local/lib/python3.8/site-packages/airflow/example_dags/example_latest_only.py
[2024-04-05T05:57:01.845+0000] {processor.py:840} INFO - DAG(s) 'latest_only' retrieved from /home/airflow/.local/lib/python3.8/site-packages/airflow/example_dags/example_latest_only.py
[2024-04-05T05:57:01.883+0000] {logging_mixin.py:188} INFO - [2024-04-05T05:57:01.883+0000] {dag.py:3047} INFO - Sync 1 DAGs
[2024-04-05T05:57:01.922+0000] {logging_mixin.py:188} INFO - [2024-04-05T05:57:01.922+0000] {dag.py:3834} INFO - Setting next_dagrun for latest_only to 2024-04-05 00:00:00+00:00, run_after=2024-04-05 04:00:00+00:00
[2024-04-05T05:57:01.975+0000] {processor.py:183} INFO - Processing /home/airflow/.local/lib/python3.8/site-packages/airflow/example_dags/example_latest_only.py took 0.150 seconds
[2024-04-05T05:57:32.334+0000] {processor.py:161} INFO - Started process (PID=1910) to work on /home/airflow/.local/lib/python3.8/site-packages/airflow/example_dags/example_latest_only.py
[2024-04-05T05:57:32.335+0000] {processor.py:830} INFO - Processing file /home/airflow/.local/lib/python3.8/site-packages/airflow/example_dags/example_latest_only.py for tasks to queue
[2024-04-05T05:57:32.337+0000] {logging_mixin.py:188} INFO - [2024-04-05T05:57:32.337+0000] {dagbag.py:540} INFO - Filling up the DagBag from /home/airflow/.local/lib/python3.8/site-packages/airflow/example_dags/example_latest_only.py
[2024-04-05T05:57:32.346+0000] {processor.py:840} INFO - DAG(s) 'latest_only' retrieved from /home/airflow/.local/lib/python3.8/site-packages/airflow/example_dags/example_latest_only.py
[2024-04-05T05:57:32.383+0000] {logging_mixin.py:188} INFO - [2024-04-05T05:57:32.382+0000] {dag.py:3047} INFO - Sync 1 DAGs
[2024-04-05T05:57:32.415+0000] {logging_mixin.py:188} INFO - [2024-04-05T05:57:32.415+0000] {dag.py:3834} INFO - Setting next_dagrun for latest_only to 2024-04-05 00:00:00+00:00, run_after=2024-04-05 04:00:00+00:00
[2024-04-05T05:57:32.447+0000] {processor.py:183} INFO - Processing /home/airflow/.local/lib/python3.8/site-packages/airflow/example_dags/example_latest_only.py took 0.118 seconds
[2024-04-05T05:58:03.214+0000] {processor.py:161} INFO - Started process (PID=1967) to work on /home/airflow/.local/lib/python3.8/site-packages/airflow/example_dags/example_latest_only.py
[2024-04-05T05:58:03.216+0000] {processor.py:830} INFO - Processing file /home/airflow/.local/lib/python3.8/site-packages/airflow/example_dags/example_latest_only.py for tasks to queue
[2024-04-05T05:58:03.218+0000] {logging_mixin.py:188} INFO - [2024-04-05T05:58:03.218+0000] {dagbag.py:540} INFO - Filling up the DagBag from /home/airflow/.local/lib/python3.8/site-packages/airflow/example_dags/example_latest_only.py
[2024-04-05T05:58:03.232+0000] {processor.py:840} INFO - DAG(s) 'latest_only' retrieved from /home/airflow/.local/lib/python3.8/site-packages/airflow/example_dags/example_latest_only.py
[2024-04-05T05:58:03.278+0000] {logging_mixin.py:188} INFO - [2024-04-05T05:58:03.277+0000] {dag.py:3047} INFO - Sync 1 DAGs
[2024-04-05T05:58:03.316+0000] {logging_mixin.py:188} INFO - [2024-04-05T05:58:03.315+0000] {dag.py:3834} INFO - Setting next_dagrun for latest_only to 2024-04-05 00:00:00+00:00, run_after=2024-04-05 04:00:00+00:00
[2024-04-05T05:58:03.355+0000] {processor.py:183} INFO - Processing /home/airflow/.local/lib/python3.8/site-packages/airflow/example_dags/example_latest_only.py took 0.150 seconds
[2024-04-05T05:58:33.707+0000] {processor.py:161} INFO - Started process (PID=2024) to work on /home/airflow/.local/lib/python3.8/site-packages/airflow/example_dags/example_latest_only.py
[2024-04-05T05:58:33.709+0000] {processor.py:830} INFO - Processing file /home/airflow/.local/lib/python3.8/site-packages/airflow/example_dags/example_latest_only.py for tasks to queue
[2024-04-05T05:58:33.712+0000] {logging_mixin.py:188} INFO - [2024-04-05T05:58:33.711+0000] {dagbag.py:540} INFO - Filling up the DagBag from /home/airflow/.local/lib/python3.8/site-packages/airflow/example_dags/example_latest_only.py
[2024-04-05T05:58:33.720+0000] {processor.py:840} INFO - DAG(s) 'latest_only' retrieved from /home/airflow/.local/lib/python3.8/site-packages/airflow/example_dags/example_latest_only.py
[2024-04-05T05:58:33.752+0000] {logging_mixin.py:188} INFO - [2024-04-05T05:58:33.752+0000] {dag.py:3047} INFO - Sync 1 DAGs
[2024-04-05T05:58:33.797+0000] {logging_mixin.py:188} INFO - [2024-04-05T05:58:33.796+0000] {dag.py:3834} INFO - Setting next_dagrun for latest_only to 2024-04-05 00:00:00+00:00, run_after=2024-04-05 04:00:00+00:00
[2024-04-05T05:58:33.833+0000] {processor.py:183} INFO - Processing /home/airflow/.local/lib/python3.8/site-packages/airflow/example_dags/example_latest_only.py took 0.130 seconds
[2024-04-05T05:59:04.039+0000] {processor.py:161} INFO - Started process (PID=2081) to work on /home/airflow/.local/lib/python3.8/site-packages/airflow/example_dags/example_latest_only.py
[2024-04-05T05:59:04.041+0000] {processor.py:830} INFO - Processing file /home/airflow/.local/lib/python3.8/site-packages/airflow/example_dags/example_latest_only.py for tasks to queue
[2024-04-05T05:59:04.042+0000] {logging_mixin.py:188} INFO - [2024-04-05T05:59:04.042+0000] {dagbag.py:540} INFO - Filling up the DagBag from /home/airflow/.local/lib/python3.8/site-packages/airflow/example_dags/example_latest_only.py
[2024-04-05T05:59:04.054+0000] {processor.py:840} INFO - DAG(s) 'latest_only' retrieved from /home/airflow/.local/lib/python3.8/site-packages/airflow/example_dags/example_latest_only.py
[2024-04-05T05:59:04.091+0000] {logging_mixin.py:188} INFO - [2024-04-05T05:59:04.091+0000] {dag.py:3047} INFO - Sync 1 DAGs
[2024-04-05T05:59:04.128+0000] {logging_mixin.py:188} INFO - [2024-04-05T05:59:04.127+0000] {dag.py:3834} INFO - Setting next_dagrun for latest_only to 2024-04-05 00:00:00+00:00, run_after=2024-04-05 04:00:00+00:00
[2024-04-05T05:59:04.161+0000] {processor.py:183} INFO - Processing /home/airflow/.local/lib/python3.8/site-packages/airflow/example_dags/example_latest_only.py took 0.127 seconds
[2024-04-05T05:59:34.392+0000] {processor.py:161} INFO - Started process (PID=2138) to work on /home/airflow/.local/lib/python3.8/site-packages/airflow/example_dags/example_latest_only.py
[2024-04-05T05:59:34.395+0000] {processor.py:830} INFO - Processing file /home/airflow/.local/lib/python3.8/site-packages/airflow/example_dags/example_latest_only.py for tasks to queue
[2024-04-05T05:59:34.397+0000] {logging_mixin.py:188} INFO - [2024-04-05T05:59:34.397+0000] {dagbag.py:540} INFO - Filling up the DagBag from /home/airflow/.local/lib/python3.8/site-packages/airflow/example_dags/example_latest_only.py
[2024-04-05T05:59:34.407+0000] {processor.py:840} INFO - DAG(s) 'latest_only' retrieved from /home/airflow/.local/lib/python3.8/site-packages/airflow/example_dags/example_latest_only.py
[2024-04-05T05:59:34.441+0000] {logging_mixin.py:188} INFO - [2024-04-05T05:59:34.441+0000] {dag.py:3047} INFO - Sync 1 DAGs
[2024-04-05T05:59:34.482+0000] {logging_mixin.py:188} INFO - [2024-04-05T05:59:34.482+0000] {dag.py:3834} INFO - Setting next_dagrun for latest_only to 2024-04-05 00:00:00+00:00, run_after=2024-04-05 04:00:00+00:00
[2024-04-05T05:59:34.517+0000] {processor.py:183} INFO - Processing /home/airflow/.local/lib/python3.8/site-packages/airflow/example_dags/example_latest_only.py took 0.133 seconds
[2024-04-05T06:00:04.591+0000] {processor.py:161} INFO - Started process (PID=2195) to work on /home/airflow/.local/lib/python3.8/site-packages/airflow/example_dags/example_latest_only.py
[2024-04-05T06:00:04.593+0000] {processor.py:830} INFO - Processing file /home/airflow/.local/lib/python3.8/site-packages/airflow/example_dags/example_latest_only.py for tasks to queue
[2024-04-05T06:00:04.595+0000] {logging_mixin.py:188} INFO - [2024-04-05T06:00:04.595+0000] {dagbag.py:540} INFO - Filling up the DagBag from /home/airflow/.local/lib/python3.8/site-packages/airflow/example_dags/example_latest_only.py
[2024-04-05T06:00:04.605+0000] {processor.py:840} INFO - DAG(s) 'latest_only' retrieved from /home/airflow/.local/lib/python3.8/site-packages/airflow/example_dags/example_latest_only.py
[2024-04-05T06:00:04.638+0000] {logging_mixin.py:188} INFO - [2024-04-05T06:00:04.638+0000] {dag.py:3047} INFO - Sync 1 DAGs
[2024-04-05T06:00:04.677+0000] {logging_mixin.py:188} INFO - [2024-04-05T06:00:04.677+0000] {dag.py:3834} INFO - Setting next_dagrun for latest_only to 2024-04-05 00:00:00+00:00, run_after=2024-04-05 04:00:00+00:00
[2024-04-05T06:00:04.715+0000] {processor.py:183} INFO - Processing /home/airflow/.local/lib/python3.8/site-packages/airflow/example_dags/example_latest_only.py took 0.129 seconds
[2024-04-05T06:00:35.109+0000] {processor.py:161} INFO - Started process (PID=2252) to work on /home/airflow/.local/lib/python3.8/site-packages/airflow/example_dags/example_latest_only.py
[2024-04-05T06:00:35.111+0000] {processor.py:830} INFO - Processing file /home/airflow/.local/lib/python3.8/site-packages/airflow/example_dags/example_latest_only.py for tasks to queue
[2024-04-05T06:00:35.113+0000] {logging_mixin.py:188} INFO - [2024-04-05T06:00:35.113+0000] {dagbag.py:540} INFO - Filling up the DagBag from /home/airflow/.local/lib/python3.8/site-packages/airflow/example_dags/example_latest_only.py
[2024-04-05T06:00:35.128+0000] {processor.py:840} INFO - DAG(s) 'latest_only' retrieved from /home/airflow/.local/lib/python3.8/site-packages/airflow/example_dags/example_latest_only.py
[2024-04-05T06:00:35.182+0000] {logging_mixin.py:188} INFO - [2024-04-05T06:00:35.181+0000] {dag.py:3047} INFO - Sync 1 DAGs
[2024-04-05T06:00:35.231+0000] {logging_mixin.py:188} INFO - [2024-04-05T06:00:35.231+0000] {dag.py:3834} INFO - Setting next_dagrun for latest_only to 2024-04-05 00:00:00+00:00, run_after=2024-04-05 04:00:00+00:00
[2024-04-05T06:00:35.271+0000] {processor.py:183} INFO - Processing /home/airflow/.local/lib/python3.8/site-packages/airflow/example_dags/example_latest_only.py took 0.168 seconds
[2024-04-05T06:01:05.921+0000] {processor.py:161} INFO - Started process (PID=2309) to work on /home/airflow/.local/lib/python3.8/site-packages/airflow/example_dags/example_latest_only.py
[2024-04-05T06:01:05.923+0000] {processor.py:830} INFO - Processing file /home/airflow/.local/lib/python3.8/site-packages/airflow/example_dags/example_latest_only.py for tasks to queue
[2024-04-05T06:01:05.925+0000] {logging_mixin.py:188} INFO - [2024-04-05T06:01:05.925+0000] {dagbag.py:540} INFO - Filling up the DagBag from /home/airflow/.local/lib/python3.8/site-packages/airflow/example_dags/example_latest_only.py
[2024-04-05T06:01:05.935+0000] {processor.py:840} INFO - DAG(s) 'latest_only' retrieved from /home/airflow/.local/lib/python3.8/site-packages/airflow/example_dags/example_latest_only.py
[2024-04-05T06:01:05.971+0000] {logging_mixin.py:188} INFO - [2024-04-05T06:01:05.971+0000] {dag.py:3047} INFO - Sync 1 DAGs
[2024-04-05T06:01:06.010+0000] {logging_mixin.py:188} INFO - [2024-04-05T06:01:06.010+0000] {dag.py:3834} INFO - Setting next_dagrun for latest_only to 2024-04-05 00:00:00+00:00, run_after=2024-04-05 04:00:00+00:00
[2024-04-05T06:01:06.042+0000] {processor.py:183} INFO - Processing /home/airflow/.local/lib/python3.8/site-packages/airflow/example_dags/example_latest_only.py took 0.131 seconds
[2024-04-05T06:01:36.247+0000] {processor.py:161} INFO - Started process (PID=2366) to work on /home/airflow/.local/lib/python3.8/site-packages/airflow/example_dags/example_latest_only.py
[2024-04-05T06:01:36.249+0000] {processor.py:830} INFO - Processing file /home/airflow/.local/lib/python3.8/site-packages/airflow/example_dags/example_latest_only.py for tasks to queue
[2024-04-05T06:01:36.251+0000] {logging_mixin.py:188} INFO - [2024-04-05T06:01:36.251+0000] {dagbag.py:540} INFO - Filling up the DagBag from /home/airflow/.local/lib/python3.8/site-packages/airflow/example_dags/example_latest_only.py
[2024-04-05T06:01:36.261+0000] {processor.py:840} INFO - DAG(s) 'latest_only' retrieved from /home/airflow/.local/lib/python3.8/site-packages/airflow/example_dags/example_latest_only.py
[2024-04-05T06:01:36.297+0000] {logging_mixin.py:188} INFO - [2024-04-05T06:01:36.297+0000] {dag.py:3047} INFO - Sync 1 DAGs
[2024-04-05T06:01:36.331+0000] {logging_mixin.py:188} INFO - [2024-04-05T06:01:36.331+0000] {dag.py:3834} INFO - Setting next_dagrun for latest_only to 2024-04-05 00:00:00+00:00, run_after=2024-04-05 04:00:00+00:00
[2024-04-05T06:01:36.367+0000] {processor.py:183} INFO - Processing /home/airflow/.local/lib/python3.8/site-packages/airflow/example_dags/example_latest_only.py took 0.126 seconds
[2024-04-05T06:02:07.057+0000] {processor.py:161} INFO - Started process (PID=2423) to work on /home/airflow/.local/lib/python3.8/site-packages/airflow/example_dags/example_latest_only.py
[2024-04-05T06:02:07.059+0000] {processor.py:830} INFO - Processing file /home/airflow/.local/lib/python3.8/site-packages/airflow/example_dags/example_latest_only.py for tasks to queue
[2024-04-05T06:02:07.061+0000] {logging_mixin.py:188} INFO - [2024-04-05T06:02:07.060+0000] {dagbag.py:540} INFO - Filling up the DagBag from /home/airflow/.local/lib/python3.8/site-packages/airflow/example_dags/example_latest_only.py
[2024-04-05T06:02:07.071+0000] {processor.py:840} INFO - DAG(s) 'latest_only' retrieved from /home/airflow/.local/lib/python3.8/site-packages/airflow/example_dags/example_latest_only.py
[2024-04-05T06:02:07.108+0000] {logging_mixin.py:188} INFO - [2024-04-05T06:02:07.108+0000] {dag.py:3047} INFO - Sync 1 DAGs
[2024-04-05T06:02:07.143+0000] {logging_mixin.py:188} INFO - [2024-04-05T06:02:07.143+0000] {dag.py:3834} INFO - Setting next_dagrun for latest_only to 2024-04-05 00:00:00+00:00, run_after=2024-04-05 04:00:00+00:00
[2024-04-05T06:02:07.174+0000] {processor.py:183} INFO - Processing /home/airflow/.local/lib/python3.8/site-packages/airflow/example_dags/example_latest_only.py took 0.123 seconds
[2024-04-05T06:02:37.688+0000] {processor.py:161} INFO - Started process (PID=2480) to work on /home/airflow/.local/lib/python3.8/site-packages/airflow/example_dags/example_latest_only.py
[2024-04-05T06:02:37.690+0000] {processor.py:830} INFO - Processing file /home/airflow/.local/lib/python3.8/site-packages/airflow/example_dags/example_latest_only.py for tasks to queue
[2024-04-05T06:02:37.693+0000] {logging_mixin.py:188} INFO - [2024-04-05T06:02:37.692+0000] {dagbag.py:540} INFO - Filling up the DagBag from /home/airflow/.local/lib/python3.8/site-packages/airflow/example_dags/example_latest_only.py
[2024-04-05T06:02:37.704+0000] {processor.py:840} INFO - DAG(s) 'latest_only' retrieved from /home/airflow/.local/lib/python3.8/site-packages/airflow/example_dags/example_latest_only.py
[2024-04-05T06:02:37.739+0000] {logging_mixin.py:188} INFO - [2024-04-05T06:02:37.739+0000] {dag.py:3047} INFO - Sync 1 DAGs
[2024-04-05T06:02:37.771+0000] {logging_mixin.py:188} INFO - [2024-04-05T06:02:37.771+0000] {dag.py:3834} INFO - Setting next_dagrun for latest_only to 2024-04-05 00:00:00+00:00, run_after=2024-04-05 04:00:00+00:00
[2024-04-05T06:02:37.805+0000] {processor.py:183} INFO - Processing /home/airflow/.local/lib/python3.8/site-packages/airflow/example_dags/example_latest_only.py took 0.123 seconds
[2024-04-05T06:03:08.155+0000] {processor.py:161} INFO - Started process (PID=2537) to work on /home/airflow/.local/lib/python3.8/site-packages/airflow/example_dags/example_latest_only.py
[2024-04-05T06:03:08.159+0000] {processor.py:830} INFO - Processing file /home/airflow/.local/lib/python3.8/site-packages/airflow/example_dags/example_latest_only.py for tasks to queue
[2024-04-05T06:03:08.161+0000] {logging_mixin.py:188} INFO - [2024-04-05T06:03:08.160+0000] {dagbag.py:540} INFO - Filling up the DagBag from /home/airflow/.local/lib/python3.8/site-packages/airflow/example_dags/example_latest_only.py
[2024-04-05T06:03:08.177+0000] {processor.py:840} INFO - DAG(s) 'latest_only' retrieved from /home/airflow/.local/lib/python3.8/site-packages/airflow/example_dags/example_latest_only.py
[2024-04-05T06:03:08.222+0000] {logging_mixin.py:188} INFO - [2024-04-05T06:03:08.221+0000] {dag.py:3047} INFO - Sync 1 DAGs
[2024-04-05T06:03:08.283+0000] {logging_mixin.py:188} INFO - [2024-04-05T06:03:08.282+0000] {dag.py:3834} INFO - Setting next_dagrun for latest_only to 2024-04-05 00:00:00+00:00, run_after=2024-04-05 04:00:00+00:00
[2024-04-05T06:03:08.322+0000] {processor.py:183} INFO - Processing /home/airflow/.local/lib/python3.8/site-packages/airflow/example_dags/example_latest_only.py took 0.177 seconds
[2024-04-05T06:03:38.519+0000] {processor.py:161} INFO - Started process (PID=2594) to work on /home/airflow/.local/lib/python3.8/site-packages/airflow/example_dags/example_latest_only.py
[2024-04-05T06:03:38.521+0000] {processor.py:830} INFO - Processing file /home/airflow/.local/lib/python3.8/site-packages/airflow/example_dags/example_latest_only.py for tasks to queue
[2024-04-05T06:03:38.523+0000] {logging_mixin.py:188} INFO - [2024-04-05T06:03:38.523+0000] {dagbag.py:540} INFO - Filling up the DagBag from /home/airflow/.local/lib/python3.8/site-packages/airflow/example_dags/example_latest_only.py
[2024-04-05T06:03:38.536+0000] {processor.py:840} INFO - DAG(s) 'latest_only' retrieved from /home/airflow/.local/lib/python3.8/site-packages/airflow/example_dags/example_latest_only.py
[2024-04-05T06:03:38.584+0000] {logging_mixin.py:188} INFO - [2024-04-05T06:03:38.584+0000] {dag.py:3047} INFO - Sync 1 DAGs
[2024-04-05T06:03:38.631+0000] {logging_mixin.py:188} INFO - [2024-04-05T06:03:38.630+0000] {dag.py:3834} INFO - Setting next_dagrun for latest_only to 2024-04-05 00:00:00+00:00, run_after=2024-04-05 04:00:00+00:00
[2024-04-05T06:03:38.677+0000] {processor.py:183} INFO - Processing /home/airflow/.local/lib/python3.8/site-packages/airflow/example_dags/example_latest_only.py took 0.165 seconds
[2024-04-05T06:04:08.944+0000] {processor.py:161} INFO - Started process (PID=2651) to work on /home/airflow/.local/lib/python3.8/site-packages/airflow/example_dags/example_latest_only.py
[2024-04-05T06:04:08.946+0000] {processor.py:830} INFO - Processing file /home/airflow/.local/lib/python3.8/site-packages/airflow/example_dags/example_latest_only.py for tasks to queue
[2024-04-05T06:04:08.949+0000] {logging_mixin.py:188} INFO - [2024-04-05T06:04:08.948+0000] {dagbag.py:540} INFO - Filling up the DagBag from /home/airflow/.local/lib/python3.8/site-packages/airflow/example_dags/example_latest_only.py
[2024-04-05T06:04:08.964+0000] {processor.py:840} INFO - DAG(s) 'latest_only' retrieved from /home/airflow/.local/lib/python3.8/site-packages/airflow/example_dags/example_latest_only.py
[2024-04-05T06:04:09.013+0000] {logging_mixin.py:188} INFO - [2024-04-05T06:04:09.013+0000] {dag.py:3047} INFO - Sync 1 DAGs
[2024-04-05T06:04:09.082+0000] {logging_mixin.py:188} INFO - [2024-04-05T06:04:09.082+0000] {dag.py:3834} INFO - Setting next_dagrun for latest_only to 2024-04-05 00:00:00+00:00, run_after=2024-04-05 04:00:00+00:00
[2024-04-05T06:04:09.129+0000] {processor.py:183} INFO - Processing /home/airflow/.local/lib/python3.8/site-packages/airflow/example_dags/example_latest_only.py took 0.191 seconds
[2024-04-05T06:04:39.692+0000] {processor.py:161} INFO - Started process (PID=2708) to work on /home/airflow/.local/lib/python3.8/site-packages/airflow/example_dags/example_latest_only.py
[2024-04-05T06:04:39.694+0000] {processor.py:830} INFO - Processing file /home/airflow/.local/lib/python3.8/site-packages/airflow/example_dags/example_latest_only.py for tasks to queue
[2024-04-05T06:04:39.696+0000] {logging_mixin.py:188} INFO - [2024-04-05T06:04:39.695+0000] {dagbag.py:540} INFO - Filling up the DagBag from /home/airflow/.local/lib/python3.8/site-packages/airflow/example_dags/example_latest_only.py
[2024-04-05T06:04:39.707+0000] {processor.py:840} INFO - DAG(s) 'latest_only' retrieved from /home/airflow/.local/lib/python3.8/site-packages/airflow/example_dags/example_latest_only.py
[2024-04-05T06:04:39.749+0000] {logging_mixin.py:188} INFO - [2024-04-05T06:04:39.748+0000] {dag.py:3047} INFO - Sync 1 DAGs
[2024-04-05T06:04:39.795+0000] {logging_mixin.py:188} INFO - [2024-04-05T06:04:39.795+0000] {dag.py:3834} INFO - Setting next_dagrun for latest_only to 2024-04-05 00:00:00+00:00, run_after=2024-04-05 04:00:00+00:00
[2024-04-05T06:04:39.840+0000] {processor.py:183} INFO - Processing /home/airflow/.local/lib/python3.8/site-packages/airflow/example_dags/example_latest_only.py took 0.156 seconds
[2024-04-05T06:05:09.997+0000] {processor.py:161} INFO - Started process (PID=2765) to work on /home/airflow/.local/lib/python3.8/site-packages/airflow/example_dags/example_latest_only.py
[2024-04-05T06:05:09.998+0000] {processor.py:830} INFO - Processing file /home/airflow/.local/lib/python3.8/site-packages/airflow/example_dags/example_latest_only.py for tasks to queue
[2024-04-05T06:05:10.000+0000] {logging_mixin.py:188} INFO - [2024-04-05T06:05:10.000+0000] {dagbag.py:540} INFO - Filling up the DagBag from /home/airflow/.local/lib/python3.8/site-packages/airflow/example_dags/example_latest_only.py
[2024-04-05T06:05:10.010+0000] {processor.py:840} INFO - DAG(s) 'latest_only' retrieved from /home/airflow/.local/lib/python3.8/site-packages/airflow/example_dags/example_latest_only.py
[2024-04-05T06:05:10.044+0000] {logging_mixin.py:188} INFO - [2024-04-05T06:05:10.043+0000] {dag.py:3047} INFO - Sync 1 DAGs
[2024-04-05T06:05:10.086+0000] {logging_mixin.py:188} INFO - [2024-04-05T06:05:10.086+0000] {dag.py:3834} INFO - Setting next_dagrun for latest_only to 2024-04-05 00:00:00+00:00, run_after=2024-04-05 04:00:00+00:00
[2024-04-05T06:05:10.119+0000] {processor.py:183} INFO - Processing /home/airflow/.local/lib/python3.8/site-packages/airflow/example_dags/example_latest_only.py took 0.128 seconds
