[2024-04-05T05:40:57.896+0000] {processor.py:161} INFO - Started process (PID=82) to work on /home/airflow/.local/lib/python3.8/site-packages/airflow/example_dags/example_python_operator.py
[2024-04-05T05:40:57.918+0000] {processor.py:830} INFO - Processing file /home/airflow/.local/lib/python3.8/site-packages/airflow/example_dags/example_python_operator.py for tasks to queue
[2024-04-05T05:40:57.955+0000] {logging_mixin.py:188} INFO - [2024-04-05T05:40:57.953+0000] {dagbag.py:540} INFO - Filling up the DagBag from /home/airflow/.local/lib/python3.8/site-packages/airflow/example_dags/example_python_operator.py
[2024-04-05T05:40:58.381+0000] {processor.py:840} INFO - DAG(s) 'example_python_operator' retrieved from /home/airflow/.local/lib/python3.8/site-packages/airflow/example_dags/example_python_operator.py
[2024-04-05T05:41:01.112+0000] {logging_mixin.py:188} INFO - [2024-04-05T05:41:01.111+0000] {dag.py:3047} INFO - Sync 1 DAGs
[2024-04-05T05:41:01.370+0000] {logging_mixin.py:188} INFO - [2024-04-05T05:41:01.369+0000] {dag.py:3834} INFO - Setting next_dagrun for example_python_operator to None, run_after=None
[2024-04-05T05:41:01.726+0000] {processor.py:183} INFO - Processing /home/airflow/.local/lib/python3.8/site-packages/airflow/example_dags/example_python_operator.py took 3.961 seconds
[2024-04-05T05:41:41.164+0000] {processor.py:161} INFO - Started process (PID=146) to work on /home/airflow/.local/lib/python3.8/site-packages/airflow/example_dags/example_python_operator.py
[2024-04-05T05:41:41.169+0000] {processor.py:830} INFO - Processing file /home/airflow/.local/lib/python3.8/site-packages/airflow/example_dags/example_python_operator.py for tasks to queue
[2024-04-05T05:41:41.173+0000] {logging_mixin.py:188} INFO - [2024-04-05T05:41:41.172+0000] {dagbag.py:540} INFO - Filling up the DagBag from /home/airflow/.local/lib/python3.8/site-packages/airflow/example_dags/example_python_operator.py
[2024-04-05T05:41:41.203+0000] {processor.py:840} INFO - DAG(s) 'example_python_operator' retrieved from /home/airflow/.local/lib/python3.8/site-packages/airflow/example_dags/example_python_operator.py
[2024-04-05T05:41:41.251+0000] {logging_mixin.py:188} INFO - [2024-04-05T05:41:41.251+0000] {dag.py:3047} INFO - Sync 1 DAGs
[2024-04-05T05:41:41.277+0000] {logging_mixin.py:188} INFO - [2024-04-05T05:41:41.276+0000] {dag.py:3834} INFO - Setting next_dagrun for example_python_operator to None, run_after=None
[2024-04-05T05:41:41.310+0000] {processor.py:183} INFO - Processing /home/airflow/.local/lib/python3.8/site-packages/airflow/example_dags/example_python_operator.py took 0.154 seconds
[2024-04-05T05:42:12.126+0000] {processor.py:161} INFO - Started process (PID=203) to work on /home/airflow/.local/lib/python3.8/site-packages/airflow/example_dags/example_python_operator.py
[2024-04-05T05:42:12.131+0000] {processor.py:830} INFO - Processing file /home/airflow/.local/lib/python3.8/site-packages/airflow/example_dags/example_python_operator.py for tasks to queue
[2024-04-05T05:42:12.138+0000] {logging_mixin.py:188} INFO - [2024-04-05T05:42:12.137+0000] {dagbag.py:540} INFO - Filling up the DagBag from /home/airflow/.local/lib/python3.8/site-packages/airflow/example_dags/example_python_operator.py
[2024-04-05T05:42:12.181+0000] {processor.py:840} INFO - DAG(s) 'example_python_operator' retrieved from /home/airflow/.local/lib/python3.8/site-packages/airflow/example_dags/example_python_operator.py
[2024-04-05T05:42:12.293+0000] {logging_mixin.py:188} INFO - [2024-04-05T05:42:12.292+0000] {dag.py:3047} INFO - Sync 1 DAGs
[2024-04-05T05:42:12.409+0000] {logging_mixin.py:188} INFO - [2024-04-05T05:42:12.408+0000] {dag.py:3834} INFO - Setting next_dagrun for example_python_operator to None, run_after=None
[2024-04-05T05:42:12.612+0000] {processor.py:183} INFO - Processing /home/airflow/.local/lib/python3.8/site-packages/airflow/example_dags/example_python_operator.py took 0.521 seconds
[2024-04-05T05:42:42.760+0000] {processor.py:161} INFO - Started process (PID=260) to work on /home/airflow/.local/lib/python3.8/site-packages/airflow/example_dags/example_python_operator.py
[2024-04-05T05:42:42.762+0000] {processor.py:830} INFO - Processing file /home/airflow/.local/lib/python3.8/site-packages/airflow/example_dags/example_python_operator.py for tasks to queue
[2024-04-05T05:42:42.767+0000] {logging_mixin.py:188} INFO - [2024-04-05T05:42:42.766+0000] {dagbag.py:540} INFO - Filling up the DagBag from /home/airflow/.local/lib/python3.8/site-packages/airflow/example_dags/example_python_operator.py
[2024-04-05T05:42:42.789+0000] {processor.py:840} INFO - DAG(s) 'example_python_operator' retrieved from /home/airflow/.local/lib/python3.8/site-packages/airflow/example_dags/example_python_operator.py
[2024-04-05T05:42:42.830+0000] {logging_mixin.py:188} INFO - [2024-04-05T05:42:42.829+0000] {dag.py:3047} INFO - Sync 1 DAGs
[2024-04-05T05:42:42.851+0000] {logging_mixin.py:188} INFO - [2024-04-05T05:42:42.851+0000] {dag.py:3834} INFO - Setting next_dagrun for example_python_operator to None, run_after=None
[2024-04-05T05:42:42.885+0000] {processor.py:183} INFO - Processing /home/airflow/.local/lib/python3.8/site-packages/airflow/example_dags/example_python_operator.py took 0.133 seconds
[2024-04-05T05:43:12.964+0000] {processor.py:161} INFO - Started process (PID=319) to work on /home/airflow/.local/lib/python3.8/site-packages/airflow/example_dags/example_python_operator.py
[2024-04-05T05:43:12.967+0000] {processor.py:830} INFO - Processing file /home/airflow/.local/lib/python3.8/site-packages/airflow/example_dags/example_python_operator.py for tasks to queue
[2024-04-05T05:43:12.971+0000] {logging_mixin.py:188} INFO - [2024-04-05T05:43:12.970+0000] {dagbag.py:540} INFO - Filling up the DagBag from /home/airflow/.local/lib/python3.8/site-packages/airflow/example_dags/example_python_operator.py
[2024-04-05T05:43:12.999+0000] {processor.py:840} INFO - DAG(s) 'example_python_operator' retrieved from /home/airflow/.local/lib/python3.8/site-packages/airflow/example_dags/example_python_operator.py
[2024-04-05T05:43:13.061+0000] {logging_mixin.py:188} INFO - [2024-04-05T05:43:13.061+0000] {dag.py:3047} INFO - Sync 1 DAGs
[2024-04-05T05:43:13.089+0000] {logging_mixin.py:188} INFO - [2024-04-05T05:43:13.088+0000] {dag.py:3834} INFO - Setting next_dagrun for example_python_operator to None, run_after=None
[2024-04-05T05:43:13.134+0000] {processor.py:183} INFO - Processing /home/airflow/.local/lib/python3.8/site-packages/airflow/example_dags/example_python_operator.py took 0.179 seconds
[2024-04-05T05:43:44.078+0000] {processor.py:161} INFO - Started process (PID=376) to work on /home/airflow/.local/lib/python3.8/site-packages/airflow/example_dags/example_python_operator.py
[2024-04-05T05:43:44.083+0000] {processor.py:830} INFO - Processing file /home/airflow/.local/lib/python3.8/site-packages/airflow/example_dags/example_python_operator.py for tasks to queue
[2024-04-05T05:43:44.089+0000] {logging_mixin.py:188} INFO - [2024-04-05T05:43:44.088+0000] {dagbag.py:540} INFO - Filling up the DagBag from /home/airflow/.local/lib/python3.8/site-packages/airflow/example_dags/example_python_operator.py
[2024-04-05T05:43:44.111+0000] {processor.py:840} INFO - DAG(s) 'example_python_operator' retrieved from /home/airflow/.local/lib/python3.8/site-packages/airflow/example_dags/example_python_operator.py
[2024-04-05T05:43:44.159+0000] {logging_mixin.py:188} INFO - [2024-04-05T05:43:44.159+0000] {dag.py:3047} INFO - Sync 1 DAGs
[2024-04-05T05:43:44.202+0000] {logging_mixin.py:188} INFO - [2024-04-05T05:43:44.202+0000] {dag.py:3834} INFO - Setting next_dagrun for example_python_operator to None, run_after=None
[2024-04-05T05:43:44.244+0000] {processor.py:183} INFO - Processing /home/airflow/.local/lib/python3.8/site-packages/airflow/example_dags/example_python_operator.py took 0.182 seconds
[2024-04-05T05:44:14.689+0000] {processor.py:161} INFO - Started process (PID=434) to work on /home/airflow/.local/lib/python3.8/site-packages/airflow/example_dags/example_python_operator.py
[2024-04-05T05:44:14.691+0000] {processor.py:830} INFO - Processing file /home/airflow/.local/lib/python3.8/site-packages/airflow/example_dags/example_python_operator.py for tasks to queue
[2024-04-05T05:44:14.694+0000] {logging_mixin.py:188} INFO - [2024-04-05T05:44:14.694+0000] {dagbag.py:540} INFO - Filling up the DagBag from /home/airflow/.local/lib/python3.8/site-packages/airflow/example_dags/example_python_operator.py
[2024-04-05T05:44:14.716+0000] {processor.py:840} INFO - DAG(s) 'example_python_operator' retrieved from /home/airflow/.local/lib/python3.8/site-packages/airflow/example_dags/example_python_operator.py
[2024-04-05T05:44:14.769+0000] {logging_mixin.py:188} INFO - [2024-04-05T05:44:14.768+0000] {dag.py:3047} INFO - Sync 1 DAGs
[2024-04-05T05:44:14.800+0000] {logging_mixin.py:188} INFO - [2024-04-05T05:44:14.799+0000] {dag.py:3834} INFO - Setting next_dagrun for example_python_operator to None, run_after=None
[2024-04-05T05:44:14.843+0000] {processor.py:183} INFO - Processing /home/airflow/.local/lib/python3.8/site-packages/airflow/example_dags/example_python_operator.py took 0.161 seconds
[2024-04-05T05:44:45.494+0000] {processor.py:161} INFO - Started process (PID=491) to work on /home/airflow/.local/lib/python3.8/site-packages/airflow/example_dags/example_python_operator.py
[2024-04-05T05:44:45.497+0000] {processor.py:830} INFO - Processing file /home/airflow/.local/lib/python3.8/site-packages/airflow/example_dags/example_python_operator.py for tasks to queue
[2024-04-05T05:44:45.500+0000] {logging_mixin.py:188} INFO - [2024-04-05T05:44:45.499+0000] {dagbag.py:540} INFO - Filling up the DagBag from /home/airflow/.local/lib/python3.8/site-packages/airflow/example_dags/example_python_operator.py
[2024-04-05T05:44:45.537+0000] {processor.py:840} INFO - DAG(s) 'example_python_operator' retrieved from /home/airflow/.local/lib/python3.8/site-packages/airflow/example_dags/example_python_operator.py
[2024-04-05T05:44:45.619+0000] {logging_mixin.py:188} INFO - [2024-04-05T05:44:45.619+0000] {dag.py:3047} INFO - Sync 1 DAGs
[2024-04-05T05:44:45.679+0000] {logging_mixin.py:188} INFO - [2024-04-05T05:44:45.676+0000] {dag.py:3834} INFO - Setting next_dagrun for example_python_operator to None, run_after=None
[2024-04-05T05:44:45.746+0000] {processor.py:183} INFO - Processing /home/airflow/.local/lib/python3.8/site-packages/airflow/example_dags/example_python_operator.py took 0.268 seconds
[2024-04-05T05:45:20.050+0000] {processor.py:161} INFO - Started process (PID=549) to work on /home/airflow/.local/lib/python3.8/site-packages/airflow/example_dags/example_python_operator.py
[2024-04-05T05:45:20.056+0000] {processor.py:830} INFO - Processing file /home/airflow/.local/lib/python3.8/site-packages/airflow/example_dags/example_python_operator.py for tasks to queue
[2024-04-05T05:45:20.068+0000] {logging_mixin.py:188} INFO - [2024-04-05T05:45:20.062+0000] {dagbag.py:540} INFO - Filling up the DagBag from /home/airflow/.local/lib/python3.8/site-packages/airflow/example_dags/example_python_operator.py
[2024-04-05T05:45:20.143+0000] {processor.py:840} INFO - DAG(s) 'example_python_operator' retrieved from /home/airflow/.local/lib/python3.8/site-packages/airflow/example_dags/example_python_operator.py
[2024-04-05T05:45:20.295+0000] {logging_mixin.py:188} INFO - [2024-04-05T05:45:20.294+0000] {dag.py:3047} INFO - Sync 1 DAGs
[2024-04-05T05:45:20.378+0000] {logging_mixin.py:188} INFO - [2024-04-05T05:45:20.377+0000] {dag.py:3834} INFO - Setting next_dagrun for example_python_operator to None, run_after=None
[2024-04-05T05:45:20.461+0000] {processor.py:183} INFO - Processing /home/airflow/.local/lib/python3.8/site-packages/airflow/example_dags/example_python_operator.py took 0.463 seconds
[2024-04-05T05:45:50.896+0000] {processor.py:161} INFO - Started process (PID=606) to work on /home/airflow/.local/lib/python3.8/site-packages/airflow/example_dags/example_python_operator.py
[2024-04-05T05:45:50.899+0000] {processor.py:830} INFO - Processing file /home/airflow/.local/lib/python3.8/site-packages/airflow/example_dags/example_python_operator.py for tasks to queue
[2024-04-05T05:45:50.901+0000] {logging_mixin.py:188} INFO - [2024-04-05T05:45:50.900+0000] {dagbag.py:540} INFO - Filling up the DagBag from /home/airflow/.local/lib/python3.8/site-packages/airflow/example_dags/example_python_operator.py
[2024-04-05T05:45:50.930+0000] {processor.py:840} INFO - DAG(s) 'example_python_operator' retrieved from /home/airflow/.local/lib/python3.8/site-packages/airflow/example_dags/example_python_operator.py
[2024-04-05T05:45:51.010+0000] {logging_mixin.py:188} INFO - [2024-04-05T05:45:51.009+0000] {dag.py:3047} INFO - Sync 1 DAGs
[2024-04-05T05:45:51.040+0000] {logging_mixin.py:188} INFO - [2024-04-05T05:45:51.040+0000] {dag.py:3834} INFO - Setting next_dagrun for example_python_operator to None, run_after=None
[2024-04-05T05:45:51.082+0000] {processor.py:183} INFO - Processing /home/airflow/.local/lib/python3.8/site-packages/airflow/example_dags/example_python_operator.py took 0.192 seconds
[2024-04-05T05:46:21.324+0000] {processor.py:161} INFO - Started process (PID=663) to work on /home/airflow/.local/lib/python3.8/site-packages/airflow/example_dags/example_python_operator.py
[2024-04-05T05:46:21.327+0000] {processor.py:830} INFO - Processing file /home/airflow/.local/lib/python3.8/site-packages/airflow/example_dags/example_python_operator.py for tasks to queue
[2024-04-05T05:46:21.330+0000] {logging_mixin.py:188} INFO - [2024-04-05T05:46:21.329+0000] {dagbag.py:540} INFO - Filling up the DagBag from /home/airflow/.local/lib/python3.8/site-packages/airflow/example_dags/example_python_operator.py
[2024-04-05T05:46:21.394+0000] {processor.py:840} INFO - DAG(s) 'example_python_operator' retrieved from /home/airflow/.local/lib/python3.8/site-packages/airflow/example_dags/example_python_operator.py
[2024-04-05T05:46:21.462+0000] {logging_mixin.py:188} INFO - [2024-04-05T05:46:21.461+0000] {dag.py:3047} INFO - Sync 1 DAGs
[2024-04-05T05:46:21.501+0000] {logging_mixin.py:188} INFO - [2024-04-05T05:46:21.501+0000] {dag.py:3834} INFO - Setting next_dagrun for example_python_operator to None, run_after=None
[2024-04-05T05:46:21.584+0000] {processor.py:183} INFO - Processing /home/airflow/.local/lib/python3.8/site-packages/airflow/example_dags/example_python_operator.py took 0.273 seconds
[2024-04-05T05:46:52.545+0000] {processor.py:161} INFO - Started process (PID=724) to work on /home/airflow/.local/lib/python3.8/site-packages/airflow/example_dags/example_python_operator.py
[2024-04-05T05:46:52.547+0000] {processor.py:830} INFO - Processing file /home/airflow/.local/lib/python3.8/site-packages/airflow/example_dags/example_python_operator.py for tasks to queue
[2024-04-05T05:46:52.550+0000] {logging_mixin.py:188} INFO - [2024-04-05T05:46:52.549+0000] {dagbag.py:540} INFO - Filling up the DagBag from /home/airflow/.local/lib/python3.8/site-packages/airflow/example_dags/example_python_operator.py
[2024-04-05T05:46:52.574+0000] {processor.py:840} INFO - DAG(s) 'example_python_operator' retrieved from /home/airflow/.local/lib/python3.8/site-packages/airflow/example_dags/example_python_operator.py
[2024-04-05T05:46:52.629+0000] {logging_mixin.py:188} INFO - [2024-04-05T05:46:52.629+0000] {dag.py:3047} INFO - Sync 1 DAGs
[2024-04-05T05:46:52.660+0000] {logging_mixin.py:188} INFO - [2024-04-05T05:46:52.659+0000] {dag.py:3834} INFO - Setting next_dagrun for example_python_operator to None, run_after=None
[2024-04-05T05:46:52.716+0000] {processor.py:183} INFO - Processing /home/airflow/.local/lib/python3.8/site-packages/airflow/example_dags/example_python_operator.py took 0.181 seconds
[2024-04-05T05:47:23.064+0000] {processor.py:161} INFO - Started process (PID=782) to work on /home/airflow/.local/lib/python3.8/site-packages/airflow/example_dags/example_python_operator.py
[2024-04-05T05:47:23.066+0000] {processor.py:830} INFO - Processing file /home/airflow/.local/lib/python3.8/site-packages/airflow/example_dags/example_python_operator.py for tasks to queue
[2024-04-05T05:47:23.069+0000] {logging_mixin.py:188} INFO - [2024-04-05T05:47:23.068+0000] {dagbag.py:540} INFO - Filling up the DagBag from /home/airflow/.local/lib/python3.8/site-packages/airflow/example_dags/example_python_operator.py
[2024-04-05T05:47:23.111+0000] {processor.py:840} INFO - DAG(s) 'example_python_operator' retrieved from /home/airflow/.local/lib/python3.8/site-packages/airflow/example_dags/example_python_operator.py
[2024-04-05T05:47:23.185+0000] {logging_mixin.py:188} INFO - [2024-04-05T05:47:23.185+0000] {dag.py:3047} INFO - Sync 1 DAGs
[2024-04-05T05:47:23.241+0000] {logging_mixin.py:188} INFO - [2024-04-05T05:47:23.240+0000] {dag.py:3834} INFO - Setting next_dagrun for example_python_operator to None, run_after=None
[2024-04-05T05:47:23.334+0000] {processor.py:183} INFO - Processing /home/airflow/.local/lib/python3.8/site-packages/airflow/example_dags/example_python_operator.py took 0.276 seconds
[2024-04-05T05:47:54.090+0000] {processor.py:161} INFO - Started process (PID=839) to work on /home/airflow/.local/lib/python3.8/site-packages/airflow/example_dags/example_python_operator.py
[2024-04-05T05:47:54.093+0000] {processor.py:830} INFO - Processing file /home/airflow/.local/lib/python3.8/site-packages/airflow/example_dags/example_python_operator.py for tasks to queue
[2024-04-05T05:47:54.095+0000] {logging_mixin.py:188} INFO - [2024-04-05T05:47:54.094+0000] {dagbag.py:540} INFO - Filling up the DagBag from /home/airflow/.local/lib/python3.8/site-packages/airflow/example_dags/example_python_operator.py
[2024-04-05T05:47:54.120+0000] {processor.py:840} INFO - DAG(s) 'example_python_operator' retrieved from /home/airflow/.local/lib/python3.8/site-packages/airflow/example_dags/example_python_operator.py
[2024-04-05T05:47:54.182+0000] {logging_mixin.py:188} INFO - [2024-04-05T05:47:54.182+0000] {dag.py:3047} INFO - Sync 1 DAGs
[2024-04-05T05:47:54.218+0000] {logging_mixin.py:188} INFO - [2024-04-05T05:47:54.218+0000] {dag.py:3834} INFO - Setting next_dagrun for example_python_operator to None, run_after=None
[2024-04-05T05:47:54.267+0000] {processor.py:183} INFO - Processing /home/airflow/.local/lib/python3.8/site-packages/airflow/example_dags/example_python_operator.py took 0.185 seconds
[2024-04-05T05:48:24.715+0000] {processor.py:161} INFO - Started process (PID=896) to work on /home/airflow/.local/lib/python3.8/site-packages/airflow/example_dags/example_python_operator.py
[2024-04-05T05:48:24.719+0000] {processor.py:830} INFO - Processing file /home/airflow/.local/lib/python3.8/site-packages/airflow/example_dags/example_python_operator.py for tasks to queue
[2024-04-05T05:48:24.721+0000] {logging_mixin.py:188} INFO - [2024-04-05T05:48:24.720+0000] {dagbag.py:540} INFO - Filling up the DagBag from /home/airflow/.local/lib/python3.8/site-packages/airflow/example_dags/example_python_operator.py
[2024-04-05T05:48:24.761+0000] {processor.py:840} INFO - DAG(s) 'example_python_operator' retrieved from /home/airflow/.local/lib/python3.8/site-packages/airflow/example_dags/example_python_operator.py
[2024-04-05T05:48:24.880+0000] {logging_mixin.py:188} INFO - [2024-04-05T05:48:24.880+0000] {dag.py:3047} INFO - Sync 1 DAGs
[2024-04-05T05:48:24.942+0000] {logging_mixin.py:188} INFO - [2024-04-05T05:48:24.942+0000] {dag.py:3834} INFO - Setting next_dagrun for example_python_operator to None, run_after=None
[2024-04-05T05:48:25.006+0000] {processor.py:183} INFO - Processing /home/airflow/.local/lib/python3.8/site-packages/airflow/example_dags/example_python_operator.py took 0.305 seconds
[2024-04-05T05:48:55.806+0000] {processor.py:161} INFO - Started process (PID=953) to work on /home/airflow/.local/lib/python3.8/site-packages/airflow/example_dags/example_python_operator.py
[2024-04-05T05:48:55.809+0000] {processor.py:830} INFO - Processing file /home/airflow/.local/lib/python3.8/site-packages/airflow/example_dags/example_python_operator.py for tasks to queue
[2024-04-05T05:48:55.812+0000] {logging_mixin.py:188} INFO - [2024-04-05T05:48:55.811+0000] {dagbag.py:540} INFO - Filling up the DagBag from /home/airflow/.local/lib/python3.8/site-packages/airflow/example_dags/example_python_operator.py
[2024-04-05T05:48:55.837+0000] {processor.py:840} INFO - DAG(s) 'example_python_operator' retrieved from /home/airflow/.local/lib/python3.8/site-packages/airflow/example_dags/example_python_operator.py
[2024-04-05T05:48:55.893+0000] {logging_mixin.py:188} INFO - [2024-04-05T05:48:55.893+0000] {dag.py:3047} INFO - Sync 1 DAGs
[2024-04-05T05:48:55.935+0000] {logging_mixin.py:188} INFO - [2024-04-05T05:48:55.935+0000] {dag.py:3834} INFO - Setting next_dagrun for example_python_operator to None, run_after=None
[2024-04-05T05:48:55.980+0000] {processor.py:183} INFO - Processing /home/airflow/.local/lib/python3.8/site-packages/airflow/example_dags/example_python_operator.py took 0.184 seconds
[2024-04-05T05:49:26.104+0000] {processor.py:161} INFO - Started process (PID=1009) to work on /home/airflow/.local/lib/python3.8/site-packages/airflow/example_dags/example_python_operator.py
[2024-04-05T05:49:26.108+0000] {processor.py:830} INFO - Processing file /home/airflow/.local/lib/python3.8/site-packages/airflow/example_dags/example_python_operator.py for tasks to queue
[2024-04-05T05:49:26.111+0000] {logging_mixin.py:188} INFO - [2024-04-05T05:49:26.110+0000] {dagbag.py:540} INFO - Filling up the DagBag from /home/airflow/.local/lib/python3.8/site-packages/airflow/example_dags/example_python_operator.py
[2024-04-05T05:49:26.140+0000] {processor.py:840} INFO - DAG(s) 'example_python_operator' retrieved from /home/airflow/.local/lib/python3.8/site-packages/airflow/example_dags/example_python_operator.py
[2024-04-05T05:49:26.232+0000] {logging_mixin.py:188} INFO - [2024-04-05T05:49:26.231+0000] {dag.py:3047} INFO - Sync 1 DAGs
[2024-04-05T05:49:26.280+0000] {logging_mixin.py:188} INFO - [2024-04-05T05:49:26.280+0000] {dag.py:3834} INFO - Setting next_dagrun for example_python_operator to None, run_after=None
[2024-04-05T05:49:26.316+0000] {processor.py:183} INFO - Processing /home/airflow/.local/lib/python3.8/site-packages/airflow/example_dags/example_python_operator.py took 0.221 seconds
[2024-04-05T05:49:56.831+0000] {processor.py:161} INFO - Started process (PID=1066) to work on /home/airflow/.local/lib/python3.8/site-packages/airflow/example_dags/example_python_operator.py
[2024-04-05T05:49:56.835+0000] {processor.py:830} INFO - Processing file /home/airflow/.local/lib/python3.8/site-packages/airflow/example_dags/example_python_operator.py for tasks to queue
[2024-04-05T05:49:56.840+0000] {logging_mixin.py:188} INFO - [2024-04-05T05:49:56.839+0000] {dagbag.py:540} INFO - Filling up the DagBag from /home/airflow/.local/lib/python3.8/site-packages/airflow/example_dags/example_python_operator.py
[2024-04-05T05:49:56.873+0000] {processor.py:840} INFO - DAG(s) 'example_python_operator' retrieved from /home/airflow/.local/lib/python3.8/site-packages/airflow/example_dags/example_python_operator.py
[2024-04-05T05:49:56.954+0000] {logging_mixin.py:188} INFO - [2024-04-05T05:49:56.953+0000] {dag.py:3047} INFO - Sync 1 DAGs
[2024-04-05T05:49:56.980+0000] {logging_mixin.py:188} INFO - [2024-04-05T05:49:56.979+0000] {dag.py:3834} INFO - Setting next_dagrun for example_python_operator to None, run_after=None
[2024-04-05T05:49:57.019+0000] {processor.py:183} INFO - Processing /home/airflow/.local/lib/python3.8/site-packages/airflow/example_dags/example_python_operator.py took 0.195 seconds
[2024-04-05T05:50:27.203+0000] {processor.py:161} INFO - Started process (PID=1123) to work on /home/airflow/.local/lib/python3.8/site-packages/airflow/example_dags/example_python_operator.py
[2024-04-05T05:50:27.206+0000] {processor.py:830} INFO - Processing file /home/airflow/.local/lib/python3.8/site-packages/airflow/example_dags/example_python_operator.py for tasks to queue
[2024-04-05T05:50:27.209+0000] {logging_mixin.py:188} INFO - [2024-04-05T05:50:27.208+0000] {dagbag.py:540} INFO - Filling up the DagBag from /home/airflow/.local/lib/python3.8/site-packages/airflow/example_dags/example_python_operator.py
[2024-04-05T05:50:27.236+0000] {processor.py:840} INFO - DAG(s) 'example_python_operator' retrieved from /home/airflow/.local/lib/python3.8/site-packages/airflow/example_dags/example_python_operator.py
[2024-04-05T05:50:27.298+0000] {logging_mixin.py:188} INFO - [2024-04-05T05:50:27.297+0000] {dag.py:3047} INFO - Sync 1 DAGs
[2024-04-05T05:50:27.328+0000] {logging_mixin.py:188} INFO - [2024-04-05T05:50:27.327+0000] {dag.py:3834} INFO - Setting next_dagrun for example_python_operator to None, run_after=None
[2024-04-05T05:50:27.372+0000] {processor.py:183} INFO - Processing /home/airflow/.local/lib/python3.8/site-packages/airflow/example_dags/example_python_operator.py took 0.177 seconds
[2024-04-05T05:50:57.948+0000] {processor.py:161} INFO - Started process (PID=1180) to work on /home/airflow/.local/lib/python3.8/site-packages/airflow/example_dags/example_python_operator.py
[2024-04-05T05:50:57.950+0000] {processor.py:830} INFO - Processing file /home/airflow/.local/lib/python3.8/site-packages/airflow/example_dags/example_python_operator.py for tasks to queue
[2024-04-05T05:50:57.953+0000] {logging_mixin.py:188} INFO - [2024-04-05T05:50:57.952+0000] {dagbag.py:540} INFO - Filling up the DagBag from /home/airflow/.local/lib/python3.8/site-packages/airflow/example_dags/example_python_operator.py
[2024-04-05T05:50:57.972+0000] {processor.py:840} INFO - DAG(s) 'example_python_operator' retrieved from /home/airflow/.local/lib/python3.8/site-packages/airflow/example_dags/example_python_operator.py
[2024-04-05T05:50:58.016+0000] {logging_mixin.py:188} INFO - [2024-04-05T05:50:58.016+0000] {dag.py:3047} INFO - Sync 1 DAGs
[2024-04-05T05:50:58.039+0000] {logging_mixin.py:188} INFO - [2024-04-05T05:50:58.039+0000] {dag.py:3834} INFO - Setting next_dagrun for example_python_operator to None, run_after=None
[2024-04-05T05:50:58.068+0000] {processor.py:183} INFO - Processing /home/airflow/.local/lib/python3.8/site-packages/airflow/example_dags/example_python_operator.py took 0.124 seconds
[2024-04-05T05:51:28.699+0000] {processor.py:161} INFO - Started process (PID=1237) to work on /home/airflow/.local/lib/python3.8/site-packages/airflow/example_dags/example_python_operator.py
[2024-04-05T05:51:28.703+0000] {processor.py:830} INFO - Processing file /home/airflow/.local/lib/python3.8/site-packages/airflow/example_dags/example_python_operator.py for tasks to queue
[2024-04-05T05:51:28.707+0000] {logging_mixin.py:188} INFO - [2024-04-05T05:51:28.706+0000] {dagbag.py:540} INFO - Filling up the DagBag from /home/airflow/.local/lib/python3.8/site-packages/airflow/example_dags/example_python_operator.py
[2024-04-05T05:51:28.742+0000] {processor.py:840} INFO - DAG(s) 'example_python_operator' retrieved from /home/airflow/.local/lib/python3.8/site-packages/airflow/example_dags/example_python_operator.py
[2024-04-05T05:51:28.802+0000] {logging_mixin.py:188} INFO - [2024-04-05T05:51:28.802+0000] {dag.py:3047} INFO - Sync 1 DAGs
[2024-04-05T05:51:28.838+0000] {logging_mixin.py:188} INFO - [2024-04-05T05:51:28.837+0000] {dag.py:3834} INFO - Setting next_dagrun for example_python_operator to None, run_after=None
[2024-04-05T05:51:28.898+0000] {processor.py:183} INFO - Processing /home/airflow/.local/lib/python3.8/site-packages/airflow/example_dags/example_python_operator.py took 0.208 seconds
[2024-04-05T05:51:59.645+0000] {processor.py:161} INFO - Started process (PID=1294) to work on /home/airflow/.local/lib/python3.8/site-packages/airflow/example_dags/example_python_operator.py
[2024-04-05T05:51:59.647+0000] {processor.py:830} INFO - Processing file /home/airflow/.local/lib/python3.8/site-packages/airflow/example_dags/example_python_operator.py for tasks to queue
[2024-04-05T05:51:59.649+0000] {logging_mixin.py:188} INFO - [2024-04-05T05:51:59.648+0000] {dagbag.py:540} INFO - Filling up the DagBag from /home/airflow/.local/lib/python3.8/site-packages/airflow/example_dags/example_python_operator.py
[2024-04-05T05:51:59.672+0000] {processor.py:840} INFO - DAG(s) 'example_python_operator' retrieved from /home/airflow/.local/lib/python3.8/site-packages/airflow/example_dags/example_python_operator.py
[2024-04-05T05:51:59.745+0000] {logging_mixin.py:188} INFO - [2024-04-05T05:51:59.744+0000] {dag.py:3047} INFO - Sync 1 DAGs
[2024-04-05T05:51:59.792+0000] {logging_mixin.py:188} INFO - [2024-04-05T05:51:59.791+0000] {dag.py:3834} INFO - Setting next_dagrun for example_python_operator to None, run_after=None
[2024-04-05T05:51:59.841+0000] {processor.py:183} INFO - Processing /home/airflow/.local/lib/python3.8/site-packages/airflow/example_dags/example_python_operator.py took 0.204 seconds
[2024-04-05T05:52:29.986+0000] {processor.py:161} INFO - Started process (PID=1350) to work on /home/airflow/.local/lib/python3.8/site-packages/airflow/example_dags/example_python_operator.py
[2024-04-05T05:52:29.990+0000] {processor.py:830} INFO - Processing file /home/airflow/.local/lib/python3.8/site-packages/airflow/example_dags/example_python_operator.py for tasks to queue
[2024-04-05T05:52:29.994+0000] {logging_mixin.py:188} INFO - [2024-04-05T05:52:29.993+0000] {dagbag.py:540} INFO - Filling up the DagBag from /home/airflow/.local/lib/python3.8/site-packages/airflow/example_dags/example_python_operator.py
[2024-04-05T05:52:30.042+0000] {processor.py:840} INFO - DAG(s) 'example_python_operator' retrieved from /home/airflow/.local/lib/python3.8/site-packages/airflow/example_dags/example_python_operator.py
[2024-04-05T05:52:30.103+0000] {logging_mixin.py:188} INFO - [2024-04-05T05:52:30.102+0000] {dag.py:3047} INFO - Sync 1 DAGs
[2024-04-05T05:52:30.175+0000] {logging_mixin.py:188} INFO - [2024-04-05T05:52:30.174+0000] {dag.py:3834} INFO - Setting next_dagrun for example_python_operator to None, run_after=None
[2024-04-05T05:52:30.233+0000] {processor.py:183} INFO - Processing /home/airflow/.local/lib/python3.8/site-packages/airflow/example_dags/example_python_operator.py took 0.258 seconds
[2024-04-05T05:53:00.363+0000] {processor.py:161} INFO - Started process (PID=1407) to work on /home/airflow/.local/lib/python3.8/site-packages/airflow/example_dags/example_python_operator.py
[2024-04-05T05:53:00.365+0000] {processor.py:830} INFO - Processing file /home/airflow/.local/lib/python3.8/site-packages/airflow/example_dags/example_python_operator.py for tasks to queue
[2024-04-05T05:53:00.368+0000] {logging_mixin.py:188} INFO - [2024-04-05T05:53:00.367+0000] {dagbag.py:540} INFO - Filling up the DagBag from /home/airflow/.local/lib/python3.8/site-packages/airflow/example_dags/example_python_operator.py
[2024-04-05T05:53:00.395+0000] {processor.py:840} INFO - DAG(s) 'example_python_operator' retrieved from /home/airflow/.local/lib/python3.8/site-packages/airflow/example_dags/example_python_operator.py
[2024-04-05T05:53:00.447+0000] {logging_mixin.py:188} INFO - [2024-04-05T05:53:00.447+0000] {dag.py:3047} INFO - Sync 1 DAGs
[2024-04-05T05:53:00.478+0000] {logging_mixin.py:188} INFO - [2024-04-05T05:53:00.477+0000] {dag.py:3834} INFO - Setting next_dagrun for example_python_operator to None, run_after=None
[2024-04-05T05:53:00.518+0000] {processor.py:183} INFO - Processing /home/airflow/.local/lib/python3.8/site-packages/airflow/example_dags/example_python_operator.py took 0.163 seconds
[2024-04-05T05:53:30.994+0000] {processor.py:161} INFO - Started process (PID=1464) to work on /home/airflow/.local/lib/python3.8/site-packages/airflow/example_dags/example_python_operator.py
[2024-04-05T05:53:30.996+0000] {processor.py:830} INFO - Processing file /home/airflow/.local/lib/python3.8/site-packages/airflow/example_dags/example_python_operator.py for tasks to queue
[2024-04-05T05:53:30.998+0000] {logging_mixin.py:188} INFO - [2024-04-05T05:53:30.998+0000] {dagbag.py:540} INFO - Filling up the DagBag from /home/airflow/.local/lib/python3.8/site-packages/airflow/example_dags/example_python_operator.py
[2024-04-05T05:53:31.021+0000] {processor.py:840} INFO - DAG(s) 'example_python_operator' retrieved from /home/airflow/.local/lib/python3.8/site-packages/airflow/example_dags/example_python_operator.py
[2024-04-05T05:53:31.071+0000] {logging_mixin.py:188} INFO - [2024-04-05T05:53:31.071+0000] {dag.py:3047} INFO - Sync 1 DAGs
[2024-04-05T05:53:31.098+0000] {logging_mixin.py:188} INFO - [2024-04-05T05:53:31.098+0000] {dag.py:3834} INFO - Setting next_dagrun for example_python_operator to None, run_after=None
[2024-04-05T05:53:31.140+0000] {processor.py:183} INFO - Processing /home/airflow/.local/lib/python3.8/site-packages/airflow/example_dags/example_python_operator.py took 0.154 seconds
[2024-04-05T05:54:01.459+0000] {processor.py:161} INFO - Started process (PID=1521) to work on /home/airflow/.local/lib/python3.8/site-packages/airflow/example_dags/example_python_operator.py
[2024-04-05T05:54:01.461+0000] {processor.py:830} INFO - Processing file /home/airflow/.local/lib/python3.8/site-packages/airflow/example_dags/example_python_operator.py for tasks to queue
[2024-04-05T05:54:01.464+0000] {logging_mixin.py:188} INFO - [2024-04-05T05:54:01.463+0000] {dagbag.py:540} INFO - Filling up the DagBag from /home/airflow/.local/lib/python3.8/site-packages/airflow/example_dags/example_python_operator.py
[2024-04-05T05:54:01.493+0000] {processor.py:840} INFO - DAG(s) 'example_python_operator' retrieved from /home/airflow/.local/lib/python3.8/site-packages/airflow/example_dags/example_python_operator.py
[2024-04-05T05:54:01.548+0000] {logging_mixin.py:188} INFO - [2024-04-05T05:54:01.548+0000] {dag.py:3047} INFO - Sync 1 DAGs
[2024-04-05T05:54:01.567+0000] {logging_mixin.py:188} INFO - [2024-04-05T05:54:01.567+0000] {dag.py:3834} INFO - Setting next_dagrun for example_python_operator to None, run_after=None
[2024-04-05T05:54:01.598+0000] {processor.py:183} INFO - Processing /home/airflow/.local/lib/python3.8/site-packages/airflow/example_dags/example_python_operator.py took 0.145 seconds
[2024-04-05T05:54:31.839+0000] {processor.py:161} INFO - Started process (PID=1578) to work on /home/airflow/.local/lib/python3.8/site-packages/airflow/example_dags/example_python_operator.py
[2024-04-05T05:54:31.841+0000] {processor.py:830} INFO - Processing file /home/airflow/.local/lib/python3.8/site-packages/airflow/example_dags/example_python_operator.py for tasks to queue
[2024-04-05T05:54:31.843+0000] {logging_mixin.py:188} INFO - [2024-04-05T05:54:31.843+0000] {dagbag.py:540} INFO - Filling up the DagBag from /home/airflow/.local/lib/python3.8/site-packages/airflow/example_dags/example_python_operator.py
[2024-04-05T05:54:31.867+0000] {processor.py:840} INFO - DAG(s) 'example_python_operator' retrieved from /home/airflow/.local/lib/python3.8/site-packages/airflow/example_dags/example_python_operator.py
[2024-04-05T05:54:31.915+0000] {logging_mixin.py:188} INFO - [2024-04-05T05:54:31.915+0000] {dag.py:3047} INFO - Sync 1 DAGs
[2024-04-05T05:54:31.942+0000] {logging_mixin.py:188} INFO - [2024-04-05T05:54:31.942+0000] {dag.py:3834} INFO - Setting next_dagrun for example_python_operator to None, run_after=None
[2024-04-05T05:54:31.980+0000] {processor.py:183} INFO - Processing /home/airflow/.local/lib/python3.8/site-packages/airflow/example_dags/example_python_operator.py took 0.151 seconds
[2024-04-05T05:55:03.480+0000] {processor.py:161} INFO - Started process (PID=1635) to work on /home/airflow/.local/lib/python3.8/site-packages/airflow/example_dags/example_python_operator.py
[2024-04-05T05:55:03.483+0000] {processor.py:830} INFO - Processing file /home/airflow/.local/lib/python3.8/site-packages/airflow/example_dags/example_python_operator.py for tasks to queue
[2024-04-05T05:55:03.486+0000] {logging_mixin.py:188} INFO - [2024-04-05T05:55:03.485+0000] {dagbag.py:540} INFO - Filling up the DagBag from /home/airflow/.local/lib/python3.8/site-packages/airflow/example_dags/example_python_operator.py
[2024-04-05T05:55:03.517+0000] {processor.py:840} INFO - DAG(s) 'example_python_operator' retrieved from /home/airflow/.local/lib/python3.8/site-packages/airflow/example_dags/example_python_operator.py
[2024-04-05T05:55:03.587+0000] {logging_mixin.py:188} INFO - [2024-04-05T05:55:03.586+0000] {dag.py:3047} INFO - Sync 1 DAGs
[2024-04-05T05:55:03.629+0000] {logging_mixin.py:188} INFO - [2024-04-05T05:55:03.628+0000] {dag.py:3834} INFO - Setting next_dagrun for example_python_operator to None, run_after=None
[2024-04-05T05:55:03.723+0000] {processor.py:183} INFO - Processing /home/airflow/.local/lib/python3.8/site-packages/airflow/example_dags/example_python_operator.py took 0.257 seconds
[2024-04-05T05:55:34.062+0000] {processor.py:161} INFO - Started process (PID=1689) to work on /home/airflow/.local/lib/python3.8/site-packages/airflow/example_dags/example_python_operator.py
[2024-04-05T05:55:34.065+0000] {processor.py:830} INFO - Processing file /home/airflow/.local/lib/python3.8/site-packages/airflow/example_dags/example_python_operator.py for tasks to queue
[2024-04-05T05:55:34.069+0000] {logging_mixin.py:188} INFO - [2024-04-05T05:55:34.067+0000] {dagbag.py:540} INFO - Filling up the DagBag from /home/airflow/.local/lib/python3.8/site-packages/airflow/example_dags/example_python_operator.py
[2024-04-05T05:55:34.102+0000] {processor.py:840} INFO - DAG(s) 'example_python_operator' retrieved from /home/airflow/.local/lib/python3.8/site-packages/airflow/example_dags/example_python_operator.py
[2024-04-05T05:55:34.161+0000] {logging_mixin.py:188} INFO - [2024-04-05T05:55:34.161+0000] {dag.py:3047} INFO - Sync 1 DAGs
[2024-04-05T05:55:34.188+0000] {logging_mixin.py:188} INFO - [2024-04-05T05:55:34.188+0000] {dag.py:3834} INFO - Setting next_dagrun for example_python_operator to None, run_after=None
[2024-04-05T05:55:34.224+0000] {processor.py:183} INFO - Processing /home/airflow/.local/lib/python3.8/site-packages/airflow/example_dags/example_python_operator.py took 0.168 seconds
[2024-04-05T05:56:04.515+0000] {processor.py:161} INFO - Started process (PID=1746) to work on /home/airflow/.local/lib/python3.8/site-packages/airflow/example_dags/example_python_operator.py
[2024-04-05T05:56:04.517+0000] {processor.py:830} INFO - Processing file /home/airflow/.local/lib/python3.8/site-packages/airflow/example_dags/example_python_operator.py for tasks to queue
[2024-04-05T05:56:04.520+0000] {logging_mixin.py:188} INFO - [2024-04-05T05:56:04.519+0000] {dagbag.py:540} INFO - Filling up the DagBag from /home/airflow/.local/lib/python3.8/site-packages/airflow/example_dags/example_python_operator.py
[2024-04-05T05:56:04.547+0000] {processor.py:840} INFO - DAG(s) 'example_python_operator' retrieved from /home/airflow/.local/lib/python3.8/site-packages/airflow/example_dags/example_python_operator.py
[2024-04-05T05:56:04.608+0000] {logging_mixin.py:188} INFO - [2024-04-05T05:56:04.607+0000] {dag.py:3047} INFO - Sync 1 DAGs
[2024-04-05T05:56:04.640+0000] {logging_mixin.py:188} INFO - [2024-04-05T05:56:04.639+0000] {dag.py:3834} INFO - Setting next_dagrun for example_python_operator to None, run_after=None
[2024-04-05T05:56:04.685+0000] {processor.py:183} INFO - Processing /home/airflow/.local/lib/python3.8/site-packages/airflow/example_dags/example_python_operator.py took 0.180 seconds
[2024-04-05T05:56:34.921+0000] {processor.py:161} INFO - Started process (PID=1804) to work on /home/airflow/.local/lib/python3.8/site-packages/airflow/example_dags/example_python_operator.py
[2024-04-05T05:56:34.923+0000] {processor.py:830} INFO - Processing file /home/airflow/.local/lib/python3.8/site-packages/airflow/example_dags/example_python_operator.py for tasks to queue
[2024-04-05T05:56:34.926+0000] {logging_mixin.py:188} INFO - [2024-04-05T05:56:34.925+0000] {dagbag.py:540} INFO - Filling up the DagBag from /home/airflow/.local/lib/python3.8/site-packages/airflow/example_dags/example_python_operator.py
[2024-04-05T05:56:34.954+0000] {processor.py:840} INFO - DAG(s) 'example_python_operator' retrieved from /home/airflow/.local/lib/python3.8/site-packages/airflow/example_dags/example_python_operator.py
[2024-04-05T05:56:35.021+0000] {logging_mixin.py:188} INFO - [2024-04-05T05:56:35.021+0000] {dag.py:3047} INFO - Sync 1 DAGs
[2024-04-05T05:56:35.054+0000] {logging_mixin.py:188} INFO - [2024-04-05T05:56:35.053+0000] {dag.py:3834} INFO - Setting next_dagrun for example_python_operator to None, run_after=None
[2024-04-05T05:56:35.092+0000] {processor.py:183} INFO - Processing /home/airflow/.local/lib/python3.8/site-packages/airflow/example_dags/example_python_operator.py took 0.179 seconds
[2024-04-05T05:57:05.573+0000] {processor.py:161} INFO - Started process (PID=1861) to work on /home/airflow/.local/lib/python3.8/site-packages/airflow/example_dags/example_python_operator.py
[2024-04-05T05:57:05.576+0000] {processor.py:830} INFO - Processing file /home/airflow/.local/lib/python3.8/site-packages/airflow/example_dags/example_python_operator.py for tasks to queue
[2024-04-05T05:57:05.578+0000] {logging_mixin.py:188} INFO - [2024-04-05T05:57:05.577+0000] {dagbag.py:540} INFO - Filling up the DagBag from /home/airflow/.local/lib/python3.8/site-packages/airflow/example_dags/example_python_operator.py
[2024-04-05T05:57:05.600+0000] {processor.py:840} INFO - DAG(s) 'example_python_operator' retrieved from /home/airflow/.local/lib/python3.8/site-packages/airflow/example_dags/example_python_operator.py
[2024-04-05T05:57:05.652+0000] {logging_mixin.py:188} INFO - [2024-04-05T05:57:05.652+0000] {dag.py:3047} INFO - Sync 1 DAGs
[2024-04-05T05:57:05.684+0000] {logging_mixin.py:188} INFO - [2024-04-05T05:57:05.684+0000] {dag.py:3834} INFO - Setting next_dagrun for example_python_operator to None, run_after=None
[2024-04-05T05:57:05.728+0000] {processor.py:183} INFO - Processing /home/airflow/.local/lib/python3.8/site-packages/airflow/example_dags/example_python_operator.py took 0.162 seconds
[2024-04-05T05:57:35.932+0000] {processor.py:161} INFO - Started process (PID=1918) to work on /home/airflow/.local/lib/python3.8/site-packages/airflow/example_dags/example_python_operator.py
[2024-04-05T05:57:35.934+0000] {processor.py:830} INFO - Processing file /home/airflow/.local/lib/python3.8/site-packages/airflow/example_dags/example_python_operator.py for tasks to queue
[2024-04-05T05:57:35.936+0000] {logging_mixin.py:188} INFO - [2024-04-05T05:57:35.936+0000] {dagbag.py:540} INFO - Filling up the DagBag from /home/airflow/.local/lib/python3.8/site-packages/airflow/example_dags/example_python_operator.py
[2024-04-05T05:57:35.955+0000] {processor.py:840} INFO - DAG(s) 'example_python_operator' retrieved from /home/airflow/.local/lib/python3.8/site-packages/airflow/example_dags/example_python_operator.py
[2024-04-05T05:57:36.015+0000] {logging_mixin.py:188} INFO - [2024-04-05T05:57:36.015+0000] {dag.py:3047} INFO - Sync 1 DAGs
[2024-04-05T05:57:36.045+0000] {logging_mixin.py:188} INFO - [2024-04-05T05:57:36.044+0000] {dag.py:3834} INFO - Setting next_dagrun for example_python_operator to None, run_after=None
[2024-04-05T05:57:36.077+0000] {processor.py:183} INFO - Processing /home/airflow/.local/lib/python3.8/site-packages/airflow/example_dags/example_python_operator.py took 0.150 seconds
[2024-04-05T05:58:06.845+0000] {processor.py:161} INFO - Started process (PID=1975) to work on /home/airflow/.local/lib/python3.8/site-packages/airflow/example_dags/example_python_operator.py
[2024-04-05T05:58:06.847+0000] {processor.py:830} INFO - Processing file /home/airflow/.local/lib/python3.8/site-packages/airflow/example_dags/example_python_operator.py for tasks to queue
[2024-04-05T05:58:06.849+0000] {logging_mixin.py:188} INFO - [2024-04-05T05:58:06.848+0000] {dagbag.py:540} INFO - Filling up the DagBag from /home/airflow/.local/lib/python3.8/site-packages/airflow/example_dags/example_python_operator.py
[2024-04-05T05:58:06.867+0000] {processor.py:840} INFO - DAG(s) 'example_python_operator' retrieved from /home/airflow/.local/lib/python3.8/site-packages/airflow/example_dags/example_python_operator.py
[2024-04-05T05:58:06.904+0000] {logging_mixin.py:188} INFO - [2024-04-05T05:58:06.903+0000] {dag.py:3047} INFO - Sync 1 DAGs
[2024-04-05T05:58:06.922+0000] {logging_mixin.py:188} INFO - [2024-04-05T05:58:06.922+0000] {dag.py:3834} INFO - Setting next_dagrun for example_python_operator to None, run_after=None
[2024-04-05T05:58:06.951+0000] {processor.py:183} INFO - Processing /home/airflow/.local/lib/python3.8/site-packages/airflow/example_dags/example_python_operator.py took 0.111 seconds
[2024-04-05T05:58:37.303+0000] {processor.py:161} INFO - Started process (PID=2032) to work on /home/airflow/.local/lib/python3.8/site-packages/airflow/example_dags/example_python_operator.py
[2024-04-05T05:58:37.304+0000] {processor.py:830} INFO - Processing file /home/airflow/.local/lib/python3.8/site-packages/airflow/example_dags/example_python_operator.py for tasks to queue
[2024-04-05T05:58:37.306+0000] {logging_mixin.py:188} INFO - [2024-04-05T05:58:37.306+0000] {dagbag.py:540} INFO - Filling up the DagBag from /home/airflow/.local/lib/python3.8/site-packages/airflow/example_dags/example_python_operator.py
[2024-04-05T05:58:37.329+0000] {processor.py:840} INFO - DAG(s) 'example_python_operator' retrieved from /home/airflow/.local/lib/python3.8/site-packages/airflow/example_dags/example_python_operator.py
[2024-04-05T05:58:37.371+0000] {logging_mixin.py:188} INFO - [2024-04-05T05:58:37.370+0000] {dag.py:3047} INFO - Sync 1 DAGs
[2024-04-05T05:58:37.390+0000] {logging_mixin.py:188} INFO - [2024-04-05T05:58:37.389+0000] {dag.py:3834} INFO - Setting next_dagrun for example_python_operator to None, run_after=None
[2024-04-05T05:58:37.422+0000] {processor.py:183} INFO - Processing /home/airflow/.local/lib/python3.8/site-packages/airflow/example_dags/example_python_operator.py took 0.125 seconds
[2024-04-05T05:59:07.627+0000] {processor.py:161} INFO - Started process (PID=2089) to work on /home/airflow/.local/lib/python3.8/site-packages/airflow/example_dags/example_python_operator.py
[2024-04-05T05:59:07.629+0000] {processor.py:830} INFO - Processing file /home/airflow/.local/lib/python3.8/site-packages/airflow/example_dags/example_python_operator.py for tasks to queue
[2024-04-05T05:59:07.631+0000] {logging_mixin.py:188} INFO - [2024-04-05T05:59:07.630+0000] {dagbag.py:540} INFO - Filling up the DagBag from /home/airflow/.local/lib/python3.8/site-packages/airflow/example_dags/example_python_operator.py
[2024-04-05T05:59:07.646+0000] {processor.py:840} INFO - DAG(s) 'example_python_operator' retrieved from /home/airflow/.local/lib/python3.8/site-packages/airflow/example_dags/example_python_operator.py
[2024-04-05T05:59:07.686+0000] {logging_mixin.py:188} INFO - [2024-04-05T05:59:07.686+0000] {dag.py:3047} INFO - Sync 1 DAGs
[2024-04-05T05:59:07.705+0000] {logging_mixin.py:188} INFO - [2024-04-05T05:59:07.704+0000] {dag.py:3834} INFO - Setting next_dagrun for example_python_operator to None, run_after=None
[2024-04-05T05:59:07.740+0000] {processor.py:183} INFO - Processing /home/airflow/.local/lib/python3.8/site-packages/airflow/example_dags/example_python_operator.py took 0.118 seconds
[2024-04-05T05:59:38.015+0000] {processor.py:161} INFO - Started process (PID=2146) to work on /home/airflow/.local/lib/python3.8/site-packages/airflow/example_dags/example_python_operator.py
[2024-04-05T05:59:38.016+0000] {processor.py:830} INFO - Processing file /home/airflow/.local/lib/python3.8/site-packages/airflow/example_dags/example_python_operator.py for tasks to queue
[2024-04-05T05:59:38.018+0000] {logging_mixin.py:188} INFO - [2024-04-05T05:59:38.018+0000] {dagbag.py:540} INFO - Filling up the DagBag from /home/airflow/.local/lib/python3.8/site-packages/airflow/example_dags/example_python_operator.py
[2024-04-05T05:59:38.035+0000] {processor.py:840} INFO - DAG(s) 'example_python_operator' retrieved from /home/airflow/.local/lib/python3.8/site-packages/airflow/example_dags/example_python_operator.py
[2024-04-05T05:59:38.074+0000] {logging_mixin.py:188} INFO - [2024-04-05T05:59:38.074+0000] {dag.py:3047} INFO - Sync 1 DAGs
[2024-04-05T05:59:38.112+0000] {logging_mixin.py:188} INFO - [2024-04-05T05:59:38.112+0000] {dag.py:3834} INFO - Setting next_dagrun for example_python_operator to None, run_after=None
[2024-04-05T05:59:38.154+0000] {processor.py:183} INFO - Processing /home/airflow/.local/lib/python3.8/site-packages/airflow/example_dags/example_python_operator.py took 0.145 seconds
[2024-04-05T06:00:08.333+0000] {processor.py:161} INFO - Started process (PID=2203) to work on /home/airflow/.local/lib/python3.8/site-packages/airflow/example_dags/example_python_operator.py
[2024-04-05T06:00:08.335+0000] {processor.py:830} INFO - Processing file /home/airflow/.local/lib/python3.8/site-packages/airflow/example_dags/example_python_operator.py for tasks to queue
[2024-04-05T06:00:08.337+0000] {logging_mixin.py:188} INFO - [2024-04-05T06:00:08.337+0000] {dagbag.py:540} INFO - Filling up the DagBag from /home/airflow/.local/lib/python3.8/site-packages/airflow/example_dags/example_python_operator.py
[2024-04-05T06:00:08.356+0000] {processor.py:840} INFO - DAG(s) 'example_python_operator' retrieved from /home/airflow/.local/lib/python3.8/site-packages/airflow/example_dags/example_python_operator.py
[2024-04-05T06:00:08.396+0000] {logging_mixin.py:188} INFO - [2024-04-05T06:00:08.395+0000] {dag.py:3047} INFO - Sync 1 DAGs
[2024-04-05T06:00:08.415+0000] {logging_mixin.py:188} INFO - [2024-04-05T06:00:08.415+0000] {dag.py:3834} INFO - Setting next_dagrun for example_python_operator to None, run_after=None
[2024-04-05T06:00:08.456+0000] {processor.py:183} INFO - Processing /home/airflow/.local/lib/python3.8/site-packages/airflow/example_dags/example_python_operator.py took 0.128 seconds
[2024-04-05T06:00:38.866+0000] {processor.py:161} INFO - Started process (PID=2260) to work on /home/airflow/.local/lib/python3.8/site-packages/airflow/example_dags/example_python_operator.py
[2024-04-05T06:00:38.871+0000] {processor.py:830} INFO - Processing file /home/airflow/.local/lib/python3.8/site-packages/airflow/example_dags/example_python_operator.py for tasks to queue
[2024-04-05T06:00:38.874+0000] {logging_mixin.py:188} INFO - [2024-04-05T06:00:38.873+0000] {dagbag.py:540} INFO - Filling up the DagBag from /home/airflow/.local/lib/python3.8/site-packages/airflow/example_dags/example_python_operator.py
[2024-04-05T06:00:38.903+0000] {processor.py:840} INFO - DAG(s) 'example_python_operator' retrieved from /home/airflow/.local/lib/python3.8/site-packages/airflow/example_dags/example_python_operator.py
[2024-04-05T06:00:38.949+0000] {logging_mixin.py:188} INFO - [2024-04-05T06:00:38.948+0000] {dag.py:3047} INFO - Sync 1 DAGs
[2024-04-05T06:00:38.974+0000] {logging_mixin.py:188} INFO - [2024-04-05T06:00:38.973+0000] {dag.py:3834} INFO - Setting next_dagrun for example_python_operator to None, run_after=None
[2024-04-05T06:00:39.004+0000] {processor.py:183} INFO - Processing /home/airflow/.local/lib/python3.8/site-packages/airflow/example_dags/example_python_operator.py took 0.147 seconds
[2024-04-05T06:01:09.624+0000] {processor.py:161} INFO - Started process (PID=2317) to work on /home/airflow/.local/lib/python3.8/site-packages/airflow/example_dags/example_python_operator.py
[2024-04-05T06:01:09.626+0000] {processor.py:830} INFO - Processing file /home/airflow/.local/lib/python3.8/site-packages/airflow/example_dags/example_python_operator.py for tasks to queue
[2024-04-05T06:01:09.629+0000] {logging_mixin.py:188} INFO - [2024-04-05T06:01:09.628+0000] {dagbag.py:540} INFO - Filling up the DagBag from /home/airflow/.local/lib/python3.8/site-packages/airflow/example_dags/example_python_operator.py
[2024-04-05T06:01:09.655+0000] {processor.py:840} INFO - DAG(s) 'example_python_operator' retrieved from /home/airflow/.local/lib/python3.8/site-packages/airflow/example_dags/example_python_operator.py
[2024-04-05T06:01:09.708+0000] {logging_mixin.py:188} INFO - [2024-04-05T06:01:09.708+0000] {dag.py:3047} INFO - Sync 1 DAGs
[2024-04-05T06:01:09.748+0000] {logging_mixin.py:188} INFO - [2024-04-05T06:01:09.748+0000] {dag.py:3834} INFO - Setting next_dagrun for example_python_operator to None, run_after=None
[2024-04-05T06:01:09.801+0000] {processor.py:183} INFO - Processing /home/airflow/.local/lib/python3.8/site-packages/airflow/example_dags/example_python_operator.py took 0.186 seconds
[2024-04-05T06:01:39.944+0000] {processor.py:161} INFO - Started process (PID=2374) to work on /home/airflow/.local/lib/python3.8/site-packages/airflow/example_dags/example_python_operator.py
[2024-04-05T06:01:39.946+0000] {processor.py:830} INFO - Processing file /home/airflow/.local/lib/python3.8/site-packages/airflow/example_dags/example_python_operator.py for tasks to queue
[2024-04-05T06:01:39.948+0000] {logging_mixin.py:188} INFO - [2024-04-05T06:01:39.948+0000] {dagbag.py:540} INFO - Filling up the DagBag from /home/airflow/.local/lib/python3.8/site-packages/airflow/example_dags/example_python_operator.py
[2024-04-05T06:01:39.972+0000] {processor.py:840} INFO - DAG(s) 'example_python_operator' retrieved from /home/airflow/.local/lib/python3.8/site-packages/airflow/example_dags/example_python_operator.py
[2024-04-05T06:01:40.021+0000] {logging_mixin.py:188} INFO - [2024-04-05T06:01:40.020+0000] {dag.py:3047} INFO - Sync 1 DAGs
[2024-04-05T06:01:40.045+0000] {logging_mixin.py:188} INFO - [2024-04-05T06:01:40.044+0000] {dag.py:3834} INFO - Setting next_dagrun for example_python_operator to None, run_after=None
[2024-04-05T06:01:40.081+0000] {processor.py:183} INFO - Processing /home/airflow/.local/lib/python3.8/site-packages/airflow/example_dags/example_python_operator.py took 0.143 seconds
[2024-04-05T06:02:10.679+0000] {processor.py:161} INFO - Started process (PID=2431) to work on /home/airflow/.local/lib/python3.8/site-packages/airflow/example_dags/example_python_operator.py
[2024-04-05T06:02:10.681+0000] {processor.py:830} INFO - Processing file /home/airflow/.local/lib/python3.8/site-packages/airflow/example_dags/example_python_operator.py for tasks to queue
[2024-04-05T06:02:10.682+0000] {logging_mixin.py:188} INFO - [2024-04-05T06:02:10.682+0000] {dagbag.py:540} INFO - Filling up the DagBag from /home/airflow/.local/lib/python3.8/site-packages/airflow/example_dags/example_python_operator.py
[2024-04-05T06:02:10.698+0000] {processor.py:840} INFO - DAG(s) 'example_python_operator' retrieved from /home/airflow/.local/lib/python3.8/site-packages/airflow/example_dags/example_python_operator.py
[2024-04-05T06:02:10.735+0000] {logging_mixin.py:188} INFO - [2024-04-05T06:02:10.735+0000] {dag.py:3047} INFO - Sync 1 DAGs
[2024-04-05T06:02:10.755+0000] {logging_mixin.py:188} INFO - [2024-04-05T06:02:10.754+0000] {dag.py:3834} INFO - Setting next_dagrun for example_python_operator to None, run_after=None
[2024-04-05T06:02:10.788+0000] {processor.py:183} INFO - Processing /home/airflow/.local/lib/python3.8/site-packages/airflow/example_dags/example_python_operator.py took 0.114 seconds
[2024-04-05T06:02:41.372+0000] {processor.py:161} INFO - Started process (PID=2488) to work on /home/airflow/.local/lib/python3.8/site-packages/airflow/example_dags/example_python_operator.py
[2024-04-05T06:02:41.374+0000] {processor.py:830} INFO - Processing file /home/airflow/.local/lib/python3.8/site-packages/airflow/example_dags/example_python_operator.py for tasks to queue
[2024-04-05T06:02:41.377+0000] {logging_mixin.py:188} INFO - [2024-04-05T06:02:41.376+0000] {dagbag.py:540} INFO - Filling up the DagBag from /home/airflow/.local/lib/python3.8/site-packages/airflow/example_dags/example_python_operator.py
[2024-04-05T06:02:41.406+0000] {processor.py:840} INFO - DAG(s) 'example_python_operator' retrieved from /home/airflow/.local/lib/python3.8/site-packages/airflow/example_dags/example_python_operator.py
[2024-04-05T06:02:41.460+0000] {logging_mixin.py:188} INFO - [2024-04-05T06:02:41.460+0000] {dag.py:3047} INFO - Sync 1 DAGs
[2024-04-05T06:02:41.481+0000] {logging_mixin.py:188} INFO - [2024-04-05T06:02:41.481+0000] {dag.py:3834} INFO - Setting next_dagrun for example_python_operator to None, run_after=None
[2024-04-05T06:02:41.532+0000] {processor.py:183} INFO - Processing /home/airflow/.local/lib/python3.8/site-packages/airflow/example_dags/example_python_operator.py took 0.167 seconds
[2024-04-05T06:03:12.201+0000] {processor.py:161} INFO - Started process (PID=2551) to work on /home/airflow/.local/lib/python3.8/site-packages/airflow/example_dags/example_python_operator.py
[2024-04-05T06:03:12.206+0000] {processor.py:830} INFO - Processing file /home/airflow/.local/lib/python3.8/site-packages/airflow/example_dags/example_python_operator.py for tasks to queue
[2024-04-05T06:03:12.209+0000] {logging_mixin.py:188} INFO - [2024-04-05T06:03:12.208+0000] {dagbag.py:540} INFO - Filling up the DagBag from /home/airflow/.local/lib/python3.8/site-packages/airflow/example_dags/example_python_operator.py
[2024-04-05T06:03:12.263+0000] {processor.py:840} INFO - DAG(s) 'example_python_operator' retrieved from /home/airflow/.local/lib/python3.8/site-packages/airflow/example_dags/example_python_operator.py
[2024-04-05T06:03:12.372+0000] {logging_mixin.py:188} INFO - [2024-04-05T06:03:12.372+0000] {dag.py:3047} INFO - Sync 1 DAGs
[2024-04-05T06:03:12.422+0000] {logging_mixin.py:188} INFO - [2024-04-05T06:03:12.422+0000] {dag.py:3834} INFO - Setting next_dagrun for example_python_operator to None, run_after=None
[2024-04-05T06:03:12.486+0000] {processor.py:183} INFO - Processing /home/airflow/.local/lib/python3.8/site-packages/airflow/example_dags/example_python_operator.py took 0.307 seconds
[2024-04-05T06:03:42.732+0000] {processor.py:161} INFO - Started process (PID=2608) to work on /home/airflow/.local/lib/python3.8/site-packages/airflow/example_dags/example_python_operator.py
[2024-04-05T06:03:42.734+0000] {processor.py:830} INFO - Processing file /home/airflow/.local/lib/python3.8/site-packages/airflow/example_dags/example_python_operator.py for tasks to queue
[2024-04-05T06:03:42.736+0000] {logging_mixin.py:188} INFO - [2024-04-05T06:03:42.735+0000] {dagbag.py:540} INFO - Filling up the DagBag from /home/airflow/.local/lib/python3.8/site-packages/airflow/example_dags/example_python_operator.py
[2024-04-05T06:03:42.754+0000] {processor.py:840} INFO - DAG(s) 'example_python_operator' retrieved from /home/airflow/.local/lib/python3.8/site-packages/airflow/example_dags/example_python_operator.py
[2024-04-05T06:03:42.790+0000] {logging_mixin.py:188} INFO - [2024-04-05T06:03:42.790+0000] {dag.py:3047} INFO - Sync 1 DAGs
[2024-04-05T06:03:42.810+0000] {logging_mixin.py:188} INFO - [2024-04-05T06:03:42.809+0000] {dag.py:3834} INFO - Setting next_dagrun for example_python_operator to None, run_after=None
[2024-04-05T06:03:42.844+0000] {processor.py:183} INFO - Processing /home/airflow/.local/lib/python3.8/site-packages/airflow/example_dags/example_python_operator.py took 0.117 seconds
[2024-04-05T06:04:13.013+0000] {processor.py:161} INFO - Started process (PID=2665) to work on /home/airflow/.local/lib/python3.8/site-packages/airflow/example_dags/example_python_operator.py
[2024-04-05T06:04:13.022+0000] {processor.py:830} INFO - Processing file /home/airflow/.local/lib/python3.8/site-packages/airflow/example_dags/example_python_operator.py for tasks to queue
[2024-04-05T06:04:13.025+0000] {logging_mixin.py:188} INFO - [2024-04-05T06:04:13.024+0000] {dagbag.py:540} INFO - Filling up the DagBag from /home/airflow/.local/lib/python3.8/site-packages/airflow/example_dags/example_python_operator.py
[2024-04-05T06:04:13.046+0000] {processor.py:840} INFO - DAG(s) 'example_python_operator' retrieved from /home/airflow/.local/lib/python3.8/site-packages/airflow/example_dags/example_python_operator.py
[2024-04-05T06:04:13.101+0000] {logging_mixin.py:188} INFO - [2024-04-05T06:04:13.101+0000] {dag.py:3047} INFO - Sync 1 DAGs
[2024-04-05T06:04:13.126+0000] {logging_mixin.py:188} INFO - [2024-04-05T06:04:13.126+0000] {dag.py:3834} INFO - Setting next_dagrun for example_python_operator to None, run_after=None
[2024-04-05T06:04:13.168+0000] {processor.py:183} INFO - Processing /home/airflow/.local/lib/python3.8/site-packages/airflow/example_dags/example_python_operator.py took 0.163 seconds
[2024-04-05T06:04:43.334+0000] {processor.py:161} INFO - Started process (PID=2722) to work on /home/airflow/.local/lib/python3.8/site-packages/airflow/example_dags/example_python_operator.py
[2024-04-05T06:04:43.336+0000] {processor.py:830} INFO - Processing file /home/airflow/.local/lib/python3.8/site-packages/airflow/example_dags/example_python_operator.py for tasks to queue
[2024-04-05T06:04:43.337+0000] {logging_mixin.py:188} INFO - [2024-04-05T06:04:43.337+0000] {dagbag.py:540} INFO - Filling up the DagBag from /home/airflow/.local/lib/python3.8/site-packages/airflow/example_dags/example_python_operator.py
[2024-04-05T06:04:43.353+0000] {processor.py:840} INFO - DAG(s) 'example_python_operator' retrieved from /home/airflow/.local/lib/python3.8/site-packages/airflow/example_dags/example_python_operator.py
[2024-04-05T06:04:43.392+0000] {logging_mixin.py:188} INFO - [2024-04-05T06:04:43.392+0000] {dag.py:3047} INFO - Sync 1 DAGs
[2024-04-05T06:04:43.414+0000] {logging_mixin.py:188} INFO - [2024-04-05T06:04:43.414+0000] {dag.py:3834} INFO - Setting next_dagrun for example_python_operator to None, run_after=None
[2024-04-05T06:04:43.444+0000] {processor.py:183} INFO - Processing /home/airflow/.local/lib/python3.8/site-packages/airflow/example_dags/example_python_operator.py took 0.115 seconds
[2024-04-05T06:05:13.604+0000] {processor.py:161} INFO - Started process (PID=2779) to work on /home/airflow/.local/lib/python3.8/site-packages/airflow/example_dags/example_python_operator.py
[2024-04-05T06:05:13.606+0000] {processor.py:830} INFO - Processing file /home/airflow/.local/lib/python3.8/site-packages/airflow/example_dags/example_python_operator.py for tasks to queue
[2024-04-05T06:05:13.608+0000] {logging_mixin.py:188} INFO - [2024-04-05T06:05:13.607+0000] {dagbag.py:540} INFO - Filling up the DagBag from /home/airflow/.local/lib/python3.8/site-packages/airflow/example_dags/example_python_operator.py
[2024-04-05T06:05:13.628+0000] {processor.py:840} INFO - DAG(s) 'example_python_operator' retrieved from /home/airflow/.local/lib/python3.8/site-packages/airflow/example_dags/example_python_operator.py
[2024-04-05T06:05:13.678+0000] {logging_mixin.py:188} INFO - [2024-04-05T06:05:13.677+0000] {dag.py:3047} INFO - Sync 1 DAGs
[2024-04-05T06:05:13.699+0000] {logging_mixin.py:188} INFO - [2024-04-05T06:05:13.699+0000] {dag.py:3834} INFO - Setting next_dagrun for example_python_operator to None, run_after=None
[2024-04-05T06:05:13.733+0000] {processor.py:183} INFO - Processing /home/airflow/.local/lib/python3.8/site-packages/airflow/example_dags/example_python_operator.py took 0.135 seconds
