[2024-04-05T05:40:34.987+0000] {processor.py:161} INFO - Started process (PID=50) to work on /home/airflow/.local/lib/python3.8/site-packages/airflow/example_dags/example_sla_dag.py
[2024-04-05T05:40:35.009+0000] {processor.py:830} INFO - Processing file /home/airflow/.local/lib/python3.8/site-packages/airflow/example_dags/example_sla_dag.py for tasks to queue
[2024-04-05T05:40:35.053+0000] {logging_mixin.py:188} INFO - [2024-04-05T05:40:35.051+0000] {dagbag.py:540} INFO - Filling up the DagBag from /home/airflow/.local/lib/python3.8/site-packages/airflow/example_dags/example_sla_dag.py
[2024-04-05T05:40:35.265+0000] {processor.py:840} INFO - DAG(s) 'example_sla_dag' retrieved from /home/airflow/.local/lib/python3.8/site-packages/airflow/example_dags/example_sla_dag.py
[2024-04-05T05:40:35.383+0000] {logging_mixin.py:188} INFO - [2024-04-05T05:40:35.383+0000] {dag.py:3047} INFO - Sync 1 DAGs
[2024-04-05T05:40:35.663+0000] {logging_mixin.py:188} INFO - [2024-04-05T05:40:35.663+0000] {dag.py:3834} INFO - Setting next_dagrun for example_sla_dag to 2024-04-05 05:38:00+00:00, run_after=2024-04-05 05:40:00+00:00
[2024-04-05T05:40:36.005+0000] {processor.py:183} INFO - Processing /home/airflow/.local/lib/python3.8/site-packages/airflow/example_dags/example_sla_dag.py took 1.256 seconds
[2024-04-05T05:41:25.251+0000] {processor.py:161} INFO - Started process (PID=113) to work on /home/airflow/.local/lib/python3.8/site-packages/airflow/example_dags/example_sla_dag.py
[2024-04-05T05:41:25.258+0000] {processor.py:830} INFO - Processing file /home/airflow/.local/lib/python3.8/site-packages/airflow/example_dags/example_sla_dag.py for tasks to queue
[2024-04-05T05:41:25.267+0000] {logging_mixin.py:188} INFO - [2024-04-05T05:41:25.263+0000] {dagbag.py:540} INFO - Filling up the DagBag from /home/airflow/.local/lib/python3.8/site-packages/airflow/example_dags/example_sla_dag.py
[2024-04-05T05:41:25.335+0000] {processor.py:840} INFO - DAG(s) 'example_sla_dag' retrieved from /home/airflow/.local/lib/python3.8/site-packages/airflow/example_dags/example_sla_dag.py
[2024-04-05T05:41:25.957+0000] {logging_mixin.py:188} INFO - [2024-04-05T05:41:25.956+0000] {dag.py:3047} INFO - Sync 1 DAGs
[2024-04-05T05:41:26.070+0000] {logging_mixin.py:188} INFO - [2024-04-05T05:41:26.070+0000] {dag.py:3834} INFO - Setting next_dagrun for example_sla_dag to 2024-04-05 05:38:00+00:00, run_after=2024-04-05 05:40:00+00:00
[2024-04-05T05:41:26.160+0000] {processor.py:183} INFO - Processing /home/airflow/.local/lib/python3.8/site-packages/airflow/example_dags/example_sla_dag.py took 0.930 seconds
[2024-04-05T05:41:56.406+0000] {processor.py:161} INFO - Started process (PID=170) to work on /home/airflow/.local/lib/python3.8/site-packages/airflow/example_dags/example_sla_dag.py
[2024-04-05T05:41:56.408+0000] {processor.py:830} INFO - Processing file /home/airflow/.local/lib/python3.8/site-packages/airflow/example_dags/example_sla_dag.py for tasks to queue
[2024-04-05T05:41:56.414+0000] {logging_mixin.py:188} INFO - [2024-04-05T05:41:56.413+0000] {dagbag.py:540} INFO - Filling up the DagBag from /home/airflow/.local/lib/python3.8/site-packages/airflow/example_dags/example_sla_dag.py
[2024-04-05T05:41:56.441+0000] {processor.py:840} INFO - DAG(s) 'example_sla_dag' retrieved from /home/airflow/.local/lib/python3.8/site-packages/airflow/example_dags/example_sla_dag.py
[2024-04-05T05:41:56.498+0000] {logging_mixin.py:188} INFO - [2024-04-05T05:41:56.497+0000] {dag.py:3047} INFO - Sync 1 DAGs
[2024-04-05T05:41:56.561+0000] {logging_mixin.py:188} INFO - [2024-04-05T05:41:56.561+0000] {dag.py:3834} INFO - Setting next_dagrun for example_sla_dag to 2024-04-05 05:38:00+00:00, run_after=2024-04-05 05:40:00+00:00
[2024-04-05T05:41:56.599+0000] {processor.py:183} INFO - Processing /home/airflow/.local/lib/python3.8/site-packages/airflow/example_dags/example_sla_dag.py took 0.200 seconds
[2024-04-05T05:42:26.830+0000] {processor.py:161} INFO - Started process (PID=227) to work on /home/airflow/.local/lib/python3.8/site-packages/airflow/example_dags/example_sla_dag.py
[2024-04-05T05:42:26.832+0000] {processor.py:830} INFO - Processing file /home/airflow/.local/lib/python3.8/site-packages/airflow/example_dags/example_sla_dag.py for tasks to queue
[2024-04-05T05:42:26.837+0000] {logging_mixin.py:188} INFO - [2024-04-05T05:42:26.836+0000] {dagbag.py:540} INFO - Filling up the DagBag from /home/airflow/.local/lib/python3.8/site-packages/airflow/example_dags/example_sla_dag.py
[2024-04-05T05:42:26.854+0000] {processor.py:840} INFO - DAG(s) 'example_sla_dag' retrieved from /home/airflow/.local/lib/python3.8/site-packages/airflow/example_dags/example_sla_dag.py
[2024-04-05T05:42:26.896+0000] {logging_mixin.py:188} INFO - [2024-04-05T05:42:26.895+0000] {dag.py:3047} INFO - Sync 1 DAGs
[2024-04-05T05:42:26.948+0000] {logging_mixin.py:188} INFO - [2024-04-05T05:42:26.948+0000] {dag.py:3834} INFO - Setting next_dagrun for example_sla_dag to 2024-04-05 05:40:00+00:00, run_after=2024-04-05 05:42:00+00:00
[2024-04-05T05:42:26.990+0000] {processor.py:183} INFO - Processing /home/airflow/.local/lib/python3.8/site-packages/airflow/example_dags/example_sla_dag.py took 0.165 seconds
[2024-04-05T05:42:57.338+0000] {processor.py:161} INFO - Started process (PID=287) to work on /home/airflow/.local/lib/python3.8/site-packages/airflow/example_dags/example_sla_dag.py
[2024-04-05T05:42:57.341+0000] {processor.py:830} INFO - Processing file /home/airflow/.local/lib/python3.8/site-packages/airflow/example_dags/example_sla_dag.py for tasks to queue
[2024-04-05T05:42:57.354+0000] {logging_mixin.py:188} INFO - [2024-04-05T05:42:57.353+0000] {dagbag.py:540} INFO - Filling up the DagBag from /home/airflow/.local/lib/python3.8/site-packages/airflow/example_dags/example_sla_dag.py
[2024-04-05T05:42:57.450+0000] {processor.py:840} INFO - DAG(s) 'example_sla_dag' retrieved from /home/airflow/.local/lib/python3.8/site-packages/airflow/example_dags/example_sla_dag.py
[2024-04-05T05:42:57.568+0000] {logging_mixin.py:188} INFO - [2024-04-05T05:42:57.566+0000] {dag.py:3047} INFO - Sync 1 DAGs
[2024-04-05T05:42:57.669+0000] {logging_mixin.py:188} INFO - [2024-04-05T05:42:57.668+0000] {dag.py:3834} INFO - Setting next_dagrun for example_sla_dag to 2024-04-05 05:40:00+00:00, run_after=2024-04-05 05:42:00+00:00
[2024-04-05T05:42:57.730+0000] {processor.py:183} INFO - Processing /home/airflow/.local/lib/python3.8/site-packages/airflow/example_dags/example_sla_dag.py took 0.406 seconds
[2024-04-05T05:43:27.897+0000] {processor.py:161} INFO - Started process (PID=344) to work on /home/airflow/.local/lib/python3.8/site-packages/airflow/example_dags/example_sla_dag.py
[2024-04-05T05:43:27.899+0000] {processor.py:830} INFO - Processing file /home/airflow/.local/lib/python3.8/site-packages/airflow/example_dags/example_sla_dag.py for tasks to queue
[2024-04-05T05:43:27.903+0000] {logging_mixin.py:188} INFO - [2024-04-05T05:43:27.903+0000] {dagbag.py:540} INFO - Filling up the DagBag from /home/airflow/.local/lib/python3.8/site-packages/airflow/example_dags/example_sla_dag.py
[2024-04-05T05:43:27.927+0000] {processor.py:840} INFO - DAG(s) 'example_sla_dag' retrieved from /home/airflow/.local/lib/python3.8/site-packages/airflow/example_dags/example_sla_dag.py
[2024-04-05T05:43:27.978+0000] {logging_mixin.py:188} INFO - [2024-04-05T05:43:27.977+0000] {dag.py:3047} INFO - Sync 1 DAGs
[2024-04-05T05:43:28.054+0000] {logging_mixin.py:188} INFO - [2024-04-05T05:43:28.053+0000] {dag.py:3834} INFO - Setting next_dagrun for example_sla_dag to 2024-04-05 05:40:00+00:00, run_after=2024-04-05 05:42:00+00:00
[2024-04-05T05:43:28.094+0000] {processor.py:183} INFO - Processing /home/airflow/.local/lib/python3.8/site-packages/airflow/example_dags/example_sla_dag.py took 0.207 seconds
[2024-04-05T05:43:58.931+0000] {processor.py:161} INFO - Started process (PID=401) to work on /home/airflow/.local/lib/python3.8/site-packages/airflow/example_dags/example_sla_dag.py
[2024-04-05T05:43:58.935+0000] {processor.py:830} INFO - Processing file /home/airflow/.local/lib/python3.8/site-packages/airflow/example_dags/example_sla_dag.py for tasks to queue
[2024-04-05T05:43:58.945+0000] {logging_mixin.py:188} INFO - [2024-04-05T05:43:58.945+0000] {dagbag.py:540} INFO - Filling up the DagBag from /home/airflow/.local/lib/python3.8/site-packages/airflow/example_dags/example_sla_dag.py
[2024-04-05T05:43:58.979+0000] {processor.py:840} INFO - DAG(s) 'example_sla_dag' retrieved from /home/airflow/.local/lib/python3.8/site-packages/airflow/example_dags/example_sla_dag.py
[2024-04-05T05:43:59.019+0000] {logging_mixin.py:188} INFO - [2024-04-05T05:43:59.018+0000] {dag.py:3047} INFO - Sync 1 DAGs
[2024-04-05T05:43:59.072+0000] {logging_mixin.py:188} INFO - [2024-04-05T05:43:59.072+0000] {dag.py:3834} INFO - Setting next_dagrun for example_sla_dag to 2024-04-05 05:40:00+00:00, run_after=2024-04-05 05:42:00+00:00
[2024-04-05T05:43:59.106+0000] {processor.py:183} INFO - Processing /home/airflow/.local/lib/python3.8/site-packages/airflow/example_dags/example_sla_dag.py took 0.184 seconds
[2024-04-05T05:44:29.641+0000] {processor.py:161} INFO - Started process (PID=458) to work on /home/airflow/.local/lib/python3.8/site-packages/airflow/example_dags/example_sla_dag.py
[2024-04-05T05:44:29.643+0000] {processor.py:830} INFO - Processing file /home/airflow/.local/lib/python3.8/site-packages/airflow/example_dags/example_sla_dag.py for tasks to queue
[2024-04-05T05:44:29.648+0000] {logging_mixin.py:188} INFO - [2024-04-05T05:44:29.647+0000] {dagbag.py:540} INFO - Filling up the DagBag from /home/airflow/.local/lib/python3.8/site-packages/airflow/example_dags/example_sla_dag.py
[2024-04-05T05:44:29.665+0000] {processor.py:840} INFO - DAG(s) 'example_sla_dag' retrieved from /home/airflow/.local/lib/python3.8/site-packages/airflow/example_dags/example_sla_dag.py
[2024-04-05T05:44:29.705+0000] {logging_mixin.py:188} INFO - [2024-04-05T05:44:29.705+0000] {dag.py:3047} INFO - Sync 1 DAGs
[2024-04-05T05:44:29.757+0000] {logging_mixin.py:188} INFO - [2024-04-05T05:44:29.756+0000] {dag.py:3834} INFO - Setting next_dagrun for example_sla_dag to 2024-04-05 05:42:00+00:00, run_after=2024-04-05 05:44:00+00:00
[2024-04-05T05:44:29.794+0000] {processor.py:183} INFO - Processing /home/airflow/.local/lib/python3.8/site-packages/airflow/example_dags/example_sla_dag.py took 0.160 seconds
[2024-04-05T05:45:00.087+0000] {processor.py:161} INFO - Started process (PID=515) to work on /home/airflow/.local/lib/python3.8/site-packages/airflow/example_dags/example_sla_dag.py
[2024-04-05T05:45:00.089+0000] {processor.py:830} INFO - Processing file /home/airflow/.local/lib/python3.8/site-packages/airflow/example_dags/example_sla_dag.py for tasks to queue
[2024-04-05T05:45:00.092+0000] {logging_mixin.py:188} INFO - [2024-04-05T05:45:00.091+0000] {dagbag.py:540} INFO - Filling up the DagBag from /home/airflow/.local/lib/python3.8/site-packages/airflow/example_dags/example_sla_dag.py
[2024-04-05T05:45:00.124+0000] {processor.py:840} INFO - DAG(s) 'example_sla_dag' retrieved from /home/airflow/.local/lib/python3.8/site-packages/airflow/example_dags/example_sla_dag.py
[2024-04-05T05:45:00.191+0000] {logging_mixin.py:188} INFO - [2024-04-05T05:45:00.190+0000] {dag.py:3047} INFO - Sync 1 DAGs
[2024-04-05T05:45:00.274+0000] {logging_mixin.py:188} INFO - [2024-04-05T05:45:00.273+0000] {dag.py:3834} INFO - Setting next_dagrun for example_sla_dag to 2024-04-05 05:42:00+00:00, run_after=2024-04-05 05:44:00+00:00
[2024-04-05T05:45:00.337+0000] {processor.py:183} INFO - Processing /home/airflow/.local/lib/python3.8/site-packages/airflow/example_dags/example_sla_dag.py took 0.261 seconds
[2024-04-05T05:45:30.704+0000] {processor.py:161} INFO - Started process (PID=572) to work on /home/airflow/.local/lib/python3.8/site-packages/airflow/example_dags/example_sla_dag.py
[2024-04-05T05:45:30.707+0000] {processor.py:830} INFO - Processing file /home/airflow/.local/lib/python3.8/site-packages/airflow/example_dags/example_sla_dag.py for tasks to queue
[2024-04-05T05:45:30.710+0000] {logging_mixin.py:188} INFO - [2024-04-05T05:45:30.709+0000] {dagbag.py:540} INFO - Filling up the DagBag from /home/airflow/.local/lib/python3.8/site-packages/airflow/example_dags/example_sla_dag.py
[2024-04-05T05:45:30.738+0000] {processor.py:840} INFO - DAG(s) 'example_sla_dag' retrieved from /home/airflow/.local/lib/python3.8/site-packages/airflow/example_dags/example_sla_dag.py
[2024-04-05T05:45:30.802+0000] {logging_mixin.py:188} INFO - [2024-04-05T05:45:30.801+0000] {dag.py:3047} INFO - Sync 1 DAGs
[2024-04-05T05:45:30.884+0000] {logging_mixin.py:188} INFO - [2024-04-05T05:45:30.883+0000] {dag.py:3834} INFO - Setting next_dagrun for example_sla_dag to 2024-04-05 05:42:00+00:00, run_after=2024-04-05 05:44:00+00:00
[2024-04-05T05:45:30.957+0000] {processor.py:183} INFO - Processing /home/airflow/.local/lib/python3.8/site-packages/airflow/example_dags/example_sla_dag.py took 0.263 seconds
[2024-04-05T05:46:01.252+0000] {processor.py:161} INFO - Started process (PID=629) to work on /home/airflow/.local/lib/python3.8/site-packages/airflow/example_dags/example_sla_dag.py
[2024-04-05T05:46:01.254+0000] {processor.py:830} INFO - Processing file /home/airflow/.local/lib/python3.8/site-packages/airflow/example_dags/example_sla_dag.py for tasks to queue
[2024-04-05T05:46:01.256+0000] {logging_mixin.py:188} INFO - [2024-04-05T05:46:01.256+0000] {dagbag.py:540} INFO - Filling up the DagBag from /home/airflow/.local/lib/python3.8/site-packages/airflow/example_dags/example_sla_dag.py
[2024-04-05T05:46:01.272+0000] {processor.py:840} INFO - DAG(s) 'example_sla_dag' retrieved from /home/airflow/.local/lib/python3.8/site-packages/airflow/example_dags/example_sla_dag.py
[2024-04-05T05:46:01.311+0000] {logging_mixin.py:188} INFO - [2024-04-05T05:46:01.310+0000] {dag.py:3047} INFO - Sync 1 DAGs
[2024-04-05T05:46:01.360+0000] {logging_mixin.py:188} INFO - [2024-04-05T05:46:01.360+0000] {dag.py:3834} INFO - Setting next_dagrun for example_sla_dag to 2024-04-05 05:44:00+00:00, run_after=2024-04-05 05:46:00+00:00
[2024-04-05T05:46:01.421+0000] {processor.py:183} INFO - Processing /home/airflow/.local/lib/python3.8/site-packages/airflow/example_dags/example_sla_dag.py took 0.175 seconds
[2024-04-05T05:46:31.646+0000] {processor.py:161} INFO - Started process (PID=684) to work on /home/airflow/.local/lib/python3.8/site-packages/airflow/example_dags/example_sla_dag.py
[2024-04-05T05:46:31.658+0000] {processor.py:830} INFO - Processing file /home/airflow/.local/lib/python3.8/site-packages/airflow/example_dags/example_sla_dag.py for tasks to queue
[2024-04-05T05:46:31.663+0000] {logging_mixin.py:188} INFO - [2024-04-05T05:46:31.662+0000] {dagbag.py:540} INFO - Filling up the DagBag from /home/airflow/.local/lib/python3.8/site-packages/airflow/example_dags/example_sla_dag.py
[2024-04-05T05:46:31.772+0000] {processor.py:840} INFO - DAG(s) 'example_sla_dag' retrieved from /home/airflow/.local/lib/python3.8/site-packages/airflow/example_dags/example_sla_dag.py
[2024-04-05T05:46:31.893+0000] {logging_mixin.py:188} INFO - [2024-04-05T05:46:31.893+0000] {dag.py:3047} INFO - Sync 1 DAGs
[2024-04-05T05:46:31.957+0000] {logging_mixin.py:188} INFO - [2024-04-05T05:46:31.956+0000] {dag.py:3834} INFO - Setting next_dagrun for example_sla_dag to 2024-04-05 05:44:00+00:00, run_after=2024-04-05 05:46:00+00:00
[2024-04-05T05:46:32.012+0000] {processor.py:183} INFO - Processing /home/airflow/.local/lib/python3.8/site-packages/airflow/example_dags/example_sla_dag.py took 0.420 seconds
[2024-04-05T05:47:02.542+0000] {processor.py:161} INFO - Started process (PID=745) to work on /home/airflow/.local/lib/python3.8/site-packages/airflow/example_dags/example_sla_dag.py
[2024-04-05T05:47:02.564+0000] {processor.py:830} INFO - Processing file /home/airflow/.local/lib/python3.8/site-packages/airflow/example_dags/example_sla_dag.py for tasks to queue
[2024-04-05T05:47:02.570+0000] {logging_mixin.py:188} INFO - [2024-04-05T05:47:02.569+0000] {dagbag.py:540} INFO - Filling up the DagBag from /home/airflow/.local/lib/python3.8/site-packages/airflow/example_dags/example_sla_dag.py
[2024-04-05T05:47:02.638+0000] {processor.py:840} INFO - DAG(s) 'example_sla_dag' retrieved from /home/airflow/.local/lib/python3.8/site-packages/airflow/example_dags/example_sla_dag.py
[2024-04-05T05:47:02.817+0000] {logging_mixin.py:188} INFO - [2024-04-05T05:47:02.814+0000] {dag.py:3047} INFO - Sync 1 DAGs
[2024-04-05T05:47:02.982+0000] {logging_mixin.py:188} INFO - [2024-04-05T05:47:02.982+0000] {dag.py:3834} INFO - Setting next_dagrun for example_sla_dag to 2024-04-05 05:44:00+00:00, run_after=2024-04-05 05:46:00+00:00
[2024-04-05T05:47:03.067+0000] {processor.py:183} INFO - Processing /home/airflow/.local/lib/python3.8/site-packages/airflow/example_dags/example_sla_dag.py took 0.597 seconds
[2024-04-05T05:47:33.774+0000] {processor.py:161} INFO - Started process (PID=803) to work on /home/airflow/.local/lib/python3.8/site-packages/airflow/example_dags/example_sla_dag.py
[2024-04-05T05:47:33.777+0000] {processor.py:830} INFO - Processing file /home/airflow/.local/lib/python3.8/site-packages/airflow/example_dags/example_sla_dag.py for tasks to queue
[2024-04-05T05:47:33.779+0000] {logging_mixin.py:188} INFO - [2024-04-05T05:47:33.778+0000] {dagbag.py:540} INFO - Filling up the DagBag from /home/airflow/.local/lib/python3.8/site-packages/airflow/example_dags/example_sla_dag.py
[2024-04-05T05:47:33.825+0000] {processor.py:840} INFO - DAG(s) 'example_sla_dag' retrieved from /home/airflow/.local/lib/python3.8/site-packages/airflow/example_dags/example_sla_dag.py
[2024-04-05T05:47:33.935+0000] {logging_mixin.py:188} INFO - [2024-04-05T05:47:33.934+0000] {dag.py:3047} INFO - Sync 1 DAGs
[2024-04-05T05:47:34.068+0000] {logging_mixin.py:188} INFO - [2024-04-05T05:47:34.067+0000] {dag.py:3834} INFO - Setting next_dagrun for example_sla_dag to 2024-04-05 05:44:00+00:00, run_after=2024-04-05 05:46:00+00:00
[2024-04-05T05:47:34.130+0000] {processor.py:183} INFO - Processing /home/airflow/.local/lib/python3.8/site-packages/airflow/example_dags/example_sla_dag.py took 0.364 seconds
[2024-04-05T05:48:04.407+0000] {processor.py:161} INFO - Started process (PID=860) to work on /home/airflow/.local/lib/python3.8/site-packages/airflow/example_dags/example_sla_dag.py
[2024-04-05T05:48:04.409+0000] {processor.py:830} INFO - Processing file /home/airflow/.local/lib/python3.8/site-packages/airflow/example_dags/example_sla_dag.py for tasks to queue
[2024-04-05T05:48:04.411+0000] {logging_mixin.py:188} INFO - [2024-04-05T05:48:04.411+0000] {dagbag.py:540} INFO - Filling up the DagBag from /home/airflow/.local/lib/python3.8/site-packages/airflow/example_dags/example_sla_dag.py
[2024-04-05T05:48:04.439+0000] {processor.py:840} INFO - DAG(s) 'example_sla_dag' retrieved from /home/airflow/.local/lib/python3.8/site-packages/airflow/example_dags/example_sla_dag.py
[2024-04-05T05:48:04.483+0000] {logging_mixin.py:188} INFO - [2024-04-05T05:48:04.483+0000] {dag.py:3047} INFO - Sync 1 DAGs
[2024-04-05T05:48:04.543+0000] {logging_mixin.py:188} INFO - [2024-04-05T05:48:04.543+0000] {dag.py:3834} INFO - Setting next_dagrun for example_sla_dag to 2024-04-05 05:46:00+00:00, run_after=2024-04-05 05:48:00+00:00
[2024-04-05T05:48:04.584+0000] {processor.py:183} INFO - Processing /home/airflow/.local/lib/python3.8/site-packages/airflow/example_dags/example_sla_dag.py took 0.185 seconds
[2024-04-05T05:48:34.832+0000] {processor.py:161} INFO - Started process (PID=917) to work on /home/airflow/.local/lib/python3.8/site-packages/airflow/example_dags/example_sla_dag.py
[2024-04-05T05:48:34.835+0000] {processor.py:830} INFO - Processing file /home/airflow/.local/lib/python3.8/site-packages/airflow/example_dags/example_sla_dag.py for tasks to queue
[2024-04-05T05:48:34.838+0000] {logging_mixin.py:188} INFO - [2024-04-05T05:48:34.837+0000] {dagbag.py:540} INFO - Filling up the DagBag from /home/airflow/.local/lib/python3.8/site-packages/airflow/example_dags/example_sla_dag.py
[2024-04-05T05:48:34.884+0000] {processor.py:840} INFO - DAG(s) 'example_sla_dag' retrieved from /home/airflow/.local/lib/python3.8/site-packages/airflow/example_dags/example_sla_dag.py
[2024-04-05T05:48:34.948+0000] {logging_mixin.py:188} INFO - [2024-04-05T05:48:34.948+0000] {dag.py:3047} INFO - Sync 1 DAGs
[2024-04-05T05:48:35.052+0000] {logging_mixin.py:188} INFO - [2024-04-05T05:48:35.051+0000] {dag.py:3834} INFO - Setting next_dagrun for example_sla_dag to 2024-04-05 05:46:00+00:00, run_after=2024-04-05 05:48:00+00:00
[2024-04-05T05:48:35.113+0000] {processor.py:183} INFO - Processing /home/airflow/.local/lib/python3.8/site-packages/airflow/example_dags/example_sla_dag.py took 0.298 seconds
[2024-04-05T05:49:05.577+0000] {processor.py:161} INFO - Started process (PID=974) to work on /home/airflow/.local/lib/python3.8/site-packages/airflow/example_dags/example_sla_dag.py
[2024-04-05T05:49:05.585+0000] {processor.py:830} INFO - Processing file /home/airflow/.local/lib/python3.8/site-packages/airflow/example_dags/example_sla_dag.py for tasks to queue
[2024-04-05T05:49:05.591+0000] {logging_mixin.py:188} INFO - [2024-04-05T05:49:05.590+0000] {dagbag.py:540} INFO - Filling up the DagBag from /home/airflow/.local/lib/python3.8/site-packages/airflow/example_dags/example_sla_dag.py
[2024-04-05T05:49:05.625+0000] {processor.py:840} INFO - DAG(s) 'example_sla_dag' retrieved from /home/airflow/.local/lib/python3.8/site-packages/airflow/example_dags/example_sla_dag.py
[2024-04-05T05:49:05.685+0000] {logging_mixin.py:188} INFO - [2024-04-05T05:49:05.685+0000] {dag.py:3047} INFO - Sync 1 DAGs
[2024-04-05T05:49:05.820+0000] {logging_mixin.py:188} INFO - [2024-04-05T05:49:05.819+0000] {dag.py:3834} INFO - Setting next_dagrun for example_sla_dag to 2024-04-05 05:46:00+00:00, run_after=2024-04-05 05:48:00+00:00
[2024-04-05T05:49:05.905+0000] {processor.py:183} INFO - Processing /home/airflow/.local/lib/python3.8/site-packages/airflow/example_dags/example_sla_dag.py took 0.347 seconds
[2024-04-05T05:49:36.137+0000] {processor.py:161} INFO - Started process (PID=1031) to work on /home/airflow/.local/lib/python3.8/site-packages/airflow/example_dags/example_sla_dag.py
[2024-04-05T05:49:36.140+0000] {processor.py:830} INFO - Processing file /home/airflow/.local/lib/python3.8/site-packages/airflow/example_dags/example_sla_dag.py for tasks to queue
[2024-04-05T05:49:36.143+0000] {logging_mixin.py:188} INFO - [2024-04-05T05:49:36.142+0000] {dagbag.py:540} INFO - Filling up the DagBag from /home/airflow/.local/lib/python3.8/site-packages/airflow/example_dags/example_sla_dag.py
[2024-04-05T05:49:36.166+0000] {processor.py:840} INFO - DAG(s) 'example_sla_dag' retrieved from /home/airflow/.local/lib/python3.8/site-packages/airflow/example_dags/example_sla_dag.py
[2024-04-05T05:49:36.227+0000] {logging_mixin.py:188} INFO - [2024-04-05T05:49:36.226+0000] {dag.py:3047} INFO - Sync 1 DAGs
[2024-04-05T05:49:36.315+0000] {logging_mixin.py:188} INFO - [2024-04-05T05:49:36.314+0000] {dag.py:3834} INFO - Setting next_dagrun for example_sla_dag to 2024-04-05 05:46:00+00:00, run_after=2024-04-05 05:48:00+00:00
[2024-04-05T05:49:36.364+0000] {processor.py:183} INFO - Processing /home/airflow/.local/lib/python3.8/site-packages/airflow/example_dags/example_sla_dag.py took 0.235 seconds
[2024-04-05T05:50:06.497+0000] {processor.py:161} INFO - Started process (PID=1088) to work on /home/airflow/.local/lib/python3.8/site-packages/airflow/example_dags/example_sla_dag.py
[2024-04-05T05:50:06.499+0000] {processor.py:830} INFO - Processing file /home/airflow/.local/lib/python3.8/site-packages/airflow/example_dags/example_sla_dag.py for tasks to queue
[2024-04-05T05:50:06.501+0000] {logging_mixin.py:188} INFO - [2024-04-05T05:50:06.501+0000] {dagbag.py:540} INFO - Filling up the DagBag from /home/airflow/.local/lib/python3.8/site-packages/airflow/example_dags/example_sla_dag.py
[2024-04-05T05:50:06.522+0000] {processor.py:840} INFO - DAG(s) 'example_sla_dag' retrieved from /home/airflow/.local/lib/python3.8/site-packages/airflow/example_dags/example_sla_dag.py
[2024-04-05T05:50:06.556+0000] {logging_mixin.py:188} INFO - [2024-04-05T05:50:06.555+0000] {dag.py:3047} INFO - Sync 1 DAGs
[2024-04-05T05:50:06.599+0000] {logging_mixin.py:188} INFO - [2024-04-05T05:50:06.599+0000] {dag.py:3834} INFO - Setting next_dagrun for example_sla_dag to 2024-04-05 05:48:00+00:00, run_after=2024-04-05 05:50:00+00:00
[2024-04-05T05:50:06.641+0000] {processor.py:183} INFO - Processing /home/airflow/.local/lib/python3.8/site-packages/airflow/example_dags/example_sla_dag.py took 0.151 seconds
[2024-04-05T05:50:37.187+0000] {processor.py:161} INFO - Started process (PID=1145) to work on /home/airflow/.local/lib/python3.8/site-packages/airflow/example_dags/example_sla_dag.py
[2024-04-05T05:50:37.189+0000] {processor.py:830} INFO - Processing file /home/airflow/.local/lib/python3.8/site-packages/airflow/example_dags/example_sla_dag.py for tasks to queue
[2024-04-05T05:50:37.192+0000] {logging_mixin.py:188} INFO - [2024-04-05T05:50:37.190+0000] {dagbag.py:540} INFO - Filling up the DagBag from /home/airflow/.local/lib/python3.8/site-packages/airflow/example_dags/example_sla_dag.py
[2024-04-05T05:50:37.216+0000] {processor.py:840} INFO - DAG(s) 'example_sla_dag' retrieved from /home/airflow/.local/lib/python3.8/site-packages/airflow/example_dags/example_sla_dag.py
[2024-04-05T05:50:37.256+0000] {logging_mixin.py:188} INFO - [2024-04-05T05:50:37.255+0000] {dag.py:3047} INFO - Sync 1 DAGs
[2024-04-05T05:50:37.323+0000] {logging_mixin.py:188} INFO - [2024-04-05T05:50:37.323+0000] {dag.py:3834} INFO - Setting next_dagrun for example_sla_dag to 2024-04-05 05:48:00+00:00, run_after=2024-04-05 05:50:00+00:00
[2024-04-05T05:50:37.370+0000] {processor.py:183} INFO - Processing /home/airflow/.local/lib/python3.8/site-packages/airflow/example_dags/example_sla_dag.py took 0.192 seconds
[2024-04-05T05:51:07.960+0000] {processor.py:161} INFO - Started process (PID=1202) to work on /home/airflow/.local/lib/python3.8/site-packages/airflow/example_dags/example_sla_dag.py
[2024-04-05T05:51:07.962+0000] {processor.py:830} INFO - Processing file /home/airflow/.local/lib/python3.8/site-packages/airflow/example_dags/example_sla_dag.py for tasks to queue
[2024-04-05T05:51:07.964+0000] {logging_mixin.py:188} INFO - [2024-04-05T05:51:07.963+0000] {dagbag.py:540} INFO - Filling up the DagBag from /home/airflow/.local/lib/python3.8/site-packages/airflow/example_dags/example_sla_dag.py
[2024-04-05T05:51:07.990+0000] {processor.py:840} INFO - DAG(s) 'example_sla_dag' retrieved from /home/airflow/.local/lib/python3.8/site-packages/airflow/example_dags/example_sla_dag.py
[2024-04-05T05:51:08.037+0000] {logging_mixin.py:188} INFO - [2024-04-05T05:51:08.036+0000] {dag.py:3047} INFO - Sync 1 DAGs
[2024-04-05T05:51:08.097+0000] {logging_mixin.py:188} INFO - [2024-04-05T05:51:08.096+0000] {dag.py:3834} INFO - Setting next_dagrun for example_sla_dag to 2024-04-05 05:48:00+00:00, run_after=2024-04-05 05:50:00+00:00
[2024-04-05T05:51:08.133+0000] {processor.py:183} INFO - Processing /home/airflow/.local/lib/python3.8/site-packages/airflow/example_dags/example_sla_dag.py took 0.180 seconds
[2024-04-05T05:51:38.209+0000] {processor.py:161} INFO - Started process (PID=1259) to work on /home/airflow/.local/lib/python3.8/site-packages/airflow/example_dags/example_sla_dag.py
[2024-04-05T05:51:38.212+0000] {processor.py:830} INFO - Processing file /home/airflow/.local/lib/python3.8/site-packages/airflow/example_dags/example_sla_dag.py for tasks to queue
[2024-04-05T05:51:38.214+0000] {logging_mixin.py:188} INFO - [2024-04-05T05:51:38.213+0000] {dagbag.py:540} INFO - Filling up the DagBag from /home/airflow/.local/lib/python3.8/site-packages/airflow/example_dags/example_sla_dag.py
[2024-04-05T05:51:38.236+0000] {processor.py:840} INFO - DAG(s) 'example_sla_dag' retrieved from /home/airflow/.local/lib/python3.8/site-packages/airflow/example_dags/example_sla_dag.py
[2024-04-05T05:51:38.294+0000] {logging_mixin.py:188} INFO - [2024-04-05T05:51:38.293+0000] {dag.py:3047} INFO - Sync 1 DAGs
[2024-04-05T05:51:38.362+0000] {logging_mixin.py:188} INFO - [2024-04-05T05:51:38.362+0000] {dag.py:3834} INFO - Setting next_dagrun for example_sla_dag to 2024-04-05 05:48:00+00:00, run_after=2024-04-05 05:50:00+00:00
[2024-04-05T05:51:38.404+0000] {processor.py:183} INFO - Processing /home/airflow/.local/lib/python3.8/site-packages/airflow/example_dags/example_sla_dag.py took 0.204 seconds
[2024-04-05T05:52:08.909+0000] {processor.py:161} INFO - Started process (PID=1316) to work on /home/airflow/.local/lib/python3.8/site-packages/airflow/example_dags/example_sla_dag.py
[2024-04-05T05:52:08.913+0000] {processor.py:830} INFO - Processing file /home/airflow/.local/lib/python3.8/site-packages/airflow/example_dags/example_sla_dag.py for tasks to queue
[2024-04-05T05:52:08.918+0000] {logging_mixin.py:188} INFO - [2024-04-05T05:52:08.917+0000] {dagbag.py:540} INFO - Filling up the DagBag from /home/airflow/.local/lib/python3.8/site-packages/airflow/example_dags/example_sla_dag.py
[2024-04-05T05:52:08.944+0000] {processor.py:840} INFO - DAG(s) 'example_sla_dag' retrieved from /home/airflow/.local/lib/python3.8/site-packages/airflow/example_dags/example_sla_dag.py
[2024-04-05T05:52:09.037+0000] {logging_mixin.py:188} INFO - [2024-04-05T05:52:09.036+0000] {dag.py:3047} INFO - Sync 1 DAGs
[2024-04-05T05:52:09.106+0000] {logging_mixin.py:188} INFO - [2024-04-05T05:52:09.106+0000] {dag.py:3834} INFO - Setting next_dagrun for example_sla_dag to 2024-04-05 05:50:00+00:00, run_after=2024-04-05 05:52:00+00:00
[2024-04-05T05:52:09.151+0000] {processor.py:183} INFO - Processing /home/airflow/.local/lib/python3.8/site-packages/airflow/example_dags/example_sla_dag.py took 0.253 seconds
[2024-04-05T05:52:39.249+0000] {processor.py:161} INFO - Started process (PID=1378) to work on /home/airflow/.local/lib/python3.8/site-packages/airflow/example_dags/example_sla_dag.py
[2024-04-05T05:52:39.252+0000] {processor.py:830} INFO - Processing file /home/airflow/.local/lib/python3.8/site-packages/airflow/example_dags/example_sla_dag.py for tasks to queue
[2024-04-05T05:52:39.253+0000] {logging_mixin.py:188} INFO - [2024-04-05T05:52:39.253+0000] {dagbag.py:540} INFO - Filling up the DagBag from /home/airflow/.local/lib/python3.8/site-packages/airflow/example_dags/example_sla_dag.py
[2024-04-05T05:52:39.269+0000] {processor.py:840} INFO - DAG(s) 'example_sla_dag' retrieved from /home/airflow/.local/lib/python3.8/site-packages/airflow/example_dags/example_sla_dag.py
[2024-04-05T05:52:39.337+0000] {logging_mixin.py:188} INFO - [2024-04-05T05:52:39.336+0000] {dag.py:3047} INFO - Sync 1 DAGs
[2024-04-05T05:52:39.415+0000] {logging_mixin.py:188} INFO - [2024-04-05T05:52:39.414+0000] {dag.py:3834} INFO - Setting next_dagrun for example_sla_dag to 2024-04-05 05:50:00+00:00, run_after=2024-04-05 05:52:00+00:00
[2024-04-05T05:52:39.454+0000] {processor.py:183} INFO - Processing /home/airflow/.local/lib/python3.8/site-packages/airflow/example_dags/example_sla_dag.py took 0.210 seconds
[2024-04-05T05:53:10.201+0000] {processor.py:161} INFO - Started process (PID=1435) to work on /home/airflow/.local/lib/python3.8/site-packages/airflow/example_dags/example_sla_dag.py
[2024-04-05T05:53:10.204+0000] {processor.py:830} INFO - Processing file /home/airflow/.local/lib/python3.8/site-packages/airflow/example_dags/example_sla_dag.py for tasks to queue
[2024-04-05T05:53:10.207+0000] {logging_mixin.py:188} INFO - [2024-04-05T05:53:10.206+0000] {dagbag.py:540} INFO - Filling up the DagBag from /home/airflow/.local/lib/python3.8/site-packages/airflow/example_dags/example_sla_dag.py
[2024-04-05T05:53:10.224+0000] {processor.py:840} INFO - DAG(s) 'example_sla_dag' retrieved from /home/airflow/.local/lib/python3.8/site-packages/airflow/example_dags/example_sla_dag.py
[2024-04-05T05:53:10.259+0000] {logging_mixin.py:188} INFO - [2024-04-05T05:53:10.258+0000] {dag.py:3047} INFO - Sync 1 DAGs
[2024-04-05T05:53:10.334+0000] {logging_mixin.py:188} INFO - [2024-04-05T05:53:10.333+0000] {dag.py:3834} INFO - Setting next_dagrun for example_sla_dag to 2024-04-05 05:50:00+00:00, run_after=2024-04-05 05:52:00+00:00
[2024-04-05T05:53:10.375+0000] {processor.py:183} INFO - Processing /home/airflow/.local/lib/python3.8/site-packages/airflow/example_dags/example_sla_dag.py took 0.181 seconds
[2024-04-05T05:53:40.915+0000] {processor.py:161} INFO - Started process (PID=1492) to work on /home/airflow/.local/lib/python3.8/site-packages/airflow/example_dags/example_sla_dag.py
[2024-04-05T05:53:40.917+0000] {processor.py:830} INFO - Processing file /home/airflow/.local/lib/python3.8/site-packages/airflow/example_dags/example_sla_dag.py for tasks to queue
[2024-04-05T05:53:40.920+0000] {logging_mixin.py:188} INFO - [2024-04-05T05:53:40.919+0000] {dagbag.py:540} INFO - Filling up the DagBag from /home/airflow/.local/lib/python3.8/site-packages/airflow/example_dags/example_sla_dag.py
[2024-04-05T05:53:40.947+0000] {processor.py:840} INFO - DAG(s) 'example_sla_dag' retrieved from /home/airflow/.local/lib/python3.8/site-packages/airflow/example_dags/example_sla_dag.py
[2024-04-05T05:53:40.990+0000] {logging_mixin.py:188} INFO - [2024-04-05T05:53:40.988+0000] {dag.py:3047} INFO - Sync 1 DAGs
[2024-04-05T05:53:41.041+0000] {logging_mixin.py:188} INFO - [2024-04-05T05:53:41.041+0000] {dag.py:3834} INFO - Setting next_dagrun for example_sla_dag to 2024-04-05 05:50:00+00:00, run_after=2024-04-05 05:52:00+00:00
[2024-04-05T05:53:41.072+0000] {processor.py:183} INFO - Processing /home/airflow/.local/lib/python3.8/site-packages/airflow/example_dags/example_sla_dag.py took 0.163 seconds
[2024-04-05T05:54:11.716+0000] {processor.py:161} INFO - Started process (PID=1549) to work on /home/airflow/.local/lib/python3.8/site-packages/airflow/example_dags/example_sla_dag.py
[2024-04-05T05:54:11.718+0000] {processor.py:830} INFO - Processing file /home/airflow/.local/lib/python3.8/site-packages/airflow/example_dags/example_sla_dag.py for tasks to queue
[2024-04-05T05:54:11.720+0000] {logging_mixin.py:188} INFO - [2024-04-05T05:54:11.719+0000] {dagbag.py:540} INFO - Filling up the DagBag from /home/airflow/.local/lib/python3.8/site-packages/airflow/example_dags/example_sla_dag.py
[2024-04-05T05:54:11.739+0000] {processor.py:840} INFO - DAG(s) 'example_sla_dag' retrieved from /home/airflow/.local/lib/python3.8/site-packages/airflow/example_dags/example_sla_dag.py
[2024-04-05T05:54:11.778+0000] {logging_mixin.py:188} INFO - [2024-04-05T05:54:11.777+0000] {dag.py:3047} INFO - Sync 1 DAGs
[2024-04-05T05:54:11.840+0000] {logging_mixin.py:188} INFO - [2024-04-05T05:54:11.840+0000] {dag.py:3834} INFO - Setting next_dagrun for example_sla_dag to 2024-04-05 05:52:00+00:00, run_after=2024-04-05 05:54:00+00:00
[2024-04-05T05:54:11.885+0000] {processor.py:183} INFO - Processing /home/airflow/.local/lib/python3.8/site-packages/airflow/example_dags/example_sla_dag.py took 0.177 seconds
[2024-04-05T05:54:42.263+0000] {processor.py:161} INFO - Started process (PID=1606) to work on /home/airflow/.local/lib/python3.8/site-packages/airflow/example_dags/example_sla_dag.py
[2024-04-05T05:54:42.266+0000] {processor.py:830} INFO - Processing file /home/airflow/.local/lib/python3.8/site-packages/airflow/example_dags/example_sla_dag.py for tasks to queue
[2024-04-05T05:54:42.268+0000] {logging_mixin.py:188} INFO - [2024-04-05T05:54:42.267+0000] {dagbag.py:540} INFO - Filling up the DagBag from /home/airflow/.local/lib/python3.8/site-packages/airflow/example_dags/example_sla_dag.py
[2024-04-05T05:54:42.289+0000] {processor.py:840} INFO - DAG(s) 'example_sla_dag' retrieved from /home/airflow/.local/lib/python3.8/site-packages/airflow/example_dags/example_sla_dag.py
[2024-04-05T05:54:42.352+0000] {logging_mixin.py:188} INFO - [2024-04-05T05:54:42.351+0000] {dag.py:3047} INFO - Sync 1 DAGs
[2024-04-05T05:54:42.437+0000] {logging_mixin.py:188} INFO - [2024-04-05T05:54:42.436+0000] {dag.py:3834} INFO - Setting next_dagrun for example_sla_dag to 2024-04-05 05:52:00+00:00, run_after=2024-04-05 05:54:00+00:00
[2024-04-05T05:54:42.482+0000] {processor.py:183} INFO - Processing /home/airflow/.local/lib/python3.8/site-packages/airflow/example_dags/example_sla_dag.py took 0.227 seconds
[2024-04-05T05:55:13.199+0000] {processor.py:161} INFO - Started process (PID=1662) to work on /home/airflow/.local/lib/python3.8/site-packages/airflow/example_dags/example_sla_dag.py
[2024-04-05T05:55:13.203+0000] {processor.py:830} INFO - Processing file /home/airflow/.local/lib/python3.8/site-packages/airflow/example_dags/example_sla_dag.py for tasks to queue
[2024-04-05T05:55:13.206+0000] {logging_mixin.py:188} INFO - [2024-04-05T05:55:13.205+0000] {dagbag.py:540} INFO - Filling up the DagBag from /home/airflow/.local/lib/python3.8/site-packages/airflow/example_dags/example_sla_dag.py
[2024-04-05T05:55:13.254+0000] {processor.py:840} INFO - DAG(s) 'example_sla_dag' retrieved from /home/airflow/.local/lib/python3.8/site-packages/airflow/example_dags/example_sla_dag.py
[2024-04-05T05:55:13.341+0000] {logging_mixin.py:188} INFO - [2024-04-05T05:55:13.340+0000] {dag.py:3047} INFO - Sync 1 DAGs
[2024-04-05T05:55:13.533+0000] {logging_mixin.py:188} INFO - [2024-04-05T05:55:13.532+0000] {dag.py:3834} INFO - Setting next_dagrun for example_sla_dag to 2024-04-05 05:52:00+00:00, run_after=2024-04-05 05:54:00+00:00
[2024-04-05T05:55:13.650+0000] {processor.py:183} INFO - Processing /home/airflow/.local/lib/python3.8/site-packages/airflow/example_dags/example_sla_dag.py took 0.466 seconds
[2024-04-05T05:55:44.925+0000] {processor.py:161} INFO - Started process (PID=1719) to work on /home/airflow/.local/lib/python3.8/site-packages/airflow/example_dags/example_sla_dag.py
[2024-04-05T05:55:44.928+0000] {processor.py:830} INFO - Processing file /home/airflow/.local/lib/python3.8/site-packages/airflow/example_dags/example_sla_dag.py for tasks to queue
[2024-04-05T05:55:44.931+0000] {logging_mixin.py:188} INFO - [2024-04-05T05:55:44.930+0000] {dagbag.py:540} INFO - Filling up the DagBag from /home/airflow/.local/lib/python3.8/site-packages/airflow/example_dags/example_sla_dag.py
[2024-04-05T05:55:44.951+0000] {processor.py:840} INFO - DAG(s) 'example_sla_dag' retrieved from /home/airflow/.local/lib/python3.8/site-packages/airflow/example_dags/example_sla_dag.py
[2024-04-05T05:55:44.996+0000] {logging_mixin.py:188} INFO - [2024-04-05T05:55:44.995+0000] {dag.py:3047} INFO - Sync 1 DAGs
[2024-04-05T05:55:45.054+0000] {logging_mixin.py:188} INFO - [2024-04-05T05:55:45.053+0000] {dag.py:3834} INFO - Setting next_dagrun for example_sla_dag to 2024-04-05 05:52:00+00:00, run_after=2024-04-05 05:54:00+00:00
[2024-04-05T05:55:45.093+0000] {processor.py:183} INFO - Processing /home/airflow/.local/lib/python3.8/site-packages/airflow/example_dags/example_sla_dag.py took 0.177 seconds
[2024-04-05T05:56:15.747+0000] {processor.py:161} INFO - Started process (PID=1777) to work on /home/airflow/.local/lib/python3.8/site-packages/airflow/example_dags/example_sla_dag.py
[2024-04-05T05:56:15.748+0000] {processor.py:830} INFO - Processing file /home/airflow/.local/lib/python3.8/site-packages/airflow/example_dags/example_sla_dag.py for tasks to queue
[2024-04-05T05:56:15.750+0000] {logging_mixin.py:188} INFO - [2024-04-05T05:56:15.750+0000] {dagbag.py:540} INFO - Filling up the DagBag from /home/airflow/.local/lib/python3.8/site-packages/airflow/example_dags/example_sla_dag.py
[2024-04-05T05:56:15.765+0000] {processor.py:840} INFO - DAG(s) 'example_sla_dag' retrieved from /home/airflow/.local/lib/python3.8/site-packages/airflow/example_dags/example_sla_dag.py
[2024-04-05T05:56:15.799+0000] {logging_mixin.py:188} INFO - [2024-04-05T05:56:15.799+0000] {dag.py:3047} INFO - Sync 1 DAGs
[2024-04-05T05:56:15.839+0000] {logging_mixin.py:188} INFO - [2024-04-05T05:56:15.839+0000] {dag.py:3834} INFO - Setting next_dagrun for example_sla_dag to 2024-04-05 05:54:00+00:00, run_after=2024-04-05 05:56:00+00:00
[2024-04-05T05:56:15.869+0000] {processor.py:183} INFO - Processing /home/airflow/.local/lib/python3.8/site-packages/airflow/example_dags/example_sla_dag.py took 0.127 seconds
[2024-04-05T05:56:46.281+0000] {processor.py:161} INFO - Started process (PID=1834) to work on /home/airflow/.local/lib/python3.8/site-packages/airflow/example_dags/example_sla_dag.py
[2024-04-05T05:56:46.283+0000] {processor.py:830} INFO - Processing file /home/airflow/.local/lib/python3.8/site-packages/airflow/example_dags/example_sla_dag.py for tasks to queue
[2024-04-05T05:56:46.285+0000] {logging_mixin.py:188} INFO - [2024-04-05T05:56:46.285+0000] {dagbag.py:540} INFO - Filling up the DagBag from /home/airflow/.local/lib/python3.8/site-packages/airflow/example_dags/example_sla_dag.py
[2024-04-05T05:56:46.299+0000] {processor.py:840} INFO - DAG(s) 'example_sla_dag' retrieved from /home/airflow/.local/lib/python3.8/site-packages/airflow/example_dags/example_sla_dag.py
[2024-04-05T05:56:46.336+0000] {logging_mixin.py:188} INFO - [2024-04-05T05:56:46.336+0000] {dag.py:3047} INFO - Sync 1 DAGs
[2024-04-05T05:56:46.377+0000] {logging_mixin.py:188} INFO - [2024-04-05T05:56:46.377+0000] {dag.py:3834} INFO - Setting next_dagrun for example_sla_dag to 2024-04-05 05:54:00+00:00, run_after=2024-04-05 05:56:00+00:00
[2024-04-05T05:56:46.408+0000] {processor.py:183} INFO - Processing /home/airflow/.local/lib/python3.8/site-packages/airflow/example_dags/example_sla_dag.py took 0.131 seconds
[2024-04-05T05:57:16.705+0000] {processor.py:161} INFO - Started process (PID=1891) to work on /home/airflow/.local/lib/python3.8/site-packages/airflow/example_dags/example_sla_dag.py
[2024-04-05T05:57:16.707+0000] {processor.py:830} INFO - Processing file /home/airflow/.local/lib/python3.8/site-packages/airflow/example_dags/example_sla_dag.py for tasks to queue
[2024-04-05T05:57:16.709+0000] {logging_mixin.py:188} INFO - [2024-04-05T05:57:16.709+0000] {dagbag.py:540} INFO - Filling up the DagBag from /home/airflow/.local/lib/python3.8/site-packages/airflow/example_dags/example_sla_dag.py
[2024-04-05T05:57:16.725+0000] {processor.py:840} INFO - DAG(s) 'example_sla_dag' retrieved from /home/airflow/.local/lib/python3.8/site-packages/airflow/example_dags/example_sla_dag.py
[2024-04-05T05:57:16.757+0000] {logging_mixin.py:188} INFO - [2024-04-05T05:57:16.756+0000] {dag.py:3047} INFO - Sync 1 DAGs
[2024-04-05T05:57:16.795+0000] {logging_mixin.py:188} INFO - [2024-04-05T05:57:16.795+0000] {dag.py:3834} INFO - Setting next_dagrun for example_sla_dag to 2024-04-05 05:54:00+00:00, run_after=2024-04-05 05:56:00+00:00
[2024-04-05T05:57:16.829+0000] {processor.py:183} INFO - Processing /home/airflow/.local/lib/python3.8/site-packages/airflow/example_dags/example_sla_dag.py took 0.129 seconds
[2024-04-05T05:57:47.589+0000] {processor.py:161} INFO - Started process (PID=1948) to work on /home/airflow/.local/lib/python3.8/site-packages/airflow/example_dags/example_sla_dag.py
[2024-04-05T05:57:47.591+0000] {processor.py:830} INFO - Processing file /home/airflow/.local/lib/python3.8/site-packages/airflow/example_dags/example_sla_dag.py for tasks to queue
[2024-04-05T05:57:47.593+0000] {logging_mixin.py:188} INFO - [2024-04-05T05:57:47.593+0000] {dagbag.py:540} INFO - Filling up the DagBag from /home/airflow/.local/lib/python3.8/site-packages/airflow/example_dags/example_sla_dag.py
[2024-04-05T05:57:47.610+0000] {processor.py:840} INFO - DAG(s) 'example_sla_dag' retrieved from /home/airflow/.local/lib/python3.8/site-packages/airflow/example_dags/example_sla_dag.py
[2024-04-05T05:57:47.643+0000] {logging_mixin.py:188} INFO - [2024-04-05T05:57:47.643+0000] {dag.py:3047} INFO - Sync 1 DAGs
[2024-04-05T05:57:47.682+0000] {logging_mixin.py:188} INFO - [2024-04-05T05:57:47.681+0000] {dag.py:3834} INFO - Setting next_dagrun for example_sla_dag to 2024-04-05 05:54:00+00:00, run_after=2024-04-05 05:56:00+00:00
[2024-04-05T05:57:47.711+0000] {processor.py:183} INFO - Processing /home/airflow/.local/lib/python3.8/site-packages/airflow/example_dags/example_sla_dag.py took 0.127 seconds
[2024-04-05T05:58:17.848+0000] {processor.py:161} INFO - Started process (PID=2005) to work on /home/airflow/.local/lib/python3.8/site-packages/airflow/example_dags/example_sla_dag.py
[2024-04-05T05:58:17.850+0000] {processor.py:830} INFO - Processing file /home/airflow/.local/lib/python3.8/site-packages/airflow/example_dags/example_sla_dag.py for tasks to queue
[2024-04-05T05:58:17.852+0000] {logging_mixin.py:188} INFO - [2024-04-05T05:58:17.852+0000] {dagbag.py:540} INFO - Filling up the DagBag from /home/airflow/.local/lib/python3.8/site-packages/airflow/example_dags/example_sla_dag.py
[2024-04-05T05:58:17.872+0000] {processor.py:840} INFO - DAG(s) 'example_sla_dag' retrieved from /home/airflow/.local/lib/python3.8/site-packages/airflow/example_dags/example_sla_dag.py
[2024-04-05T05:58:17.909+0000] {logging_mixin.py:188} INFO - [2024-04-05T05:58:17.908+0000] {dag.py:3047} INFO - Sync 1 DAGs
[2024-04-05T05:58:17.958+0000] {logging_mixin.py:188} INFO - [2024-04-05T05:58:17.957+0000] {dag.py:3834} INFO - Setting next_dagrun for example_sla_dag to 2024-04-05 05:56:00+00:00, run_after=2024-04-05 05:58:00+00:00
[2024-04-05T05:58:17.992+0000] {processor.py:183} INFO - Processing /home/airflow/.local/lib/python3.8/site-packages/airflow/example_dags/example_sla_dag.py took 0.150 seconds
[2024-04-05T05:58:48.233+0000] {processor.py:161} INFO - Started process (PID=2062) to work on /home/airflow/.local/lib/python3.8/site-packages/airflow/example_dags/example_sla_dag.py
[2024-04-05T05:58:48.235+0000] {processor.py:830} INFO - Processing file /home/airflow/.local/lib/python3.8/site-packages/airflow/example_dags/example_sla_dag.py for tasks to queue
[2024-04-05T05:58:48.237+0000] {logging_mixin.py:188} INFO - [2024-04-05T05:58:48.237+0000] {dagbag.py:540} INFO - Filling up the DagBag from /home/airflow/.local/lib/python3.8/site-packages/airflow/example_dags/example_sla_dag.py
[2024-04-05T05:58:48.260+0000] {processor.py:840} INFO - DAG(s) 'example_sla_dag' retrieved from /home/airflow/.local/lib/python3.8/site-packages/airflow/example_dags/example_sla_dag.py
[2024-04-05T05:58:48.312+0000] {logging_mixin.py:188} INFO - [2024-04-05T05:58:48.311+0000] {dag.py:3047} INFO - Sync 1 DAGs
[2024-04-05T05:58:48.389+0000] {logging_mixin.py:188} INFO - [2024-04-05T05:58:48.389+0000] {dag.py:3834} INFO - Setting next_dagrun for example_sla_dag to 2024-04-05 05:56:00+00:00, run_after=2024-04-05 05:58:00+00:00
[2024-04-05T05:58:48.429+0000] {processor.py:183} INFO - Processing /home/airflow/.local/lib/python3.8/site-packages/airflow/example_dags/example_sla_dag.py took 0.202 seconds
[2024-04-05T05:59:18.906+0000] {processor.py:161} INFO - Started process (PID=2119) to work on /home/airflow/.local/lib/python3.8/site-packages/airflow/example_dags/example_sla_dag.py
[2024-04-05T05:59:18.908+0000] {processor.py:830} INFO - Processing file /home/airflow/.local/lib/python3.8/site-packages/airflow/example_dags/example_sla_dag.py for tasks to queue
[2024-04-05T05:59:18.909+0000] {logging_mixin.py:188} INFO - [2024-04-05T05:59:18.909+0000] {dagbag.py:540} INFO - Filling up the DagBag from /home/airflow/.local/lib/python3.8/site-packages/airflow/example_dags/example_sla_dag.py
[2024-04-05T05:59:18.923+0000] {processor.py:840} INFO - DAG(s) 'example_sla_dag' retrieved from /home/airflow/.local/lib/python3.8/site-packages/airflow/example_dags/example_sla_dag.py
[2024-04-05T05:59:18.959+0000] {logging_mixin.py:188} INFO - [2024-04-05T05:59:18.958+0000] {dag.py:3047} INFO - Sync 1 DAGs
[2024-04-05T05:59:19.004+0000] {logging_mixin.py:188} INFO - [2024-04-05T05:59:19.004+0000] {dag.py:3834} INFO - Setting next_dagrun for example_sla_dag to 2024-04-05 05:56:00+00:00, run_after=2024-04-05 05:58:00+00:00
[2024-04-05T05:59:19.038+0000] {processor.py:183} INFO - Processing /home/airflow/.local/lib/python3.8/site-packages/airflow/example_dags/example_sla_dag.py took 0.137 seconds
[2024-04-05T05:59:49.553+0000] {processor.py:161} INFO - Started process (PID=2176) to work on /home/airflow/.local/lib/python3.8/site-packages/airflow/example_dags/example_sla_dag.py
[2024-04-05T05:59:49.555+0000] {processor.py:830} INFO - Processing file /home/airflow/.local/lib/python3.8/site-packages/airflow/example_dags/example_sla_dag.py for tasks to queue
[2024-04-05T05:59:49.557+0000] {logging_mixin.py:188} INFO - [2024-04-05T05:59:49.556+0000] {dagbag.py:540} INFO - Filling up the DagBag from /home/airflow/.local/lib/python3.8/site-packages/airflow/example_dags/example_sla_dag.py
[2024-04-05T05:59:49.579+0000] {processor.py:840} INFO - DAG(s) 'example_sla_dag' retrieved from /home/airflow/.local/lib/python3.8/site-packages/airflow/example_dags/example_sla_dag.py
[2024-04-05T05:59:49.624+0000] {logging_mixin.py:188} INFO - [2024-04-05T05:59:49.623+0000] {dag.py:3047} INFO - Sync 1 DAGs
[2024-04-05T05:59:49.683+0000] {logging_mixin.py:188} INFO - [2024-04-05T05:59:49.683+0000] {dag.py:3834} INFO - Setting next_dagrun for example_sla_dag to 2024-04-05 05:56:00+00:00, run_after=2024-04-05 05:58:00+00:00
[2024-04-05T05:59:49.723+0000] {processor.py:183} INFO - Processing /home/airflow/.local/lib/python3.8/site-packages/airflow/example_dags/example_sla_dag.py took 0.178 seconds
[2024-04-05T06:00:20.352+0000] {processor.py:161} INFO - Started process (PID=2233) to work on /home/airflow/.local/lib/python3.8/site-packages/airflow/example_dags/example_sla_dag.py
[2024-04-05T06:00:20.355+0000] {processor.py:830} INFO - Processing file /home/airflow/.local/lib/python3.8/site-packages/airflow/example_dags/example_sla_dag.py for tasks to queue
[2024-04-05T06:00:20.358+0000] {logging_mixin.py:188} INFO - [2024-04-05T06:00:20.357+0000] {dagbag.py:540} INFO - Filling up the DagBag from /home/airflow/.local/lib/python3.8/site-packages/airflow/example_dags/example_sla_dag.py
[2024-04-05T06:00:20.378+0000] {processor.py:840} INFO - DAG(s) 'example_sla_dag' retrieved from /home/airflow/.local/lib/python3.8/site-packages/airflow/example_dags/example_sla_dag.py
[2024-04-05T06:00:20.417+0000] {logging_mixin.py:188} INFO - [2024-04-05T06:00:20.417+0000] {dag.py:3047} INFO - Sync 1 DAGs
[2024-04-05T06:00:20.468+0000] {logging_mixin.py:188} INFO - [2024-04-05T06:00:20.468+0000] {dag.py:3834} INFO - Setting next_dagrun for example_sla_dag to 2024-04-05 05:58:00+00:00, run_after=2024-04-05 06:00:00+00:00
[2024-04-05T06:00:20.503+0000] {processor.py:183} INFO - Processing /home/airflow/.local/lib/python3.8/site-packages/airflow/example_dags/example_sla_dag.py took 0.157 seconds
[2024-04-05T06:00:50.866+0000] {processor.py:161} INFO - Started process (PID=2290) to work on /home/airflow/.local/lib/python3.8/site-packages/airflow/example_dags/example_sla_dag.py
[2024-04-05T06:00:50.868+0000] {processor.py:830} INFO - Processing file /home/airflow/.local/lib/python3.8/site-packages/airflow/example_dags/example_sla_dag.py for tasks to queue
[2024-04-05T06:00:50.870+0000] {logging_mixin.py:188} INFO - [2024-04-05T06:00:50.869+0000] {dagbag.py:540} INFO - Filling up the DagBag from /home/airflow/.local/lib/python3.8/site-packages/airflow/example_dags/example_sla_dag.py
[2024-04-05T06:00:50.884+0000] {processor.py:840} INFO - DAG(s) 'example_sla_dag' retrieved from /home/airflow/.local/lib/python3.8/site-packages/airflow/example_dags/example_sla_dag.py
[2024-04-05T06:00:50.938+0000] {logging_mixin.py:188} INFO - [2024-04-05T06:00:50.938+0000] {dag.py:3047} INFO - Sync 1 DAGs
[2024-04-05T06:00:50.994+0000] {logging_mixin.py:188} INFO - [2024-04-05T06:00:50.994+0000] {dag.py:3834} INFO - Setting next_dagrun for example_sla_dag to 2024-04-05 05:58:00+00:00, run_after=2024-04-05 06:00:00+00:00
[2024-04-05T06:00:51.027+0000] {processor.py:183} INFO - Processing /home/airflow/.local/lib/python3.8/site-packages/airflow/example_dags/example_sla_dag.py took 0.166 seconds
[2024-04-05T06:01:21.125+0000] {processor.py:161} INFO - Started process (PID=2344) to work on /home/airflow/.local/lib/python3.8/site-packages/airflow/example_dags/example_sla_dag.py
[2024-04-05T06:01:21.128+0000] {processor.py:830} INFO - Processing file /home/airflow/.local/lib/python3.8/site-packages/airflow/example_dags/example_sla_dag.py for tasks to queue
[2024-04-05T06:01:21.130+0000] {logging_mixin.py:188} INFO - [2024-04-05T06:01:21.129+0000] {dagbag.py:540} INFO - Filling up the DagBag from /home/airflow/.local/lib/python3.8/site-packages/airflow/example_dags/example_sla_dag.py
[2024-04-05T06:01:21.145+0000] {processor.py:840} INFO - DAG(s) 'example_sla_dag' retrieved from /home/airflow/.local/lib/python3.8/site-packages/airflow/example_dags/example_sla_dag.py
[2024-04-05T06:01:21.178+0000] {logging_mixin.py:188} INFO - [2024-04-05T06:01:21.178+0000] {dag.py:3047} INFO - Sync 1 DAGs
[2024-04-05T06:01:21.219+0000] {logging_mixin.py:188} INFO - [2024-04-05T06:01:21.218+0000] {dag.py:3834} INFO - Setting next_dagrun for example_sla_dag to 2024-04-05 05:58:00+00:00, run_after=2024-04-05 06:00:00+00:00
[2024-04-05T06:01:21.252+0000] {processor.py:183} INFO - Processing /home/airflow/.local/lib/python3.8/site-packages/airflow/example_dags/example_sla_dag.py took 0.131 seconds
[2024-04-05T06:01:51.377+0000] {processor.py:161} INFO - Started process (PID=2401) to work on /home/airflow/.local/lib/python3.8/site-packages/airflow/example_dags/example_sla_dag.py
[2024-04-05T06:01:51.379+0000] {processor.py:830} INFO - Processing file /home/airflow/.local/lib/python3.8/site-packages/airflow/example_dags/example_sla_dag.py for tasks to queue
[2024-04-05T06:01:51.380+0000] {logging_mixin.py:188} INFO - [2024-04-05T06:01:51.380+0000] {dagbag.py:540} INFO - Filling up the DagBag from /home/airflow/.local/lib/python3.8/site-packages/airflow/example_dags/example_sla_dag.py
[2024-04-05T06:01:51.391+0000] {processor.py:840} INFO - DAG(s) 'example_sla_dag' retrieved from /home/airflow/.local/lib/python3.8/site-packages/airflow/example_dags/example_sla_dag.py
[2024-04-05T06:01:51.420+0000] {logging_mixin.py:188} INFO - [2024-04-05T06:01:51.420+0000] {dag.py:3047} INFO - Sync 1 DAGs
[2024-04-05T06:01:51.454+0000] {logging_mixin.py:188} INFO - [2024-04-05T06:01:51.453+0000] {dag.py:3834} INFO - Setting next_dagrun for example_sla_dag to 2024-04-05 05:58:00+00:00, run_after=2024-04-05 06:00:00+00:00
[2024-04-05T06:01:51.482+0000] {processor.py:183} INFO - Processing /home/airflow/.local/lib/python3.8/site-packages/airflow/example_dags/example_sla_dag.py took 0.110 seconds
[2024-04-05T06:02:21.591+0000] {processor.py:161} INFO - Started process (PID=2458) to work on /home/airflow/.local/lib/python3.8/site-packages/airflow/example_dags/example_sla_dag.py
[2024-04-05T06:02:21.592+0000] {processor.py:830} INFO - Processing file /home/airflow/.local/lib/python3.8/site-packages/airflow/example_dags/example_sla_dag.py for tasks to queue
[2024-04-05T06:02:21.594+0000] {logging_mixin.py:188} INFO - [2024-04-05T06:02:21.594+0000] {dagbag.py:540} INFO - Filling up the DagBag from /home/airflow/.local/lib/python3.8/site-packages/airflow/example_dags/example_sla_dag.py
[2024-04-05T06:02:21.615+0000] {processor.py:840} INFO - DAG(s) 'example_sla_dag' retrieved from /home/airflow/.local/lib/python3.8/site-packages/airflow/example_dags/example_sla_dag.py
[2024-04-05T06:02:21.668+0000] {logging_mixin.py:188} INFO - [2024-04-05T06:02:21.667+0000] {dag.py:3047} INFO - Sync 1 DAGs
[2024-04-05T06:02:21.725+0000] {logging_mixin.py:188} INFO - [2024-04-05T06:02:21.725+0000] {dag.py:3834} INFO - Setting next_dagrun for example_sla_dag to 2024-04-05 06:00:00+00:00, run_after=2024-04-05 06:02:00+00:00
[2024-04-05T06:02:21.761+0000] {processor.py:183} INFO - Processing /home/airflow/.local/lib/python3.8/site-packages/airflow/example_dags/example_sla_dag.py took 0.178 seconds
[2024-04-05T06:02:52.198+0000] {processor.py:161} INFO - Started process (PID=2515) to work on /home/airflow/.local/lib/python3.8/site-packages/airflow/example_dags/example_sla_dag.py
[2024-04-05T06:02:52.199+0000] {processor.py:830} INFO - Processing file /home/airflow/.local/lib/python3.8/site-packages/airflow/example_dags/example_sla_dag.py for tasks to queue
[2024-04-05T06:02:52.201+0000] {logging_mixin.py:188} INFO - [2024-04-05T06:02:52.201+0000] {dagbag.py:540} INFO - Filling up the DagBag from /home/airflow/.local/lib/python3.8/site-packages/airflow/example_dags/example_sla_dag.py
[2024-04-05T06:02:52.216+0000] {processor.py:840} INFO - DAG(s) 'example_sla_dag' retrieved from /home/airflow/.local/lib/python3.8/site-packages/airflow/example_dags/example_sla_dag.py
[2024-04-05T06:02:52.248+0000] {logging_mixin.py:188} INFO - [2024-04-05T06:02:52.247+0000] {dag.py:3047} INFO - Sync 1 DAGs
[2024-04-05T06:02:52.288+0000] {logging_mixin.py:188} INFO - [2024-04-05T06:02:52.288+0000] {dag.py:3834} INFO - Setting next_dagrun for example_sla_dag to 2024-04-05 06:00:00+00:00, run_after=2024-04-05 06:02:00+00:00
[2024-04-05T06:02:52.320+0000] {processor.py:183} INFO - Processing /home/airflow/.local/lib/python3.8/site-packages/airflow/example_dags/example_sla_dag.py took 0.127 seconds
[2024-04-05T06:03:23.091+0000] {processor.py:161} INFO - Started process (PID=2572) to work on /home/airflow/.local/lib/python3.8/site-packages/airflow/example_dags/example_sla_dag.py
[2024-04-05T06:03:23.100+0000] {processor.py:830} INFO - Processing file /home/airflow/.local/lib/python3.8/site-packages/airflow/example_dags/example_sla_dag.py for tasks to queue
[2024-04-05T06:03:23.104+0000] {logging_mixin.py:188} INFO - [2024-04-05T06:03:23.103+0000] {dagbag.py:540} INFO - Filling up the DagBag from /home/airflow/.local/lib/python3.8/site-packages/airflow/example_dags/example_sla_dag.py
[2024-04-05T06:03:23.139+0000] {processor.py:840} INFO - DAG(s) 'example_sla_dag' retrieved from /home/airflow/.local/lib/python3.8/site-packages/airflow/example_dags/example_sla_dag.py
[2024-04-05T06:03:23.198+0000] {logging_mixin.py:188} INFO - [2024-04-05T06:03:23.197+0000] {dag.py:3047} INFO - Sync 1 DAGs
[2024-04-05T06:03:23.276+0000] {logging_mixin.py:188} INFO - [2024-04-05T06:03:23.276+0000] {dag.py:3834} INFO - Setting next_dagrun for example_sla_dag to 2024-04-05 06:00:00+00:00, run_after=2024-04-05 06:02:00+00:00
[2024-04-05T06:03:23.342+0000] {processor.py:183} INFO - Processing /home/airflow/.local/lib/python3.8/site-packages/airflow/example_dags/example_sla_dag.py took 0.264 seconds
[2024-04-05T06:03:53.535+0000] {processor.py:161} INFO - Started process (PID=2629) to work on /home/airflow/.local/lib/python3.8/site-packages/airflow/example_dags/example_sla_dag.py
[2024-04-05T06:03:53.538+0000] {processor.py:830} INFO - Processing file /home/airflow/.local/lib/python3.8/site-packages/airflow/example_dags/example_sla_dag.py for tasks to queue
[2024-04-05T06:03:53.542+0000] {logging_mixin.py:188} INFO - [2024-04-05T06:03:53.541+0000] {dagbag.py:540} INFO - Filling up the DagBag from /home/airflow/.local/lib/python3.8/site-packages/airflow/example_dags/example_sla_dag.py
[2024-04-05T06:03:53.560+0000] {processor.py:840} INFO - DAG(s) 'example_sla_dag' retrieved from /home/airflow/.local/lib/python3.8/site-packages/airflow/example_dags/example_sla_dag.py
[2024-04-05T06:03:53.600+0000] {logging_mixin.py:188} INFO - [2024-04-05T06:03:53.600+0000] {dag.py:3047} INFO - Sync 1 DAGs
[2024-04-05T06:03:53.648+0000] {logging_mixin.py:188} INFO - [2024-04-05T06:03:53.647+0000] {dag.py:3834} INFO - Setting next_dagrun for example_sla_dag to 2024-04-05 06:00:00+00:00, run_after=2024-04-05 06:02:00+00:00
[2024-04-05T06:03:53.684+0000] {processor.py:183} INFO - Processing /home/airflow/.local/lib/python3.8/site-packages/airflow/example_dags/example_sla_dag.py took 0.155 seconds
[2024-04-05T06:04:23.865+0000] {processor.py:161} INFO - Started process (PID=2686) to work on /home/airflow/.local/lib/python3.8/site-packages/airflow/example_dags/example_sla_dag.py
[2024-04-05T06:04:23.867+0000] {processor.py:830} INFO - Processing file /home/airflow/.local/lib/python3.8/site-packages/airflow/example_dags/example_sla_dag.py for tasks to queue
[2024-04-05T06:04:23.868+0000] {logging_mixin.py:188} INFO - [2024-04-05T06:04:23.868+0000] {dagbag.py:540} INFO - Filling up the DagBag from /home/airflow/.local/lib/python3.8/site-packages/airflow/example_dags/example_sla_dag.py
[2024-04-05T06:04:23.882+0000] {processor.py:840} INFO - DAG(s) 'example_sla_dag' retrieved from /home/airflow/.local/lib/python3.8/site-packages/airflow/example_dags/example_sla_dag.py
[2024-04-05T06:04:23.922+0000] {logging_mixin.py:188} INFO - [2024-04-05T06:04:23.921+0000] {dag.py:3047} INFO - Sync 1 DAGs
[2024-04-05T06:04:23.976+0000] {logging_mixin.py:188} INFO - [2024-04-05T06:04:23.976+0000] {dag.py:3834} INFO - Setting next_dagrun for example_sla_dag to 2024-04-05 06:02:00+00:00, run_after=2024-04-05 06:04:00+00:00
[2024-04-05T06:04:24.017+0000] {processor.py:183} INFO - Processing /home/airflow/.local/lib/python3.8/site-packages/airflow/example_dags/example_sla_dag.py took 0.158 seconds
[2024-04-05T06:04:54.128+0000] {processor.py:161} INFO - Started process (PID=2743) to work on /home/airflow/.local/lib/python3.8/site-packages/airflow/example_dags/example_sla_dag.py
[2024-04-05T06:04:54.130+0000] {processor.py:830} INFO - Processing file /home/airflow/.local/lib/python3.8/site-packages/airflow/example_dags/example_sla_dag.py for tasks to queue
[2024-04-05T06:04:54.132+0000] {logging_mixin.py:188} INFO - [2024-04-05T06:04:54.132+0000] {dagbag.py:540} INFO - Filling up the DagBag from /home/airflow/.local/lib/python3.8/site-packages/airflow/example_dags/example_sla_dag.py
[2024-04-05T06:04:54.152+0000] {processor.py:840} INFO - DAG(s) 'example_sla_dag' retrieved from /home/airflow/.local/lib/python3.8/site-packages/airflow/example_dags/example_sla_dag.py
[2024-04-05T06:04:54.192+0000] {logging_mixin.py:188} INFO - [2024-04-05T06:04:54.192+0000] {dag.py:3047} INFO - Sync 1 DAGs
[2024-04-05T06:04:54.255+0000] {logging_mixin.py:188} INFO - [2024-04-05T06:04:54.254+0000] {dag.py:3834} INFO - Setting next_dagrun for example_sla_dag to 2024-04-05 06:02:00+00:00, run_after=2024-04-05 06:04:00+00:00
[2024-04-05T06:04:54.301+0000] {processor.py:183} INFO - Processing /home/airflow/.local/lib/python3.8/site-packages/airflow/example_dags/example_sla_dag.py took 0.179 seconds
