[2024-04-05T05:40:43.182+0000] {processor.py:161} INFO - Started process (PID=69) to work on /home/airflow/.local/lib/python3.8/site-packages/airflow/example_dags/example_external_task_marker_dag.py
[2024-04-05T05:40:43.207+0000] {processor.py:830} INFO - Processing file /home/airflow/.local/lib/python3.8/site-packages/airflow/example_dags/example_external_task_marker_dag.py for tasks to queue
[2024-04-05T05:40:43.242+0000] {logging_mixin.py:188} INFO - [2024-04-05T05:40:43.239+0000] {dagbag.py:540} INFO - Filling up the DagBag from /home/airflow/.local/lib/python3.8/site-packages/airflow/example_dags/example_external_task_marker_dag.py
[2024-04-05T05:40:43.392+0000] {processor.py:840} INFO - DAG(s) 'example_external_task_marker_parent', 'example_external_task_marker_child' retrieved from /home/airflow/.local/lib/python3.8/site-packages/airflow/example_dags/example_external_task_marker_dag.py
[2024-04-05T05:40:43.484+0000] {logging_mixin.py:188} INFO - [2024-04-05T05:40:43.483+0000] {dag.py:3047} INFO - Sync 2 DAGs
[2024-04-05T05:40:43.646+0000] {logging_mixin.py:188} INFO - [2024-04-05T05:40:43.646+0000] {dag.py:3834} INFO - Setting next_dagrun for example_external_task_marker_child to None, run_after=None
[2024-04-05T05:40:43.685+0000] {logging_mixin.py:188} INFO - [2024-04-05T05:40:43.684+0000] {dag.py:3834} INFO - Setting next_dagrun for example_external_task_marker_parent to None, run_after=None
[2024-04-05T05:40:43.864+0000] {processor.py:183} INFO - Processing /home/airflow/.local/lib/python3.8/site-packages/airflow/example_dags/example_external_task_marker_dag.py took 0.806 seconds
[2024-04-05T05:41:34.650+0000] {processor.py:161} INFO - Started process (PID=126) to work on /home/airflow/.local/lib/python3.8/site-packages/airflow/example_dags/example_external_task_marker_dag.py
[2024-04-05T05:41:34.668+0000] {processor.py:830} INFO - Processing file /home/airflow/.local/lib/python3.8/site-packages/airflow/example_dags/example_external_task_marker_dag.py for tasks to queue
[2024-04-05T05:41:34.685+0000] {logging_mixin.py:188} INFO - [2024-04-05T05:41:34.679+0000] {dagbag.py:540} INFO - Filling up the DagBag from /home/airflow/.local/lib/python3.8/site-packages/airflow/example_dags/example_external_task_marker_dag.py
[2024-04-05T05:41:34.737+0000] {processor.py:840} INFO - DAG(s) 'example_external_task_marker_child', 'example_external_task_marker_parent' retrieved from /home/airflow/.local/lib/python3.8/site-packages/airflow/example_dags/example_external_task_marker_dag.py
[2024-04-05T05:41:36.333+0000] {logging_mixin.py:188} INFO - [2024-04-05T05:41:36.333+0000] {dag.py:3047} INFO - Sync 2 DAGs
[2024-04-05T05:41:36.456+0000] {logging_mixin.py:188} INFO - [2024-04-05T05:41:36.455+0000] {dag.py:3834} INFO - Setting next_dagrun for example_external_task_marker_child to None, run_after=None
[2024-04-05T05:41:36.480+0000] {logging_mixin.py:188} INFO - [2024-04-05T05:41:36.477+0000] {dag.py:3834} INFO - Setting next_dagrun for example_external_task_marker_parent to None, run_after=None
[2024-04-05T05:41:36.618+0000] {processor.py:183} INFO - Processing /home/airflow/.local/lib/python3.8/site-packages/airflow/example_dags/example_external_task_marker_dag.py took 1.989 seconds
[2024-04-05T05:42:06.787+0000] {processor.py:161} INFO - Started process (PID=183) to work on /home/airflow/.local/lib/python3.8/site-packages/airflow/example_dags/example_external_task_marker_dag.py
[2024-04-05T05:42:06.789+0000] {processor.py:830} INFO - Processing file /home/airflow/.local/lib/python3.8/site-packages/airflow/example_dags/example_external_task_marker_dag.py for tasks to queue
[2024-04-05T05:42:06.793+0000] {logging_mixin.py:188} INFO - [2024-04-05T05:42:06.793+0000] {dagbag.py:540} INFO - Filling up the DagBag from /home/airflow/.local/lib/python3.8/site-packages/airflow/example_dags/example_external_task_marker_dag.py
[2024-04-05T05:42:06.810+0000] {processor.py:840} INFO - DAG(s) 'example_external_task_marker_parent', 'example_external_task_marker_child' retrieved from /home/airflow/.local/lib/python3.8/site-packages/airflow/example_dags/example_external_task_marker_dag.py
[2024-04-05T05:42:06.873+0000] {logging_mixin.py:188} INFO - [2024-04-05T05:42:06.873+0000] {dag.py:3047} INFO - Sync 2 DAGs
[2024-04-05T05:42:06.913+0000] {logging_mixin.py:188} INFO - [2024-04-05T05:42:06.912+0000] {dag.py:3834} INFO - Setting next_dagrun for example_external_task_marker_child to None, run_after=None
[2024-04-05T05:42:06.923+0000] {logging_mixin.py:188} INFO - [2024-04-05T05:42:06.922+0000] {dag.py:3834} INFO - Setting next_dagrun for example_external_task_marker_parent to None, run_after=None
[2024-04-05T05:42:06.964+0000] {processor.py:183} INFO - Processing /home/airflow/.local/lib/python3.8/site-packages/airflow/example_dags/example_external_task_marker_dag.py took 0.187 seconds
[2024-04-05T05:42:37.412+0000] {processor.py:161} INFO - Started process (PID=246) to work on /home/airflow/.local/lib/python3.8/site-packages/airflow/example_dags/example_external_task_marker_dag.py
[2024-04-05T05:42:37.414+0000] {processor.py:830} INFO - Processing file /home/airflow/.local/lib/python3.8/site-packages/airflow/example_dags/example_external_task_marker_dag.py for tasks to queue
[2024-04-05T05:42:37.418+0000] {logging_mixin.py:188} INFO - [2024-04-05T05:42:37.418+0000] {dagbag.py:540} INFO - Filling up the DagBag from /home/airflow/.local/lib/python3.8/site-packages/airflow/example_dags/example_external_task_marker_dag.py
[2024-04-05T05:42:37.430+0000] {processor.py:840} INFO - DAG(s) 'example_external_task_marker_parent', 'example_external_task_marker_child' retrieved from /home/airflow/.local/lib/python3.8/site-packages/airflow/example_dags/example_external_task_marker_dag.py
[2024-04-05T05:42:37.482+0000] {logging_mixin.py:188} INFO - [2024-04-05T05:42:37.482+0000] {dag.py:3047} INFO - Sync 2 DAGs
[2024-04-05T05:42:37.517+0000] {logging_mixin.py:188} INFO - [2024-04-05T05:42:37.517+0000] {dag.py:3834} INFO - Setting next_dagrun for example_external_task_marker_child to None, run_after=None
[2024-04-05T05:42:37.526+0000] {logging_mixin.py:188} INFO - [2024-04-05T05:42:37.526+0000] {dag.py:3834} INFO - Setting next_dagrun for example_external_task_marker_parent to None, run_after=None
[2024-04-05T05:42:37.564+0000] {processor.py:183} INFO - Processing /home/airflow/.local/lib/python3.8/site-packages/airflow/example_dags/example_external_task_marker_dag.py took 0.158 seconds
[2024-04-05T05:43:08.143+0000] {processor.py:161} INFO - Started process (PID=306) to work on /home/airflow/.local/lib/python3.8/site-packages/airflow/example_dags/example_external_task_marker_dag.py
[2024-04-05T05:43:08.146+0000] {processor.py:830} INFO - Processing file /home/airflow/.local/lib/python3.8/site-packages/airflow/example_dags/example_external_task_marker_dag.py for tasks to queue
[2024-04-05T05:43:08.149+0000] {logging_mixin.py:188} INFO - [2024-04-05T05:43:08.149+0000] {dagbag.py:540} INFO - Filling up the DagBag from /home/airflow/.local/lib/python3.8/site-packages/airflow/example_dags/example_external_task_marker_dag.py
[2024-04-05T05:43:08.159+0000] {processor.py:840} INFO - DAG(s) 'example_external_task_marker_child', 'example_external_task_marker_parent' retrieved from /home/airflow/.local/lib/python3.8/site-packages/airflow/example_dags/example_external_task_marker_dag.py
[2024-04-05T05:43:08.201+0000] {logging_mixin.py:188} INFO - [2024-04-05T05:43:08.200+0000] {dag.py:3047} INFO - Sync 2 DAGs
[2024-04-05T05:43:08.221+0000] {logging_mixin.py:188} INFO - [2024-04-05T05:43:08.221+0000] {dag.py:3834} INFO - Setting next_dagrun for example_external_task_marker_child to None, run_after=None
[2024-04-05T05:43:08.226+0000] {logging_mixin.py:188} INFO - [2024-04-05T05:43:08.226+0000] {dag.py:3834} INFO - Setting next_dagrun for example_external_task_marker_parent to None, run_after=None
[2024-04-05T05:43:08.254+0000] {processor.py:183} INFO - Processing /home/airflow/.local/lib/python3.8/site-packages/airflow/example_dags/example_external_task_marker_dag.py took 0.116 seconds
[2024-04-05T05:43:38.364+0000] {processor.py:161} INFO - Started process (PID=363) to work on /home/airflow/.local/lib/python3.8/site-packages/airflow/example_dags/example_external_task_marker_dag.py
[2024-04-05T05:43:38.366+0000] {processor.py:830} INFO - Processing file /home/airflow/.local/lib/python3.8/site-packages/airflow/example_dags/example_external_task_marker_dag.py for tasks to queue
[2024-04-05T05:43:38.372+0000] {logging_mixin.py:188} INFO - [2024-04-05T05:43:38.371+0000] {dagbag.py:540} INFO - Filling up the DagBag from /home/airflow/.local/lib/python3.8/site-packages/airflow/example_dags/example_external_task_marker_dag.py
[2024-04-05T05:43:38.385+0000] {processor.py:840} INFO - DAG(s) 'example_external_task_marker_child', 'example_external_task_marker_parent' retrieved from /home/airflow/.local/lib/python3.8/site-packages/airflow/example_dags/example_external_task_marker_dag.py
[2024-04-05T05:43:38.440+0000] {logging_mixin.py:188} INFO - [2024-04-05T05:43:38.439+0000] {dag.py:3047} INFO - Sync 2 DAGs
[2024-04-05T05:43:38.474+0000] {logging_mixin.py:188} INFO - [2024-04-05T05:43:38.474+0000] {dag.py:3834} INFO - Setting next_dagrun for example_external_task_marker_child to None, run_after=None
[2024-04-05T05:43:38.483+0000] {logging_mixin.py:188} INFO - [2024-04-05T05:43:38.482+0000] {dag.py:3834} INFO - Setting next_dagrun for example_external_task_marker_parent to None, run_after=None
[2024-04-05T05:43:38.522+0000] {processor.py:183} INFO - Processing /home/airflow/.local/lib/python3.8/site-packages/airflow/example_dags/example_external_task_marker_dag.py took 0.166 seconds
[2024-04-05T05:44:08.617+0000] {processor.py:161} INFO - Started process (PID=421) to work on /home/airflow/.local/lib/python3.8/site-packages/airflow/example_dags/example_external_task_marker_dag.py
[2024-04-05T05:44:08.618+0000] {processor.py:830} INFO - Processing file /home/airflow/.local/lib/python3.8/site-packages/airflow/example_dags/example_external_task_marker_dag.py for tasks to queue
[2024-04-05T05:44:08.622+0000] {logging_mixin.py:188} INFO - [2024-04-05T05:44:08.621+0000] {dagbag.py:540} INFO - Filling up the DagBag from /home/airflow/.local/lib/python3.8/site-packages/airflow/example_dags/example_external_task_marker_dag.py
[2024-04-05T05:44:08.633+0000] {processor.py:840} INFO - DAG(s) 'example_external_task_marker_parent', 'example_external_task_marker_child' retrieved from /home/airflow/.local/lib/python3.8/site-packages/airflow/example_dags/example_external_task_marker_dag.py
[2024-04-05T05:44:08.681+0000] {logging_mixin.py:188} INFO - [2024-04-05T05:44:08.681+0000] {dag.py:3047} INFO - Sync 2 DAGs
[2024-04-05T05:44:08.701+0000] {logging_mixin.py:188} INFO - [2024-04-05T05:44:08.701+0000] {dag.py:3834} INFO - Setting next_dagrun for example_external_task_marker_child to None, run_after=None
[2024-04-05T05:44:08.712+0000] {logging_mixin.py:188} INFO - [2024-04-05T05:44:08.712+0000] {dag.py:3834} INFO - Setting next_dagrun for example_external_task_marker_parent to None, run_after=None
[2024-04-05T05:44:08.750+0000] {processor.py:183} INFO - Processing /home/airflow/.local/lib/python3.8/site-packages/airflow/example_dags/example_external_task_marker_dag.py took 0.140 seconds
[2024-04-05T05:44:39.735+0000] {processor.py:161} INFO - Started process (PID=478) to work on /home/airflow/.local/lib/python3.8/site-packages/airflow/example_dags/example_external_task_marker_dag.py
[2024-04-05T05:44:39.737+0000] {processor.py:830} INFO - Processing file /home/airflow/.local/lib/python3.8/site-packages/airflow/example_dags/example_external_task_marker_dag.py for tasks to queue
[2024-04-05T05:44:39.742+0000] {logging_mixin.py:188} INFO - [2024-04-05T05:44:39.740+0000] {dagbag.py:540} INFO - Filling up the DagBag from /home/airflow/.local/lib/python3.8/site-packages/airflow/example_dags/example_external_task_marker_dag.py
[2024-04-05T05:44:39.759+0000] {processor.py:840} INFO - DAG(s) 'example_external_task_marker_child', 'example_external_task_marker_parent' retrieved from /home/airflow/.local/lib/python3.8/site-packages/airflow/example_dags/example_external_task_marker_dag.py
[2024-04-05T05:44:39.815+0000] {logging_mixin.py:188} INFO - [2024-04-05T05:44:39.814+0000] {dag.py:3047} INFO - Sync 2 DAGs
[2024-04-05T05:44:39.838+0000] {logging_mixin.py:188} INFO - [2024-04-05T05:44:39.838+0000] {dag.py:3834} INFO - Setting next_dagrun for example_external_task_marker_child to None, run_after=None
[2024-04-05T05:44:39.847+0000] {logging_mixin.py:188} INFO - [2024-04-05T05:44:39.846+0000] {dag.py:3834} INFO - Setting next_dagrun for example_external_task_marker_parent to None, run_after=None
[2024-04-05T05:44:39.880+0000] {processor.py:183} INFO - Processing /home/airflow/.local/lib/python3.8/site-packages/airflow/example_dags/example_external_task_marker_dag.py took 0.153 seconds
[2024-04-05T05:45:10.130+0000] {processor.py:161} INFO - Started process (PID=535) to work on /home/airflow/.local/lib/python3.8/site-packages/airflow/example_dags/example_external_task_marker_dag.py
[2024-04-05T05:45:10.132+0000] {processor.py:830} INFO - Processing file /home/airflow/.local/lib/python3.8/site-packages/airflow/example_dags/example_external_task_marker_dag.py for tasks to queue
[2024-04-05T05:45:10.134+0000] {logging_mixin.py:188} INFO - [2024-04-05T05:45:10.133+0000] {dagbag.py:540} INFO - Filling up the DagBag from /home/airflow/.local/lib/python3.8/site-packages/airflow/example_dags/example_external_task_marker_dag.py
[2024-04-05T05:45:10.153+0000] {processor.py:840} INFO - DAG(s) 'example_external_task_marker_parent', 'example_external_task_marker_child' retrieved from /home/airflow/.local/lib/python3.8/site-packages/airflow/example_dags/example_external_task_marker_dag.py
[2024-04-05T05:45:10.218+0000] {logging_mixin.py:188} INFO - [2024-04-05T05:45:10.217+0000] {dag.py:3047} INFO - Sync 2 DAGs
[2024-04-05T05:45:10.268+0000] {logging_mixin.py:188} INFO - [2024-04-05T05:45:10.267+0000] {dag.py:3834} INFO - Setting next_dagrun for example_external_task_marker_child to None, run_after=None
[2024-04-05T05:45:10.287+0000] {logging_mixin.py:188} INFO - [2024-04-05T05:45:10.287+0000] {dag.py:3834} INFO - Setting next_dagrun for example_external_task_marker_parent to None, run_after=None
[2024-04-05T05:45:10.347+0000] {processor.py:183} INFO - Processing /home/airflow/.local/lib/python3.8/site-packages/airflow/example_dags/example_external_task_marker_dag.py took 0.226 seconds
[2024-04-05T05:45:40.657+0000] {processor.py:161} INFO - Started process (PID=592) to work on /home/airflow/.local/lib/python3.8/site-packages/airflow/example_dags/example_external_task_marker_dag.py
[2024-04-05T05:45:40.659+0000] {processor.py:830} INFO - Processing file /home/airflow/.local/lib/python3.8/site-packages/airflow/example_dags/example_external_task_marker_dag.py for tasks to queue
[2024-04-05T05:45:40.662+0000] {logging_mixin.py:188} INFO - [2024-04-05T05:45:40.660+0000] {dagbag.py:540} INFO - Filling up the DagBag from /home/airflow/.local/lib/python3.8/site-packages/airflow/example_dags/example_external_task_marker_dag.py
[2024-04-05T05:45:40.669+0000] {processor.py:840} INFO - DAG(s) 'example_external_task_marker_parent', 'example_external_task_marker_child' retrieved from /home/airflow/.local/lib/python3.8/site-packages/airflow/example_dags/example_external_task_marker_dag.py
[2024-04-05T05:45:40.731+0000] {logging_mixin.py:188} INFO - [2024-04-05T05:45:40.730+0000] {dag.py:3047} INFO - Sync 2 DAGs
[2024-04-05T05:45:40.770+0000] {logging_mixin.py:188} INFO - [2024-04-05T05:45:40.769+0000] {dag.py:3834} INFO - Setting next_dagrun for example_external_task_marker_child to None, run_after=None
[2024-04-05T05:45:40.781+0000] {logging_mixin.py:188} INFO - [2024-04-05T05:45:40.780+0000] {dag.py:3834} INFO - Setting next_dagrun for example_external_task_marker_parent to None, run_after=None
[2024-04-05T05:45:40.826+0000] {processor.py:183} INFO - Processing /home/airflow/.local/lib/python3.8/site-packages/airflow/example_dags/example_external_task_marker_dag.py took 0.174 seconds
[2024-04-05T05:46:11.188+0000] {processor.py:161} INFO - Started process (PID=649) to work on /home/airflow/.local/lib/python3.8/site-packages/airflow/example_dags/example_external_task_marker_dag.py
[2024-04-05T05:46:11.190+0000] {processor.py:830} INFO - Processing file /home/airflow/.local/lib/python3.8/site-packages/airflow/example_dags/example_external_task_marker_dag.py for tasks to queue
[2024-04-05T05:46:11.192+0000] {logging_mixin.py:188} INFO - [2024-04-05T05:46:11.192+0000] {dagbag.py:540} INFO - Filling up the DagBag from /home/airflow/.local/lib/python3.8/site-packages/airflow/example_dags/example_external_task_marker_dag.py
[2024-04-05T05:46:11.206+0000] {processor.py:840} INFO - DAG(s) 'example_external_task_marker_parent', 'example_external_task_marker_child' retrieved from /home/airflow/.local/lib/python3.8/site-packages/airflow/example_dags/example_external_task_marker_dag.py
[2024-04-05T05:46:11.245+0000] {logging_mixin.py:188} INFO - [2024-04-05T05:46:11.244+0000] {dag.py:3047} INFO - Sync 2 DAGs
[2024-04-05T05:46:11.259+0000] {logging_mixin.py:188} INFO - [2024-04-05T05:46:11.259+0000] {dag.py:3834} INFO - Setting next_dagrun for example_external_task_marker_child to None, run_after=None
[2024-04-05T05:46:11.265+0000] {logging_mixin.py:188} INFO - [2024-04-05T05:46:11.264+0000] {dag.py:3834} INFO - Setting next_dagrun for example_external_task_marker_parent to None, run_after=None
[2024-04-05T05:46:11.296+0000] {processor.py:183} INFO - Processing /home/airflow/.local/lib/python3.8/site-packages/airflow/example_dags/example_external_task_marker_dag.py took 0.117 seconds
[2024-04-05T05:46:41.662+0000] {processor.py:161} INFO - Started process (PID=706) to work on /home/airflow/.local/lib/python3.8/site-packages/airflow/example_dags/example_external_task_marker_dag.py
[2024-04-05T05:46:41.664+0000] {processor.py:830} INFO - Processing file /home/airflow/.local/lib/python3.8/site-packages/airflow/example_dags/example_external_task_marker_dag.py for tasks to queue
[2024-04-05T05:46:41.667+0000] {logging_mixin.py:188} INFO - [2024-04-05T05:46:41.666+0000] {dagbag.py:540} INFO - Filling up the DagBag from /home/airflow/.local/lib/python3.8/site-packages/airflow/example_dags/example_external_task_marker_dag.py
[2024-04-05T05:46:41.683+0000] {processor.py:840} INFO - DAG(s) 'example_external_task_marker_child', 'example_external_task_marker_parent' retrieved from /home/airflow/.local/lib/python3.8/site-packages/airflow/example_dags/example_external_task_marker_dag.py
[2024-04-05T05:46:41.732+0000] {logging_mixin.py:188} INFO - [2024-04-05T05:46:41.732+0000] {dag.py:3047} INFO - Sync 2 DAGs
[2024-04-05T05:46:41.782+0000] {logging_mixin.py:188} INFO - [2024-04-05T05:46:41.781+0000] {dag.py:3834} INFO - Setting next_dagrun for example_external_task_marker_child to None, run_after=None
[2024-04-05T05:46:41.791+0000] {logging_mixin.py:188} INFO - [2024-04-05T05:46:41.791+0000] {dag.py:3834} INFO - Setting next_dagrun for example_external_task_marker_parent to None, run_after=None
[2024-04-05T05:46:41.837+0000] {processor.py:183} INFO - Processing /home/airflow/.local/lib/python3.8/site-packages/airflow/example_dags/example_external_task_marker_dag.py took 0.183 seconds
[2024-04-05T05:47:13.233+0000] {processor.py:161} INFO - Started process (PID=768) to work on /home/airflow/.local/lib/python3.8/site-packages/airflow/example_dags/example_external_task_marker_dag.py
[2024-04-05T05:47:13.236+0000] {processor.py:830} INFO - Processing file /home/airflow/.local/lib/python3.8/site-packages/airflow/example_dags/example_external_task_marker_dag.py for tasks to queue
[2024-04-05T05:47:13.241+0000] {logging_mixin.py:188} INFO - [2024-04-05T05:47:13.240+0000] {dagbag.py:540} INFO - Filling up the DagBag from /home/airflow/.local/lib/python3.8/site-packages/airflow/example_dags/example_external_task_marker_dag.py
[2024-04-05T05:47:13.262+0000] {processor.py:840} INFO - DAG(s) 'example_external_task_marker_child', 'example_external_task_marker_parent' retrieved from /home/airflow/.local/lib/python3.8/site-packages/airflow/example_dags/example_external_task_marker_dag.py
[2024-04-05T05:47:13.330+0000] {logging_mixin.py:188} INFO - [2024-04-05T05:47:13.330+0000] {dag.py:3047} INFO - Sync 2 DAGs
[2024-04-05T05:47:13.359+0000] {logging_mixin.py:188} INFO - [2024-04-05T05:47:13.359+0000] {dag.py:3834} INFO - Setting next_dagrun for example_external_task_marker_child to None, run_after=None
[2024-04-05T05:47:13.366+0000] {logging_mixin.py:188} INFO - [2024-04-05T05:47:13.366+0000] {dag.py:3834} INFO - Setting next_dagrun for example_external_task_marker_parent to None, run_after=None
[2024-04-05T05:47:13.403+0000] {processor.py:183} INFO - Processing /home/airflow/.local/lib/python3.8/site-packages/airflow/example_dags/example_external_task_marker_dag.py took 0.178 seconds
[2024-04-05T05:47:43.683+0000] {processor.py:161} INFO - Started process (PID=825) to work on /home/airflow/.local/lib/python3.8/site-packages/airflow/example_dags/example_external_task_marker_dag.py
[2024-04-05T05:47:43.691+0000] {processor.py:830} INFO - Processing file /home/airflow/.local/lib/python3.8/site-packages/airflow/example_dags/example_external_task_marker_dag.py for tasks to queue
[2024-04-05T05:47:43.695+0000] {logging_mixin.py:188} INFO - [2024-04-05T05:47:43.694+0000] {dagbag.py:540} INFO - Filling up the DagBag from /home/airflow/.local/lib/python3.8/site-packages/airflow/example_dags/example_external_task_marker_dag.py
[2024-04-05T05:47:43.712+0000] {processor.py:840} INFO - DAG(s) 'example_external_task_marker_parent', 'example_external_task_marker_child' retrieved from /home/airflow/.local/lib/python3.8/site-packages/airflow/example_dags/example_external_task_marker_dag.py
[2024-04-05T05:47:43.773+0000] {logging_mixin.py:188} INFO - [2024-04-05T05:47:43.772+0000] {dag.py:3047} INFO - Sync 2 DAGs
[2024-04-05T05:47:43.815+0000] {logging_mixin.py:188} INFO - [2024-04-05T05:47:43.815+0000] {dag.py:3834} INFO - Setting next_dagrun for example_external_task_marker_child to None, run_after=None
[2024-04-05T05:47:43.832+0000] {logging_mixin.py:188} INFO - [2024-04-05T05:47:43.831+0000] {dag.py:3834} INFO - Setting next_dagrun for example_external_task_marker_parent to None, run_after=None
[2024-04-05T05:47:43.885+0000] {processor.py:183} INFO - Processing /home/airflow/.local/lib/python3.8/site-packages/airflow/example_dags/example_external_task_marker_dag.py took 0.212 seconds
[2024-04-05T05:48:14.902+0000] {processor.py:161} INFO - Started process (PID=882) to work on /home/airflow/.local/lib/python3.8/site-packages/airflow/example_dags/example_external_task_marker_dag.py
[2024-04-05T05:48:14.904+0000] {processor.py:830} INFO - Processing file /home/airflow/.local/lib/python3.8/site-packages/airflow/example_dags/example_external_task_marker_dag.py for tasks to queue
[2024-04-05T05:48:14.907+0000] {logging_mixin.py:188} INFO - [2024-04-05T05:48:14.906+0000] {dagbag.py:540} INFO - Filling up the DagBag from /home/airflow/.local/lib/python3.8/site-packages/airflow/example_dags/example_external_task_marker_dag.py
[2024-04-05T05:48:14.926+0000] {processor.py:840} INFO - DAG(s) 'example_external_task_marker_child', 'example_external_task_marker_parent' retrieved from /home/airflow/.local/lib/python3.8/site-packages/airflow/example_dags/example_external_task_marker_dag.py
[2024-04-05T05:48:14.987+0000] {logging_mixin.py:188} INFO - [2024-04-05T05:48:14.986+0000] {dag.py:3047} INFO - Sync 2 DAGs
[2024-04-05T05:48:15.024+0000] {logging_mixin.py:188} INFO - [2024-04-05T05:48:15.023+0000] {dag.py:3834} INFO - Setting next_dagrun for example_external_task_marker_child to None, run_after=None
[2024-04-05T05:48:15.035+0000] {logging_mixin.py:188} INFO - [2024-04-05T05:48:15.033+0000] {dag.py:3834} INFO - Setting next_dagrun for example_external_task_marker_parent to None, run_after=None
[2024-04-05T05:48:15.075+0000] {processor.py:183} INFO - Processing /home/airflow/.local/lib/python3.8/site-packages/airflow/example_dags/example_external_task_marker_dag.py took 0.182 seconds
[2024-04-05T05:48:45.966+0000] {processor.py:161} INFO - Started process (PID=939) to work on /home/airflow/.local/lib/python3.8/site-packages/airflow/example_dags/example_external_task_marker_dag.py
[2024-04-05T05:48:45.969+0000] {processor.py:830} INFO - Processing file /home/airflow/.local/lib/python3.8/site-packages/airflow/example_dags/example_external_task_marker_dag.py for tasks to queue
[2024-04-05T05:48:45.972+0000] {logging_mixin.py:188} INFO - [2024-04-05T05:48:45.971+0000] {dagbag.py:540} INFO - Filling up the DagBag from /home/airflow/.local/lib/python3.8/site-packages/airflow/example_dags/example_external_task_marker_dag.py
[2024-04-05T05:48:45.994+0000] {processor.py:840} INFO - DAG(s) 'example_external_task_marker_parent', 'example_external_task_marker_child' retrieved from /home/airflow/.local/lib/python3.8/site-packages/airflow/example_dags/example_external_task_marker_dag.py
[2024-04-05T05:48:46.055+0000] {logging_mixin.py:188} INFO - [2024-04-05T05:48:46.054+0000] {dag.py:3047} INFO - Sync 2 DAGs
[2024-04-05T05:48:46.093+0000] {logging_mixin.py:188} INFO - [2024-04-05T05:48:46.093+0000] {dag.py:3834} INFO - Setting next_dagrun for example_external_task_marker_child to None, run_after=None
[2024-04-05T05:48:46.103+0000] {logging_mixin.py:188} INFO - [2024-04-05T05:48:46.102+0000] {dag.py:3834} INFO - Setting next_dagrun for example_external_task_marker_parent to None, run_after=None
[2024-04-05T05:48:46.150+0000] {processor.py:183} INFO - Processing /home/airflow/.local/lib/python3.8/site-packages/airflow/example_dags/example_external_task_marker_dag.py took 0.194 seconds
[2024-04-05T05:49:16.729+0000] {processor.py:161} INFO - Started process (PID=996) to work on /home/airflow/.local/lib/python3.8/site-packages/airflow/example_dags/example_external_task_marker_dag.py
[2024-04-05T05:49:16.731+0000] {processor.py:830} INFO - Processing file /home/airflow/.local/lib/python3.8/site-packages/airflow/example_dags/example_external_task_marker_dag.py for tasks to queue
[2024-04-05T05:49:16.733+0000] {logging_mixin.py:188} INFO - [2024-04-05T05:49:16.733+0000] {dagbag.py:540} INFO - Filling up the DagBag from /home/airflow/.local/lib/python3.8/site-packages/airflow/example_dags/example_external_task_marker_dag.py
[2024-04-05T05:49:16.746+0000] {processor.py:840} INFO - DAG(s) 'example_external_task_marker_parent', 'example_external_task_marker_child' retrieved from /home/airflow/.local/lib/python3.8/site-packages/airflow/example_dags/example_external_task_marker_dag.py
[2024-04-05T05:49:16.788+0000] {logging_mixin.py:188} INFO - [2024-04-05T05:49:16.787+0000] {dag.py:3047} INFO - Sync 2 DAGs
[2024-04-05T05:49:16.805+0000] {logging_mixin.py:188} INFO - [2024-04-05T05:49:16.805+0000] {dag.py:3834} INFO - Setting next_dagrun for example_external_task_marker_child to None, run_after=None
[2024-04-05T05:49:16.809+0000] {logging_mixin.py:188} INFO - [2024-04-05T05:49:16.809+0000] {dag.py:3834} INFO - Setting next_dagrun for example_external_task_marker_parent to None, run_after=None
[2024-04-05T05:49:16.831+0000] {processor.py:183} INFO - Processing /home/airflow/.local/lib/python3.8/site-packages/airflow/example_dags/example_external_task_marker_dag.py took 0.107 seconds
[2024-04-05T05:49:47.463+0000] {processor.py:161} INFO - Started process (PID=1053) to work on /home/airflow/.local/lib/python3.8/site-packages/airflow/example_dags/example_external_task_marker_dag.py
[2024-04-05T05:49:47.465+0000] {processor.py:830} INFO - Processing file /home/airflow/.local/lib/python3.8/site-packages/airflow/example_dags/example_external_task_marker_dag.py for tasks to queue
[2024-04-05T05:49:47.468+0000] {logging_mixin.py:188} INFO - [2024-04-05T05:49:47.467+0000] {dagbag.py:540} INFO - Filling up the DagBag from /home/airflow/.local/lib/python3.8/site-packages/airflow/example_dags/example_external_task_marker_dag.py
[2024-04-05T05:49:47.479+0000] {processor.py:840} INFO - DAG(s) 'example_external_task_marker_parent', 'example_external_task_marker_child' retrieved from /home/airflow/.local/lib/python3.8/site-packages/airflow/example_dags/example_external_task_marker_dag.py
[2024-04-05T05:49:47.513+0000] {logging_mixin.py:188} INFO - [2024-04-05T05:49:47.513+0000] {dag.py:3047} INFO - Sync 2 DAGs
[2024-04-05T05:49:47.535+0000] {logging_mixin.py:188} INFO - [2024-04-05T05:49:47.534+0000] {dag.py:3834} INFO - Setting next_dagrun for example_external_task_marker_child to None, run_after=None
[2024-04-05T05:49:47.539+0000] {logging_mixin.py:188} INFO - [2024-04-05T05:49:47.539+0000] {dag.py:3834} INFO - Setting next_dagrun for example_external_task_marker_parent to None, run_after=None
[2024-04-05T05:49:47.565+0000] {processor.py:183} INFO - Processing /home/airflow/.local/lib/python3.8/site-packages/airflow/example_dags/example_external_task_marker_dag.py took 0.106 seconds
[2024-04-05T05:50:17.820+0000] {processor.py:161} INFO - Started process (PID=1110) to work on /home/airflow/.local/lib/python3.8/site-packages/airflow/example_dags/example_external_task_marker_dag.py
[2024-04-05T05:50:17.822+0000] {processor.py:830} INFO - Processing file /home/airflow/.local/lib/python3.8/site-packages/airflow/example_dags/example_external_task_marker_dag.py for tasks to queue
[2024-04-05T05:50:17.824+0000] {logging_mixin.py:188} INFO - [2024-04-05T05:50:17.823+0000] {dagbag.py:540} INFO - Filling up the DagBag from /home/airflow/.local/lib/python3.8/site-packages/airflow/example_dags/example_external_task_marker_dag.py
[2024-04-05T05:50:17.841+0000] {processor.py:840} INFO - DAG(s) 'example_external_task_marker_child', 'example_external_task_marker_parent' retrieved from /home/airflow/.local/lib/python3.8/site-packages/airflow/example_dags/example_external_task_marker_dag.py
[2024-04-05T05:50:17.891+0000] {logging_mixin.py:188} INFO - [2024-04-05T05:50:17.890+0000] {dag.py:3047} INFO - Sync 2 DAGs
[2024-04-05T05:50:17.920+0000] {logging_mixin.py:188} INFO - [2024-04-05T05:50:17.919+0000] {dag.py:3834} INFO - Setting next_dagrun for example_external_task_marker_child to None, run_after=None
[2024-04-05T05:50:17.930+0000] {logging_mixin.py:188} INFO - [2024-04-05T05:50:17.930+0000] {dag.py:3834} INFO - Setting next_dagrun for example_external_task_marker_parent to None, run_after=None
[2024-04-05T05:50:17.964+0000] {processor.py:183} INFO - Processing /home/airflow/.local/lib/python3.8/site-packages/airflow/example_dags/example_external_task_marker_dag.py took 0.153 seconds
[2024-04-05T05:50:48.633+0000] {processor.py:161} INFO - Started process (PID=1167) to work on /home/airflow/.local/lib/python3.8/site-packages/airflow/example_dags/example_external_task_marker_dag.py
[2024-04-05T05:50:48.635+0000] {processor.py:830} INFO - Processing file /home/airflow/.local/lib/python3.8/site-packages/airflow/example_dags/example_external_task_marker_dag.py for tasks to queue
[2024-04-05T05:50:48.636+0000] {logging_mixin.py:188} INFO - [2024-04-05T05:50:48.636+0000] {dagbag.py:540} INFO - Filling up the DagBag from /home/airflow/.local/lib/python3.8/site-packages/airflow/example_dags/example_external_task_marker_dag.py
[2024-04-05T05:50:48.646+0000] {processor.py:840} INFO - DAG(s) 'example_external_task_marker_child', 'example_external_task_marker_parent' retrieved from /home/airflow/.local/lib/python3.8/site-packages/airflow/example_dags/example_external_task_marker_dag.py
[2024-04-05T05:50:48.693+0000] {logging_mixin.py:188} INFO - [2024-04-05T05:50:48.692+0000] {dag.py:3047} INFO - Sync 2 DAGs
[2024-04-05T05:50:48.718+0000] {logging_mixin.py:188} INFO - [2024-04-05T05:50:48.718+0000] {dag.py:3834} INFO - Setting next_dagrun for example_external_task_marker_child to None, run_after=None
[2024-04-05T05:50:48.726+0000] {logging_mixin.py:188} INFO - [2024-04-05T05:50:48.725+0000] {dag.py:3834} INFO - Setting next_dagrun for example_external_task_marker_parent to None, run_after=None
[2024-04-05T05:50:48.764+0000] {processor.py:183} INFO - Processing /home/airflow/.local/lib/python3.8/site-packages/airflow/example_dags/example_external_task_marker_dag.py took 0.135 seconds
[2024-04-05T05:51:19.157+0000] {processor.py:161} INFO - Started process (PID=1224) to work on /home/airflow/.local/lib/python3.8/site-packages/airflow/example_dags/example_external_task_marker_dag.py
[2024-04-05T05:51:19.160+0000] {processor.py:830} INFO - Processing file /home/airflow/.local/lib/python3.8/site-packages/airflow/example_dags/example_external_task_marker_dag.py for tasks to queue
[2024-04-05T05:51:19.169+0000] {logging_mixin.py:188} INFO - [2024-04-05T05:51:19.168+0000] {dagbag.py:540} INFO - Filling up the DagBag from /home/airflow/.local/lib/python3.8/site-packages/airflow/example_dags/example_external_task_marker_dag.py
[2024-04-05T05:51:19.192+0000] {processor.py:840} INFO - DAG(s) 'example_external_task_marker_parent', 'example_external_task_marker_child' retrieved from /home/airflow/.local/lib/python3.8/site-packages/airflow/example_dags/example_external_task_marker_dag.py
[2024-04-05T05:51:19.260+0000] {logging_mixin.py:188} INFO - [2024-04-05T05:51:19.259+0000] {dag.py:3047} INFO - Sync 2 DAGs
[2024-04-05T05:51:19.321+0000] {logging_mixin.py:188} INFO - [2024-04-05T05:51:19.321+0000] {dag.py:3834} INFO - Setting next_dagrun for example_external_task_marker_child to None, run_after=None
[2024-04-05T05:51:19.351+0000] {logging_mixin.py:188} INFO - [2024-04-05T05:51:19.350+0000] {dag.py:3834} INFO - Setting next_dagrun for example_external_task_marker_parent to None, run_after=None
[2024-04-05T05:51:19.412+0000] {processor.py:183} INFO - Processing /home/airflow/.local/lib/python3.8/site-packages/airflow/example_dags/example_external_task_marker_dag.py took 0.267 seconds
[2024-04-05T05:51:50.264+0000] {processor.py:161} INFO - Started process (PID=1279) to work on /home/airflow/.local/lib/python3.8/site-packages/airflow/example_dags/example_external_task_marker_dag.py
[2024-04-05T05:51:50.267+0000] {processor.py:830} INFO - Processing file /home/airflow/.local/lib/python3.8/site-packages/airflow/example_dags/example_external_task_marker_dag.py for tasks to queue
[2024-04-05T05:51:50.270+0000] {logging_mixin.py:188} INFO - [2024-04-05T05:51:50.269+0000] {dagbag.py:540} INFO - Filling up the DagBag from /home/airflow/.local/lib/python3.8/site-packages/airflow/example_dags/example_external_task_marker_dag.py
[2024-04-05T05:51:50.287+0000] {processor.py:840} INFO - DAG(s) 'example_external_task_marker_child', 'example_external_task_marker_parent' retrieved from /home/airflow/.local/lib/python3.8/site-packages/airflow/example_dags/example_external_task_marker_dag.py
[2024-04-05T05:51:50.346+0000] {logging_mixin.py:188} INFO - [2024-04-05T05:51:50.345+0000] {dag.py:3047} INFO - Sync 2 DAGs
[2024-04-05T05:51:50.387+0000] {logging_mixin.py:188} INFO - [2024-04-05T05:51:50.386+0000] {dag.py:3834} INFO - Setting next_dagrun for example_external_task_marker_child to None, run_after=None
[2024-04-05T05:51:50.397+0000] {logging_mixin.py:188} INFO - [2024-04-05T05:51:50.397+0000] {dag.py:3834} INFO - Setting next_dagrun for example_external_task_marker_parent to None, run_after=None
[2024-04-05T05:51:50.437+0000] {processor.py:183} INFO - Processing /home/airflow/.local/lib/python3.8/site-packages/airflow/example_dags/example_external_task_marker_dag.py took 0.181 seconds
[2024-04-05T05:52:20.773+0000] {processor.py:161} INFO - Started process (PID=1335) to work on /home/airflow/.local/lib/python3.8/site-packages/airflow/example_dags/example_external_task_marker_dag.py
[2024-04-05T05:52:20.775+0000] {processor.py:830} INFO - Processing file /home/airflow/.local/lib/python3.8/site-packages/airflow/example_dags/example_external_task_marker_dag.py for tasks to queue
[2024-04-05T05:52:20.778+0000] {logging_mixin.py:188} INFO - [2024-04-05T05:52:20.777+0000] {dagbag.py:540} INFO - Filling up the DagBag from /home/airflow/.local/lib/python3.8/site-packages/airflow/example_dags/example_external_task_marker_dag.py
[2024-04-05T05:52:20.793+0000] {processor.py:840} INFO - DAG(s) 'example_external_task_marker_child', 'example_external_task_marker_parent' retrieved from /home/airflow/.local/lib/python3.8/site-packages/airflow/example_dags/example_external_task_marker_dag.py
[2024-04-05T05:52:20.856+0000] {logging_mixin.py:188} INFO - [2024-04-05T05:52:20.855+0000] {dag.py:3047} INFO - Sync 2 DAGs
[2024-04-05T05:52:20.883+0000] {logging_mixin.py:188} INFO - [2024-04-05T05:52:20.883+0000] {dag.py:3834} INFO - Setting next_dagrun for example_external_task_marker_child to None, run_after=None
[2024-04-05T05:52:20.894+0000] {logging_mixin.py:188} INFO - [2024-04-05T05:52:20.893+0000] {dag.py:3834} INFO - Setting next_dagrun for example_external_task_marker_parent to None, run_after=None
[2024-04-05T05:52:20.938+0000] {processor.py:183} INFO - Processing /home/airflow/.local/lib/python3.8/site-packages/airflow/example_dags/example_external_task_marker_dag.py took 0.173 seconds
[2024-04-05T05:52:51.269+0000] {processor.py:161} INFO - Started process (PID=1392) to work on /home/airflow/.local/lib/python3.8/site-packages/airflow/example_dags/example_external_task_marker_dag.py
[2024-04-05T05:52:51.271+0000] {processor.py:830} INFO - Processing file /home/airflow/.local/lib/python3.8/site-packages/airflow/example_dags/example_external_task_marker_dag.py for tasks to queue
[2024-04-05T05:52:51.273+0000] {logging_mixin.py:188} INFO - [2024-04-05T05:52:51.273+0000] {dagbag.py:540} INFO - Filling up the DagBag from /home/airflow/.local/lib/python3.8/site-packages/airflow/example_dags/example_external_task_marker_dag.py
[2024-04-05T05:52:51.285+0000] {processor.py:840} INFO - DAG(s) 'example_external_task_marker_child', 'example_external_task_marker_parent' retrieved from /home/airflow/.local/lib/python3.8/site-packages/airflow/example_dags/example_external_task_marker_dag.py
[2024-04-05T05:52:51.334+0000] {logging_mixin.py:188} INFO - [2024-04-05T05:52:51.333+0000] {dag.py:3047} INFO - Sync 2 DAGs
[2024-04-05T05:52:51.359+0000] {logging_mixin.py:188} INFO - [2024-04-05T05:52:51.359+0000] {dag.py:3834} INFO - Setting next_dagrun for example_external_task_marker_child to None, run_after=None
[2024-04-05T05:52:51.367+0000] {logging_mixin.py:188} INFO - [2024-04-05T05:52:51.366+0000] {dag.py:3834} INFO - Setting next_dagrun for example_external_task_marker_parent to None, run_after=None
[2024-04-05T05:52:51.391+0000] {processor.py:183} INFO - Processing /home/airflow/.local/lib/python3.8/site-packages/airflow/example_dags/example_external_task_marker_dag.py took 0.128 seconds
[2024-04-05T05:53:22.044+0000] {processor.py:161} INFO - Started process (PID=1449) to work on /home/airflow/.local/lib/python3.8/site-packages/airflow/example_dags/example_external_task_marker_dag.py
[2024-04-05T05:53:22.045+0000] {processor.py:830} INFO - Processing file /home/airflow/.local/lib/python3.8/site-packages/airflow/example_dags/example_external_task_marker_dag.py for tasks to queue
[2024-04-05T05:53:22.047+0000] {logging_mixin.py:188} INFO - [2024-04-05T05:53:22.046+0000] {dagbag.py:540} INFO - Filling up the DagBag from /home/airflow/.local/lib/python3.8/site-packages/airflow/example_dags/example_external_task_marker_dag.py
[2024-04-05T05:53:22.059+0000] {processor.py:840} INFO - DAG(s) 'example_external_task_marker_child', 'example_external_task_marker_parent' retrieved from /home/airflow/.local/lib/python3.8/site-packages/airflow/example_dags/example_external_task_marker_dag.py
[2024-04-05T05:53:22.113+0000] {logging_mixin.py:188} INFO - [2024-04-05T05:53:22.112+0000] {dag.py:3047} INFO - Sync 2 DAGs
[2024-04-05T05:53:22.162+0000] {logging_mixin.py:188} INFO - [2024-04-05T05:53:22.161+0000] {dag.py:3834} INFO - Setting next_dagrun for example_external_task_marker_child to None, run_after=None
[2024-04-05T05:53:22.169+0000] {logging_mixin.py:188} INFO - [2024-04-05T05:53:22.169+0000] {dag.py:3834} INFO - Setting next_dagrun for example_external_task_marker_parent to None, run_after=None
[2024-04-05T05:53:22.208+0000] {processor.py:183} INFO - Processing /home/airflow/.local/lib/python3.8/site-packages/airflow/example_dags/example_external_task_marker_dag.py took 0.170 seconds
[2024-04-05T05:53:52.604+0000] {processor.py:161} INFO - Started process (PID=1506) to work on /home/airflow/.local/lib/python3.8/site-packages/airflow/example_dags/example_external_task_marker_dag.py
[2024-04-05T05:53:52.606+0000] {processor.py:830} INFO - Processing file /home/airflow/.local/lib/python3.8/site-packages/airflow/example_dags/example_external_task_marker_dag.py for tasks to queue
[2024-04-05T05:53:52.609+0000] {logging_mixin.py:188} INFO - [2024-04-05T05:53:52.608+0000] {dagbag.py:540} INFO - Filling up the DagBag from /home/airflow/.local/lib/python3.8/site-packages/airflow/example_dags/example_external_task_marker_dag.py
[2024-04-05T05:53:52.623+0000] {processor.py:840} INFO - DAG(s) 'example_external_task_marker_parent', 'example_external_task_marker_child' retrieved from /home/airflow/.local/lib/python3.8/site-packages/airflow/example_dags/example_external_task_marker_dag.py
[2024-04-05T05:53:52.674+0000] {logging_mixin.py:188} INFO - [2024-04-05T05:53:52.674+0000] {dag.py:3047} INFO - Sync 2 DAGs
[2024-04-05T05:53:52.698+0000] {logging_mixin.py:188} INFO - [2024-04-05T05:53:52.698+0000] {dag.py:3834} INFO - Setting next_dagrun for example_external_task_marker_child to None, run_after=None
[2024-04-05T05:53:52.706+0000] {logging_mixin.py:188} INFO - [2024-04-05T05:53:52.705+0000] {dag.py:3834} INFO - Setting next_dagrun for example_external_task_marker_parent to None, run_after=None
[2024-04-05T05:53:52.739+0000] {processor.py:183} INFO - Processing /home/airflow/.local/lib/python3.8/site-packages/airflow/example_dags/example_external_task_marker_dag.py took 0.143 seconds
[2024-04-05T05:54:23.144+0000] {processor.py:161} INFO - Started process (PID=1563) to work on /home/airflow/.local/lib/python3.8/site-packages/airflow/example_dags/example_external_task_marker_dag.py
[2024-04-05T05:54:23.147+0000] {processor.py:830} INFO - Processing file /home/airflow/.local/lib/python3.8/site-packages/airflow/example_dags/example_external_task_marker_dag.py for tasks to queue
[2024-04-05T05:54:23.150+0000] {logging_mixin.py:188} INFO - [2024-04-05T05:54:23.149+0000] {dagbag.py:540} INFO - Filling up the DagBag from /home/airflow/.local/lib/python3.8/site-packages/airflow/example_dags/example_external_task_marker_dag.py
[2024-04-05T05:54:23.169+0000] {processor.py:840} INFO - DAG(s) 'example_external_task_marker_child', 'example_external_task_marker_parent' retrieved from /home/airflow/.local/lib/python3.8/site-packages/airflow/example_dags/example_external_task_marker_dag.py
[2024-04-05T05:54:23.238+0000] {logging_mixin.py:188} INFO - [2024-04-05T05:54:23.237+0000] {dag.py:3047} INFO - Sync 2 DAGs
[2024-04-05T05:54:23.277+0000] {logging_mixin.py:188} INFO - [2024-04-05T05:54:23.276+0000] {dag.py:3834} INFO - Setting next_dagrun for example_external_task_marker_child to None, run_after=None
[2024-04-05T05:54:23.286+0000] {logging_mixin.py:188} INFO - [2024-04-05T05:54:23.286+0000] {dag.py:3834} INFO - Setting next_dagrun for example_external_task_marker_parent to None, run_after=None
[2024-04-05T05:54:23.321+0000] {processor.py:183} INFO - Processing /home/airflow/.local/lib/python3.8/site-packages/airflow/example_dags/example_external_task_marker_dag.py took 0.188 seconds
[2024-04-05T05:54:55.215+0000] {processor.py:161} INFO - Started process (PID=1620) to work on /home/airflow/.local/lib/python3.8/site-packages/airflow/example_dags/example_external_task_marker_dag.py
[2024-04-05T05:54:55.259+0000] {processor.py:830} INFO - Processing file /home/airflow/.local/lib/python3.8/site-packages/airflow/example_dags/example_external_task_marker_dag.py for tasks to queue
[2024-04-05T05:54:55.314+0000] {logging_mixin.py:188} INFO - [2024-04-05T05:54:55.313+0000] {dagbag.py:540} INFO - Filling up the DagBag from /home/airflow/.local/lib/python3.8/site-packages/airflow/example_dags/example_external_task_marker_dag.py
[2024-04-05T05:54:55.433+0000] {processor.py:840} INFO - DAG(s) 'example_external_task_marker_child', 'example_external_task_marker_parent' retrieved from /home/airflow/.local/lib/python3.8/site-packages/airflow/example_dags/example_external_task_marker_dag.py
[2024-04-05T05:54:55.610+0000] {logging_mixin.py:188} INFO - [2024-04-05T05:54:55.609+0000] {dag.py:3047} INFO - Sync 2 DAGs
[2024-04-05T05:54:55.768+0000] {logging_mixin.py:188} INFO - [2024-04-05T05:54:55.751+0000] {dag.py:3834} INFO - Setting next_dagrun for example_external_task_marker_child to None, run_after=None
[2024-04-05T05:54:55.817+0000] {logging_mixin.py:188} INFO - [2024-04-05T05:54:55.817+0000] {dag.py:3834} INFO - Setting next_dagrun for example_external_task_marker_parent to None, run_after=None
[2024-04-05T05:54:55.929+0000] {processor.py:183} INFO - Processing /home/airflow/.local/lib/python3.8/site-packages/airflow/example_dags/example_external_task_marker_dag.py took 0.718 seconds
[2024-04-05T05:55:26.384+0000] {processor.py:161} INFO - Started process (PID=1676) to work on /home/airflow/.local/lib/python3.8/site-packages/airflow/example_dags/example_external_task_marker_dag.py
[2024-04-05T05:55:26.389+0000] {processor.py:830} INFO - Processing file /home/airflow/.local/lib/python3.8/site-packages/airflow/example_dags/example_external_task_marker_dag.py for tasks to queue
[2024-04-05T05:55:26.391+0000] {logging_mixin.py:188} INFO - [2024-04-05T05:55:26.391+0000] {dagbag.py:540} INFO - Filling up the DagBag from /home/airflow/.local/lib/python3.8/site-packages/airflow/example_dags/example_external_task_marker_dag.py
[2024-04-05T05:55:26.419+0000] {processor.py:840} INFO - DAG(s) 'example_external_task_marker_child', 'example_external_task_marker_parent' retrieved from /home/airflow/.local/lib/python3.8/site-packages/airflow/example_dags/example_external_task_marker_dag.py
[2024-04-05T05:55:26.536+0000] {logging_mixin.py:188} INFO - [2024-04-05T05:55:26.534+0000] {dag.py:3047} INFO - Sync 2 DAGs
[2024-04-05T05:55:26.584+0000] {logging_mixin.py:188} INFO - [2024-04-05T05:55:26.583+0000] {dag.py:3834} INFO - Setting next_dagrun for example_external_task_marker_child to None, run_after=None
[2024-04-05T05:55:26.593+0000] {logging_mixin.py:188} INFO - [2024-04-05T05:55:26.593+0000] {dag.py:3834} INFO - Setting next_dagrun for example_external_task_marker_parent to None, run_after=None
[2024-04-05T05:55:26.635+0000] {processor.py:183} INFO - Processing /home/airflow/.local/lib/python3.8/site-packages/airflow/example_dags/example_external_task_marker_dag.py took 0.260 seconds
[2024-04-05T05:55:56.836+0000] {processor.py:161} INFO - Started process (PID=1733) to work on /home/airflow/.local/lib/python3.8/site-packages/airflow/example_dags/example_external_task_marker_dag.py
[2024-04-05T05:55:56.838+0000] {processor.py:830} INFO - Processing file /home/airflow/.local/lib/python3.8/site-packages/airflow/example_dags/example_external_task_marker_dag.py for tasks to queue
[2024-04-05T05:55:56.840+0000] {logging_mixin.py:188} INFO - [2024-04-05T05:55:56.840+0000] {dagbag.py:540} INFO - Filling up the DagBag from /home/airflow/.local/lib/python3.8/site-packages/airflow/example_dags/example_external_task_marker_dag.py
[2024-04-05T05:55:56.853+0000] {processor.py:840} INFO - DAG(s) 'example_external_task_marker_child', 'example_external_task_marker_parent' retrieved from /home/airflow/.local/lib/python3.8/site-packages/airflow/example_dags/example_external_task_marker_dag.py
[2024-04-05T05:55:56.902+0000] {logging_mixin.py:188} INFO - [2024-04-05T05:55:56.901+0000] {dag.py:3047} INFO - Sync 2 DAGs
[2024-04-05T05:55:56.930+0000] {logging_mixin.py:188} INFO - [2024-04-05T05:55:56.929+0000] {dag.py:3834} INFO - Setting next_dagrun for example_external_task_marker_child to None, run_after=None
[2024-04-05T05:55:56.939+0000] {logging_mixin.py:188} INFO - [2024-04-05T05:55:56.938+0000] {dag.py:3834} INFO - Setting next_dagrun for example_external_task_marker_parent to None, run_after=None
[2024-04-05T05:55:56.978+0000] {processor.py:183} INFO - Processing /home/airflow/.local/lib/python3.8/site-packages/airflow/example_dags/example_external_task_marker_dag.py took 0.149 seconds
[2024-04-05T05:56:28.012+0000] {processor.py:161} INFO - Started process (PID=1791) to work on /home/airflow/.local/lib/python3.8/site-packages/airflow/example_dags/example_external_task_marker_dag.py
[2024-04-05T05:56:28.024+0000] {processor.py:830} INFO - Processing file /home/airflow/.local/lib/python3.8/site-packages/airflow/example_dags/example_external_task_marker_dag.py for tasks to queue
[2024-04-05T05:56:28.027+0000] {logging_mixin.py:188} INFO - [2024-04-05T05:56:28.026+0000] {dagbag.py:540} INFO - Filling up the DagBag from /home/airflow/.local/lib/python3.8/site-packages/airflow/example_dags/example_external_task_marker_dag.py
[2024-04-05T05:56:28.043+0000] {processor.py:840} INFO - DAG(s) 'example_external_task_marker_child', 'example_external_task_marker_parent' retrieved from /home/airflow/.local/lib/python3.8/site-packages/airflow/example_dags/example_external_task_marker_dag.py
[2024-04-05T05:56:28.105+0000] {logging_mixin.py:188} INFO - [2024-04-05T05:56:28.104+0000] {dag.py:3047} INFO - Sync 2 DAGs
[2024-04-05T05:56:28.132+0000] {logging_mixin.py:188} INFO - [2024-04-05T05:56:28.131+0000] {dag.py:3834} INFO - Setting next_dagrun for example_external_task_marker_child to None, run_after=None
[2024-04-05T05:56:28.142+0000] {logging_mixin.py:188} INFO - [2024-04-05T05:56:28.141+0000] {dag.py:3834} INFO - Setting next_dagrun for example_external_task_marker_parent to None, run_after=None
[2024-04-05T05:56:28.178+0000] {processor.py:183} INFO - Processing /home/airflow/.local/lib/python3.8/site-packages/airflow/example_dags/example_external_task_marker_dag.py took 0.173 seconds
[2024-04-05T05:56:58.402+0000] {processor.py:161} INFO - Started process (PID=1848) to work on /home/airflow/.local/lib/python3.8/site-packages/airflow/example_dags/example_external_task_marker_dag.py
[2024-04-05T05:56:58.404+0000] {processor.py:830} INFO - Processing file /home/airflow/.local/lib/python3.8/site-packages/airflow/example_dags/example_external_task_marker_dag.py for tasks to queue
[2024-04-05T05:56:58.407+0000] {logging_mixin.py:188} INFO - [2024-04-05T05:56:58.406+0000] {dagbag.py:540} INFO - Filling up the DagBag from /home/airflow/.local/lib/python3.8/site-packages/airflow/example_dags/example_external_task_marker_dag.py
[2024-04-05T05:56:58.417+0000] {processor.py:840} INFO - DAG(s) 'example_external_task_marker_parent', 'example_external_task_marker_child' retrieved from /home/airflow/.local/lib/python3.8/site-packages/airflow/example_dags/example_external_task_marker_dag.py
[2024-04-05T05:56:58.462+0000] {logging_mixin.py:188} INFO - [2024-04-05T05:56:58.461+0000] {dag.py:3047} INFO - Sync 2 DAGs
[2024-04-05T05:56:58.492+0000] {logging_mixin.py:188} INFO - [2024-04-05T05:56:58.491+0000] {dag.py:3834} INFO - Setting next_dagrun for example_external_task_marker_child to None, run_after=None
[2024-04-05T05:56:58.500+0000] {logging_mixin.py:188} INFO - [2024-04-05T05:56:58.499+0000] {dag.py:3834} INFO - Setting next_dagrun for example_external_task_marker_parent to None, run_after=None
[2024-04-05T05:56:58.539+0000] {processor.py:183} INFO - Processing /home/airflow/.local/lib/python3.8/site-packages/airflow/example_dags/example_external_task_marker_dag.py took 0.142 seconds
[2024-04-05T05:57:28.909+0000] {processor.py:161} INFO - Started process (PID=1905) to work on /home/airflow/.local/lib/python3.8/site-packages/airflow/example_dags/example_external_task_marker_dag.py
[2024-04-05T05:57:28.911+0000] {processor.py:830} INFO - Processing file /home/airflow/.local/lib/python3.8/site-packages/airflow/example_dags/example_external_task_marker_dag.py for tasks to queue
[2024-04-05T05:57:28.913+0000] {logging_mixin.py:188} INFO - [2024-04-05T05:57:28.912+0000] {dagbag.py:540} INFO - Filling up the DagBag from /home/airflow/.local/lib/python3.8/site-packages/airflow/example_dags/example_external_task_marker_dag.py
[2024-04-05T05:57:28.921+0000] {processor.py:840} INFO - DAG(s) 'example_external_task_marker_parent', 'example_external_task_marker_child' retrieved from /home/airflow/.local/lib/python3.8/site-packages/airflow/example_dags/example_external_task_marker_dag.py
[2024-04-05T05:57:28.963+0000] {logging_mixin.py:188} INFO - [2024-04-05T05:57:28.963+0000] {dag.py:3047} INFO - Sync 2 DAGs
[2024-04-05T05:57:28.984+0000] {logging_mixin.py:188} INFO - [2024-04-05T05:57:28.984+0000] {dag.py:3834} INFO - Setting next_dagrun for example_external_task_marker_child to None, run_after=None
[2024-04-05T05:57:28.990+0000] {logging_mixin.py:188} INFO - [2024-04-05T05:57:28.990+0000] {dag.py:3834} INFO - Setting next_dagrun for example_external_task_marker_parent to None, run_after=None
[2024-04-05T05:57:29.019+0000] {processor.py:183} INFO - Processing /home/airflow/.local/lib/python3.8/site-packages/airflow/example_dags/example_external_task_marker_dag.py took 0.117 seconds
[2024-04-05T05:57:59.774+0000] {processor.py:161} INFO - Started process (PID=1962) to work on /home/airflow/.local/lib/python3.8/site-packages/airflow/example_dags/example_external_task_marker_dag.py
[2024-04-05T05:57:59.777+0000] {processor.py:830} INFO - Processing file /home/airflow/.local/lib/python3.8/site-packages/airflow/example_dags/example_external_task_marker_dag.py for tasks to queue
[2024-04-05T05:57:59.782+0000] {logging_mixin.py:188} INFO - [2024-04-05T05:57:59.781+0000] {dagbag.py:540} INFO - Filling up the DagBag from /home/airflow/.local/lib/python3.8/site-packages/airflow/example_dags/example_external_task_marker_dag.py
[2024-04-05T05:57:59.798+0000] {processor.py:840} INFO - DAG(s) 'example_external_task_marker_child', 'example_external_task_marker_parent' retrieved from /home/airflow/.local/lib/python3.8/site-packages/airflow/example_dags/example_external_task_marker_dag.py
[2024-04-05T05:57:59.855+0000] {logging_mixin.py:188} INFO - [2024-04-05T05:57:59.854+0000] {dag.py:3047} INFO - Sync 2 DAGs
[2024-04-05T05:57:59.878+0000] {logging_mixin.py:188} INFO - [2024-04-05T05:57:59.878+0000] {dag.py:3834} INFO - Setting next_dagrun for example_external_task_marker_child to None, run_after=None
[2024-04-05T05:57:59.884+0000] {logging_mixin.py:188} INFO - [2024-04-05T05:57:59.884+0000] {dag.py:3834} INFO - Setting next_dagrun for example_external_task_marker_parent to None, run_after=None
[2024-04-05T05:57:59.917+0000] {processor.py:183} INFO - Processing /home/airflow/.local/lib/python3.8/site-packages/airflow/example_dags/example_external_task_marker_dag.py took 0.151 seconds
[2024-04-05T05:58:30.211+0000] {processor.py:161} INFO - Started process (PID=2019) to work on /home/airflow/.local/lib/python3.8/site-packages/airflow/example_dags/example_external_task_marker_dag.py
[2024-04-05T05:58:30.213+0000] {processor.py:830} INFO - Processing file /home/airflow/.local/lib/python3.8/site-packages/airflow/example_dags/example_external_task_marker_dag.py for tasks to queue
[2024-04-05T05:58:30.215+0000] {logging_mixin.py:188} INFO - [2024-04-05T05:58:30.215+0000] {dagbag.py:540} INFO - Filling up the DagBag from /home/airflow/.local/lib/python3.8/site-packages/airflow/example_dags/example_external_task_marker_dag.py
[2024-04-05T05:58:30.226+0000] {processor.py:840} INFO - DAG(s) 'example_external_task_marker_child', 'example_external_task_marker_parent' retrieved from /home/airflow/.local/lib/python3.8/site-packages/airflow/example_dags/example_external_task_marker_dag.py
[2024-04-05T05:58:30.271+0000] {logging_mixin.py:188} INFO - [2024-04-05T05:58:30.271+0000] {dag.py:3047} INFO - Sync 2 DAGs
[2024-04-05T05:58:30.293+0000] {logging_mixin.py:188} INFO - [2024-04-05T05:58:30.292+0000] {dag.py:3834} INFO - Setting next_dagrun for example_external_task_marker_child to None, run_after=None
[2024-04-05T05:58:30.307+0000] {logging_mixin.py:188} INFO - [2024-04-05T05:58:30.306+0000] {dag.py:3834} INFO - Setting next_dagrun for example_external_task_marker_parent to None, run_after=None
[2024-04-05T05:58:30.355+0000] {processor.py:183} INFO - Processing /home/airflow/.local/lib/python3.8/site-packages/airflow/example_dags/example_external_task_marker_dag.py took 0.149 seconds
[2024-04-05T05:59:00.782+0000] {processor.py:161} INFO - Started process (PID=2076) to work on /home/airflow/.local/lib/python3.8/site-packages/airflow/example_dags/example_external_task_marker_dag.py
[2024-04-05T05:59:00.785+0000] {processor.py:830} INFO - Processing file /home/airflow/.local/lib/python3.8/site-packages/airflow/example_dags/example_external_task_marker_dag.py for tasks to queue
[2024-04-05T05:59:00.787+0000] {logging_mixin.py:188} INFO - [2024-04-05T05:59:00.787+0000] {dagbag.py:540} INFO - Filling up the DagBag from /home/airflow/.local/lib/python3.8/site-packages/airflow/example_dags/example_external_task_marker_dag.py
[2024-04-05T05:59:00.799+0000] {processor.py:840} INFO - DAG(s) 'example_external_task_marker_parent', 'example_external_task_marker_child' retrieved from /home/airflow/.local/lib/python3.8/site-packages/airflow/example_dags/example_external_task_marker_dag.py
[2024-04-05T05:59:00.879+0000] {logging_mixin.py:188} INFO - [2024-04-05T05:59:00.878+0000] {dag.py:3047} INFO - Sync 2 DAGs
[2024-04-05T05:59:00.904+0000] {logging_mixin.py:188} INFO - [2024-04-05T05:59:00.904+0000] {dag.py:3834} INFO - Setting next_dagrun for example_external_task_marker_child to None, run_after=None
[2024-04-05T05:59:00.910+0000] {logging_mixin.py:188} INFO - [2024-04-05T05:59:00.910+0000] {dag.py:3834} INFO - Setting next_dagrun for example_external_task_marker_parent to None, run_after=None
[2024-04-05T05:59:00.938+0000] {processor.py:183} INFO - Processing /home/airflow/.local/lib/python3.8/site-packages/airflow/example_dags/example_external_task_marker_dag.py took 0.163 seconds
[2024-04-05T05:59:31.103+0000] {processor.py:161} INFO - Started process (PID=2133) to work on /home/airflow/.local/lib/python3.8/site-packages/airflow/example_dags/example_external_task_marker_dag.py
[2024-04-05T05:59:31.105+0000] {processor.py:830} INFO - Processing file /home/airflow/.local/lib/python3.8/site-packages/airflow/example_dags/example_external_task_marker_dag.py for tasks to queue
[2024-04-05T05:59:31.107+0000] {logging_mixin.py:188} INFO - [2024-04-05T05:59:31.106+0000] {dagbag.py:540} INFO - Filling up the DagBag from /home/airflow/.local/lib/python3.8/site-packages/airflow/example_dags/example_external_task_marker_dag.py
[2024-04-05T05:59:31.118+0000] {processor.py:840} INFO - DAG(s) 'example_external_task_marker_child', 'example_external_task_marker_parent' retrieved from /home/airflow/.local/lib/python3.8/site-packages/airflow/example_dags/example_external_task_marker_dag.py
[2024-04-05T05:59:31.183+0000] {logging_mixin.py:188} INFO - [2024-04-05T05:59:31.183+0000] {dag.py:3047} INFO - Sync 2 DAGs
[2024-04-05T05:59:31.210+0000] {logging_mixin.py:188} INFO - [2024-04-05T05:59:31.210+0000] {dag.py:3834} INFO - Setting next_dagrun for example_external_task_marker_child to None, run_after=None
[2024-04-05T05:59:31.217+0000] {logging_mixin.py:188} INFO - [2024-04-05T05:59:31.216+0000] {dag.py:3834} INFO - Setting next_dagrun for example_external_task_marker_parent to None, run_after=None
[2024-04-05T05:59:31.250+0000] {processor.py:183} INFO - Processing /home/airflow/.local/lib/python3.8/site-packages/airflow/example_dags/example_external_task_marker_dag.py took 0.151 seconds
[2024-04-05T06:00:02.147+0000] {processor.py:161} INFO - Started process (PID=2190) to work on /home/airflow/.local/lib/python3.8/site-packages/airflow/example_dags/example_external_task_marker_dag.py
[2024-04-05T06:00:02.150+0000] {processor.py:830} INFO - Processing file /home/airflow/.local/lib/python3.8/site-packages/airflow/example_dags/example_external_task_marker_dag.py for tasks to queue
[2024-04-05T06:00:02.152+0000] {logging_mixin.py:188} INFO - [2024-04-05T06:00:02.151+0000] {dagbag.py:540} INFO - Filling up the DagBag from /home/airflow/.local/lib/python3.8/site-packages/airflow/example_dags/example_external_task_marker_dag.py
[2024-04-05T06:00:02.167+0000] {processor.py:840} INFO - DAG(s) 'example_external_task_marker_child', 'example_external_task_marker_parent' retrieved from /home/airflow/.local/lib/python3.8/site-packages/airflow/example_dags/example_external_task_marker_dag.py
[2024-04-05T06:00:02.229+0000] {logging_mixin.py:188} INFO - [2024-04-05T06:00:02.229+0000] {dag.py:3047} INFO - Sync 2 DAGs
[2024-04-05T06:00:02.260+0000] {logging_mixin.py:188} INFO - [2024-04-05T06:00:02.259+0000] {dag.py:3834} INFO - Setting next_dagrun for example_external_task_marker_child to None, run_after=None
[2024-04-05T06:00:02.267+0000] {logging_mixin.py:188} INFO - [2024-04-05T06:00:02.267+0000] {dag.py:3834} INFO - Setting next_dagrun for example_external_task_marker_parent to None, run_after=None
[2024-04-05T06:00:02.305+0000] {processor.py:183} INFO - Processing /home/airflow/.local/lib/python3.8/site-packages/airflow/example_dags/example_external_task_marker_dag.py took 0.166 seconds
[2024-04-05T06:00:32.665+0000] {processor.py:161} INFO - Started process (PID=2247) to work on /home/airflow/.local/lib/python3.8/site-packages/airflow/example_dags/example_external_task_marker_dag.py
[2024-04-05T06:00:32.667+0000] {processor.py:830} INFO - Processing file /home/airflow/.local/lib/python3.8/site-packages/airflow/example_dags/example_external_task_marker_dag.py for tasks to queue
[2024-04-05T06:00:32.669+0000] {logging_mixin.py:188} INFO - [2024-04-05T06:00:32.668+0000] {dagbag.py:540} INFO - Filling up the DagBag from /home/airflow/.local/lib/python3.8/site-packages/airflow/example_dags/example_external_task_marker_dag.py
[2024-04-05T06:00:32.680+0000] {processor.py:840} INFO - DAG(s) 'example_external_task_marker_child', 'example_external_task_marker_parent' retrieved from /home/airflow/.local/lib/python3.8/site-packages/airflow/example_dags/example_external_task_marker_dag.py
[2024-04-05T06:00:32.719+0000] {logging_mixin.py:188} INFO - [2024-04-05T06:00:32.719+0000] {dag.py:3047} INFO - Sync 2 DAGs
[2024-04-05T06:00:32.742+0000] {logging_mixin.py:188} INFO - [2024-04-05T06:00:32.741+0000] {dag.py:3834} INFO - Setting next_dagrun for example_external_task_marker_child to None, run_after=None
[2024-04-05T06:00:32.747+0000] {logging_mixin.py:188} INFO - [2024-04-05T06:00:32.747+0000] {dag.py:3834} INFO - Setting next_dagrun for example_external_task_marker_parent to None, run_after=None
[2024-04-05T06:00:32.784+0000] {processor.py:183} INFO - Processing /home/airflow/.local/lib/python3.8/site-packages/airflow/example_dags/example_external_task_marker_dag.py took 0.125 seconds
[2024-04-05T06:01:03.411+0000] {processor.py:161} INFO - Started process (PID=2304) to work on /home/airflow/.local/lib/python3.8/site-packages/airflow/example_dags/example_external_task_marker_dag.py
[2024-04-05T06:01:03.413+0000] {processor.py:830} INFO - Processing file /home/airflow/.local/lib/python3.8/site-packages/airflow/example_dags/example_external_task_marker_dag.py for tasks to queue
[2024-04-05T06:01:03.415+0000] {logging_mixin.py:188} INFO - [2024-04-05T06:01:03.415+0000] {dagbag.py:540} INFO - Filling up the DagBag from /home/airflow/.local/lib/python3.8/site-packages/airflow/example_dags/example_external_task_marker_dag.py
[2024-04-05T06:01:03.424+0000] {processor.py:840} INFO - DAG(s) 'example_external_task_marker_parent', 'example_external_task_marker_child' retrieved from /home/airflow/.local/lib/python3.8/site-packages/airflow/example_dags/example_external_task_marker_dag.py
[2024-04-05T06:01:03.466+0000] {logging_mixin.py:188} INFO - [2024-04-05T06:01:03.466+0000] {dag.py:3047} INFO - Sync 2 DAGs
[2024-04-05T06:01:03.489+0000] {logging_mixin.py:188} INFO - [2024-04-05T06:01:03.489+0000] {dag.py:3834} INFO - Setting next_dagrun for example_external_task_marker_child to None, run_after=None
[2024-04-05T06:01:03.495+0000] {logging_mixin.py:188} INFO - [2024-04-05T06:01:03.494+0000] {dag.py:3834} INFO - Setting next_dagrun for example_external_task_marker_parent to None, run_after=None
[2024-04-05T06:01:03.526+0000] {processor.py:183} INFO - Processing /home/airflow/.local/lib/python3.8/site-packages/airflow/example_dags/example_external_task_marker_dag.py took 0.122 seconds
[2024-04-05T06:01:33.733+0000] {processor.py:161} INFO - Started process (PID=2361) to work on /home/airflow/.local/lib/python3.8/site-packages/airflow/example_dags/example_external_task_marker_dag.py
[2024-04-05T06:01:33.735+0000] {processor.py:830} INFO - Processing file /home/airflow/.local/lib/python3.8/site-packages/airflow/example_dags/example_external_task_marker_dag.py for tasks to queue
[2024-04-05T06:01:33.737+0000] {logging_mixin.py:188} INFO - [2024-04-05T06:01:33.736+0000] {dagbag.py:540} INFO - Filling up the DagBag from /home/airflow/.local/lib/python3.8/site-packages/airflow/example_dags/example_external_task_marker_dag.py
[2024-04-05T06:01:33.749+0000] {processor.py:840} INFO - DAG(s) 'example_external_task_marker_parent', 'example_external_task_marker_child' retrieved from /home/airflow/.local/lib/python3.8/site-packages/airflow/example_dags/example_external_task_marker_dag.py
[2024-04-05T06:01:33.799+0000] {logging_mixin.py:188} INFO - [2024-04-05T06:01:33.799+0000] {dag.py:3047} INFO - Sync 2 DAGs
[2024-04-05T06:01:33.824+0000] {logging_mixin.py:188} INFO - [2024-04-05T06:01:33.824+0000] {dag.py:3834} INFO - Setting next_dagrun for example_external_task_marker_child to None, run_after=None
[2024-04-05T06:01:33.830+0000] {logging_mixin.py:188} INFO - [2024-04-05T06:01:33.830+0000] {dag.py:3834} INFO - Setting next_dagrun for example_external_task_marker_parent to None, run_after=None
[2024-04-05T06:01:33.859+0000] {processor.py:183} INFO - Processing /home/airflow/.local/lib/python3.8/site-packages/airflow/example_dags/example_external_task_marker_dag.py took 0.130 seconds
[2024-04-05T06:02:04.437+0000] {processor.py:161} INFO - Started process (PID=2418) to work on /home/airflow/.local/lib/python3.8/site-packages/airflow/example_dags/example_external_task_marker_dag.py
[2024-04-05T06:02:04.439+0000] {processor.py:830} INFO - Processing file /home/airflow/.local/lib/python3.8/site-packages/airflow/example_dags/example_external_task_marker_dag.py for tasks to queue
[2024-04-05T06:02:04.442+0000] {logging_mixin.py:188} INFO - [2024-04-05T06:02:04.441+0000] {dagbag.py:540} INFO - Filling up the DagBag from /home/airflow/.local/lib/python3.8/site-packages/airflow/example_dags/example_external_task_marker_dag.py
[2024-04-05T06:02:04.460+0000] {processor.py:840} INFO - DAG(s) 'example_external_task_marker_parent', 'example_external_task_marker_child' retrieved from /home/airflow/.local/lib/python3.8/site-packages/airflow/example_dags/example_external_task_marker_dag.py
[2024-04-05T06:02:04.516+0000] {logging_mixin.py:188} INFO - [2024-04-05T06:02:04.516+0000] {dag.py:3047} INFO - Sync 2 DAGs
[2024-04-05T06:02:04.537+0000] {logging_mixin.py:188} INFO - [2024-04-05T06:02:04.537+0000] {dag.py:3834} INFO - Setting next_dagrun for example_external_task_marker_child to None, run_after=None
[2024-04-05T06:02:04.543+0000] {logging_mixin.py:188} INFO - [2024-04-05T06:02:04.543+0000] {dag.py:3834} INFO - Setting next_dagrun for example_external_task_marker_parent to None, run_after=None
[2024-04-05T06:02:04.577+0000] {processor.py:183} INFO - Processing /home/airflow/.local/lib/python3.8/site-packages/airflow/example_dags/example_external_task_marker_dag.py took 0.147 seconds
[2024-04-05T06:02:35.186+0000] {processor.py:161} INFO - Started process (PID=2475) to work on /home/airflow/.local/lib/python3.8/site-packages/airflow/example_dags/example_external_task_marker_dag.py
[2024-04-05T06:02:35.188+0000] {processor.py:830} INFO - Processing file /home/airflow/.local/lib/python3.8/site-packages/airflow/example_dags/example_external_task_marker_dag.py for tasks to queue
[2024-04-05T06:02:35.190+0000] {logging_mixin.py:188} INFO - [2024-04-05T06:02:35.189+0000] {dagbag.py:540} INFO - Filling up the DagBag from /home/airflow/.local/lib/python3.8/site-packages/airflow/example_dags/example_external_task_marker_dag.py
[2024-04-05T06:02:35.201+0000] {processor.py:840} INFO - DAG(s) 'example_external_task_marker_parent', 'example_external_task_marker_child' retrieved from /home/airflow/.local/lib/python3.8/site-packages/airflow/example_dags/example_external_task_marker_dag.py
[2024-04-05T06:02:35.242+0000] {logging_mixin.py:188} INFO - [2024-04-05T06:02:35.242+0000] {dag.py:3047} INFO - Sync 2 DAGs
[2024-04-05T06:02:35.262+0000] {logging_mixin.py:188} INFO - [2024-04-05T06:02:35.262+0000] {dag.py:3834} INFO - Setting next_dagrun for example_external_task_marker_child to None, run_after=None
[2024-04-05T06:02:35.268+0000] {logging_mixin.py:188} INFO - [2024-04-05T06:02:35.267+0000] {dag.py:3834} INFO - Setting next_dagrun for example_external_task_marker_parent to None, run_after=None
[2024-04-05T06:02:35.296+0000] {processor.py:183} INFO - Processing /home/airflow/.local/lib/python3.8/site-packages/airflow/example_dags/example_external_task_marker_dag.py took 0.114 seconds
[2024-04-05T06:03:05.606+0000] {processor.py:161} INFO - Started process (PID=2532) to work on /home/airflow/.local/lib/python3.8/site-packages/airflow/example_dags/example_external_task_marker_dag.py
[2024-04-05T06:03:05.608+0000] {processor.py:830} INFO - Processing file /home/airflow/.local/lib/python3.8/site-packages/airflow/example_dags/example_external_task_marker_dag.py for tasks to queue
[2024-04-05T06:03:05.610+0000] {logging_mixin.py:188} INFO - [2024-04-05T06:03:05.609+0000] {dagbag.py:540} INFO - Filling up the DagBag from /home/airflow/.local/lib/python3.8/site-packages/airflow/example_dags/example_external_task_marker_dag.py
[2024-04-05T06:03:05.620+0000] {processor.py:840} INFO - DAG(s) 'example_external_task_marker_parent', 'example_external_task_marker_child' retrieved from /home/airflow/.local/lib/python3.8/site-packages/airflow/example_dags/example_external_task_marker_dag.py
[2024-04-05T06:03:05.663+0000] {logging_mixin.py:188} INFO - [2024-04-05T06:03:05.663+0000] {dag.py:3047} INFO - Sync 2 DAGs
[2024-04-05T06:03:05.683+0000] {logging_mixin.py:188} INFO - [2024-04-05T06:03:05.683+0000] {dag.py:3834} INFO - Setting next_dagrun for example_external_task_marker_child to None, run_after=None
[2024-04-05T06:03:05.689+0000] {logging_mixin.py:188} INFO - [2024-04-05T06:03:05.689+0000] {dag.py:3834} INFO - Setting next_dagrun for example_external_task_marker_parent to None, run_after=None
[2024-04-05T06:03:05.724+0000] {processor.py:183} INFO - Processing /home/airflow/.local/lib/python3.8/site-packages/airflow/example_dags/example_external_task_marker_dag.py took 0.122 seconds
[2024-04-05T06:03:35.810+0000] {processor.py:161} INFO - Started process (PID=2589) to work on /home/airflow/.local/lib/python3.8/site-packages/airflow/example_dags/example_external_task_marker_dag.py
[2024-04-05T06:03:35.812+0000] {processor.py:830} INFO - Processing file /home/airflow/.local/lib/python3.8/site-packages/airflow/example_dags/example_external_task_marker_dag.py for tasks to queue
[2024-04-05T06:03:35.814+0000] {logging_mixin.py:188} INFO - [2024-04-05T06:03:35.814+0000] {dagbag.py:540} INFO - Filling up the DagBag from /home/airflow/.local/lib/python3.8/site-packages/airflow/example_dags/example_external_task_marker_dag.py
[2024-04-05T06:03:35.828+0000] {processor.py:840} INFO - DAG(s) 'example_external_task_marker_child', 'example_external_task_marker_parent' retrieved from /home/airflow/.local/lib/python3.8/site-packages/airflow/example_dags/example_external_task_marker_dag.py
[2024-04-05T06:03:35.889+0000] {logging_mixin.py:188} INFO - [2024-04-05T06:03:35.888+0000] {dag.py:3047} INFO - Sync 2 DAGs
[2024-04-05T06:03:35.917+0000] {logging_mixin.py:188} INFO - [2024-04-05T06:03:35.916+0000] {dag.py:3834} INFO - Setting next_dagrun for example_external_task_marker_child to None, run_after=None
[2024-04-05T06:03:35.930+0000] {logging_mixin.py:188} INFO - [2024-04-05T06:03:35.930+0000] {dag.py:3834} INFO - Setting next_dagrun for example_external_task_marker_parent to None, run_after=None
[2024-04-05T06:03:35.968+0000] {processor.py:183} INFO - Processing /home/airflow/.local/lib/python3.8/site-packages/airflow/example_dags/example_external_task_marker_dag.py took 0.165 seconds
[2024-04-05T06:04:06.307+0000] {processor.py:161} INFO - Started process (PID=2646) to work on /home/airflow/.local/lib/python3.8/site-packages/airflow/example_dags/example_external_task_marker_dag.py
[2024-04-05T06:04:06.310+0000] {processor.py:830} INFO - Processing file /home/airflow/.local/lib/python3.8/site-packages/airflow/example_dags/example_external_task_marker_dag.py for tasks to queue
[2024-04-05T06:04:06.313+0000] {logging_mixin.py:188} INFO - [2024-04-05T06:04:06.312+0000] {dagbag.py:540} INFO - Filling up the DagBag from /home/airflow/.local/lib/python3.8/site-packages/airflow/example_dags/example_external_task_marker_dag.py
[2024-04-05T06:04:06.325+0000] {processor.py:840} INFO - DAG(s) 'example_external_task_marker_parent', 'example_external_task_marker_child' retrieved from /home/airflow/.local/lib/python3.8/site-packages/airflow/example_dags/example_external_task_marker_dag.py
[2024-04-05T06:04:06.384+0000] {logging_mixin.py:188} INFO - [2024-04-05T06:04:06.383+0000] {dag.py:3047} INFO - Sync 2 DAGs
[2024-04-05T06:04:06.412+0000] {logging_mixin.py:188} INFO - [2024-04-05T06:04:06.410+0000] {dag.py:3834} INFO - Setting next_dagrun for example_external_task_marker_child to None, run_after=None
[2024-04-05T06:04:06.420+0000] {logging_mixin.py:188} INFO - [2024-04-05T06:04:06.419+0000] {dag.py:3834} INFO - Setting next_dagrun for example_external_task_marker_parent to None, run_after=None
[2024-04-05T06:04:06.455+0000] {processor.py:183} INFO - Processing /home/airflow/.local/lib/python3.8/site-packages/airflow/example_dags/example_external_task_marker_dag.py took 0.154 seconds
[2024-04-05T06:04:36.878+0000] {processor.py:161} INFO - Started process (PID=2703) to work on /home/airflow/.local/lib/python3.8/site-packages/airflow/example_dags/example_external_task_marker_dag.py
[2024-04-05T06:04:36.881+0000] {processor.py:830} INFO - Processing file /home/airflow/.local/lib/python3.8/site-packages/airflow/example_dags/example_external_task_marker_dag.py for tasks to queue
[2024-04-05T06:04:36.884+0000] {logging_mixin.py:188} INFO - [2024-04-05T06:04:36.883+0000] {dagbag.py:540} INFO - Filling up the DagBag from /home/airflow/.local/lib/python3.8/site-packages/airflow/example_dags/example_external_task_marker_dag.py
[2024-04-05T06:04:36.899+0000] {processor.py:840} INFO - DAG(s) 'example_external_task_marker_child', 'example_external_task_marker_parent' retrieved from /home/airflow/.local/lib/python3.8/site-packages/airflow/example_dags/example_external_task_marker_dag.py
[2024-04-05T06:04:36.960+0000] {logging_mixin.py:188} INFO - [2024-04-05T06:04:36.959+0000] {dag.py:3047} INFO - Sync 2 DAGs
[2024-04-05T06:04:36.986+0000] {logging_mixin.py:188} INFO - [2024-04-05T06:04:36.986+0000] {dag.py:3834} INFO - Setting next_dagrun for example_external_task_marker_child to None, run_after=None
[2024-04-05T06:04:36.993+0000] {logging_mixin.py:188} INFO - [2024-04-05T06:04:36.993+0000] {dag.py:3834} INFO - Setting next_dagrun for example_external_task_marker_parent to None, run_after=None
[2024-04-05T06:04:37.054+0000] {processor.py:183} INFO - Processing /home/airflow/.local/lib/python3.8/site-packages/airflow/example_dags/example_external_task_marker_dag.py took 0.182 seconds
[2024-04-05T06:05:07.455+0000] {processor.py:161} INFO - Started process (PID=2760) to work on /home/airflow/.local/lib/python3.8/site-packages/airflow/example_dags/example_external_task_marker_dag.py
[2024-04-05T06:05:07.457+0000] {processor.py:830} INFO - Processing file /home/airflow/.local/lib/python3.8/site-packages/airflow/example_dags/example_external_task_marker_dag.py for tasks to queue
[2024-04-05T06:05:07.459+0000] {logging_mixin.py:188} INFO - [2024-04-05T06:05:07.459+0000] {dagbag.py:540} INFO - Filling up the DagBag from /home/airflow/.local/lib/python3.8/site-packages/airflow/example_dags/example_external_task_marker_dag.py
[2024-04-05T06:05:07.469+0000] {processor.py:840} INFO - DAG(s) 'example_external_task_marker_parent', 'example_external_task_marker_child' retrieved from /home/airflow/.local/lib/python3.8/site-packages/airflow/example_dags/example_external_task_marker_dag.py
[2024-04-05T06:05:07.510+0000] {logging_mixin.py:188} INFO - [2024-04-05T06:05:07.509+0000] {dag.py:3047} INFO - Sync 2 DAGs
[2024-04-05T06:05:07.529+0000] {logging_mixin.py:188} INFO - [2024-04-05T06:05:07.529+0000] {dag.py:3834} INFO - Setting next_dagrun for example_external_task_marker_child to None, run_after=None
[2024-04-05T06:05:07.535+0000] {logging_mixin.py:188} INFO - [2024-04-05T06:05:07.535+0000] {dag.py:3834} INFO - Setting next_dagrun for example_external_task_marker_parent to None, run_after=None
[2024-04-05T06:05:07.564+0000] {processor.py:183} INFO - Processing /home/airflow/.local/lib/python3.8/site-packages/airflow/example_dags/example_external_task_marker_dag.py took 0.113 seconds
