[2024-04-05T05:41:01.841+0000] {processor.py:161} INFO - Started process (PID=83) to work on /home/airflow/.local/lib/python3.8/site-packages/airflow/example_dags/example_latest_only_with_trigger.py
[2024-04-05T05:41:01.855+0000] {processor.py:830} INFO - Processing file /home/airflow/.local/lib/python3.8/site-packages/airflow/example_dags/example_latest_only_with_trigger.py for tasks to queue
[2024-04-05T05:41:01.870+0000] {logging_mixin.py:188} INFO - [2024-04-05T05:41:01.869+0000] {dagbag.py:540} INFO - Filling up the DagBag from /home/airflow/.local/lib/python3.8/site-packages/airflow/example_dags/example_latest_only_with_trigger.py
[2024-04-05T05:41:01.933+0000] {processor.py:840} INFO - DAG(s) 'latest_only_with_trigger' retrieved from /home/airflow/.local/lib/python3.8/site-packages/airflow/example_dags/example_latest_only_with_trigger.py
[2024-04-05T05:41:03.136+0000] {logging_mixin.py:188} INFO - [2024-04-05T05:41:03.134+0000] {dag.py:3047} INFO - Sync 1 DAGs
[2024-04-05T05:41:03.440+0000] {logging_mixin.py:188} INFO - [2024-04-05T05:41:03.440+0000] {dag.py:3834} INFO - Setting next_dagrun for latest_only_with_trigger to 2024-04-05 00:00:00+00:00, run_after=2024-04-05 04:00:00+00:00
[2024-04-05T05:41:03.645+0000] {processor.py:183} INFO - Processing /home/airflow/.local/lib/python3.8/site-packages/airflow/example_dags/example_latest_only_with_trigger.py took 1.824 seconds
[2024-04-05T05:41:41.249+0000] {processor.py:161} INFO - Started process (PID=147) to work on /home/airflow/.local/lib/python3.8/site-packages/airflow/example_dags/example_latest_only_with_trigger.py
[2024-04-05T05:41:41.251+0000] {processor.py:830} INFO - Processing file /home/airflow/.local/lib/python3.8/site-packages/airflow/example_dags/example_latest_only_with_trigger.py for tasks to queue
[2024-04-05T05:41:41.255+0000] {logging_mixin.py:188} INFO - [2024-04-05T05:41:41.254+0000] {dagbag.py:540} INFO - Filling up the DagBag from /home/airflow/.local/lib/python3.8/site-packages/airflow/example_dags/example_latest_only_with_trigger.py
[2024-04-05T05:41:41.269+0000] {processor.py:840} INFO - DAG(s) 'latest_only_with_trigger' retrieved from /home/airflow/.local/lib/python3.8/site-packages/airflow/example_dags/example_latest_only_with_trigger.py
[2024-04-05T05:41:41.309+0000] {logging_mixin.py:188} INFO - [2024-04-05T05:41:41.309+0000] {dag.py:3047} INFO - Sync 1 DAGs
[2024-04-05T05:41:41.354+0000] {logging_mixin.py:188} INFO - [2024-04-05T05:41:41.354+0000] {dag.py:3834} INFO - Setting next_dagrun for latest_only_with_trigger to 2024-04-05 00:00:00+00:00, run_after=2024-04-05 04:00:00+00:00
[2024-04-05T05:41:41.391+0000] {processor.py:183} INFO - Processing /home/airflow/.local/lib/python3.8/site-packages/airflow/example_dags/example_latest_only_with_trigger.py took 0.150 seconds
[2024-04-05T05:42:12.639+0000] {processor.py:161} INFO - Started process (PID=204) to work on /home/airflow/.local/lib/python3.8/site-packages/airflow/example_dags/example_latest_only_with_trigger.py
[2024-04-05T05:42:12.642+0000] {processor.py:830} INFO - Processing file /home/airflow/.local/lib/python3.8/site-packages/airflow/example_dags/example_latest_only_with_trigger.py for tasks to queue
[2024-04-05T05:42:12.667+0000] {logging_mixin.py:188} INFO - [2024-04-05T05:42:12.665+0000] {dagbag.py:540} INFO - Filling up the DagBag from /home/airflow/.local/lib/python3.8/site-packages/airflow/example_dags/example_latest_only_with_trigger.py
[2024-04-05T05:42:12.705+0000] {processor.py:840} INFO - DAG(s) 'latest_only_with_trigger' retrieved from /home/airflow/.local/lib/python3.8/site-packages/airflow/example_dags/example_latest_only_with_trigger.py
[2024-04-05T05:42:12.838+0000] {logging_mixin.py:188} INFO - [2024-04-05T05:42:12.838+0000] {dag.py:3047} INFO - Sync 1 DAGs
[2024-04-05T05:42:12.950+0000] {logging_mixin.py:188} INFO - [2024-04-05T05:42:12.949+0000] {dag.py:3834} INFO - Setting next_dagrun for latest_only_with_trigger to 2024-04-05 00:00:00+00:00, run_after=2024-04-05 04:00:00+00:00
[2024-04-05T05:42:13.115+0000] {processor.py:183} INFO - Processing /home/airflow/.local/lib/python3.8/site-packages/airflow/example_dags/example_latest_only_with_trigger.py took 0.523 seconds
[2024-04-05T05:42:43.841+0000] {processor.py:161} INFO - Started process (PID=261) to work on /home/airflow/.local/lib/python3.8/site-packages/airflow/example_dags/example_latest_only_with_trigger.py
[2024-04-05T05:42:43.843+0000] {processor.py:830} INFO - Processing file /home/airflow/.local/lib/python3.8/site-packages/airflow/example_dags/example_latest_only_with_trigger.py for tasks to queue
[2024-04-05T05:42:43.848+0000] {logging_mixin.py:188} INFO - [2024-04-05T05:42:43.846+0000] {dagbag.py:540} INFO - Filling up the DagBag from /home/airflow/.local/lib/python3.8/site-packages/airflow/example_dags/example_latest_only_with_trigger.py
[2024-04-05T05:42:43.861+0000] {processor.py:840} INFO - DAG(s) 'latest_only_with_trigger' retrieved from /home/airflow/.local/lib/python3.8/site-packages/airflow/example_dags/example_latest_only_with_trigger.py
[2024-04-05T05:42:43.924+0000] {logging_mixin.py:188} INFO - [2024-04-05T05:42:43.924+0000] {dag.py:3047} INFO - Sync 1 DAGs
[2024-04-05T05:42:43.999+0000] {logging_mixin.py:188} INFO - [2024-04-05T05:42:43.998+0000] {dag.py:3834} INFO - Setting next_dagrun for latest_only_with_trigger to 2024-04-05 00:00:00+00:00, run_after=2024-04-05 04:00:00+00:00
[2024-04-05T05:42:44.049+0000] {processor.py:183} INFO - Processing /home/airflow/.local/lib/python3.8/site-packages/airflow/example_dags/example_latest_only_with_trigger.py took 0.216 seconds
[2024-04-05T05:43:14.222+0000] {processor.py:161} INFO - Started process (PID=320) to work on /home/airflow/.local/lib/python3.8/site-packages/airflow/example_dags/example_latest_only_with_trigger.py
[2024-04-05T05:43:14.224+0000] {processor.py:830} INFO - Processing file /home/airflow/.local/lib/python3.8/site-packages/airflow/example_dags/example_latest_only_with_trigger.py for tasks to queue
[2024-04-05T05:43:14.229+0000] {logging_mixin.py:188} INFO - [2024-04-05T05:43:14.228+0000] {dagbag.py:540} INFO - Filling up the DagBag from /home/airflow/.local/lib/python3.8/site-packages/airflow/example_dags/example_latest_only_with_trigger.py
[2024-04-05T05:43:14.248+0000] {processor.py:840} INFO - DAG(s) 'latest_only_with_trigger' retrieved from /home/airflow/.local/lib/python3.8/site-packages/airflow/example_dags/example_latest_only_with_trigger.py
[2024-04-05T05:43:14.295+0000] {logging_mixin.py:188} INFO - [2024-04-05T05:43:14.294+0000] {dag.py:3047} INFO - Sync 1 DAGs
[2024-04-05T05:43:14.343+0000] {logging_mixin.py:188} INFO - [2024-04-05T05:43:14.343+0000] {dag.py:3834} INFO - Setting next_dagrun for latest_only_with_trigger to 2024-04-05 00:00:00+00:00, run_after=2024-04-05 04:00:00+00:00
[2024-04-05T05:43:14.381+0000] {processor.py:183} INFO - Processing /home/airflow/.local/lib/python3.8/site-packages/airflow/example_dags/example_latest_only_with_trigger.py took 0.172 seconds
[2024-04-05T05:43:45.315+0000] {processor.py:161} INFO - Started process (PID=377) to work on /home/airflow/.local/lib/python3.8/site-packages/airflow/example_dags/example_latest_only_with_trigger.py
[2024-04-05T05:43:45.317+0000] {processor.py:830} INFO - Processing file /home/airflow/.local/lib/python3.8/site-packages/airflow/example_dags/example_latest_only_with_trigger.py for tasks to queue
[2024-04-05T05:43:45.322+0000] {logging_mixin.py:188} INFO - [2024-04-05T05:43:45.321+0000] {dagbag.py:540} INFO - Filling up the DagBag from /home/airflow/.local/lib/python3.8/site-packages/airflow/example_dags/example_latest_only_with_trigger.py
[2024-04-05T05:43:45.332+0000] {processor.py:840} INFO - DAG(s) 'latest_only_with_trigger' retrieved from /home/airflow/.local/lib/python3.8/site-packages/airflow/example_dags/example_latest_only_with_trigger.py
[2024-04-05T05:43:45.379+0000] {logging_mixin.py:188} INFO - [2024-04-05T05:43:45.378+0000] {dag.py:3047} INFO - Sync 1 DAGs
[2024-04-05T05:43:45.428+0000] {logging_mixin.py:188} INFO - [2024-04-05T05:43:45.427+0000] {dag.py:3834} INFO - Setting next_dagrun for latest_only_with_trigger to 2024-04-05 00:00:00+00:00, run_after=2024-04-05 04:00:00+00:00
[2024-04-05T05:43:45.470+0000] {processor.py:183} INFO - Processing /home/airflow/.local/lib/python3.8/site-packages/airflow/example_dags/example_latest_only_with_trigger.py took 0.160 seconds
[2024-04-05T05:44:15.896+0000] {processor.py:161} INFO - Started process (PID=435) to work on /home/airflow/.local/lib/python3.8/site-packages/airflow/example_dags/example_latest_only_with_trigger.py
[2024-04-05T05:44:15.899+0000] {processor.py:830} INFO - Processing file /home/airflow/.local/lib/python3.8/site-packages/airflow/example_dags/example_latest_only_with_trigger.py for tasks to queue
[2024-04-05T05:44:15.906+0000] {logging_mixin.py:188} INFO - [2024-04-05T05:44:15.904+0000] {dagbag.py:540} INFO - Filling up the DagBag from /home/airflow/.local/lib/python3.8/site-packages/airflow/example_dags/example_latest_only_with_trigger.py
[2024-04-05T05:44:15.922+0000] {processor.py:840} INFO - DAG(s) 'latest_only_with_trigger' retrieved from /home/airflow/.local/lib/python3.8/site-packages/airflow/example_dags/example_latest_only_with_trigger.py
[2024-04-05T05:44:15.970+0000] {logging_mixin.py:188} INFO - [2024-04-05T05:44:15.969+0000] {dag.py:3047} INFO - Sync 1 DAGs
[2024-04-05T05:44:16.026+0000] {logging_mixin.py:188} INFO - [2024-04-05T05:44:16.025+0000] {dag.py:3834} INFO - Setting next_dagrun for latest_only_with_trigger to 2024-04-05 00:00:00+00:00, run_after=2024-04-05 04:00:00+00:00
[2024-04-05T05:44:16.071+0000] {processor.py:183} INFO - Processing /home/airflow/.local/lib/python3.8/site-packages/airflow/example_dags/example_latest_only_with_trigger.py took 0.185 seconds
[2024-04-05T05:44:46.783+0000] {processor.py:161} INFO - Started process (PID=492) to work on /home/airflow/.local/lib/python3.8/site-packages/airflow/example_dags/example_latest_only_with_trigger.py
[2024-04-05T05:44:46.785+0000] {processor.py:830} INFO - Processing file /home/airflow/.local/lib/python3.8/site-packages/airflow/example_dags/example_latest_only_with_trigger.py for tasks to queue
[2024-04-05T05:44:46.787+0000] {logging_mixin.py:188} INFO - [2024-04-05T05:44:46.787+0000] {dagbag.py:540} INFO - Filling up the DagBag from /home/airflow/.local/lib/python3.8/site-packages/airflow/example_dags/example_latest_only_with_trigger.py
[2024-04-05T05:44:46.802+0000] {processor.py:840} INFO - DAG(s) 'latest_only_with_trigger' retrieved from /home/airflow/.local/lib/python3.8/site-packages/airflow/example_dags/example_latest_only_with_trigger.py
[2024-04-05T05:44:46.849+0000] {logging_mixin.py:188} INFO - [2024-04-05T05:44:46.848+0000] {dag.py:3047} INFO - Sync 1 DAGs
[2024-04-05T05:44:46.897+0000] {logging_mixin.py:188} INFO - [2024-04-05T05:44:46.897+0000] {dag.py:3834} INFO - Setting next_dagrun for latest_only_with_trigger to 2024-04-05 00:00:00+00:00, run_after=2024-04-05 04:00:00+00:00
[2024-04-05T05:44:46.936+0000] {processor.py:183} INFO - Processing /home/airflow/.local/lib/python3.8/site-packages/airflow/example_dags/example_latest_only_with_trigger.py took 0.158 seconds
[2024-04-05T05:45:20.276+0000] {processor.py:161} INFO - Started process (PID=550) to work on /home/airflow/.local/lib/python3.8/site-packages/airflow/example_dags/example_latest_only_with_trigger.py
[2024-04-05T05:45:20.289+0000] {processor.py:830} INFO - Processing file /home/airflow/.local/lib/python3.8/site-packages/airflow/example_dags/example_latest_only_with_trigger.py for tasks to queue
[2024-04-05T05:45:20.302+0000] {logging_mixin.py:188} INFO - [2024-04-05T05:45:20.298+0000] {dagbag.py:540} INFO - Filling up the DagBag from /home/airflow/.local/lib/python3.8/site-packages/airflow/example_dags/example_latest_only_with_trigger.py
[2024-04-05T05:45:20.363+0000] {processor.py:840} INFO - DAG(s) 'latest_only_with_trigger' retrieved from /home/airflow/.local/lib/python3.8/site-packages/airflow/example_dags/example_latest_only_with_trigger.py
[2024-04-05T05:45:20.471+0000] {logging_mixin.py:188} INFO - [2024-04-05T05:45:20.469+0000] {dag.py:3047} INFO - Sync 1 DAGs
[2024-04-05T05:45:20.550+0000] {logging_mixin.py:188} INFO - [2024-04-05T05:45:20.549+0000] {dag.py:3834} INFO - Setting next_dagrun for latest_only_with_trigger to 2024-04-05 00:00:00+00:00, run_after=2024-04-05 04:00:00+00:00
[2024-04-05T05:45:20.600+0000] {processor.py:183} INFO - Processing /home/airflow/.local/lib/python3.8/site-packages/airflow/example_dags/example_latest_only_with_trigger.py took 0.371 seconds
[2024-04-05T05:45:50.973+0000] {processor.py:161} INFO - Started process (PID=607) to work on /home/airflow/.local/lib/python3.8/site-packages/airflow/example_dags/example_latest_only_with_trigger.py
[2024-04-05T05:45:50.976+0000] {processor.py:830} INFO - Processing file /home/airflow/.local/lib/python3.8/site-packages/airflow/example_dags/example_latest_only_with_trigger.py for tasks to queue
[2024-04-05T05:45:50.979+0000] {logging_mixin.py:188} INFO - [2024-04-05T05:45:50.978+0000] {dagbag.py:540} INFO - Filling up the DagBag from /home/airflow/.local/lib/python3.8/site-packages/airflow/example_dags/example_latest_only_with_trigger.py
[2024-04-05T05:45:50.995+0000] {processor.py:840} INFO - DAG(s) 'latest_only_with_trigger' retrieved from /home/airflow/.local/lib/python3.8/site-packages/airflow/example_dags/example_latest_only_with_trigger.py
[2024-04-05T05:45:51.048+0000] {logging_mixin.py:188} INFO - [2024-04-05T05:45:51.047+0000] {dag.py:3047} INFO - Sync 1 DAGs
[2024-04-05T05:45:51.113+0000] {logging_mixin.py:188} INFO - [2024-04-05T05:45:51.113+0000] {dag.py:3834} INFO - Setting next_dagrun for latest_only_with_trigger to 2024-04-05 00:00:00+00:00, run_after=2024-04-05 04:00:00+00:00
[2024-04-05T05:45:51.166+0000] {processor.py:183} INFO - Processing /home/airflow/.local/lib/python3.8/site-packages/airflow/example_dags/example_latest_only_with_trigger.py took 0.209 seconds
[2024-04-05T05:46:21.392+0000] {processor.py:161} INFO - Started process (PID=664) to work on /home/airflow/.local/lib/python3.8/site-packages/airflow/example_dags/example_latest_only_with_trigger.py
[2024-04-05T05:46:21.396+0000] {processor.py:830} INFO - Processing file /home/airflow/.local/lib/python3.8/site-packages/airflow/example_dags/example_latest_only_with_trigger.py for tasks to queue
[2024-04-05T05:46:21.401+0000] {logging_mixin.py:188} INFO - [2024-04-05T05:46:21.400+0000] {dagbag.py:540} INFO - Filling up the DagBag from /home/airflow/.local/lib/python3.8/site-packages/airflow/example_dags/example_latest_only_with_trigger.py
[2024-04-05T05:46:21.423+0000] {processor.py:840} INFO - DAG(s) 'latest_only_with_trigger' retrieved from /home/airflow/.local/lib/python3.8/site-packages/airflow/example_dags/example_latest_only_with_trigger.py
[2024-04-05T05:46:21.488+0000] {logging_mixin.py:188} INFO - [2024-04-05T05:46:21.487+0000] {dag.py:3047} INFO - Sync 1 DAGs
[2024-04-05T05:46:21.598+0000] {logging_mixin.py:188} INFO - [2024-04-05T05:46:21.595+0000] {dag.py:3834} INFO - Setting next_dagrun for latest_only_with_trigger to 2024-04-05 00:00:00+00:00, run_after=2024-04-05 04:00:00+00:00
[2024-04-05T05:46:21.651+0000] {processor.py:183} INFO - Processing /home/airflow/.local/lib/python3.8/site-packages/airflow/example_dags/example_latest_only_with_trigger.py took 0.278 seconds
[2024-04-05T05:46:52.548+0000] {processor.py:161} INFO - Started process (PID=725) to work on /home/airflow/.local/lib/python3.8/site-packages/airflow/example_dags/example_latest_only_with_trigger.py
[2024-04-05T05:46:52.550+0000] {processor.py:830} INFO - Processing file /home/airflow/.local/lib/python3.8/site-packages/airflow/example_dags/example_latest_only_with_trigger.py for tasks to queue
[2024-04-05T05:46:52.553+0000] {logging_mixin.py:188} INFO - [2024-04-05T05:46:52.552+0000] {dagbag.py:540} INFO - Filling up the DagBag from /home/airflow/.local/lib/python3.8/site-packages/airflow/example_dags/example_latest_only_with_trigger.py
[2024-04-05T05:46:52.566+0000] {processor.py:840} INFO - DAG(s) 'latest_only_with_trigger' retrieved from /home/airflow/.local/lib/python3.8/site-packages/airflow/example_dags/example_latest_only_with_trigger.py
[2024-04-05T05:46:52.617+0000] {logging_mixin.py:188} INFO - [2024-04-05T05:46:52.617+0000] {dag.py:3047} INFO - Sync 1 DAGs
[2024-04-05T05:46:52.668+0000] {logging_mixin.py:188} INFO - [2024-04-05T05:46:52.667+0000] {dag.py:3834} INFO - Setting next_dagrun for latest_only_with_trigger to 2024-04-05 00:00:00+00:00, run_after=2024-04-05 04:00:00+00:00
[2024-04-05T05:46:52.729+0000] {processor.py:183} INFO - Processing /home/airflow/.local/lib/python3.8/site-packages/airflow/example_dags/example_latest_only_with_trigger.py took 0.190 seconds
[2024-04-05T05:47:23.064+0000] {processor.py:161} INFO - Started process (PID=783) to work on /home/airflow/.local/lib/python3.8/site-packages/airflow/example_dags/example_latest_only_with_trigger.py
[2024-04-05T05:47:23.067+0000] {processor.py:830} INFO - Processing file /home/airflow/.local/lib/python3.8/site-packages/airflow/example_dags/example_latest_only_with_trigger.py for tasks to queue
[2024-04-05T05:47:23.069+0000] {logging_mixin.py:188} INFO - [2024-04-05T05:47:23.069+0000] {dagbag.py:540} INFO - Filling up the DagBag from /home/airflow/.local/lib/python3.8/site-packages/airflow/example_dags/example_latest_only_with_trigger.py
[2024-04-05T05:47:23.088+0000] {processor.py:840} INFO - DAG(s) 'latest_only_with_trigger' retrieved from /home/airflow/.local/lib/python3.8/site-packages/airflow/example_dags/example_latest_only_with_trigger.py
[2024-04-05T05:47:23.165+0000] {logging_mixin.py:188} INFO - [2024-04-05T05:47:23.164+0000] {dag.py:3047} INFO - Sync 1 DAGs
[2024-04-05T05:47:23.255+0000] {logging_mixin.py:188} INFO - [2024-04-05T05:47:23.254+0000] {dag.py:3834} INFO - Setting next_dagrun for latest_only_with_trigger to 2024-04-05 00:00:00+00:00, run_after=2024-04-05 04:00:00+00:00
[2024-04-05T05:47:23.345+0000] {processor.py:183} INFO - Processing /home/airflow/.local/lib/python3.8/site-packages/airflow/example_dags/example_latest_only_with_trigger.py took 0.287 seconds
[2024-04-05T05:47:54.091+0000] {processor.py:161} INFO - Started process (PID=840) to work on /home/airflow/.local/lib/python3.8/site-packages/airflow/example_dags/example_latest_only_with_trigger.py
[2024-04-05T05:47:54.094+0000] {processor.py:830} INFO - Processing file /home/airflow/.local/lib/python3.8/site-packages/airflow/example_dags/example_latest_only_with_trigger.py for tasks to queue
[2024-04-05T05:47:54.095+0000] {logging_mixin.py:188} INFO - [2024-04-05T05:47:54.095+0000] {dagbag.py:540} INFO - Filling up the DagBag from /home/airflow/.local/lib/python3.8/site-packages/airflow/example_dags/example_latest_only_with_trigger.py
[2024-04-05T05:47:54.111+0000] {processor.py:840} INFO - DAG(s) 'latest_only_with_trigger' retrieved from /home/airflow/.local/lib/python3.8/site-packages/airflow/example_dags/example_latest_only_with_trigger.py
[2024-04-05T05:47:54.163+0000] {logging_mixin.py:188} INFO - [2024-04-05T05:47:54.163+0000] {dag.py:3047} INFO - Sync 1 DAGs
[2024-04-05T05:47:54.230+0000] {logging_mixin.py:188} INFO - [2024-04-05T05:47:54.230+0000] {dag.py:3834} INFO - Setting next_dagrun for latest_only_with_trigger to 2024-04-05 00:00:00+00:00, run_after=2024-04-05 04:00:00+00:00
[2024-04-05T05:47:54.276+0000] {processor.py:183} INFO - Processing /home/airflow/.local/lib/python3.8/site-packages/airflow/example_dags/example_latest_only_with_trigger.py took 0.191 seconds
[2024-04-05T05:48:24.777+0000] {processor.py:161} INFO - Started process (PID=897) to work on /home/airflow/.local/lib/python3.8/site-packages/airflow/example_dags/example_latest_only_with_trigger.py
[2024-04-05T05:48:24.782+0000] {processor.py:830} INFO - Processing file /home/airflow/.local/lib/python3.8/site-packages/airflow/example_dags/example_latest_only_with_trigger.py for tasks to queue
[2024-04-05T05:48:24.785+0000] {logging_mixin.py:188} INFO - [2024-04-05T05:48:24.784+0000] {dagbag.py:540} INFO - Filling up the DagBag from /home/airflow/.local/lib/python3.8/site-packages/airflow/example_dags/example_latest_only_with_trigger.py
[2024-04-05T05:48:24.818+0000] {processor.py:840} INFO - DAG(s) 'latest_only_with_trigger' retrieved from /home/airflow/.local/lib/python3.8/site-packages/airflow/example_dags/example_latest_only_with_trigger.py
[2024-04-05T05:48:24.936+0000] {logging_mixin.py:188} INFO - [2024-04-05T05:48:24.934+0000] {dag.py:3047} INFO - Sync 1 DAGs
[2024-04-05T05:48:25.017+0000] {logging_mixin.py:188} INFO - [2024-04-05T05:48:25.017+0000] {dag.py:3834} INFO - Setting next_dagrun for latest_only_with_trigger to 2024-04-05 00:00:00+00:00, run_after=2024-04-05 04:00:00+00:00
[2024-04-05T05:48:25.083+0000] {processor.py:183} INFO - Processing /home/airflow/.local/lib/python3.8/site-packages/airflow/example_dags/example_latest_only_with_trigger.py took 0.318 seconds
[2024-04-05T05:48:56.029+0000] {processor.py:161} INFO - Started process (PID=954) to work on /home/airflow/.local/lib/python3.8/site-packages/airflow/example_dags/example_latest_only_with_trigger.py
[2024-04-05T05:48:56.032+0000] {processor.py:830} INFO - Processing file /home/airflow/.local/lib/python3.8/site-packages/airflow/example_dags/example_latest_only_with_trigger.py for tasks to queue
[2024-04-05T05:48:56.034+0000] {logging_mixin.py:188} INFO - [2024-04-05T05:48:56.034+0000] {dagbag.py:540} INFO - Filling up the DagBag from /home/airflow/.local/lib/python3.8/site-packages/airflow/example_dags/example_latest_only_with_trigger.py
[2024-04-05T05:48:56.056+0000] {processor.py:840} INFO - DAG(s) 'latest_only_with_trigger' retrieved from /home/airflow/.local/lib/python3.8/site-packages/airflow/example_dags/example_latest_only_with_trigger.py
[2024-04-05T05:48:56.125+0000] {logging_mixin.py:188} INFO - [2024-04-05T05:48:56.125+0000] {dag.py:3047} INFO - Sync 1 DAGs
[2024-04-05T05:48:56.233+0000] {logging_mixin.py:188} INFO - [2024-04-05T05:48:56.232+0000] {dag.py:3834} INFO - Setting next_dagrun for latest_only_with_trigger to 2024-04-05 00:00:00+00:00, run_after=2024-04-05 04:00:00+00:00
[2024-04-05T05:48:56.299+0000] {processor.py:183} INFO - Processing /home/airflow/.local/lib/python3.8/site-packages/airflow/example_dags/example_latest_only_with_trigger.py took 0.277 seconds
[2024-04-05T05:49:26.363+0000] {processor.py:161} INFO - Started process (PID=1010) to work on /home/airflow/.local/lib/python3.8/site-packages/airflow/example_dags/example_latest_only_with_trigger.py
[2024-04-05T05:49:26.368+0000] {processor.py:830} INFO - Processing file /home/airflow/.local/lib/python3.8/site-packages/airflow/example_dags/example_latest_only_with_trigger.py for tasks to queue
[2024-04-05T05:49:26.370+0000] {logging_mixin.py:188} INFO - [2024-04-05T05:49:26.370+0000] {dagbag.py:540} INFO - Filling up the DagBag from /home/airflow/.local/lib/python3.8/site-packages/airflow/example_dags/example_latest_only_with_trigger.py
[2024-04-05T05:49:26.380+0000] {processor.py:840} INFO - DAG(s) 'latest_only_with_trigger' retrieved from /home/airflow/.local/lib/python3.8/site-packages/airflow/example_dags/example_latest_only_with_trigger.py
[2024-04-05T05:49:26.418+0000] {logging_mixin.py:188} INFO - [2024-04-05T05:49:26.418+0000] {dag.py:3047} INFO - Sync 1 DAGs
[2024-04-05T05:49:26.459+0000] {logging_mixin.py:188} INFO - [2024-04-05T05:49:26.459+0000] {dag.py:3834} INFO - Setting next_dagrun for latest_only_with_trigger to 2024-04-05 00:00:00+00:00, run_after=2024-04-05 04:00:00+00:00
[2024-04-05T05:49:26.497+0000] {processor.py:183} INFO - Processing /home/airflow/.local/lib/python3.8/site-packages/airflow/example_dags/example_latest_only_with_trigger.py took 0.139 seconds
[2024-04-05T05:49:57.057+0000] {processor.py:161} INFO - Started process (PID=1067) to work on /home/airflow/.local/lib/python3.8/site-packages/airflow/example_dags/example_latest_only_with_trigger.py
[2024-04-05T05:49:57.060+0000] {processor.py:830} INFO - Processing file /home/airflow/.local/lib/python3.8/site-packages/airflow/example_dags/example_latest_only_with_trigger.py for tasks to queue
[2024-04-05T05:49:57.062+0000] {logging_mixin.py:188} INFO - [2024-04-05T05:49:57.061+0000] {dagbag.py:540} INFO - Filling up the DagBag from /home/airflow/.local/lib/python3.8/site-packages/airflow/example_dags/example_latest_only_with_trigger.py
[2024-04-05T05:49:57.076+0000] {processor.py:840} INFO - DAG(s) 'latest_only_with_trigger' retrieved from /home/airflow/.local/lib/python3.8/site-packages/airflow/example_dags/example_latest_only_with_trigger.py
[2024-04-05T05:49:57.111+0000] {logging_mixin.py:188} INFO - [2024-04-05T05:49:57.110+0000] {dag.py:3047} INFO - Sync 1 DAGs
[2024-04-05T05:49:57.148+0000] {logging_mixin.py:188} INFO - [2024-04-05T05:49:57.147+0000] {dag.py:3834} INFO - Setting next_dagrun for latest_only_with_trigger to 2024-04-05 00:00:00+00:00, run_after=2024-04-05 04:00:00+00:00
[2024-04-05T05:49:57.189+0000] {processor.py:183} INFO - Processing /home/airflow/.local/lib/python3.8/site-packages/airflow/example_dags/example_latest_only_with_trigger.py took 0.138 seconds
[2024-04-05T05:50:27.423+0000] {processor.py:161} INFO - Started process (PID=1124) to work on /home/airflow/.local/lib/python3.8/site-packages/airflow/example_dags/example_latest_only_with_trigger.py
[2024-04-05T05:50:27.426+0000] {processor.py:830} INFO - Processing file /home/airflow/.local/lib/python3.8/site-packages/airflow/example_dags/example_latest_only_with_trigger.py for tasks to queue
[2024-04-05T05:50:27.428+0000] {logging_mixin.py:188} INFO - [2024-04-05T05:50:27.427+0000] {dagbag.py:540} INFO - Filling up the DagBag from /home/airflow/.local/lib/python3.8/site-packages/airflow/example_dags/example_latest_only_with_trigger.py
[2024-04-05T05:50:27.444+0000] {processor.py:840} INFO - DAG(s) 'latest_only_with_trigger' retrieved from /home/airflow/.local/lib/python3.8/site-packages/airflow/example_dags/example_latest_only_with_trigger.py
[2024-04-05T05:50:27.498+0000] {logging_mixin.py:188} INFO - [2024-04-05T05:50:27.497+0000] {dag.py:3047} INFO - Sync 1 DAGs
[2024-04-05T05:50:27.553+0000] {logging_mixin.py:188} INFO - [2024-04-05T05:50:27.553+0000] {dag.py:3834} INFO - Setting next_dagrun for latest_only_with_trigger to 2024-04-05 00:00:00+00:00, run_after=2024-04-05 04:00:00+00:00
[2024-04-05T05:50:27.593+0000] {processor.py:183} INFO - Processing /home/airflow/.local/lib/python3.8/site-packages/airflow/example_dags/example_latest_only_with_trigger.py took 0.179 seconds
[2024-04-05T05:50:58.109+0000] {processor.py:161} INFO - Started process (PID=1181) to work on /home/airflow/.local/lib/python3.8/site-packages/airflow/example_dags/example_latest_only_with_trigger.py
[2024-04-05T05:50:58.111+0000] {processor.py:830} INFO - Processing file /home/airflow/.local/lib/python3.8/site-packages/airflow/example_dags/example_latest_only_with_trigger.py for tasks to queue
[2024-04-05T05:50:58.113+0000] {logging_mixin.py:188} INFO - [2024-04-05T05:50:58.112+0000] {dagbag.py:540} INFO - Filling up the DagBag from /home/airflow/.local/lib/python3.8/site-packages/airflow/example_dags/example_latest_only_with_trigger.py
[2024-04-05T05:50:58.127+0000] {processor.py:840} INFO - DAG(s) 'latest_only_with_trigger' retrieved from /home/airflow/.local/lib/python3.8/site-packages/airflow/example_dags/example_latest_only_with_trigger.py
[2024-04-05T05:50:58.166+0000] {logging_mixin.py:188} INFO - [2024-04-05T05:50:58.166+0000] {dag.py:3047} INFO - Sync 1 DAGs
[2024-04-05T05:50:58.199+0000] {logging_mixin.py:188} INFO - [2024-04-05T05:50:58.199+0000] {dag.py:3834} INFO - Setting next_dagrun for latest_only_with_trigger to 2024-04-05 00:00:00+00:00, run_after=2024-04-05 04:00:00+00:00
[2024-04-05T05:50:58.237+0000] {processor.py:183} INFO - Processing /home/airflow/.local/lib/python3.8/site-packages/airflow/example_dags/example_latest_only_with_trigger.py took 0.133 seconds
[2024-04-05T05:51:29.021+0000] {processor.py:161} INFO - Started process (PID=1238) to work on /home/airflow/.local/lib/python3.8/site-packages/airflow/example_dags/example_latest_only_with_trigger.py
[2024-04-05T05:51:29.023+0000] {processor.py:830} INFO - Processing file /home/airflow/.local/lib/python3.8/site-packages/airflow/example_dags/example_latest_only_with_trigger.py for tasks to queue
[2024-04-05T05:51:29.026+0000] {logging_mixin.py:188} INFO - [2024-04-05T05:51:29.025+0000] {dagbag.py:540} INFO - Filling up the DagBag from /home/airflow/.local/lib/python3.8/site-packages/airflow/example_dags/example_latest_only_with_trigger.py
[2024-04-05T05:51:29.037+0000] {processor.py:840} INFO - DAG(s) 'latest_only_with_trigger' retrieved from /home/airflow/.local/lib/python3.8/site-packages/airflow/example_dags/example_latest_only_with_trigger.py
[2024-04-05T05:51:29.082+0000] {logging_mixin.py:188} INFO - [2024-04-05T05:51:29.082+0000] {dag.py:3047} INFO - Sync 1 DAGs
[2024-04-05T05:51:29.128+0000] {logging_mixin.py:188} INFO - [2024-04-05T05:51:29.128+0000] {dag.py:3834} INFO - Setting next_dagrun for latest_only_with_trigger to 2024-04-05 00:00:00+00:00, run_after=2024-04-05 04:00:00+00:00
[2024-04-05T05:51:29.166+0000] {processor.py:183} INFO - Processing /home/airflow/.local/lib/python3.8/site-packages/airflow/example_dags/example_latest_only_with_trigger.py took 0.152 seconds
[2024-04-05T05:51:59.885+0000] {processor.py:161} INFO - Started process (PID=1295) to work on /home/airflow/.local/lib/python3.8/site-packages/airflow/example_dags/example_latest_only_with_trigger.py
[2024-04-05T05:51:59.886+0000] {processor.py:830} INFO - Processing file /home/airflow/.local/lib/python3.8/site-packages/airflow/example_dags/example_latest_only_with_trigger.py for tasks to queue
[2024-04-05T05:51:59.888+0000] {logging_mixin.py:188} INFO - [2024-04-05T05:51:59.888+0000] {dagbag.py:540} INFO - Filling up the DagBag from /home/airflow/.local/lib/python3.8/site-packages/airflow/example_dags/example_latest_only_with_trigger.py
[2024-04-05T05:51:59.899+0000] {processor.py:840} INFO - DAG(s) 'latest_only_with_trigger' retrieved from /home/airflow/.local/lib/python3.8/site-packages/airflow/example_dags/example_latest_only_with_trigger.py
[2024-04-05T05:51:59.936+0000] {logging_mixin.py:188} INFO - [2024-04-05T05:51:59.936+0000] {dag.py:3047} INFO - Sync 1 DAGs
[2024-04-05T05:51:59.976+0000] {logging_mixin.py:188} INFO - [2024-04-05T05:51:59.975+0000] {dag.py:3834} INFO - Setting next_dagrun for latest_only_with_trigger to 2024-04-05 00:00:00+00:00, run_after=2024-04-05 04:00:00+00:00
[2024-04-05T05:52:00.016+0000] {processor.py:183} INFO - Processing /home/airflow/.local/lib/python3.8/site-packages/airflow/example_dags/example_latest_only_with_trigger.py took 0.138 seconds
[2024-04-05T05:52:30.285+0000] {processor.py:161} INFO - Started process (PID=1351) to work on /home/airflow/.local/lib/python3.8/site-packages/airflow/example_dags/example_latest_only_with_trigger.py
[2024-04-05T05:52:30.287+0000] {processor.py:830} INFO - Processing file /home/airflow/.local/lib/python3.8/site-packages/airflow/example_dags/example_latest_only_with_trigger.py for tasks to queue
[2024-04-05T05:52:30.289+0000] {logging_mixin.py:188} INFO - [2024-04-05T05:52:30.288+0000] {dagbag.py:540} INFO - Filling up the DagBag from /home/airflow/.local/lib/python3.8/site-packages/airflow/example_dags/example_latest_only_with_trigger.py
[2024-04-05T05:52:30.302+0000] {processor.py:840} INFO - DAG(s) 'latest_only_with_trigger' retrieved from /home/airflow/.local/lib/python3.8/site-packages/airflow/example_dags/example_latest_only_with_trigger.py
[2024-04-05T05:52:30.337+0000] {logging_mixin.py:188} INFO - [2024-04-05T05:52:30.337+0000] {dag.py:3047} INFO - Sync 1 DAGs
[2024-04-05T05:52:30.379+0000] {logging_mixin.py:188} INFO - [2024-04-05T05:52:30.378+0000] {dag.py:3834} INFO - Setting next_dagrun for latest_only_with_trigger to 2024-04-05 00:00:00+00:00, run_after=2024-04-05 04:00:00+00:00
[2024-04-05T05:52:30.413+0000] {processor.py:183} INFO - Processing /home/airflow/.local/lib/python3.8/site-packages/airflow/example_dags/example_latest_only_with_trigger.py took 0.134 seconds
[2024-04-05T05:53:00.570+0000] {processor.py:161} INFO - Started process (PID=1408) to work on /home/airflow/.local/lib/python3.8/site-packages/airflow/example_dags/example_latest_only_with_trigger.py
[2024-04-05T05:53:00.573+0000] {processor.py:830} INFO - Processing file /home/airflow/.local/lib/python3.8/site-packages/airflow/example_dags/example_latest_only_with_trigger.py for tasks to queue
[2024-04-05T05:53:00.577+0000] {logging_mixin.py:188} INFO - [2024-04-05T05:53:00.576+0000] {dagbag.py:540} INFO - Filling up the DagBag from /home/airflow/.local/lib/python3.8/site-packages/airflow/example_dags/example_latest_only_with_trigger.py
[2024-04-05T05:53:00.591+0000] {processor.py:840} INFO - DAG(s) 'latest_only_with_trigger' retrieved from /home/airflow/.local/lib/python3.8/site-packages/airflow/example_dags/example_latest_only_with_trigger.py
[2024-04-05T05:53:00.655+0000] {logging_mixin.py:188} INFO - [2024-04-05T05:53:00.655+0000] {dag.py:3047} INFO - Sync 1 DAGs
[2024-04-05T05:53:00.715+0000] {logging_mixin.py:188} INFO - [2024-04-05T05:53:00.715+0000] {dag.py:3834} INFO - Setting next_dagrun for latest_only_with_trigger to 2024-04-05 00:00:00+00:00, run_after=2024-04-05 04:00:00+00:00
[2024-04-05T05:53:00.748+0000] {processor.py:183} INFO - Processing /home/airflow/.local/lib/python3.8/site-packages/airflow/example_dags/example_latest_only_with_trigger.py took 0.189 seconds
[2024-04-05T05:53:31.195+0000] {processor.py:161} INFO - Started process (PID=1465) to work on /home/airflow/.local/lib/python3.8/site-packages/airflow/example_dags/example_latest_only_with_trigger.py
[2024-04-05T05:53:31.197+0000] {processor.py:830} INFO - Processing file /home/airflow/.local/lib/python3.8/site-packages/airflow/example_dags/example_latest_only_with_trigger.py for tasks to queue
[2024-04-05T05:53:31.200+0000] {logging_mixin.py:188} INFO - [2024-04-05T05:53:31.199+0000] {dagbag.py:540} INFO - Filling up the DagBag from /home/airflow/.local/lib/python3.8/site-packages/airflow/example_dags/example_latest_only_with_trigger.py
[2024-04-05T05:53:31.215+0000] {processor.py:840} INFO - DAG(s) 'latest_only_with_trigger' retrieved from /home/airflow/.local/lib/python3.8/site-packages/airflow/example_dags/example_latest_only_with_trigger.py
[2024-04-05T05:53:31.272+0000] {logging_mixin.py:188} INFO - [2024-04-05T05:53:31.272+0000] {dag.py:3047} INFO - Sync 1 DAGs
[2024-04-05T05:53:31.318+0000] {logging_mixin.py:188} INFO - [2024-04-05T05:53:31.318+0000] {dag.py:3834} INFO - Setting next_dagrun for latest_only_with_trigger to 2024-04-05 00:00:00+00:00, run_after=2024-04-05 04:00:00+00:00
[2024-04-05T05:53:31.373+0000] {processor.py:183} INFO - Processing /home/airflow/.local/lib/python3.8/site-packages/airflow/example_dags/example_latest_only_with_trigger.py took 0.186 seconds
[2024-04-05T05:54:01.640+0000] {processor.py:161} INFO - Started process (PID=1522) to work on /home/airflow/.local/lib/python3.8/site-packages/airflow/example_dags/example_latest_only_with_trigger.py
[2024-04-05T05:54:01.642+0000] {processor.py:830} INFO - Processing file /home/airflow/.local/lib/python3.8/site-packages/airflow/example_dags/example_latest_only_with_trigger.py for tasks to queue
[2024-04-05T05:54:01.644+0000] {logging_mixin.py:188} INFO - [2024-04-05T05:54:01.644+0000] {dagbag.py:540} INFO - Filling up the DagBag from /home/airflow/.local/lib/python3.8/site-packages/airflow/example_dags/example_latest_only_with_trigger.py
[2024-04-05T05:54:01.656+0000] {processor.py:840} INFO - DAG(s) 'latest_only_with_trigger' retrieved from /home/airflow/.local/lib/python3.8/site-packages/airflow/example_dags/example_latest_only_with_trigger.py
[2024-04-05T05:54:01.692+0000] {logging_mixin.py:188} INFO - [2024-04-05T05:54:01.692+0000] {dag.py:3047} INFO - Sync 1 DAGs
[2024-04-05T05:54:01.730+0000] {logging_mixin.py:188} INFO - [2024-04-05T05:54:01.729+0000] {dag.py:3834} INFO - Setting next_dagrun for latest_only_with_trigger to 2024-04-05 00:00:00+00:00, run_after=2024-04-05 04:00:00+00:00
[2024-04-05T05:54:01.758+0000] {processor.py:183} INFO - Processing /home/airflow/.local/lib/python3.8/site-packages/airflow/example_dags/example_latest_only_with_trigger.py took 0.125 seconds
[2024-04-05T05:54:32.026+0000] {processor.py:161} INFO - Started process (PID=1579) to work on /home/airflow/.local/lib/python3.8/site-packages/airflow/example_dags/example_latest_only_with_trigger.py
[2024-04-05T05:54:32.029+0000] {processor.py:830} INFO - Processing file /home/airflow/.local/lib/python3.8/site-packages/airflow/example_dags/example_latest_only_with_trigger.py for tasks to queue
[2024-04-05T05:54:32.032+0000] {logging_mixin.py:188} INFO - [2024-04-05T05:54:32.031+0000] {dagbag.py:540} INFO - Filling up the DagBag from /home/airflow/.local/lib/python3.8/site-packages/airflow/example_dags/example_latest_only_with_trigger.py
[2024-04-05T05:54:32.051+0000] {processor.py:840} INFO - DAG(s) 'latest_only_with_trigger' retrieved from /home/airflow/.local/lib/python3.8/site-packages/airflow/example_dags/example_latest_only_with_trigger.py
[2024-04-05T05:54:32.096+0000] {logging_mixin.py:188} INFO - [2024-04-05T05:54:32.096+0000] {dag.py:3047} INFO - Sync 1 DAGs
[2024-04-05T05:54:32.150+0000] {logging_mixin.py:188} INFO - [2024-04-05T05:54:32.149+0000] {dag.py:3834} INFO - Setting next_dagrun for latest_only_with_trigger to 2024-04-05 00:00:00+00:00, run_after=2024-04-05 04:00:00+00:00
[2024-04-05T05:54:32.193+0000] {processor.py:183} INFO - Processing /home/airflow/.local/lib/python3.8/site-packages/airflow/example_dags/example_latest_only_with_trigger.py took 0.175 seconds
[2024-04-05T05:55:03.814+0000] {processor.py:161} INFO - Started process (PID=1636) to work on /home/airflow/.local/lib/python3.8/site-packages/airflow/example_dags/example_latest_only_with_trigger.py
[2024-04-05T05:55:03.818+0000] {processor.py:830} INFO - Processing file /home/airflow/.local/lib/python3.8/site-packages/airflow/example_dags/example_latest_only_with_trigger.py for tasks to queue
[2024-04-05T05:55:03.829+0000] {logging_mixin.py:188} INFO - [2024-04-05T05:55:03.827+0000] {dagbag.py:540} INFO - Filling up the DagBag from /home/airflow/.local/lib/python3.8/site-packages/airflow/example_dags/example_latest_only_with_trigger.py
[2024-04-05T05:55:03.863+0000] {processor.py:840} INFO - DAG(s) 'latest_only_with_trigger' retrieved from /home/airflow/.local/lib/python3.8/site-packages/airflow/example_dags/example_latest_only_with_trigger.py
[2024-04-05T05:55:03.953+0000] {logging_mixin.py:188} INFO - [2024-04-05T05:55:03.952+0000] {dag.py:3047} INFO - Sync 1 DAGs
[2024-04-05T05:55:04.085+0000] {logging_mixin.py:188} INFO - [2024-04-05T05:55:04.085+0000] {dag.py:3834} INFO - Setting next_dagrun for latest_only_with_trigger to 2024-04-05 00:00:00+00:00, run_after=2024-04-05 04:00:00+00:00
[2024-04-05T05:55:04.151+0000] {processor.py:183} INFO - Processing /home/airflow/.local/lib/python3.8/site-packages/airflow/example_dags/example_latest_only_with_trigger.py took 0.358 seconds
[2024-04-05T05:55:34.344+0000] {processor.py:161} INFO - Started process (PID=1691) to work on /home/airflow/.local/lib/python3.8/site-packages/airflow/example_dags/example_latest_only_with_trigger.py
[2024-04-05T05:55:34.347+0000] {processor.py:830} INFO - Processing file /home/airflow/.local/lib/python3.8/site-packages/airflow/example_dags/example_latest_only_with_trigger.py for tasks to queue
[2024-04-05T05:55:34.351+0000] {logging_mixin.py:188} INFO - [2024-04-05T05:55:34.350+0000] {dagbag.py:540} INFO - Filling up the DagBag from /home/airflow/.local/lib/python3.8/site-packages/airflow/example_dags/example_latest_only_with_trigger.py
[2024-04-05T05:55:34.367+0000] {processor.py:840} INFO - DAG(s) 'latest_only_with_trigger' retrieved from /home/airflow/.local/lib/python3.8/site-packages/airflow/example_dags/example_latest_only_with_trigger.py
[2024-04-05T05:55:34.417+0000] {logging_mixin.py:188} INFO - [2024-04-05T05:55:34.416+0000] {dag.py:3047} INFO - Sync 1 DAGs
[2024-04-05T05:55:34.460+0000] {logging_mixin.py:188} INFO - [2024-04-05T05:55:34.460+0000] {dag.py:3834} INFO - Setting next_dagrun for latest_only_with_trigger to 2024-04-05 00:00:00+00:00, run_after=2024-04-05 04:00:00+00:00
[2024-04-05T05:55:34.500+0000] {processor.py:183} INFO - Processing /home/airflow/.local/lib/python3.8/site-packages/airflow/example_dags/example_latest_only_with_trigger.py took 0.164 seconds
[2024-04-05T05:56:04.739+0000] {processor.py:161} INFO - Started process (PID=1747) to work on /home/airflow/.local/lib/python3.8/site-packages/airflow/example_dags/example_latest_only_with_trigger.py
[2024-04-05T05:56:04.742+0000] {processor.py:830} INFO - Processing file /home/airflow/.local/lib/python3.8/site-packages/airflow/example_dags/example_latest_only_with_trigger.py for tasks to queue
[2024-04-05T05:56:04.745+0000] {logging_mixin.py:188} INFO - [2024-04-05T05:56:04.744+0000] {dagbag.py:540} INFO - Filling up the DagBag from /home/airflow/.local/lib/python3.8/site-packages/airflow/example_dags/example_latest_only_with_trigger.py
[2024-04-05T05:56:04.760+0000] {processor.py:840} INFO - DAG(s) 'latest_only_with_trigger' retrieved from /home/airflow/.local/lib/python3.8/site-packages/airflow/example_dags/example_latest_only_with_trigger.py
[2024-04-05T05:56:04.807+0000] {logging_mixin.py:188} INFO - [2024-04-05T05:56:04.806+0000] {dag.py:3047} INFO - Sync 1 DAGs
[2024-04-05T05:56:04.853+0000] {logging_mixin.py:188} INFO - [2024-04-05T05:56:04.853+0000] {dag.py:3834} INFO - Setting next_dagrun for latest_only_with_trigger to 2024-04-05 00:00:00+00:00, run_after=2024-04-05 04:00:00+00:00
[2024-04-05T05:56:04.892+0000] {processor.py:183} INFO - Processing /home/airflow/.local/lib/python3.8/site-packages/airflow/example_dags/example_latest_only_with_trigger.py took 0.162 seconds
[2024-04-05T05:56:35.130+0000] {processor.py:161} INFO - Started process (PID=1805) to work on /home/airflow/.local/lib/python3.8/site-packages/airflow/example_dags/example_latest_only_with_trigger.py
[2024-04-05T05:56:35.132+0000] {processor.py:830} INFO - Processing file /home/airflow/.local/lib/python3.8/site-packages/airflow/example_dags/example_latest_only_with_trigger.py for tasks to queue
[2024-04-05T05:56:35.134+0000] {logging_mixin.py:188} INFO - [2024-04-05T05:56:35.133+0000] {dagbag.py:540} INFO - Filling up the DagBag from /home/airflow/.local/lib/python3.8/site-packages/airflow/example_dags/example_latest_only_with_trigger.py
[2024-04-05T05:56:35.146+0000] {processor.py:840} INFO - DAG(s) 'latest_only_with_trigger' retrieved from /home/airflow/.local/lib/python3.8/site-packages/airflow/example_dags/example_latest_only_with_trigger.py
[2024-04-05T05:56:35.191+0000] {logging_mixin.py:188} INFO - [2024-04-05T05:56:35.190+0000] {dag.py:3047} INFO - Sync 1 DAGs
[2024-04-05T05:56:35.253+0000] {logging_mixin.py:188} INFO - [2024-04-05T05:56:35.252+0000] {dag.py:3834} INFO - Setting next_dagrun for latest_only_with_trigger to 2024-04-05 00:00:00+00:00, run_after=2024-04-05 04:00:00+00:00
[2024-04-05T05:56:35.300+0000] {processor.py:183} INFO - Processing /home/airflow/.local/lib/python3.8/site-packages/airflow/example_dags/example_latest_only_with_trigger.py took 0.176 seconds
[2024-04-05T05:57:05.779+0000] {processor.py:161} INFO - Started process (PID=1862) to work on /home/airflow/.local/lib/python3.8/site-packages/airflow/example_dags/example_latest_only_with_trigger.py
[2024-04-05T05:57:05.782+0000] {processor.py:830} INFO - Processing file /home/airflow/.local/lib/python3.8/site-packages/airflow/example_dags/example_latest_only_with_trigger.py for tasks to queue
[2024-04-05T05:57:05.785+0000] {logging_mixin.py:188} INFO - [2024-04-05T05:57:05.784+0000] {dagbag.py:540} INFO - Filling up the DagBag from /home/airflow/.local/lib/python3.8/site-packages/airflow/example_dags/example_latest_only_with_trigger.py
[2024-04-05T05:57:05.802+0000] {processor.py:840} INFO - DAG(s) 'latest_only_with_trigger' retrieved from /home/airflow/.local/lib/python3.8/site-packages/airflow/example_dags/example_latest_only_with_trigger.py
[2024-04-05T05:57:05.848+0000] {logging_mixin.py:188} INFO - [2024-04-05T05:57:05.848+0000] {dag.py:3047} INFO - Sync 1 DAGs
[2024-04-05T05:57:05.901+0000] {logging_mixin.py:188} INFO - [2024-04-05T05:57:05.901+0000] {dag.py:3834} INFO - Setting next_dagrun for latest_only_with_trigger to 2024-04-05 00:00:00+00:00, run_after=2024-04-05 04:00:00+00:00
[2024-04-05T05:57:05.942+0000] {processor.py:183} INFO - Processing /home/airflow/.local/lib/python3.8/site-packages/airflow/example_dags/example_latest_only_with_trigger.py took 0.172 seconds
[2024-04-05T05:57:36.119+0000] {processor.py:161} INFO - Started process (PID=1919) to work on /home/airflow/.local/lib/python3.8/site-packages/airflow/example_dags/example_latest_only_with_trigger.py
[2024-04-05T05:57:36.121+0000] {processor.py:830} INFO - Processing file /home/airflow/.local/lib/python3.8/site-packages/airflow/example_dags/example_latest_only_with_trigger.py for tasks to queue
[2024-04-05T05:57:36.123+0000] {logging_mixin.py:188} INFO - [2024-04-05T05:57:36.122+0000] {dagbag.py:540} INFO - Filling up the DagBag from /home/airflow/.local/lib/python3.8/site-packages/airflow/example_dags/example_latest_only_with_trigger.py
[2024-04-05T05:57:36.135+0000] {processor.py:840} INFO - DAG(s) 'latest_only_with_trigger' retrieved from /home/airflow/.local/lib/python3.8/site-packages/airflow/example_dags/example_latest_only_with_trigger.py
[2024-04-05T05:57:36.173+0000] {logging_mixin.py:188} INFO - [2024-04-05T05:57:36.173+0000] {dag.py:3047} INFO - Sync 1 DAGs
[2024-04-05T05:57:36.216+0000] {logging_mixin.py:188} INFO - [2024-04-05T05:57:36.216+0000] {dag.py:3834} INFO - Setting next_dagrun for latest_only_with_trigger to 2024-04-05 00:00:00+00:00, run_after=2024-04-05 04:00:00+00:00
[2024-04-05T05:57:36.247+0000] {processor.py:183} INFO - Processing /home/airflow/.local/lib/python3.8/site-packages/airflow/example_dags/example_latest_only_with_trigger.py took 0.134 seconds
[2024-04-05T05:58:06.995+0000] {processor.py:161} INFO - Started process (PID=1976) to work on /home/airflow/.local/lib/python3.8/site-packages/airflow/example_dags/example_latest_only_with_trigger.py
[2024-04-05T05:58:06.997+0000] {processor.py:830} INFO - Processing file /home/airflow/.local/lib/python3.8/site-packages/airflow/example_dags/example_latest_only_with_trigger.py for tasks to queue
[2024-04-05T05:58:06.999+0000] {logging_mixin.py:188} INFO - [2024-04-05T05:58:06.998+0000] {dagbag.py:540} INFO - Filling up the DagBag from /home/airflow/.local/lib/python3.8/site-packages/airflow/example_dags/example_latest_only_with_trigger.py
[2024-04-05T05:58:07.013+0000] {processor.py:840} INFO - DAG(s) 'latest_only_with_trigger' retrieved from /home/airflow/.local/lib/python3.8/site-packages/airflow/example_dags/example_latest_only_with_trigger.py
[2024-04-05T05:58:07.048+0000] {logging_mixin.py:188} INFO - [2024-04-05T05:58:07.047+0000] {dag.py:3047} INFO - Sync 1 DAGs
[2024-04-05T05:58:07.083+0000] {logging_mixin.py:188} INFO - [2024-04-05T05:58:07.083+0000] {dag.py:3834} INFO - Setting next_dagrun for latest_only_with_trigger to 2024-04-05 00:00:00+00:00, run_after=2024-04-05 04:00:00+00:00
[2024-04-05T05:58:07.111+0000] {processor.py:183} INFO - Processing /home/airflow/.local/lib/python3.8/site-packages/airflow/example_dags/example_latest_only_with_trigger.py took 0.122 seconds
[2024-04-05T05:58:37.463+0000] {processor.py:161} INFO - Started process (PID=2033) to work on /home/airflow/.local/lib/python3.8/site-packages/airflow/example_dags/example_latest_only_with_trigger.py
[2024-04-05T05:58:37.466+0000] {processor.py:830} INFO - Processing file /home/airflow/.local/lib/python3.8/site-packages/airflow/example_dags/example_latest_only_with_trigger.py for tasks to queue
[2024-04-05T05:58:37.468+0000] {logging_mixin.py:188} INFO - [2024-04-05T05:58:37.467+0000] {dagbag.py:540} INFO - Filling up the DagBag from /home/airflow/.local/lib/python3.8/site-packages/airflow/example_dags/example_latest_only_with_trigger.py
[2024-04-05T05:58:37.480+0000] {processor.py:840} INFO - DAG(s) 'latest_only_with_trigger' retrieved from /home/airflow/.local/lib/python3.8/site-packages/airflow/example_dags/example_latest_only_with_trigger.py
[2024-04-05T05:58:37.530+0000] {logging_mixin.py:188} INFO - [2024-04-05T05:58:37.529+0000] {dag.py:3047} INFO - Sync 1 DAGs
[2024-04-05T05:58:37.581+0000] {logging_mixin.py:188} INFO - [2024-04-05T05:58:37.581+0000] {dag.py:3834} INFO - Setting next_dagrun for latest_only_with_trigger to 2024-04-05 00:00:00+00:00, run_after=2024-04-05 04:00:00+00:00
[2024-04-05T05:58:37.614+0000] {processor.py:183} INFO - Processing /home/airflow/.local/lib/python3.8/site-packages/airflow/example_dags/example_latest_only_with_trigger.py took 0.157 seconds
[2024-04-05T05:59:07.789+0000] {processor.py:161} INFO - Started process (PID=2090) to work on /home/airflow/.local/lib/python3.8/site-packages/airflow/example_dags/example_latest_only_with_trigger.py
[2024-04-05T05:59:07.791+0000] {processor.py:830} INFO - Processing file /home/airflow/.local/lib/python3.8/site-packages/airflow/example_dags/example_latest_only_with_trigger.py for tasks to queue
[2024-04-05T05:59:07.794+0000] {logging_mixin.py:188} INFO - [2024-04-05T05:59:07.793+0000] {dagbag.py:540} INFO - Filling up the DagBag from /home/airflow/.local/lib/python3.8/site-packages/airflow/example_dags/example_latest_only_with_trigger.py
[2024-04-05T05:59:07.804+0000] {processor.py:840} INFO - DAG(s) 'latest_only_with_trigger' retrieved from /home/airflow/.local/lib/python3.8/site-packages/airflow/example_dags/example_latest_only_with_trigger.py
[2024-04-05T05:59:07.841+0000] {logging_mixin.py:188} INFO - [2024-04-05T05:59:07.841+0000] {dag.py:3047} INFO - Sync 1 DAGs
[2024-04-05T05:59:07.878+0000] {logging_mixin.py:188} INFO - [2024-04-05T05:59:07.878+0000] {dag.py:3834} INFO - Setting next_dagrun for latest_only_with_trigger to 2024-04-05 00:00:00+00:00, run_after=2024-04-05 04:00:00+00:00
[2024-04-05T05:59:07.918+0000] {processor.py:183} INFO - Processing /home/airflow/.local/lib/python3.8/site-packages/airflow/example_dags/example_latest_only_with_trigger.py took 0.142 seconds
[2024-04-05T05:59:38.197+0000] {processor.py:161} INFO - Started process (PID=2147) to work on /home/airflow/.local/lib/python3.8/site-packages/airflow/example_dags/example_latest_only_with_trigger.py
[2024-04-05T05:59:38.199+0000] {processor.py:830} INFO - Processing file /home/airflow/.local/lib/python3.8/site-packages/airflow/example_dags/example_latest_only_with_trigger.py for tasks to queue
[2024-04-05T05:59:38.201+0000] {logging_mixin.py:188} INFO - [2024-04-05T05:59:38.200+0000] {dagbag.py:540} INFO - Filling up the DagBag from /home/airflow/.local/lib/python3.8/site-packages/airflow/example_dags/example_latest_only_with_trigger.py
[2024-04-05T05:59:38.213+0000] {processor.py:840} INFO - DAG(s) 'latest_only_with_trigger' retrieved from /home/airflow/.local/lib/python3.8/site-packages/airflow/example_dags/example_latest_only_with_trigger.py
[2024-04-05T05:59:38.250+0000] {logging_mixin.py:188} INFO - [2024-04-05T05:59:38.249+0000] {dag.py:3047} INFO - Sync 1 DAGs
[2024-04-05T05:59:38.288+0000] {logging_mixin.py:188} INFO - [2024-04-05T05:59:38.288+0000] {dag.py:3834} INFO - Setting next_dagrun for latest_only_with_trigger to 2024-04-05 00:00:00+00:00, run_after=2024-04-05 04:00:00+00:00
[2024-04-05T05:59:38.320+0000] {processor.py:183} INFO - Processing /home/airflow/.local/lib/python3.8/site-packages/airflow/example_dags/example_latest_only_with_trigger.py took 0.130 seconds
[2024-04-05T06:00:08.500+0000] {processor.py:161} INFO - Started process (PID=2204) to work on /home/airflow/.local/lib/python3.8/site-packages/airflow/example_dags/example_latest_only_with_trigger.py
[2024-04-05T06:00:08.502+0000] {processor.py:830} INFO - Processing file /home/airflow/.local/lib/python3.8/site-packages/airflow/example_dags/example_latest_only_with_trigger.py for tasks to queue
[2024-04-05T06:00:08.504+0000] {logging_mixin.py:188} INFO - [2024-04-05T06:00:08.504+0000] {dagbag.py:540} INFO - Filling up the DagBag from /home/airflow/.local/lib/python3.8/site-packages/airflow/example_dags/example_latest_only_with_trigger.py
[2024-04-05T06:00:08.518+0000] {processor.py:840} INFO - DAG(s) 'latest_only_with_trigger' retrieved from /home/airflow/.local/lib/python3.8/site-packages/airflow/example_dags/example_latest_only_with_trigger.py
[2024-04-05T06:00:08.559+0000] {logging_mixin.py:188} INFO - [2024-04-05T06:00:08.558+0000] {dag.py:3047} INFO - Sync 1 DAGs
[2024-04-05T06:00:08.594+0000] {logging_mixin.py:188} INFO - [2024-04-05T06:00:08.594+0000] {dag.py:3834} INFO - Setting next_dagrun for latest_only_with_trigger to 2024-04-05 00:00:00+00:00, run_after=2024-04-05 04:00:00+00:00
[2024-04-05T06:00:08.633+0000] {processor.py:183} INFO - Processing /home/airflow/.local/lib/python3.8/site-packages/airflow/example_dags/example_latest_only_with_trigger.py took 0.139 seconds
[2024-04-05T06:00:39.045+0000] {processor.py:161} INFO - Started process (PID=2261) to work on /home/airflow/.local/lib/python3.8/site-packages/airflow/example_dags/example_latest_only_with_trigger.py
[2024-04-05T06:00:39.047+0000] {processor.py:830} INFO - Processing file /home/airflow/.local/lib/python3.8/site-packages/airflow/example_dags/example_latest_only_with_trigger.py for tasks to queue
[2024-04-05T06:00:39.049+0000] {logging_mixin.py:188} INFO - [2024-04-05T06:00:39.049+0000] {dagbag.py:540} INFO - Filling up the DagBag from /home/airflow/.local/lib/python3.8/site-packages/airflow/example_dags/example_latest_only_with_trigger.py
[2024-04-05T06:00:39.061+0000] {processor.py:840} INFO - DAG(s) 'latest_only_with_trigger' retrieved from /home/airflow/.local/lib/python3.8/site-packages/airflow/example_dags/example_latest_only_with_trigger.py
[2024-04-05T06:00:39.104+0000] {logging_mixin.py:188} INFO - [2024-04-05T06:00:39.103+0000] {dag.py:3047} INFO - Sync 1 DAGs
[2024-04-05T06:00:39.142+0000] {logging_mixin.py:188} INFO - [2024-04-05T06:00:39.141+0000] {dag.py:3834} INFO - Setting next_dagrun for latest_only_with_trigger to 2024-04-05 00:00:00+00:00, run_after=2024-04-05 04:00:00+00:00
[2024-04-05T06:00:39.169+0000] {processor.py:183} INFO - Processing /home/airflow/.local/lib/python3.8/site-packages/airflow/example_dags/example_latest_only_with_trigger.py took 0.130 seconds
[2024-04-05T06:01:09.844+0000] {processor.py:161} INFO - Started process (PID=2318) to work on /home/airflow/.local/lib/python3.8/site-packages/airflow/example_dags/example_latest_only_with_trigger.py
[2024-04-05T06:01:09.846+0000] {processor.py:830} INFO - Processing file /home/airflow/.local/lib/python3.8/site-packages/airflow/example_dags/example_latest_only_with_trigger.py for tasks to queue
[2024-04-05T06:01:09.848+0000] {logging_mixin.py:188} INFO - [2024-04-05T06:01:09.847+0000] {dagbag.py:540} INFO - Filling up the DagBag from /home/airflow/.local/lib/python3.8/site-packages/airflow/example_dags/example_latest_only_with_trigger.py
[2024-04-05T06:01:09.864+0000] {processor.py:840} INFO - DAG(s) 'latest_only_with_trigger' retrieved from /home/airflow/.local/lib/python3.8/site-packages/airflow/example_dags/example_latest_only_with_trigger.py
[2024-04-05T06:01:09.916+0000] {logging_mixin.py:188} INFO - [2024-04-05T06:01:09.916+0000] {dag.py:3047} INFO - Sync 1 DAGs
[2024-04-05T06:01:09.974+0000] {logging_mixin.py:188} INFO - [2024-04-05T06:01:09.974+0000] {dag.py:3834} INFO - Setting next_dagrun for latest_only_with_trigger to 2024-04-05 00:00:00+00:00, run_after=2024-04-05 04:00:00+00:00
[2024-04-05T06:01:10.020+0000] {processor.py:183} INFO - Processing /home/airflow/.local/lib/python3.8/site-packages/airflow/example_dags/example_latest_only_with_trigger.py took 0.182 seconds
[2024-04-05T06:01:40.127+0000] {processor.py:161} INFO - Started process (PID=2375) to work on /home/airflow/.local/lib/python3.8/site-packages/airflow/example_dags/example_latest_only_with_trigger.py
[2024-04-05T06:01:40.129+0000] {processor.py:830} INFO - Processing file /home/airflow/.local/lib/python3.8/site-packages/airflow/example_dags/example_latest_only_with_trigger.py for tasks to queue
[2024-04-05T06:01:40.131+0000] {logging_mixin.py:188} INFO - [2024-04-05T06:01:40.131+0000] {dagbag.py:540} INFO - Filling up the DagBag from /home/airflow/.local/lib/python3.8/site-packages/airflow/example_dags/example_latest_only_with_trigger.py
[2024-04-05T06:01:40.143+0000] {processor.py:840} INFO - DAG(s) 'latest_only_with_trigger' retrieved from /home/airflow/.local/lib/python3.8/site-packages/airflow/example_dags/example_latest_only_with_trigger.py
[2024-04-05T06:01:40.183+0000] {logging_mixin.py:188} INFO - [2024-04-05T06:01:40.183+0000] {dag.py:3047} INFO - Sync 1 DAGs
[2024-04-05T06:01:40.222+0000] {logging_mixin.py:188} INFO - [2024-04-05T06:01:40.222+0000] {dag.py:3834} INFO - Setting next_dagrun for latest_only_with_trigger to 2024-04-05 00:00:00+00:00, run_after=2024-04-05 04:00:00+00:00
[2024-04-05T06:01:40.253+0000] {processor.py:183} INFO - Processing /home/airflow/.local/lib/python3.8/site-packages/airflow/example_dags/example_latest_only_with_trigger.py took 0.131 seconds
[2024-04-05T06:02:10.831+0000] {processor.py:161} INFO - Started process (PID=2432) to work on /home/airflow/.local/lib/python3.8/site-packages/airflow/example_dags/example_latest_only_with_trigger.py
[2024-04-05T06:02:10.833+0000] {processor.py:830} INFO - Processing file /home/airflow/.local/lib/python3.8/site-packages/airflow/example_dags/example_latest_only_with_trigger.py for tasks to queue
[2024-04-05T06:02:10.835+0000] {logging_mixin.py:188} INFO - [2024-04-05T06:02:10.835+0000] {dagbag.py:540} INFO - Filling up the DagBag from /home/airflow/.local/lib/python3.8/site-packages/airflow/example_dags/example_latest_only_with_trigger.py
[2024-04-05T06:02:10.846+0000] {processor.py:840} INFO - DAG(s) 'latest_only_with_trigger' retrieved from /home/airflow/.local/lib/python3.8/site-packages/airflow/example_dags/example_latest_only_with_trigger.py
[2024-04-05T06:02:10.883+0000] {logging_mixin.py:188} INFO - [2024-04-05T06:02:10.883+0000] {dag.py:3047} INFO - Sync 1 DAGs
[2024-04-05T06:02:10.919+0000] {logging_mixin.py:188} INFO - [2024-04-05T06:02:10.919+0000] {dag.py:3834} INFO - Setting next_dagrun for latest_only_with_trigger to 2024-04-05 00:00:00+00:00, run_after=2024-04-05 04:00:00+00:00
[2024-04-05T06:02:10.948+0000] {processor.py:183} INFO - Processing /home/airflow/.local/lib/python3.8/site-packages/airflow/example_dags/example_latest_only_with_trigger.py took 0.122 seconds
[2024-04-05T06:02:41.584+0000] {processor.py:161} INFO - Started process (PID=2495) to work on /home/airflow/.local/lib/python3.8/site-packages/airflow/example_dags/example_latest_only_with_trigger.py
[2024-04-05T06:02:41.596+0000] {processor.py:830} INFO - Processing file /home/airflow/.local/lib/python3.8/site-packages/airflow/example_dags/example_latest_only_with_trigger.py for tasks to queue
[2024-04-05T06:02:41.600+0000] {logging_mixin.py:188} INFO - [2024-04-05T06:02:41.599+0000] {dagbag.py:540} INFO - Filling up the DagBag from /home/airflow/.local/lib/python3.8/site-packages/airflow/example_dags/example_latest_only_with_trigger.py
[2024-04-05T06:02:41.621+0000] {processor.py:840} INFO - DAG(s) 'latest_only_with_trigger' retrieved from /home/airflow/.local/lib/python3.8/site-packages/airflow/example_dags/example_latest_only_with_trigger.py
[2024-04-05T06:02:41.663+0000] {logging_mixin.py:188} INFO - [2024-04-05T06:02:41.662+0000] {dag.py:3047} INFO - Sync 1 DAGs
[2024-04-05T06:02:41.702+0000] {logging_mixin.py:188} INFO - [2024-04-05T06:02:41.702+0000] {dag.py:3834} INFO - Setting next_dagrun for latest_only_with_trigger to 2024-04-05 00:00:00+00:00, run_after=2024-04-05 04:00:00+00:00
[2024-04-05T06:02:41.737+0000] {processor.py:183} INFO - Processing /home/airflow/.local/lib/python3.8/site-packages/airflow/example_dags/example_latest_only_with_trigger.py took 0.167 seconds
[2024-04-05T06:03:12.555+0000] {processor.py:161} INFO - Started process (PID=2552) to work on /home/airflow/.local/lib/python3.8/site-packages/airflow/example_dags/example_latest_only_with_trigger.py
[2024-04-05T06:03:12.557+0000] {processor.py:830} INFO - Processing file /home/airflow/.local/lib/python3.8/site-packages/airflow/example_dags/example_latest_only_with_trigger.py for tasks to queue
[2024-04-05T06:03:12.562+0000] {logging_mixin.py:188} INFO - [2024-04-05T06:03:12.560+0000] {dagbag.py:540} INFO - Filling up the DagBag from /home/airflow/.local/lib/python3.8/site-packages/airflow/example_dags/example_latest_only_with_trigger.py
[2024-04-05T06:03:12.591+0000] {processor.py:840} INFO - DAG(s) 'latest_only_with_trigger' retrieved from /home/airflow/.local/lib/python3.8/site-packages/airflow/example_dags/example_latest_only_with_trigger.py
[2024-04-05T06:03:12.642+0000] {logging_mixin.py:188} INFO - [2024-04-05T06:03:12.640+0000] {dag.py:3047} INFO - Sync 1 DAGs
[2024-04-05T06:03:12.717+0000] {logging_mixin.py:188} INFO - [2024-04-05T06:03:12.717+0000] {dag.py:3834} INFO - Setting next_dagrun for latest_only_with_trigger to 2024-04-05 00:00:00+00:00, run_after=2024-04-05 04:00:00+00:00
[2024-04-05T06:03:12.787+0000] {processor.py:183} INFO - Processing /home/airflow/.local/lib/python3.8/site-packages/airflow/example_dags/example_latest_only_with_trigger.py took 0.241 seconds
[2024-04-05T06:03:42.893+0000] {processor.py:161} INFO - Started process (PID=2609) to work on /home/airflow/.local/lib/python3.8/site-packages/airflow/example_dags/example_latest_only_with_trigger.py
[2024-04-05T06:03:42.895+0000] {processor.py:830} INFO - Processing file /home/airflow/.local/lib/python3.8/site-packages/airflow/example_dags/example_latest_only_with_trigger.py for tasks to queue
[2024-04-05T06:03:42.897+0000] {logging_mixin.py:188} INFO - [2024-04-05T06:03:42.896+0000] {dagbag.py:540} INFO - Filling up the DagBag from /home/airflow/.local/lib/python3.8/site-packages/airflow/example_dags/example_latest_only_with_trigger.py
[2024-04-05T06:03:42.905+0000] {processor.py:840} INFO - DAG(s) 'latest_only_with_trigger' retrieved from /home/airflow/.local/lib/python3.8/site-packages/airflow/example_dags/example_latest_only_with_trigger.py
[2024-04-05T06:03:42.941+0000] {logging_mixin.py:188} INFO - [2024-04-05T06:03:42.940+0000] {dag.py:3047} INFO - Sync 1 DAGs
[2024-04-05T06:03:42.979+0000] {logging_mixin.py:188} INFO - [2024-04-05T06:03:42.979+0000] {dag.py:3834} INFO - Setting next_dagrun for latest_only_with_trigger to 2024-04-05 00:00:00+00:00, run_after=2024-04-05 04:00:00+00:00
[2024-04-05T06:03:43.011+0000] {processor.py:183} INFO - Processing /home/airflow/.local/lib/python3.8/site-packages/airflow/example_dags/example_latest_only_with_trigger.py took 0.124 seconds
[2024-04-05T06:04:13.224+0000] {processor.py:161} INFO - Started process (PID=2666) to work on /home/airflow/.local/lib/python3.8/site-packages/airflow/example_dags/example_latest_only_with_trigger.py
[2024-04-05T06:04:13.226+0000] {processor.py:830} INFO - Processing file /home/airflow/.local/lib/python3.8/site-packages/airflow/example_dags/example_latest_only_with_trigger.py for tasks to queue
[2024-04-05T06:04:13.228+0000] {logging_mixin.py:188} INFO - [2024-04-05T06:04:13.227+0000] {dagbag.py:540} INFO - Filling up the DagBag from /home/airflow/.local/lib/python3.8/site-packages/airflow/example_dags/example_latest_only_with_trigger.py
[2024-04-05T06:04:13.242+0000] {processor.py:840} INFO - DAG(s) 'latest_only_with_trigger' retrieved from /home/airflow/.local/lib/python3.8/site-packages/airflow/example_dags/example_latest_only_with_trigger.py
[2024-04-05T06:04:13.283+0000] {logging_mixin.py:188} INFO - [2024-04-05T06:04:13.283+0000] {dag.py:3047} INFO - Sync 1 DAGs
[2024-04-05T06:04:13.324+0000] {logging_mixin.py:188} INFO - [2024-04-05T06:04:13.324+0000] {dag.py:3834} INFO - Setting next_dagrun for latest_only_with_trigger to 2024-04-05 00:00:00+00:00, run_after=2024-04-05 04:00:00+00:00
[2024-04-05T06:04:13.359+0000] {processor.py:183} INFO - Processing /home/airflow/.local/lib/python3.8/site-packages/airflow/example_dags/example_latest_only_with_trigger.py took 0.144 seconds
[2024-04-05T06:04:43.486+0000] {processor.py:161} INFO - Started process (PID=2723) to work on /home/airflow/.local/lib/python3.8/site-packages/airflow/example_dags/example_latest_only_with_trigger.py
[2024-04-05T06:04:43.488+0000] {processor.py:830} INFO - Processing file /home/airflow/.local/lib/python3.8/site-packages/airflow/example_dags/example_latest_only_with_trigger.py for tasks to queue
[2024-04-05T06:04:43.489+0000] {logging_mixin.py:188} INFO - [2024-04-05T06:04:43.489+0000] {dagbag.py:540} INFO - Filling up the DagBag from /home/airflow/.local/lib/python3.8/site-packages/airflow/example_dags/example_latest_only_with_trigger.py
[2024-04-05T06:04:43.501+0000] {processor.py:840} INFO - DAG(s) 'latest_only_with_trigger' retrieved from /home/airflow/.local/lib/python3.8/site-packages/airflow/example_dags/example_latest_only_with_trigger.py
[2024-04-05T06:04:43.534+0000] {logging_mixin.py:188} INFO - [2024-04-05T06:04:43.533+0000] {dag.py:3047} INFO - Sync 1 DAGs
[2024-04-05T06:04:43.563+0000] {logging_mixin.py:188} INFO - [2024-04-05T06:04:43.563+0000] {dag.py:3834} INFO - Setting next_dagrun for latest_only_with_trigger to 2024-04-05 00:00:00+00:00, run_after=2024-04-05 04:00:00+00:00
[2024-04-05T06:04:43.593+0000] {processor.py:183} INFO - Processing /home/airflow/.local/lib/python3.8/site-packages/airflow/example_dags/example_latest_only_with_trigger.py took 0.113 seconds
[2024-04-05T06:05:13.773+0000] {processor.py:161} INFO - Started process (PID=2780) to work on /home/airflow/.local/lib/python3.8/site-packages/airflow/example_dags/example_latest_only_with_trigger.py
[2024-04-05T06:05:13.775+0000] {processor.py:830} INFO - Processing file /home/airflow/.local/lib/python3.8/site-packages/airflow/example_dags/example_latest_only_with_trigger.py for tasks to queue
[2024-04-05T06:05:13.777+0000] {logging_mixin.py:188} INFO - [2024-04-05T06:05:13.776+0000] {dagbag.py:540} INFO - Filling up the DagBag from /home/airflow/.local/lib/python3.8/site-packages/airflow/example_dags/example_latest_only_with_trigger.py
[2024-04-05T06:05:13.791+0000] {processor.py:840} INFO - DAG(s) 'latest_only_with_trigger' retrieved from /home/airflow/.local/lib/python3.8/site-packages/airflow/example_dags/example_latest_only_with_trigger.py
[2024-04-05T06:05:13.834+0000] {logging_mixin.py:188} INFO - [2024-04-05T06:05:13.834+0000] {dag.py:3047} INFO - Sync 1 DAGs
[2024-04-05T06:05:13.870+0000] {logging_mixin.py:188} INFO - [2024-04-05T06:05:13.869+0000] {dag.py:3834} INFO - Setting next_dagrun for latest_only_with_trigger to 2024-04-05 00:00:00+00:00, run_after=2024-04-05 04:00:00+00:00
[2024-04-05T06:05:13.898+0000] {processor.py:183} INFO - Processing /home/airflow/.local/lib/python3.8/site-packages/airflow/example_dags/example_latest_only_with_trigger.py took 0.131 seconds
