[2024-04-05T05:40:37.610+0000] {processor.py:161} INFO - Started process (PID=60) to work on /home/airflow/.local/lib/python3.8/site-packages/airflow/example_dags/example_branch_python_dop_operator_3.py
[2024-04-05T05:40:37.623+0000] {processor.py:830} INFO - Processing file /home/airflow/.local/lib/python3.8/site-packages/airflow/example_dags/example_branch_python_dop_operator_3.py for tasks to queue
[2024-04-05T05:40:37.647+0000] {logging_mixin.py:188} INFO - [2024-04-05T05:40:37.646+0000] {dagbag.py:540} INFO - Filling up the DagBag from /home/airflow/.local/lib/python3.8/site-packages/airflow/example_dags/example_branch_python_dop_operator_3.py
[2024-04-05T05:40:37.846+0000] {processor.py:840} INFO - DAG(s) 'example_branch_dop_operator_v3' retrieved from /home/airflow/.local/lib/python3.8/site-packages/airflow/example_dags/example_branch_python_dop_operator_3.py
[2024-04-05T05:40:38.119+0000] {logging_mixin.py:188} INFO - [2024-04-05T05:40:38.118+0000] {dag.py:3047} INFO - Sync 1 DAGs
[2024-04-05T05:40:38.553+0000] {logging_mixin.py:188} INFO - [2024-04-05T05:40:38.552+0000] {dag.py:3834} INFO - Setting next_dagrun for example_branch_dop_operator_v3 to 2024-04-05 05:39:00+00:00, run_after=2024-04-05 05:40:00+00:00
[2024-04-05T05:40:38.686+0000] {processor.py:183} INFO - Processing /home/airflow/.local/lib/python3.8/site-packages/airflow/example_dags/example_branch_python_dop_operator_3.py took 1.131 seconds
[2024-04-05T05:41:27.440+0000] {processor.py:161} INFO - Started process (PID=117) to work on /home/airflow/.local/lib/python3.8/site-packages/airflow/example_dags/example_branch_python_dop_operator_3.py
[2024-04-05T05:41:27.443+0000] {processor.py:830} INFO - Processing file /home/airflow/.local/lib/python3.8/site-packages/airflow/example_dags/example_branch_python_dop_operator_3.py for tasks to queue
[2024-04-05T05:41:27.452+0000] {logging_mixin.py:188} INFO - [2024-04-05T05:41:27.449+0000] {dagbag.py:540} INFO - Filling up the DagBag from /home/airflow/.local/lib/python3.8/site-packages/airflow/example_dags/example_branch_python_dop_operator_3.py
[2024-04-05T05:41:27.518+0000] {processor.py:840} INFO - DAG(s) 'example_branch_dop_operator_v3' retrieved from /home/airflow/.local/lib/python3.8/site-packages/airflow/example_dags/example_branch_python_dop_operator_3.py
[2024-04-05T05:41:28.442+0000] {logging_mixin.py:188} INFO - [2024-04-05T05:41:28.441+0000] {dag.py:3047} INFO - Sync 1 DAGs
[2024-04-05T05:41:28.670+0000] {logging_mixin.py:188} INFO - [2024-04-05T05:41:28.669+0000] {dag.py:3834} INFO - Setting next_dagrun for example_branch_dop_operator_v3 to 2024-04-05 05:40:00+00:00, run_after=2024-04-05 05:41:00+00:00
[2024-04-05T05:41:28.932+0000] {processor.py:183} INFO - Processing /home/airflow/.local/lib/python3.8/site-packages/airflow/example_dags/example_branch_python_dop_operator_3.py took 1.507 seconds
[2024-04-05T05:41:59.996+0000] {processor.py:161} INFO - Started process (PID=174) to work on /home/airflow/.local/lib/python3.8/site-packages/airflow/example_dags/example_branch_python_dop_operator_3.py
[2024-04-05T05:41:59.999+0000] {processor.py:830} INFO - Processing file /home/airflow/.local/lib/python3.8/site-packages/airflow/example_dags/example_branch_python_dop_operator_3.py for tasks to queue
[2024-04-05T05:42:00.003+0000] {logging_mixin.py:188} INFO - [2024-04-05T05:42:00.002+0000] {dagbag.py:540} INFO - Filling up the DagBag from /home/airflow/.local/lib/python3.8/site-packages/airflow/example_dags/example_branch_python_dop_operator_3.py
[2024-04-05T05:42:00.049+0000] {processor.py:840} INFO - DAG(s) 'example_branch_dop_operator_v3' retrieved from /home/airflow/.local/lib/python3.8/site-packages/airflow/example_dags/example_branch_python_dop_operator_3.py
[2024-04-05T05:42:00.103+0000] {logging_mixin.py:188} INFO - [2024-04-05T05:42:00.102+0000] {dag.py:3047} INFO - Sync 1 DAGs
[2024-04-05T05:42:00.180+0000] {logging_mixin.py:188} INFO - [2024-04-05T05:42:00.180+0000] {dag.py:3834} INFO - Setting next_dagrun for example_branch_dop_operator_v3 to 2024-04-05 05:41:00+00:00, run_after=2024-04-05 05:42:00+00:00
[2024-04-05T05:42:00.217+0000] {processor.py:183} INFO - Processing /home/airflow/.local/lib/python3.8/site-packages/airflow/example_dags/example_branch_python_dop_operator_3.py took 0.230 seconds
[2024-04-05T05:42:30.362+0000] {processor.py:161} INFO - Started process (PID=231) to work on /home/airflow/.local/lib/python3.8/site-packages/airflow/example_dags/example_branch_python_dop_operator_3.py
[2024-04-05T05:42:30.364+0000] {processor.py:830} INFO - Processing file /home/airflow/.local/lib/python3.8/site-packages/airflow/example_dags/example_branch_python_dop_operator_3.py for tasks to queue
[2024-04-05T05:42:30.367+0000] {logging_mixin.py:188} INFO - [2024-04-05T05:42:30.367+0000] {dagbag.py:540} INFO - Filling up the DagBag from /home/airflow/.local/lib/python3.8/site-packages/airflow/example_dags/example_branch_python_dop_operator_3.py
[2024-04-05T05:42:30.391+0000] {processor.py:840} INFO - DAG(s) 'example_branch_dop_operator_v3' retrieved from /home/airflow/.local/lib/python3.8/site-packages/airflow/example_dags/example_branch_python_dop_operator_3.py
[2024-04-05T05:42:30.426+0000] {logging_mixin.py:188} INFO - [2024-04-05T05:42:30.426+0000] {dag.py:3047} INFO - Sync 1 DAGs
[2024-04-05T05:42:30.490+0000] {logging_mixin.py:188} INFO - [2024-04-05T05:42:30.490+0000] {dag.py:3834} INFO - Setting next_dagrun for example_branch_dop_operator_v3 to 2024-04-05 05:41:00+00:00, run_after=2024-04-05 05:42:00+00:00
[2024-04-05T05:42:30.530+0000] {processor.py:183} INFO - Processing /home/airflow/.local/lib/python3.8/site-packages/airflow/example_dags/example_branch_python_dop_operator_3.py took 0.174 seconds
[2024-04-05T05:43:01.133+0000] {processor.py:161} INFO - Started process (PID=291) to work on /home/airflow/.local/lib/python3.8/site-packages/airflow/example_dags/example_branch_python_dop_operator_3.py
[2024-04-05T05:43:01.135+0000] {processor.py:830} INFO - Processing file /home/airflow/.local/lib/python3.8/site-packages/airflow/example_dags/example_branch_python_dop_operator_3.py for tasks to queue
[2024-04-05T05:43:01.139+0000] {logging_mixin.py:188} INFO - [2024-04-05T05:43:01.138+0000] {dagbag.py:540} INFO - Filling up the DagBag from /home/airflow/.local/lib/python3.8/site-packages/airflow/example_dags/example_branch_python_dop_operator_3.py
[2024-04-05T05:43:01.155+0000] {processor.py:840} INFO - DAG(s) 'example_branch_dop_operator_v3' retrieved from /home/airflow/.local/lib/python3.8/site-packages/airflow/example_dags/example_branch_python_dop_operator_3.py
[2024-04-05T05:43:01.188+0000] {logging_mixin.py:188} INFO - [2024-04-05T05:43:01.188+0000] {dag.py:3047} INFO - Sync 1 DAGs
[2024-04-05T05:43:01.233+0000] {logging_mixin.py:188} INFO - [2024-04-05T05:43:01.233+0000] {dag.py:3834} INFO - Setting next_dagrun for example_branch_dop_operator_v3 to 2024-04-05 05:42:00+00:00, run_after=2024-04-05 05:43:00+00:00
[2024-04-05T05:43:01.265+0000] {processor.py:183} INFO - Processing /home/airflow/.local/lib/python3.8/site-packages/airflow/example_dags/example_branch_python_dop_operator_3.py took 0.138 seconds
[2024-04-05T05:43:31.462+0000] {processor.py:161} INFO - Started process (PID=348) to work on /home/airflow/.local/lib/python3.8/site-packages/airflow/example_dags/example_branch_python_dop_operator_3.py
[2024-04-05T05:43:31.465+0000] {processor.py:830} INFO - Processing file /home/airflow/.local/lib/python3.8/site-packages/airflow/example_dags/example_branch_python_dop_operator_3.py for tasks to queue
[2024-04-05T05:43:31.469+0000] {logging_mixin.py:188} INFO - [2024-04-05T05:43:31.468+0000] {dagbag.py:540} INFO - Filling up the DagBag from /home/airflow/.local/lib/python3.8/site-packages/airflow/example_dags/example_branch_python_dop_operator_3.py
[2024-04-05T05:43:31.497+0000] {processor.py:840} INFO - DAG(s) 'example_branch_dop_operator_v3' retrieved from /home/airflow/.local/lib/python3.8/site-packages/airflow/example_dags/example_branch_python_dop_operator_3.py
[2024-04-05T05:43:31.546+0000] {logging_mixin.py:188} INFO - [2024-04-05T05:43:31.545+0000] {dag.py:3047} INFO - Sync 1 DAGs
[2024-04-05T05:43:31.603+0000] {logging_mixin.py:188} INFO - [2024-04-05T05:43:31.602+0000] {dag.py:3834} INFO - Setting next_dagrun for example_branch_dop_operator_v3 to 2024-04-05 05:42:00+00:00, run_after=2024-04-05 05:43:00+00:00
[2024-04-05T05:43:31.645+0000] {processor.py:183} INFO - Processing /home/airflow/.local/lib/python3.8/site-packages/airflow/example_dags/example_branch_python_dop_operator_3.py took 0.192 seconds
[2024-04-05T05:44:02.479+0000] {processor.py:161} INFO - Started process (PID=405) to work on /home/airflow/.local/lib/python3.8/site-packages/airflow/example_dags/example_branch_python_dop_operator_3.py
[2024-04-05T05:44:02.481+0000] {processor.py:830} INFO - Processing file /home/airflow/.local/lib/python3.8/site-packages/airflow/example_dags/example_branch_python_dop_operator_3.py for tasks to queue
[2024-04-05T05:44:02.486+0000] {logging_mixin.py:188} INFO - [2024-04-05T05:44:02.485+0000] {dagbag.py:540} INFO - Filling up the DagBag from /home/airflow/.local/lib/python3.8/site-packages/airflow/example_dags/example_branch_python_dop_operator_3.py
[2024-04-05T05:44:02.504+0000] {processor.py:840} INFO - DAG(s) 'example_branch_dop_operator_v3' retrieved from /home/airflow/.local/lib/python3.8/site-packages/airflow/example_dags/example_branch_python_dop_operator_3.py
[2024-04-05T05:44:02.541+0000] {logging_mixin.py:188} INFO - [2024-04-05T05:44:02.541+0000] {dag.py:3047} INFO - Sync 1 DAGs
[2024-04-05T05:44:02.602+0000] {logging_mixin.py:188} INFO - [2024-04-05T05:44:02.602+0000] {dag.py:3834} INFO - Setting next_dagrun for example_branch_dop_operator_v3 to 2024-04-05 05:43:00+00:00, run_after=2024-04-05 05:44:00+00:00
[2024-04-05T05:44:02.641+0000] {processor.py:183} INFO - Processing /home/airflow/.local/lib/python3.8/site-packages/airflow/example_dags/example_branch_python_dop_operator_3.py took 0.169 seconds
[2024-04-05T05:44:33.313+0000] {processor.py:161} INFO - Started process (PID=462) to work on /home/airflow/.local/lib/python3.8/site-packages/airflow/example_dags/example_branch_python_dop_operator_3.py
[2024-04-05T05:44:33.323+0000] {processor.py:830} INFO - Processing file /home/airflow/.local/lib/python3.8/site-packages/airflow/example_dags/example_branch_python_dop_operator_3.py for tasks to queue
[2024-04-05T05:44:33.327+0000] {logging_mixin.py:188} INFO - [2024-04-05T05:44:33.326+0000] {dagbag.py:540} INFO - Filling up the DagBag from /home/airflow/.local/lib/python3.8/site-packages/airflow/example_dags/example_branch_python_dop_operator_3.py
[2024-04-05T05:44:33.382+0000] {processor.py:840} INFO - DAG(s) 'example_branch_dop_operator_v3' retrieved from /home/airflow/.local/lib/python3.8/site-packages/airflow/example_dags/example_branch_python_dop_operator_3.py
[2024-04-05T05:44:33.550+0000] {logging_mixin.py:188} INFO - [2024-04-05T05:44:33.549+0000] {dag.py:3047} INFO - Sync 1 DAGs
[2024-04-05T05:44:33.853+0000] {logging_mixin.py:188} INFO - [2024-04-05T05:44:33.852+0000] {dag.py:3834} INFO - Setting next_dagrun for example_branch_dop_operator_v3 to 2024-04-05 05:43:00+00:00, run_after=2024-04-05 05:44:00+00:00
[2024-04-05T05:44:33.985+0000] {processor.py:183} INFO - Processing /home/airflow/.local/lib/python3.8/site-packages/airflow/example_dags/example_branch_python_dop_operator_3.py took 0.681 seconds
[2024-04-05T05:45:04.774+0000] {processor.py:161} INFO - Started process (PID=519) to work on /home/airflow/.local/lib/python3.8/site-packages/airflow/example_dags/example_branch_python_dop_operator_3.py
[2024-04-05T05:45:04.778+0000] {processor.py:830} INFO - Processing file /home/airflow/.local/lib/python3.8/site-packages/airflow/example_dags/example_branch_python_dop_operator_3.py for tasks to queue
[2024-04-05T05:45:04.781+0000] {logging_mixin.py:188} INFO - [2024-04-05T05:45:04.780+0000] {dagbag.py:540} INFO - Filling up the DagBag from /home/airflow/.local/lib/python3.8/site-packages/airflow/example_dags/example_branch_python_dop_operator_3.py
[2024-04-05T05:45:04.814+0000] {processor.py:840} INFO - DAG(s) 'example_branch_dop_operator_v3' retrieved from /home/airflow/.local/lib/python3.8/site-packages/airflow/example_dags/example_branch_python_dop_operator_3.py
[2024-04-05T05:45:04.874+0000] {logging_mixin.py:188} INFO - [2024-04-05T05:45:04.874+0000] {dag.py:3047} INFO - Sync 1 DAGs
[2024-04-05T05:45:04.948+0000] {logging_mixin.py:188} INFO - [2024-04-05T05:45:04.947+0000] {dag.py:3834} INFO - Setting next_dagrun for example_branch_dop_operator_v3 to 2024-04-05 05:44:00+00:00, run_after=2024-04-05 05:45:00+00:00
[2024-04-05T05:45:04.995+0000] {processor.py:183} INFO - Processing /home/airflow/.local/lib/python3.8/site-packages/airflow/example_dags/example_branch_python_dop_operator_3.py took 0.228 seconds
[2024-04-05T05:45:35.393+0000] {processor.py:161} INFO - Started process (PID=576) to work on /home/airflow/.local/lib/python3.8/site-packages/airflow/example_dags/example_branch_python_dop_operator_3.py
[2024-04-05T05:45:35.395+0000] {processor.py:830} INFO - Processing file /home/airflow/.local/lib/python3.8/site-packages/airflow/example_dags/example_branch_python_dop_operator_3.py for tasks to queue
[2024-04-05T05:45:35.398+0000] {logging_mixin.py:188} INFO - [2024-04-05T05:45:35.397+0000] {dagbag.py:540} INFO - Filling up the DagBag from /home/airflow/.local/lib/python3.8/site-packages/airflow/example_dags/example_branch_python_dop_operator_3.py
[2024-04-05T05:45:35.427+0000] {processor.py:840} INFO - DAG(s) 'example_branch_dop_operator_v3' retrieved from /home/airflow/.local/lib/python3.8/site-packages/airflow/example_dags/example_branch_python_dop_operator_3.py
[2024-04-05T05:45:35.470+0000] {logging_mixin.py:188} INFO - [2024-04-05T05:45:35.470+0000] {dag.py:3047} INFO - Sync 1 DAGs
[2024-04-05T05:45:35.547+0000] {logging_mixin.py:188} INFO - [2024-04-05T05:45:35.547+0000] {dag.py:3834} INFO - Setting next_dagrun for example_branch_dop_operator_v3 to 2024-04-05 05:44:00+00:00, run_after=2024-04-05 05:45:00+00:00
[2024-04-05T05:45:35.610+0000] {processor.py:183} INFO - Processing /home/airflow/.local/lib/python3.8/site-packages/airflow/example_dags/example_branch_python_dop_operator_3.py took 0.226 seconds
[2024-04-05T05:46:06.083+0000] {processor.py:161} INFO - Started process (PID=633) to work on /home/airflow/.local/lib/python3.8/site-packages/airflow/example_dags/example_branch_python_dop_operator_3.py
[2024-04-05T05:46:06.086+0000] {processor.py:830} INFO - Processing file /home/airflow/.local/lib/python3.8/site-packages/airflow/example_dags/example_branch_python_dop_operator_3.py for tasks to queue
[2024-04-05T05:46:06.089+0000] {logging_mixin.py:188} INFO - [2024-04-05T05:46:06.088+0000] {dagbag.py:540} INFO - Filling up the DagBag from /home/airflow/.local/lib/python3.8/site-packages/airflow/example_dags/example_branch_python_dop_operator_3.py
[2024-04-05T05:46:06.126+0000] {processor.py:840} INFO - DAG(s) 'example_branch_dop_operator_v3' retrieved from /home/airflow/.local/lib/python3.8/site-packages/airflow/example_dags/example_branch_python_dop_operator_3.py
[2024-04-05T05:46:06.215+0000] {logging_mixin.py:188} INFO - [2024-04-05T05:46:06.214+0000] {dag.py:3047} INFO - Sync 1 DAGs
[2024-04-05T05:46:06.312+0000] {logging_mixin.py:188} INFO - [2024-04-05T05:46:06.311+0000] {dag.py:3834} INFO - Setting next_dagrun for example_branch_dop_operator_v3 to 2024-04-05 05:45:00+00:00, run_after=2024-04-05 05:46:00+00:00
[2024-04-05T05:46:06.366+0000] {processor.py:183} INFO - Processing /home/airflow/.local/lib/python3.8/site-packages/airflow/example_dags/example_branch_python_dop_operator_3.py took 0.296 seconds
[2024-04-05T05:46:36.533+0000] {processor.py:161} INFO - Started process (PID=690) to work on /home/airflow/.local/lib/python3.8/site-packages/airflow/example_dags/example_branch_python_dop_operator_3.py
[2024-04-05T05:46:36.536+0000] {processor.py:830} INFO - Processing file /home/airflow/.local/lib/python3.8/site-packages/airflow/example_dags/example_branch_python_dop_operator_3.py for tasks to queue
[2024-04-05T05:46:36.539+0000] {logging_mixin.py:188} INFO - [2024-04-05T05:46:36.538+0000] {dagbag.py:540} INFO - Filling up the DagBag from /home/airflow/.local/lib/python3.8/site-packages/airflow/example_dags/example_branch_python_dop_operator_3.py
[2024-04-05T05:46:36.559+0000] {processor.py:840} INFO - DAG(s) 'example_branch_dop_operator_v3' retrieved from /home/airflow/.local/lib/python3.8/site-packages/airflow/example_dags/example_branch_python_dop_operator_3.py
[2024-04-05T05:46:36.602+0000] {logging_mixin.py:188} INFO - [2024-04-05T05:46:36.602+0000] {dag.py:3047} INFO - Sync 1 DAGs
[2024-04-05T05:46:36.656+0000] {logging_mixin.py:188} INFO - [2024-04-05T05:46:36.656+0000] {dag.py:3834} INFO - Setting next_dagrun for example_branch_dop_operator_v3 to 2024-04-05 05:45:00+00:00, run_after=2024-04-05 05:46:00+00:00
[2024-04-05T05:46:36.695+0000] {processor.py:183} INFO - Processing /home/airflow/.local/lib/python3.8/site-packages/airflow/example_dags/example_branch_python_dop_operator_3.py took 0.176 seconds
[2024-04-05T05:47:07.204+0000] {processor.py:161} INFO - Started process (PID=751) to work on /home/airflow/.local/lib/python3.8/site-packages/airflow/example_dags/example_branch_python_dop_operator_3.py
[2024-04-05T05:47:07.207+0000] {processor.py:830} INFO - Processing file /home/airflow/.local/lib/python3.8/site-packages/airflow/example_dags/example_branch_python_dop_operator_3.py for tasks to queue
[2024-04-05T05:47:07.209+0000] {logging_mixin.py:188} INFO - [2024-04-05T05:47:07.209+0000] {dagbag.py:540} INFO - Filling up the DagBag from /home/airflow/.local/lib/python3.8/site-packages/airflow/example_dags/example_branch_python_dop_operator_3.py
[2024-04-05T05:47:07.241+0000] {processor.py:840} INFO - DAG(s) 'example_branch_dop_operator_v3' retrieved from /home/airflow/.local/lib/python3.8/site-packages/airflow/example_dags/example_branch_python_dop_operator_3.py
[2024-04-05T05:47:07.304+0000] {logging_mixin.py:188} INFO - [2024-04-05T05:47:07.303+0000] {dag.py:3047} INFO - Sync 1 DAGs
[2024-04-05T05:47:07.395+0000] {logging_mixin.py:188} INFO - [2024-04-05T05:47:07.395+0000] {dag.py:3834} INFO - Setting next_dagrun for example_branch_dop_operator_v3 to 2024-04-05 05:46:00+00:00, run_after=2024-04-05 05:47:00+00:00
[2024-04-05T05:47:07.449+0000] {processor.py:183} INFO - Processing /home/airflow/.local/lib/python3.8/site-packages/airflow/example_dags/example_branch_python_dop_operator_3.py took 0.254 seconds
[2024-04-05T05:47:37.994+0000] {processor.py:161} INFO - Started process (PID=809) to work on /home/airflow/.local/lib/python3.8/site-packages/airflow/example_dags/example_branch_python_dop_operator_3.py
[2024-04-05T05:47:37.999+0000] {processor.py:830} INFO - Processing file /home/airflow/.local/lib/python3.8/site-packages/airflow/example_dags/example_branch_python_dop_operator_3.py for tasks to queue
[2024-04-05T05:47:38.004+0000] {logging_mixin.py:188} INFO - [2024-04-05T05:47:38.002+0000] {dagbag.py:540} INFO - Filling up the DagBag from /home/airflow/.local/lib/python3.8/site-packages/airflow/example_dags/example_branch_python_dop_operator_3.py
[2024-04-05T05:47:38.031+0000] {processor.py:840} INFO - DAG(s) 'example_branch_dop_operator_v3' retrieved from /home/airflow/.local/lib/python3.8/site-packages/airflow/example_dags/example_branch_python_dop_operator_3.py
[2024-04-05T05:47:38.077+0000] {logging_mixin.py:188} INFO - [2024-04-05T05:47:38.075+0000] {dag.py:3047} INFO - Sync 1 DAGs
[2024-04-05T05:47:38.158+0000] {logging_mixin.py:188} INFO - [2024-04-05T05:47:38.158+0000] {dag.py:3834} INFO - Setting next_dagrun for example_branch_dop_operator_v3 to 2024-04-05 05:46:00+00:00, run_after=2024-04-05 05:47:00+00:00
[2024-04-05T05:47:38.218+0000] {processor.py:183} INFO - Processing /home/airflow/.local/lib/python3.8/site-packages/airflow/example_dags/example_branch_python_dop_operator_3.py took 0.236 seconds
[2024-04-05T05:48:09.007+0000] {processor.py:161} INFO - Started process (PID=870) to work on /home/airflow/.local/lib/python3.8/site-packages/airflow/example_dags/example_branch_python_dop_operator_3.py
[2024-04-05T05:48:09.012+0000] {processor.py:830} INFO - Processing file /home/airflow/.local/lib/python3.8/site-packages/airflow/example_dags/example_branch_python_dop_operator_3.py for tasks to queue
[2024-04-05T05:48:09.014+0000] {logging_mixin.py:188} INFO - [2024-04-05T05:48:09.013+0000] {dagbag.py:540} INFO - Filling up the DagBag from /home/airflow/.local/lib/python3.8/site-packages/airflow/example_dags/example_branch_python_dop_operator_3.py
[2024-04-05T05:48:09.049+0000] {processor.py:840} INFO - DAG(s) 'example_branch_dop_operator_v3' retrieved from /home/airflow/.local/lib/python3.8/site-packages/airflow/example_dags/example_branch_python_dop_operator_3.py
[2024-04-05T05:48:09.105+0000] {logging_mixin.py:188} INFO - [2024-04-05T05:48:09.104+0000] {dag.py:3047} INFO - Sync 1 DAGs
[2024-04-05T05:48:09.188+0000] {logging_mixin.py:188} INFO - [2024-04-05T05:48:09.187+0000] {dag.py:3834} INFO - Setting next_dagrun for example_branch_dop_operator_v3 to 2024-04-05 05:47:00+00:00, run_after=2024-04-05 05:48:00+00:00
[2024-04-05T05:48:09.237+0000] {processor.py:183} INFO - Processing /home/airflow/.local/lib/python3.8/site-packages/airflow/example_dags/example_branch_python_dop_operator_3.py took 0.245 seconds
[2024-04-05T05:48:39.617+0000] {processor.py:161} INFO - Started process (PID=927) to work on /home/airflow/.local/lib/python3.8/site-packages/airflow/example_dags/example_branch_python_dop_operator_3.py
[2024-04-05T05:48:39.620+0000] {processor.py:830} INFO - Processing file /home/airflow/.local/lib/python3.8/site-packages/airflow/example_dags/example_branch_python_dop_operator_3.py for tasks to queue
[2024-04-05T05:48:39.623+0000] {logging_mixin.py:188} INFO - [2024-04-05T05:48:39.622+0000] {dagbag.py:540} INFO - Filling up the DagBag from /home/airflow/.local/lib/python3.8/site-packages/airflow/example_dags/example_branch_python_dop_operator_3.py
[2024-04-05T05:48:39.652+0000] {processor.py:840} INFO - DAG(s) 'example_branch_dop_operator_v3' retrieved from /home/airflow/.local/lib/python3.8/site-packages/airflow/example_dags/example_branch_python_dop_operator_3.py
[2024-04-05T05:48:39.714+0000] {logging_mixin.py:188} INFO - [2024-04-05T05:48:39.714+0000] {dag.py:3047} INFO - Sync 1 DAGs
[2024-04-05T05:48:39.798+0000] {logging_mixin.py:188} INFO - [2024-04-05T05:48:39.797+0000] {dag.py:3834} INFO - Setting next_dagrun for example_branch_dop_operator_v3 to 2024-04-05 05:47:00+00:00, run_after=2024-04-05 05:48:00+00:00
[2024-04-05T05:48:39.850+0000] {processor.py:183} INFO - Processing /home/airflow/.local/lib/python3.8/site-packages/airflow/example_dags/example_branch_python_dop_operator_3.py took 0.242 seconds
[2024-04-05T05:49:10.434+0000] {processor.py:161} INFO - Started process (PID=984) to work on /home/airflow/.local/lib/python3.8/site-packages/airflow/example_dags/example_branch_python_dop_operator_3.py
[2024-04-05T05:49:10.436+0000] {processor.py:830} INFO - Processing file /home/airflow/.local/lib/python3.8/site-packages/airflow/example_dags/example_branch_python_dop_operator_3.py for tasks to queue
[2024-04-05T05:49:10.438+0000] {logging_mixin.py:188} INFO - [2024-04-05T05:49:10.437+0000] {dagbag.py:540} INFO - Filling up the DagBag from /home/airflow/.local/lib/python3.8/site-packages/airflow/example_dags/example_branch_python_dop_operator_3.py
[2024-04-05T05:49:10.458+0000] {processor.py:840} INFO - DAG(s) 'example_branch_dop_operator_v3' retrieved from /home/airflow/.local/lib/python3.8/site-packages/airflow/example_dags/example_branch_python_dop_operator_3.py
[2024-04-05T05:49:10.499+0000] {logging_mixin.py:188} INFO - [2024-04-05T05:49:10.499+0000] {dag.py:3047} INFO - Sync 1 DAGs
[2024-04-05T05:49:10.568+0000] {logging_mixin.py:188} INFO - [2024-04-05T05:49:10.568+0000] {dag.py:3834} INFO - Setting next_dagrun for example_branch_dop_operator_v3 to 2024-04-05 05:48:00+00:00, run_after=2024-04-05 05:49:00+00:00
[2024-04-05T05:49:10.619+0000] {processor.py:183} INFO - Processing /home/airflow/.local/lib/python3.8/site-packages/airflow/example_dags/example_branch_python_dop_operator_3.py took 0.195 seconds
[2024-04-05T05:49:40.935+0000] {processor.py:161} INFO - Started process (PID=1041) to work on /home/airflow/.local/lib/python3.8/site-packages/airflow/example_dags/example_branch_python_dop_operator_3.py
[2024-04-05T05:49:40.937+0000] {processor.py:830} INFO - Processing file /home/airflow/.local/lib/python3.8/site-packages/airflow/example_dags/example_branch_python_dop_operator_3.py for tasks to queue
[2024-04-05T05:49:40.939+0000] {logging_mixin.py:188} INFO - [2024-04-05T05:49:40.938+0000] {dagbag.py:540} INFO - Filling up the DagBag from /home/airflow/.local/lib/python3.8/site-packages/airflow/example_dags/example_branch_python_dop_operator_3.py
[2024-04-05T05:49:40.969+0000] {processor.py:840} INFO - DAG(s) 'example_branch_dop_operator_v3' retrieved from /home/airflow/.local/lib/python3.8/site-packages/airflow/example_dags/example_branch_python_dop_operator_3.py
[2024-04-05T05:49:41.040+0000] {logging_mixin.py:188} INFO - [2024-04-05T05:49:41.040+0000] {dag.py:3047} INFO - Sync 1 DAGs
[2024-04-05T05:49:41.159+0000] {logging_mixin.py:188} INFO - [2024-04-05T05:49:41.158+0000] {dag.py:3834} INFO - Setting next_dagrun for example_branch_dop_operator_v3 to 2024-04-05 05:48:00+00:00, run_after=2024-04-05 05:49:00+00:00
[2024-04-05T05:49:41.233+0000] {processor.py:183} INFO - Processing /home/airflow/.local/lib/python3.8/site-packages/airflow/example_dags/example_branch_python_dop_operator_3.py took 0.309 seconds
[2024-04-05T05:50:11.348+0000] {processor.py:161} INFO - Started process (PID=1098) to work on /home/airflow/.local/lib/python3.8/site-packages/airflow/example_dags/example_branch_python_dop_operator_3.py
[2024-04-05T05:50:11.356+0000] {processor.py:830} INFO - Processing file /home/airflow/.local/lib/python3.8/site-packages/airflow/example_dags/example_branch_python_dop_operator_3.py for tasks to queue
[2024-04-05T05:50:11.360+0000] {logging_mixin.py:188} INFO - [2024-04-05T05:50:11.358+0000] {dagbag.py:540} INFO - Filling up the DagBag from /home/airflow/.local/lib/python3.8/site-packages/airflow/example_dags/example_branch_python_dop_operator_3.py
[2024-04-05T05:50:11.406+0000] {processor.py:840} INFO - DAG(s) 'example_branch_dop_operator_v3' retrieved from /home/airflow/.local/lib/python3.8/site-packages/airflow/example_dags/example_branch_python_dop_operator_3.py
[2024-04-05T05:50:11.486+0000] {logging_mixin.py:188} INFO - [2024-04-05T05:50:11.485+0000] {dag.py:3047} INFO - Sync 1 DAGs
[2024-04-05T05:50:11.607+0000] {logging_mixin.py:188} INFO - [2024-04-05T05:50:11.605+0000] {dag.py:3834} INFO - Setting next_dagrun for example_branch_dop_operator_v3 to 2024-04-05 05:49:00+00:00, run_after=2024-04-05 05:50:00+00:00
[2024-04-05T05:50:11.672+0000] {processor.py:183} INFO - Processing /home/airflow/.local/lib/python3.8/site-packages/airflow/example_dags/example_branch_python_dop_operator_3.py took 0.334 seconds
[2024-04-05T05:50:41.812+0000] {processor.py:161} INFO - Started process (PID=1155) to work on /home/airflow/.local/lib/python3.8/site-packages/airflow/example_dags/example_branch_python_dop_operator_3.py
[2024-04-05T05:50:41.814+0000] {processor.py:830} INFO - Processing file /home/airflow/.local/lib/python3.8/site-packages/airflow/example_dags/example_branch_python_dop_operator_3.py for tasks to queue
[2024-04-05T05:50:41.816+0000] {logging_mixin.py:188} INFO - [2024-04-05T05:50:41.815+0000] {dagbag.py:540} INFO - Filling up the DagBag from /home/airflow/.local/lib/python3.8/site-packages/airflow/example_dags/example_branch_python_dop_operator_3.py
[2024-04-05T05:50:41.832+0000] {processor.py:840} INFO - DAG(s) 'example_branch_dop_operator_v3' retrieved from /home/airflow/.local/lib/python3.8/site-packages/airflow/example_dags/example_branch_python_dop_operator_3.py
[2024-04-05T05:50:41.873+0000] {logging_mixin.py:188} INFO - [2024-04-05T05:50:41.873+0000] {dag.py:3047} INFO - Sync 1 DAGs
[2024-04-05T05:50:41.927+0000] {logging_mixin.py:188} INFO - [2024-04-05T05:50:41.927+0000] {dag.py:3834} INFO - Setting next_dagrun for example_branch_dop_operator_v3 to 2024-04-05 05:49:00+00:00, run_after=2024-04-05 05:50:00+00:00
[2024-04-05T05:50:41.981+0000] {processor.py:183} INFO - Processing /home/airflow/.local/lib/python3.8/site-packages/airflow/example_dags/example_branch_python_dop_operator_3.py took 0.175 seconds
[2024-04-05T05:51:12.616+0000] {processor.py:161} INFO - Started process (PID=1212) to work on /home/airflow/.local/lib/python3.8/site-packages/airflow/example_dags/example_branch_python_dop_operator_3.py
[2024-04-05T05:51:12.618+0000] {processor.py:830} INFO - Processing file /home/airflow/.local/lib/python3.8/site-packages/airflow/example_dags/example_branch_python_dop_operator_3.py for tasks to queue
[2024-04-05T05:51:12.621+0000] {logging_mixin.py:188} INFO - [2024-04-05T05:51:12.620+0000] {dagbag.py:540} INFO - Filling up the DagBag from /home/airflow/.local/lib/python3.8/site-packages/airflow/example_dags/example_branch_python_dop_operator_3.py
[2024-04-05T05:51:12.640+0000] {processor.py:840} INFO - DAG(s) 'example_branch_dop_operator_v3' retrieved from /home/airflow/.local/lib/python3.8/site-packages/airflow/example_dags/example_branch_python_dop_operator_3.py
[2024-04-05T05:51:12.698+0000] {logging_mixin.py:188} INFO - [2024-04-05T05:51:12.697+0000] {dag.py:3047} INFO - Sync 1 DAGs
[2024-04-05T05:51:12.761+0000] {logging_mixin.py:188} INFO - [2024-04-05T05:51:12.761+0000] {dag.py:3834} INFO - Setting next_dagrun for example_branch_dop_operator_v3 to 2024-04-05 05:50:00+00:00, run_after=2024-04-05 05:51:00+00:00
[2024-04-05T05:51:12.814+0000] {processor.py:183} INFO - Processing /home/airflow/.local/lib/python3.8/site-packages/airflow/example_dags/example_branch_python_dop_operator_3.py took 0.204 seconds
[2024-04-05T05:51:43.048+0000] {processor.py:161} INFO - Started process (PID=1269) to work on /home/airflow/.local/lib/python3.8/site-packages/airflow/example_dags/example_branch_python_dop_operator_3.py
[2024-04-05T05:51:43.051+0000] {processor.py:830} INFO - Processing file /home/airflow/.local/lib/python3.8/site-packages/airflow/example_dags/example_branch_python_dop_operator_3.py for tasks to queue
[2024-04-05T05:51:43.054+0000] {logging_mixin.py:188} INFO - [2024-04-05T05:51:43.053+0000] {dagbag.py:540} INFO - Filling up the DagBag from /home/airflow/.local/lib/python3.8/site-packages/airflow/example_dags/example_branch_python_dop_operator_3.py
[2024-04-05T05:51:43.084+0000] {processor.py:840} INFO - DAG(s) 'example_branch_dop_operator_v3' retrieved from /home/airflow/.local/lib/python3.8/site-packages/airflow/example_dags/example_branch_python_dop_operator_3.py
[2024-04-05T05:51:43.136+0000] {logging_mixin.py:188} INFO - [2024-04-05T05:51:43.136+0000] {dag.py:3047} INFO - Sync 1 DAGs
[2024-04-05T05:51:43.231+0000] {logging_mixin.py:188} INFO - [2024-04-05T05:51:43.231+0000] {dag.py:3834} INFO - Setting next_dagrun for example_branch_dop_operator_v3 to 2024-04-05 05:50:00+00:00, run_after=2024-04-05 05:51:00+00:00
[2024-04-05T05:51:43.280+0000] {processor.py:183} INFO - Processing /home/airflow/.local/lib/python3.8/site-packages/airflow/example_dags/example_branch_python_dop_operator_3.py took 0.244 seconds
[2024-04-05T05:52:13.706+0000] {processor.py:161} INFO - Started process (PID=1325) to work on /home/airflow/.local/lib/python3.8/site-packages/airflow/example_dags/example_branch_python_dop_operator_3.py
[2024-04-05T05:52:13.709+0000] {processor.py:830} INFO - Processing file /home/airflow/.local/lib/python3.8/site-packages/airflow/example_dags/example_branch_python_dop_operator_3.py for tasks to queue
[2024-04-05T05:52:13.712+0000] {logging_mixin.py:188} INFO - [2024-04-05T05:52:13.711+0000] {dagbag.py:540} INFO - Filling up the DagBag from /home/airflow/.local/lib/python3.8/site-packages/airflow/example_dags/example_branch_python_dop_operator_3.py
[2024-04-05T05:52:13.747+0000] {processor.py:840} INFO - DAG(s) 'example_branch_dop_operator_v3' retrieved from /home/airflow/.local/lib/python3.8/site-packages/airflow/example_dags/example_branch_python_dop_operator_3.py
[2024-04-05T05:52:13.815+0000] {logging_mixin.py:188} INFO - [2024-04-05T05:52:13.814+0000] {dag.py:3047} INFO - Sync 1 DAGs
[2024-04-05T05:52:13.894+0000] {logging_mixin.py:188} INFO - [2024-04-05T05:52:13.894+0000] {dag.py:3834} INFO - Setting next_dagrun for example_branch_dop_operator_v3 to 2024-04-05 05:51:00+00:00, run_after=2024-04-05 05:52:00+00:00
[2024-04-05T05:52:13.944+0000] {processor.py:183} INFO - Processing /home/airflow/.local/lib/python3.8/site-packages/airflow/example_dags/example_branch_python_dop_operator_3.py took 0.245 seconds
[2024-04-05T05:52:44.117+0000] {processor.py:161} INFO - Started process (PID=1382) to work on /home/airflow/.local/lib/python3.8/site-packages/airflow/example_dags/example_branch_python_dop_operator_3.py
[2024-04-05T05:52:44.121+0000] {processor.py:830} INFO - Processing file /home/airflow/.local/lib/python3.8/site-packages/airflow/example_dags/example_branch_python_dop_operator_3.py for tasks to queue
[2024-04-05T05:52:44.126+0000] {logging_mixin.py:188} INFO - [2024-04-05T05:52:44.124+0000] {dagbag.py:540} INFO - Filling up the DagBag from /home/airflow/.local/lib/python3.8/site-packages/airflow/example_dags/example_branch_python_dop_operator_3.py
[2024-04-05T05:52:44.171+0000] {processor.py:840} INFO - DAG(s) 'example_branch_dop_operator_v3' retrieved from /home/airflow/.local/lib/python3.8/site-packages/airflow/example_dags/example_branch_python_dop_operator_3.py
[2024-04-05T05:52:44.257+0000] {logging_mixin.py:188} INFO - [2024-04-05T05:52:44.256+0000] {dag.py:3047} INFO - Sync 1 DAGs
[2024-04-05T05:52:44.357+0000] {logging_mixin.py:188} INFO - [2024-04-05T05:52:44.357+0000] {dag.py:3834} INFO - Setting next_dagrun for example_branch_dop_operator_v3 to 2024-04-05 05:51:00+00:00, run_after=2024-04-05 05:52:00+00:00
[2024-04-05T05:52:44.407+0000] {processor.py:183} INFO - Processing /home/airflow/.local/lib/python3.8/site-packages/airflow/example_dags/example_branch_python_dop_operator_3.py took 0.312 seconds
[2024-04-05T05:53:14.742+0000] {processor.py:161} INFO - Started process (PID=1439) to work on /home/airflow/.local/lib/python3.8/site-packages/airflow/example_dags/example_branch_python_dop_operator_3.py
[2024-04-05T05:53:14.745+0000] {processor.py:830} INFO - Processing file /home/airflow/.local/lib/python3.8/site-packages/airflow/example_dags/example_branch_python_dop_operator_3.py for tasks to queue
[2024-04-05T05:53:14.747+0000] {logging_mixin.py:188} INFO - [2024-04-05T05:53:14.746+0000] {dagbag.py:540} INFO - Filling up the DagBag from /home/airflow/.local/lib/python3.8/site-packages/airflow/example_dags/example_branch_python_dop_operator_3.py
[2024-04-05T05:53:14.772+0000] {processor.py:840} INFO - DAG(s) 'example_branch_dop_operator_v3' retrieved from /home/airflow/.local/lib/python3.8/site-packages/airflow/example_dags/example_branch_python_dop_operator_3.py
[2024-04-05T05:53:14.824+0000] {logging_mixin.py:188} INFO - [2024-04-05T05:53:14.823+0000] {dag.py:3047} INFO - Sync 1 DAGs
[2024-04-05T05:53:14.926+0000] {logging_mixin.py:188} INFO - [2024-04-05T05:53:14.925+0000] {dag.py:3834} INFO - Setting next_dagrun for example_branch_dop_operator_v3 to 2024-04-05 05:52:00+00:00, run_after=2024-04-05 05:53:00+00:00
[2024-04-05T05:53:14.970+0000] {processor.py:183} INFO - Processing /home/airflow/.local/lib/python3.8/site-packages/airflow/example_dags/example_branch_python_dop_operator_3.py took 0.234 seconds
[2024-04-05T05:53:45.611+0000] {processor.py:161} INFO - Started process (PID=1496) to work on /home/airflow/.local/lib/python3.8/site-packages/airflow/example_dags/example_branch_python_dop_operator_3.py
[2024-04-05T05:53:45.613+0000] {processor.py:830} INFO - Processing file /home/airflow/.local/lib/python3.8/site-packages/airflow/example_dags/example_branch_python_dop_operator_3.py for tasks to queue
[2024-04-05T05:53:45.616+0000] {logging_mixin.py:188} INFO - [2024-04-05T05:53:45.615+0000] {dagbag.py:540} INFO - Filling up the DagBag from /home/airflow/.local/lib/python3.8/site-packages/airflow/example_dags/example_branch_python_dop_operator_3.py
[2024-04-05T05:53:45.642+0000] {processor.py:840} INFO - DAG(s) 'example_branch_dop_operator_v3' retrieved from /home/airflow/.local/lib/python3.8/site-packages/airflow/example_dags/example_branch_python_dop_operator_3.py
[2024-04-05T05:53:45.690+0000] {logging_mixin.py:188} INFO - [2024-04-05T05:53:45.690+0000] {dag.py:3047} INFO - Sync 1 DAGs
[2024-04-05T05:53:45.747+0000] {logging_mixin.py:188} INFO - [2024-04-05T05:53:45.747+0000] {dag.py:3834} INFO - Setting next_dagrun for example_branch_dop_operator_v3 to 2024-04-05 05:52:00+00:00, run_after=2024-04-05 05:53:00+00:00
[2024-04-05T05:53:45.776+0000] {processor.py:183} INFO - Processing /home/airflow/.local/lib/python3.8/site-packages/airflow/example_dags/example_branch_python_dop_operator_3.py took 0.172 seconds
[2024-04-05T05:54:16.377+0000] {processor.py:161} INFO - Started process (PID=1553) to work on /home/airflow/.local/lib/python3.8/site-packages/airflow/example_dags/example_branch_python_dop_operator_3.py
[2024-04-05T05:54:16.379+0000] {processor.py:830} INFO - Processing file /home/airflow/.local/lib/python3.8/site-packages/airflow/example_dags/example_branch_python_dop_operator_3.py for tasks to queue
[2024-04-05T05:54:16.385+0000] {logging_mixin.py:188} INFO - [2024-04-05T05:54:16.382+0000] {dagbag.py:540} INFO - Filling up the DagBag from /home/airflow/.local/lib/python3.8/site-packages/airflow/example_dags/example_branch_python_dop_operator_3.py
[2024-04-05T05:54:16.424+0000] {processor.py:840} INFO - DAG(s) 'example_branch_dop_operator_v3' retrieved from /home/airflow/.local/lib/python3.8/site-packages/airflow/example_dags/example_branch_python_dop_operator_3.py
[2024-04-05T05:54:16.536+0000] {logging_mixin.py:188} INFO - [2024-04-05T05:54:16.535+0000] {dag.py:3047} INFO - Sync 1 DAGs
[2024-04-05T05:54:16.685+0000] {logging_mixin.py:188} INFO - [2024-04-05T05:54:16.685+0000] {dag.py:3834} INFO - Setting next_dagrun for example_branch_dop_operator_v3 to 2024-04-05 05:53:00+00:00, run_after=2024-04-05 05:54:00+00:00
[2024-04-05T05:54:16.793+0000] {processor.py:183} INFO - Processing /home/airflow/.local/lib/python3.8/site-packages/airflow/example_dags/example_branch_python_dop_operator_3.py took 0.431 seconds
[2024-04-05T05:54:47.029+0000] {processor.py:161} INFO - Started process (PID=1610) to work on /home/airflow/.local/lib/python3.8/site-packages/airflow/example_dags/example_branch_python_dop_operator_3.py
[2024-04-05T05:54:47.041+0000] {processor.py:830} INFO - Processing file /home/airflow/.local/lib/python3.8/site-packages/airflow/example_dags/example_branch_python_dop_operator_3.py for tasks to queue
[2024-04-05T05:54:47.045+0000] {logging_mixin.py:188} INFO - [2024-04-05T05:54:47.044+0000] {dagbag.py:540} INFO - Filling up the DagBag from /home/airflow/.local/lib/python3.8/site-packages/airflow/example_dags/example_branch_python_dop_operator_3.py
[2024-04-05T05:54:47.093+0000] {processor.py:840} INFO - DAG(s) 'example_branch_dop_operator_v3' retrieved from /home/airflow/.local/lib/python3.8/site-packages/airflow/example_dags/example_branch_python_dop_operator_3.py
[2024-04-05T05:54:47.154+0000] {logging_mixin.py:188} INFO - [2024-04-05T05:54:47.153+0000] {dag.py:3047} INFO - Sync 1 DAGs
[2024-04-05T05:54:47.285+0000] {logging_mixin.py:188} INFO - [2024-04-05T05:54:47.285+0000] {dag.py:3834} INFO - Setting next_dagrun for example_branch_dop_operator_v3 to 2024-04-05 05:53:00+00:00, run_after=2024-04-05 05:54:00+00:00
[2024-04-05T05:54:47.361+0000] {processor.py:183} INFO - Processing /home/airflow/.local/lib/python3.8/site-packages/airflow/example_dags/example_branch_python_dop_operator_3.py took 0.345 seconds
[2024-04-05T05:55:18.125+0000] {processor.py:161} INFO - Started process (PID=1666) to work on /home/airflow/.local/lib/python3.8/site-packages/airflow/example_dags/example_branch_python_dop_operator_3.py
[2024-04-05T05:55:18.128+0000] {processor.py:830} INFO - Processing file /home/airflow/.local/lib/python3.8/site-packages/airflow/example_dags/example_branch_python_dop_operator_3.py for tasks to queue
[2024-04-05T05:55:18.132+0000] {logging_mixin.py:188} INFO - [2024-04-05T05:55:18.130+0000] {dagbag.py:540} INFO - Filling up the DagBag from /home/airflow/.local/lib/python3.8/site-packages/airflow/example_dags/example_branch_python_dop_operator_3.py
[2024-04-05T05:55:18.166+0000] {processor.py:840} INFO - DAG(s) 'example_branch_dop_operator_v3' retrieved from /home/airflow/.local/lib/python3.8/site-packages/airflow/example_dags/example_branch_python_dop_operator_3.py
[2024-04-05T05:55:18.240+0000] {logging_mixin.py:188} INFO - [2024-04-05T05:55:18.240+0000] {dag.py:3047} INFO - Sync 1 DAGs
[2024-04-05T05:55:18.328+0000] {logging_mixin.py:188} INFO - [2024-04-05T05:55:18.327+0000] {dag.py:3834} INFO - Setting next_dagrun for example_branch_dop_operator_v3 to 2024-04-05 05:54:00+00:00, run_after=2024-04-05 05:55:00+00:00
[2024-04-05T05:55:18.366+0000] {processor.py:183} INFO - Processing /home/airflow/.local/lib/python3.8/site-packages/airflow/example_dags/example_branch_python_dop_operator_3.py took 0.254 seconds
[2024-04-05T05:55:48.480+0000] {processor.py:161} INFO - Started process (PID=1724) to work on /home/airflow/.local/lib/python3.8/site-packages/airflow/example_dags/example_branch_python_dop_operator_3.py
[2024-04-05T05:55:48.482+0000] {processor.py:830} INFO - Processing file /home/airflow/.local/lib/python3.8/site-packages/airflow/example_dags/example_branch_python_dop_operator_3.py for tasks to queue
[2024-04-05T05:55:48.485+0000] {logging_mixin.py:188} INFO - [2024-04-05T05:55:48.484+0000] {dagbag.py:540} INFO - Filling up the DagBag from /home/airflow/.local/lib/python3.8/site-packages/airflow/example_dags/example_branch_python_dop_operator_3.py
[2024-04-05T05:55:48.509+0000] {processor.py:840} INFO - DAG(s) 'example_branch_dop_operator_v3' retrieved from /home/airflow/.local/lib/python3.8/site-packages/airflow/example_dags/example_branch_python_dop_operator_3.py
[2024-04-05T05:55:48.555+0000] {logging_mixin.py:188} INFO - [2024-04-05T05:55:48.554+0000] {dag.py:3047} INFO - Sync 1 DAGs
[2024-04-05T05:55:48.627+0000] {logging_mixin.py:188} INFO - [2024-04-05T05:55:48.626+0000] {dag.py:3834} INFO - Setting next_dagrun for example_branch_dop_operator_v3 to 2024-04-05 05:54:00+00:00, run_after=2024-04-05 05:55:00+00:00
[2024-04-05T05:55:48.675+0000] {processor.py:183} INFO - Processing /home/airflow/.local/lib/python3.8/site-packages/airflow/example_dags/example_branch_python_dop_operator_3.py took 0.201 seconds
[2024-04-05T05:56:19.031+0000] {processor.py:161} INFO - Started process (PID=1781) to work on /home/airflow/.local/lib/python3.8/site-packages/airflow/example_dags/example_branch_python_dop_operator_3.py
[2024-04-05T05:56:19.034+0000] {processor.py:830} INFO - Processing file /home/airflow/.local/lib/python3.8/site-packages/airflow/example_dags/example_branch_python_dop_operator_3.py for tasks to queue
[2024-04-05T05:56:19.037+0000] {logging_mixin.py:188} INFO - [2024-04-05T05:56:19.036+0000] {dagbag.py:540} INFO - Filling up the DagBag from /home/airflow/.local/lib/python3.8/site-packages/airflow/example_dags/example_branch_python_dop_operator_3.py
[2024-04-05T05:56:19.057+0000] {processor.py:840} INFO - DAG(s) 'example_branch_dop_operator_v3' retrieved from /home/airflow/.local/lib/python3.8/site-packages/airflow/example_dags/example_branch_python_dop_operator_3.py
[2024-04-05T05:56:19.093+0000] {logging_mixin.py:188} INFO - [2024-04-05T05:56:19.093+0000] {dag.py:3047} INFO - Sync 1 DAGs
[2024-04-05T05:56:19.149+0000] {logging_mixin.py:188} INFO - [2024-04-05T05:56:19.148+0000] {dag.py:3834} INFO - Setting next_dagrun for example_branch_dop_operator_v3 to 2024-04-05 05:55:00+00:00, run_after=2024-04-05 05:56:00+00:00
[2024-04-05T05:56:19.184+0000] {processor.py:183} INFO - Processing /home/airflow/.local/lib/python3.8/site-packages/airflow/example_dags/example_branch_python_dop_operator_3.py took 0.161 seconds
[2024-04-05T05:56:49.710+0000] {processor.py:161} INFO - Started process (PID=1838) to work on /home/airflow/.local/lib/python3.8/site-packages/airflow/example_dags/example_branch_python_dop_operator_3.py
[2024-04-05T05:56:49.711+0000] {processor.py:830} INFO - Processing file /home/airflow/.local/lib/python3.8/site-packages/airflow/example_dags/example_branch_python_dop_operator_3.py for tasks to queue
[2024-04-05T05:56:49.713+0000] {logging_mixin.py:188} INFO - [2024-04-05T05:56:49.713+0000] {dagbag.py:540} INFO - Filling up the DagBag from /home/airflow/.local/lib/python3.8/site-packages/airflow/example_dags/example_branch_python_dop_operator_3.py
[2024-04-05T05:56:49.730+0000] {processor.py:840} INFO - DAG(s) 'example_branch_dop_operator_v3' retrieved from /home/airflow/.local/lib/python3.8/site-packages/airflow/example_dags/example_branch_python_dop_operator_3.py
[2024-04-05T05:56:49.776+0000] {logging_mixin.py:188} INFO - [2024-04-05T05:56:49.776+0000] {dag.py:3047} INFO - Sync 1 DAGs
[2024-04-05T05:56:49.828+0000] {logging_mixin.py:188} INFO - [2024-04-05T05:56:49.827+0000] {dag.py:3834} INFO - Setting next_dagrun for example_branch_dop_operator_v3 to 2024-04-05 05:55:00+00:00, run_after=2024-04-05 05:56:00+00:00
[2024-04-05T05:56:49.865+0000] {processor.py:183} INFO - Processing /home/airflow/.local/lib/python3.8/site-packages/airflow/example_dags/example_branch_python_dop_operator_3.py took 0.160 seconds
[2024-04-05T05:57:20.103+0000] {processor.py:161} INFO - Started process (PID=1895) to work on /home/airflow/.local/lib/python3.8/site-packages/airflow/example_dags/example_branch_python_dop_operator_3.py
[2024-04-05T05:57:20.105+0000] {processor.py:830} INFO - Processing file /home/airflow/.local/lib/python3.8/site-packages/airflow/example_dags/example_branch_python_dop_operator_3.py for tasks to queue
[2024-04-05T05:57:20.107+0000] {logging_mixin.py:188} INFO - [2024-04-05T05:57:20.106+0000] {dagbag.py:540} INFO - Filling up the DagBag from /home/airflow/.local/lib/python3.8/site-packages/airflow/example_dags/example_branch_python_dop_operator_3.py
[2024-04-05T05:57:20.131+0000] {processor.py:840} INFO - DAG(s) 'example_branch_dop_operator_v3' retrieved from /home/airflow/.local/lib/python3.8/site-packages/airflow/example_dags/example_branch_python_dop_operator_3.py
[2024-04-05T05:57:20.174+0000] {logging_mixin.py:188} INFO - [2024-04-05T05:57:20.173+0000] {dag.py:3047} INFO - Sync 1 DAGs
[2024-04-05T05:57:20.222+0000] {logging_mixin.py:188} INFO - [2024-04-05T05:57:20.221+0000] {dag.py:3834} INFO - Setting next_dagrun for example_branch_dop_operator_v3 to 2024-04-05 05:56:00+00:00, run_after=2024-04-05 05:57:00+00:00
[2024-04-05T05:57:20.252+0000] {processor.py:183} INFO - Processing /home/airflow/.local/lib/python3.8/site-packages/airflow/example_dags/example_branch_python_dop_operator_3.py took 0.155 seconds
[2024-04-05T05:57:50.923+0000] {processor.py:161} INFO - Started process (PID=1952) to work on /home/airflow/.local/lib/python3.8/site-packages/airflow/example_dags/example_branch_python_dop_operator_3.py
[2024-04-05T05:57:50.926+0000] {processor.py:830} INFO - Processing file /home/airflow/.local/lib/python3.8/site-packages/airflow/example_dags/example_branch_python_dop_operator_3.py for tasks to queue
[2024-04-05T05:57:50.928+0000] {logging_mixin.py:188} INFO - [2024-04-05T05:57:50.927+0000] {dagbag.py:540} INFO - Filling up the DagBag from /home/airflow/.local/lib/python3.8/site-packages/airflow/example_dags/example_branch_python_dop_operator_3.py
[2024-04-05T05:57:50.944+0000] {processor.py:840} INFO - DAG(s) 'example_branch_dop_operator_v3' retrieved from /home/airflow/.local/lib/python3.8/site-packages/airflow/example_dags/example_branch_python_dop_operator_3.py
[2024-04-05T05:57:50.980+0000] {logging_mixin.py:188} INFO - [2024-04-05T05:57:50.980+0000] {dag.py:3047} INFO - Sync 1 DAGs
[2024-04-05T05:57:51.026+0000] {logging_mixin.py:188} INFO - [2024-04-05T05:57:51.025+0000] {dag.py:3834} INFO - Setting next_dagrun for example_branch_dop_operator_v3 to 2024-04-05 05:56:00+00:00, run_after=2024-04-05 05:57:00+00:00
[2024-04-05T05:57:51.056+0000] {processor.py:183} INFO - Processing /home/airflow/.local/lib/python3.8/site-packages/airflow/example_dags/example_branch_python_dop_operator_3.py took 0.140 seconds
[2024-04-05T05:58:21.366+0000] {processor.py:161} INFO - Started process (PID=2009) to work on /home/airflow/.local/lib/python3.8/site-packages/airflow/example_dags/example_branch_python_dop_operator_3.py
[2024-04-05T05:58:21.369+0000] {processor.py:830} INFO - Processing file /home/airflow/.local/lib/python3.8/site-packages/airflow/example_dags/example_branch_python_dop_operator_3.py for tasks to queue
[2024-04-05T05:58:21.373+0000] {logging_mixin.py:188} INFO - [2024-04-05T05:58:21.372+0000] {dagbag.py:540} INFO - Filling up the DagBag from /home/airflow/.local/lib/python3.8/site-packages/airflow/example_dags/example_branch_python_dop_operator_3.py
[2024-04-05T05:58:21.396+0000] {processor.py:840} INFO - DAG(s) 'example_branch_dop_operator_v3' retrieved from /home/airflow/.local/lib/python3.8/site-packages/airflow/example_dags/example_branch_python_dop_operator_3.py
[2024-04-05T05:58:21.434+0000] {logging_mixin.py:188} INFO - [2024-04-05T05:58:21.434+0000] {dag.py:3047} INFO - Sync 1 DAGs
[2024-04-05T05:58:21.500+0000] {logging_mixin.py:188} INFO - [2024-04-05T05:58:21.500+0000] {dag.py:3834} INFO - Setting next_dagrun for example_branch_dop_operator_v3 to 2024-04-05 05:57:00+00:00, run_after=2024-04-05 05:58:00+00:00
[2024-04-05T05:58:21.537+0000] {processor.py:183} INFO - Processing /home/airflow/.local/lib/python3.8/site-packages/airflow/example_dags/example_branch_python_dop_operator_3.py took 0.178 seconds
[2024-04-05T05:58:51.860+0000] {processor.py:161} INFO - Started process (PID=2066) to work on /home/airflow/.local/lib/python3.8/site-packages/airflow/example_dags/example_branch_python_dop_operator_3.py
[2024-04-05T05:58:51.862+0000] {processor.py:830} INFO - Processing file /home/airflow/.local/lib/python3.8/site-packages/airflow/example_dags/example_branch_python_dop_operator_3.py for tasks to queue
[2024-04-05T05:58:51.863+0000] {logging_mixin.py:188} INFO - [2024-04-05T05:58:51.863+0000] {dagbag.py:540} INFO - Filling up the DagBag from /home/airflow/.local/lib/python3.8/site-packages/airflow/example_dags/example_branch_python_dop_operator_3.py
[2024-04-05T05:58:51.885+0000] {processor.py:840} INFO - DAG(s) 'example_branch_dop_operator_v3' retrieved from /home/airflow/.local/lib/python3.8/site-packages/airflow/example_dags/example_branch_python_dop_operator_3.py
[2024-04-05T05:58:51.931+0000] {logging_mixin.py:188} INFO - [2024-04-05T05:58:51.930+0000] {dag.py:3047} INFO - Sync 1 DAGs
[2024-04-05T05:58:51.998+0000] {logging_mixin.py:188} INFO - [2024-04-05T05:58:51.998+0000] {dag.py:3834} INFO - Setting next_dagrun for example_branch_dop_operator_v3 to 2024-04-05 05:57:00+00:00, run_after=2024-04-05 05:58:00+00:00
[2024-04-05T05:58:52.038+0000] {processor.py:183} INFO - Processing /home/airflow/.local/lib/python3.8/site-packages/airflow/example_dags/example_branch_python_dop_operator_3.py took 0.187 seconds
[2024-04-05T05:59:22.208+0000] {processor.py:161} INFO - Started process (PID=2123) to work on /home/airflow/.local/lib/python3.8/site-packages/airflow/example_dags/example_branch_python_dop_operator_3.py
[2024-04-05T05:59:22.210+0000] {processor.py:830} INFO - Processing file /home/airflow/.local/lib/python3.8/site-packages/airflow/example_dags/example_branch_python_dop_operator_3.py for tasks to queue
[2024-04-05T05:59:22.212+0000] {logging_mixin.py:188} INFO - [2024-04-05T05:59:22.211+0000] {dagbag.py:540} INFO - Filling up the DagBag from /home/airflow/.local/lib/python3.8/site-packages/airflow/example_dags/example_branch_python_dop_operator_3.py
[2024-04-05T05:59:22.228+0000] {processor.py:840} INFO - DAG(s) 'example_branch_dop_operator_v3' retrieved from /home/airflow/.local/lib/python3.8/site-packages/airflow/example_dags/example_branch_python_dop_operator_3.py
[2024-04-05T05:59:22.261+0000] {logging_mixin.py:188} INFO - [2024-04-05T05:59:22.261+0000] {dag.py:3047} INFO - Sync 1 DAGs
[2024-04-05T05:59:22.311+0000] {logging_mixin.py:188} INFO - [2024-04-05T05:59:22.311+0000] {dag.py:3834} INFO - Setting next_dagrun for example_branch_dop_operator_v3 to 2024-04-05 05:58:00+00:00, run_after=2024-04-05 05:59:00+00:00
[2024-04-05T05:59:22.346+0000] {processor.py:183} INFO - Processing /home/airflow/.local/lib/python3.8/site-packages/airflow/example_dags/example_branch_python_dop_operator_3.py took 0.145 seconds
[2024-04-05T05:59:53.077+0000] {processor.py:161} INFO - Started process (PID=2180) to work on /home/airflow/.local/lib/python3.8/site-packages/airflow/example_dags/example_branch_python_dop_operator_3.py
[2024-04-05T05:59:53.080+0000] {processor.py:830} INFO - Processing file /home/airflow/.local/lib/python3.8/site-packages/airflow/example_dags/example_branch_python_dop_operator_3.py for tasks to queue
[2024-04-05T05:59:53.083+0000] {logging_mixin.py:188} INFO - [2024-04-05T05:59:53.082+0000] {dagbag.py:540} INFO - Filling up the DagBag from /home/airflow/.local/lib/python3.8/site-packages/airflow/example_dags/example_branch_python_dop_operator_3.py
[2024-04-05T05:59:53.099+0000] {processor.py:840} INFO - DAG(s) 'example_branch_dop_operator_v3' retrieved from /home/airflow/.local/lib/python3.8/site-packages/airflow/example_dags/example_branch_python_dop_operator_3.py
[2024-04-05T05:59:53.130+0000] {logging_mixin.py:188} INFO - [2024-04-05T05:59:53.130+0000] {dag.py:3047} INFO - Sync 1 DAGs
[2024-04-05T05:59:53.170+0000] {logging_mixin.py:188} INFO - [2024-04-05T05:59:53.169+0000] {dag.py:3834} INFO - Setting next_dagrun for example_branch_dop_operator_v3 to 2024-04-05 05:58:00+00:00, run_after=2024-04-05 05:59:00+00:00
[2024-04-05T05:59:53.216+0000] {processor.py:183} INFO - Processing /home/airflow/.local/lib/python3.8/site-packages/airflow/example_dags/example_branch_python_dop_operator_3.py took 0.148 seconds
[2024-04-05T06:00:23.818+0000] {processor.py:161} INFO - Started process (PID=2237) to work on /home/airflow/.local/lib/python3.8/site-packages/airflow/example_dags/example_branch_python_dop_operator_3.py
[2024-04-05T06:00:23.820+0000] {processor.py:830} INFO - Processing file /home/airflow/.local/lib/python3.8/site-packages/airflow/example_dags/example_branch_python_dop_operator_3.py for tasks to queue
[2024-04-05T06:00:23.822+0000] {logging_mixin.py:188} INFO - [2024-04-05T06:00:23.821+0000] {dagbag.py:540} INFO - Filling up the DagBag from /home/airflow/.local/lib/python3.8/site-packages/airflow/example_dags/example_branch_python_dop_operator_3.py
[2024-04-05T06:00:23.838+0000] {processor.py:840} INFO - DAG(s) 'example_branch_dop_operator_v3' retrieved from /home/airflow/.local/lib/python3.8/site-packages/airflow/example_dags/example_branch_python_dop_operator_3.py
[2024-04-05T06:00:23.872+0000] {logging_mixin.py:188} INFO - [2024-04-05T06:00:23.872+0000] {dag.py:3047} INFO - Sync 1 DAGs
[2024-04-05T06:00:23.927+0000] {logging_mixin.py:188} INFO - [2024-04-05T06:00:23.927+0000] {dag.py:3834} INFO - Setting next_dagrun for example_branch_dop_operator_v3 to 2024-04-05 05:59:00+00:00, run_after=2024-04-05 06:00:00+00:00
[2024-04-05T06:00:23.960+0000] {processor.py:183} INFO - Processing /home/airflow/.local/lib/python3.8/site-packages/airflow/example_dags/example_branch_python_dop_operator_3.py took 0.153 seconds
[2024-04-05T06:00:54.496+0000] {processor.py:161} INFO - Started process (PID=2294) to work on /home/airflow/.local/lib/python3.8/site-packages/airflow/example_dags/example_branch_python_dop_operator_3.py
[2024-04-05T06:00:54.499+0000] {processor.py:830} INFO - Processing file /home/airflow/.local/lib/python3.8/site-packages/airflow/example_dags/example_branch_python_dop_operator_3.py for tasks to queue
[2024-04-05T06:00:54.501+0000] {logging_mixin.py:188} INFO - [2024-04-05T06:00:54.500+0000] {dagbag.py:540} INFO - Filling up the DagBag from /home/airflow/.local/lib/python3.8/site-packages/airflow/example_dags/example_branch_python_dop_operator_3.py
[2024-04-05T06:00:54.517+0000] {processor.py:840} INFO - DAG(s) 'example_branch_dop_operator_v3' retrieved from /home/airflow/.local/lib/python3.8/site-packages/airflow/example_dags/example_branch_python_dop_operator_3.py
[2024-04-05T06:00:54.552+0000] {logging_mixin.py:188} INFO - [2024-04-05T06:00:54.551+0000] {dag.py:3047} INFO - Sync 1 DAGs
[2024-04-05T06:00:54.596+0000] {logging_mixin.py:188} INFO - [2024-04-05T06:00:54.596+0000] {dag.py:3834} INFO - Setting next_dagrun for example_branch_dop_operator_v3 to 2024-04-05 05:59:00+00:00, run_after=2024-04-05 06:00:00+00:00
[2024-04-05T06:00:54.627+0000] {processor.py:183} INFO - Processing /home/airflow/.local/lib/python3.8/site-packages/airflow/example_dags/example_branch_python_dop_operator_3.py took 0.139 seconds
[2024-04-05T06:01:24.932+0000] {processor.py:161} INFO - Started process (PID=2351) to work on /home/airflow/.local/lib/python3.8/site-packages/airflow/example_dags/example_branch_python_dop_operator_3.py
[2024-04-05T06:01:24.934+0000] {processor.py:830} INFO - Processing file /home/airflow/.local/lib/python3.8/site-packages/airflow/example_dags/example_branch_python_dop_operator_3.py for tasks to queue
[2024-04-05T06:01:24.937+0000] {logging_mixin.py:188} INFO - [2024-04-05T06:01:24.936+0000] {dagbag.py:540} INFO - Filling up the DagBag from /home/airflow/.local/lib/python3.8/site-packages/airflow/example_dags/example_branch_python_dop_operator_3.py
[2024-04-05T06:01:24.951+0000] {processor.py:840} INFO - DAG(s) 'example_branch_dop_operator_v3' retrieved from /home/airflow/.local/lib/python3.8/site-packages/airflow/example_dags/example_branch_python_dop_operator_3.py
[2024-04-05T06:01:24.985+0000] {logging_mixin.py:188} INFO - [2024-04-05T06:01:24.984+0000] {dag.py:3047} INFO - Sync 1 DAGs
[2024-04-05T06:01:25.035+0000] {logging_mixin.py:188} INFO - [2024-04-05T06:01:25.035+0000] {dag.py:3834} INFO - Setting next_dagrun for example_branch_dop_operator_v3 to 2024-04-05 06:00:00+00:00, run_after=2024-04-05 06:01:00+00:00
[2024-04-05T06:01:25.069+0000] {processor.py:183} INFO - Processing /home/airflow/.local/lib/python3.8/site-packages/airflow/example_dags/example_branch_python_dop_operator_3.py took 0.142 seconds
[2024-04-05T06:01:55.550+0000] {processor.py:161} INFO - Started process (PID=2408) to work on /home/airflow/.local/lib/python3.8/site-packages/airflow/example_dags/example_branch_python_dop_operator_3.py
[2024-04-05T06:01:55.552+0000] {processor.py:830} INFO - Processing file /home/airflow/.local/lib/python3.8/site-packages/airflow/example_dags/example_branch_python_dop_operator_3.py for tasks to queue
[2024-04-05T06:01:55.555+0000] {logging_mixin.py:188} INFO - [2024-04-05T06:01:55.554+0000] {dagbag.py:540} INFO - Filling up the DagBag from /home/airflow/.local/lib/python3.8/site-packages/airflow/example_dags/example_branch_python_dop_operator_3.py
[2024-04-05T06:01:55.574+0000] {processor.py:840} INFO - DAG(s) 'example_branch_dop_operator_v3' retrieved from /home/airflow/.local/lib/python3.8/site-packages/airflow/example_dags/example_branch_python_dop_operator_3.py
[2024-04-05T06:01:55.605+0000] {logging_mixin.py:188} INFO - [2024-04-05T06:01:55.605+0000] {dag.py:3047} INFO - Sync 1 DAGs
[2024-04-05T06:01:55.646+0000] {logging_mixin.py:188} INFO - [2024-04-05T06:01:55.646+0000] {dag.py:3834} INFO - Setting next_dagrun for example_branch_dop_operator_v3 to 2024-04-05 06:00:00+00:00, run_after=2024-04-05 06:01:00+00:00
[2024-04-05T06:01:55.682+0000] {processor.py:183} INFO - Processing /home/airflow/.local/lib/python3.8/site-packages/airflow/example_dags/example_branch_python_dop_operator_3.py took 0.140 seconds
[2024-04-05T06:02:26.371+0000] {processor.py:161} INFO - Started process (PID=2465) to work on /home/airflow/.local/lib/python3.8/site-packages/airflow/example_dags/example_branch_python_dop_operator_3.py
[2024-04-05T06:02:26.373+0000] {processor.py:830} INFO - Processing file /home/airflow/.local/lib/python3.8/site-packages/airflow/example_dags/example_branch_python_dop_operator_3.py for tasks to queue
[2024-04-05T06:02:26.375+0000] {logging_mixin.py:188} INFO - [2024-04-05T06:02:26.374+0000] {dagbag.py:540} INFO - Filling up the DagBag from /home/airflow/.local/lib/python3.8/site-packages/airflow/example_dags/example_branch_python_dop_operator_3.py
[2024-04-05T06:02:26.390+0000] {processor.py:840} INFO - DAG(s) 'example_branch_dop_operator_v3' retrieved from /home/airflow/.local/lib/python3.8/site-packages/airflow/example_dags/example_branch_python_dop_operator_3.py
[2024-04-05T06:02:26.422+0000] {logging_mixin.py:188} INFO - [2024-04-05T06:02:26.421+0000] {dag.py:3047} INFO - Sync 1 DAGs
[2024-04-05T06:02:26.463+0000] {logging_mixin.py:188} INFO - [2024-04-05T06:02:26.462+0000] {dag.py:3834} INFO - Setting next_dagrun for example_branch_dop_operator_v3 to 2024-04-05 06:01:00+00:00, run_after=2024-04-05 06:02:00+00:00
[2024-04-05T06:02:26.496+0000] {processor.py:183} INFO - Processing /home/airflow/.local/lib/python3.8/site-packages/airflow/example_dags/example_branch_python_dop_operator_3.py took 0.131 seconds
[2024-04-05T06:02:56.632+0000] {processor.py:161} INFO - Started process (PID=2522) to work on /home/airflow/.local/lib/python3.8/site-packages/airflow/example_dags/example_branch_python_dop_operator_3.py
[2024-04-05T06:02:56.634+0000] {processor.py:830} INFO - Processing file /home/airflow/.local/lib/python3.8/site-packages/airflow/example_dags/example_branch_python_dop_operator_3.py for tasks to queue
[2024-04-05T06:02:56.637+0000] {logging_mixin.py:188} INFO - [2024-04-05T06:02:56.636+0000] {dagbag.py:540} INFO - Filling up the DagBag from /home/airflow/.local/lib/python3.8/site-packages/airflow/example_dags/example_branch_python_dop_operator_3.py
[2024-04-05T06:02:56.666+0000] {processor.py:840} INFO - DAG(s) 'example_branch_dop_operator_v3' retrieved from /home/airflow/.local/lib/python3.8/site-packages/airflow/example_dags/example_branch_python_dop_operator_3.py
[2024-04-05T06:02:56.711+0000] {logging_mixin.py:188} INFO - [2024-04-05T06:02:56.711+0000] {dag.py:3047} INFO - Sync 1 DAGs
[2024-04-05T06:02:56.768+0000] {logging_mixin.py:188} INFO - [2024-04-05T06:02:56.767+0000] {dag.py:3834} INFO - Setting next_dagrun for example_branch_dop_operator_v3 to 2024-04-05 06:01:00+00:00, run_after=2024-04-05 06:02:00+00:00
[2024-04-05T06:02:56.805+0000] {processor.py:183} INFO - Processing /home/airflow/.local/lib/python3.8/site-packages/airflow/example_dags/example_branch_python_dop_operator_3.py took 0.182 seconds
[2024-04-05T06:03:27.591+0000] {processor.py:161} INFO - Started process (PID=2579) to work on /home/airflow/.local/lib/python3.8/site-packages/airflow/example_dags/example_branch_python_dop_operator_3.py
[2024-04-05T06:03:27.593+0000] {processor.py:830} INFO - Processing file /home/airflow/.local/lib/python3.8/site-packages/airflow/example_dags/example_branch_python_dop_operator_3.py for tasks to queue
[2024-04-05T06:03:27.596+0000] {logging_mixin.py:188} INFO - [2024-04-05T06:03:27.595+0000] {dagbag.py:540} INFO - Filling up the DagBag from /home/airflow/.local/lib/python3.8/site-packages/airflow/example_dags/example_branch_python_dop_operator_3.py
[2024-04-05T06:03:27.614+0000] {processor.py:840} INFO - DAG(s) 'example_branch_dop_operator_v3' retrieved from /home/airflow/.local/lib/python3.8/site-packages/airflow/example_dags/example_branch_python_dop_operator_3.py
[2024-04-05T06:03:27.650+0000] {logging_mixin.py:188} INFO - [2024-04-05T06:03:27.650+0000] {dag.py:3047} INFO - Sync 1 DAGs
[2024-04-05T06:03:27.733+0000] {logging_mixin.py:188} INFO - [2024-04-05T06:03:27.733+0000] {dag.py:3834} INFO - Setting next_dagrun for example_branch_dop_operator_v3 to 2024-04-05 06:02:00+00:00, run_after=2024-04-05 06:03:00+00:00
[2024-04-05T06:03:27.789+0000] {processor.py:183} INFO - Processing /home/airflow/.local/lib/python3.8/site-packages/airflow/example_dags/example_branch_python_dop_operator_3.py took 0.204 seconds
[2024-04-05T06:03:58.349+0000] {processor.py:161} INFO - Started process (PID=2634) to work on /home/airflow/.local/lib/python3.8/site-packages/airflow/example_dags/example_branch_python_dop_operator_3.py
[2024-04-05T06:03:58.353+0000] {processor.py:830} INFO - Processing file /home/airflow/.local/lib/python3.8/site-packages/airflow/example_dags/example_branch_python_dop_operator_3.py for tasks to queue
[2024-04-05T06:03:58.355+0000] {logging_mixin.py:188} INFO - [2024-04-05T06:03:58.355+0000] {dagbag.py:540} INFO - Filling up the DagBag from /home/airflow/.local/lib/python3.8/site-packages/airflow/example_dags/example_branch_python_dop_operator_3.py
[2024-04-05T06:03:58.380+0000] {processor.py:840} INFO - DAG(s) 'example_branch_dop_operator_v3' retrieved from /home/airflow/.local/lib/python3.8/site-packages/airflow/example_dags/example_branch_python_dop_operator_3.py
[2024-04-05T06:03:58.428+0000] {logging_mixin.py:188} INFO - [2024-04-05T06:03:58.427+0000] {dag.py:3047} INFO - Sync 1 DAGs
[2024-04-05T06:03:58.494+0000] {logging_mixin.py:188} INFO - [2024-04-05T06:03:58.494+0000] {dag.py:3834} INFO - Setting next_dagrun for example_branch_dop_operator_v3 to 2024-04-05 06:02:00+00:00, run_after=2024-04-05 06:03:00+00:00
[2024-04-05T06:03:58.536+0000] {processor.py:183} INFO - Processing /home/airflow/.local/lib/python3.8/site-packages/airflow/example_dags/example_branch_python_dop_operator_3.py took 0.193 seconds
[2024-04-05T06:04:28.693+0000] {processor.py:161} INFO - Started process (PID=2691) to work on /home/airflow/.local/lib/python3.8/site-packages/airflow/example_dags/example_branch_python_dop_operator_3.py
[2024-04-05T06:04:28.695+0000] {processor.py:830} INFO - Processing file /home/airflow/.local/lib/python3.8/site-packages/airflow/example_dags/example_branch_python_dop_operator_3.py for tasks to queue
[2024-04-05T06:04:28.697+0000] {logging_mixin.py:188} INFO - [2024-04-05T06:04:28.697+0000] {dagbag.py:540} INFO - Filling up the DagBag from /home/airflow/.local/lib/python3.8/site-packages/airflow/example_dags/example_branch_python_dop_operator_3.py
[2024-04-05T06:04:28.719+0000] {processor.py:840} INFO - DAG(s) 'example_branch_dop_operator_v3' retrieved from /home/airflow/.local/lib/python3.8/site-packages/airflow/example_dags/example_branch_python_dop_operator_3.py
[2024-04-05T06:04:28.770+0000] {logging_mixin.py:188} INFO - [2024-04-05T06:04:28.769+0000] {dag.py:3047} INFO - Sync 1 DAGs
[2024-04-05T06:04:28.839+0000] {logging_mixin.py:188} INFO - [2024-04-05T06:04:28.838+0000] {dag.py:3834} INFO - Setting next_dagrun for example_branch_dop_operator_v3 to 2024-04-05 06:03:00+00:00, run_after=2024-04-05 06:04:00+00:00
[2024-04-05T06:04:28.894+0000] {processor.py:183} INFO - Processing /home/airflow/.local/lib/python3.8/site-packages/airflow/example_dags/example_branch_python_dop_operator_3.py took 0.210 seconds
[2024-04-05T06:04:59.521+0000] {processor.py:161} INFO - Started process (PID=2747) to work on /home/airflow/.local/lib/python3.8/site-packages/airflow/example_dags/example_branch_python_dop_operator_3.py
[2024-04-05T06:04:59.525+0000] {processor.py:830} INFO - Processing file /home/airflow/.local/lib/python3.8/site-packages/airflow/example_dags/example_branch_python_dop_operator_3.py for tasks to queue
[2024-04-05T06:04:59.529+0000] {logging_mixin.py:188} INFO - [2024-04-05T06:04:59.528+0000] {dagbag.py:540} INFO - Filling up the DagBag from /home/airflow/.local/lib/python3.8/site-packages/airflow/example_dags/example_branch_python_dop_operator_3.py
[2024-04-05T06:04:59.558+0000] {processor.py:840} INFO - DAG(s) 'example_branch_dop_operator_v3' retrieved from /home/airflow/.local/lib/python3.8/site-packages/airflow/example_dags/example_branch_python_dop_operator_3.py
[2024-04-05T06:04:59.606+0000] {logging_mixin.py:188} INFO - [2024-04-05T06:04:59.606+0000] {dag.py:3047} INFO - Sync 1 DAGs
[2024-04-05T06:04:59.678+0000] {logging_mixin.py:188} INFO - [2024-04-05T06:04:59.678+0000] {dag.py:3834} INFO - Setting next_dagrun for example_branch_dop_operator_v3 to 2024-04-05 06:03:00+00:00, run_after=2024-04-05 06:04:00+00:00
[2024-04-05T06:04:59.716+0000] {processor.py:183} INFO - Processing /home/airflow/.local/lib/python3.8/site-packages/airflow/example_dags/example_branch_python_dop_operator_3.py took 0.211 seconds
