[2024-04-05T05:40:39.207+0000] {processor.py:161} INFO - Started process (PID=62) to work on /home/airflow/.local/lib/python3.8/site-packages/airflow/example_dags/example_branch_operator.py
[2024-04-05T05:40:39.226+0000] {processor.py:830} INFO - Processing file /home/airflow/.local/lib/python3.8/site-packages/airflow/example_dags/example_branch_operator.py for tasks to queue
[2024-04-05T05:40:39.265+0000] {logging_mixin.py:188} INFO - [2024-04-05T05:40:39.263+0000] {dagbag.py:540} INFO - Filling up the DagBag from /home/airflow/.local/lib/python3.8/site-packages/airflow/example_dags/example_branch_operator.py
[2024-04-05T05:40:39.460+0000] {processor.py:840} INFO - DAG(s) 'example_branch_operator' retrieved from /home/airflow/.local/lib/python3.8/site-packages/airflow/example_dags/example_branch_operator.py
[2024-04-05T05:40:39.537+0000] {logging_mixin.py:188} INFO - [2024-04-05T05:40:39.529+0000] {dag.py:3047} INFO - Sync 1 DAGs
[2024-04-05T05:40:39.786+0000] {logging_mixin.py:188} INFO - [2024-04-05T05:40:39.785+0000] {dag.py:3834} INFO - Setting next_dagrun for example_branch_operator to 2024-04-04 00:00:00+00:00, run_after=2024-04-05 00:00:00+00:00
[2024-04-05T05:40:39.993+0000] {processor.py:183} INFO - Processing /home/airflow/.local/lib/python3.8/site-packages/airflow/example_dags/example_branch_operator.py took 0.948 seconds
[2024-04-05T05:41:29.564+0000] {processor.py:161} INFO - Started process (PID=119) to work on /home/airflow/.local/lib/python3.8/site-packages/airflow/example_dags/example_branch_operator.py
[2024-04-05T05:41:29.587+0000] {processor.py:830} INFO - Processing file /home/airflow/.local/lib/python3.8/site-packages/airflow/example_dags/example_branch_operator.py for tasks to queue
[2024-04-05T05:41:29.619+0000] {logging_mixin.py:188} INFO - [2024-04-05T05:41:29.617+0000] {dagbag.py:540} INFO - Filling up the DagBag from /home/airflow/.local/lib/python3.8/site-packages/airflow/example_dags/example_branch_operator.py
[2024-04-05T05:41:29.993+0000] {processor.py:840} INFO - DAG(s) 'example_branch_operator' retrieved from /home/airflow/.local/lib/python3.8/site-packages/airflow/example_dags/example_branch_operator.py
[2024-04-05T05:41:30.846+0000] {logging_mixin.py:188} INFO - [2024-04-05T05:41:30.845+0000] {dag.py:3047} INFO - Sync 1 DAGs
[2024-04-05T05:41:31.075+0000] {logging_mixin.py:188} INFO - [2024-04-05T05:41:31.073+0000] {dag.py:3834} INFO - Setting next_dagrun for example_branch_operator to 2024-04-04 00:00:00+00:00, run_after=2024-04-05 00:00:00+00:00
[2024-04-05T05:41:31.286+0000] {processor.py:183} INFO - Processing /home/airflow/.local/lib/python3.8/site-packages/airflow/example_dags/example_branch_operator.py took 1.807 seconds
[2024-04-05T05:42:02.348+0000] {processor.py:161} INFO - Started process (PID=176) to work on /home/airflow/.local/lib/python3.8/site-packages/airflow/example_dags/example_branch_operator.py
[2024-04-05T05:42:02.350+0000] {processor.py:830} INFO - Processing file /home/airflow/.local/lib/python3.8/site-packages/airflow/example_dags/example_branch_operator.py for tasks to queue
[2024-04-05T05:42:02.355+0000] {logging_mixin.py:188} INFO - [2024-04-05T05:42:02.354+0000] {dagbag.py:540} INFO - Filling up the DagBag from /home/airflow/.local/lib/python3.8/site-packages/airflow/example_dags/example_branch_operator.py
[2024-04-05T05:42:02.396+0000] {processor.py:840} INFO - DAG(s) 'example_branch_operator' retrieved from /home/airflow/.local/lib/python3.8/site-packages/airflow/example_dags/example_branch_operator.py
[2024-04-05T05:42:02.463+0000] {logging_mixin.py:188} INFO - [2024-04-05T05:42:02.462+0000] {dag.py:3047} INFO - Sync 1 DAGs
[2024-04-05T05:42:02.525+0000] {logging_mixin.py:188} INFO - [2024-04-05T05:42:02.525+0000] {dag.py:3834} INFO - Setting next_dagrun for example_branch_operator to 2024-04-04 00:00:00+00:00, run_after=2024-04-05 00:00:00+00:00
[2024-04-05T05:42:02.573+0000] {processor.py:183} INFO - Processing /home/airflow/.local/lib/python3.8/site-packages/airflow/example_dags/example_branch_operator.py took 0.231 seconds
[2024-04-05T05:42:32.838+0000] {processor.py:161} INFO - Started process (PID=234) to work on /home/airflow/.local/lib/python3.8/site-packages/airflow/example_dags/example_branch_operator.py
[2024-04-05T05:42:32.840+0000] {processor.py:830} INFO - Processing file /home/airflow/.local/lib/python3.8/site-packages/airflow/example_dags/example_branch_operator.py for tasks to queue
[2024-04-05T05:42:32.844+0000] {logging_mixin.py:188} INFO - [2024-04-05T05:42:32.843+0000] {dagbag.py:540} INFO - Filling up the DagBag from /home/airflow/.local/lib/python3.8/site-packages/airflow/example_dags/example_branch_operator.py
[2024-04-05T05:42:32.899+0000] {processor.py:840} INFO - DAG(s) 'example_branch_operator' retrieved from /home/airflow/.local/lib/python3.8/site-packages/airflow/example_dags/example_branch_operator.py
[2024-04-05T05:42:33.028+0000] {logging_mixin.py:188} INFO - [2024-04-05T05:42:33.028+0000] {dag.py:3047} INFO - Sync 1 DAGs
[2024-04-05T05:42:33.099+0000] {logging_mixin.py:188} INFO - [2024-04-05T05:42:33.099+0000] {dag.py:3834} INFO - Setting next_dagrun for example_branch_operator to 2024-04-04 00:00:00+00:00, run_after=2024-04-05 00:00:00+00:00
[2024-04-05T05:42:33.126+0000] {processor.py:183} INFO - Processing /home/airflow/.local/lib/python3.8/site-packages/airflow/example_dags/example_branch_operator.py took 0.295 seconds
[2024-04-05T05:43:03.364+0000] {processor.py:161} INFO - Started process (PID=293) to work on /home/airflow/.local/lib/python3.8/site-packages/airflow/example_dags/example_branch_operator.py
[2024-04-05T05:43:03.367+0000] {processor.py:830} INFO - Processing file /home/airflow/.local/lib/python3.8/site-packages/airflow/example_dags/example_branch_operator.py for tasks to queue
[2024-04-05T05:43:03.372+0000] {logging_mixin.py:188} INFO - [2024-04-05T05:43:03.371+0000] {dagbag.py:540} INFO - Filling up the DagBag from /home/airflow/.local/lib/python3.8/site-packages/airflow/example_dags/example_branch_operator.py
[2024-04-05T05:43:03.458+0000] {processor.py:840} INFO - DAG(s) 'example_branch_operator' retrieved from /home/airflow/.local/lib/python3.8/site-packages/airflow/example_dags/example_branch_operator.py
[2024-04-05T05:43:03.597+0000] {logging_mixin.py:188} INFO - [2024-04-05T05:43:03.597+0000] {dag.py:3047} INFO - Sync 1 DAGs
[2024-04-05T05:43:03.712+0000] {logging_mixin.py:188} INFO - [2024-04-05T05:43:03.711+0000] {dag.py:3834} INFO - Setting next_dagrun for example_branch_operator to 2024-04-04 00:00:00+00:00, run_after=2024-04-05 00:00:00+00:00
[2024-04-05T05:43:03.781+0000] {processor.py:183} INFO - Processing /home/airflow/.local/lib/python3.8/site-packages/airflow/example_dags/example_branch_operator.py took 0.432 seconds
[2024-04-05T05:43:34.716+0000] {processor.py:161} INFO - Started process (PID=350) to work on /home/airflow/.local/lib/python3.8/site-packages/airflow/example_dags/example_branch_operator.py
[2024-04-05T05:43:34.718+0000] {processor.py:830} INFO - Processing file /home/airflow/.local/lib/python3.8/site-packages/airflow/example_dags/example_branch_operator.py for tasks to queue
[2024-04-05T05:43:34.722+0000] {logging_mixin.py:188} INFO - [2024-04-05T05:43:34.721+0000] {dagbag.py:540} INFO - Filling up the DagBag from /home/airflow/.local/lib/python3.8/site-packages/airflow/example_dags/example_branch_operator.py
[2024-04-05T05:43:34.758+0000] {processor.py:840} INFO - DAG(s) 'example_branch_operator' retrieved from /home/airflow/.local/lib/python3.8/site-packages/airflow/example_dags/example_branch_operator.py
[2024-04-05T05:43:34.827+0000] {logging_mixin.py:188} INFO - [2024-04-05T05:43:34.827+0000] {dag.py:3047} INFO - Sync 1 DAGs
[2024-04-05T05:43:34.876+0000] {logging_mixin.py:188} INFO - [2024-04-05T05:43:34.876+0000] {dag.py:3834} INFO - Setting next_dagrun for example_branch_operator to 2024-04-04 00:00:00+00:00, run_after=2024-04-05 00:00:00+00:00
[2024-04-05T05:43:34.921+0000] {processor.py:183} INFO - Processing /home/airflow/.local/lib/python3.8/site-packages/airflow/example_dags/example_branch_operator.py took 0.210 seconds
[2024-04-05T05:44:05.724+0000] {processor.py:161} INFO - Started process (PID=408) to work on /home/airflow/.local/lib/python3.8/site-packages/airflow/example_dags/example_branch_operator.py
[2024-04-05T05:44:05.727+0000] {processor.py:830} INFO - Processing file /home/airflow/.local/lib/python3.8/site-packages/airflow/example_dags/example_branch_operator.py for tasks to queue
[2024-04-05T05:44:05.733+0000] {logging_mixin.py:188} INFO - [2024-04-05T05:44:05.732+0000] {dagbag.py:540} INFO - Filling up the DagBag from /home/airflow/.local/lib/python3.8/site-packages/airflow/example_dags/example_branch_operator.py
[2024-04-05T05:44:05.783+0000] {processor.py:840} INFO - DAG(s) 'example_branch_operator' retrieved from /home/airflow/.local/lib/python3.8/site-packages/airflow/example_dags/example_branch_operator.py
[2024-04-05T05:44:05.855+0000] {logging_mixin.py:188} INFO - [2024-04-05T05:44:05.854+0000] {dag.py:3047} INFO - Sync 1 DAGs
[2024-04-05T05:44:05.910+0000] {logging_mixin.py:188} INFO - [2024-04-05T05:44:05.910+0000] {dag.py:3834} INFO - Setting next_dagrun for example_branch_operator to 2024-04-04 00:00:00+00:00, run_after=2024-04-05 00:00:00+00:00
[2024-04-05T05:44:05.951+0000] {processor.py:183} INFO - Processing /home/airflow/.local/lib/python3.8/site-packages/airflow/example_dags/example_branch_operator.py took 0.235 seconds
[2024-04-05T05:44:36.233+0000] {processor.py:161} INFO - Started process (PID=465) to work on /home/airflow/.local/lib/python3.8/site-packages/airflow/example_dags/example_branch_operator.py
[2024-04-05T05:44:36.236+0000] {processor.py:830} INFO - Processing file /home/airflow/.local/lib/python3.8/site-packages/airflow/example_dags/example_branch_operator.py for tasks to queue
[2024-04-05T05:44:36.238+0000] {logging_mixin.py:188} INFO - [2024-04-05T05:44:36.237+0000] {dagbag.py:540} INFO - Filling up the DagBag from /home/airflow/.local/lib/python3.8/site-packages/airflow/example_dags/example_branch_operator.py
[2024-04-05T05:44:36.308+0000] {processor.py:840} INFO - DAG(s) 'example_branch_operator' retrieved from /home/airflow/.local/lib/python3.8/site-packages/airflow/example_dags/example_branch_operator.py
[2024-04-05T05:44:36.417+0000] {logging_mixin.py:188} INFO - [2024-04-05T05:44:36.416+0000] {dag.py:3047} INFO - Sync 1 DAGs
[2024-04-05T05:44:36.542+0000] {logging_mixin.py:188} INFO - [2024-04-05T05:44:36.539+0000] {dag.py:3834} INFO - Setting next_dagrun for example_branch_operator to 2024-04-04 00:00:00+00:00, run_after=2024-04-05 00:00:00+00:00
[2024-04-05T05:44:36.614+0000] {processor.py:183} INFO - Processing /home/airflow/.local/lib/python3.8/site-packages/airflow/example_dags/example_branch_operator.py took 0.395 seconds
[2024-04-05T05:45:07.046+0000] {processor.py:161} INFO - Started process (PID=522) to work on /home/airflow/.local/lib/python3.8/site-packages/airflow/example_dags/example_branch_operator.py
[2024-04-05T05:45:07.050+0000] {processor.py:830} INFO - Processing file /home/airflow/.local/lib/python3.8/site-packages/airflow/example_dags/example_branch_operator.py for tasks to queue
[2024-04-05T05:45:07.056+0000] {logging_mixin.py:188} INFO - [2024-04-05T05:45:07.055+0000] {dagbag.py:540} INFO - Filling up the DagBag from /home/airflow/.local/lib/python3.8/site-packages/airflow/example_dags/example_branch_operator.py
[2024-04-05T05:45:07.196+0000] {processor.py:840} INFO - DAG(s) 'example_branch_operator' retrieved from /home/airflow/.local/lib/python3.8/site-packages/airflow/example_dags/example_branch_operator.py
[2024-04-05T05:45:07.399+0000] {logging_mixin.py:188} INFO - [2024-04-05T05:45:07.398+0000] {dag.py:3047} INFO - Sync 1 DAGs
[2024-04-05T05:45:07.628+0000] {logging_mixin.py:188} INFO - [2024-04-05T05:45:07.628+0000] {dag.py:3834} INFO - Setting next_dagrun for example_branch_operator to 2024-04-04 00:00:00+00:00, run_after=2024-04-05 00:00:00+00:00
[2024-04-05T05:45:07.784+0000] {processor.py:183} INFO - Processing /home/airflow/.local/lib/python3.8/site-packages/airflow/example_dags/example_branch_operator.py took 0.749 seconds
[2024-04-05T05:45:38.704+0000] {processor.py:161} INFO - Started process (PID=585) to work on /home/airflow/.local/lib/python3.8/site-packages/airflow/example_dags/example_branch_operator.py
[2024-04-05T05:45:38.707+0000] {processor.py:830} INFO - Processing file /home/airflow/.local/lib/python3.8/site-packages/airflow/example_dags/example_branch_operator.py for tasks to queue
[2024-04-05T05:45:38.711+0000] {logging_mixin.py:188} INFO - [2024-04-05T05:45:38.710+0000] {dagbag.py:540} INFO - Filling up the DagBag from /home/airflow/.local/lib/python3.8/site-packages/airflow/example_dags/example_branch_operator.py
[2024-04-05T05:45:38.774+0000] {processor.py:840} INFO - DAG(s) 'example_branch_operator' retrieved from /home/airflow/.local/lib/python3.8/site-packages/airflow/example_dags/example_branch_operator.py
[2024-04-05T05:45:38.843+0000] {logging_mixin.py:188} INFO - [2024-04-05T05:45:38.843+0000] {dag.py:3047} INFO - Sync 1 DAGs
[2024-04-05T05:45:38.889+0000] {logging_mixin.py:188} INFO - [2024-04-05T05:45:38.888+0000] {dag.py:3834} INFO - Setting next_dagrun for example_branch_operator to 2024-04-04 00:00:00+00:00, run_after=2024-04-05 00:00:00+00:00
[2024-04-05T05:45:38.935+0000] {processor.py:183} INFO - Processing /home/airflow/.local/lib/python3.8/site-packages/airflow/example_dags/example_branch_operator.py took 0.242 seconds
[2024-04-05T05:46:09.424+0000] {processor.py:161} INFO - Started process (PID=642) to work on /home/airflow/.local/lib/python3.8/site-packages/airflow/example_dags/example_branch_operator.py
[2024-04-05T05:46:09.427+0000] {processor.py:830} INFO - Processing file /home/airflow/.local/lib/python3.8/site-packages/airflow/example_dags/example_branch_operator.py for tasks to queue
[2024-04-05T05:46:09.431+0000] {logging_mixin.py:188} INFO - [2024-04-05T05:46:09.429+0000] {dagbag.py:540} INFO - Filling up the DagBag from /home/airflow/.local/lib/python3.8/site-packages/airflow/example_dags/example_branch_operator.py
[2024-04-05T05:46:09.511+0000] {processor.py:840} INFO - DAG(s) 'example_branch_operator' retrieved from /home/airflow/.local/lib/python3.8/site-packages/airflow/example_dags/example_branch_operator.py
[2024-04-05T05:46:09.605+0000] {logging_mixin.py:188} INFO - [2024-04-05T05:46:09.604+0000] {dag.py:3047} INFO - Sync 1 DAGs
[2024-04-05T05:46:09.778+0000] {logging_mixin.py:188} INFO - [2024-04-05T05:46:09.777+0000] {dag.py:3834} INFO - Setting next_dagrun for example_branch_operator to 2024-04-04 00:00:00+00:00, run_after=2024-04-05 00:00:00+00:00
[2024-04-05T05:46:09.923+0000] {processor.py:183} INFO - Processing /home/airflow/.local/lib/python3.8/site-packages/airflow/example_dags/example_branch_operator.py took 0.507 seconds
[2024-04-05T05:46:40.800+0000] {processor.py:161} INFO - Started process (PID=699) to work on /home/airflow/.local/lib/python3.8/site-packages/airflow/example_dags/example_branch_operator.py
[2024-04-05T05:46:40.803+0000] {processor.py:830} INFO - Processing file /home/airflow/.local/lib/python3.8/site-packages/airflow/example_dags/example_branch_operator.py for tasks to queue
[2024-04-05T05:46:40.806+0000] {logging_mixin.py:188} INFO - [2024-04-05T05:46:40.805+0000] {dagbag.py:540} INFO - Filling up the DagBag from /home/airflow/.local/lib/python3.8/site-packages/airflow/example_dags/example_branch_operator.py
[2024-04-05T05:46:40.849+0000] {processor.py:840} INFO - DAG(s) 'example_branch_operator' retrieved from /home/airflow/.local/lib/python3.8/site-packages/airflow/example_dags/example_branch_operator.py
[2024-04-05T05:46:40.915+0000] {logging_mixin.py:188} INFO - [2024-04-05T05:46:40.915+0000] {dag.py:3047} INFO - Sync 1 DAGs
[2024-04-05T05:46:40.973+0000] {logging_mixin.py:188} INFO - [2024-04-05T05:46:40.972+0000] {dag.py:3834} INFO - Setting next_dagrun for example_branch_operator to 2024-04-04 00:00:00+00:00, run_after=2024-04-05 00:00:00+00:00
[2024-04-05T05:46:41.018+0000] {processor.py:183} INFO - Processing /home/airflow/.local/lib/python3.8/site-packages/airflow/example_dags/example_branch_operator.py took 0.226 seconds
[2024-04-05T05:47:11.623+0000] {processor.py:161} INFO - Started process (PID=761) to work on /home/airflow/.local/lib/python3.8/site-packages/airflow/example_dags/example_branch_operator.py
[2024-04-05T05:47:11.625+0000] {processor.py:830} INFO - Processing file /home/airflow/.local/lib/python3.8/site-packages/airflow/example_dags/example_branch_operator.py for tasks to queue
[2024-04-05T05:47:11.631+0000] {logging_mixin.py:188} INFO - [2024-04-05T05:47:11.629+0000] {dagbag.py:540} INFO - Filling up the DagBag from /home/airflow/.local/lib/python3.8/site-packages/airflow/example_dags/example_branch_operator.py
[2024-04-05T05:47:11.690+0000] {processor.py:840} INFO - DAG(s) 'example_branch_operator' retrieved from /home/airflow/.local/lib/python3.8/site-packages/airflow/example_dags/example_branch_operator.py
[2024-04-05T05:47:11.814+0000] {logging_mixin.py:188} INFO - [2024-04-05T05:47:11.813+0000] {dag.py:3047} INFO - Sync 1 DAGs
[2024-04-05T05:47:11.922+0000] {logging_mixin.py:188} INFO - [2024-04-05T05:47:11.921+0000] {dag.py:3834} INFO - Setting next_dagrun for example_branch_operator to 2024-04-04 00:00:00+00:00, run_after=2024-04-05 00:00:00+00:00
[2024-04-05T05:47:12.002+0000] {processor.py:183} INFO - Processing /home/airflow/.local/lib/python3.8/site-packages/airflow/example_dags/example_branch_operator.py took 0.390 seconds
[2024-04-05T05:47:42.569+0000] {processor.py:161} INFO - Started process (PID=818) to work on /home/airflow/.local/lib/python3.8/site-packages/airflow/example_dags/example_branch_operator.py
[2024-04-05T05:47:42.572+0000] {processor.py:830} INFO - Processing file /home/airflow/.local/lib/python3.8/site-packages/airflow/example_dags/example_branch_operator.py for tasks to queue
[2024-04-05T05:47:42.575+0000] {logging_mixin.py:188} INFO - [2024-04-05T05:47:42.574+0000] {dagbag.py:540} INFO - Filling up the DagBag from /home/airflow/.local/lib/python3.8/site-packages/airflow/example_dags/example_branch_operator.py
[2024-04-05T05:47:42.636+0000] {processor.py:840} INFO - DAG(s) 'example_branch_operator' retrieved from /home/airflow/.local/lib/python3.8/site-packages/airflow/example_dags/example_branch_operator.py
[2024-04-05T05:47:42.725+0000] {logging_mixin.py:188} INFO - [2024-04-05T05:47:42.724+0000] {dag.py:3047} INFO - Sync 1 DAGs
[2024-04-05T05:47:42.783+0000] {logging_mixin.py:188} INFO - [2024-04-05T05:47:42.782+0000] {dag.py:3834} INFO - Setting next_dagrun for example_branch_operator to 2024-04-04 00:00:00+00:00, run_after=2024-04-05 00:00:00+00:00
[2024-04-05T05:47:42.833+0000] {processor.py:183} INFO - Processing /home/airflow/.local/lib/python3.8/site-packages/airflow/example_dags/example_branch_operator.py took 0.272 seconds
[2024-04-05T05:48:13.388+0000] {processor.py:161} INFO - Started process (PID=875) to work on /home/airflow/.local/lib/python3.8/site-packages/airflow/example_dags/example_branch_operator.py
[2024-04-05T05:48:13.391+0000] {processor.py:830} INFO - Processing file /home/airflow/.local/lib/python3.8/site-packages/airflow/example_dags/example_branch_operator.py for tasks to queue
[2024-04-05T05:48:13.394+0000] {logging_mixin.py:188} INFO - [2024-04-05T05:48:13.393+0000] {dagbag.py:540} INFO - Filling up the DagBag from /home/airflow/.local/lib/python3.8/site-packages/airflow/example_dags/example_branch_operator.py
[2024-04-05T05:48:13.477+0000] {processor.py:840} INFO - DAG(s) 'example_branch_operator' retrieved from /home/airflow/.local/lib/python3.8/site-packages/airflow/example_dags/example_branch_operator.py
[2024-04-05T05:48:13.601+0000] {logging_mixin.py:188} INFO - [2024-04-05T05:48:13.600+0000] {dag.py:3047} INFO - Sync 1 DAGs
[2024-04-05T05:48:13.722+0000] {logging_mixin.py:188} INFO - [2024-04-05T05:48:13.721+0000] {dag.py:3834} INFO - Setting next_dagrun for example_branch_operator to 2024-04-04 00:00:00+00:00, run_after=2024-04-05 00:00:00+00:00
[2024-04-05T05:48:13.800+0000] {processor.py:183} INFO - Processing /home/airflow/.local/lib/python3.8/site-packages/airflow/example_dags/example_branch_operator.py took 0.422 seconds
[2024-04-05T05:48:43.977+0000] {processor.py:161} INFO - Started process (PID=932) to work on /home/airflow/.local/lib/python3.8/site-packages/airflow/example_dags/example_branch_operator.py
[2024-04-05T05:48:43.980+0000] {processor.py:830} INFO - Processing file /home/airflow/.local/lib/python3.8/site-packages/airflow/example_dags/example_branch_operator.py for tasks to queue
[2024-04-05T05:48:43.982+0000] {logging_mixin.py:188} INFO - [2024-04-05T05:48:43.981+0000] {dagbag.py:540} INFO - Filling up the DagBag from /home/airflow/.local/lib/python3.8/site-packages/airflow/example_dags/example_branch_operator.py
[2024-04-05T05:48:44.022+0000] {processor.py:840} INFO - DAG(s) 'example_branch_operator' retrieved from /home/airflow/.local/lib/python3.8/site-packages/airflow/example_dags/example_branch_operator.py
[2024-04-05T05:48:44.093+0000] {logging_mixin.py:188} INFO - [2024-04-05T05:48:44.093+0000] {dag.py:3047} INFO - Sync 1 DAGs
[2024-04-05T05:48:44.147+0000] {logging_mixin.py:188} INFO - [2024-04-05T05:48:44.146+0000] {dag.py:3834} INFO - Setting next_dagrun for example_branch_operator to 2024-04-04 00:00:00+00:00, run_after=2024-04-05 00:00:00+00:00
[2024-04-05T05:48:44.190+0000] {processor.py:183} INFO - Processing /home/airflow/.local/lib/python3.8/site-packages/airflow/example_dags/example_branch_operator.py took 0.221 seconds
[2024-04-05T05:49:14.766+0000] {processor.py:161} INFO - Started process (PID=989) to work on /home/airflow/.local/lib/python3.8/site-packages/airflow/example_dags/example_branch_operator.py
[2024-04-05T05:49:14.768+0000] {processor.py:830} INFO - Processing file /home/airflow/.local/lib/python3.8/site-packages/airflow/example_dags/example_branch_operator.py for tasks to queue
[2024-04-05T05:49:14.771+0000] {logging_mixin.py:188} INFO - [2024-04-05T05:49:14.770+0000] {dagbag.py:540} INFO - Filling up the DagBag from /home/airflow/.local/lib/python3.8/site-packages/airflow/example_dags/example_branch_operator.py
[2024-04-05T05:49:14.812+0000] {processor.py:840} INFO - DAG(s) 'example_branch_operator' retrieved from /home/airflow/.local/lib/python3.8/site-packages/airflow/example_dags/example_branch_operator.py
[2024-04-05T05:49:14.888+0000] {logging_mixin.py:188} INFO - [2024-04-05T05:49:14.887+0000] {dag.py:3047} INFO - Sync 1 DAGs
[2024-04-05T05:49:14.940+0000] {logging_mixin.py:188} INFO - [2024-04-05T05:49:14.939+0000] {dag.py:3834} INFO - Setting next_dagrun for example_branch_operator to 2024-04-04 00:00:00+00:00, run_after=2024-04-05 00:00:00+00:00
[2024-04-05T05:49:14.987+0000] {processor.py:183} INFO - Processing /home/airflow/.local/lib/python3.8/site-packages/airflow/example_dags/example_branch_operator.py took 0.231 seconds
[2024-04-05T05:49:45.534+0000] {processor.py:161} INFO - Started process (PID=1046) to work on /home/airflow/.local/lib/python3.8/site-packages/airflow/example_dags/example_branch_operator.py
[2024-04-05T05:49:45.536+0000] {processor.py:830} INFO - Processing file /home/airflow/.local/lib/python3.8/site-packages/airflow/example_dags/example_branch_operator.py for tasks to queue
[2024-04-05T05:49:45.538+0000] {logging_mixin.py:188} INFO - [2024-04-05T05:49:45.538+0000] {dagbag.py:540} INFO - Filling up the DagBag from /home/airflow/.local/lib/python3.8/site-packages/airflow/example_dags/example_branch_operator.py
[2024-04-05T05:49:45.591+0000] {processor.py:840} INFO - DAG(s) 'example_branch_operator' retrieved from /home/airflow/.local/lib/python3.8/site-packages/airflow/example_dags/example_branch_operator.py
[2024-04-05T05:49:45.662+0000] {logging_mixin.py:188} INFO - [2024-04-05T05:49:45.662+0000] {dag.py:3047} INFO - Sync 1 DAGs
[2024-04-05T05:49:45.714+0000] {logging_mixin.py:188} INFO - [2024-04-05T05:49:45.713+0000] {dag.py:3834} INFO - Setting next_dagrun for example_branch_operator to 2024-04-04 00:00:00+00:00, run_after=2024-04-05 00:00:00+00:00
[2024-04-05T05:49:45.752+0000] {processor.py:183} INFO - Processing /home/airflow/.local/lib/python3.8/site-packages/airflow/example_dags/example_branch_operator.py took 0.226 seconds
[2024-04-05T05:50:15.953+0000] {processor.py:161} INFO - Started process (PID=1103) to work on /home/airflow/.local/lib/python3.8/site-packages/airflow/example_dags/example_branch_operator.py
[2024-04-05T05:50:15.956+0000] {processor.py:830} INFO - Processing file /home/airflow/.local/lib/python3.8/site-packages/airflow/example_dags/example_branch_operator.py for tasks to queue
[2024-04-05T05:50:15.958+0000] {logging_mixin.py:188} INFO - [2024-04-05T05:50:15.957+0000] {dagbag.py:540} INFO - Filling up the DagBag from /home/airflow/.local/lib/python3.8/site-packages/airflow/example_dags/example_branch_operator.py
[2024-04-05T05:50:16.022+0000] {processor.py:840} INFO - DAG(s) 'example_branch_operator' retrieved from /home/airflow/.local/lib/python3.8/site-packages/airflow/example_dags/example_branch_operator.py
[2024-04-05T05:50:16.114+0000] {logging_mixin.py:188} INFO - [2024-04-05T05:50:16.114+0000] {dag.py:3047} INFO - Sync 1 DAGs
[2024-04-05T05:50:16.202+0000] {logging_mixin.py:188} INFO - [2024-04-05T05:50:16.202+0000] {dag.py:3834} INFO - Setting next_dagrun for example_branch_operator to 2024-04-04 00:00:00+00:00, run_after=2024-04-05 00:00:00+00:00
[2024-04-05T05:50:16.262+0000] {processor.py:183} INFO - Processing /home/airflow/.local/lib/python3.8/site-packages/airflow/example_dags/example_branch_operator.py took 0.316 seconds
[2024-04-05T05:50:47.095+0000] {processor.py:161} INFO - Started process (PID=1158) to work on /home/airflow/.local/lib/python3.8/site-packages/airflow/example_dags/example_branch_operator.py
[2024-04-05T05:50:47.097+0000] {processor.py:830} INFO - Processing file /home/airflow/.local/lib/python3.8/site-packages/airflow/example_dags/example_branch_operator.py for tasks to queue
[2024-04-05T05:50:47.100+0000] {logging_mixin.py:188} INFO - [2024-04-05T05:50:47.099+0000] {dagbag.py:540} INFO - Filling up the DagBag from /home/airflow/.local/lib/python3.8/site-packages/airflow/example_dags/example_branch_operator.py
[2024-04-05T05:50:47.136+0000] {processor.py:840} INFO - DAG(s) 'example_branch_operator' retrieved from /home/airflow/.local/lib/python3.8/site-packages/airflow/example_dags/example_branch_operator.py
[2024-04-05T05:50:47.188+0000] {logging_mixin.py:188} INFO - [2024-04-05T05:50:47.187+0000] {dag.py:3047} INFO - Sync 1 DAGs
[2024-04-05T05:50:47.226+0000] {logging_mixin.py:188} INFO - [2024-04-05T05:50:47.226+0000] {dag.py:3834} INFO - Setting next_dagrun for example_branch_operator to 2024-04-04 00:00:00+00:00, run_after=2024-04-05 00:00:00+00:00
[2024-04-05T05:50:47.263+0000] {processor.py:183} INFO - Processing /home/airflow/.local/lib/python3.8/site-packages/airflow/example_dags/example_branch_operator.py took 0.176 seconds
[2024-04-05T05:51:17.986+0000] {processor.py:161} INFO - Started process (PID=1215) to work on /home/airflow/.local/lib/python3.8/site-packages/airflow/example_dags/example_branch_operator.py
[2024-04-05T05:51:17.988+0000] {processor.py:830} INFO - Processing file /home/airflow/.local/lib/python3.8/site-packages/airflow/example_dags/example_branch_operator.py for tasks to queue
[2024-04-05T05:51:17.991+0000] {logging_mixin.py:188} INFO - [2024-04-05T05:51:17.990+0000] {dagbag.py:540} INFO - Filling up the DagBag from /home/airflow/.local/lib/python3.8/site-packages/airflow/example_dags/example_branch_operator.py
[2024-04-05T05:51:18.041+0000] {processor.py:840} INFO - DAG(s) 'example_branch_operator' retrieved from /home/airflow/.local/lib/python3.8/site-packages/airflow/example_dags/example_branch_operator.py
[2024-04-05T05:51:18.117+0000] {logging_mixin.py:188} INFO - [2024-04-05T05:51:18.116+0000] {dag.py:3047} INFO - Sync 1 DAGs
[2024-04-05T05:51:18.173+0000] {logging_mixin.py:188} INFO - [2024-04-05T05:51:18.173+0000] {dag.py:3834} INFO - Setting next_dagrun for example_branch_operator to 2024-04-04 00:00:00+00:00, run_after=2024-04-05 00:00:00+00:00
[2024-04-05T05:51:18.224+0000] {processor.py:183} INFO - Processing /home/airflow/.local/lib/python3.8/site-packages/airflow/example_dags/example_branch_operator.py took 0.251 seconds
[2024-04-05T05:51:48.404+0000] {processor.py:161} INFO - Started process (PID=1272) to work on /home/airflow/.local/lib/python3.8/site-packages/airflow/example_dags/example_branch_operator.py
[2024-04-05T05:51:48.406+0000] {processor.py:830} INFO - Processing file /home/airflow/.local/lib/python3.8/site-packages/airflow/example_dags/example_branch_operator.py for tasks to queue
[2024-04-05T05:51:48.409+0000] {logging_mixin.py:188} INFO - [2024-04-05T05:51:48.408+0000] {dagbag.py:540} INFO - Filling up the DagBag from /home/airflow/.local/lib/python3.8/site-packages/airflow/example_dags/example_branch_operator.py
[2024-04-05T05:51:48.449+0000] {processor.py:840} INFO - DAG(s) 'example_branch_operator' retrieved from /home/airflow/.local/lib/python3.8/site-packages/airflow/example_dags/example_branch_operator.py
[2024-04-05T05:51:48.524+0000] {logging_mixin.py:188} INFO - [2024-04-05T05:51:48.523+0000] {dag.py:3047} INFO - Sync 1 DAGs
[2024-04-05T05:51:48.592+0000] {logging_mixin.py:188} INFO - [2024-04-05T05:51:48.592+0000] {dag.py:3834} INFO - Setting next_dagrun for example_branch_operator to 2024-04-04 00:00:00+00:00, run_after=2024-04-05 00:00:00+00:00
[2024-04-05T05:51:48.647+0000] {processor.py:183} INFO - Processing /home/airflow/.local/lib/python3.8/site-packages/airflow/example_dags/example_branch_operator.py took 0.250 seconds
[2024-04-05T05:52:19.063+0000] {processor.py:161} INFO - Started process (PID=1328) to work on /home/airflow/.local/lib/python3.8/site-packages/airflow/example_dags/example_branch_operator.py
[2024-04-05T05:52:19.065+0000] {processor.py:830} INFO - Processing file /home/airflow/.local/lib/python3.8/site-packages/airflow/example_dags/example_branch_operator.py for tasks to queue
[2024-04-05T05:52:19.067+0000] {logging_mixin.py:188} INFO - [2024-04-05T05:52:19.067+0000] {dagbag.py:540} INFO - Filling up the DagBag from /home/airflow/.local/lib/python3.8/site-packages/airflow/example_dags/example_branch_operator.py
[2024-04-05T05:52:19.103+0000] {processor.py:840} INFO - DAG(s) 'example_branch_operator' retrieved from /home/airflow/.local/lib/python3.8/site-packages/airflow/example_dags/example_branch_operator.py
[2024-04-05T05:52:19.159+0000] {logging_mixin.py:188} INFO - [2024-04-05T05:52:19.159+0000] {dag.py:3047} INFO - Sync 1 DAGs
[2024-04-05T05:52:19.208+0000] {logging_mixin.py:188} INFO - [2024-04-05T05:52:19.207+0000] {dag.py:3834} INFO - Setting next_dagrun for example_branch_operator to 2024-04-04 00:00:00+00:00, run_after=2024-04-05 00:00:00+00:00
[2024-04-05T05:52:19.251+0000] {processor.py:183} INFO - Processing /home/airflow/.local/lib/python3.8/site-packages/airflow/example_dags/example_branch_operator.py took 0.193 seconds
[2024-04-05T05:52:49.522+0000] {processor.py:161} INFO - Started process (PID=1385) to work on /home/airflow/.local/lib/python3.8/site-packages/airflow/example_dags/example_branch_operator.py
[2024-04-05T05:52:49.524+0000] {processor.py:830} INFO - Processing file /home/airflow/.local/lib/python3.8/site-packages/airflow/example_dags/example_branch_operator.py for tasks to queue
[2024-04-05T05:52:49.526+0000] {logging_mixin.py:188} INFO - [2024-04-05T05:52:49.525+0000] {dagbag.py:540} INFO - Filling up the DagBag from /home/airflow/.local/lib/python3.8/site-packages/airflow/example_dags/example_branch_operator.py
[2024-04-05T05:52:49.562+0000] {processor.py:840} INFO - DAG(s) 'example_branch_operator' retrieved from /home/airflow/.local/lib/python3.8/site-packages/airflow/example_dags/example_branch_operator.py
[2024-04-05T05:52:49.621+0000] {logging_mixin.py:188} INFO - [2024-04-05T05:52:49.621+0000] {dag.py:3047} INFO - Sync 1 DAGs
[2024-04-05T05:52:49.684+0000] {logging_mixin.py:188} INFO - [2024-04-05T05:52:49.683+0000] {dag.py:3834} INFO - Setting next_dagrun for example_branch_operator to 2024-04-04 00:00:00+00:00, run_after=2024-04-05 00:00:00+00:00
[2024-04-05T05:52:49.742+0000] {processor.py:183} INFO - Processing /home/airflow/.local/lib/python3.8/site-packages/airflow/example_dags/example_branch_operator.py took 0.226 seconds
[2024-04-05T05:53:20.087+0000] {processor.py:161} INFO - Started process (PID=1442) to work on /home/airflow/.local/lib/python3.8/site-packages/airflow/example_dags/example_branch_operator.py
[2024-04-05T05:53:20.090+0000] {processor.py:830} INFO - Processing file /home/airflow/.local/lib/python3.8/site-packages/airflow/example_dags/example_branch_operator.py for tasks to queue
[2024-04-05T05:53:20.092+0000] {logging_mixin.py:188} INFO - [2024-04-05T05:53:20.091+0000] {dagbag.py:540} INFO - Filling up the DagBag from /home/airflow/.local/lib/python3.8/site-packages/airflow/example_dags/example_branch_operator.py
[2024-04-05T05:53:20.148+0000] {processor.py:840} INFO - DAG(s) 'example_branch_operator' retrieved from /home/airflow/.local/lib/python3.8/site-packages/airflow/example_dags/example_branch_operator.py
[2024-04-05T05:53:20.255+0000] {logging_mixin.py:188} INFO - [2024-04-05T05:53:20.254+0000] {dag.py:3047} INFO - Sync 1 DAGs
[2024-04-05T05:53:20.311+0000] {logging_mixin.py:188} INFO - [2024-04-05T05:53:20.311+0000] {dag.py:3834} INFO - Setting next_dagrun for example_branch_operator to 2024-04-04 00:00:00+00:00, run_after=2024-04-05 00:00:00+00:00
[2024-04-05T05:53:20.356+0000] {processor.py:183} INFO - Processing /home/airflow/.local/lib/python3.8/site-packages/airflow/example_dags/example_branch_operator.py took 0.281 seconds
[2024-04-05T05:53:50.888+0000] {processor.py:161} INFO - Started process (PID=1499) to work on /home/airflow/.local/lib/python3.8/site-packages/airflow/example_dags/example_branch_operator.py
[2024-04-05T05:53:50.889+0000] {processor.py:830} INFO - Processing file /home/airflow/.local/lib/python3.8/site-packages/airflow/example_dags/example_branch_operator.py for tasks to queue
[2024-04-05T05:53:50.891+0000] {logging_mixin.py:188} INFO - [2024-04-05T05:53:50.891+0000] {dagbag.py:540} INFO - Filling up the DagBag from /home/airflow/.local/lib/python3.8/site-packages/airflow/example_dags/example_branch_operator.py
[2024-04-05T05:53:50.924+0000] {processor.py:840} INFO - DAG(s) 'example_branch_operator' retrieved from /home/airflow/.local/lib/python3.8/site-packages/airflow/example_dags/example_branch_operator.py
[2024-04-05T05:53:51.002+0000] {logging_mixin.py:188} INFO - [2024-04-05T05:53:51.002+0000] {dag.py:3047} INFO - Sync 1 DAGs
[2024-04-05T05:53:51.044+0000] {logging_mixin.py:188} INFO - [2024-04-05T05:53:51.044+0000] {dag.py:3834} INFO - Setting next_dagrun for example_branch_operator to 2024-04-04 00:00:00+00:00, run_after=2024-04-05 00:00:00+00:00
[2024-04-05T05:53:51.078+0000] {processor.py:183} INFO - Processing /home/airflow/.local/lib/python3.8/site-packages/airflow/example_dags/example_branch_operator.py took 0.196 seconds
[2024-04-05T05:54:21.429+0000] {processor.py:161} INFO - Started process (PID=1557) to work on /home/airflow/.local/lib/python3.8/site-packages/airflow/example_dags/example_branch_operator.py
[2024-04-05T05:54:21.431+0000] {processor.py:830} INFO - Processing file /home/airflow/.local/lib/python3.8/site-packages/airflow/example_dags/example_branch_operator.py for tasks to queue
[2024-04-05T05:54:21.433+0000] {logging_mixin.py:188} INFO - [2024-04-05T05:54:21.432+0000] {dagbag.py:540} INFO - Filling up the DagBag from /home/airflow/.local/lib/python3.8/site-packages/airflow/example_dags/example_branch_operator.py
[2024-04-05T05:54:21.492+0000] {processor.py:840} INFO - DAG(s) 'example_branch_operator' retrieved from /home/airflow/.local/lib/python3.8/site-packages/airflow/example_dags/example_branch_operator.py
[2024-04-05T05:54:21.595+0000] {logging_mixin.py:188} INFO - [2024-04-05T05:54:21.595+0000] {dag.py:3047} INFO - Sync 1 DAGs
[2024-04-05T05:54:21.660+0000] {logging_mixin.py:188} INFO - [2024-04-05T05:54:21.660+0000] {dag.py:3834} INFO - Setting next_dagrun for example_branch_operator to 2024-04-04 00:00:00+00:00, run_after=2024-04-05 00:00:00+00:00
[2024-04-05T05:54:21.695+0000] {processor.py:183} INFO - Processing /home/airflow/.local/lib/python3.8/site-packages/airflow/example_dags/example_branch_operator.py took 0.274 seconds
[2024-04-05T05:54:53.020+0000] {processor.py:161} INFO - Started process (PID=1615) to work on /home/airflow/.local/lib/python3.8/site-packages/airflow/example_dags/example_branch_operator.py
[2024-04-05T05:54:53.026+0000] {processor.py:830} INFO - Processing file /home/airflow/.local/lib/python3.8/site-packages/airflow/example_dags/example_branch_operator.py for tasks to queue
[2024-04-05T05:54:53.030+0000] {logging_mixin.py:188} INFO - [2024-04-05T05:54:53.030+0000] {dagbag.py:540} INFO - Filling up the DagBag from /home/airflow/.local/lib/python3.8/site-packages/airflow/example_dags/example_branch_operator.py
[2024-04-05T05:54:53.204+0000] {processor.py:840} INFO - DAG(s) 'example_branch_operator' retrieved from /home/airflow/.local/lib/python3.8/site-packages/airflow/example_dags/example_branch_operator.py
[2024-04-05T05:54:53.432+0000] {logging_mixin.py:188} INFO - [2024-04-05T05:54:53.431+0000] {dag.py:3047} INFO - Sync 1 DAGs
[2024-04-05T05:54:53.621+0000] {logging_mixin.py:188} INFO - [2024-04-05T05:54:53.621+0000] {dag.py:3834} INFO - Setting next_dagrun for example_branch_operator to 2024-04-04 00:00:00+00:00, run_after=2024-04-05 00:00:00+00:00
[2024-04-05T05:54:53.766+0000] {processor.py:183} INFO - Processing /home/airflow/.local/lib/python3.8/site-packages/airflow/example_dags/example_branch_operator.py took 0.767 seconds
[2024-04-05T05:55:23.885+0000] {processor.py:161} INFO - Started process (PID=1671) to work on /home/airflow/.local/lib/python3.8/site-packages/airflow/example_dags/example_branch_operator.py
[2024-04-05T05:55:23.887+0000] {processor.py:830} INFO - Processing file /home/airflow/.local/lib/python3.8/site-packages/airflow/example_dags/example_branch_operator.py for tasks to queue
[2024-04-05T05:55:23.889+0000] {logging_mixin.py:188} INFO - [2024-04-05T05:55:23.888+0000] {dagbag.py:540} INFO - Filling up the DagBag from /home/airflow/.local/lib/python3.8/site-packages/airflow/example_dags/example_branch_operator.py
[2024-04-05T05:55:23.928+0000] {processor.py:840} INFO - DAG(s) 'example_branch_operator' retrieved from /home/airflow/.local/lib/python3.8/site-packages/airflow/example_dags/example_branch_operator.py
[2024-04-05T05:55:23.981+0000] {logging_mixin.py:188} INFO - [2024-04-05T05:55:23.981+0000] {dag.py:3047} INFO - Sync 1 DAGs
[2024-04-05T05:55:24.025+0000] {logging_mixin.py:188} INFO - [2024-04-05T05:55:24.025+0000] {dag.py:3834} INFO - Setting next_dagrun for example_branch_operator to 2024-04-04 00:00:00+00:00, run_after=2024-04-05 00:00:00+00:00
[2024-04-05T05:55:24.060+0000] {processor.py:183} INFO - Processing /home/airflow/.local/lib/python3.8/site-packages/airflow/example_dags/example_branch_operator.py took 0.182 seconds
[2024-04-05T05:55:54.330+0000] {processor.py:161} INFO - Started process (PID=1728) to work on /home/airflow/.local/lib/python3.8/site-packages/airflow/example_dags/example_branch_operator.py
[2024-04-05T05:55:54.332+0000] {processor.py:830} INFO - Processing file /home/airflow/.local/lib/python3.8/site-packages/airflow/example_dags/example_branch_operator.py for tasks to queue
[2024-04-05T05:55:54.334+0000] {logging_mixin.py:188} INFO - [2024-04-05T05:55:54.334+0000] {dagbag.py:540} INFO - Filling up the DagBag from /home/airflow/.local/lib/python3.8/site-packages/airflow/example_dags/example_branch_operator.py
[2024-04-05T05:55:54.390+0000] {processor.py:840} INFO - DAG(s) 'example_branch_operator' retrieved from /home/airflow/.local/lib/python3.8/site-packages/airflow/example_dags/example_branch_operator.py
[2024-04-05T05:55:54.480+0000] {logging_mixin.py:188} INFO - [2024-04-05T05:55:54.479+0000] {dag.py:3047} INFO - Sync 1 DAGs
[2024-04-05T05:55:54.551+0000] {logging_mixin.py:188} INFO - [2024-04-05T05:55:54.551+0000] {dag.py:3834} INFO - Setting next_dagrun for example_branch_operator to 2024-04-04 00:00:00+00:00, run_after=2024-04-05 00:00:00+00:00
[2024-04-05T05:55:54.593+0000] {processor.py:183} INFO - Processing /home/airflow/.local/lib/python3.8/site-packages/airflow/example_dags/example_branch_operator.py took 0.273 seconds
[2024-04-05T05:56:25.503+0000] {processor.py:161} INFO - Started process (PID=1786) to work on /home/airflow/.local/lib/python3.8/site-packages/airflow/example_dags/example_branch_operator.py
[2024-04-05T05:56:25.505+0000] {processor.py:830} INFO - Processing file /home/airflow/.local/lib/python3.8/site-packages/airflow/example_dags/example_branch_operator.py for tasks to queue
[2024-04-05T05:56:25.507+0000] {logging_mixin.py:188} INFO - [2024-04-05T05:56:25.506+0000] {dagbag.py:540} INFO - Filling up the DagBag from /home/airflow/.local/lib/python3.8/site-packages/airflow/example_dags/example_branch_operator.py
[2024-04-05T05:56:25.540+0000] {processor.py:840} INFO - DAG(s) 'example_branch_operator' retrieved from /home/airflow/.local/lib/python3.8/site-packages/airflow/example_dags/example_branch_operator.py
[2024-04-05T05:56:25.590+0000] {logging_mixin.py:188} INFO - [2024-04-05T05:56:25.590+0000] {dag.py:3047} INFO - Sync 1 DAGs
[2024-04-05T05:56:25.640+0000] {logging_mixin.py:188} INFO - [2024-04-05T05:56:25.640+0000] {dag.py:3834} INFO - Setting next_dagrun for example_branch_operator to 2024-04-04 00:00:00+00:00, run_after=2024-04-05 00:00:00+00:00
[2024-04-05T05:56:25.677+0000] {processor.py:183} INFO - Processing /home/airflow/.local/lib/python3.8/site-packages/airflow/example_dags/example_branch_operator.py took 0.179 seconds
[2024-04-05T05:56:56.143+0000] {processor.py:161} INFO - Started process (PID=1843) to work on /home/airflow/.local/lib/python3.8/site-packages/airflow/example_dags/example_branch_operator.py
[2024-04-05T05:56:56.145+0000] {processor.py:830} INFO - Processing file /home/airflow/.local/lib/python3.8/site-packages/airflow/example_dags/example_branch_operator.py for tasks to queue
[2024-04-05T05:56:56.148+0000] {logging_mixin.py:188} INFO - [2024-04-05T05:56:56.147+0000] {dagbag.py:540} INFO - Filling up the DagBag from /home/airflow/.local/lib/python3.8/site-packages/airflow/example_dags/example_branch_operator.py
[2024-04-05T05:56:56.197+0000] {processor.py:840} INFO - DAG(s) 'example_branch_operator' retrieved from /home/airflow/.local/lib/python3.8/site-packages/airflow/example_dags/example_branch_operator.py
[2024-04-05T05:56:56.255+0000] {logging_mixin.py:188} INFO - [2024-04-05T05:56:56.255+0000] {dag.py:3047} INFO - Sync 1 DAGs
[2024-04-05T05:56:56.297+0000] {logging_mixin.py:188} INFO - [2024-04-05T05:56:56.297+0000] {dag.py:3834} INFO - Setting next_dagrun for example_branch_operator to 2024-04-04 00:00:00+00:00, run_after=2024-04-05 00:00:00+00:00
[2024-04-05T05:56:56.324+0000] {processor.py:183} INFO - Processing /home/airflow/.local/lib/python3.8/site-packages/airflow/example_dags/example_branch_operator.py took 0.187 seconds
[2024-04-05T05:57:26.526+0000] {processor.py:161} INFO - Started process (PID=1900) to work on /home/airflow/.local/lib/python3.8/site-packages/airflow/example_dags/example_branch_operator.py
[2024-04-05T05:57:26.528+0000] {processor.py:830} INFO - Processing file /home/airflow/.local/lib/python3.8/site-packages/airflow/example_dags/example_branch_operator.py for tasks to queue
[2024-04-05T05:57:26.530+0000] {logging_mixin.py:188} INFO - [2024-04-05T05:57:26.530+0000] {dagbag.py:540} INFO - Filling up the DagBag from /home/airflow/.local/lib/python3.8/site-packages/airflow/example_dags/example_branch_operator.py
[2024-04-05T05:57:26.558+0000] {processor.py:840} INFO - DAG(s) 'example_branch_operator' retrieved from /home/airflow/.local/lib/python3.8/site-packages/airflow/example_dags/example_branch_operator.py
[2024-04-05T05:57:26.620+0000] {logging_mixin.py:188} INFO - [2024-04-05T05:57:26.619+0000] {dag.py:3047} INFO - Sync 1 DAGs
[2024-04-05T05:57:26.658+0000] {logging_mixin.py:188} INFO - [2024-04-05T05:57:26.657+0000] {dag.py:3834} INFO - Setting next_dagrun for example_branch_operator to 2024-04-04 00:00:00+00:00, run_after=2024-04-05 00:00:00+00:00
[2024-04-05T05:57:26.684+0000] {processor.py:183} INFO - Processing /home/airflow/.local/lib/python3.8/site-packages/airflow/example_dags/example_branch_operator.py took 0.164 seconds
[2024-04-05T05:57:57.337+0000] {processor.py:161} INFO - Started process (PID=1957) to work on /home/airflow/.local/lib/python3.8/site-packages/airflow/example_dags/example_branch_operator.py
[2024-04-05T05:57:57.339+0000] {processor.py:830} INFO - Processing file /home/airflow/.local/lib/python3.8/site-packages/airflow/example_dags/example_branch_operator.py for tasks to queue
[2024-04-05T05:57:57.341+0000] {logging_mixin.py:188} INFO - [2024-04-05T05:57:57.340+0000] {dagbag.py:540} INFO - Filling up the DagBag from /home/airflow/.local/lib/python3.8/site-packages/airflow/example_dags/example_branch_operator.py
[2024-04-05T05:57:57.373+0000] {processor.py:840} INFO - DAG(s) 'example_branch_operator' retrieved from /home/airflow/.local/lib/python3.8/site-packages/airflow/example_dags/example_branch_operator.py
[2024-04-05T05:57:57.423+0000] {logging_mixin.py:188} INFO - [2024-04-05T05:57:57.423+0000] {dag.py:3047} INFO - Sync 1 DAGs
[2024-04-05T05:57:57.483+0000] {logging_mixin.py:188} INFO - [2024-04-05T05:57:57.482+0000] {dag.py:3834} INFO - Setting next_dagrun for example_branch_operator to 2024-04-04 00:00:00+00:00, run_after=2024-04-05 00:00:00+00:00
[2024-04-05T05:57:57.523+0000] {processor.py:183} INFO - Processing /home/airflow/.local/lib/python3.8/site-packages/airflow/example_dags/example_branch_operator.py took 0.192 seconds
[2024-04-05T05:58:27.835+0000] {processor.py:161} INFO - Started process (PID=2014) to work on /home/airflow/.local/lib/python3.8/site-packages/airflow/example_dags/example_branch_operator.py
[2024-04-05T05:58:27.837+0000] {processor.py:830} INFO - Processing file /home/airflow/.local/lib/python3.8/site-packages/airflow/example_dags/example_branch_operator.py for tasks to queue
[2024-04-05T05:58:27.839+0000] {logging_mixin.py:188} INFO - [2024-04-05T05:58:27.838+0000] {dagbag.py:540} INFO - Filling up the DagBag from /home/airflow/.local/lib/python3.8/site-packages/airflow/example_dags/example_branch_operator.py
[2024-04-05T05:58:27.867+0000] {processor.py:840} INFO - DAG(s) 'example_branch_operator' retrieved from /home/airflow/.local/lib/python3.8/site-packages/airflow/example_dags/example_branch_operator.py
[2024-04-05T05:58:27.917+0000] {logging_mixin.py:188} INFO - [2024-04-05T05:58:27.916+0000] {dag.py:3047} INFO - Sync 1 DAGs
[2024-04-05T05:58:27.957+0000] {logging_mixin.py:188} INFO - [2024-04-05T05:58:27.956+0000] {dag.py:3834} INFO - Setting next_dagrun for example_branch_operator to 2024-04-04 00:00:00+00:00, run_after=2024-04-05 00:00:00+00:00
[2024-04-05T05:58:27.987+0000] {processor.py:183} INFO - Processing /home/airflow/.local/lib/python3.8/site-packages/airflow/example_dags/example_branch_operator.py took 0.158 seconds
[2024-04-05T05:58:58.310+0000] {processor.py:161} INFO - Started process (PID=2071) to work on /home/airflow/.local/lib/python3.8/site-packages/airflow/example_dags/example_branch_operator.py
[2024-04-05T05:58:58.312+0000] {processor.py:830} INFO - Processing file /home/airflow/.local/lib/python3.8/site-packages/airflow/example_dags/example_branch_operator.py for tasks to queue
[2024-04-05T05:58:58.315+0000] {logging_mixin.py:188} INFO - [2024-04-05T05:58:58.314+0000] {dagbag.py:540} INFO - Filling up the DagBag from /home/airflow/.local/lib/python3.8/site-packages/airflow/example_dags/example_branch_operator.py
[2024-04-05T05:58:58.358+0000] {processor.py:840} INFO - DAG(s) 'example_branch_operator' retrieved from /home/airflow/.local/lib/python3.8/site-packages/airflow/example_dags/example_branch_operator.py
[2024-04-05T05:58:58.419+0000] {logging_mixin.py:188} INFO - [2024-04-05T05:58:58.419+0000] {dag.py:3047} INFO - Sync 1 DAGs
[2024-04-05T05:58:58.462+0000] {logging_mixin.py:188} INFO - [2024-04-05T05:58:58.462+0000] {dag.py:3834} INFO - Setting next_dagrun for example_branch_operator to 2024-04-04 00:00:00+00:00, run_after=2024-04-05 00:00:00+00:00
[2024-04-05T05:58:58.492+0000] {processor.py:183} INFO - Processing /home/airflow/.local/lib/python3.8/site-packages/airflow/example_dags/example_branch_operator.py took 0.187 seconds
[2024-04-05T05:59:28.663+0000] {processor.py:161} INFO - Started process (PID=2128) to work on /home/airflow/.local/lib/python3.8/site-packages/airflow/example_dags/example_branch_operator.py
[2024-04-05T05:59:28.666+0000] {processor.py:830} INFO - Processing file /home/airflow/.local/lib/python3.8/site-packages/airflow/example_dags/example_branch_operator.py for tasks to queue
[2024-04-05T05:59:28.669+0000] {logging_mixin.py:188} INFO - [2024-04-05T05:59:28.668+0000] {dagbag.py:540} INFO - Filling up the DagBag from /home/airflow/.local/lib/python3.8/site-packages/airflow/example_dags/example_branch_operator.py
[2024-04-05T05:59:28.707+0000] {processor.py:840} INFO - DAG(s) 'example_branch_operator' retrieved from /home/airflow/.local/lib/python3.8/site-packages/airflow/example_dags/example_branch_operator.py
[2024-04-05T05:59:28.769+0000] {logging_mixin.py:188} INFO - [2024-04-05T05:59:28.769+0000] {dag.py:3047} INFO - Sync 1 DAGs
[2024-04-05T05:59:28.834+0000] {logging_mixin.py:188} INFO - [2024-04-05T05:59:28.833+0000] {dag.py:3834} INFO - Setting next_dagrun for example_branch_operator to 2024-04-04 00:00:00+00:00, run_after=2024-04-05 00:00:00+00:00
[2024-04-05T05:59:28.870+0000] {processor.py:183} INFO - Processing /home/airflow/.local/lib/python3.8/site-packages/airflow/example_dags/example_branch_operator.py took 0.213 seconds
[2024-04-05T05:59:59.565+0000] {processor.py:161} INFO - Started process (PID=2185) to work on /home/airflow/.local/lib/python3.8/site-packages/airflow/example_dags/example_branch_operator.py
[2024-04-05T05:59:59.571+0000] {processor.py:830} INFO - Processing file /home/airflow/.local/lib/python3.8/site-packages/airflow/example_dags/example_branch_operator.py for tasks to queue
[2024-04-05T05:59:59.573+0000] {logging_mixin.py:188} INFO - [2024-04-05T05:59:59.573+0000] {dagbag.py:540} INFO - Filling up the DagBag from /home/airflow/.local/lib/python3.8/site-packages/airflow/example_dags/example_branch_operator.py
[2024-04-05T05:59:59.629+0000] {processor.py:840} INFO - DAG(s) 'example_branch_operator' retrieved from /home/airflow/.local/lib/python3.8/site-packages/airflow/example_dags/example_branch_operator.py
[2024-04-05T05:59:59.730+0000] {logging_mixin.py:188} INFO - [2024-04-05T05:59:59.728+0000] {dag.py:3047} INFO - Sync 1 DAGs
[2024-04-05T05:59:59.800+0000] {logging_mixin.py:188} INFO - [2024-04-05T05:59:59.799+0000] {dag.py:3834} INFO - Setting next_dagrun for example_branch_operator to 2024-04-04 00:00:00+00:00, run_after=2024-04-05 00:00:00+00:00
[2024-04-05T05:59:59.839+0000] {processor.py:183} INFO - Processing /home/airflow/.local/lib/python3.8/site-packages/airflow/example_dags/example_branch_operator.py took 0.284 seconds
[2024-04-05T06:00:30.402+0000] {processor.py:161} INFO - Started process (PID=2242) to work on /home/airflow/.local/lib/python3.8/site-packages/airflow/example_dags/example_branch_operator.py
[2024-04-05T06:00:30.404+0000] {processor.py:830} INFO - Processing file /home/airflow/.local/lib/python3.8/site-packages/airflow/example_dags/example_branch_operator.py for tasks to queue
[2024-04-05T06:00:30.407+0000] {logging_mixin.py:188} INFO - [2024-04-05T06:00:30.406+0000] {dagbag.py:540} INFO - Filling up the DagBag from /home/airflow/.local/lib/python3.8/site-packages/airflow/example_dags/example_branch_operator.py
[2024-04-05T06:00:30.440+0000] {processor.py:840} INFO - DAG(s) 'example_branch_operator' retrieved from /home/airflow/.local/lib/python3.8/site-packages/airflow/example_dags/example_branch_operator.py
[2024-04-05T06:00:30.498+0000] {logging_mixin.py:188} INFO - [2024-04-05T06:00:30.498+0000] {dag.py:3047} INFO - Sync 1 DAGs
[2024-04-05T06:00:30.550+0000] {logging_mixin.py:188} INFO - [2024-04-05T06:00:30.549+0000] {dag.py:3834} INFO - Setting next_dagrun for example_branch_operator to 2024-04-04 00:00:00+00:00, run_after=2024-04-05 00:00:00+00:00
[2024-04-05T06:00:30.583+0000] {processor.py:183} INFO - Processing /home/airflow/.local/lib/python3.8/site-packages/airflow/example_dags/example_branch_operator.py took 0.189 seconds
[2024-04-05T06:01:01.004+0000] {processor.py:161} INFO - Started process (PID=2299) to work on /home/airflow/.local/lib/python3.8/site-packages/airflow/example_dags/example_branch_operator.py
[2024-04-05T06:01:01.007+0000] {processor.py:830} INFO - Processing file /home/airflow/.local/lib/python3.8/site-packages/airflow/example_dags/example_branch_operator.py for tasks to queue
[2024-04-05T06:01:01.010+0000] {logging_mixin.py:188} INFO - [2024-04-05T06:01:01.009+0000] {dagbag.py:540} INFO - Filling up the DagBag from /home/airflow/.local/lib/python3.8/site-packages/airflow/example_dags/example_branch_operator.py
[2024-04-05T06:01:01.048+0000] {processor.py:840} INFO - DAG(s) 'example_branch_operator' retrieved from /home/airflow/.local/lib/python3.8/site-packages/airflow/example_dags/example_branch_operator.py
[2024-04-05T06:01:01.102+0000] {logging_mixin.py:188} INFO - [2024-04-05T06:01:01.102+0000] {dag.py:3047} INFO - Sync 1 DAGs
[2024-04-05T06:01:01.145+0000] {logging_mixin.py:188} INFO - [2024-04-05T06:01:01.145+0000] {dag.py:3834} INFO - Setting next_dagrun for example_branch_operator to 2024-04-04 00:00:00+00:00, run_after=2024-04-05 00:00:00+00:00
[2024-04-05T06:01:01.177+0000] {processor.py:183} INFO - Processing /home/airflow/.local/lib/python3.8/site-packages/airflow/example_dags/example_branch_operator.py took 0.183 seconds
[2024-04-05T06:01:31.361+0000] {processor.py:161} INFO - Started process (PID=2356) to work on /home/airflow/.local/lib/python3.8/site-packages/airflow/example_dags/example_branch_operator.py
[2024-04-05T06:01:31.363+0000] {processor.py:830} INFO - Processing file /home/airflow/.local/lib/python3.8/site-packages/airflow/example_dags/example_branch_operator.py for tasks to queue
[2024-04-05T06:01:31.365+0000] {logging_mixin.py:188} INFO - [2024-04-05T06:01:31.365+0000] {dagbag.py:540} INFO - Filling up the DagBag from /home/airflow/.local/lib/python3.8/site-packages/airflow/example_dags/example_branch_operator.py
[2024-04-05T06:01:31.395+0000] {processor.py:840} INFO - DAG(s) 'example_branch_operator' retrieved from /home/airflow/.local/lib/python3.8/site-packages/airflow/example_dags/example_branch_operator.py
[2024-04-05T06:01:31.444+0000] {logging_mixin.py:188} INFO - [2024-04-05T06:01:31.443+0000] {dag.py:3047} INFO - Sync 1 DAGs
[2024-04-05T06:01:31.486+0000] {logging_mixin.py:188} INFO - [2024-04-05T06:01:31.485+0000] {dag.py:3834} INFO - Setting next_dagrun for example_branch_operator to 2024-04-04 00:00:00+00:00, run_after=2024-04-05 00:00:00+00:00
[2024-04-05T06:01:31.534+0000] {processor.py:183} INFO - Processing /home/airflow/.local/lib/python3.8/site-packages/airflow/example_dags/example_branch_operator.py took 0.177 seconds
[2024-04-05T06:02:01.996+0000] {processor.py:161} INFO - Started process (PID=2413) to work on /home/airflow/.local/lib/python3.8/site-packages/airflow/example_dags/example_branch_operator.py
[2024-04-05T06:02:01.999+0000] {processor.py:830} INFO - Processing file /home/airflow/.local/lib/python3.8/site-packages/airflow/example_dags/example_branch_operator.py for tasks to queue
[2024-04-05T06:02:02.002+0000] {logging_mixin.py:188} INFO - [2024-04-05T06:02:02.001+0000] {dagbag.py:540} INFO - Filling up the DagBag from /home/airflow/.local/lib/python3.8/site-packages/airflow/example_dags/example_branch_operator.py
[2024-04-05T06:02:02.050+0000] {processor.py:840} INFO - DAG(s) 'example_branch_operator' retrieved from /home/airflow/.local/lib/python3.8/site-packages/airflow/example_dags/example_branch_operator.py
[2024-04-05T06:02:02.100+0000] {logging_mixin.py:188} INFO - [2024-04-05T06:02:02.100+0000] {dag.py:3047} INFO - Sync 1 DAGs
[2024-04-05T06:02:02.142+0000] {logging_mixin.py:188} INFO - [2024-04-05T06:02:02.142+0000] {dag.py:3834} INFO - Setting next_dagrun for example_branch_operator to 2024-04-04 00:00:00+00:00, run_after=2024-04-05 00:00:00+00:00
[2024-04-05T06:02:02.183+0000] {processor.py:183} INFO - Processing /home/airflow/.local/lib/python3.8/site-packages/airflow/example_dags/example_branch_operator.py took 0.196 seconds
[2024-04-05T06:02:32.818+0000] {processor.py:161} INFO - Started process (PID=2470) to work on /home/airflow/.local/lib/python3.8/site-packages/airflow/example_dags/example_branch_operator.py
[2024-04-05T06:02:32.819+0000] {processor.py:830} INFO - Processing file /home/airflow/.local/lib/python3.8/site-packages/airflow/example_dags/example_branch_operator.py for tasks to queue
[2024-04-05T06:02:32.821+0000] {logging_mixin.py:188} INFO - [2024-04-05T06:02:32.821+0000] {dagbag.py:540} INFO - Filling up the DagBag from /home/airflow/.local/lib/python3.8/site-packages/airflow/example_dags/example_branch_operator.py
[2024-04-05T06:02:32.854+0000] {processor.py:840} INFO - DAG(s) 'example_branch_operator' retrieved from /home/airflow/.local/lib/python3.8/site-packages/airflow/example_dags/example_branch_operator.py
[2024-04-05T06:02:32.900+0000] {logging_mixin.py:188} INFO - [2024-04-05T06:02:32.900+0000] {dag.py:3047} INFO - Sync 1 DAGs
[2024-04-05T06:02:32.940+0000] {logging_mixin.py:188} INFO - [2024-04-05T06:02:32.939+0000] {dag.py:3834} INFO - Setting next_dagrun for example_branch_operator to 2024-04-04 00:00:00+00:00, run_after=2024-04-05 00:00:00+00:00
[2024-04-05T06:02:32.969+0000] {processor.py:183} INFO - Processing /home/airflow/.local/lib/python3.8/site-packages/airflow/example_dags/example_branch_operator.py took 0.157 seconds
[2024-04-05T06:03:03.192+0000] {processor.py:161} INFO - Started process (PID=2527) to work on /home/airflow/.local/lib/python3.8/site-packages/airflow/example_dags/example_branch_operator.py
[2024-04-05T06:03:03.193+0000] {processor.py:830} INFO - Processing file /home/airflow/.local/lib/python3.8/site-packages/airflow/example_dags/example_branch_operator.py for tasks to queue
[2024-04-05T06:03:03.195+0000] {logging_mixin.py:188} INFO - [2024-04-05T06:03:03.195+0000] {dagbag.py:540} INFO - Filling up the DagBag from /home/airflow/.local/lib/python3.8/site-packages/airflow/example_dags/example_branch_operator.py
[2024-04-05T06:03:03.241+0000] {processor.py:840} INFO - DAG(s) 'example_branch_operator' retrieved from /home/airflow/.local/lib/python3.8/site-packages/airflow/example_dags/example_branch_operator.py
[2024-04-05T06:03:03.316+0000] {logging_mixin.py:188} INFO - [2024-04-05T06:03:03.316+0000] {dag.py:3047} INFO - Sync 1 DAGs
[2024-04-05T06:03:03.359+0000] {logging_mixin.py:188} INFO - [2024-04-05T06:03:03.359+0000] {dag.py:3834} INFO - Setting next_dagrun for example_branch_operator to 2024-04-04 00:00:00+00:00, run_after=2024-04-05 00:00:00+00:00
[2024-04-05T06:03:03.390+0000] {processor.py:183} INFO - Processing /home/airflow/.local/lib/python3.8/site-packages/airflow/example_dags/example_branch_operator.py took 0.204 seconds
[2024-04-05T06:03:33.455+0000] {processor.py:161} INFO - Started process (PID=2584) to work on /home/airflow/.local/lib/python3.8/site-packages/airflow/example_dags/example_branch_operator.py
[2024-04-05T06:03:33.457+0000] {processor.py:830} INFO - Processing file /home/airflow/.local/lib/python3.8/site-packages/airflow/example_dags/example_branch_operator.py for tasks to queue
[2024-04-05T06:03:33.460+0000] {logging_mixin.py:188} INFO - [2024-04-05T06:03:33.459+0000] {dagbag.py:540} INFO - Filling up the DagBag from /home/airflow/.local/lib/python3.8/site-packages/airflow/example_dags/example_branch_operator.py
[2024-04-05T06:03:33.509+0000] {processor.py:840} INFO - DAG(s) 'example_branch_operator' retrieved from /home/airflow/.local/lib/python3.8/site-packages/airflow/example_dags/example_branch_operator.py
[2024-04-05T06:03:33.600+0000] {logging_mixin.py:188} INFO - [2024-04-05T06:03:33.600+0000] {dag.py:3047} INFO - Sync 1 DAGs
[2024-04-05T06:03:33.660+0000] {logging_mixin.py:188} INFO - [2024-04-05T06:03:33.660+0000] {dag.py:3834} INFO - Setting next_dagrun for example_branch_operator to 2024-04-04 00:00:00+00:00, run_after=2024-04-05 00:00:00+00:00
[2024-04-05T06:03:33.707+0000] {processor.py:183} INFO - Processing /home/airflow/.local/lib/python3.8/site-packages/airflow/example_dags/example_branch_operator.py took 0.260 seconds
[2024-04-05T06:04:03.918+0000] {processor.py:161} INFO - Started process (PID=2641) to work on /home/airflow/.local/lib/python3.8/site-packages/airflow/example_dags/example_branch_operator.py
[2024-04-05T06:04:03.920+0000] {processor.py:830} INFO - Processing file /home/airflow/.local/lib/python3.8/site-packages/airflow/example_dags/example_branch_operator.py for tasks to queue
[2024-04-05T06:04:03.922+0000] {logging_mixin.py:188} INFO - [2024-04-05T06:04:03.922+0000] {dagbag.py:540} INFO - Filling up the DagBag from /home/airflow/.local/lib/python3.8/site-packages/airflow/example_dags/example_branch_operator.py
[2024-04-05T06:04:03.957+0000] {processor.py:840} INFO - DAG(s) 'example_branch_operator' retrieved from /home/airflow/.local/lib/python3.8/site-packages/airflow/example_dags/example_branch_operator.py
[2024-04-05T06:04:04.021+0000] {logging_mixin.py:188} INFO - [2024-04-05T06:04:04.021+0000] {dag.py:3047} INFO - Sync 1 DAGs
[2024-04-05T06:04:04.071+0000] {logging_mixin.py:188} INFO - [2024-04-05T06:04:04.071+0000] {dag.py:3834} INFO - Setting next_dagrun for example_branch_operator to 2024-04-04 00:00:00+00:00, run_after=2024-04-05 00:00:00+00:00
[2024-04-05T06:04:04.108+0000] {processor.py:183} INFO - Processing /home/airflow/.local/lib/python3.8/site-packages/airflow/example_dags/example_branch_operator.py took 0.196 seconds
[2024-04-05T06:04:34.243+0000] {processor.py:161} INFO - Started process (PID=2697) to work on /home/airflow/.local/lib/python3.8/site-packages/airflow/example_dags/example_branch_operator.py
[2024-04-05T06:04:34.245+0000] {processor.py:830} INFO - Processing file /home/airflow/.local/lib/python3.8/site-packages/airflow/example_dags/example_branch_operator.py for tasks to queue
[2024-04-05T06:04:34.248+0000] {logging_mixin.py:188} INFO - [2024-04-05T06:04:34.247+0000] {dagbag.py:540} INFO - Filling up the DagBag from /home/airflow/.local/lib/python3.8/site-packages/airflow/example_dags/example_branch_operator.py
[2024-04-05T06:04:34.289+0000] {processor.py:840} INFO - DAG(s) 'example_branch_operator' retrieved from /home/airflow/.local/lib/python3.8/site-packages/airflow/example_dags/example_branch_operator.py
[2024-04-05T06:04:34.338+0000] {logging_mixin.py:188} INFO - [2024-04-05T06:04:34.337+0000] {dag.py:3047} INFO - Sync 1 DAGs
[2024-04-05T06:04:34.379+0000] {logging_mixin.py:188} INFO - [2024-04-05T06:04:34.379+0000] {dag.py:3834} INFO - Setting next_dagrun for example_branch_operator to 2024-04-04 00:00:00+00:00, run_after=2024-04-05 00:00:00+00:00
[2024-04-05T06:04:34.411+0000] {processor.py:183} INFO - Processing /home/airflow/.local/lib/python3.8/site-packages/airflow/example_dags/example_branch_operator.py took 0.176 seconds
[2024-04-05T06:05:04.877+0000] {processor.py:161} INFO - Started process (PID=2753) to work on /home/airflow/.local/lib/python3.8/site-packages/airflow/example_dags/example_branch_operator.py
[2024-04-05T06:05:04.880+0000] {processor.py:830} INFO - Processing file /home/airflow/.local/lib/python3.8/site-packages/airflow/example_dags/example_branch_operator.py for tasks to queue
[2024-04-05T06:05:04.882+0000] {logging_mixin.py:188} INFO - [2024-04-05T06:05:04.881+0000] {dagbag.py:540} INFO - Filling up the DagBag from /home/airflow/.local/lib/python3.8/site-packages/airflow/example_dags/example_branch_operator.py
[2024-04-05T06:05:04.942+0000] {processor.py:840} INFO - DAG(s) 'example_branch_operator' retrieved from /home/airflow/.local/lib/python3.8/site-packages/airflow/example_dags/example_branch_operator.py
[2024-04-05T06:05:05.014+0000] {logging_mixin.py:188} INFO - [2024-04-05T06:05:05.014+0000] {dag.py:3047} INFO - Sync 1 DAGs
[2024-04-05T06:05:05.066+0000] {logging_mixin.py:188} INFO - [2024-04-05T06:05:05.066+0000] {dag.py:3834} INFO - Setting next_dagrun for example_branch_operator to 2024-04-04 00:00:00+00:00, run_after=2024-04-05 00:00:00+00:00
[2024-04-05T06:05:05.113+0000] {processor.py:183} INFO - Processing /home/airflow/.local/lib/python3.8/site-packages/airflow/example_dags/example_branch_operator.py took 0.244 seconds
