[2024-04-05T05:41:04.106+0000] {processor.py:161} INFO - Started process (PID=86) to work on /home/airflow/.local/lib/python3.8/site-packages/airflow/example_dags/example_python_decorator.py
[2024-04-05T05:41:04.122+0000] {processor.py:830} INFO - Processing file /home/airflow/.local/lib/python3.8/site-packages/airflow/example_dags/example_python_decorator.py for tasks to queue
[2024-04-05T05:41:04.137+0000] {logging_mixin.py:188} INFO - [2024-04-05T05:41:04.131+0000] {dagbag.py:540} INFO - Filling up the DagBag from /home/airflow/.local/lib/python3.8/site-packages/airflow/example_dags/example_python_decorator.py
[2024-04-05T05:41:04.264+0000] {processor.py:840} INFO - DAG(s) 'example_python_decorator' retrieved from /home/airflow/.local/lib/python3.8/site-packages/airflow/example_dags/example_python_decorator.py
[2024-04-05T05:41:05.296+0000] {logging_mixin.py:188} INFO - [2024-04-05T05:41:05.295+0000] {dag.py:3047} INFO - Sync 1 DAGs
[2024-04-05T05:41:05.387+0000] {logging_mixin.py:188} INFO - [2024-04-05T05:41:05.386+0000] {dag.py:3834} INFO - Setting next_dagrun for example_python_decorator to None, run_after=None
[2024-04-05T05:41:05.491+0000] {processor.py:183} INFO - Processing /home/airflow/.local/lib/python3.8/site-packages/airflow/example_dags/example_python_decorator.py took 1.415 seconds
[2024-04-05T05:41:41.607+0000] {processor.py:161} INFO - Started process (PID=150) to work on /home/airflow/.local/lib/python3.8/site-packages/airflow/example_dags/example_python_decorator.py
[2024-04-05T05:41:41.611+0000] {processor.py:830} INFO - Processing file /home/airflow/.local/lib/python3.8/site-packages/airflow/example_dags/example_python_decorator.py for tasks to queue
[2024-04-05T05:41:41.615+0000] {logging_mixin.py:188} INFO - [2024-04-05T05:41:41.615+0000] {dagbag.py:540} INFO - Filling up the DagBag from /home/airflow/.local/lib/python3.8/site-packages/airflow/example_dags/example_python_decorator.py
[2024-04-05T05:41:41.648+0000] {processor.py:840} INFO - DAG(s) 'example_python_decorator' retrieved from /home/airflow/.local/lib/python3.8/site-packages/airflow/example_dags/example_python_decorator.py
[2024-04-05T05:41:41.697+0000] {logging_mixin.py:188} INFO - [2024-04-05T05:41:41.697+0000] {dag.py:3047} INFO - Sync 1 DAGs
[2024-04-05T05:41:41.738+0000] {logging_mixin.py:188} INFO - [2024-04-05T05:41:41.737+0000] {dag.py:3834} INFO - Setting next_dagrun for example_python_decorator to None, run_after=None
[2024-04-05T05:41:41.771+0000] {processor.py:183} INFO - Processing /home/airflow/.local/lib/python3.8/site-packages/airflow/example_dags/example_python_decorator.py took 0.175 seconds
[2024-04-05T05:42:13.346+0000] {processor.py:161} INFO - Started process (PID=207) to work on /home/airflow/.local/lib/python3.8/site-packages/airflow/example_dags/example_python_decorator.py
[2024-04-05T05:42:13.349+0000] {processor.py:830} INFO - Processing file /home/airflow/.local/lib/python3.8/site-packages/airflow/example_dags/example_python_decorator.py for tasks to queue
[2024-04-05T05:42:13.354+0000] {logging_mixin.py:188} INFO - [2024-04-05T05:42:13.353+0000] {dagbag.py:540} INFO - Filling up the DagBag from /home/airflow/.local/lib/python3.8/site-packages/airflow/example_dags/example_python_decorator.py
[2024-04-05T05:42:13.395+0000] {processor.py:840} INFO - DAG(s) 'example_python_decorator' retrieved from /home/airflow/.local/lib/python3.8/site-packages/airflow/example_dags/example_python_decorator.py
[2024-04-05T05:42:13.458+0000] {logging_mixin.py:188} INFO - [2024-04-05T05:42:13.457+0000] {dag.py:3047} INFO - Sync 1 DAGs
[2024-04-05T05:42:13.505+0000] {logging_mixin.py:188} INFO - [2024-04-05T05:42:13.505+0000] {dag.py:3834} INFO - Setting next_dagrun for example_python_decorator to None, run_after=None
[2024-04-05T05:42:13.575+0000] {processor.py:183} INFO - Processing /home/airflow/.local/lib/python3.8/site-packages/airflow/example_dags/example_python_decorator.py took 0.237 seconds
[2024-04-05T05:42:44.548+0000] {processor.py:161} INFO - Started process (PID=264) to work on /home/airflow/.local/lib/python3.8/site-packages/airflow/example_dags/example_python_decorator.py
[2024-04-05T05:42:44.552+0000] {processor.py:830} INFO - Processing file /home/airflow/.local/lib/python3.8/site-packages/airflow/example_dags/example_python_decorator.py for tasks to queue
[2024-04-05T05:42:44.557+0000] {logging_mixin.py:188} INFO - [2024-04-05T05:42:44.556+0000] {dagbag.py:540} INFO - Filling up the DagBag from /home/airflow/.local/lib/python3.8/site-packages/airflow/example_dags/example_python_decorator.py
[2024-04-05T05:42:44.591+0000] {processor.py:840} INFO - DAG(s) 'example_python_decorator' retrieved from /home/airflow/.local/lib/python3.8/site-packages/airflow/example_dags/example_python_decorator.py
[2024-04-05T05:42:44.641+0000] {logging_mixin.py:188} INFO - [2024-04-05T05:42:44.641+0000] {dag.py:3047} INFO - Sync 1 DAGs
[2024-04-05T05:42:44.672+0000] {logging_mixin.py:188} INFO - [2024-04-05T05:42:44.672+0000] {dag.py:3834} INFO - Setting next_dagrun for example_python_decorator to None, run_after=None
[2024-04-05T05:42:44.721+0000] {processor.py:183} INFO - Processing /home/airflow/.local/lib/python3.8/site-packages/airflow/example_dags/example_python_decorator.py took 0.183 seconds
[2024-04-05T05:43:15.647+0000] {processor.py:161} INFO - Started process (PID=324) to work on /home/airflow/.local/lib/python3.8/site-packages/airflow/example_dags/example_python_decorator.py
[2024-04-05T05:43:15.651+0000] {processor.py:830} INFO - Processing file /home/airflow/.local/lib/python3.8/site-packages/airflow/example_dags/example_python_decorator.py for tasks to queue
[2024-04-05T05:43:15.655+0000] {logging_mixin.py:188} INFO - [2024-04-05T05:43:15.654+0000] {dagbag.py:540} INFO - Filling up the DagBag from /home/airflow/.local/lib/python3.8/site-packages/airflow/example_dags/example_python_decorator.py
[2024-04-05T05:43:15.698+0000] {processor.py:840} INFO - DAG(s) 'example_python_decorator' retrieved from /home/airflow/.local/lib/python3.8/site-packages/airflow/example_dags/example_python_decorator.py
[2024-04-05T05:43:15.764+0000] {logging_mixin.py:188} INFO - [2024-04-05T05:43:15.763+0000] {dag.py:3047} INFO - Sync 1 DAGs
[2024-04-05T05:43:15.816+0000] {logging_mixin.py:188} INFO - [2024-04-05T05:43:15.815+0000] {dag.py:3834} INFO - Setting next_dagrun for example_python_decorator to None, run_after=None
[2024-04-05T05:43:15.872+0000] {processor.py:183} INFO - Processing /home/airflow/.local/lib/python3.8/site-packages/airflow/example_dags/example_python_decorator.py took 0.235 seconds
[2024-04-05T05:43:46.727+0000] {processor.py:161} INFO - Started process (PID=381) to work on /home/airflow/.local/lib/python3.8/site-packages/airflow/example_dags/example_python_decorator.py
[2024-04-05T05:43:46.729+0000] {processor.py:830} INFO - Processing file /home/airflow/.local/lib/python3.8/site-packages/airflow/example_dags/example_python_decorator.py for tasks to queue
[2024-04-05T05:43:46.732+0000] {logging_mixin.py:188} INFO - [2024-04-05T05:43:46.731+0000] {dagbag.py:540} INFO - Filling up the DagBag from /home/airflow/.local/lib/python3.8/site-packages/airflow/example_dags/example_python_decorator.py
[2024-04-05T05:43:46.755+0000] {processor.py:840} INFO - DAG(s) 'example_python_decorator' retrieved from /home/airflow/.local/lib/python3.8/site-packages/airflow/example_dags/example_python_decorator.py
[2024-04-05T05:43:46.794+0000] {logging_mixin.py:188} INFO - [2024-04-05T05:43:46.793+0000] {dag.py:3047} INFO - Sync 1 DAGs
[2024-04-05T05:43:46.819+0000] {logging_mixin.py:188} INFO - [2024-04-05T05:43:46.818+0000] {dag.py:3834} INFO - Setting next_dagrun for example_python_decorator to None, run_after=None
[2024-04-05T05:43:46.849+0000] {processor.py:183} INFO - Processing /home/airflow/.local/lib/python3.8/site-packages/airflow/example_dags/example_python_decorator.py took 0.128 seconds
[2024-04-05T05:44:17.359+0000] {processor.py:161} INFO - Started process (PID=439) to work on /home/airflow/.local/lib/python3.8/site-packages/airflow/example_dags/example_python_decorator.py
[2024-04-05T05:44:17.361+0000] {processor.py:830} INFO - Processing file /home/airflow/.local/lib/python3.8/site-packages/airflow/example_dags/example_python_decorator.py for tasks to queue
[2024-04-05T05:44:17.365+0000] {logging_mixin.py:188} INFO - [2024-04-05T05:44:17.364+0000] {dagbag.py:540} INFO - Filling up the DagBag from /home/airflow/.local/lib/python3.8/site-packages/airflow/example_dags/example_python_decorator.py
[2024-04-05T05:44:17.393+0000] {processor.py:840} INFO - DAG(s) 'example_python_decorator' retrieved from /home/airflow/.local/lib/python3.8/site-packages/airflow/example_dags/example_python_decorator.py
[2024-04-05T05:44:17.444+0000] {logging_mixin.py:188} INFO - [2024-04-05T05:44:17.444+0000] {dag.py:3047} INFO - Sync 1 DAGs
[2024-04-05T05:44:17.483+0000] {logging_mixin.py:188} INFO - [2024-04-05T05:44:17.482+0000] {dag.py:3834} INFO - Setting next_dagrun for example_python_decorator to None, run_after=None
[2024-04-05T05:44:17.536+0000] {processor.py:183} INFO - Processing /home/airflow/.local/lib/python3.8/site-packages/airflow/example_dags/example_python_decorator.py took 0.186 seconds
[2024-04-05T05:44:48.069+0000] {processor.py:161} INFO - Started process (PID=496) to work on /home/airflow/.local/lib/python3.8/site-packages/airflow/example_dags/example_python_decorator.py
[2024-04-05T05:44:48.072+0000] {processor.py:830} INFO - Processing file /home/airflow/.local/lib/python3.8/site-packages/airflow/example_dags/example_python_decorator.py for tasks to queue
[2024-04-05T05:44:48.074+0000] {logging_mixin.py:188} INFO - [2024-04-05T05:44:48.074+0000] {dagbag.py:540} INFO - Filling up the DagBag from /home/airflow/.local/lib/python3.8/site-packages/airflow/example_dags/example_python_decorator.py
[2024-04-05T05:44:48.109+0000] {processor.py:840} INFO - DAG(s) 'example_python_decorator' retrieved from /home/airflow/.local/lib/python3.8/site-packages/airflow/example_dags/example_python_decorator.py
[2024-04-05T05:44:48.177+0000] {logging_mixin.py:188} INFO - [2024-04-05T05:44:48.177+0000] {dag.py:3047} INFO - Sync 1 DAGs
[2024-04-05T05:44:48.210+0000] {logging_mixin.py:188} INFO - [2024-04-05T05:44:48.210+0000] {dag.py:3834} INFO - Setting next_dagrun for example_python_decorator to None, run_after=None
[2024-04-05T05:44:48.256+0000] {processor.py:183} INFO - Processing /home/airflow/.local/lib/python3.8/site-packages/airflow/example_dags/example_python_decorator.py took 0.194 seconds
[2024-04-05T05:45:21.293+0000] {processor.py:161} INFO - Started process (PID=553) to work on /home/airflow/.local/lib/python3.8/site-packages/airflow/example_dags/example_python_decorator.py
[2024-04-05T05:45:21.396+0000] {processor.py:830} INFO - Processing file /home/airflow/.local/lib/python3.8/site-packages/airflow/example_dags/example_python_decorator.py for tasks to queue
[2024-04-05T05:45:21.433+0000] {logging_mixin.py:188} INFO - [2024-04-05T05:45:21.432+0000] {dagbag.py:540} INFO - Filling up the DagBag from /home/airflow/.local/lib/python3.8/site-packages/airflow/example_dags/example_python_decorator.py
[2024-04-05T05:45:21.563+0000] {processor.py:840} INFO - DAG(s) 'example_python_decorator' retrieved from /home/airflow/.local/lib/python3.8/site-packages/airflow/example_dags/example_python_decorator.py
[2024-04-05T05:45:21.662+0000] {logging_mixin.py:188} INFO - [2024-04-05T05:45:21.661+0000] {dag.py:3047} INFO - Sync 1 DAGs
[2024-04-05T05:45:21.724+0000] {logging_mixin.py:188} INFO - [2024-04-05T05:45:21.723+0000] {dag.py:3834} INFO - Setting next_dagrun for example_python_decorator to None, run_after=None
[2024-04-05T05:45:21.836+0000] {processor.py:183} INFO - Processing /home/airflow/.local/lib/python3.8/site-packages/airflow/example_dags/example_python_decorator.py took 0.573 seconds
[2024-04-05T05:45:52.421+0000] {processor.py:161} INFO - Started process (PID=610) to work on /home/airflow/.local/lib/python3.8/site-packages/airflow/example_dags/example_python_decorator.py
[2024-04-05T05:45:52.484+0000] {processor.py:830} INFO - Processing file /home/airflow/.local/lib/python3.8/site-packages/airflow/example_dags/example_python_decorator.py for tasks to queue
[2024-04-05T05:45:52.497+0000] {logging_mixin.py:188} INFO - [2024-04-05T05:45:52.496+0000] {dagbag.py:540} INFO - Filling up the DagBag from /home/airflow/.local/lib/python3.8/site-packages/airflow/example_dags/example_python_decorator.py
[2024-04-05T05:45:52.544+0000] {processor.py:840} INFO - DAG(s) 'example_python_decorator' retrieved from /home/airflow/.local/lib/python3.8/site-packages/airflow/example_dags/example_python_decorator.py
[2024-04-05T05:45:52.606+0000] {logging_mixin.py:188} INFO - [2024-04-05T05:45:52.605+0000] {dag.py:3047} INFO - Sync 1 DAGs
[2024-04-05T05:45:52.641+0000] {logging_mixin.py:188} INFO - [2024-04-05T05:45:52.640+0000] {dag.py:3834} INFO - Setting next_dagrun for example_python_decorator to None, run_after=None
[2024-04-05T05:45:52.739+0000] {processor.py:183} INFO - Processing /home/airflow/.local/lib/python3.8/site-packages/airflow/example_dags/example_python_decorator.py took 0.449 seconds
[2024-04-05T05:46:22.903+0000] {processor.py:161} INFO - Started process (PID=666) to work on /home/airflow/.local/lib/python3.8/site-packages/airflow/example_dags/example_python_decorator.py
[2024-04-05T05:46:22.906+0000] {processor.py:830} INFO - Processing file /home/airflow/.local/lib/python3.8/site-packages/airflow/example_dags/example_python_decorator.py for tasks to queue
[2024-04-05T05:46:22.909+0000] {logging_mixin.py:188} INFO - [2024-04-05T05:46:22.908+0000] {dagbag.py:540} INFO - Filling up the DagBag from /home/airflow/.local/lib/python3.8/site-packages/airflow/example_dags/example_python_decorator.py
[2024-04-05T05:46:22.941+0000] {processor.py:840} INFO - DAG(s) 'example_python_decorator' retrieved from /home/airflow/.local/lib/python3.8/site-packages/airflow/example_dags/example_python_decorator.py
[2024-04-05T05:46:23.004+0000] {logging_mixin.py:188} INFO - [2024-04-05T05:46:23.003+0000] {dag.py:3047} INFO - Sync 1 DAGs
[2024-04-05T05:46:23.043+0000] {logging_mixin.py:188} INFO - [2024-04-05T05:46:23.042+0000] {dag.py:3834} INFO - Setting next_dagrun for example_python_decorator to None, run_after=None
[2024-04-05T05:46:23.097+0000] {processor.py:183} INFO - Processing /home/airflow/.local/lib/python3.8/site-packages/airflow/example_dags/example_python_decorator.py took 0.207 seconds
[2024-04-05T05:46:53.331+0000] {processor.py:161} INFO - Started process (PID=727) to work on /home/airflow/.local/lib/python3.8/site-packages/airflow/example_dags/example_python_decorator.py
[2024-04-05T05:46:53.334+0000] {processor.py:830} INFO - Processing file /home/airflow/.local/lib/python3.8/site-packages/airflow/example_dags/example_python_decorator.py for tasks to queue
[2024-04-05T05:46:53.337+0000] {logging_mixin.py:188} INFO - [2024-04-05T05:46:53.336+0000] {dagbag.py:540} INFO - Filling up the DagBag from /home/airflow/.local/lib/python3.8/site-packages/airflow/example_dags/example_python_decorator.py
[2024-04-05T05:46:53.377+0000] {processor.py:840} INFO - DAG(s) 'example_python_decorator' retrieved from /home/airflow/.local/lib/python3.8/site-packages/airflow/example_dags/example_python_decorator.py
[2024-04-05T05:46:53.497+0000] {logging_mixin.py:188} INFO - [2024-04-05T05:46:53.497+0000] {dag.py:3047} INFO - Sync 1 DAGs
[2024-04-05T05:46:53.579+0000] {logging_mixin.py:188} INFO - [2024-04-05T05:46:53.577+0000] {dag.py:3834} INFO - Setting next_dagrun for example_python_decorator to None, run_after=None
[2024-04-05T05:46:53.657+0000] {processor.py:183} INFO - Processing /home/airflow/.local/lib/python3.8/site-packages/airflow/example_dags/example_python_decorator.py took 0.334 seconds
[2024-04-05T05:47:24.315+0000] {processor.py:161} INFO - Started process (PID=785) to work on /home/airflow/.local/lib/python3.8/site-packages/airflow/example_dags/example_python_decorator.py
[2024-04-05T05:47:24.319+0000] {processor.py:830} INFO - Processing file /home/airflow/.local/lib/python3.8/site-packages/airflow/example_dags/example_python_decorator.py for tasks to queue
[2024-04-05T05:47:24.325+0000] {logging_mixin.py:188} INFO - [2024-04-05T05:47:24.323+0000] {dagbag.py:540} INFO - Filling up the DagBag from /home/airflow/.local/lib/python3.8/site-packages/airflow/example_dags/example_python_decorator.py
[2024-04-05T05:47:24.383+0000] {processor.py:840} INFO - DAG(s) 'example_python_decorator' retrieved from /home/airflow/.local/lib/python3.8/site-packages/airflow/example_dags/example_python_decorator.py
[2024-04-05T05:47:24.496+0000] {logging_mixin.py:188} INFO - [2024-04-05T05:47:24.496+0000] {dag.py:3047} INFO - Sync 1 DAGs
[2024-04-05T05:47:24.532+0000] {logging_mixin.py:188} INFO - [2024-04-05T05:47:24.532+0000] {dag.py:3834} INFO - Setting next_dagrun for example_python_decorator to None, run_after=None
[2024-04-05T05:47:24.581+0000] {processor.py:183} INFO - Processing /home/airflow/.local/lib/python3.8/site-packages/airflow/example_dags/example_python_decorator.py took 0.280 seconds
[2024-04-05T05:47:55.412+0000] {processor.py:161} INFO - Started process (PID=842) to work on /home/airflow/.local/lib/python3.8/site-packages/airflow/example_dags/example_python_decorator.py
[2024-04-05T05:47:55.414+0000] {processor.py:830} INFO - Processing file /home/airflow/.local/lib/python3.8/site-packages/airflow/example_dags/example_python_decorator.py for tasks to queue
[2024-04-05T05:47:55.416+0000] {logging_mixin.py:188} INFO - [2024-04-05T05:47:55.416+0000] {dagbag.py:540} INFO - Filling up the DagBag from /home/airflow/.local/lib/python3.8/site-packages/airflow/example_dags/example_python_decorator.py
[2024-04-05T05:47:55.446+0000] {processor.py:840} INFO - DAG(s) 'example_python_decorator' retrieved from /home/airflow/.local/lib/python3.8/site-packages/airflow/example_dags/example_python_decorator.py
[2024-04-05T05:47:55.508+0000] {logging_mixin.py:188} INFO - [2024-04-05T05:47:55.507+0000] {dag.py:3047} INFO - Sync 1 DAGs
[2024-04-05T05:47:55.578+0000] {logging_mixin.py:188} INFO - [2024-04-05T05:47:55.578+0000] {dag.py:3834} INFO - Setting next_dagrun for example_python_decorator to None, run_after=None
[2024-04-05T05:47:55.624+0000] {processor.py:183} INFO - Processing /home/airflow/.local/lib/python3.8/site-packages/airflow/example_dags/example_python_decorator.py took 0.218 seconds
[2024-04-05T05:48:26.174+0000] {processor.py:161} INFO - Started process (PID=899) to work on /home/airflow/.local/lib/python3.8/site-packages/airflow/example_dags/example_python_decorator.py
[2024-04-05T05:48:26.178+0000] {processor.py:830} INFO - Processing file /home/airflow/.local/lib/python3.8/site-packages/airflow/example_dags/example_python_decorator.py for tasks to queue
[2024-04-05T05:48:26.182+0000] {logging_mixin.py:188} INFO - [2024-04-05T05:48:26.182+0000] {dagbag.py:540} INFO - Filling up the DagBag from /home/airflow/.local/lib/python3.8/site-packages/airflow/example_dags/example_python_decorator.py
[2024-04-05T05:48:26.228+0000] {processor.py:840} INFO - DAG(s) 'example_python_decorator' retrieved from /home/airflow/.local/lib/python3.8/site-packages/airflow/example_dags/example_python_decorator.py
[2024-04-05T05:48:26.319+0000] {logging_mixin.py:188} INFO - [2024-04-05T05:48:26.318+0000] {dag.py:3047} INFO - Sync 1 DAGs
[2024-04-05T05:48:26.363+0000] {logging_mixin.py:188} INFO - [2024-04-05T05:48:26.362+0000] {dag.py:3834} INFO - Setting next_dagrun for example_python_decorator to None, run_after=None
[2024-04-05T05:48:26.439+0000] {processor.py:183} INFO - Processing /home/airflow/.local/lib/python3.8/site-packages/airflow/example_dags/example_python_decorator.py took 0.272 seconds
[2024-04-05T05:48:56.565+0000] {processor.py:161} INFO - Started process (PID=956) to work on /home/airflow/.local/lib/python3.8/site-packages/airflow/example_dags/example_python_decorator.py
[2024-04-05T05:48:56.569+0000] {processor.py:830} INFO - Processing file /home/airflow/.local/lib/python3.8/site-packages/airflow/example_dags/example_python_decorator.py for tasks to queue
[2024-04-05T05:48:56.572+0000] {logging_mixin.py:188} INFO - [2024-04-05T05:48:56.571+0000] {dagbag.py:540} INFO - Filling up the DagBag from /home/airflow/.local/lib/python3.8/site-packages/airflow/example_dags/example_python_decorator.py
[2024-04-05T05:48:56.612+0000] {processor.py:840} INFO - DAG(s) 'example_python_decorator' retrieved from /home/airflow/.local/lib/python3.8/site-packages/airflow/example_dags/example_python_decorator.py
[2024-04-05T05:48:56.666+0000] {logging_mixin.py:188} INFO - [2024-04-05T05:48:56.665+0000] {dag.py:3047} INFO - Sync 1 DAGs
[2024-04-05T05:48:56.699+0000] {logging_mixin.py:188} INFO - [2024-04-05T05:48:56.698+0000] {dag.py:3834} INFO - Setting next_dagrun for example_python_decorator to None, run_after=None
[2024-04-05T05:48:56.723+0000] {processor.py:183} INFO - Processing /home/airflow/.local/lib/python3.8/site-packages/airflow/example_dags/example_python_decorator.py took 0.166 seconds
[2024-04-05T05:49:27.052+0000] {processor.py:161} INFO - Started process (PID=1013) to work on /home/airflow/.local/lib/python3.8/site-packages/airflow/example_dags/example_python_decorator.py
[2024-04-05T05:49:27.053+0000] {processor.py:830} INFO - Processing file /home/airflow/.local/lib/python3.8/site-packages/airflow/example_dags/example_python_decorator.py for tasks to queue
[2024-04-05T05:49:27.055+0000] {logging_mixin.py:188} INFO - [2024-04-05T05:49:27.055+0000] {dagbag.py:540} INFO - Filling up the DagBag from /home/airflow/.local/lib/python3.8/site-packages/airflow/example_dags/example_python_decorator.py
[2024-04-05T05:49:27.079+0000] {processor.py:840} INFO - DAG(s) 'example_python_decorator' retrieved from /home/airflow/.local/lib/python3.8/site-packages/airflow/example_dags/example_python_decorator.py
[2024-04-05T05:49:27.121+0000] {logging_mixin.py:188} INFO - [2024-04-05T05:49:27.121+0000] {dag.py:3047} INFO - Sync 1 DAGs
[2024-04-05T05:49:27.147+0000] {logging_mixin.py:188} INFO - [2024-04-05T05:49:27.146+0000] {dag.py:3834} INFO - Setting next_dagrun for example_python_decorator to None, run_after=None
[2024-04-05T05:49:27.194+0000] {processor.py:183} INFO - Processing /home/airflow/.local/lib/python3.8/site-packages/airflow/example_dags/example_python_decorator.py took 0.147 seconds
[2024-04-05T05:49:57.306+0000] {processor.py:161} INFO - Started process (PID=1070) to work on /home/airflow/.local/lib/python3.8/site-packages/airflow/example_dags/example_python_decorator.py
[2024-04-05T05:49:57.307+0000] {processor.py:830} INFO - Processing file /home/airflow/.local/lib/python3.8/site-packages/airflow/example_dags/example_python_decorator.py for tasks to queue
[2024-04-05T05:49:57.309+0000] {logging_mixin.py:188} INFO - [2024-04-05T05:49:57.308+0000] {dagbag.py:540} INFO - Filling up the DagBag from /home/airflow/.local/lib/python3.8/site-packages/airflow/example_dags/example_python_decorator.py
[2024-04-05T05:49:57.333+0000] {processor.py:840} INFO - DAG(s) 'example_python_decorator' retrieved from /home/airflow/.local/lib/python3.8/site-packages/airflow/example_dags/example_python_decorator.py
[2024-04-05T05:49:57.377+0000] {logging_mixin.py:188} INFO - [2024-04-05T05:49:57.376+0000] {dag.py:3047} INFO - Sync 1 DAGs
[2024-04-05T05:49:57.403+0000] {logging_mixin.py:188} INFO - [2024-04-05T05:49:57.402+0000] {dag.py:3834} INFO - Setting next_dagrun for example_python_decorator to None, run_after=None
[2024-04-05T05:49:57.440+0000] {processor.py:183} INFO - Processing /home/airflow/.local/lib/python3.8/site-packages/airflow/example_dags/example_python_decorator.py took 0.140 seconds
[2024-04-05T05:50:27.655+0000] {processor.py:161} INFO - Started process (PID=1126) to work on /home/airflow/.local/lib/python3.8/site-packages/airflow/example_dags/example_python_decorator.py
[2024-04-05T05:50:27.657+0000] {processor.py:830} INFO - Processing file /home/airflow/.local/lib/python3.8/site-packages/airflow/example_dags/example_python_decorator.py for tasks to queue
[2024-04-05T05:50:27.659+0000] {logging_mixin.py:188} INFO - [2024-04-05T05:50:27.659+0000] {dagbag.py:540} INFO - Filling up the DagBag from /home/airflow/.local/lib/python3.8/site-packages/airflow/example_dags/example_python_decorator.py
[2024-04-05T05:50:27.694+0000] {processor.py:840} INFO - DAG(s) 'example_python_decorator' retrieved from /home/airflow/.local/lib/python3.8/site-packages/airflow/example_dags/example_python_decorator.py
[2024-04-05T05:50:27.738+0000] {logging_mixin.py:188} INFO - [2024-04-05T05:50:27.738+0000] {dag.py:3047} INFO - Sync 1 DAGs
[2024-04-05T05:50:27.764+0000] {logging_mixin.py:188} INFO - [2024-04-05T05:50:27.764+0000] {dag.py:3834} INFO - Setting next_dagrun for example_python_decorator to None, run_after=None
[2024-04-05T05:50:27.804+0000] {processor.py:183} INFO - Processing /home/airflow/.local/lib/python3.8/site-packages/airflow/example_dags/example_python_decorator.py took 0.157 seconds
[2024-04-05T05:50:58.289+0000] {processor.py:161} INFO - Started process (PID=1183) to work on /home/airflow/.local/lib/python3.8/site-packages/airflow/example_dags/example_python_decorator.py
[2024-04-05T05:50:58.292+0000] {processor.py:830} INFO - Processing file /home/airflow/.local/lib/python3.8/site-packages/airflow/example_dags/example_python_decorator.py for tasks to queue
[2024-04-05T05:50:58.294+0000] {logging_mixin.py:188} INFO - [2024-04-05T05:50:58.293+0000] {dagbag.py:540} INFO - Filling up the DagBag from /home/airflow/.local/lib/python3.8/site-packages/airflow/example_dags/example_python_decorator.py
[2024-04-05T05:50:58.326+0000] {processor.py:840} INFO - DAG(s) 'example_python_decorator' retrieved from /home/airflow/.local/lib/python3.8/site-packages/airflow/example_dags/example_python_decorator.py
[2024-04-05T05:50:58.378+0000] {logging_mixin.py:188} INFO - [2024-04-05T05:50:58.378+0000] {dag.py:3047} INFO - Sync 1 DAGs
[2024-04-05T05:50:58.397+0000] {logging_mixin.py:188} INFO - [2024-04-05T05:50:58.397+0000] {dag.py:3834} INFO - Setting next_dagrun for example_python_decorator to None, run_after=None
[2024-04-05T05:50:58.428+0000] {processor.py:183} INFO - Processing /home/airflow/.local/lib/python3.8/site-packages/airflow/example_dags/example_python_decorator.py took 0.145 seconds
[2024-04-05T05:51:29.248+0000] {processor.py:161} INFO - Started process (PID=1240) to work on /home/airflow/.local/lib/python3.8/site-packages/airflow/example_dags/example_python_decorator.py
[2024-04-05T05:51:29.250+0000] {processor.py:830} INFO - Processing file /home/airflow/.local/lib/python3.8/site-packages/airflow/example_dags/example_python_decorator.py for tasks to queue
[2024-04-05T05:51:29.252+0000] {logging_mixin.py:188} INFO - [2024-04-05T05:51:29.252+0000] {dagbag.py:540} INFO - Filling up the DagBag from /home/airflow/.local/lib/python3.8/site-packages/airflow/example_dags/example_python_decorator.py
[2024-04-05T05:51:29.319+0000] {processor.py:840} INFO - DAG(s) 'example_python_decorator' retrieved from /home/airflow/.local/lib/python3.8/site-packages/airflow/example_dags/example_python_decorator.py
[2024-04-05T05:51:29.404+0000] {logging_mixin.py:188} INFO - [2024-04-05T05:51:29.404+0000] {dag.py:3047} INFO - Sync 1 DAGs
[2024-04-05T05:51:29.439+0000] {logging_mixin.py:188} INFO - [2024-04-05T05:51:29.439+0000] {dag.py:3834} INFO - Setting next_dagrun for example_python_decorator to None, run_after=None
[2024-04-05T05:51:29.498+0000] {processor.py:183} INFO - Processing /home/airflow/.local/lib/python3.8/site-packages/airflow/example_dags/example_python_decorator.py took 0.262 seconds
[2024-04-05T05:52:00.078+0000] {processor.py:161} INFO - Started process (PID=1297) to work on /home/airflow/.local/lib/python3.8/site-packages/airflow/example_dags/example_python_decorator.py
[2024-04-05T05:52:00.080+0000] {processor.py:830} INFO - Processing file /home/airflow/.local/lib/python3.8/site-packages/airflow/example_dags/example_python_decorator.py for tasks to queue
[2024-04-05T05:52:00.083+0000] {logging_mixin.py:188} INFO - [2024-04-05T05:52:00.082+0000] {dagbag.py:540} INFO - Filling up the DagBag from /home/airflow/.local/lib/python3.8/site-packages/airflow/example_dags/example_python_decorator.py
[2024-04-05T05:52:00.115+0000] {processor.py:840} INFO - DAG(s) 'example_python_decorator' retrieved from /home/airflow/.local/lib/python3.8/site-packages/airflow/example_dags/example_python_decorator.py
[2024-04-05T05:52:00.157+0000] {logging_mixin.py:188} INFO - [2024-04-05T05:52:00.156+0000] {dag.py:3047} INFO - Sync 1 DAGs
[2024-04-05T05:52:00.181+0000] {logging_mixin.py:188} INFO - [2024-04-05T05:52:00.181+0000] {dag.py:3834} INFO - Setting next_dagrun for example_python_decorator to None, run_after=None
[2024-04-05T05:52:00.210+0000] {processor.py:183} INFO - Processing /home/airflow/.local/lib/python3.8/site-packages/airflow/example_dags/example_python_decorator.py took 0.142 seconds
[2024-04-05T05:52:30.460+0000] {processor.py:161} INFO - Started process (PID=1353) to work on /home/airflow/.local/lib/python3.8/site-packages/airflow/example_dags/example_python_decorator.py
[2024-04-05T05:52:30.462+0000] {processor.py:830} INFO - Processing file /home/airflow/.local/lib/python3.8/site-packages/airflow/example_dags/example_python_decorator.py for tasks to queue
[2024-04-05T05:52:30.464+0000] {logging_mixin.py:188} INFO - [2024-04-05T05:52:30.463+0000] {dagbag.py:540} INFO - Filling up the DagBag from /home/airflow/.local/lib/python3.8/site-packages/airflow/example_dags/example_python_decorator.py
[2024-04-05T05:52:30.495+0000] {processor.py:840} INFO - DAG(s) 'example_python_decorator' retrieved from /home/airflow/.local/lib/python3.8/site-packages/airflow/example_dags/example_python_decorator.py
[2024-04-05T05:52:30.540+0000] {logging_mixin.py:188} INFO - [2024-04-05T05:52:30.539+0000] {dag.py:3047} INFO - Sync 1 DAGs
[2024-04-05T05:52:30.570+0000] {logging_mixin.py:188} INFO - [2024-04-05T05:52:30.569+0000] {dag.py:3834} INFO - Setting next_dagrun for example_python_decorator to None, run_after=None
[2024-04-05T05:52:30.614+0000] {processor.py:183} INFO - Processing /home/airflow/.local/lib/python3.8/site-packages/airflow/example_dags/example_python_decorator.py took 0.161 seconds
[2024-04-05T05:53:00.798+0000] {processor.py:161} INFO - Started process (PID=1410) to work on /home/airflow/.local/lib/python3.8/site-packages/airflow/example_dags/example_python_decorator.py
[2024-04-05T05:53:00.799+0000] {processor.py:830} INFO - Processing file /home/airflow/.local/lib/python3.8/site-packages/airflow/example_dags/example_python_decorator.py for tasks to queue
[2024-04-05T05:53:00.802+0000] {logging_mixin.py:188} INFO - [2024-04-05T05:53:00.801+0000] {dagbag.py:540} INFO - Filling up the DagBag from /home/airflow/.local/lib/python3.8/site-packages/airflow/example_dags/example_python_decorator.py
[2024-04-05T05:53:00.831+0000] {processor.py:840} INFO - DAG(s) 'example_python_decorator' retrieved from /home/airflow/.local/lib/python3.8/site-packages/airflow/example_dags/example_python_decorator.py
[2024-04-05T05:53:00.874+0000] {logging_mixin.py:188} INFO - [2024-04-05T05:53:00.873+0000] {dag.py:3047} INFO - Sync 1 DAGs
[2024-04-05T05:53:00.894+0000] {logging_mixin.py:188} INFO - [2024-04-05T05:53:00.894+0000] {dag.py:3834} INFO - Setting next_dagrun for example_python_decorator to None, run_after=None
[2024-04-05T05:53:00.931+0000] {processor.py:183} INFO - Processing /home/airflow/.local/lib/python3.8/site-packages/airflow/example_dags/example_python_decorator.py took 0.141 seconds
[2024-04-05T05:53:31.447+0000] {processor.py:161} INFO - Started process (PID=1467) to work on /home/airflow/.local/lib/python3.8/site-packages/airflow/example_dags/example_python_decorator.py
[2024-04-05T05:53:31.449+0000] {processor.py:830} INFO - Processing file /home/airflow/.local/lib/python3.8/site-packages/airflow/example_dags/example_python_decorator.py for tasks to queue
[2024-04-05T05:53:31.452+0000] {logging_mixin.py:188} INFO - [2024-04-05T05:53:31.451+0000] {dagbag.py:540} INFO - Filling up the DagBag from /home/airflow/.local/lib/python3.8/site-packages/airflow/example_dags/example_python_decorator.py
[2024-04-05T05:53:31.484+0000] {processor.py:840} INFO - DAG(s) 'example_python_decorator' retrieved from /home/airflow/.local/lib/python3.8/site-packages/airflow/example_dags/example_python_decorator.py
[2024-04-05T05:53:31.527+0000] {logging_mixin.py:188} INFO - [2024-04-05T05:53:31.526+0000] {dag.py:3047} INFO - Sync 1 DAGs
[2024-04-05T05:53:31.550+0000] {logging_mixin.py:188} INFO - [2024-04-05T05:53:31.550+0000] {dag.py:3834} INFO - Setting next_dagrun for example_python_decorator to None, run_after=None
[2024-04-05T05:53:31.596+0000] {processor.py:183} INFO - Processing /home/airflow/.local/lib/python3.8/site-packages/airflow/example_dags/example_python_decorator.py took 0.159 seconds
[2024-04-05T05:54:01.807+0000] {processor.py:161} INFO - Started process (PID=1524) to work on /home/airflow/.local/lib/python3.8/site-packages/airflow/example_dags/example_python_decorator.py
[2024-04-05T05:54:01.808+0000] {processor.py:830} INFO - Processing file /home/airflow/.local/lib/python3.8/site-packages/airflow/example_dags/example_python_decorator.py for tasks to queue
[2024-04-05T05:54:01.810+0000] {logging_mixin.py:188} INFO - [2024-04-05T05:54:01.810+0000] {dagbag.py:540} INFO - Filling up the DagBag from /home/airflow/.local/lib/python3.8/site-packages/airflow/example_dags/example_python_decorator.py
[2024-04-05T05:54:01.836+0000] {processor.py:840} INFO - DAG(s) 'example_python_decorator' retrieved from /home/airflow/.local/lib/python3.8/site-packages/airflow/example_dags/example_python_decorator.py
[2024-04-05T05:54:01.872+0000] {logging_mixin.py:188} INFO - [2024-04-05T05:54:01.871+0000] {dag.py:3047} INFO - Sync 1 DAGs
[2024-04-05T05:54:01.897+0000] {logging_mixin.py:188} INFO - [2024-04-05T05:54:01.896+0000] {dag.py:3834} INFO - Setting next_dagrun for example_python_decorator to None, run_after=None
[2024-04-05T05:54:01.939+0000] {processor.py:183} INFO - Processing /home/airflow/.local/lib/python3.8/site-packages/airflow/example_dags/example_python_decorator.py took 0.139 seconds
[2024-04-05T05:54:32.247+0000] {processor.py:161} INFO - Started process (PID=1581) to work on /home/airflow/.local/lib/python3.8/site-packages/airflow/example_dags/example_python_decorator.py
[2024-04-05T05:54:32.250+0000] {processor.py:830} INFO - Processing file /home/airflow/.local/lib/python3.8/site-packages/airflow/example_dags/example_python_decorator.py for tasks to queue
[2024-04-05T05:54:32.254+0000] {logging_mixin.py:188} INFO - [2024-04-05T05:54:32.253+0000] {dagbag.py:540} INFO - Filling up the DagBag from /home/airflow/.local/lib/python3.8/site-packages/airflow/example_dags/example_python_decorator.py
[2024-04-05T05:54:32.298+0000] {processor.py:840} INFO - DAG(s) 'example_python_decorator' retrieved from /home/airflow/.local/lib/python3.8/site-packages/airflow/example_dags/example_python_decorator.py
[2024-04-05T05:54:32.350+0000] {logging_mixin.py:188} INFO - [2024-04-05T05:54:32.349+0000] {dag.py:3047} INFO - Sync 1 DAGs
[2024-04-05T05:54:32.376+0000] {logging_mixin.py:188} INFO - [2024-04-05T05:54:32.375+0000] {dag.py:3834} INFO - Setting next_dagrun for example_python_decorator to None, run_after=None
[2024-04-05T05:54:32.409+0000] {processor.py:183} INFO - Processing /home/airflow/.local/lib/python3.8/site-packages/airflow/example_dags/example_python_decorator.py took 0.169 seconds
[2024-04-05T05:55:04.262+0000] {processor.py:161} INFO - Started process (PID=1638) to work on /home/airflow/.local/lib/python3.8/site-packages/airflow/example_dags/example_python_decorator.py
[2024-04-05T05:55:04.265+0000] {processor.py:830} INFO - Processing file /home/airflow/.local/lib/python3.8/site-packages/airflow/example_dags/example_python_decorator.py for tasks to queue
[2024-04-05T05:55:04.270+0000] {logging_mixin.py:188} INFO - [2024-04-05T05:55:04.268+0000] {dagbag.py:540} INFO - Filling up the DagBag from /home/airflow/.local/lib/python3.8/site-packages/airflow/example_dags/example_python_decorator.py
[2024-04-05T05:55:04.368+0000] {processor.py:840} INFO - DAG(s) 'example_python_decorator' retrieved from /home/airflow/.local/lib/python3.8/site-packages/airflow/example_dags/example_python_decorator.py
[2024-04-05T05:55:04.507+0000] {logging_mixin.py:188} INFO - [2024-04-05T05:55:04.506+0000] {dag.py:3047} INFO - Sync 1 DAGs
[2024-04-05T05:55:04.586+0000] {logging_mixin.py:188} INFO - [2024-04-05T05:55:04.586+0000] {dag.py:3834} INFO - Setting next_dagrun for example_python_decorator to None, run_after=None
[2024-04-05T05:55:04.707+0000] {processor.py:183} INFO - Processing /home/airflow/.local/lib/python3.8/site-packages/airflow/example_dags/example_python_decorator.py took 0.456 seconds
[2024-04-05T05:55:35.556+0000] {processor.py:161} INFO - Started process (PID=1695) to work on /home/airflow/.local/lib/python3.8/site-packages/airflow/example_dags/example_python_decorator.py
[2024-04-05T05:55:35.557+0000] {processor.py:830} INFO - Processing file /home/airflow/.local/lib/python3.8/site-packages/airflow/example_dags/example_python_decorator.py for tasks to queue
[2024-04-05T05:55:35.560+0000] {logging_mixin.py:188} INFO - [2024-04-05T05:55:35.559+0000] {dagbag.py:540} INFO - Filling up the DagBag from /home/airflow/.local/lib/python3.8/site-packages/airflow/example_dags/example_python_decorator.py
[2024-04-05T05:55:35.592+0000] {processor.py:840} INFO - DAG(s) 'example_python_decorator' retrieved from /home/airflow/.local/lib/python3.8/site-packages/airflow/example_dags/example_python_decorator.py
[2024-04-05T05:55:35.639+0000] {logging_mixin.py:188} INFO - [2024-04-05T05:55:35.639+0000] {dag.py:3047} INFO - Sync 1 DAGs
[2024-04-05T05:55:35.666+0000] {logging_mixin.py:188} INFO - [2024-04-05T05:55:35.666+0000] {dag.py:3834} INFO - Setting next_dagrun for example_python_decorator to None, run_after=None
[2024-04-05T05:55:35.701+0000] {processor.py:183} INFO - Processing /home/airflow/.local/lib/python3.8/site-packages/airflow/example_dags/example_python_decorator.py took 0.152 seconds
[2024-04-05T05:56:05.969+0000] {processor.py:161} INFO - Started process (PID=1750) to work on /home/airflow/.local/lib/python3.8/site-packages/airflow/example_dags/example_python_decorator.py
[2024-04-05T05:56:05.971+0000] {processor.py:830} INFO - Processing file /home/airflow/.local/lib/python3.8/site-packages/airflow/example_dags/example_python_decorator.py for tasks to queue
[2024-04-05T05:56:05.975+0000] {logging_mixin.py:188} INFO - [2024-04-05T05:56:05.974+0000] {dagbag.py:540} INFO - Filling up the DagBag from /home/airflow/.local/lib/python3.8/site-packages/airflow/example_dags/example_python_decorator.py
[2024-04-05T05:56:06.033+0000] {processor.py:840} INFO - DAG(s) 'example_python_decorator' retrieved from /home/airflow/.local/lib/python3.8/site-packages/airflow/example_dags/example_python_decorator.py
[2024-04-05T05:56:06.094+0000] {logging_mixin.py:188} INFO - [2024-04-05T05:56:06.093+0000] {dag.py:3047} INFO - Sync 1 DAGs
[2024-04-05T05:56:06.131+0000] {logging_mixin.py:188} INFO - [2024-04-05T05:56:06.130+0000] {dag.py:3834} INFO - Setting next_dagrun for example_python_decorator to None, run_after=None
[2024-04-05T05:56:06.170+0000] {processor.py:183} INFO - Processing /home/airflow/.local/lib/python3.8/site-packages/airflow/example_dags/example_python_decorator.py took 0.210 seconds
[2024-04-05T05:56:36.390+0000] {processor.py:161} INFO - Started process (PID=1808) to work on /home/airflow/.local/lib/python3.8/site-packages/airflow/example_dags/example_python_decorator.py
[2024-04-05T05:56:36.393+0000] {processor.py:830} INFO - Processing file /home/airflow/.local/lib/python3.8/site-packages/airflow/example_dags/example_python_decorator.py for tasks to queue
[2024-04-05T05:56:36.396+0000] {logging_mixin.py:188} INFO - [2024-04-05T05:56:36.395+0000] {dagbag.py:540} INFO - Filling up the DagBag from /home/airflow/.local/lib/python3.8/site-packages/airflow/example_dags/example_python_decorator.py
[2024-04-05T05:56:36.433+0000] {processor.py:840} INFO - DAG(s) 'example_python_decorator' retrieved from /home/airflow/.local/lib/python3.8/site-packages/airflow/example_dags/example_python_decorator.py
[2024-04-05T05:56:36.477+0000] {logging_mixin.py:188} INFO - [2024-04-05T05:56:36.477+0000] {dag.py:3047} INFO - Sync 1 DAGs
[2024-04-05T05:56:36.501+0000] {logging_mixin.py:188} INFO - [2024-04-05T05:56:36.501+0000] {dag.py:3834} INFO - Setting next_dagrun for example_python_decorator to None, run_after=None
[2024-04-05T05:56:36.530+0000] {processor.py:183} INFO - Processing /home/airflow/.local/lib/python3.8/site-packages/airflow/example_dags/example_python_decorator.py took 0.149 seconds
[2024-04-05T05:57:07.022+0000] {processor.py:161} INFO - Started process (PID=1865) to work on /home/airflow/.local/lib/python3.8/site-packages/airflow/example_dags/example_python_decorator.py
[2024-04-05T05:57:07.025+0000] {processor.py:830} INFO - Processing file /home/airflow/.local/lib/python3.8/site-packages/airflow/example_dags/example_python_decorator.py for tasks to queue
[2024-04-05T05:57:07.027+0000] {logging_mixin.py:188} INFO - [2024-04-05T05:57:07.027+0000] {dagbag.py:540} INFO - Filling up the DagBag from /home/airflow/.local/lib/python3.8/site-packages/airflow/example_dags/example_python_decorator.py
[2024-04-05T05:57:07.053+0000] {processor.py:840} INFO - DAG(s) 'example_python_decorator' retrieved from /home/airflow/.local/lib/python3.8/site-packages/airflow/example_dags/example_python_decorator.py
[2024-04-05T05:57:07.103+0000] {logging_mixin.py:188} INFO - [2024-04-05T05:57:07.102+0000] {dag.py:3047} INFO - Sync 1 DAGs
[2024-04-05T05:57:07.140+0000] {logging_mixin.py:188} INFO - [2024-04-05T05:57:07.140+0000] {dag.py:3834} INFO - Setting next_dagrun for example_python_decorator to None, run_after=None
[2024-04-05T05:57:07.183+0000] {processor.py:183} INFO - Processing /home/airflow/.local/lib/python3.8/site-packages/airflow/example_dags/example_python_decorator.py took 0.166 seconds
[2024-04-05T05:57:37.324+0000] {processor.py:161} INFO - Started process (PID=1922) to work on /home/airflow/.local/lib/python3.8/site-packages/airflow/example_dags/example_python_decorator.py
[2024-04-05T05:57:37.326+0000] {processor.py:830} INFO - Processing file /home/airflow/.local/lib/python3.8/site-packages/airflow/example_dags/example_python_decorator.py for tasks to queue
[2024-04-05T05:57:37.328+0000] {logging_mixin.py:188} INFO - [2024-04-05T05:57:37.327+0000] {dagbag.py:540} INFO - Filling up the DagBag from /home/airflow/.local/lib/python3.8/site-packages/airflow/example_dags/example_python_decorator.py
[2024-04-05T05:57:37.370+0000] {processor.py:840} INFO - DAG(s) 'example_python_decorator' retrieved from /home/airflow/.local/lib/python3.8/site-packages/airflow/example_dags/example_python_decorator.py
[2024-04-05T05:57:37.440+0000] {logging_mixin.py:188} INFO - [2024-04-05T05:57:37.440+0000] {dag.py:3047} INFO - Sync 1 DAGs
[2024-04-05T05:57:37.471+0000] {logging_mixin.py:188} INFO - [2024-04-05T05:57:37.470+0000] {dag.py:3834} INFO - Setting next_dagrun for example_python_decorator to None, run_after=None
[2024-04-05T05:57:37.511+0000] {processor.py:183} INFO - Processing /home/airflow/.local/lib/python3.8/site-packages/airflow/example_dags/example_python_decorator.py took 0.194 seconds
[2024-04-05T05:58:08.191+0000] {processor.py:161} INFO - Started process (PID=1979) to work on /home/airflow/.local/lib/python3.8/site-packages/airflow/example_dags/example_python_decorator.py
[2024-04-05T05:58:08.193+0000] {processor.py:830} INFO - Processing file /home/airflow/.local/lib/python3.8/site-packages/airflow/example_dags/example_python_decorator.py for tasks to queue
[2024-04-05T05:58:08.195+0000] {logging_mixin.py:188} INFO - [2024-04-05T05:58:08.194+0000] {dagbag.py:540} INFO - Filling up the DagBag from /home/airflow/.local/lib/python3.8/site-packages/airflow/example_dags/example_python_decorator.py
[2024-04-05T05:58:08.215+0000] {processor.py:840} INFO - DAG(s) 'example_python_decorator' retrieved from /home/airflow/.local/lib/python3.8/site-packages/airflow/example_dags/example_python_decorator.py
[2024-04-05T05:58:08.249+0000] {logging_mixin.py:188} INFO - [2024-04-05T05:58:08.249+0000] {dag.py:3047} INFO - Sync 1 DAGs
[2024-04-05T05:58:08.272+0000] {logging_mixin.py:188} INFO - [2024-04-05T05:58:08.272+0000] {dag.py:3834} INFO - Setting next_dagrun for example_python_decorator to None, run_after=None
[2024-04-05T05:58:08.306+0000] {processor.py:183} INFO - Processing /home/airflow/.local/lib/python3.8/site-packages/airflow/example_dags/example_python_decorator.py took 0.119 seconds
[2024-04-05T05:58:38.686+0000] {processor.py:161} INFO - Started process (PID=2036) to work on /home/airflow/.local/lib/python3.8/site-packages/airflow/example_dags/example_python_decorator.py
[2024-04-05T05:58:38.688+0000] {processor.py:830} INFO - Processing file /home/airflow/.local/lib/python3.8/site-packages/airflow/example_dags/example_python_decorator.py for tasks to queue
[2024-04-05T05:58:38.690+0000] {logging_mixin.py:188} INFO - [2024-04-05T05:58:38.689+0000] {dagbag.py:540} INFO - Filling up the DagBag from /home/airflow/.local/lib/python3.8/site-packages/airflow/example_dags/example_python_decorator.py
[2024-04-05T05:58:38.717+0000] {processor.py:840} INFO - DAG(s) 'example_python_decorator' retrieved from /home/airflow/.local/lib/python3.8/site-packages/airflow/example_dags/example_python_decorator.py
[2024-04-05T05:58:38.772+0000] {logging_mixin.py:188} INFO - [2024-04-05T05:58:38.770+0000] {dag.py:3047} INFO - Sync 1 DAGs
[2024-04-05T05:58:38.806+0000] {logging_mixin.py:188} INFO - [2024-04-05T05:58:38.805+0000] {dag.py:3834} INFO - Setting next_dagrun for example_python_decorator to None, run_after=None
[2024-04-05T05:58:38.845+0000] {processor.py:183} INFO - Processing /home/airflow/.local/lib/python3.8/site-packages/airflow/example_dags/example_python_decorator.py took 0.166 seconds
[2024-04-05T05:59:09.002+0000] {processor.py:161} INFO - Started process (PID=2093) to work on /home/airflow/.local/lib/python3.8/site-packages/airflow/example_dags/example_python_decorator.py
[2024-04-05T05:59:09.004+0000] {processor.py:830} INFO - Processing file /home/airflow/.local/lib/python3.8/site-packages/airflow/example_dags/example_python_decorator.py for tasks to queue
[2024-04-05T05:59:09.006+0000] {logging_mixin.py:188} INFO - [2024-04-05T05:59:09.006+0000] {dagbag.py:540} INFO - Filling up the DagBag from /home/airflow/.local/lib/python3.8/site-packages/airflow/example_dags/example_python_decorator.py
[2024-04-05T05:59:09.031+0000] {processor.py:840} INFO - DAG(s) 'example_python_decorator' retrieved from /home/airflow/.local/lib/python3.8/site-packages/airflow/example_dags/example_python_decorator.py
[2024-04-05T05:59:09.068+0000] {logging_mixin.py:188} INFO - [2024-04-05T05:59:09.068+0000] {dag.py:3047} INFO - Sync 1 DAGs
[2024-04-05T05:59:09.087+0000] {logging_mixin.py:188} INFO - [2024-04-05T05:59:09.087+0000] {dag.py:3834} INFO - Setting next_dagrun for example_python_decorator to None, run_after=None
[2024-04-05T05:59:09.116+0000] {processor.py:183} INFO - Processing /home/airflow/.local/lib/python3.8/site-packages/airflow/example_dags/example_python_decorator.py took 0.120 seconds
[2024-04-05T05:59:39.397+0000] {processor.py:161} INFO - Started process (PID=2150) to work on /home/airflow/.local/lib/python3.8/site-packages/airflow/example_dags/example_python_decorator.py
[2024-04-05T05:59:39.399+0000] {processor.py:830} INFO - Processing file /home/airflow/.local/lib/python3.8/site-packages/airflow/example_dags/example_python_decorator.py for tasks to queue
[2024-04-05T05:59:39.401+0000] {logging_mixin.py:188} INFO - [2024-04-05T05:59:39.400+0000] {dagbag.py:540} INFO - Filling up the DagBag from /home/airflow/.local/lib/python3.8/site-packages/airflow/example_dags/example_python_decorator.py
[2024-04-05T05:59:39.427+0000] {processor.py:840} INFO - DAG(s) 'example_python_decorator' retrieved from /home/airflow/.local/lib/python3.8/site-packages/airflow/example_dags/example_python_decorator.py
[2024-04-05T05:59:39.479+0000] {logging_mixin.py:188} INFO - [2024-04-05T05:59:39.479+0000] {dag.py:3047} INFO - Sync 1 DAGs
[2024-04-05T05:59:39.507+0000] {logging_mixin.py:188} INFO - [2024-04-05T05:59:39.507+0000] {dag.py:3834} INFO - Setting next_dagrun for example_python_decorator to None, run_after=None
[2024-04-05T05:59:39.547+0000] {processor.py:183} INFO - Processing /home/airflow/.local/lib/python3.8/site-packages/airflow/example_dags/example_python_decorator.py took 0.159 seconds
[2024-04-05T06:00:09.718+0000] {processor.py:161} INFO - Started process (PID=2207) to work on /home/airflow/.local/lib/python3.8/site-packages/airflow/example_dags/example_python_decorator.py
[2024-04-05T06:00:09.721+0000] {processor.py:830} INFO - Processing file /home/airflow/.local/lib/python3.8/site-packages/airflow/example_dags/example_python_decorator.py for tasks to queue
[2024-04-05T06:00:09.724+0000] {logging_mixin.py:188} INFO - [2024-04-05T06:00:09.723+0000] {dagbag.py:540} INFO - Filling up the DagBag from /home/airflow/.local/lib/python3.8/site-packages/airflow/example_dags/example_python_decorator.py
[2024-04-05T06:00:09.747+0000] {processor.py:840} INFO - DAG(s) 'example_python_decorator' retrieved from /home/airflow/.local/lib/python3.8/site-packages/airflow/example_dags/example_python_decorator.py
[2024-04-05T06:00:09.793+0000] {logging_mixin.py:188} INFO - [2024-04-05T06:00:09.793+0000] {dag.py:3047} INFO - Sync 1 DAGs
[2024-04-05T06:00:09.819+0000] {logging_mixin.py:188} INFO - [2024-04-05T06:00:09.819+0000] {dag.py:3834} INFO - Setting next_dagrun for example_python_decorator to None, run_after=None
[2024-04-05T06:00:09.856+0000] {processor.py:183} INFO - Processing /home/airflow/.local/lib/python3.8/site-packages/airflow/example_dags/example_python_decorator.py took 0.144 seconds
[2024-04-05T06:00:40.235+0000] {processor.py:161} INFO - Started process (PID=2264) to work on /home/airflow/.local/lib/python3.8/site-packages/airflow/example_dags/example_python_decorator.py
[2024-04-05T06:00:40.238+0000] {processor.py:830} INFO - Processing file /home/airflow/.local/lib/python3.8/site-packages/airflow/example_dags/example_python_decorator.py for tasks to queue
[2024-04-05T06:00:40.240+0000] {logging_mixin.py:188} INFO - [2024-04-05T06:00:40.239+0000] {dagbag.py:540} INFO - Filling up the DagBag from /home/airflow/.local/lib/python3.8/site-packages/airflow/example_dags/example_python_decorator.py
[2024-04-05T06:00:40.261+0000] {processor.py:840} INFO - DAG(s) 'example_python_decorator' retrieved from /home/airflow/.local/lib/python3.8/site-packages/airflow/example_dags/example_python_decorator.py
[2024-04-05T06:00:40.303+0000] {logging_mixin.py:188} INFO - [2024-04-05T06:00:40.303+0000] {dag.py:3047} INFO - Sync 1 DAGs
[2024-04-05T06:00:40.323+0000] {logging_mixin.py:188} INFO - [2024-04-05T06:00:40.322+0000] {dag.py:3834} INFO - Setting next_dagrun for example_python_decorator to None, run_after=None
[2024-04-05T06:00:40.362+0000] {processor.py:183} INFO - Processing /home/airflow/.local/lib/python3.8/site-packages/airflow/example_dags/example_python_decorator.py took 0.132 seconds
[2024-04-05T06:01:11.106+0000] {processor.py:161} INFO - Started process (PID=2327) to work on /home/airflow/.local/lib/python3.8/site-packages/airflow/example_dags/example_python_decorator.py
[2024-04-05T06:01:11.109+0000] {processor.py:830} INFO - Processing file /home/airflow/.local/lib/python3.8/site-packages/airflow/example_dags/example_python_decorator.py for tasks to queue
[2024-04-05T06:01:11.112+0000] {logging_mixin.py:188} INFO - [2024-04-05T06:01:11.111+0000] {dagbag.py:540} INFO - Filling up the DagBag from /home/airflow/.local/lib/python3.8/site-packages/airflow/example_dags/example_python_decorator.py
[2024-04-05T06:01:11.144+0000] {processor.py:840} INFO - DAG(s) 'example_python_decorator' retrieved from /home/airflow/.local/lib/python3.8/site-packages/airflow/example_dags/example_python_decorator.py
[2024-04-05T06:01:11.197+0000] {logging_mixin.py:188} INFO - [2024-04-05T06:01:11.196+0000] {dag.py:3047} INFO - Sync 1 DAGs
[2024-04-05T06:01:11.225+0000] {logging_mixin.py:188} INFO - [2024-04-05T06:01:11.224+0000] {dag.py:3834} INFO - Setting next_dagrun for example_python_decorator to None, run_after=None
[2024-04-05T06:01:11.285+0000] {processor.py:183} INFO - Processing /home/airflow/.local/lib/python3.8/site-packages/airflow/example_dags/example_python_decorator.py took 0.191 seconds
[2024-04-05T06:01:41.380+0000] {processor.py:161} INFO - Started process (PID=2383) to work on /home/airflow/.local/lib/python3.8/site-packages/airflow/example_dags/example_python_decorator.py
[2024-04-05T06:01:41.382+0000] {processor.py:830} INFO - Processing file /home/airflow/.local/lib/python3.8/site-packages/airflow/example_dags/example_python_decorator.py for tasks to queue
[2024-04-05T06:01:41.384+0000] {logging_mixin.py:188} INFO - [2024-04-05T06:01:41.383+0000] {dagbag.py:540} INFO - Filling up the DagBag from /home/airflow/.local/lib/python3.8/site-packages/airflow/example_dags/example_python_decorator.py
[2024-04-05T06:01:41.418+0000] {processor.py:840} INFO - DAG(s) 'example_python_decorator' retrieved from /home/airflow/.local/lib/python3.8/site-packages/airflow/example_dags/example_python_decorator.py
[2024-04-05T06:01:41.464+0000] {logging_mixin.py:188} INFO - [2024-04-05T06:01:41.463+0000] {dag.py:3047} INFO - Sync 1 DAGs
[2024-04-05T06:01:41.485+0000] {logging_mixin.py:188} INFO - [2024-04-05T06:01:41.484+0000] {dag.py:3834} INFO - Setting next_dagrun for example_python_decorator to None, run_after=None
[2024-04-05T06:01:41.510+0000] {processor.py:183} INFO - Processing /home/airflow/.local/lib/python3.8/site-packages/airflow/example_dags/example_python_decorator.py took 0.139 seconds
[2024-04-05T06:02:12.048+0000] {processor.py:161} INFO - Started process (PID=2441) to work on /home/airflow/.local/lib/python3.8/site-packages/airflow/example_dags/example_python_decorator.py
[2024-04-05T06:02:12.049+0000] {processor.py:830} INFO - Processing file /home/airflow/.local/lib/python3.8/site-packages/airflow/example_dags/example_python_decorator.py for tasks to queue
[2024-04-05T06:02:12.052+0000] {logging_mixin.py:188} INFO - [2024-04-05T06:02:12.051+0000] {dagbag.py:540} INFO - Filling up the DagBag from /home/airflow/.local/lib/python3.8/site-packages/airflow/example_dags/example_python_decorator.py
[2024-04-05T06:02:12.079+0000] {processor.py:840} INFO - DAG(s) 'example_python_decorator' retrieved from /home/airflow/.local/lib/python3.8/site-packages/airflow/example_dags/example_python_decorator.py
[2024-04-05T06:02:12.115+0000] {logging_mixin.py:188} INFO - [2024-04-05T06:02:12.115+0000] {dag.py:3047} INFO - Sync 1 DAGs
[2024-04-05T06:02:12.134+0000] {logging_mixin.py:188} INFO - [2024-04-05T06:02:12.134+0000] {dag.py:3834} INFO - Setting next_dagrun for example_python_decorator to None, run_after=None
[2024-04-05T06:02:12.161+0000] {processor.py:183} INFO - Processing /home/airflow/.local/lib/python3.8/site-packages/airflow/example_dags/example_python_decorator.py took 0.120 seconds
[2024-04-05T06:02:42.810+0000] {processor.py:161} INFO - Started process (PID=2498) to work on /home/airflow/.local/lib/python3.8/site-packages/airflow/example_dags/example_python_decorator.py
[2024-04-05T06:02:42.812+0000] {processor.py:830} INFO - Processing file /home/airflow/.local/lib/python3.8/site-packages/airflow/example_dags/example_python_decorator.py for tasks to queue
[2024-04-05T06:02:42.814+0000] {logging_mixin.py:188} INFO - [2024-04-05T06:02:42.813+0000] {dagbag.py:540} INFO - Filling up the DagBag from /home/airflow/.local/lib/python3.8/site-packages/airflow/example_dags/example_python_decorator.py
[2024-04-05T06:02:42.839+0000] {processor.py:840} INFO - DAG(s) 'example_python_decorator' retrieved from /home/airflow/.local/lib/python3.8/site-packages/airflow/example_dags/example_python_decorator.py
[2024-04-05T06:02:42.879+0000] {logging_mixin.py:188} INFO - [2024-04-05T06:02:42.878+0000] {dag.py:3047} INFO - Sync 1 DAGs
[2024-04-05T06:02:42.897+0000] {logging_mixin.py:188} INFO - [2024-04-05T06:02:42.896+0000] {dag.py:3834} INFO - Setting next_dagrun for example_python_decorator to None, run_after=None
[2024-04-05T06:02:42.926+0000] {processor.py:183} INFO - Processing /home/airflow/.local/lib/python3.8/site-packages/airflow/example_dags/example_python_decorator.py took 0.120 seconds
[2024-04-05T06:03:13.885+0000] {processor.py:161} INFO - Started process (PID=2555) to work on /home/airflow/.local/lib/python3.8/site-packages/airflow/example_dags/example_python_decorator.py
[2024-04-05T06:03:13.888+0000] {processor.py:830} INFO - Processing file /home/airflow/.local/lib/python3.8/site-packages/airflow/example_dags/example_python_decorator.py for tasks to queue
[2024-04-05T06:03:13.890+0000] {logging_mixin.py:188} INFO - [2024-04-05T06:03:13.890+0000] {dagbag.py:540} INFO - Filling up the DagBag from /home/airflow/.local/lib/python3.8/site-packages/airflow/example_dags/example_python_decorator.py
[2024-04-05T06:03:13.924+0000] {processor.py:840} INFO - DAG(s) 'example_python_decorator' retrieved from /home/airflow/.local/lib/python3.8/site-packages/airflow/example_dags/example_python_decorator.py
[2024-04-05T06:03:13.974+0000] {logging_mixin.py:188} INFO - [2024-04-05T06:03:13.974+0000] {dag.py:3047} INFO - Sync 1 DAGs
[2024-04-05T06:03:14.006+0000] {logging_mixin.py:188} INFO - [2024-04-05T06:03:14.006+0000] {dag.py:3834} INFO - Setting next_dagrun for example_python_decorator to None, run_after=None
[2024-04-05T06:03:14.043+0000] {processor.py:183} INFO - Processing /home/airflow/.local/lib/python3.8/site-packages/airflow/example_dags/example_python_decorator.py took 0.165 seconds
[2024-04-05T06:03:44.304+0000] {processor.py:161} INFO - Started process (PID=2612) to work on /home/airflow/.local/lib/python3.8/site-packages/airflow/example_dags/example_python_decorator.py
[2024-04-05T06:03:44.306+0000] {processor.py:830} INFO - Processing file /home/airflow/.local/lib/python3.8/site-packages/airflow/example_dags/example_python_decorator.py for tasks to queue
[2024-04-05T06:03:44.308+0000] {logging_mixin.py:188} INFO - [2024-04-05T06:03:44.307+0000] {dagbag.py:540} INFO - Filling up the DagBag from /home/airflow/.local/lib/python3.8/site-packages/airflow/example_dags/example_python_decorator.py
[2024-04-05T06:03:44.333+0000] {processor.py:840} INFO - DAG(s) 'example_python_decorator' retrieved from /home/airflow/.local/lib/python3.8/site-packages/airflow/example_dags/example_python_decorator.py
[2024-04-05T06:03:44.375+0000] {logging_mixin.py:188} INFO - [2024-04-05T06:03:44.375+0000] {dag.py:3047} INFO - Sync 1 DAGs
[2024-04-05T06:03:44.395+0000] {logging_mixin.py:188} INFO - [2024-04-05T06:03:44.394+0000] {dag.py:3834} INFO - Setting next_dagrun for example_python_decorator to None, run_after=None
[2024-04-05T06:03:44.427+0000] {processor.py:183} INFO - Processing /home/airflow/.local/lib/python3.8/site-packages/airflow/example_dags/example_python_decorator.py took 0.130 seconds
[2024-04-05T06:04:14.670+0000] {processor.py:161} INFO - Started process (PID=2669) to work on /home/airflow/.local/lib/python3.8/site-packages/airflow/example_dags/example_python_decorator.py
[2024-04-05T06:04:14.672+0000] {processor.py:830} INFO - Processing file /home/airflow/.local/lib/python3.8/site-packages/airflow/example_dags/example_python_decorator.py for tasks to queue
[2024-04-05T06:04:14.676+0000] {logging_mixin.py:188} INFO - [2024-04-05T06:04:14.675+0000] {dagbag.py:540} INFO - Filling up the DagBag from /home/airflow/.local/lib/python3.8/site-packages/airflow/example_dags/example_python_decorator.py
[2024-04-05T06:04:14.718+0000] {processor.py:840} INFO - DAG(s) 'example_python_decorator' retrieved from /home/airflow/.local/lib/python3.8/site-packages/airflow/example_dags/example_python_decorator.py
[2024-04-05T06:04:14.778+0000] {logging_mixin.py:188} INFO - [2024-04-05T06:04:14.777+0000] {dag.py:3047} INFO - Sync 1 DAGs
[2024-04-05T06:04:14.808+0000] {logging_mixin.py:188} INFO - [2024-04-05T06:04:14.808+0000] {dag.py:3834} INFO - Setting next_dagrun for example_python_decorator to None, run_after=None
[2024-04-05T06:04:14.850+0000] {processor.py:183} INFO - Processing /home/airflow/.local/lib/python3.8/site-packages/airflow/example_dags/example_python_decorator.py took 0.187 seconds
[2024-04-05T06:04:45.689+0000] {processor.py:161} INFO - Started process (PID=2726) to work on /home/airflow/.local/lib/python3.8/site-packages/airflow/example_dags/example_python_decorator.py
[2024-04-05T06:04:45.700+0000] {processor.py:830} INFO - Processing file /home/airflow/.local/lib/python3.8/site-packages/airflow/example_dags/example_python_decorator.py for tasks to queue
[2024-04-05T06:04:45.704+0000] {logging_mixin.py:188} INFO - [2024-04-05T06:04:45.703+0000] {dagbag.py:540} INFO - Filling up the DagBag from /home/airflow/.local/lib/python3.8/site-packages/airflow/example_dags/example_python_decorator.py
[2024-04-05T06:04:45.770+0000] {processor.py:840} INFO - DAG(s) 'example_python_decorator' retrieved from /home/airflow/.local/lib/python3.8/site-packages/airflow/example_dags/example_python_decorator.py
[2024-04-05T06:04:45.844+0000] {logging_mixin.py:188} INFO - [2024-04-05T06:04:45.843+0000] {dag.py:3047} INFO - Sync 1 DAGs
[2024-04-05T06:04:45.869+0000] {logging_mixin.py:188} INFO - [2024-04-05T06:04:45.868+0000] {dag.py:3834} INFO - Setting next_dagrun for example_python_decorator to None, run_after=None
[2024-04-05T06:04:45.939+0000] {processor.py:183} INFO - Processing /home/airflow/.local/lib/python3.8/site-packages/airflow/example_dags/example_python_decorator.py took 0.259 seconds
[2024-04-05T06:05:16.017+0000] {processor.py:161} INFO - Started process (PID=2782) to work on /home/airflow/.local/lib/python3.8/site-packages/airflow/example_dags/example_python_decorator.py
[2024-04-05T06:05:16.018+0000] {processor.py:830} INFO - Processing file /home/airflow/.local/lib/python3.8/site-packages/airflow/example_dags/example_python_decorator.py for tasks to queue
[2024-04-05T06:05:16.020+0000] {logging_mixin.py:188} INFO - [2024-04-05T06:05:16.020+0000] {dagbag.py:540} INFO - Filling up the DagBag from /home/airflow/.local/lib/python3.8/site-packages/airflow/example_dags/example_python_decorator.py
[2024-04-05T06:05:16.051+0000] {processor.py:840} INFO - DAG(s) 'example_python_decorator' retrieved from /home/airflow/.local/lib/python3.8/site-packages/airflow/example_dags/example_python_decorator.py
[2024-04-05T06:05:16.101+0000] {logging_mixin.py:188} INFO - [2024-04-05T06:05:16.100+0000] {dag.py:3047} INFO - Sync 1 DAGs
[2024-04-05T06:05:16.120+0000] {logging_mixin.py:188} INFO - [2024-04-05T06:05:16.119+0000] {dag.py:3834} INFO - Setting next_dagrun for example_python_decorator to None, run_after=None
[2024-04-05T06:05:16.149+0000] {processor.py:183} INFO - Processing /home/airflow/.local/lib/python3.8/site-packages/airflow/example_dags/example_python_decorator.py took 0.136 seconds
