[2024-04-05T05:40:43.694+0000] {processor.py:161} INFO - Started process (PID=70) to work on /home/airflow/.local/lib/python3.8/site-packages/airflow/example_dags/example_dag_decorator.py
[2024-04-05T05:40:43.742+0000] {processor.py:830} INFO - Processing file /home/airflow/.local/lib/python3.8/site-packages/airflow/example_dags/example_dag_decorator.py for tasks to queue
[2024-04-05T05:40:43.792+0000] {logging_mixin.py:188} INFO - [2024-04-05T05:40:43.790+0000] {dagbag.py:540} INFO - Filling up the DagBag from /home/airflow/.local/lib/python3.8/site-packages/airflow/example_dags/example_dag_decorator.py
[2024-04-05T05:40:45.913+0000] {processor.py:840} INFO - DAG(s) 'example_dag_decorator' retrieved from /home/airflow/.local/lib/python3.8/site-packages/airflow/example_dags/example_dag_decorator.py
[2024-04-05T05:40:46.053+0000] {logging_mixin.py:188} INFO - [2024-04-05T05:40:46.053+0000] {dag.py:3047} INFO - Sync 1 DAGs
[2024-04-05T05:40:46.190+0000] {logging_mixin.py:188} INFO - [2024-04-05T05:40:46.188+0000] {dag.py:3834} INFO - Setting next_dagrun for example_dag_decorator to None, run_after=None
[2024-04-05T05:40:46.431+0000] {processor.py:183} INFO - Processing /home/airflow/.local/lib/python3.8/site-packages/airflow/example_dags/example_dag_decorator.py took 2.820 seconds
[2024-04-05T05:41:36.684+0000] {processor.py:161} INFO - Started process (PID=127) to work on /home/airflow/.local/lib/python3.8/site-packages/airflow/example_dags/example_dag_decorator.py
[2024-04-05T05:41:36.694+0000] {processor.py:830} INFO - Processing file /home/airflow/.local/lib/python3.8/site-packages/airflow/example_dags/example_dag_decorator.py for tasks to queue
[2024-04-05T05:41:36.718+0000] {logging_mixin.py:188} INFO - [2024-04-05T05:41:36.716+0000] {dagbag.py:540} INFO - Filling up the DagBag from /home/airflow/.local/lib/python3.8/site-packages/airflow/example_dags/example_dag_decorator.py
[2024-04-05T05:41:37.362+0000] {processor.py:840} INFO - DAG(s) 'example_dag_decorator' retrieved from /home/airflow/.local/lib/python3.8/site-packages/airflow/example_dags/example_dag_decorator.py
[2024-04-05T05:41:37.745+0000] {logging_mixin.py:188} INFO - [2024-04-05T05:41:37.744+0000] {dag.py:3047} INFO - Sync 1 DAGs
[2024-04-05T05:41:37.778+0000] {logging_mixin.py:188} INFO - [2024-04-05T05:41:37.778+0000] {dag.py:3834} INFO - Setting next_dagrun for example_dag_decorator to None, run_after=None
[2024-04-05T05:41:37.843+0000] {processor.py:183} INFO - Processing /home/airflow/.local/lib/python3.8/site-packages/airflow/example_dags/example_dag_decorator.py took 1.176 seconds
[2024-04-05T05:42:07.917+0000] {processor.py:161} INFO - Started process (PID=190) to work on /home/airflow/.local/lib/python3.8/site-packages/airflow/example_dags/example_dag_decorator.py
[2024-04-05T05:42:07.919+0000] {processor.py:830} INFO - Processing file /home/airflow/.local/lib/python3.8/site-packages/airflow/example_dags/example_dag_decorator.py for tasks to queue
[2024-04-05T05:42:07.924+0000] {logging_mixin.py:188} INFO - [2024-04-05T05:42:07.923+0000] {dagbag.py:540} INFO - Filling up the DagBag from /home/airflow/.local/lib/python3.8/site-packages/airflow/example_dags/example_dag_decorator.py
[2024-04-05T05:42:08.192+0000] {processor.py:840} INFO - DAG(s) 'example_dag_decorator' retrieved from /home/airflow/.local/lib/python3.8/site-packages/airflow/example_dags/example_dag_decorator.py
[2024-04-05T05:42:08.465+0000] {logging_mixin.py:188} INFO - [2024-04-05T05:42:08.464+0000] {dag.py:3047} INFO - Sync 1 DAGs
[2024-04-05T05:42:08.533+0000] {logging_mixin.py:188} INFO - [2024-04-05T05:42:08.532+0000] {dag.py:3834} INFO - Setting next_dagrun for example_dag_decorator to None, run_after=None
[2024-04-05T05:42:08.608+0000] {processor.py:183} INFO - Processing /home/airflow/.local/lib/python3.8/site-packages/airflow/example_dags/example_dag_decorator.py took 0.701 seconds
[2024-04-05T05:42:39.655+0000] {processor.py:161} INFO - Started process (PID=247) to work on /home/airflow/.local/lib/python3.8/site-packages/airflow/example_dags/example_dag_decorator.py
[2024-04-05T05:42:39.659+0000] {processor.py:830} INFO - Processing file /home/airflow/.local/lib/python3.8/site-packages/airflow/example_dags/example_dag_decorator.py for tasks to queue
[2024-04-05T05:42:39.664+0000] {logging_mixin.py:188} INFO - [2024-04-05T05:42:39.664+0000] {dagbag.py:540} INFO - Filling up the DagBag from /home/airflow/.local/lib/python3.8/site-packages/airflow/example_dags/example_dag_decorator.py
[2024-04-05T05:42:39.906+0000] {processor.py:840} INFO - DAG(s) 'example_dag_decorator' retrieved from /home/airflow/.local/lib/python3.8/site-packages/airflow/example_dags/example_dag_decorator.py
[2024-04-05T05:42:40.188+0000] {logging_mixin.py:188} INFO - [2024-04-05T05:42:40.187+0000] {dag.py:3047} INFO - Sync 1 DAGs
[2024-04-05T05:42:40.210+0000] {logging_mixin.py:188} INFO - [2024-04-05T05:42:40.210+0000] {dag.py:3834} INFO - Setting next_dagrun for example_dag_decorator to None, run_after=None
[2024-04-05T05:42:40.242+0000] {processor.py:183} INFO - Processing /home/airflow/.local/lib/python3.8/site-packages/airflow/example_dags/example_dag_decorator.py took 0.596 seconds
[2024-04-05T05:43:10.341+0000] {processor.py:161} INFO - Started process (PID=307) to work on /home/airflow/.local/lib/python3.8/site-packages/airflow/example_dags/example_dag_decorator.py
[2024-04-05T05:43:10.343+0000] {processor.py:830} INFO - Processing file /home/airflow/.local/lib/python3.8/site-packages/airflow/example_dags/example_dag_decorator.py for tasks to queue
[2024-04-05T05:43:10.346+0000] {logging_mixin.py:188} INFO - [2024-04-05T05:43:10.346+0000] {dagbag.py:540} INFO - Filling up the DagBag from /home/airflow/.local/lib/python3.8/site-packages/airflow/example_dags/example_dag_decorator.py
[2024-04-05T05:43:10.580+0000] {processor.py:840} INFO - DAG(s) 'example_dag_decorator' retrieved from /home/airflow/.local/lib/python3.8/site-packages/airflow/example_dags/example_dag_decorator.py
[2024-04-05T05:43:10.627+0000] {logging_mixin.py:188} INFO - [2024-04-05T05:43:10.627+0000] {dag.py:3047} INFO - Sync 1 DAGs
[2024-04-05T05:43:10.647+0000] {logging_mixin.py:188} INFO - [2024-04-05T05:43:10.647+0000] {dag.py:3834} INFO - Setting next_dagrun for example_dag_decorator to None, run_after=None
[2024-04-05T05:43:10.679+0000] {processor.py:183} INFO - Processing /home/airflow/.local/lib/python3.8/site-packages/airflow/example_dags/example_dag_decorator.py took 0.343 seconds
[2024-04-05T05:43:41.564+0000] {processor.py:161} INFO - Started process (PID=364) to work on /home/airflow/.local/lib/python3.8/site-packages/airflow/example_dags/example_dag_decorator.py
[2024-04-05T05:43:41.567+0000] {processor.py:830} INFO - Processing file /home/airflow/.local/lib/python3.8/site-packages/airflow/example_dags/example_dag_decorator.py for tasks to queue
[2024-04-05T05:43:41.571+0000] {logging_mixin.py:188} INFO - [2024-04-05T05:43:41.570+0000] {dagbag.py:540} INFO - Filling up the DagBag from /home/airflow/.local/lib/python3.8/site-packages/airflow/example_dags/example_dag_decorator.py
[2024-04-05T05:43:41.805+0000] {processor.py:840} INFO - DAG(s) 'example_dag_decorator' retrieved from /home/airflow/.local/lib/python3.8/site-packages/airflow/example_dags/example_dag_decorator.py
[2024-04-05T05:43:42.091+0000] {logging_mixin.py:188} INFO - [2024-04-05T05:43:42.091+0000] {dag.py:3047} INFO - Sync 1 DAGs
[2024-04-05T05:43:42.118+0000] {logging_mixin.py:188} INFO - [2024-04-05T05:43:42.118+0000] {dag.py:3834} INFO - Setting next_dagrun for example_dag_decorator to None, run_after=None
[2024-04-05T05:43:42.154+0000] {processor.py:183} INFO - Processing /home/airflow/.local/lib/python3.8/site-packages/airflow/example_dags/example_dag_decorator.py took 0.598 seconds
[2024-04-05T05:44:12.904+0000] {processor.py:161} INFO - Started process (PID=423) to work on /home/airflow/.local/lib/python3.8/site-packages/airflow/example_dags/example_dag_decorator.py
[2024-04-05T05:44:12.909+0000] {processor.py:830} INFO - Processing file /home/airflow/.local/lib/python3.8/site-packages/airflow/example_dags/example_dag_decorator.py for tasks to queue
[2024-04-05T05:44:12.919+0000] {logging_mixin.py:188} INFO - [2024-04-05T05:44:12.917+0000] {dagbag.py:540} INFO - Filling up the DagBag from /home/airflow/.local/lib/python3.8/site-packages/airflow/example_dags/example_dag_decorator.py
[2024-04-05T05:44:13.377+0000] {processor.py:840} INFO - DAG(s) 'example_dag_decorator' retrieved from /home/airflow/.local/lib/python3.8/site-packages/airflow/example_dags/example_dag_decorator.py
[2024-04-05T05:44:13.783+0000] {logging_mixin.py:188} INFO - [2024-04-05T05:44:13.779+0000] {dag.py:3047} INFO - Sync 1 DAGs
[2024-04-05T05:44:13.816+0000] {logging_mixin.py:188} INFO - [2024-04-05T05:44:13.816+0000] {dag.py:3834} INFO - Setting next_dagrun for example_dag_decorator to None, run_after=None
[2024-04-05T05:44:13.853+0000] {processor.py:183} INFO - Processing /home/airflow/.local/lib/python3.8/site-packages/airflow/example_dags/example_dag_decorator.py took 0.967 seconds
[2024-04-05T05:44:44.029+0000] {processor.py:161} INFO - Started process (PID=480) to work on /home/airflow/.local/lib/python3.8/site-packages/airflow/example_dags/example_dag_decorator.py
[2024-04-05T05:44:44.031+0000] {processor.py:830} INFO - Processing file /home/airflow/.local/lib/python3.8/site-packages/airflow/example_dags/example_dag_decorator.py for tasks to queue
[2024-04-05T05:44:44.033+0000] {logging_mixin.py:188} INFO - [2024-04-05T05:44:44.033+0000] {dagbag.py:540} INFO - Filling up the DagBag from /home/airflow/.local/lib/python3.8/site-packages/airflow/example_dags/example_dag_decorator.py
[2024-04-05T05:44:44.278+0000] {processor.py:840} INFO - DAG(s) 'example_dag_decorator' retrieved from /home/airflow/.local/lib/python3.8/site-packages/airflow/example_dags/example_dag_decorator.py
[2024-04-05T05:44:44.575+0000] {logging_mixin.py:188} INFO - [2024-04-05T05:44:44.575+0000] {dag.py:3047} INFO - Sync 1 DAGs
[2024-04-05T05:44:44.600+0000] {logging_mixin.py:188} INFO - [2024-04-05T05:44:44.600+0000] {dag.py:3834} INFO - Setting next_dagrun for example_dag_decorator to None, run_after=None
[2024-04-05T05:44:44.645+0000] {processor.py:183} INFO - Processing /home/airflow/.local/lib/python3.8/site-packages/airflow/example_dags/example_dag_decorator.py took 0.623 seconds
[2024-04-05T05:45:15.333+0000] {processor.py:161} INFO - Started process (PID=538) to work on /home/airflow/.local/lib/python3.8/site-packages/airflow/example_dags/example_dag_decorator.py
[2024-04-05T05:45:15.337+0000] {processor.py:830} INFO - Processing file /home/airflow/.local/lib/python3.8/site-packages/airflow/example_dags/example_dag_decorator.py for tasks to queue
[2024-04-05T05:45:15.349+0000] {logging_mixin.py:188} INFO - [2024-04-05T05:45:15.348+0000] {dagbag.py:540} INFO - Filling up the DagBag from /home/airflow/.local/lib/python3.8/site-packages/airflow/example_dags/example_dag_decorator.py
[2024-04-05T05:45:16.049+0000] {processor.py:840} INFO - DAG(s) 'example_dag_decorator' retrieved from /home/airflow/.local/lib/python3.8/site-packages/airflow/example_dags/example_dag_decorator.py
[2024-04-05T05:45:17.425+0000] {logging_mixin.py:188} INFO - [2024-04-05T05:45:17.425+0000] {dag.py:3047} INFO - Sync 1 DAGs
[2024-04-05T05:45:17.478+0000] {logging_mixin.py:188} INFO - [2024-04-05T05:45:17.476+0000] {dag.py:3834} INFO - Setting next_dagrun for example_dag_decorator to None, run_after=None
[2024-04-05T05:45:17.579+0000] {processor.py:183} INFO - Processing /home/airflow/.local/lib/python3.8/site-packages/airflow/example_dags/example_dag_decorator.py took 2.269 seconds
[2024-04-05T05:45:48.334+0000] {processor.py:161} INFO - Started process (PID=596) to work on /home/airflow/.local/lib/python3.8/site-packages/airflow/example_dags/example_dag_decorator.py
[2024-04-05T05:45:48.336+0000] {processor.py:830} INFO - Processing file /home/airflow/.local/lib/python3.8/site-packages/airflow/example_dags/example_dag_decorator.py for tasks to queue
[2024-04-05T05:45:48.338+0000] {logging_mixin.py:188} INFO - [2024-04-05T05:45:48.338+0000] {dagbag.py:540} INFO - Filling up the DagBag from /home/airflow/.local/lib/python3.8/site-packages/airflow/example_dags/example_dag_decorator.py
[2024-04-05T05:45:48.578+0000] {processor.py:840} INFO - DAG(s) 'example_dag_decorator' retrieved from /home/airflow/.local/lib/python3.8/site-packages/airflow/example_dags/example_dag_decorator.py
[2024-04-05T05:45:48.814+0000] {logging_mixin.py:188} INFO - [2024-04-05T05:45:48.813+0000] {dag.py:3047} INFO - Sync 1 DAGs
[2024-04-05T05:45:48.837+0000] {logging_mixin.py:188} INFO - [2024-04-05T05:45:48.836+0000] {dag.py:3834} INFO - Setting next_dagrun for example_dag_decorator to None, run_after=None
[2024-04-05T05:45:48.878+0000] {processor.py:183} INFO - Processing /home/airflow/.local/lib/python3.8/site-packages/airflow/example_dags/example_dag_decorator.py took 0.555 seconds
[2024-04-05T05:46:19.038+0000] {processor.py:161} INFO - Started process (PID=655) to work on /home/airflow/.local/lib/python3.8/site-packages/airflow/example_dags/example_dag_decorator.py
[2024-04-05T05:46:19.041+0000] {processor.py:830} INFO - Processing file /home/airflow/.local/lib/python3.8/site-packages/airflow/example_dags/example_dag_decorator.py for tasks to queue
[2024-04-05T05:46:19.043+0000] {logging_mixin.py:188} INFO - [2024-04-05T05:46:19.042+0000] {dagbag.py:540} INFO - Filling up the DagBag from /home/airflow/.local/lib/python3.8/site-packages/airflow/example_dags/example_dag_decorator.py
[2024-04-05T05:46:19.268+0000] {processor.py:840} INFO - DAG(s) 'example_dag_decorator' retrieved from /home/airflow/.local/lib/python3.8/site-packages/airflow/example_dags/example_dag_decorator.py
[2024-04-05T05:46:19.467+0000] {logging_mixin.py:188} INFO - [2024-04-05T05:46:19.467+0000] {dag.py:3047} INFO - Sync 1 DAGs
[2024-04-05T05:46:19.487+0000] {logging_mixin.py:188} INFO - [2024-04-05T05:46:19.486+0000] {dag.py:3834} INFO - Setting next_dagrun for example_dag_decorator to None, run_after=None
[2024-04-05T05:46:19.530+0000] {processor.py:183} INFO - Processing /home/airflow/.local/lib/python3.8/site-packages/airflow/example_dags/example_dag_decorator.py took 0.500 seconds
[2024-04-05T05:46:49.662+0000] {processor.py:161} INFO - Started process (PID=714) to work on /home/airflow/.local/lib/python3.8/site-packages/airflow/example_dags/example_dag_decorator.py
[2024-04-05T05:46:49.664+0000] {processor.py:830} INFO - Processing file /home/airflow/.local/lib/python3.8/site-packages/airflow/example_dags/example_dag_decorator.py for tasks to queue
[2024-04-05T05:46:49.667+0000] {logging_mixin.py:188} INFO - [2024-04-05T05:46:49.666+0000] {dagbag.py:540} INFO - Filling up the DagBag from /home/airflow/.local/lib/python3.8/site-packages/airflow/example_dags/example_dag_decorator.py
[2024-04-05T05:46:49.927+0000] {processor.py:840} INFO - DAG(s) 'example_dag_decorator' retrieved from /home/airflow/.local/lib/python3.8/site-packages/airflow/example_dags/example_dag_decorator.py
[2024-04-05T05:46:50.169+0000] {logging_mixin.py:188} INFO - [2024-04-05T05:46:50.168+0000] {dag.py:3047} INFO - Sync 1 DAGs
[2024-04-05T05:46:50.189+0000] {logging_mixin.py:188} INFO - [2024-04-05T05:46:50.188+0000] {dag.py:3834} INFO - Setting next_dagrun for example_dag_decorator to None, run_after=None
[2024-04-05T05:46:50.227+0000] {processor.py:183} INFO - Processing /home/airflow/.local/lib/python3.8/site-packages/airflow/example_dags/example_dag_decorator.py took 0.577 seconds
[2024-04-05T05:47:20.492+0000] {processor.py:161} INFO - Started process (PID=777) to work on /home/airflow/.local/lib/python3.8/site-packages/airflow/example_dags/example_dag_decorator.py
[2024-04-05T05:47:20.494+0000] {processor.py:830} INFO - Processing file /home/airflow/.local/lib/python3.8/site-packages/airflow/example_dags/example_dag_decorator.py for tasks to queue
[2024-04-05T05:47:20.496+0000] {logging_mixin.py:188} INFO - [2024-04-05T05:47:20.496+0000] {dagbag.py:540} INFO - Filling up the DagBag from /home/airflow/.local/lib/python3.8/site-packages/airflow/example_dags/example_dag_decorator.py
[2024-04-05T05:47:20.916+0000] {processor.py:840} INFO - DAG(s) 'example_dag_decorator' retrieved from /home/airflow/.local/lib/python3.8/site-packages/airflow/example_dags/example_dag_decorator.py
[2024-04-05T05:47:21.432+0000] {logging_mixin.py:188} INFO - [2024-04-05T05:47:21.432+0000] {dag.py:3047} INFO - Sync 1 DAGs
[2024-04-05T05:47:21.449+0000] {logging_mixin.py:188} INFO - [2024-04-05T05:47:21.449+0000] {dag.py:3834} INFO - Setting next_dagrun for example_dag_decorator to None, run_after=None
[2024-04-05T05:47:21.497+0000] {processor.py:183} INFO - Processing /home/airflow/.local/lib/python3.8/site-packages/airflow/example_dags/example_dag_decorator.py took 1.012 seconds
[2024-04-05T05:47:52.209+0000] {processor.py:161} INFO - Started process (PID=834) to work on /home/airflow/.local/lib/python3.8/site-packages/airflow/example_dags/example_dag_decorator.py
[2024-04-05T05:47:52.211+0000] {processor.py:830} INFO - Processing file /home/airflow/.local/lib/python3.8/site-packages/airflow/example_dags/example_dag_decorator.py for tasks to queue
[2024-04-05T05:47:52.213+0000] {logging_mixin.py:188} INFO - [2024-04-05T05:47:52.213+0000] {dagbag.py:540} INFO - Filling up the DagBag from /home/airflow/.local/lib/python3.8/site-packages/airflow/example_dags/example_dag_decorator.py
[2024-04-05T05:47:52.631+0000] {processor.py:840} INFO - DAG(s) 'example_dag_decorator' retrieved from /home/airflow/.local/lib/python3.8/site-packages/airflow/example_dags/example_dag_decorator.py
[2024-04-05T05:47:52.907+0000] {logging_mixin.py:188} INFO - [2024-04-05T05:47:52.907+0000] {dag.py:3047} INFO - Sync 1 DAGs
[2024-04-05T05:47:52.929+0000] {logging_mixin.py:188} INFO - [2024-04-05T05:47:52.929+0000] {dag.py:3834} INFO - Setting next_dagrun for example_dag_decorator to None, run_after=None
[2024-04-05T05:47:52.990+0000] {processor.py:183} INFO - Processing /home/airflow/.local/lib/python3.8/site-packages/airflow/example_dags/example_dag_decorator.py took 0.787 seconds
[2024-04-05T05:48:23.474+0000] {processor.py:161} INFO - Started process (PID=892) to work on /home/airflow/.local/lib/python3.8/site-packages/airflow/example_dags/example_dag_decorator.py
[2024-04-05T05:48:23.477+0000] {processor.py:830} INFO - Processing file /home/airflow/.local/lib/python3.8/site-packages/airflow/example_dags/example_dag_decorator.py for tasks to queue
[2024-04-05T05:48:23.481+0000] {logging_mixin.py:188} INFO - [2024-04-05T05:48:23.480+0000] {dagbag.py:540} INFO - Filling up the DagBag from /home/airflow/.local/lib/python3.8/site-packages/airflow/example_dags/example_dag_decorator.py
[2024-04-05T05:48:24.005+0000] {processor.py:840} INFO - DAG(s) 'example_dag_decorator' retrieved from /home/airflow/.local/lib/python3.8/site-packages/airflow/example_dags/example_dag_decorator.py
[2024-04-05T05:48:24.510+0000] {logging_mixin.py:188} INFO - [2024-04-05T05:48:24.510+0000] {dag.py:3047} INFO - Sync 1 DAGs
[2024-04-05T05:48:24.543+0000] {logging_mixin.py:188} INFO - [2024-04-05T05:48:24.543+0000] {dag.py:3834} INFO - Setting next_dagrun for example_dag_decorator to None, run_after=None
[2024-04-05T05:48:24.621+0000] {processor.py:183} INFO - Processing /home/airflow/.local/lib/python3.8/site-packages/airflow/example_dags/example_dag_decorator.py took 1.157 seconds
[2024-04-05T05:48:55.479+0000] {processor.py:161} INFO - Started process (PID=951) to work on /home/airflow/.local/lib/python3.8/site-packages/airflow/example_dags/example_dag_decorator.py
[2024-04-05T05:48:55.480+0000] {processor.py:830} INFO - Processing file /home/airflow/.local/lib/python3.8/site-packages/airflow/example_dags/example_dag_decorator.py for tasks to queue
[2024-04-05T05:48:55.483+0000] {logging_mixin.py:188} INFO - [2024-04-05T05:48:55.482+0000] {dagbag.py:540} INFO - Filling up the DagBag from /home/airflow/.local/lib/python3.8/site-packages/airflow/example_dags/example_dag_decorator.py
[2024-04-05T05:48:55.877+0000] {processor.py:840} INFO - DAG(s) 'example_dag_decorator' retrieved from /home/airflow/.local/lib/python3.8/site-packages/airflow/example_dags/example_dag_decorator.py
[2024-04-05T05:48:56.373+0000] {logging_mixin.py:188} INFO - [2024-04-05T05:48:56.372+0000] {dag.py:3047} INFO - Sync 1 DAGs
[2024-04-05T05:48:56.408+0000] {logging_mixin.py:188} INFO - [2024-04-05T05:48:56.408+0000] {dag.py:3834} INFO - Setting next_dagrun for example_dag_decorator to None, run_after=None
[2024-04-05T05:48:56.438+0000] {processor.py:183} INFO - Processing /home/airflow/.local/lib/python3.8/site-packages/airflow/example_dags/example_dag_decorator.py took 0.972 seconds
[2024-04-05T05:49:26.561+0000] {processor.py:161} INFO - Started process (PID=1011) to work on /home/airflow/.local/lib/python3.8/site-packages/airflow/example_dags/example_dag_decorator.py
[2024-04-05T05:49:26.563+0000] {processor.py:830} INFO - Processing file /home/airflow/.local/lib/python3.8/site-packages/airflow/example_dags/example_dag_decorator.py for tasks to queue
[2024-04-05T05:49:26.566+0000] {logging_mixin.py:188} INFO - [2024-04-05T05:49:26.565+0000] {dagbag.py:540} INFO - Filling up the DagBag from /home/airflow/.local/lib/python3.8/site-packages/airflow/example_dags/example_dag_decorator.py
[2024-04-05T05:49:26.768+0000] {processor.py:840} INFO - DAG(s) 'example_dag_decorator' retrieved from /home/airflow/.local/lib/python3.8/site-packages/airflow/example_dags/example_dag_decorator.py
[2024-04-05T05:49:26.940+0000] {logging_mixin.py:188} INFO - [2024-04-05T05:49:26.940+0000] {dag.py:3047} INFO - Sync 1 DAGs
[2024-04-05T05:49:26.961+0000] {logging_mixin.py:188} INFO - [2024-04-05T05:49:26.961+0000] {dag.py:3834} INFO - Setting next_dagrun for example_dag_decorator to None, run_after=None
[2024-04-05T05:49:26.995+0000] {processor.py:183} INFO - Processing /home/airflow/.local/lib/python3.8/site-packages/airflow/example_dags/example_dag_decorator.py took 0.440 seconds
[2024-04-05T05:49:57.241+0000] {processor.py:161} INFO - Started process (PID=1069) to work on /home/airflow/.local/lib/python3.8/site-packages/airflow/example_dags/example_dag_decorator.py
[2024-04-05T05:49:57.243+0000] {processor.py:830} INFO - Processing file /home/airflow/.local/lib/python3.8/site-packages/airflow/example_dags/example_dag_decorator.py for tasks to queue
[2024-04-05T05:49:57.246+0000] {logging_mixin.py:188} INFO - [2024-04-05T05:49:57.245+0000] {dagbag.py:540} INFO - Filling up the DagBag from /home/airflow/.local/lib/python3.8/site-packages/airflow/example_dags/example_dag_decorator.py
[2024-04-05T05:49:57.455+0000] {processor.py:840} INFO - DAG(s) 'example_dag_decorator' retrieved from /home/airflow/.local/lib/python3.8/site-packages/airflow/example_dags/example_dag_decorator.py
[2024-04-05T05:49:57.708+0000] {logging_mixin.py:188} INFO - [2024-04-05T05:49:57.707+0000] {dag.py:3047} INFO - Sync 1 DAGs
[2024-04-05T05:49:57.739+0000] {logging_mixin.py:188} INFO - [2024-04-05T05:49:57.738+0000] {dag.py:3834} INFO - Setting next_dagrun for example_dag_decorator to None, run_after=None
[2024-04-05T05:49:57.789+0000] {processor.py:183} INFO - Processing /home/airflow/.local/lib/python3.8/site-packages/airflow/example_dags/example_dag_decorator.py took 0.555 seconds
[2024-04-05T05:50:27.882+0000] {processor.py:161} INFO - Started process (PID=1127) to work on /home/airflow/.local/lib/python3.8/site-packages/airflow/example_dags/example_dag_decorator.py
[2024-04-05T05:50:27.884+0000] {processor.py:830} INFO - Processing file /home/airflow/.local/lib/python3.8/site-packages/airflow/example_dags/example_dag_decorator.py for tasks to queue
[2024-04-05T05:50:27.886+0000] {logging_mixin.py:188} INFO - [2024-04-05T05:50:27.885+0000] {dagbag.py:540} INFO - Filling up the DagBag from /home/airflow/.local/lib/python3.8/site-packages/airflow/example_dags/example_dag_decorator.py
[2024-04-05T05:50:28.126+0000] {processor.py:840} INFO - DAG(s) 'example_dag_decorator' retrieved from /home/airflow/.local/lib/python3.8/site-packages/airflow/example_dags/example_dag_decorator.py
[2024-04-05T05:50:28.297+0000] {logging_mixin.py:188} INFO - [2024-04-05T05:50:28.297+0000] {dag.py:3047} INFO - Sync 1 DAGs
[2024-04-05T05:50:28.315+0000] {logging_mixin.py:188} INFO - [2024-04-05T05:50:28.314+0000] {dag.py:3834} INFO - Setting next_dagrun for example_dag_decorator to None, run_after=None
[2024-04-05T05:50:28.364+0000] {processor.py:183} INFO - Processing /home/airflow/.local/lib/python3.8/site-packages/airflow/example_dags/example_dag_decorator.py took 0.489 seconds
[2024-04-05T05:50:58.493+0000] {processor.py:161} INFO - Started process (PID=1184) to work on /home/airflow/.local/lib/python3.8/site-packages/airflow/example_dags/example_dag_decorator.py
[2024-04-05T05:50:58.495+0000] {processor.py:830} INFO - Processing file /home/airflow/.local/lib/python3.8/site-packages/airflow/example_dags/example_dag_decorator.py for tasks to queue
[2024-04-05T05:50:58.498+0000] {logging_mixin.py:188} INFO - [2024-04-05T05:50:58.497+0000] {dagbag.py:540} INFO - Filling up the DagBag from /home/airflow/.local/lib/python3.8/site-packages/airflow/example_dags/example_dag_decorator.py
[2024-04-05T05:50:58.689+0000] {processor.py:840} INFO - DAG(s) 'example_dag_decorator' retrieved from /home/airflow/.local/lib/python3.8/site-packages/airflow/example_dags/example_dag_decorator.py
[2024-04-05T05:50:58.835+0000] {logging_mixin.py:188} INFO - [2024-04-05T05:50:58.834+0000] {dag.py:3047} INFO - Sync 1 DAGs
[2024-04-05T05:50:58.848+0000] {logging_mixin.py:188} INFO - [2024-04-05T05:50:58.848+0000] {dag.py:3834} INFO - Setting next_dagrun for example_dag_decorator to None, run_after=None
[2024-04-05T05:50:58.876+0000] {processor.py:183} INFO - Processing /home/airflow/.local/lib/python3.8/site-packages/airflow/example_dags/example_dag_decorator.py took 0.390 seconds
[2024-04-05T05:51:29.645+0000] {processor.py:161} INFO - Started process (PID=1241) to work on /home/airflow/.local/lib/python3.8/site-packages/airflow/example_dags/example_dag_decorator.py
[2024-04-05T05:51:29.648+0000] {processor.py:830} INFO - Processing file /home/airflow/.local/lib/python3.8/site-packages/airflow/example_dags/example_dag_decorator.py for tasks to queue
[2024-04-05T05:51:29.651+0000] {logging_mixin.py:188} INFO - [2024-04-05T05:51:29.650+0000] {dagbag.py:540} INFO - Filling up the DagBag from /home/airflow/.local/lib/python3.8/site-packages/airflow/example_dags/example_dag_decorator.py
[2024-04-05T05:51:29.945+0000] {processor.py:840} INFO - DAG(s) 'example_dag_decorator' retrieved from /home/airflow/.local/lib/python3.8/site-packages/airflow/example_dags/example_dag_decorator.py
[2024-04-05T05:51:30.393+0000] {logging_mixin.py:188} INFO - [2024-04-05T05:51:30.393+0000] {dag.py:3047} INFO - Sync 1 DAGs
[2024-04-05T05:51:30.431+0000] {logging_mixin.py:188} INFO - [2024-04-05T05:51:30.431+0000] {dag.py:3834} INFO - Setting next_dagrun for example_dag_decorator to None, run_after=None
[2024-04-05T05:51:30.483+0000] {processor.py:183} INFO - Processing /home/airflow/.local/lib/python3.8/site-packages/airflow/example_dags/example_dag_decorator.py took 0.853 seconds
[2024-04-05T05:52:01.173+0000] {processor.py:161} INFO - Started process (PID=1299) to work on /home/airflow/.local/lib/python3.8/site-packages/airflow/example_dags/example_dag_decorator.py
[2024-04-05T05:52:01.175+0000] {processor.py:830} INFO - Processing file /home/airflow/.local/lib/python3.8/site-packages/airflow/example_dags/example_dag_decorator.py for tasks to queue
[2024-04-05T05:52:01.178+0000] {logging_mixin.py:188} INFO - [2024-04-05T05:52:01.177+0000] {dagbag.py:540} INFO - Filling up the DagBag from /home/airflow/.local/lib/python3.8/site-packages/airflow/example_dags/example_dag_decorator.py
[2024-04-05T05:52:01.416+0000] {processor.py:840} INFO - DAG(s) 'example_dag_decorator' retrieved from /home/airflow/.local/lib/python3.8/site-packages/airflow/example_dags/example_dag_decorator.py
[2024-04-05T05:52:01.649+0000] {logging_mixin.py:188} INFO - [2024-04-05T05:52:01.648+0000] {dag.py:3047} INFO - Sync 1 DAGs
[2024-04-05T05:52:01.672+0000] {logging_mixin.py:188} INFO - [2024-04-05T05:52:01.672+0000] {dag.py:3834} INFO - Setting next_dagrun for example_dag_decorator to None, run_after=None
[2024-04-05T05:52:01.710+0000] {processor.py:183} INFO - Processing /home/airflow/.local/lib/python3.8/site-packages/airflow/example_dags/example_dag_decorator.py took 0.545 seconds
[2024-04-05T05:52:31.873+0000] {processor.py:161} INFO - Started process (PID=1357) to work on /home/airflow/.local/lib/python3.8/site-packages/airflow/example_dags/example_dag_decorator.py
[2024-04-05T05:52:31.875+0000] {processor.py:830} INFO - Processing file /home/airflow/.local/lib/python3.8/site-packages/airflow/example_dags/example_dag_decorator.py for tasks to queue
[2024-04-05T05:52:31.877+0000] {logging_mixin.py:188} INFO - [2024-04-05T05:52:31.877+0000] {dagbag.py:540} INFO - Filling up the DagBag from /home/airflow/.local/lib/python3.8/site-packages/airflow/example_dags/example_dag_decorator.py
[2024-04-05T05:52:32.040+0000] {processor.py:840} INFO - DAG(s) 'example_dag_decorator' retrieved from /home/airflow/.local/lib/python3.8/site-packages/airflow/example_dags/example_dag_decorator.py
[2024-04-05T05:52:32.246+0000] {logging_mixin.py:188} INFO - [2024-04-05T05:52:32.246+0000] {dag.py:3047} INFO - Sync 1 DAGs
[2024-04-05T05:52:32.266+0000] {logging_mixin.py:188} INFO - [2024-04-05T05:52:32.266+0000] {dag.py:3834} INFO - Setting next_dagrun for example_dag_decorator to None, run_after=None
[2024-04-05T05:52:32.304+0000] {processor.py:183} INFO - Processing /home/airflow/.local/lib/python3.8/site-packages/airflow/example_dags/example_dag_decorator.py took 0.437 seconds
[2024-04-05T05:53:03.174+0000] {processor.py:161} INFO - Started process (PID=1414) to work on /home/airflow/.local/lib/python3.8/site-packages/airflow/example_dags/example_dag_decorator.py
[2024-04-05T05:53:03.176+0000] {processor.py:830} INFO - Processing file /home/airflow/.local/lib/python3.8/site-packages/airflow/example_dags/example_dag_decorator.py for tasks to queue
[2024-04-05T05:53:03.178+0000] {logging_mixin.py:188} INFO - [2024-04-05T05:53:03.178+0000] {dagbag.py:540} INFO - Filling up the DagBag from /home/airflow/.local/lib/python3.8/site-packages/airflow/example_dags/example_dag_decorator.py
[2024-04-05T05:53:03.480+0000] {processor.py:840} INFO - DAG(s) 'example_dag_decorator' retrieved from /home/airflow/.local/lib/python3.8/site-packages/airflow/example_dags/example_dag_decorator.py
[2024-04-05T05:53:03.693+0000] {logging_mixin.py:188} INFO - [2024-04-05T05:53:03.692+0000] {dag.py:3047} INFO - Sync 1 DAGs
[2024-04-05T05:53:03.716+0000] {logging_mixin.py:188} INFO - [2024-04-05T05:53:03.716+0000] {dag.py:3834} INFO - Setting next_dagrun for example_dag_decorator to None, run_after=None
[2024-04-05T05:53:03.751+0000] {processor.py:183} INFO - Processing /home/airflow/.local/lib/python3.8/site-packages/airflow/example_dags/example_dag_decorator.py took 0.584 seconds
[2024-04-05T05:53:33.814+0000] {processor.py:161} INFO - Started process (PID=1471) to work on /home/airflow/.local/lib/python3.8/site-packages/airflow/example_dags/example_dag_decorator.py
[2024-04-05T05:53:33.817+0000] {processor.py:830} INFO - Processing file /home/airflow/.local/lib/python3.8/site-packages/airflow/example_dags/example_dag_decorator.py for tasks to queue
[2024-04-05T05:53:33.820+0000] {logging_mixin.py:188} INFO - [2024-04-05T05:53:33.819+0000] {dagbag.py:540} INFO - Filling up the DagBag from /home/airflow/.local/lib/python3.8/site-packages/airflow/example_dags/example_dag_decorator.py
[2024-04-05T05:53:34.178+0000] {processor.py:840} INFO - DAG(s) 'example_dag_decorator' retrieved from /home/airflow/.local/lib/python3.8/site-packages/airflow/example_dags/example_dag_decorator.py
[2024-04-05T05:53:34.519+0000] {logging_mixin.py:188} INFO - [2024-04-05T05:53:34.518+0000] {dag.py:3047} INFO - Sync 1 DAGs
[2024-04-05T05:53:34.563+0000] {logging_mixin.py:188} INFO - [2024-04-05T05:53:34.562+0000] {dag.py:3834} INFO - Setting next_dagrun for example_dag_decorator to None, run_after=None
[2024-04-05T05:53:34.611+0000] {processor.py:183} INFO - Processing /home/airflow/.local/lib/python3.8/site-packages/airflow/example_dags/example_dag_decorator.py took 0.804 seconds
[2024-04-05T05:54:05.129+0000] {processor.py:161} INFO - Started process (PID=1528) to work on /home/airflow/.local/lib/python3.8/site-packages/airflow/example_dags/example_dag_decorator.py
[2024-04-05T05:54:05.132+0000] {processor.py:830} INFO - Processing file /home/airflow/.local/lib/python3.8/site-packages/airflow/example_dags/example_dag_decorator.py for tasks to queue
[2024-04-05T05:54:05.135+0000] {logging_mixin.py:188} INFO - [2024-04-05T05:54:05.134+0000] {dagbag.py:540} INFO - Filling up the DagBag from /home/airflow/.local/lib/python3.8/site-packages/airflow/example_dags/example_dag_decorator.py
[2024-04-05T05:54:05.662+0000] {processor.py:840} INFO - DAG(s) 'example_dag_decorator' retrieved from /home/airflow/.local/lib/python3.8/site-packages/airflow/example_dags/example_dag_decorator.py
[2024-04-05T05:54:06.296+0000] {logging_mixin.py:188} INFO - [2024-04-05T05:54:06.295+0000] {dag.py:3047} INFO - Sync 1 DAGs
[2024-04-05T05:54:06.321+0000] {logging_mixin.py:188} INFO - [2024-04-05T05:54:06.320+0000] {dag.py:3834} INFO - Setting next_dagrun for example_dag_decorator to None, run_after=None
[2024-04-05T05:54:06.374+0000] {processor.py:183} INFO - Processing /home/airflow/.local/lib/python3.8/site-packages/airflow/example_dags/example_dag_decorator.py took 1.255 seconds
[2024-04-05T05:54:36.450+0000] {processor.py:161} INFO - Started process (PID=1587) to work on /home/airflow/.local/lib/python3.8/site-packages/airflow/example_dags/example_dag_decorator.py
[2024-04-05T05:54:36.453+0000] {processor.py:830} INFO - Processing file /home/airflow/.local/lib/python3.8/site-packages/airflow/example_dags/example_dag_decorator.py for tasks to queue
[2024-04-05T05:54:36.456+0000] {logging_mixin.py:188} INFO - [2024-04-05T05:54:36.455+0000] {dagbag.py:540} INFO - Filling up the DagBag from /home/airflow/.local/lib/python3.8/site-packages/airflow/example_dags/example_dag_decorator.py
[2024-04-05T05:54:36.942+0000] {processor.py:840} INFO - DAG(s) 'example_dag_decorator' retrieved from /home/airflow/.local/lib/python3.8/site-packages/airflow/example_dags/example_dag_decorator.py
[2024-04-05T05:54:37.238+0000] {logging_mixin.py:188} INFO - [2024-04-05T05:54:37.237+0000] {dag.py:3047} INFO - Sync 1 DAGs
[2024-04-05T05:54:37.268+0000] {logging_mixin.py:188} INFO - [2024-04-05T05:54:37.268+0000] {dag.py:3834} INFO - Setting next_dagrun for example_dag_decorator to None, run_after=None
[2024-04-05T05:54:37.310+0000] {processor.py:183} INFO - Processing /home/airflow/.local/lib/python3.8/site-packages/airflow/example_dags/example_dag_decorator.py took 0.869 seconds
[2024-04-05T05:55:07.752+0000] {processor.py:161} INFO - Started process (PID=1646) to work on /home/airflow/.local/lib/python3.8/site-packages/airflow/example_dags/example_dag_decorator.py
[2024-04-05T05:55:07.767+0000] {processor.py:830} INFO - Processing file /home/airflow/.local/lib/python3.8/site-packages/airflow/example_dags/example_dag_decorator.py for tasks to queue
[2024-04-05T05:55:07.780+0000] {logging_mixin.py:188} INFO - [2024-04-05T05:55:07.770+0000] {dagbag.py:540} INFO - Filling up the DagBag from /home/airflow/.local/lib/python3.8/site-packages/airflow/example_dags/example_dag_decorator.py
[2024-04-05T05:55:08.547+0000] {processor.py:840} INFO - DAG(s) 'example_dag_decorator' retrieved from /home/airflow/.local/lib/python3.8/site-packages/airflow/example_dags/example_dag_decorator.py
[2024-04-05T05:55:09.602+0000] {logging_mixin.py:188} INFO - [2024-04-05T05:55:09.601+0000] {dag.py:3047} INFO - Sync 1 DAGs
[2024-04-05T05:55:09.686+0000] {logging_mixin.py:188} INFO - [2024-04-05T05:55:09.686+0000] {dag.py:3834} INFO - Setting next_dagrun for example_dag_decorator to None, run_after=None
[2024-04-05T05:55:09.935+0000] {processor.py:183} INFO - Processing /home/airflow/.local/lib/python3.8/site-packages/airflow/example_dags/example_dag_decorator.py took 2.215 seconds
[2024-04-05T05:55:40.419+0000] {processor.py:161} INFO - Started process (PID=1709) to work on /home/airflow/.local/lib/python3.8/site-packages/airflow/example_dags/example_dag_decorator.py
[2024-04-05T05:55:40.421+0000] {processor.py:830} INFO - Processing file /home/airflow/.local/lib/python3.8/site-packages/airflow/example_dags/example_dag_decorator.py for tasks to queue
[2024-04-05T05:55:40.424+0000] {logging_mixin.py:188} INFO - [2024-04-05T05:55:40.423+0000] {dagbag.py:540} INFO - Filling up the DagBag from /home/airflow/.local/lib/python3.8/site-packages/airflow/example_dags/example_dag_decorator.py
[2024-04-05T05:55:40.704+0000] {processor.py:840} INFO - DAG(s) 'example_dag_decorator' retrieved from /home/airflow/.local/lib/python3.8/site-packages/airflow/example_dags/example_dag_decorator.py
[2024-04-05T05:55:40.997+0000] {logging_mixin.py:188} INFO - [2024-04-05T05:55:40.997+0000] {dag.py:3047} INFO - Sync 1 DAGs
[2024-04-05T05:55:41.022+0000] {logging_mixin.py:188} INFO - [2024-04-05T05:55:41.022+0000] {dag.py:3834} INFO - Setting next_dagrun for example_dag_decorator to None, run_after=None
[2024-04-05T05:55:41.061+0000] {processor.py:183} INFO - Processing /home/airflow/.local/lib/python3.8/site-packages/airflow/example_dags/example_dag_decorator.py took 0.649 seconds
[2024-04-05T05:56:11.123+0000] {processor.py:161} INFO - Started process (PID=1767) to work on /home/airflow/.local/lib/python3.8/site-packages/airflow/example_dags/example_dag_decorator.py
[2024-04-05T05:56:11.125+0000] {processor.py:830} INFO - Processing file /home/airflow/.local/lib/python3.8/site-packages/airflow/example_dags/example_dag_decorator.py for tasks to queue
[2024-04-05T05:56:11.127+0000] {logging_mixin.py:188} INFO - [2024-04-05T05:56:11.126+0000] {dagbag.py:540} INFO - Filling up the DagBag from /home/airflow/.local/lib/python3.8/site-packages/airflow/example_dags/example_dag_decorator.py
[2024-04-05T05:56:11.405+0000] {processor.py:840} INFO - DAG(s) 'example_dag_decorator' retrieved from /home/airflow/.local/lib/python3.8/site-packages/airflow/example_dags/example_dag_decorator.py
[2024-04-05T05:56:11.737+0000] {logging_mixin.py:188} INFO - [2024-04-05T05:56:11.736+0000] {dag.py:3047} INFO - Sync 1 DAGs
[2024-04-05T05:56:11.758+0000] {logging_mixin.py:188} INFO - [2024-04-05T05:56:11.758+0000] {dag.py:3834} INFO - Setting next_dagrun for example_dag_decorator to None, run_after=None
[2024-04-05T05:56:11.790+0000] {processor.py:183} INFO - Processing /home/airflow/.local/lib/python3.8/site-packages/airflow/example_dags/example_dag_decorator.py took 0.674 seconds
[2024-04-05T05:56:42.457+0000] {processor.py:161} INFO - Started process (PID=1826) to work on /home/airflow/.local/lib/python3.8/site-packages/airflow/example_dags/example_dag_decorator.py
[2024-04-05T05:56:42.459+0000] {processor.py:830} INFO - Processing file /home/airflow/.local/lib/python3.8/site-packages/airflow/example_dags/example_dag_decorator.py for tasks to queue
[2024-04-05T05:56:42.461+0000] {logging_mixin.py:188} INFO - [2024-04-05T05:56:42.460+0000] {dagbag.py:540} INFO - Filling up the DagBag from /home/airflow/.local/lib/python3.8/site-packages/airflow/example_dags/example_dag_decorator.py
[2024-04-05T05:56:42.598+0000] {processor.py:840} INFO - DAG(s) 'example_dag_decorator' retrieved from /home/airflow/.local/lib/python3.8/site-packages/airflow/example_dags/example_dag_decorator.py
[2024-04-05T05:56:42.810+0000] {logging_mixin.py:188} INFO - [2024-04-05T05:56:42.809+0000] {dag.py:3047} INFO - Sync 1 DAGs
[2024-04-05T05:56:42.822+0000] {logging_mixin.py:188} INFO - [2024-04-05T05:56:42.821+0000] {dag.py:3834} INFO - Setting next_dagrun for example_dag_decorator to None, run_after=None
[2024-04-05T05:56:42.858+0000] {processor.py:183} INFO - Processing /home/airflow/.local/lib/python3.8/site-packages/airflow/example_dags/example_dag_decorator.py took 0.407 seconds
[2024-04-05T05:57:12.973+0000] {processor.py:161} INFO - Started process (PID=1883) to work on /home/airflow/.local/lib/python3.8/site-packages/airflow/example_dags/example_dag_decorator.py
[2024-04-05T05:57:12.975+0000] {processor.py:830} INFO - Processing file /home/airflow/.local/lib/python3.8/site-packages/airflow/example_dags/example_dag_decorator.py for tasks to queue
[2024-04-05T05:57:12.976+0000] {logging_mixin.py:188} INFO - [2024-04-05T05:57:12.976+0000] {dagbag.py:540} INFO - Filling up the DagBag from /home/airflow/.local/lib/python3.8/site-packages/airflow/example_dags/example_dag_decorator.py
[2024-04-05T05:57:13.164+0000] {processor.py:840} INFO - DAG(s) 'example_dag_decorator' retrieved from /home/airflow/.local/lib/python3.8/site-packages/airflow/example_dags/example_dag_decorator.py
[2024-04-05T05:57:13.201+0000] {logging_mixin.py:188} INFO - [2024-04-05T05:57:13.200+0000] {dag.py:3047} INFO - Sync 1 DAGs
[2024-04-05T05:57:13.216+0000] {logging_mixin.py:188} INFO - [2024-04-05T05:57:13.216+0000] {dag.py:3834} INFO - Setting next_dagrun for example_dag_decorator to None, run_after=None
[2024-04-05T05:57:13.240+0000] {processor.py:183} INFO - Processing /home/airflow/.local/lib/python3.8/site-packages/airflow/example_dags/example_dag_decorator.py took 0.271 seconds
[2024-04-05T05:57:43.539+0000] {processor.py:161} INFO - Started process (PID=1940) to work on /home/airflow/.local/lib/python3.8/site-packages/airflow/example_dags/example_dag_decorator.py
[2024-04-05T05:57:43.541+0000] {processor.py:830} INFO - Processing file /home/airflow/.local/lib/python3.8/site-packages/airflow/example_dags/example_dag_decorator.py for tasks to queue
[2024-04-05T05:57:43.543+0000] {logging_mixin.py:188} INFO - [2024-04-05T05:57:43.542+0000] {dagbag.py:540} INFO - Filling up the DagBag from /home/airflow/.local/lib/python3.8/site-packages/airflow/example_dags/example_dag_decorator.py
[2024-04-05T05:57:43.679+0000] {processor.py:840} INFO - DAG(s) 'example_dag_decorator' retrieved from /home/airflow/.local/lib/python3.8/site-packages/airflow/example_dags/example_dag_decorator.py
[2024-04-05T05:57:43.962+0000] {logging_mixin.py:188} INFO - [2024-04-05T05:57:43.962+0000] {dag.py:3047} INFO - Sync 1 DAGs
[2024-04-05T05:57:43.976+0000] {logging_mixin.py:188} INFO - [2024-04-05T05:57:43.976+0000] {dag.py:3834} INFO - Setting next_dagrun for example_dag_decorator to None, run_after=None
[2024-04-05T05:57:44.002+0000] {processor.py:183} INFO - Processing /home/airflow/.local/lib/python3.8/site-packages/airflow/example_dags/example_dag_decorator.py took 0.467 seconds
[2024-04-05T05:58:14.761+0000] {processor.py:161} INFO - Started process (PID=1998) to work on /home/airflow/.local/lib/python3.8/site-packages/airflow/example_dags/example_dag_decorator.py
[2024-04-05T05:58:14.763+0000] {processor.py:830} INFO - Processing file /home/airflow/.local/lib/python3.8/site-packages/airflow/example_dags/example_dag_decorator.py for tasks to queue
[2024-04-05T05:58:14.766+0000] {logging_mixin.py:188} INFO - [2024-04-05T05:58:14.765+0000] {dagbag.py:540} INFO - Filling up the DagBag from /home/airflow/.local/lib/python3.8/site-packages/airflow/example_dags/example_dag_decorator.py
[2024-04-05T05:58:15.017+0000] {processor.py:840} INFO - DAG(s) 'example_dag_decorator' retrieved from /home/airflow/.local/lib/python3.8/site-packages/airflow/example_dags/example_dag_decorator.py
[2024-04-05T05:58:15.213+0000] {logging_mixin.py:188} INFO - [2024-04-05T05:58:15.213+0000] {dag.py:3047} INFO - Sync 1 DAGs
[2024-04-05T05:58:15.240+0000] {logging_mixin.py:188} INFO - [2024-04-05T05:58:15.240+0000] {dag.py:3834} INFO - Setting next_dagrun for example_dag_decorator to None, run_after=None
[2024-04-05T05:58:15.275+0000] {processor.py:183} INFO - Processing /home/airflow/.local/lib/python3.8/site-packages/airflow/example_dags/example_dag_decorator.py took 0.525 seconds
[2024-04-05T05:58:45.387+0000] {processor.py:161} INFO - Started process (PID=2055) to work on /home/airflow/.local/lib/python3.8/site-packages/airflow/example_dags/example_dag_decorator.py
[2024-04-05T05:58:45.389+0000] {processor.py:830} INFO - Processing file /home/airflow/.local/lib/python3.8/site-packages/airflow/example_dags/example_dag_decorator.py for tasks to queue
[2024-04-05T05:58:45.392+0000] {logging_mixin.py:188} INFO - [2024-04-05T05:58:45.391+0000] {dagbag.py:540} INFO - Filling up the DagBag from /home/airflow/.local/lib/python3.8/site-packages/airflow/example_dags/example_dag_decorator.py
[2024-04-05T05:58:45.618+0000] {processor.py:840} INFO - DAG(s) 'example_dag_decorator' retrieved from /home/airflow/.local/lib/python3.8/site-packages/airflow/example_dags/example_dag_decorator.py
[2024-04-05T05:58:45.797+0000] {logging_mixin.py:188} INFO - [2024-04-05T05:58:45.797+0000] {dag.py:3047} INFO - Sync 1 DAGs
[2024-04-05T05:58:45.812+0000] {logging_mixin.py:188} INFO - [2024-04-05T05:58:45.812+0000] {dag.py:3834} INFO - Setting next_dagrun for example_dag_decorator to None, run_after=None
[2024-04-05T05:58:45.841+0000] {processor.py:183} INFO - Processing /home/airflow/.local/lib/python3.8/site-packages/airflow/example_dags/example_dag_decorator.py took 0.463 seconds
[2024-04-05T05:59:15.976+0000] {processor.py:161} INFO - Started process (PID=2113) to work on /home/airflow/.local/lib/python3.8/site-packages/airflow/example_dags/example_dag_decorator.py
[2024-04-05T05:59:15.978+0000] {processor.py:830} INFO - Processing file /home/airflow/.local/lib/python3.8/site-packages/airflow/example_dags/example_dag_decorator.py for tasks to queue
[2024-04-05T05:59:15.980+0000] {logging_mixin.py:188} INFO - [2024-04-05T05:59:15.980+0000] {dagbag.py:540} INFO - Filling up the DagBag from /home/airflow/.local/lib/python3.8/site-packages/airflow/example_dags/example_dag_decorator.py
[2024-04-05T05:59:16.218+0000] {processor.py:840} INFO - DAG(s) 'example_dag_decorator' retrieved from /home/airflow/.local/lib/python3.8/site-packages/airflow/example_dags/example_dag_decorator.py
[2024-04-05T05:59:16.394+0000] {logging_mixin.py:188} INFO - [2024-04-05T05:59:16.394+0000] {dag.py:3047} INFO - Sync 1 DAGs
[2024-04-05T05:59:16.410+0000] {logging_mixin.py:188} INFO - [2024-04-05T05:59:16.410+0000] {dag.py:3834} INFO - Setting next_dagrun for example_dag_decorator to None, run_after=None
[2024-04-05T05:59:16.441+0000] {processor.py:183} INFO - Processing /home/airflow/.local/lib/python3.8/site-packages/airflow/example_dags/example_dag_decorator.py took 0.471 seconds
[2024-04-05T05:59:47.309+0000] {processor.py:161} INFO - Started process (PID=2168) to work on /home/airflow/.local/lib/python3.8/site-packages/airflow/example_dags/example_dag_decorator.py
[2024-04-05T05:59:47.311+0000] {processor.py:830} INFO - Processing file /home/airflow/.local/lib/python3.8/site-packages/airflow/example_dags/example_dag_decorator.py for tasks to queue
[2024-04-05T05:59:47.313+0000] {logging_mixin.py:188} INFO - [2024-04-05T05:59:47.312+0000] {dagbag.py:540} INFO - Filling up the DagBag from /home/airflow/.local/lib/python3.8/site-packages/airflow/example_dags/example_dag_decorator.py
[2024-04-05T05:59:47.486+0000] {processor.py:840} INFO - DAG(s) 'example_dag_decorator' retrieved from /home/airflow/.local/lib/python3.8/site-packages/airflow/example_dags/example_dag_decorator.py
[2024-04-05T05:59:47.661+0000] {logging_mixin.py:188} INFO - [2024-04-05T05:59:47.661+0000] {dag.py:3047} INFO - Sync 1 DAGs
[2024-04-05T05:59:47.681+0000] {logging_mixin.py:188} INFO - [2024-04-05T05:59:47.681+0000] {dag.py:3834} INFO - Setting next_dagrun for example_dag_decorator to None, run_after=None
[2024-04-05T05:59:47.713+0000] {processor.py:183} INFO - Processing /home/airflow/.local/lib/python3.8/site-packages/airflow/example_dags/example_dag_decorator.py took 0.410 seconds
[2024-04-05T06:00:19.067+0000] {processor.py:161} INFO - Started process (PID=2229) to work on /home/airflow/.local/lib/python3.8/site-packages/airflow/example_dags/example_dag_decorator.py
[2024-04-05T06:00:19.069+0000] {processor.py:830} INFO - Processing file /home/airflow/.local/lib/python3.8/site-packages/airflow/example_dags/example_dag_decorator.py for tasks to queue
[2024-04-05T06:00:19.071+0000] {logging_mixin.py:188} INFO - [2024-04-05T06:00:19.070+0000] {dagbag.py:540} INFO - Filling up the DagBag from /home/airflow/.local/lib/python3.8/site-packages/airflow/example_dags/example_dag_decorator.py
[2024-04-05T06:00:19.294+0000] {processor.py:840} INFO - DAG(s) 'example_dag_decorator' retrieved from /home/airflow/.local/lib/python3.8/site-packages/airflow/example_dags/example_dag_decorator.py
[2024-04-05T06:00:19.513+0000] {logging_mixin.py:188} INFO - [2024-04-05T06:00:19.512+0000] {dag.py:3047} INFO - Sync 1 DAGs
[2024-04-05T06:00:19.536+0000] {logging_mixin.py:188} INFO - [2024-04-05T06:00:19.535+0000] {dag.py:3834} INFO - Setting next_dagrun for example_dag_decorator to None, run_after=None
[2024-04-05T06:00:19.575+0000] {processor.py:183} INFO - Processing /home/airflow/.local/lib/python3.8/site-packages/airflow/example_dags/example_dag_decorator.py took 0.515 seconds
[2024-04-05T06:00:49.857+0000] {processor.py:161} INFO - Started process (PID=2287) to work on /home/airflow/.local/lib/python3.8/site-packages/airflow/example_dags/example_dag_decorator.py
[2024-04-05T06:00:49.860+0000] {processor.py:830} INFO - Processing file /home/airflow/.local/lib/python3.8/site-packages/airflow/example_dags/example_dag_decorator.py for tasks to queue
[2024-04-05T06:00:49.862+0000] {logging_mixin.py:188} INFO - [2024-04-05T06:00:49.861+0000] {dagbag.py:540} INFO - Filling up the DagBag from /home/airflow/.local/lib/python3.8/site-packages/airflow/example_dags/example_dag_decorator.py
[2024-04-05T06:00:50.057+0000] {processor.py:840} INFO - DAG(s) 'example_dag_decorator' retrieved from /home/airflow/.local/lib/python3.8/site-packages/airflow/example_dags/example_dag_decorator.py
[2024-04-05T06:00:50.295+0000] {logging_mixin.py:188} INFO - [2024-04-05T06:00:50.295+0000] {dag.py:3047} INFO - Sync 1 DAGs
[2024-04-05T06:00:50.311+0000] {logging_mixin.py:188} INFO - [2024-04-05T06:00:50.311+0000] {dag.py:3834} INFO - Setting next_dagrun for example_dag_decorator to None, run_after=None
[2024-04-05T06:00:50.345+0000] {processor.py:183} INFO - Processing /home/airflow/.local/lib/python3.8/site-packages/airflow/example_dags/example_dag_decorator.py took 0.495 seconds
[2024-04-05T06:01:21.125+0000] {processor.py:161} INFO - Started process (PID=2345) to work on /home/airflow/.local/lib/python3.8/site-packages/airflow/example_dags/example_dag_decorator.py
[2024-04-05T06:01:21.128+0000] {processor.py:830} INFO - Processing file /home/airflow/.local/lib/python3.8/site-packages/airflow/example_dags/example_dag_decorator.py for tasks to queue
[2024-04-05T06:01:21.130+0000] {logging_mixin.py:188} INFO - [2024-04-05T06:01:21.129+0000] {dagbag.py:540} INFO - Filling up the DagBag from /home/airflow/.local/lib/python3.8/site-packages/airflow/example_dags/example_dag_decorator.py
[2024-04-05T06:01:21.332+0000] {processor.py:840} INFO - DAG(s) 'example_dag_decorator' retrieved from /home/airflow/.local/lib/python3.8/site-packages/airflow/example_dags/example_dag_decorator.py
[2024-04-05T06:01:21.553+0000] {logging_mixin.py:188} INFO - [2024-04-05T06:01:21.553+0000] {dag.py:3047} INFO - Sync 1 DAGs
[2024-04-05T06:01:21.582+0000] {logging_mixin.py:188} INFO - [2024-04-05T06:01:21.581+0000] {dag.py:3834} INFO - Setting next_dagrun for example_dag_decorator to None, run_after=None
[2024-04-05T06:01:21.622+0000] {processor.py:183} INFO - Processing /home/airflow/.local/lib/python3.8/site-packages/airflow/example_dags/example_dag_decorator.py took 0.502 seconds
[2024-04-05T06:01:51.707+0000] {processor.py:161} INFO - Started process (PID=2403) to work on /home/airflow/.local/lib/python3.8/site-packages/airflow/example_dags/example_dag_decorator.py
[2024-04-05T06:01:51.708+0000] {processor.py:830} INFO - Processing file /home/airflow/.local/lib/python3.8/site-packages/airflow/example_dags/example_dag_decorator.py for tasks to queue
[2024-04-05T06:01:51.710+0000] {logging_mixin.py:188} INFO - [2024-04-05T06:01:51.710+0000] {dagbag.py:540} INFO - Filling up the DagBag from /home/airflow/.local/lib/python3.8/site-packages/airflow/example_dags/example_dag_decorator.py
[2024-04-05T06:01:51.967+0000] {processor.py:840} INFO - DAG(s) 'example_dag_decorator' retrieved from /home/airflow/.local/lib/python3.8/site-packages/airflow/example_dags/example_dag_decorator.py
[2024-04-05T06:01:52.189+0000] {logging_mixin.py:188} INFO - [2024-04-05T06:01:52.189+0000] {dag.py:3047} INFO - Sync 1 DAGs
[2024-04-05T06:01:52.202+0000] {logging_mixin.py:188} INFO - [2024-04-05T06:01:52.202+0000] {dag.py:3834} INFO - Setting next_dagrun for example_dag_decorator to None, run_after=None
[2024-04-05T06:01:52.224+0000] {processor.py:183} INFO - Processing /home/airflow/.local/lib/python3.8/site-packages/airflow/example_dags/example_dag_decorator.py took 0.522 seconds
[2024-04-05T06:02:22.848+0000] {processor.py:161} INFO - Started process (PID=2460) to work on /home/airflow/.local/lib/python3.8/site-packages/airflow/example_dags/example_dag_decorator.py
[2024-04-05T06:02:22.850+0000] {processor.py:830} INFO - Processing file /home/airflow/.local/lib/python3.8/site-packages/airflow/example_dags/example_dag_decorator.py for tasks to queue
[2024-04-05T06:02:22.852+0000] {logging_mixin.py:188} INFO - [2024-04-05T06:02:22.852+0000] {dagbag.py:540} INFO - Filling up the DagBag from /home/airflow/.local/lib/python3.8/site-packages/airflow/example_dags/example_dag_decorator.py
[2024-04-05T06:02:23.128+0000] {processor.py:840} INFO - DAG(s) 'example_dag_decorator' retrieved from /home/airflow/.local/lib/python3.8/site-packages/airflow/example_dags/example_dag_decorator.py
[2024-04-05T06:02:23.682+0000] {logging_mixin.py:188} INFO - [2024-04-05T06:02:23.681+0000] {dag.py:3047} INFO - Sync 1 DAGs
[2024-04-05T06:02:23.708+0000] {logging_mixin.py:188} INFO - [2024-04-05T06:02:23.706+0000] {dag.py:3834} INFO - Setting next_dagrun for example_dag_decorator to None, run_after=None
[2024-04-05T06:02:23.751+0000] {processor.py:183} INFO - Processing /home/airflow/.local/lib/python3.8/site-packages/airflow/example_dags/example_dag_decorator.py took 0.909 seconds
[2024-04-05T06:02:54.235+0000] {processor.py:161} INFO - Started process (PID=2517) to work on /home/airflow/.local/lib/python3.8/site-packages/airflow/example_dags/example_dag_decorator.py
[2024-04-05T06:02:54.236+0000] {processor.py:830} INFO - Processing file /home/airflow/.local/lib/python3.8/site-packages/airflow/example_dags/example_dag_decorator.py for tasks to queue
[2024-04-05T06:02:54.238+0000] {logging_mixin.py:188} INFO - [2024-04-05T06:02:54.237+0000] {dagbag.py:540} INFO - Filling up the DagBag from /home/airflow/.local/lib/python3.8/site-packages/airflow/example_dags/example_dag_decorator.py
[2024-04-05T06:02:54.444+0000] {processor.py:840} INFO - DAG(s) 'example_dag_decorator' retrieved from /home/airflow/.local/lib/python3.8/site-packages/airflow/example_dags/example_dag_decorator.py
[2024-04-05T06:02:54.865+0000] {logging_mixin.py:188} INFO - [2024-04-05T06:02:54.865+0000] {dag.py:3047} INFO - Sync 1 DAGs
[2024-04-05T06:02:54.877+0000] {logging_mixin.py:188} INFO - [2024-04-05T06:02:54.876+0000] {dag.py:3834} INFO - Setting next_dagrun for example_dag_decorator to None, run_after=None
[2024-04-05T06:02:54.905+0000] {processor.py:183} INFO - Processing /home/airflow/.local/lib/python3.8/site-packages/airflow/example_dags/example_dag_decorator.py took 0.673 seconds
[2024-04-05T06:03:25.418+0000] {processor.py:161} INFO - Started process (PID=2574) to work on /home/airflow/.local/lib/python3.8/site-packages/airflow/example_dags/example_dag_decorator.py
[2024-04-05T06:03:25.421+0000] {processor.py:830} INFO - Processing file /home/airflow/.local/lib/python3.8/site-packages/airflow/example_dags/example_dag_decorator.py for tasks to queue
[2024-04-05T06:03:25.424+0000] {logging_mixin.py:188} INFO - [2024-04-05T06:03:25.423+0000] {dagbag.py:540} INFO - Filling up the DagBag from /home/airflow/.local/lib/python3.8/site-packages/airflow/example_dags/example_dag_decorator.py
[2024-04-05T06:03:25.773+0000] {processor.py:840} INFO - DAG(s) 'example_dag_decorator' retrieved from /home/airflow/.local/lib/python3.8/site-packages/airflow/example_dags/example_dag_decorator.py
[2024-04-05T06:03:26.233+0000] {logging_mixin.py:188} INFO - [2024-04-05T06:03:26.233+0000] {dag.py:3047} INFO - Sync 1 DAGs
[2024-04-05T06:03:26.244+0000] {logging_mixin.py:188} INFO - [2024-04-05T06:03:26.244+0000] {dag.py:3834} INFO - Setting next_dagrun for example_dag_decorator to None, run_after=None
[2024-04-05T06:03:26.304+0000] {processor.py:183} INFO - Processing /home/airflow/.local/lib/python3.8/site-packages/airflow/example_dags/example_dag_decorator.py took 0.889 seconds
[2024-04-05T06:03:56.580+0000] {processor.py:161} INFO - Started process (PID=2631) to work on /home/airflow/.local/lib/python3.8/site-packages/airflow/example_dags/example_dag_decorator.py
[2024-04-05T06:03:56.581+0000] {processor.py:830} INFO - Processing file /home/airflow/.local/lib/python3.8/site-packages/airflow/example_dags/example_dag_decorator.py for tasks to queue
[2024-04-05T06:03:56.583+0000] {logging_mixin.py:188} INFO - [2024-04-05T06:03:56.582+0000] {dagbag.py:540} INFO - Filling up the DagBag from /home/airflow/.local/lib/python3.8/site-packages/airflow/example_dags/example_dag_decorator.py
[2024-04-05T06:03:56.824+0000] {processor.py:840} INFO - DAG(s) 'example_dag_decorator' retrieved from /home/airflow/.local/lib/python3.8/site-packages/airflow/example_dags/example_dag_decorator.py
[2024-04-05T06:03:57.340+0000] {logging_mixin.py:188} INFO - [2024-04-05T06:03:57.340+0000] {dag.py:3047} INFO - Sync 1 DAGs
[2024-04-05T06:03:57.356+0000] {logging_mixin.py:188} INFO - [2024-04-05T06:03:57.356+0000] {dag.py:3834} INFO - Setting next_dagrun for example_dag_decorator to None, run_after=None
[2024-04-05T06:03:57.388+0000] {processor.py:183} INFO - Processing /home/airflow/.local/lib/python3.8/site-packages/airflow/example_dags/example_dag_decorator.py took 0.813 seconds
[2024-04-05T06:04:27.687+0000] {processor.py:161} INFO - Started process (PID=2690) to work on /home/airflow/.local/lib/python3.8/site-packages/airflow/example_dags/example_dag_decorator.py
[2024-04-05T06:04:27.689+0000] {processor.py:830} INFO - Processing file /home/airflow/.local/lib/python3.8/site-packages/airflow/example_dags/example_dag_decorator.py for tasks to queue
[2024-04-05T06:04:27.694+0000] {logging_mixin.py:188} INFO - [2024-04-05T06:04:27.693+0000] {dagbag.py:540} INFO - Filling up the DagBag from /home/airflow/.local/lib/python3.8/site-packages/airflow/example_dags/example_dag_decorator.py
[2024-04-05T06:04:27.983+0000] {processor.py:840} INFO - DAG(s) 'example_dag_decorator' retrieved from /home/airflow/.local/lib/python3.8/site-packages/airflow/example_dags/example_dag_decorator.py
[2024-04-05T06:04:28.558+0000] {logging_mixin.py:188} INFO - [2024-04-05T06:04:28.557+0000] {dag.py:3047} INFO - Sync 1 DAGs
[2024-04-05T06:04:28.579+0000] {logging_mixin.py:188} INFO - [2024-04-05T06:04:28.578+0000] {dag.py:3834} INFO - Setting next_dagrun for example_dag_decorator to None, run_after=None
[2024-04-05T06:04:28.614+0000] {processor.py:183} INFO - Processing /home/airflow/.local/lib/python3.8/site-packages/airflow/example_dags/example_dag_decorator.py took 0.935 seconds
[2024-04-05T06:04:59.723+0000] {processor.py:161} INFO - Started process (PID=2749) to work on /home/airflow/.local/lib/python3.8/site-packages/airflow/example_dags/example_dag_decorator.py
[2024-04-05T06:04:59.725+0000] {processor.py:830} INFO - Processing file /home/airflow/.local/lib/python3.8/site-packages/airflow/example_dags/example_dag_decorator.py for tasks to queue
[2024-04-05T06:04:59.727+0000] {logging_mixin.py:188} INFO - [2024-04-05T06:04:59.726+0000] {dagbag.py:540} INFO - Filling up the DagBag from /home/airflow/.local/lib/python3.8/site-packages/airflow/example_dags/example_dag_decorator.py
[2024-04-05T06:04:59.965+0000] {processor.py:840} INFO - DAG(s) 'example_dag_decorator' retrieved from /home/airflow/.local/lib/python3.8/site-packages/airflow/example_dags/example_dag_decorator.py
[2024-04-05T06:05:00.416+0000] {logging_mixin.py:188} INFO - [2024-04-05T06:05:00.416+0000] {dag.py:3047} INFO - Sync 1 DAGs
[2024-04-05T06:05:00.428+0000] {logging_mixin.py:188} INFO - [2024-04-05T06:05:00.427+0000] {dag.py:3834} INFO - Setting next_dagrun for example_dag_decorator to None, run_after=None
[2024-04-05T06:05:00.460+0000] {processor.py:183} INFO - Processing /home/airflow/.local/lib/python3.8/site-packages/airflow/example_dags/example_dag_decorator.py took 0.744 seconds
