[2024-04-05T05:41:01.987+0000] {processor.py:161} INFO - Started process (PID=84) to work on /home/airflow/.local/lib/python3.8/site-packages/airflow/example_dags/example_short_circuit_operator.py
[2024-04-05T05:41:01.990+0000] {processor.py:830} INFO - Processing file /home/airflow/.local/lib/python3.8/site-packages/airflow/example_dags/example_short_circuit_operator.py for tasks to queue
[2024-04-05T05:41:02.012+0000] {logging_mixin.py:188} INFO - [2024-04-05T05:41:02.011+0000] {dagbag.py:540} INFO - Filling up the DagBag from /home/airflow/.local/lib/python3.8/site-packages/airflow/example_dags/example_short_circuit_operator.py
[2024-04-05T05:41:02.080+0000] {processor.py:840} INFO - DAG(s) 'example_short_circuit_operator' retrieved from /home/airflow/.local/lib/python3.8/site-packages/airflow/example_dags/example_short_circuit_operator.py
[2024-04-05T05:41:03.424+0000] {logging_mixin.py:188} INFO - [2024-04-05T05:41:03.423+0000] {dag.py:3047} INFO - Sync 1 DAGs
[2024-04-05T05:41:03.695+0000] {logging_mixin.py:188} INFO - [2024-04-05T05:41:03.694+0000] {dag.py:3834} INFO - Setting next_dagrun for example_short_circuit_operator to 2024-04-04 00:00:00+00:00, run_after=2024-04-05 00:00:00+00:00
[2024-04-05T05:41:03.856+0000] {processor.py:183} INFO - Processing /home/airflow/.local/lib/python3.8/site-packages/airflow/example_dags/example_short_circuit_operator.py took 1.889 seconds
[2024-04-05T05:41:41.351+0000] {processor.py:161} INFO - Started process (PID=148) to work on /home/airflow/.local/lib/python3.8/site-packages/airflow/example_dags/example_short_circuit_operator.py
[2024-04-05T05:41:41.354+0000] {processor.py:830} INFO - Processing file /home/airflow/.local/lib/python3.8/site-packages/airflow/example_dags/example_short_circuit_operator.py for tasks to queue
[2024-04-05T05:41:41.357+0000] {logging_mixin.py:188} INFO - [2024-04-05T05:41:41.356+0000] {dagbag.py:540} INFO - Filling up the DagBag from /home/airflow/.local/lib/python3.8/site-packages/airflow/example_dags/example_short_circuit_operator.py
[2024-04-05T05:41:41.372+0000] {processor.py:840} INFO - DAG(s) 'example_short_circuit_operator' retrieved from /home/airflow/.local/lib/python3.8/site-packages/airflow/example_dags/example_short_circuit_operator.py
[2024-04-05T05:41:41.430+0000] {logging_mixin.py:188} INFO - [2024-04-05T05:41:41.429+0000] {dag.py:3047} INFO - Sync 1 DAGs
[2024-04-05T05:41:41.488+0000] {logging_mixin.py:188} INFO - [2024-04-05T05:41:41.487+0000] {dag.py:3834} INFO - Setting next_dagrun for example_short_circuit_operator to 2024-04-04 00:00:00+00:00, run_after=2024-04-05 00:00:00+00:00
[2024-04-05T05:41:41.541+0000] {processor.py:183} INFO - Processing /home/airflow/.local/lib/python3.8/site-packages/airflow/example_dags/example_short_circuit_operator.py took 0.196 seconds
[2024-04-05T05:42:12.791+0000] {processor.py:161} INFO - Started process (PID=205) to work on /home/airflow/.local/lib/python3.8/site-packages/airflow/example_dags/example_short_circuit_operator.py
[2024-04-05T05:42:12.794+0000] {processor.py:830} INFO - Processing file /home/airflow/.local/lib/python3.8/site-packages/airflow/example_dags/example_short_circuit_operator.py for tasks to queue
[2024-04-05T05:42:12.804+0000] {logging_mixin.py:188} INFO - [2024-04-05T05:42:12.803+0000] {dagbag.py:540} INFO - Filling up the DagBag from /home/airflow/.local/lib/python3.8/site-packages/airflow/example_dags/example_short_circuit_operator.py
[2024-04-05T05:42:12.857+0000] {processor.py:840} INFO - DAG(s) 'example_short_circuit_operator' retrieved from /home/airflow/.local/lib/python3.8/site-packages/airflow/example_dags/example_short_circuit_operator.py
[2024-04-05T05:42:12.971+0000] {logging_mixin.py:188} INFO - [2024-04-05T05:42:12.970+0000] {dag.py:3047} INFO - Sync 1 DAGs
[2024-04-05T05:42:13.178+0000] {logging_mixin.py:188} INFO - [2024-04-05T05:42:13.177+0000] {dag.py:3834} INFO - Setting next_dagrun for example_short_circuit_operator to 2024-04-04 00:00:00+00:00, run_after=2024-04-05 00:00:00+00:00
[2024-04-05T05:42:13.279+0000] {processor.py:183} INFO - Processing /home/airflow/.local/lib/python3.8/site-packages/airflow/example_dags/example_short_circuit_operator.py took 0.518 seconds
[2024-04-05T05:42:43.844+0000] {processor.py:161} INFO - Started process (PID=262) to work on /home/airflow/.local/lib/python3.8/site-packages/airflow/example_dags/example_short_circuit_operator.py
[2024-04-05T05:42:43.846+0000] {processor.py:830} INFO - Processing file /home/airflow/.local/lib/python3.8/site-packages/airflow/example_dags/example_short_circuit_operator.py for tasks to queue
[2024-04-05T05:42:43.851+0000] {logging_mixin.py:188} INFO - [2024-04-05T05:42:43.850+0000] {dagbag.py:540} INFO - Filling up the DagBag from /home/airflow/.local/lib/python3.8/site-packages/airflow/example_dags/example_short_circuit_operator.py
[2024-04-05T05:42:43.874+0000] {processor.py:840} INFO - DAG(s) 'example_short_circuit_operator' retrieved from /home/airflow/.local/lib/python3.8/site-packages/airflow/example_dags/example_short_circuit_operator.py
[2024-04-05T05:42:43.944+0000] {logging_mixin.py:188} INFO - [2024-04-05T05:42:43.943+0000] {dag.py:3047} INFO - Sync 1 DAGs
[2024-04-05T05:42:44.011+0000] {logging_mixin.py:188} INFO - [2024-04-05T05:42:44.010+0000] {dag.py:3834} INFO - Setting next_dagrun for example_short_circuit_operator to 2024-04-04 00:00:00+00:00, run_after=2024-04-05 00:00:00+00:00
[2024-04-05T05:42:44.063+0000] {processor.py:183} INFO - Processing /home/airflow/.local/lib/python3.8/site-packages/airflow/example_dags/example_short_circuit_operator.py took 0.227 seconds
[2024-04-05T05:43:14.221+0000] {processor.py:161} INFO - Started process (PID=321) to work on /home/airflow/.local/lib/python3.8/site-packages/airflow/example_dags/example_short_circuit_operator.py
[2024-04-05T05:43:14.223+0000] {processor.py:830} INFO - Processing file /home/airflow/.local/lib/python3.8/site-packages/airflow/example_dags/example_short_circuit_operator.py for tasks to queue
[2024-04-05T05:43:14.228+0000] {logging_mixin.py:188} INFO - [2024-04-05T05:43:14.227+0000] {dagbag.py:540} INFO - Filling up the DagBag from /home/airflow/.local/lib/python3.8/site-packages/airflow/example_dags/example_short_circuit_operator.py
[2024-04-05T05:43:14.253+0000] {processor.py:840} INFO - DAG(s) 'example_short_circuit_operator' retrieved from /home/airflow/.local/lib/python3.8/site-packages/airflow/example_dags/example_short_circuit_operator.py
[2024-04-05T05:43:14.309+0000] {logging_mixin.py:188} INFO - [2024-04-05T05:43:14.308+0000] {dag.py:3047} INFO - Sync 1 DAGs
[2024-04-05T05:43:14.356+0000] {logging_mixin.py:188} INFO - [2024-04-05T05:43:14.356+0000] {dag.py:3834} INFO - Setting next_dagrun for example_short_circuit_operator to 2024-04-04 00:00:00+00:00, run_after=2024-04-05 00:00:00+00:00
[2024-04-05T05:43:14.397+0000] {processor.py:183} INFO - Processing /home/airflow/.local/lib/python3.8/site-packages/airflow/example_dags/example_short_circuit_operator.py took 0.187 seconds
[2024-04-05T05:43:45.315+0000] {processor.py:161} INFO - Started process (PID=378) to work on /home/airflow/.local/lib/python3.8/site-packages/airflow/example_dags/example_short_circuit_operator.py
[2024-04-05T05:43:45.318+0000] {processor.py:830} INFO - Processing file /home/airflow/.local/lib/python3.8/site-packages/airflow/example_dags/example_short_circuit_operator.py for tasks to queue
[2024-04-05T05:43:45.322+0000] {logging_mixin.py:188} INFO - [2024-04-05T05:43:45.321+0000] {dagbag.py:540} INFO - Filling up the DagBag from /home/airflow/.local/lib/python3.8/site-packages/airflow/example_dags/example_short_circuit_operator.py
[2024-04-05T05:43:45.337+0000] {processor.py:840} INFO - DAG(s) 'example_short_circuit_operator' retrieved from /home/airflow/.local/lib/python3.8/site-packages/airflow/example_dags/example_short_circuit_operator.py
[2024-04-05T05:43:45.391+0000] {logging_mixin.py:188} INFO - [2024-04-05T05:43:45.391+0000] {dag.py:3047} INFO - Sync 1 DAGs
[2024-04-05T05:43:45.436+0000] {logging_mixin.py:188} INFO - [2024-04-05T05:43:45.435+0000] {dag.py:3834} INFO - Setting next_dagrun for example_short_circuit_operator to 2024-04-04 00:00:00+00:00, run_after=2024-04-05 00:00:00+00:00
[2024-04-05T05:43:45.480+0000] {processor.py:183} INFO - Processing /home/airflow/.local/lib/python3.8/site-packages/airflow/example_dags/example_short_circuit_operator.py took 0.170 seconds
[2024-04-05T05:44:15.902+0000] {processor.py:161} INFO - Started process (PID=436) to work on /home/airflow/.local/lib/python3.8/site-packages/airflow/example_dags/example_short_circuit_operator.py
[2024-04-05T05:44:15.906+0000] {processor.py:830} INFO - Processing file /home/airflow/.local/lib/python3.8/site-packages/airflow/example_dags/example_short_circuit_operator.py for tasks to queue
[2024-04-05T05:44:15.910+0000] {logging_mixin.py:188} INFO - [2024-04-05T05:44:15.910+0000] {dagbag.py:540} INFO - Filling up the DagBag from /home/airflow/.local/lib/python3.8/site-packages/airflow/example_dags/example_short_circuit_operator.py
[2024-04-05T05:44:15.933+0000] {processor.py:840} INFO - DAG(s) 'example_short_circuit_operator' retrieved from /home/airflow/.local/lib/python3.8/site-packages/airflow/example_dags/example_short_circuit_operator.py
[2024-04-05T05:44:15.983+0000] {logging_mixin.py:188} INFO - [2024-04-05T05:44:15.983+0000] {dag.py:3047} INFO - Sync 1 DAGs
[2024-04-05T05:44:16.042+0000] {logging_mixin.py:188} INFO - [2024-04-05T05:44:16.042+0000] {dag.py:3834} INFO - Setting next_dagrun for example_short_circuit_operator to 2024-04-04 00:00:00+00:00, run_after=2024-04-05 00:00:00+00:00
[2024-04-05T05:44:16.125+0000] {processor.py:183} INFO - Processing /home/airflow/.local/lib/python3.8/site-packages/airflow/example_dags/example_short_circuit_operator.py took 0.230 seconds
[2024-04-05T05:44:46.783+0000] {processor.py:161} INFO - Started process (PID=493) to work on /home/airflow/.local/lib/python3.8/site-packages/airflow/example_dags/example_short_circuit_operator.py
[2024-04-05T05:44:46.785+0000] {processor.py:830} INFO - Processing file /home/airflow/.local/lib/python3.8/site-packages/airflow/example_dags/example_short_circuit_operator.py for tasks to queue
[2024-04-05T05:44:46.788+0000] {logging_mixin.py:188} INFO - [2024-04-05T05:44:46.787+0000] {dagbag.py:540} INFO - Filling up the DagBag from /home/airflow/.local/lib/python3.8/site-packages/airflow/example_dags/example_short_circuit_operator.py
[2024-04-05T05:44:46.807+0000] {processor.py:840} INFO - DAG(s) 'example_short_circuit_operator' retrieved from /home/airflow/.local/lib/python3.8/site-packages/airflow/example_dags/example_short_circuit_operator.py
[2024-04-05T05:44:46.857+0000] {logging_mixin.py:188} INFO - [2024-04-05T05:44:46.856+0000] {dag.py:3047} INFO - Sync 1 DAGs
[2024-04-05T05:44:46.898+0000] {logging_mixin.py:188} INFO - [2024-04-05T05:44:46.898+0000] {dag.py:3834} INFO - Setting next_dagrun for example_short_circuit_operator to 2024-04-04 00:00:00+00:00, run_after=2024-04-05 00:00:00+00:00
[2024-04-05T05:44:46.936+0000] {processor.py:183} INFO - Processing /home/airflow/.local/lib/python3.8/site-packages/airflow/example_dags/example_short_circuit_operator.py took 0.159 seconds
[2024-04-05T05:45:20.536+0000] {processor.py:161} INFO - Started process (PID=551) to work on /home/airflow/.local/lib/python3.8/site-packages/airflow/example_dags/example_short_circuit_operator.py
[2024-04-05T05:45:20.540+0000] {processor.py:830} INFO - Processing file /home/airflow/.local/lib/python3.8/site-packages/airflow/example_dags/example_short_circuit_operator.py for tasks to queue
[2024-04-05T05:45:20.542+0000] {logging_mixin.py:188} INFO - [2024-04-05T05:45:20.541+0000] {dagbag.py:540} INFO - Filling up the DagBag from /home/airflow/.local/lib/python3.8/site-packages/airflow/example_dags/example_short_circuit_operator.py
[2024-04-05T05:45:20.569+0000] {processor.py:840} INFO - DAG(s) 'example_short_circuit_operator' retrieved from /home/airflow/.local/lib/python3.8/site-packages/airflow/example_dags/example_short_circuit_operator.py
[2024-04-05T05:45:20.636+0000] {logging_mixin.py:188} INFO - [2024-04-05T05:45:20.635+0000] {dag.py:3047} INFO - Sync 1 DAGs
[2024-04-05T05:45:20.698+0000] {logging_mixin.py:188} INFO - [2024-04-05T05:45:20.696+0000] {dag.py:3834} INFO - Setting next_dagrun for example_short_circuit_operator to 2024-04-04 00:00:00+00:00, run_after=2024-04-05 00:00:00+00:00
[2024-04-05T05:45:20.773+0000] {processor.py:183} INFO - Processing /home/airflow/.local/lib/python3.8/site-packages/airflow/example_dags/example_short_circuit_operator.py took 0.247 seconds
[2024-04-05T05:45:51.145+0000] {processor.py:161} INFO - Started process (PID=608) to work on /home/airflow/.local/lib/python3.8/site-packages/airflow/example_dags/example_short_circuit_operator.py
[2024-04-05T05:45:51.147+0000] {processor.py:830} INFO - Processing file /home/airflow/.local/lib/python3.8/site-packages/airflow/example_dags/example_short_circuit_operator.py for tasks to queue
[2024-04-05T05:45:51.150+0000] {logging_mixin.py:188} INFO - [2024-04-05T05:45:51.149+0000] {dagbag.py:540} INFO - Filling up the DagBag from /home/airflow/.local/lib/python3.8/site-packages/airflow/example_dags/example_short_circuit_operator.py
[2024-04-05T05:45:51.173+0000] {processor.py:840} INFO - DAG(s) 'example_short_circuit_operator' retrieved from /home/airflow/.local/lib/python3.8/site-packages/airflow/example_dags/example_short_circuit_operator.py
[2024-04-05T05:45:51.235+0000] {logging_mixin.py:188} INFO - [2024-04-05T05:45:51.234+0000] {dag.py:3047} INFO - Sync 1 DAGs
[2024-04-05T05:45:51.285+0000] {logging_mixin.py:188} INFO - [2024-04-05T05:45:51.285+0000] {dag.py:3834} INFO - Setting next_dagrun for example_short_circuit_operator to 2024-04-04 00:00:00+00:00, run_after=2024-04-05 00:00:00+00:00
[2024-04-05T05:45:51.323+0000] {processor.py:183} INFO - Processing /home/airflow/.local/lib/python3.8/site-packages/airflow/example_dags/example_short_circuit_operator.py took 0.188 seconds
[2024-04-05T05:46:21.654+0000] {processor.py:161} INFO - Started process (PID=665) to work on /home/airflow/.local/lib/python3.8/site-packages/airflow/example_dags/example_short_circuit_operator.py
[2024-04-05T05:46:21.657+0000] {processor.py:830} INFO - Processing file /home/airflow/.local/lib/python3.8/site-packages/airflow/example_dags/example_short_circuit_operator.py for tasks to queue
[2024-04-05T05:46:21.659+0000] {logging_mixin.py:188} INFO - [2024-04-05T05:46:21.658+0000] {dagbag.py:540} INFO - Filling up the DagBag from /home/airflow/.local/lib/python3.8/site-packages/airflow/example_dags/example_short_circuit_operator.py
[2024-04-05T05:46:21.676+0000] {processor.py:840} INFO - DAG(s) 'example_short_circuit_operator' retrieved from /home/airflow/.local/lib/python3.8/site-packages/airflow/example_dags/example_short_circuit_operator.py
[2024-04-05T05:46:21.720+0000] {logging_mixin.py:188} INFO - [2024-04-05T05:46:21.720+0000] {dag.py:3047} INFO - Sync 1 DAGs
[2024-04-05T05:46:21.763+0000] {logging_mixin.py:188} INFO - [2024-04-05T05:46:21.763+0000] {dag.py:3834} INFO - Setting next_dagrun for example_short_circuit_operator to 2024-04-04 00:00:00+00:00, run_after=2024-04-05 00:00:00+00:00
[2024-04-05T05:46:21.800+0000] {processor.py:183} INFO - Processing /home/airflow/.local/lib/python3.8/site-packages/airflow/example_dags/example_short_circuit_operator.py took 0.152 seconds
[2024-04-05T05:46:52.800+0000] {processor.py:161} INFO - Started process (PID=726) to work on /home/airflow/.local/lib/python3.8/site-packages/airflow/example_dags/example_short_circuit_operator.py
[2024-04-05T05:46:52.802+0000] {processor.py:830} INFO - Processing file /home/airflow/.local/lib/python3.8/site-packages/airflow/example_dags/example_short_circuit_operator.py for tasks to queue
[2024-04-05T05:46:52.805+0000] {logging_mixin.py:188} INFO - [2024-04-05T05:46:52.804+0000] {dagbag.py:540} INFO - Filling up the DagBag from /home/airflow/.local/lib/python3.8/site-packages/airflow/example_dags/example_short_circuit_operator.py
[2024-04-05T05:46:52.856+0000] {processor.py:840} INFO - DAG(s) 'example_short_circuit_operator' retrieved from /home/airflow/.local/lib/python3.8/site-packages/airflow/example_dags/example_short_circuit_operator.py
[2024-04-05T05:46:52.988+0000] {logging_mixin.py:188} INFO - [2024-04-05T05:46:52.987+0000] {dag.py:3047} INFO - Sync 1 DAGs
[2024-04-05T05:46:53.123+0000] {logging_mixin.py:188} INFO - [2024-04-05T05:46:53.122+0000] {dag.py:3834} INFO - Setting next_dagrun for example_short_circuit_operator to 2024-04-04 00:00:00+00:00, run_after=2024-04-05 00:00:00+00:00
[2024-04-05T05:46:53.219+0000] {processor.py:183} INFO - Processing /home/airflow/.local/lib/python3.8/site-packages/airflow/example_dags/example_short_circuit_operator.py took 0.431 seconds
[2024-04-05T05:47:23.472+0000] {processor.py:161} INFO - Started process (PID=784) to work on /home/airflow/.local/lib/python3.8/site-packages/airflow/example_dags/example_short_circuit_operator.py
[2024-04-05T05:47:23.475+0000] {processor.py:830} INFO - Processing file /home/airflow/.local/lib/python3.8/site-packages/airflow/example_dags/example_short_circuit_operator.py for tasks to queue
[2024-04-05T05:47:23.485+0000] {logging_mixin.py:188} INFO - [2024-04-05T05:47:23.482+0000] {dagbag.py:540} INFO - Filling up the DagBag from /home/airflow/.local/lib/python3.8/site-packages/airflow/example_dags/example_short_circuit_operator.py
[2024-04-05T05:47:23.526+0000] {processor.py:840} INFO - DAG(s) 'example_short_circuit_operator' retrieved from /home/airflow/.local/lib/python3.8/site-packages/airflow/example_dags/example_short_circuit_operator.py
[2024-04-05T05:47:23.714+0000] {logging_mixin.py:188} INFO - [2024-04-05T05:47:23.714+0000] {dag.py:3047} INFO - Sync 1 DAGs
[2024-04-05T05:47:23.854+0000] {logging_mixin.py:188} INFO - [2024-04-05T05:47:23.853+0000] {dag.py:3834} INFO - Setting next_dagrun for example_short_circuit_operator to 2024-04-04 00:00:00+00:00, run_after=2024-04-05 00:00:00+00:00
[2024-04-05T05:47:24.032+0000] {processor.py:183} INFO - Processing /home/airflow/.local/lib/python3.8/site-packages/airflow/example_dags/example_short_circuit_operator.py took 0.579 seconds
[2024-04-05T05:47:54.367+0000] {processor.py:161} INFO - Started process (PID=841) to work on /home/airflow/.local/lib/python3.8/site-packages/airflow/example_dags/example_short_circuit_operator.py
[2024-04-05T05:47:54.370+0000] {processor.py:830} INFO - Processing file /home/airflow/.local/lib/python3.8/site-packages/airflow/example_dags/example_short_circuit_operator.py for tasks to queue
[2024-04-05T05:47:54.373+0000] {logging_mixin.py:188} INFO - [2024-04-05T05:47:54.372+0000] {dagbag.py:540} INFO - Filling up the DagBag from /home/airflow/.local/lib/python3.8/site-packages/airflow/example_dags/example_short_circuit_operator.py
[2024-04-05T05:47:54.399+0000] {processor.py:840} INFO - DAG(s) 'example_short_circuit_operator' retrieved from /home/airflow/.local/lib/python3.8/site-packages/airflow/example_dags/example_short_circuit_operator.py
[2024-04-05T05:47:54.461+0000] {logging_mixin.py:188} INFO - [2024-04-05T05:47:54.461+0000] {dag.py:3047} INFO - Sync 1 DAGs
[2024-04-05T05:47:54.523+0000] {logging_mixin.py:188} INFO - [2024-04-05T05:47:54.522+0000] {dag.py:3834} INFO - Setting next_dagrun for example_short_circuit_operator to 2024-04-04 00:00:00+00:00, run_after=2024-04-05 00:00:00+00:00
[2024-04-05T05:47:54.560+0000] {processor.py:183} INFO - Processing /home/airflow/.local/lib/python3.8/site-packages/airflow/example_dags/example_short_circuit_operator.py took 0.201 seconds
[2024-04-05T05:48:25.070+0000] {processor.py:161} INFO - Started process (PID=898) to work on /home/airflow/.local/lib/python3.8/site-packages/airflow/example_dags/example_short_circuit_operator.py
[2024-04-05T05:48:25.075+0000] {processor.py:830} INFO - Processing file /home/airflow/.local/lib/python3.8/site-packages/airflow/example_dags/example_short_circuit_operator.py for tasks to queue
[2024-04-05T05:48:25.078+0000] {logging_mixin.py:188} INFO - [2024-04-05T05:48:25.077+0000] {dagbag.py:540} INFO - Filling up the DagBag from /home/airflow/.local/lib/python3.8/site-packages/airflow/example_dags/example_short_circuit_operator.py
[2024-04-05T05:48:25.117+0000] {processor.py:840} INFO - DAG(s) 'example_short_circuit_operator' retrieved from /home/airflow/.local/lib/python3.8/site-packages/airflow/example_dags/example_short_circuit_operator.py
[2024-04-05T05:48:25.196+0000] {logging_mixin.py:188} INFO - [2024-04-05T05:48:25.196+0000] {dag.py:3047} INFO - Sync 1 DAGs
[2024-04-05T05:48:25.252+0000] {logging_mixin.py:188} INFO - [2024-04-05T05:48:25.252+0000] {dag.py:3834} INFO - Setting next_dagrun for example_short_circuit_operator to 2024-04-04 00:00:00+00:00, run_after=2024-04-05 00:00:00+00:00
[2024-04-05T05:48:25.290+0000] {processor.py:183} INFO - Processing /home/airflow/.local/lib/python3.8/site-packages/airflow/example_dags/example_short_circuit_operator.py took 0.231 seconds
[2024-04-05T05:48:56.346+0000] {processor.py:161} INFO - Started process (PID=955) to work on /home/airflow/.local/lib/python3.8/site-packages/airflow/example_dags/example_short_circuit_operator.py
[2024-04-05T05:48:56.349+0000] {processor.py:830} INFO - Processing file /home/airflow/.local/lib/python3.8/site-packages/airflow/example_dags/example_short_circuit_operator.py for tasks to queue
[2024-04-05T05:48:56.352+0000] {logging_mixin.py:188} INFO - [2024-04-05T05:48:56.351+0000] {dagbag.py:540} INFO - Filling up the DagBag from /home/airflow/.local/lib/python3.8/site-packages/airflow/example_dags/example_short_circuit_operator.py
[2024-04-05T05:48:56.376+0000] {processor.py:840} INFO - DAG(s) 'example_short_circuit_operator' retrieved from /home/airflow/.local/lib/python3.8/site-packages/airflow/example_dags/example_short_circuit_operator.py
[2024-04-05T05:48:56.430+0000] {logging_mixin.py:188} INFO - [2024-04-05T05:48:56.429+0000] {dag.py:3047} INFO - Sync 1 DAGs
[2024-04-05T05:48:56.471+0000] {logging_mixin.py:188} INFO - [2024-04-05T05:48:56.470+0000] {dag.py:3834} INFO - Setting next_dagrun for example_short_circuit_operator to 2024-04-04 00:00:00+00:00, run_after=2024-04-05 00:00:00+00:00
[2024-04-05T05:48:56.499+0000] {processor.py:183} INFO - Processing /home/airflow/.local/lib/python3.8/site-packages/airflow/example_dags/example_short_circuit_operator.py took 0.160 seconds
[2024-04-05T05:49:26.563+0000] {processor.py:161} INFO - Started process (PID=1012) to work on /home/airflow/.local/lib/python3.8/site-packages/airflow/example_dags/example_short_circuit_operator.py
[2024-04-05T05:49:26.565+0000] {processor.py:830} INFO - Processing file /home/airflow/.local/lib/python3.8/site-packages/airflow/example_dags/example_short_circuit_operator.py for tasks to queue
[2024-04-05T05:49:26.568+0000] {logging_mixin.py:188} INFO - [2024-04-05T05:49:26.567+0000] {dagbag.py:540} INFO - Filling up the DagBag from /home/airflow/.local/lib/python3.8/site-packages/airflow/example_dags/example_short_circuit_operator.py
[2024-04-05T05:49:26.584+0000] {processor.py:840} INFO - DAG(s) 'example_short_circuit_operator' retrieved from /home/airflow/.local/lib/python3.8/site-packages/airflow/example_dags/example_short_circuit_operator.py
[2024-04-05T05:49:26.637+0000] {logging_mixin.py:188} INFO - [2024-04-05T05:49:26.637+0000] {dag.py:3047} INFO - Sync 1 DAGs
[2024-04-05T05:49:26.675+0000] {logging_mixin.py:188} INFO - [2024-04-05T05:49:26.675+0000] {dag.py:3834} INFO - Setting next_dagrun for example_short_circuit_operator to 2024-04-04 00:00:00+00:00, run_after=2024-04-05 00:00:00+00:00
[2024-04-05T05:49:26.709+0000] {processor.py:183} INFO - Processing /home/airflow/.local/lib/python3.8/site-packages/airflow/example_dags/example_short_circuit_operator.py took 0.152 seconds
[2024-04-05T05:49:57.099+0000] {processor.py:161} INFO - Started process (PID=1068) to work on /home/airflow/.local/lib/python3.8/site-packages/airflow/example_dags/example_short_circuit_operator.py
[2024-04-05T05:49:57.101+0000] {processor.py:830} INFO - Processing file /home/airflow/.local/lib/python3.8/site-packages/airflow/example_dags/example_short_circuit_operator.py for tasks to queue
[2024-04-05T05:49:57.102+0000] {logging_mixin.py:188} INFO - [2024-04-05T05:49:57.102+0000] {dagbag.py:540} INFO - Filling up the DagBag from /home/airflow/.local/lib/python3.8/site-packages/airflow/example_dags/example_short_circuit_operator.py
[2024-04-05T05:49:57.116+0000] {processor.py:840} INFO - DAG(s) 'example_short_circuit_operator' retrieved from /home/airflow/.local/lib/python3.8/site-packages/airflow/example_dags/example_short_circuit_operator.py
[2024-04-05T05:49:57.161+0000] {logging_mixin.py:188} INFO - [2024-04-05T05:49:57.161+0000] {dag.py:3047} INFO - Sync 1 DAGs
[2024-04-05T05:49:57.214+0000] {logging_mixin.py:188} INFO - [2024-04-05T05:49:57.214+0000] {dag.py:3834} INFO - Setting next_dagrun for example_short_circuit_operator to 2024-04-04 00:00:00+00:00, run_after=2024-04-05 00:00:00+00:00
[2024-04-05T05:49:57.258+0000] {processor.py:183} INFO - Processing /home/airflow/.local/lib/python3.8/site-packages/airflow/example_dags/example_short_circuit_operator.py took 0.165 seconds
[2024-04-05T05:50:27.472+0000] {processor.py:161} INFO - Started process (PID=1125) to work on /home/airflow/.local/lib/python3.8/site-packages/airflow/example_dags/example_short_circuit_operator.py
[2024-04-05T05:50:27.475+0000] {processor.py:830} INFO - Processing file /home/airflow/.local/lib/python3.8/site-packages/airflow/example_dags/example_short_circuit_operator.py for tasks to queue
[2024-04-05T05:50:27.478+0000] {logging_mixin.py:188} INFO - [2024-04-05T05:50:27.477+0000] {dagbag.py:540} INFO - Filling up the DagBag from /home/airflow/.local/lib/python3.8/site-packages/airflow/example_dags/example_short_circuit_operator.py
[2024-04-05T05:50:27.499+0000] {processor.py:840} INFO - DAG(s) 'example_short_circuit_operator' retrieved from /home/airflow/.local/lib/python3.8/site-packages/airflow/example_dags/example_short_circuit_operator.py
[2024-04-05T05:50:27.556+0000] {logging_mixin.py:188} INFO - [2024-04-05T05:50:27.556+0000] {dag.py:3047} INFO - Sync 1 DAGs
[2024-04-05T05:50:27.607+0000] {logging_mixin.py:188} INFO - [2024-04-05T05:50:27.607+0000] {dag.py:3834} INFO - Setting next_dagrun for example_short_circuit_operator to 2024-04-04 00:00:00+00:00, run_after=2024-04-05 00:00:00+00:00
[2024-04-05T05:50:27.653+0000] {processor.py:183} INFO - Processing /home/airflow/.local/lib/python3.8/site-packages/airflow/example_dags/example_short_circuit_operator.py took 0.190 seconds
[2024-04-05T05:50:58.145+0000] {processor.py:161} INFO - Started process (PID=1182) to work on /home/airflow/.local/lib/python3.8/site-packages/airflow/example_dags/example_short_circuit_operator.py
[2024-04-05T05:50:58.147+0000] {processor.py:830} INFO - Processing file /home/airflow/.local/lib/python3.8/site-packages/airflow/example_dags/example_short_circuit_operator.py for tasks to queue
[2024-04-05T05:50:58.149+0000] {logging_mixin.py:188} INFO - [2024-04-05T05:50:58.148+0000] {dagbag.py:540} INFO - Filling up the DagBag from /home/airflow/.local/lib/python3.8/site-packages/airflow/example_dags/example_short_circuit_operator.py
[2024-04-05T05:50:58.166+0000] {processor.py:840} INFO - DAG(s) 'example_short_circuit_operator' retrieved from /home/airflow/.local/lib/python3.8/site-packages/airflow/example_dags/example_short_circuit_operator.py
[2024-04-05T05:50:58.205+0000] {logging_mixin.py:188} INFO - [2024-04-05T05:50:58.204+0000] {dag.py:3047} INFO - Sync 1 DAGs
[2024-04-05T05:50:58.252+0000] {logging_mixin.py:188} INFO - [2024-04-05T05:50:58.251+0000] {dag.py:3834} INFO - Setting next_dagrun for example_short_circuit_operator to 2024-04-04 00:00:00+00:00, run_after=2024-04-05 00:00:00+00:00
[2024-04-05T05:50:58.294+0000] {processor.py:183} INFO - Processing /home/airflow/.local/lib/python3.8/site-packages/airflow/example_dags/example_short_circuit_operator.py took 0.156 seconds
[2024-04-05T05:51:29.027+0000] {processor.py:161} INFO - Started process (PID=1239) to work on /home/airflow/.local/lib/python3.8/site-packages/airflow/example_dags/example_short_circuit_operator.py
[2024-04-05T05:51:29.029+0000] {processor.py:830} INFO - Processing file /home/airflow/.local/lib/python3.8/site-packages/airflow/example_dags/example_short_circuit_operator.py for tasks to queue
[2024-04-05T05:51:29.032+0000] {logging_mixin.py:188} INFO - [2024-04-05T05:51:29.031+0000] {dagbag.py:540} INFO - Filling up the DagBag from /home/airflow/.local/lib/python3.8/site-packages/airflow/example_dags/example_short_circuit_operator.py
[2024-04-05T05:51:29.047+0000] {processor.py:840} INFO - DAG(s) 'example_short_circuit_operator' retrieved from /home/airflow/.local/lib/python3.8/site-packages/airflow/example_dags/example_short_circuit_operator.py
[2024-04-05T05:51:29.095+0000] {logging_mixin.py:188} INFO - [2024-04-05T05:51:29.094+0000] {dag.py:3047} INFO - Sync 1 DAGs
[2024-04-05T05:51:29.142+0000] {logging_mixin.py:188} INFO - [2024-04-05T05:51:29.141+0000] {dag.py:3834} INFO - Setting next_dagrun for example_short_circuit_operator to 2024-04-04 00:00:00+00:00, run_after=2024-04-05 00:00:00+00:00
[2024-04-05T05:51:29.182+0000] {processor.py:183} INFO - Processing /home/airflow/.local/lib/python3.8/site-packages/airflow/example_dags/example_short_circuit_operator.py took 0.163 seconds
[2024-04-05T05:51:59.914+0000] {processor.py:161} INFO - Started process (PID=1296) to work on /home/airflow/.local/lib/python3.8/site-packages/airflow/example_dags/example_short_circuit_operator.py
[2024-04-05T05:51:59.916+0000] {processor.py:830} INFO - Processing file /home/airflow/.local/lib/python3.8/site-packages/airflow/example_dags/example_short_circuit_operator.py for tasks to queue
[2024-04-05T05:51:59.918+0000] {logging_mixin.py:188} INFO - [2024-04-05T05:51:59.917+0000] {dagbag.py:540} INFO - Filling up the DagBag from /home/airflow/.local/lib/python3.8/site-packages/airflow/example_dags/example_short_circuit_operator.py
[2024-04-05T05:51:59.934+0000] {processor.py:840} INFO - DAG(s) 'example_short_circuit_operator' retrieved from /home/airflow/.local/lib/python3.8/site-packages/airflow/example_dags/example_short_circuit_operator.py
[2024-04-05T05:51:59.979+0000] {logging_mixin.py:188} INFO - [2024-04-05T05:51:59.978+0000] {dag.py:3047} INFO - Sync 1 DAGs
[2024-04-05T05:52:00.049+0000] {logging_mixin.py:188} INFO - [2024-04-05T05:52:00.049+0000] {dag.py:3834} INFO - Setting next_dagrun for example_short_circuit_operator to 2024-04-04 00:00:00+00:00, run_after=2024-04-05 00:00:00+00:00
[2024-04-05T05:52:00.091+0000] {processor.py:183} INFO - Processing /home/airflow/.local/lib/python3.8/site-packages/airflow/example_dags/example_short_circuit_operator.py took 0.183 seconds
[2024-04-05T05:52:30.322+0000] {processor.py:161} INFO - Started process (PID=1352) to work on /home/airflow/.local/lib/python3.8/site-packages/airflow/example_dags/example_short_circuit_operator.py
[2024-04-05T05:52:30.323+0000] {processor.py:830} INFO - Processing file /home/airflow/.local/lib/python3.8/site-packages/airflow/example_dags/example_short_circuit_operator.py for tasks to queue
[2024-04-05T05:52:30.326+0000] {logging_mixin.py:188} INFO - [2024-04-05T05:52:30.325+0000] {dagbag.py:540} INFO - Filling up the DagBag from /home/airflow/.local/lib/python3.8/site-packages/airflow/example_dags/example_short_circuit_operator.py
[2024-04-05T05:52:30.340+0000] {processor.py:840} INFO - DAG(s) 'example_short_circuit_operator' retrieved from /home/airflow/.local/lib/python3.8/site-packages/airflow/example_dags/example_short_circuit_operator.py
[2024-04-05T05:52:30.391+0000] {logging_mixin.py:188} INFO - [2024-04-05T05:52:30.390+0000] {dag.py:3047} INFO - Sync 1 DAGs
[2024-04-05T05:52:30.435+0000] {logging_mixin.py:188} INFO - [2024-04-05T05:52:30.434+0000] {dag.py:3834} INFO - Setting next_dagrun for example_short_circuit_operator to 2024-04-04 00:00:00+00:00, run_after=2024-04-05 00:00:00+00:00
[2024-04-05T05:52:30.480+0000] {processor.py:183} INFO - Processing /home/airflow/.local/lib/python3.8/site-packages/airflow/example_dags/example_short_circuit_operator.py took 0.164 seconds
[2024-04-05T05:53:00.618+0000] {processor.py:161} INFO - Started process (PID=1409) to work on /home/airflow/.local/lib/python3.8/site-packages/airflow/example_dags/example_short_circuit_operator.py
[2024-04-05T05:53:00.621+0000] {processor.py:830} INFO - Processing file /home/airflow/.local/lib/python3.8/site-packages/airflow/example_dags/example_short_circuit_operator.py for tasks to queue
[2024-04-05T05:53:00.623+0000] {logging_mixin.py:188} INFO - [2024-04-05T05:53:00.622+0000] {dagbag.py:540} INFO - Filling up the DagBag from /home/airflow/.local/lib/python3.8/site-packages/airflow/example_dags/example_short_circuit_operator.py
[2024-04-05T05:53:00.644+0000] {processor.py:840} INFO - DAG(s) 'example_short_circuit_operator' retrieved from /home/airflow/.local/lib/python3.8/site-packages/airflow/example_dags/example_short_circuit_operator.py
[2024-04-05T05:53:00.711+0000] {logging_mixin.py:188} INFO - [2024-04-05T05:53:00.711+0000] {dag.py:3047} INFO - Sync 1 DAGs
[2024-04-05T05:53:00.754+0000] {logging_mixin.py:188} INFO - [2024-04-05T05:53:00.754+0000] {dag.py:3834} INFO - Setting next_dagrun for example_short_circuit_operator to 2024-04-04 00:00:00+00:00, run_after=2024-04-05 00:00:00+00:00
[2024-04-05T05:53:00.795+0000] {processor.py:183} INFO - Processing /home/airflow/.local/lib/python3.8/site-packages/airflow/example_dags/example_short_circuit_operator.py took 0.185 seconds
[2024-04-05T05:53:31.241+0000] {processor.py:161} INFO - Started process (PID=1466) to work on /home/airflow/.local/lib/python3.8/site-packages/airflow/example_dags/example_short_circuit_operator.py
[2024-04-05T05:53:31.243+0000] {processor.py:830} INFO - Processing file /home/airflow/.local/lib/python3.8/site-packages/airflow/example_dags/example_short_circuit_operator.py for tasks to queue
[2024-04-05T05:53:31.246+0000] {logging_mixin.py:188} INFO - [2024-04-05T05:53:31.245+0000] {dagbag.py:540} INFO - Filling up the DagBag from /home/airflow/.local/lib/python3.8/site-packages/airflow/example_dags/example_short_circuit_operator.py
[2024-04-05T05:53:31.269+0000] {processor.py:840} INFO - DAG(s) 'example_short_circuit_operator' retrieved from /home/airflow/.local/lib/python3.8/site-packages/airflow/example_dags/example_short_circuit_operator.py
[2024-04-05T05:53:31.316+0000] {logging_mixin.py:188} INFO - [2024-04-05T05:53:31.316+0000] {dag.py:3047} INFO - Sync 1 DAGs
[2024-04-05T05:53:31.390+0000] {logging_mixin.py:188} INFO - [2024-04-05T05:53:31.389+0000] {dag.py:3834} INFO - Setting next_dagrun for example_short_circuit_operator to 2024-04-04 00:00:00+00:00, run_after=2024-04-05 00:00:00+00:00
[2024-04-05T05:53:31.446+0000] {processor.py:183} INFO - Processing /home/airflow/.local/lib/python3.8/site-packages/airflow/example_dags/example_short_circuit_operator.py took 0.213 seconds
[2024-04-05T05:54:01.677+0000] {processor.py:161} INFO - Started process (PID=1523) to work on /home/airflow/.local/lib/python3.8/site-packages/airflow/example_dags/example_short_circuit_operator.py
[2024-04-05T05:54:01.679+0000] {processor.py:830} INFO - Processing file /home/airflow/.local/lib/python3.8/site-packages/airflow/example_dags/example_short_circuit_operator.py for tasks to queue
[2024-04-05T05:54:01.681+0000] {logging_mixin.py:188} INFO - [2024-04-05T05:54:01.681+0000] {dagbag.py:540} INFO - Filling up the DagBag from /home/airflow/.local/lib/python3.8/site-packages/airflow/example_dags/example_short_circuit_operator.py
[2024-04-05T05:54:01.695+0000] {processor.py:840} INFO - DAG(s) 'example_short_circuit_operator' retrieved from /home/airflow/.local/lib/python3.8/site-packages/airflow/example_dags/example_short_circuit_operator.py
[2024-04-05T05:54:01.736+0000] {logging_mixin.py:188} INFO - [2024-04-05T05:54:01.736+0000] {dag.py:3047} INFO - Sync 1 DAGs
[2024-04-05T05:54:01.776+0000] {logging_mixin.py:188} INFO - [2024-04-05T05:54:01.776+0000] {dag.py:3834} INFO - Setting next_dagrun for example_short_circuit_operator to 2024-04-04 00:00:00+00:00, run_after=2024-04-05 00:00:00+00:00
[2024-04-05T05:54:01.812+0000] {processor.py:183} INFO - Processing /home/airflow/.local/lib/python3.8/site-packages/airflow/example_dags/example_short_circuit_operator.py took 0.140 seconds
[2024-04-05T05:54:32.077+0000] {processor.py:161} INFO - Started process (PID=1580) to work on /home/airflow/.local/lib/python3.8/site-packages/airflow/example_dags/example_short_circuit_operator.py
[2024-04-05T05:54:32.079+0000] {processor.py:830} INFO - Processing file /home/airflow/.local/lib/python3.8/site-packages/airflow/example_dags/example_short_circuit_operator.py for tasks to queue
[2024-04-05T05:54:32.081+0000] {logging_mixin.py:188} INFO - [2024-04-05T05:54:32.080+0000] {dagbag.py:540} INFO - Filling up the DagBag from /home/airflow/.local/lib/python3.8/site-packages/airflow/example_dags/example_short_circuit_operator.py
[2024-04-05T05:54:32.100+0000] {processor.py:840} INFO - DAG(s) 'example_short_circuit_operator' retrieved from /home/airflow/.local/lib/python3.8/site-packages/airflow/example_dags/example_short_circuit_operator.py
[2024-04-05T05:54:32.153+0000] {logging_mixin.py:188} INFO - [2024-04-05T05:54:32.153+0000] {dag.py:3047} INFO - Sync 1 DAGs
[2024-04-05T05:54:32.208+0000] {logging_mixin.py:188} INFO - [2024-04-05T05:54:32.207+0000] {dag.py:3834} INFO - Setting next_dagrun for example_short_circuit_operator to 2024-04-04 00:00:00+00:00, run_after=2024-04-05 00:00:00+00:00
[2024-04-05T05:54:32.252+0000] {processor.py:183} INFO - Processing /home/airflow/.local/lib/python3.8/site-packages/airflow/example_dags/example_short_circuit_operator.py took 0.181 seconds
[2024-04-05T05:55:03.932+0000] {processor.py:161} INFO - Started process (PID=1637) to work on /home/airflow/.local/lib/python3.8/site-packages/airflow/example_dags/example_short_circuit_operator.py
[2024-04-05T05:55:03.972+0000] {processor.py:830} INFO - Processing file /home/airflow/.local/lib/python3.8/site-packages/airflow/example_dags/example_short_circuit_operator.py for tasks to queue
[2024-04-05T05:55:03.975+0000] {logging_mixin.py:188} INFO - [2024-04-05T05:55:03.974+0000] {dagbag.py:540} INFO - Filling up the DagBag from /home/airflow/.local/lib/python3.8/site-packages/airflow/example_dags/example_short_circuit_operator.py
[2024-04-05T05:55:04.038+0000] {processor.py:840} INFO - DAG(s) 'example_short_circuit_operator' retrieved from /home/airflow/.local/lib/python3.8/site-packages/airflow/example_dags/example_short_circuit_operator.py
[2024-04-05T05:55:04.133+0000] {logging_mixin.py:188} INFO - [2024-04-05T05:55:04.132+0000] {dag.py:3047} INFO - Sync 1 DAGs
[2024-04-05T05:55:04.259+0000] {logging_mixin.py:188} INFO - [2024-04-05T05:55:04.258+0000] {dag.py:3834} INFO - Setting next_dagrun for example_short_circuit_operator to 2024-04-04 00:00:00+00:00, run_after=2024-04-05 00:00:00+00:00
[2024-04-05T05:55:04.378+0000] {processor.py:183} INFO - Processing /home/airflow/.local/lib/python3.8/site-packages/airflow/example_dags/example_short_circuit_operator.py took 0.460 seconds
[2024-04-05T05:55:34.557+0000] {processor.py:161} INFO - Started process (PID=1692) to work on /home/airflow/.local/lib/python3.8/site-packages/airflow/example_dags/example_short_circuit_operator.py
[2024-04-05T05:55:34.560+0000] {processor.py:830} INFO - Processing file /home/airflow/.local/lib/python3.8/site-packages/airflow/example_dags/example_short_circuit_operator.py for tasks to queue
[2024-04-05T05:55:34.565+0000] {logging_mixin.py:188} INFO - [2024-04-05T05:55:34.563+0000] {dagbag.py:540} INFO - Filling up the DagBag from /home/airflow/.local/lib/python3.8/site-packages/airflow/example_dags/example_short_circuit_operator.py
[2024-04-05T05:55:34.591+0000] {processor.py:840} INFO - DAG(s) 'example_short_circuit_operator' retrieved from /home/airflow/.local/lib/python3.8/site-packages/airflow/example_dags/example_short_circuit_operator.py
[2024-04-05T05:55:34.645+0000] {logging_mixin.py:188} INFO - [2024-04-05T05:55:34.644+0000] {dag.py:3047} INFO - Sync 1 DAGs
[2024-04-05T05:55:34.685+0000] {logging_mixin.py:188} INFO - [2024-04-05T05:55:34.685+0000] {dag.py:3834} INFO - Setting next_dagrun for example_short_circuit_operator to 2024-04-04 00:00:00+00:00, run_after=2024-04-05 00:00:00+00:00
[2024-04-05T05:55:34.722+0000] {processor.py:183} INFO - Processing /home/airflow/.local/lib/python3.8/site-packages/airflow/example_dags/example_short_circuit_operator.py took 0.172 seconds
[2024-04-05T05:56:04.787+0000] {processor.py:161} INFO - Started process (PID=1748) to work on /home/airflow/.local/lib/python3.8/site-packages/airflow/example_dags/example_short_circuit_operator.py
[2024-04-05T05:56:04.790+0000] {processor.py:830} INFO - Processing file /home/airflow/.local/lib/python3.8/site-packages/airflow/example_dags/example_short_circuit_operator.py for tasks to queue
[2024-04-05T05:56:04.792+0000] {logging_mixin.py:188} INFO - [2024-04-05T05:56:04.791+0000] {dagbag.py:540} INFO - Filling up the DagBag from /home/airflow/.local/lib/python3.8/site-packages/airflow/example_dags/example_short_circuit_operator.py
[2024-04-05T05:56:04.813+0000] {processor.py:840} INFO - DAG(s) 'example_short_circuit_operator' retrieved from /home/airflow/.local/lib/python3.8/site-packages/airflow/example_dags/example_short_circuit_operator.py
[2024-04-05T05:56:04.869+0000] {logging_mixin.py:188} INFO - [2024-04-05T05:56:04.869+0000] {dag.py:3047} INFO - Sync 1 DAGs
[2024-04-05T05:56:04.920+0000] {logging_mixin.py:188} INFO - [2024-04-05T05:56:04.920+0000] {dag.py:3834} INFO - Setting next_dagrun for example_short_circuit_operator to 2024-04-04 00:00:00+00:00, run_after=2024-04-05 00:00:00+00:00
[2024-04-05T05:56:04.956+0000] {processor.py:183} INFO - Processing /home/airflow/.local/lib/python3.8/site-packages/airflow/example_dags/example_short_circuit_operator.py took 0.176 seconds
[2024-04-05T05:56:35.176+0000] {processor.py:161} INFO - Started process (PID=1806) to work on /home/airflow/.local/lib/python3.8/site-packages/airflow/example_dags/example_short_circuit_operator.py
[2024-04-05T05:56:35.178+0000] {processor.py:830} INFO - Processing file /home/airflow/.local/lib/python3.8/site-packages/airflow/example_dags/example_short_circuit_operator.py for tasks to queue
[2024-04-05T05:56:35.180+0000] {logging_mixin.py:188} INFO - [2024-04-05T05:56:35.180+0000] {dagbag.py:540} INFO - Filling up the DagBag from /home/airflow/.local/lib/python3.8/site-packages/airflow/example_dags/example_short_circuit_operator.py
[2024-04-05T05:56:35.204+0000] {processor.py:840} INFO - DAG(s) 'example_short_circuit_operator' retrieved from /home/airflow/.local/lib/python3.8/site-packages/airflow/example_dags/example_short_circuit_operator.py
[2024-04-05T05:56:35.272+0000] {logging_mixin.py:188} INFO - [2024-04-05T05:56:35.271+0000] {dag.py:3047} INFO - Sync 1 DAGs
[2024-04-05T05:56:35.328+0000] {logging_mixin.py:188} INFO - [2024-04-05T05:56:35.328+0000] {dag.py:3834} INFO - Setting next_dagrun for example_short_circuit_operator to 2024-04-04 00:00:00+00:00, run_after=2024-04-05 00:00:00+00:00
[2024-04-05T05:56:35.360+0000] {processor.py:183} INFO - Processing /home/airflow/.local/lib/python3.8/site-packages/airflow/example_dags/example_short_circuit_operator.py took 0.191 seconds
[2024-04-05T05:57:05.824+0000] {processor.py:161} INFO - Started process (PID=1863) to work on /home/airflow/.local/lib/python3.8/site-packages/airflow/example_dags/example_short_circuit_operator.py
[2024-04-05T05:57:05.825+0000] {processor.py:830} INFO - Processing file /home/airflow/.local/lib/python3.8/site-packages/airflow/example_dags/example_short_circuit_operator.py for tasks to queue
[2024-04-05T05:57:05.827+0000] {logging_mixin.py:188} INFO - [2024-04-05T05:57:05.827+0000] {dagbag.py:540} INFO - Filling up the DagBag from /home/airflow/.local/lib/python3.8/site-packages/airflow/example_dags/example_short_circuit_operator.py
[2024-04-05T05:57:05.847+0000] {processor.py:840} INFO - DAG(s) 'example_short_circuit_operator' retrieved from /home/airflow/.local/lib/python3.8/site-packages/airflow/example_dags/example_short_circuit_operator.py
[2024-04-05T05:57:05.898+0000] {logging_mixin.py:188} INFO - [2024-04-05T05:57:05.898+0000] {dag.py:3047} INFO - Sync 1 DAGs
[2024-04-05T05:57:05.948+0000] {logging_mixin.py:188} INFO - [2024-04-05T05:57:05.947+0000] {dag.py:3834} INFO - Setting next_dagrun for example_short_circuit_operator to 2024-04-04 00:00:00+00:00, run_after=2024-04-05 00:00:00+00:00
[2024-04-05T05:57:05.994+0000] {processor.py:183} INFO - Processing /home/airflow/.local/lib/python3.8/site-packages/airflow/example_dags/example_short_circuit_operator.py took 0.176 seconds
[2024-04-05T05:57:36.156+0000] {processor.py:161} INFO - Started process (PID=1920) to work on /home/airflow/.local/lib/python3.8/site-packages/airflow/example_dags/example_short_circuit_operator.py
[2024-04-05T05:57:36.157+0000] {processor.py:830} INFO - Processing file /home/airflow/.local/lib/python3.8/site-packages/airflow/example_dags/example_short_circuit_operator.py for tasks to queue
[2024-04-05T05:57:36.159+0000] {logging_mixin.py:188} INFO - [2024-04-05T05:57:36.159+0000] {dagbag.py:540} INFO - Filling up the DagBag from /home/airflow/.local/lib/python3.8/site-packages/airflow/example_dags/example_short_circuit_operator.py
[2024-04-05T05:57:36.174+0000] {processor.py:840} INFO - DAG(s) 'example_short_circuit_operator' retrieved from /home/airflow/.local/lib/python3.8/site-packages/airflow/example_dags/example_short_circuit_operator.py
[2024-04-05T05:57:36.220+0000] {logging_mixin.py:188} INFO - [2024-04-05T05:57:36.219+0000] {dag.py:3047} INFO - Sync 1 DAGs
[2024-04-05T05:57:36.261+0000] {logging_mixin.py:188} INFO - [2024-04-05T05:57:36.261+0000] {dag.py:3834} INFO - Setting next_dagrun for example_short_circuit_operator to 2024-04-04 00:00:00+00:00, run_after=2024-04-05 00:00:00+00:00
[2024-04-05T05:57:36.293+0000] {processor.py:183} INFO - Processing /home/airflow/.local/lib/python3.8/site-packages/airflow/example_dags/example_short_circuit_operator.py took 0.144 seconds
[2024-04-05T05:58:07.032+0000] {processor.py:161} INFO - Started process (PID=1977) to work on /home/airflow/.local/lib/python3.8/site-packages/airflow/example_dags/example_short_circuit_operator.py
[2024-04-05T05:58:07.033+0000] {processor.py:830} INFO - Processing file /home/airflow/.local/lib/python3.8/site-packages/airflow/example_dags/example_short_circuit_operator.py for tasks to queue
[2024-04-05T05:58:07.035+0000] {logging_mixin.py:188} INFO - [2024-04-05T05:58:07.035+0000] {dagbag.py:540} INFO - Filling up the DagBag from /home/airflow/.local/lib/python3.8/site-packages/airflow/example_dags/example_short_circuit_operator.py
[2024-04-05T05:58:07.049+0000] {processor.py:840} INFO - DAG(s) 'example_short_circuit_operator' retrieved from /home/airflow/.local/lib/python3.8/site-packages/airflow/example_dags/example_short_circuit_operator.py
[2024-04-05T05:58:07.088+0000] {logging_mixin.py:188} INFO - [2024-04-05T05:58:07.087+0000] {dag.py:3047} INFO - Sync 1 DAGs
[2024-04-05T05:58:07.131+0000] {logging_mixin.py:188} INFO - [2024-04-05T05:58:07.130+0000] {dag.py:3834} INFO - Setting next_dagrun for example_short_circuit_operator to 2024-04-04 00:00:00+00:00, run_after=2024-04-05 00:00:00+00:00
[2024-04-05T05:58:07.156+0000] {processor.py:183} INFO - Processing /home/airflow/.local/lib/python3.8/site-packages/airflow/example_dags/example_short_circuit_operator.py took 0.129 seconds
[2024-04-05T05:58:37.498+0000] {processor.py:161} INFO - Started process (PID=2034) to work on /home/airflow/.local/lib/python3.8/site-packages/airflow/example_dags/example_short_circuit_operator.py
[2024-04-05T05:58:37.501+0000] {processor.py:830} INFO - Processing file /home/airflow/.local/lib/python3.8/site-packages/airflow/example_dags/example_short_circuit_operator.py for tasks to queue
[2024-04-05T05:58:37.503+0000] {logging_mixin.py:188} INFO - [2024-04-05T05:58:37.502+0000] {dagbag.py:540} INFO - Filling up the DagBag from /home/airflow/.local/lib/python3.8/site-packages/airflow/example_dags/example_short_circuit_operator.py
[2024-04-05T05:58:37.525+0000] {processor.py:840} INFO - DAG(s) 'example_short_circuit_operator' retrieved from /home/airflow/.local/lib/python3.8/site-packages/airflow/example_dags/example_short_circuit_operator.py
[2024-04-05T05:58:37.584+0000] {logging_mixin.py:188} INFO - [2024-04-05T05:58:37.583+0000] {dag.py:3047} INFO - Sync 1 DAGs
[2024-04-05T05:58:37.623+0000] {logging_mixin.py:188} INFO - [2024-04-05T05:58:37.623+0000] {dag.py:3834} INFO - Setting next_dagrun for example_short_circuit_operator to 2024-04-04 00:00:00+00:00, run_after=2024-04-05 00:00:00+00:00
[2024-04-05T05:58:37.651+0000] {processor.py:183} INFO - Processing /home/airflow/.local/lib/python3.8/site-packages/airflow/example_dags/example_short_circuit_operator.py took 0.160 seconds
[2024-04-05T05:59:07.824+0000] {processor.py:161} INFO - Started process (PID=2091) to work on /home/airflow/.local/lib/python3.8/site-packages/airflow/example_dags/example_short_circuit_operator.py
[2024-04-05T05:59:07.826+0000] {processor.py:830} INFO - Processing file /home/airflow/.local/lib/python3.8/site-packages/airflow/example_dags/example_short_circuit_operator.py for tasks to queue
[2024-04-05T05:59:07.828+0000] {logging_mixin.py:188} INFO - [2024-04-05T05:59:07.827+0000] {dagbag.py:540} INFO - Filling up the DagBag from /home/airflow/.local/lib/python3.8/site-packages/airflow/example_dags/example_short_circuit_operator.py
[2024-04-05T05:59:07.841+0000] {processor.py:840} INFO - DAG(s) 'example_short_circuit_operator' retrieved from /home/airflow/.local/lib/python3.8/site-packages/airflow/example_dags/example_short_circuit_operator.py
[2024-04-05T05:59:07.882+0000] {logging_mixin.py:188} INFO - [2024-04-05T05:59:07.882+0000] {dag.py:3047} INFO - Sync 1 DAGs
[2024-04-05T05:59:07.942+0000] {logging_mixin.py:188} INFO - [2024-04-05T05:59:07.942+0000] {dag.py:3834} INFO - Setting next_dagrun for example_short_circuit_operator to 2024-04-04 00:00:00+00:00, run_after=2024-04-05 00:00:00+00:00
[2024-04-05T05:59:07.983+0000] {processor.py:183} INFO - Processing /home/airflow/.local/lib/python3.8/site-packages/airflow/example_dags/example_short_circuit_operator.py took 0.165 seconds
[2024-04-05T05:59:38.239+0000] {processor.py:161} INFO - Started process (PID=2148) to work on /home/airflow/.local/lib/python3.8/site-packages/airflow/example_dags/example_short_circuit_operator.py
[2024-04-05T05:59:38.241+0000] {processor.py:830} INFO - Processing file /home/airflow/.local/lib/python3.8/site-packages/airflow/example_dags/example_short_circuit_operator.py for tasks to queue
[2024-04-05T05:59:38.243+0000] {logging_mixin.py:188} INFO - [2024-04-05T05:59:38.243+0000] {dagbag.py:540} INFO - Filling up the DagBag from /home/airflow/.local/lib/python3.8/site-packages/airflow/example_dags/example_short_circuit_operator.py
[2024-04-05T05:59:38.257+0000] {processor.py:840} INFO - DAG(s) 'example_short_circuit_operator' retrieved from /home/airflow/.local/lib/python3.8/site-packages/airflow/example_dags/example_short_circuit_operator.py
[2024-04-05T05:59:38.302+0000] {logging_mixin.py:188} INFO - [2024-04-05T05:59:38.302+0000] {dag.py:3047} INFO - Sync 1 DAGs
[2024-04-05T05:59:38.344+0000] {logging_mixin.py:188} INFO - [2024-04-05T05:59:38.344+0000] {dag.py:3834} INFO - Setting next_dagrun for example_short_circuit_operator to 2024-04-04 00:00:00+00:00, run_after=2024-04-05 00:00:00+00:00
[2024-04-05T05:59:38.376+0000] {processor.py:183} INFO - Processing /home/airflow/.local/lib/python3.8/site-packages/airflow/example_dags/example_short_circuit_operator.py took 0.144 seconds
[2024-04-05T06:00:08.535+0000] {processor.py:161} INFO - Started process (PID=2205) to work on /home/airflow/.local/lib/python3.8/site-packages/airflow/example_dags/example_short_circuit_operator.py
[2024-04-05T06:00:08.537+0000] {processor.py:830} INFO - Processing file /home/airflow/.local/lib/python3.8/site-packages/airflow/example_dags/example_short_circuit_operator.py for tasks to queue
[2024-04-05T06:00:08.538+0000] {logging_mixin.py:188} INFO - [2024-04-05T06:00:08.538+0000] {dagbag.py:540} INFO - Filling up the DagBag from /home/airflow/.local/lib/python3.8/site-packages/airflow/example_dags/example_short_circuit_operator.py
[2024-04-05T06:00:08.554+0000] {processor.py:840} INFO - DAG(s) 'example_short_circuit_operator' retrieved from /home/airflow/.local/lib/python3.8/site-packages/airflow/example_dags/example_short_circuit_operator.py
[2024-04-05T06:00:08.595+0000] {logging_mixin.py:188} INFO - [2024-04-05T06:00:08.594+0000] {dag.py:3047} INFO - Sync 1 DAGs
[2024-04-05T06:00:08.643+0000] {logging_mixin.py:188} INFO - [2024-04-05T06:00:08.643+0000] {dag.py:3834} INFO - Setting next_dagrun for example_short_circuit_operator to 2024-04-04 00:00:00+00:00, run_after=2024-04-05 00:00:00+00:00
[2024-04-05T06:00:08.682+0000] {processor.py:183} INFO - Processing /home/airflow/.local/lib/python3.8/site-packages/airflow/example_dags/example_short_circuit_operator.py took 0.153 seconds
[2024-04-05T06:00:39.089+0000] {processor.py:161} INFO - Started process (PID=2262) to work on /home/airflow/.local/lib/python3.8/site-packages/airflow/example_dags/example_short_circuit_operator.py
[2024-04-05T06:00:39.091+0000] {processor.py:830} INFO - Processing file /home/airflow/.local/lib/python3.8/site-packages/airflow/example_dags/example_short_circuit_operator.py for tasks to queue
[2024-04-05T06:00:39.093+0000] {logging_mixin.py:188} INFO - [2024-04-05T06:00:39.092+0000] {dagbag.py:540} INFO - Filling up the DagBag from /home/airflow/.local/lib/python3.8/site-packages/airflow/example_dags/example_short_circuit_operator.py
[2024-04-05T06:00:39.107+0000] {processor.py:840} INFO - DAG(s) 'example_short_circuit_operator' retrieved from /home/airflow/.local/lib/python3.8/site-packages/airflow/example_dags/example_short_circuit_operator.py
[2024-04-05T06:00:39.150+0000] {logging_mixin.py:188} INFO - [2024-04-05T06:00:39.149+0000] {dag.py:3047} INFO - Sync 1 DAGs
[2024-04-05T06:00:39.187+0000] {logging_mixin.py:188} INFO - [2024-04-05T06:00:39.187+0000] {dag.py:3834} INFO - Setting next_dagrun for example_short_circuit_operator to 2024-04-04 00:00:00+00:00, run_after=2024-04-05 00:00:00+00:00
[2024-04-05T06:00:39.213+0000] {processor.py:183} INFO - Processing /home/airflow/.local/lib/python3.8/site-packages/airflow/example_dags/example_short_circuit_operator.py took 0.131 seconds
[2024-04-05T06:01:09.921+0000] {processor.py:161} INFO - Started process (PID=2319) to work on /home/airflow/.local/lib/python3.8/site-packages/airflow/example_dags/example_short_circuit_operator.py
[2024-04-05T06:01:09.923+0000] {processor.py:830} INFO - Processing file /home/airflow/.local/lib/python3.8/site-packages/airflow/example_dags/example_short_circuit_operator.py for tasks to queue
[2024-04-05T06:01:09.926+0000] {logging_mixin.py:188} INFO - [2024-04-05T06:01:09.925+0000] {dagbag.py:540} INFO - Filling up the DagBag from /home/airflow/.local/lib/python3.8/site-packages/airflow/example_dags/example_short_circuit_operator.py
[2024-04-05T06:01:09.944+0000] {processor.py:840} INFO - DAG(s) 'example_short_circuit_operator' retrieved from /home/airflow/.local/lib/python3.8/site-packages/airflow/example_dags/example_short_circuit_operator.py
[2024-04-05T06:01:10.009+0000] {logging_mixin.py:188} INFO - [2024-04-05T06:01:10.008+0000] {dag.py:3047} INFO - Sync 1 DAGs
[2024-04-05T06:01:10.064+0000] {logging_mixin.py:188} INFO - [2024-04-05T06:01:10.063+0000] {dag.py:3834} INFO - Setting next_dagrun for example_short_circuit_operator to 2024-04-04 00:00:00+00:00, run_after=2024-04-05 00:00:00+00:00
[2024-04-05T06:01:10.101+0000] {processor.py:183} INFO - Processing /home/airflow/.local/lib/python3.8/site-packages/airflow/example_dags/example_short_circuit_operator.py took 0.187 seconds
[2024-04-05T06:01:40.167+0000] {processor.py:161} INFO - Started process (PID=2376) to work on /home/airflow/.local/lib/python3.8/site-packages/airflow/example_dags/example_short_circuit_operator.py
[2024-04-05T06:01:40.169+0000] {processor.py:830} INFO - Processing file /home/airflow/.local/lib/python3.8/site-packages/airflow/example_dags/example_short_circuit_operator.py for tasks to queue
[2024-04-05T06:01:40.171+0000] {logging_mixin.py:188} INFO - [2024-04-05T06:01:40.170+0000] {dagbag.py:540} INFO - Filling up the DagBag from /home/airflow/.local/lib/python3.8/site-packages/airflow/example_dags/example_short_circuit_operator.py
[2024-04-05T06:01:40.188+0000] {processor.py:840} INFO - DAG(s) 'example_short_circuit_operator' retrieved from /home/airflow/.local/lib/python3.8/site-packages/airflow/example_dags/example_short_circuit_operator.py
[2024-04-05T06:01:40.234+0000] {logging_mixin.py:188} INFO - [2024-04-05T06:01:40.233+0000] {dag.py:3047} INFO - Sync 1 DAGs
[2024-04-05T06:01:40.276+0000] {logging_mixin.py:188} INFO - [2024-04-05T06:01:40.276+0000] {dag.py:3834} INFO - Setting next_dagrun for example_short_circuit_operator to 2024-04-04 00:00:00+00:00, run_after=2024-04-05 00:00:00+00:00
[2024-04-05T06:01:40.304+0000] {processor.py:183} INFO - Processing /home/airflow/.local/lib/python3.8/site-packages/airflow/example_dags/example_short_circuit_operator.py took 0.144 seconds
[2024-04-05T06:02:10.869+0000] {processor.py:161} INFO - Started process (PID=2433) to work on /home/airflow/.local/lib/python3.8/site-packages/airflow/example_dags/example_short_circuit_operator.py
[2024-04-05T06:02:10.871+0000] {processor.py:830} INFO - Processing file /home/airflow/.local/lib/python3.8/site-packages/airflow/example_dags/example_short_circuit_operator.py for tasks to queue
[2024-04-05T06:02:10.873+0000] {logging_mixin.py:188} INFO - [2024-04-05T06:02:10.872+0000] {dagbag.py:540} INFO - Filling up the DagBag from /home/airflow/.local/lib/python3.8/site-packages/airflow/example_dags/example_short_circuit_operator.py
[2024-04-05T06:02:10.885+0000] {processor.py:840} INFO - DAG(s) 'example_short_circuit_operator' retrieved from /home/airflow/.local/lib/python3.8/site-packages/airflow/example_dags/example_short_circuit_operator.py
[2024-04-05T06:02:10.926+0000] {logging_mixin.py:188} INFO - [2024-04-05T06:02:10.925+0000] {dag.py:3047} INFO - Sync 1 DAGs
[2024-04-05T06:02:10.990+0000] {logging_mixin.py:188} INFO - [2024-04-05T06:02:10.989+0000] {dag.py:3834} INFO - Setting next_dagrun for example_short_circuit_operator to 2024-04-04 00:00:00+00:00, run_after=2024-04-05 00:00:00+00:00
[2024-04-05T06:02:11.029+0000] {processor.py:183} INFO - Processing /home/airflow/.local/lib/python3.8/site-packages/airflow/example_dags/example_short_circuit_operator.py took 0.166 seconds
[2024-04-05T06:02:41.643+0000] {processor.py:161} INFO - Started process (PID=2496) to work on /home/airflow/.local/lib/python3.8/site-packages/airflow/example_dags/example_short_circuit_operator.py
[2024-04-05T06:02:41.645+0000] {processor.py:830} INFO - Processing file /home/airflow/.local/lib/python3.8/site-packages/airflow/example_dags/example_short_circuit_operator.py for tasks to queue
[2024-04-05T06:02:41.647+0000] {logging_mixin.py:188} INFO - [2024-04-05T06:02:41.647+0000] {dagbag.py:540} INFO - Filling up the DagBag from /home/airflow/.local/lib/python3.8/site-packages/airflow/example_dags/example_short_circuit_operator.py
[2024-04-05T06:02:41.663+0000] {processor.py:840} INFO - DAG(s) 'example_short_circuit_operator' retrieved from /home/airflow/.local/lib/python3.8/site-packages/airflow/example_dags/example_short_circuit_operator.py
[2024-04-05T06:02:41.709+0000] {logging_mixin.py:188} INFO - [2024-04-05T06:02:41.709+0000] {dag.py:3047} INFO - Sync 1 DAGs
[2024-04-05T06:02:41.760+0000] {logging_mixin.py:188} INFO - [2024-04-05T06:02:41.759+0000] {dag.py:3834} INFO - Setting next_dagrun for example_short_circuit_operator to 2024-04-04 00:00:00+00:00, run_after=2024-04-05 00:00:00+00:00
[2024-04-05T06:02:41.832+0000] {processor.py:183} INFO - Processing /home/airflow/.local/lib/python3.8/site-packages/airflow/example_dags/example_short_circuit_operator.py took 0.197 seconds
[2024-04-05T06:03:12.627+0000] {processor.py:161} INFO - Started process (PID=2553) to work on /home/airflow/.local/lib/python3.8/site-packages/airflow/example_dags/example_short_circuit_operator.py
[2024-04-05T06:03:12.630+0000] {processor.py:830} INFO - Processing file /home/airflow/.local/lib/python3.8/site-packages/airflow/example_dags/example_short_circuit_operator.py for tasks to queue
[2024-04-05T06:03:12.632+0000] {logging_mixin.py:188} INFO - [2024-04-05T06:03:12.631+0000] {dagbag.py:540} INFO - Filling up the DagBag from /home/airflow/.local/lib/python3.8/site-packages/airflow/example_dags/example_short_circuit_operator.py
[2024-04-05T06:03:12.660+0000] {processor.py:840} INFO - DAG(s) 'example_short_circuit_operator' retrieved from /home/airflow/.local/lib/python3.8/site-packages/airflow/example_dags/example_short_circuit_operator.py
[2024-04-05T06:03:12.742+0000] {logging_mixin.py:188} INFO - [2024-04-05T06:03:12.741+0000] {dag.py:3047} INFO - Sync 1 DAGs
[2024-04-05T06:03:12.835+0000] {logging_mixin.py:188} INFO - [2024-04-05T06:03:12.833+0000] {dag.py:3834} INFO - Setting next_dagrun for example_short_circuit_operator to 2024-04-04 00:00:00+00:00, run_after=2024-04-05 00:00:00+00:00
[2024-04-05T06:03:12.891+0000] {processor.py:183} INFO - Processing /home/airflow/.local/lib/python3.8/site-packages/airflow/example_dags/example_short_circuit_operator.py took 0.272 seconds
[2024-04-05T06:03:43.072+0000] {processor.py:161} INFO - Started process (PID=2610) to work on /home/airflow/.local/lib/python3.8/site-packages/airflow/example_dags/example_short_circuit_operator.py
[2024-04-05T06:03:43.074+0000] {processor.py:830} INFO - Processing file /home/airflow/.local/lib/python3.8/site-packages/airflow/example_dags/example_short_circuit_operator.py for tasks to queue
[2024-04-05T06:03:43.076+0000] {logging_mixin.py:188} INFO - [2024-04-05T06:03:43.076+0000] {dagbag.py:540} INFO - Filling up the DagBag from /home/airflow/.local/lib/python3.8/site-packages/airflow/example_dags/example_short_circuit_operator.py
[2024-04-05T06:03:43.092+0000] {processor.py:840} INFO - DAG(s) 'example_short_circuit_operator' retrieved from /home/airflow/.local/lib/python3.8/site-packages/airflow/example_dags/example_short_circuit_operator.py
[2024-04-05T06:03:43.136+0000] {logging_mixin.py:188} INFO - [2024-04-05T06:03:43.136+0000] {dag.py:3047} INFO - Sync 1 DAGs
[2024-04-05T06:03:43.188+0000] {logging_mixin.py:188} INFO - [2024-04-05T06:03:43.187+0000] {dag.py:3834} INFO - Setting next_dagrun for example_short_circuit_operator to 2024-04-04 00:00:00+00:00, run_after=2024-04-05 00:00:00+00:00
[2024-04-05T06:03:43.225+0000] {processor.py:183} INFO - Processing /home/airflow/.local/lib/python3.8/site-packages/airflow/example_dags/example_short_circuit_operator.py took 0.158 seconds
[2024-04-05T06:04:13.423+0000] {processor.py:161} INFO - Started process (PID=2667) to work on /home/airflow/.local/lib/python3.8/site-packages/airflow/example_dags/example_short_circuit_operator.py
[2024-04-05T06:04:13.425+0000] {processor.py:830} INFO - Processing file /home/airflow/.local/lib/python3.8/site-packages/airflow/example_dags/example_short_circuit_operator.py for tasks to queue
[2024-04-05T06:04:13.428+0000] {logging_mixin.py:188} INFO - [2024-04-05T06:04:13.427+0000] {dagbag.py:540} INFO - Filling up the DagBag from /home/airflow/.local/lib/python3.8/site-packages/airflow/example_dags/example_short_circuit_operator.py
[2024-04-05T06:04:13.447+0000] {processor.py:840} INFO - DAG(s) 'example_short_circuit_operator' retrieved from /home/airflow/.local/lib/python3.8/site-packages/airflow/example_dags/example_short_circuit_operator.py
[2024-04-05T06:04:13.497+0000] {logging_mixin.py:188} INFO - [2024-04-05T06:04:13.497+0000] {dag.py:3047} INFO - Sync 1 DAGs
[2024-04-05T06:04:13.540+0000] {logging_mixin.py:188} INFO - [2024-04-05T06:04:13.540+0000] {dag.py:3834} INFO - Setting next_dagrun for example_short_circuit_operator to 2024-04-04 00:00:00+00:00, run_after=2024-04-05 00:00:00+00:00
[2024-04-05T06:04:13.572+0000] {processor.py:183} INFO - Processing /home/airflow/.local/lib/python3.8/site-packages/airflow/example_dags/example_short_circuit_operator.py took 0.156 seconds
[2024-04-05T06:04:43.653+0000] {processor.py:161} INFO - Started process (PID=2724) to work on /home/airflow/.local/lib/python3.8/site-packages/airflow/example_dags/example_short_circuit_operator.py
[2024-04-05T06:04:43.655+0000] {processor.py:830} INFO - Processing file /home/airflow/.local/lib/python3.8/site-packages/airflow/example_dags/example_short_circuit_operator.py for tasks to queue
[2024-04-05T06:04:43.656+0000] {logging_mixin.py:188} INFO - [2024-04-05T06:04:43.656+0000] {dagbag.py:540} INFO - Filling up the DagBag from /home/airflow/.local/lib/python3.8/site-packages/airflow/example_dags/example_short_circuit_operator.py
[2024-04-05T06:04:43.665+0000] {processor.py:840} INFO - DAG(s) 'example_short_circuit_operator' retrieved from /home/airflow/.local/lib/python3.8/site-packages/airflow/example_dags/example_short_circuit_operator.py
[2024-04-05T06:04:43.707+0000] {logging_mixin.py:188} INFO - [2024-04-05T06:04:43.706+0000] {dag.py:3047} INFO - Sync 1 DAGs
[2024-04-05T06:04:43.732+0000] {logging_mixin.py:188} INFO - [2024-04-05T06:04:43.732+0000] {dag.py:3834} INFO - Setting next_dagrun for example_short_circuit_operator to 2024-04-04 00:00:00+00:00, run_after=2024-04-05 00:00:00+00:00
[2024-04-05T06:04:43.759+0000] {processor.py:183} INFO - Processing /home/airflow/.local/lib/python3.8/site-packages/airflow/example_dags/example_short_circuit_operator.py took 0.110 seconds
[2024-04-05T06:05:13.820+0000] {processor.py:161} INFO - Started process (PID=2781) to work on /home/airflow/.local/lib/python3.8/site-packages/airflow/example_dags/example_short_circuit_operator.py
[2024-04-05T06:05:13.822+0000] {processor.py:830} INFO - Processing file /home/airflow/.local/lib/python3.8/site-packages/airflow/example_dags/example_short_circuit_operator.py for tasks to queue
[2024-04-05T06:05:13.824+0000] {logging_mixin.py:188} INFO - [2024-04-05T06:05:13.823+0000] {dagbag.py:540} INFO - Filling up the DagBag from /home/airflow/.local/lib/python3.8/site-packages/airflow/example_dags/example_short_circuit_operator.py
[2024-04-05T06:05:13.839+0000] {processor.py:840} INFO - DAG(s) 'example_short_circuit_operator' retrieved from /home/airflow/.local/lib/python3.8/site-packages/airflow/example_dags/example_short_circuit_operator.py
[2024-04-05T06:05:13.879+0000] {logging_mixin.py:188} INFO - [2024-04-05T06:05:13.878+0000] {dag.py:3047} INFO - Sync 1 DAGs
[2024-04-05T06:05:13.920+0000] {logging_mixin.py:188} INFO - [2024-04-05T06:05:13.919+0000] {dag.py:3834} INFO - Setting next_dagrun for example_short_circuit_operator to 2024-04-04 00:00:00+00:00, run_after=2024-04-05 00:00:00+00:00
[2024-04-05T06:05:13.941+0000] {processor.py:183} INFO - Processing /home/airflow/.local/lib/python3.8/site-packages/airflow/example_dags/example_short_circuit_operator.py took 0.130 seconds
