[2024-04-05T05:40:39.544+0000] {processor.py:161} INFO - Started process (PID=63) to work on /home/airflow/.local/lib/python3.8/site-packages/airflow/example_dags/example_nested_branch_dag.py
[2024-04-05T05:40:39.552+0000] {processor.py:830} INFO - Processing file /home/airflow/.local/lib/python3.8/site-packages/airflow/example_dags/example_nested_branch_dag.py for tasks to queue
[2024-04-05T05:40:39.582+0000] {logging_mixin.py:188} INFO - [2024-04-05T05:40:39.577+0000] {dagbag.py:540} INFO - Filling up the DagBag from /home/airflow/.local/lib/python3.8/site-packages/airflow/example_dags/example_nested_branch_dag.py
[2024-04-05T05:40:39.860+0000] {processor.py:840} INFO - DAG(s) 'example_nested_branch_dag' retrieved from /home/airflow/.local/lib/python3.8/site-packages/airflow/example_dags/example_nested_branch_dag.py
[2024-04-05T05:40:40.099+0000] {logging_mixin.py:188} INFO - [2024-04-05T05:40:40.097+0000] {dag.py:3047} INFO - Sync 1 DAGs
[2024-04-05T05:40:40.352+0000] {logging_mixin.py:188} INFO - [2024-04-05T05:40:40.351+0000] {dag.py:3834} INFO - Setting next_dagrun for example_nested_branch_dag to 2024-04-04 00:00:00+00:00, run_after=2024-04-05 00:00:00+00:00
[2024-04-05T05:40:40.488+0000] {processor.py:183} INFO - Processing /home/airflow/.local/lib/python3.8/site-packages/airflow/example_dags/example_nested_branch_dag.py took 0.959 seconds
[2024-04-05T05:41:29.637+0000] {processor.py:161} INFO - Started process (PID=120) to work on /home/airflow/.local/lib/python3.8/site-packages/airflow/example_dags/example_nested_branch_dag.py
[2024-04-05T05:41:29.653+0000] {processor.py:830} INFO - Processing file /home/airflow/.local/lib/python3.8/site-packages/airflow/example_dags/example_nested_branch_dag.py for tasks to queue
[2024-04-05T05:41:29.671+0000] {logging_mixin.py:188} INFO - [2024-04-05T05:41:29.670+0000] {dagbag.py:540} INFO - Filling up the DagBag from /home/airflow/.local/lib/python3.8/site-packages/airflow/example_dags/example_nested_branch_dag.py
[2024-04-05T05:41:29.792+0000] {processor.py:840} INFO - DAG(s) 'example_nested_branch_dag' retrieved from /home/airflow/.local/lib/python3.8/site-packages/airflow/example_dags/example_nested_branch_dag.py
[2024-04-05T05:41:30.879+0000] {logging_mixin.py:188} INFO - [2024-04-05T05:41:30.878+0000] {dag.py:3047} INFO - Sync 1 DAGs
[2024-04-05T05:41:31.201+0000] {logging_mixin.py:188} INFO - [2024-04-05T05:41:31.200+0000] {dag.py:3834} INFO - Setting next_dagrun for example_nested_branch_dag to 2024-04-04 00:00:00+00:00, run_after=2024-04-05 00:00:00+00:00
[2024-04-05T05:41:31.393+0000] {processor.py:183} INFO - Processing /home/airflow/.local/lib/python3.8/site-packages/airflow/example_dags/example_nested_branch_dag.py took 1.815 seconds
[2024-04-05T05:42:02.348+0000] {processor.py:161} INFO - Started process (PID=177) to work on /home/airflow/.local/lib/python3.8/site-packages/airflow/example_dags/example_nested_branch_dag.py
[2024-04-05T05:42:02.350+0000] {processor.py:830} INFO - Processing file /home/airflow/.local/lib/python3.8/site-packages/airflow/example_dags/example_nested_branch_dag.py for tasks to queue
[2024-04-05T05:42:02.355+0000] {logging_mixin.py:188} INFO - [2024-04-05T05:42:02.354+0000] {dagbag.py:540} INFO - Filling up the DagBag from /home/airflow/.local/lib/python3.8/site-packages/airflow/example_dags/example_nested_branch_dag.py
[2024-04-05T05:42:02.377+0000] {processor.py:840} INFO - DAG(s) 'example_nested_branch_dag' retrieved from /home/airflow/.local/lib/python3.8/site-packages/airflow/example_dags/example_nested_branch_dag.py
[2024-04-05T05:42:02.427+0000] {logging_mixin.py:188} INFO - [2024-04-05T05:42:02.426+0000] {dag.py:3047} INFO - Sync 1 DAGs
[2024-04-05T05:42:02.489+0000] {logging_mixin.py:188} INFO - [2024-04-05T05:42:02.489+0000] {dag.py:3834} INFO - Setting next_dagrun for example_nested_branch_dag to 2024-04-04 00:00:00+00:00, run_after=2024-04-05 00:00:00+00:00
[2024-04-05T05:42:02.532+0000] {processor.py:183} INFO - Processing /home/airflow/.local/lib/python3.8/site-packages/airflow/example_dags/example_nested_branch_dag.py took 0.189 seconds
[2024-04-05T05:42:32.612+0000] {processor.py:161} INFO - Started process (PID=233) to work on /home/airflow/.local/lib/python3.8/site-packages/airflow/example_dags/example_nested_branch_dag.py
[2024-04-05T05:42:32.613+0000] {processor.py:830} INFO - Processing file /home/airflow/.local/lib/python3.8/site-packages/airflow/example_dags/example_nested_branch_dag.py for tasks to queue
[2024-04-05T05:42:32.617+0000] {logging_mixin.py:188} INFO - [2024-04-05T05:42:32.616+0000] {dagbag.py:540} INFO - Filling up the DagBag from /home/airflow/.local/lib/python3.8/site-packages/airflow/example_dags/example_nested_branch_dag.py
[2024-04-05T05:42:32.635+0000] {processor.py:840} INFO - DAG(s) 'example_nested_branch_dag' retrieved from /home/airflow/.local/lib/python3.8/site-packages/airflow/example_dags/example_nested_branch_dag.py
[2024-04-05T05:42:32.688+0000] {logging_mixin.py:188} INFO - [2024-04-05T05:42:32.688+0000] {dag.py:3047} INFO - Sync 1 DAGs
[2024-04-05T05:42:32.742+0000] {logging_mixin.py:188} INFO - [2024-04-05T05:42:32.742+0000] {dag.py:3834} INFO - Setting next_dagrun for example_nested_branch_dag to 2024-04-04 00:00:00+00:00, run_after=2024-04-05 00:00:00+00:00
[2024-04-05T05:42:32.777+0000] {processor.py:183} INFO - Processing /home/airflow/.local/lib/python3.8/site-packages/airflow/example_dags/example_nested_branch_dag.py took 0.171 seconds
[2024-04-05T05:43:03.365+0000] {processor.py:161} INFO - Started process (PID=294) to work on /home/airflow/.local/lib/python3.8/site-packages/airflow/example_dags/example_nested_branch_dag.py
[2024-04-05T05:43:03.368+0000] {processor.py:830} INFO - Processing file /home/airflow/.local/lib/python3.8/site-packages/airflow/example_dags/example_nested_branch_dag.py for tasks to queue
[2024-04-05T05:43:03.375+0000] {logging_mixin.py:188} INFO - [2024-04-05T05:43:03.372+0000] {dagbag.py:540} INFO - Filling up the DagBag from /home/airflow/.local/lib/python3.8/site-packages/airflow/example_dags/example_nested_branch_dag.py
[2024-04-05T05:43:03.420+0000] {processor.py:840} INFO - DAG(s) 'example_nested_branch_dag' retrieved from /home/airflow/.local/lib/python3.8/site-packages/airflow/example_dags/example_nested_branch_dag.py
[2024-04-05T05:43:03.512+0000] {logging_mixin.py:188} INFO - [2024-04-05T05:43:03.511+0000] {dag.py:3047} INFO - Sync 1 DAGs
[2024-04-05T05:43:03.616+0000] {logging_mixin.py:188} INFO - [2024-04-05T05:43:03.616+0000] {dag.py:3834} INFO - Setting next_dagrun for example_nested_branch_dag to 2024-04-04 00:00:00+00:00, run_after=2024-04-05 00:00:00+00:00
[2024-04-05T05:43:03.697+0000] {processor.py:183} INFO - Processing /home/airflow/.local/lib/python3.8/site-packages/airflow/example_dags/example_nested_branch_dag.py took 0.343 seconds
[2024-04-05T05:43:34.717+0000] {processor.py:161} INFO - Started process (PID=351) to work on /home/airflow/.local/lib/python3.8/site-packages/airflow/example_dags/example_nested_branch_dag.py
[2024-04-05T05:43:34.719+0000] {processor.py:830} INFO - Processing file /home/airflow/.local/lib/python3.8/site-packages/airflow/example_dags/example_nested_branch_dag.py for tasks to queue
[2024-04-05T05:43:34.723+0000] {logging_mixin.py:188} INFO - [2024-04-05T05:43:34.723+0000] {dagbag.py:540} INFO - Filling up the DagBag from /home/airflow/.local/lib/python3.8/site-packages/airflow/example_dags/example_nested_branch_dag.py
[2024-04-05T05:43:34.742+0000] {processor.py:840} INFO - DAG(s) 'example_nested_branch_dag' retrieved from /home/airflow/.local/lib/python3.8/site-packages/airflow/example_dags/example_nested_branch_dag.py
[2024-04-05T05:43:34.800+0000] {logging_mixin.py:188} INFO - [2024-04-05T05:43:34.800+0000] {dag.py:3047} INFO - Sync 1 DAGs
[2024-04-05T05:43:34.845+0000] {logging_mixin.py:188} INFO - [2024-04-05T05:43:34.845+0000] {dag.py:3834} INFO - Setting next_dagrun for example_nested_branch_dag to 2024-04-04 00:00:00+00:00, run_after=2024-04-05 00:00:00+00:00
[2024-04-05T05:43:34.885+0000] {processor.py:183} INFO - Processing /home/airflow/.local/lib/python3.8/site-packages/airflow/example_dags/example_nested_branch_dag.py took 0.174 seconds
[2024-04-05T05:44:05.971+0000] {processor.py:161} INFO - Started process (PID=409) to work on /home/airflow/.local/lib/python3.8/site-packages/airflow/example_dags/example_nested_branch_dag.py
[2024-04-05T05:44:05.973+0000] {processor.py:830} INFO - Processing file /home/airflow/.local/lib/python3.8/site-packages/airflow/example_dags/example_nested_branch_dag.py for tasks to queue
[2024-04-05T05:44:05.978+0000] {logging_mixin.py:188} INFO - [2024-04-05T05:44:05.977+0000] {dagbag.py:540} INFO - Filling up the DagBag from /home/airflow/.local/lib/python3.8/site-packages/airflow/example_dags/example_nested_branch_dag.py
[2024-04-05T05:44:05.997+0000] {processor.py:840} INFO - DAG(s) 'example_nested_branch_dag' retrieved from /home/airflow/.local/lib/python3.8/site-packages/airflow/example_dags/example_nested_branch_dag.py
[2024-04-05T05:44:06.041+0000] {logging_mixin.py:188} INFO - [2024-04-05T05:44:06.040+0000] {dag.py:3047} INFO - Sync 1 DAGs
[2024-04-05T05:44:06.081+0000] {logging_mixin.py:188} INFO - [2024-04-05T05:44:06.081+0000] {dag.py:3834} INFO - Setting next_dagrun for example_nested_branch_dag to 2024-04-04 00:00:00+00:00, run_after=2024-04-05 00:00:00+00:00
[2024-04-05T05:44:06.113+0000] {processor.py:183} INFO - Processing /home/airflow/.local/lib/python3.8/site-packages/airflow/example_dags/example_nested_branch_dag.py took 0.150 seconds
[2024-04-05T05:44:36.518+0000] {processor.py:161} INFO - Started process (PID=466) to work on /home/airflow/.local/lib/python3.8/site-packages/airflow/example_dags/example_nested_branch_dag.py
[2024-04-05T05:44:36.520+0000] {processor.py:830} INFO - Processing file /home/airflow/.local/lib/python3.8/site-packages/airflow/example_dags/example_nested_branch_dag.py for tasks to queue
[2024-04-05T05:44:36.523+0000] {logging_mixin.py:188} INFO - [2024-04-05T05:44:36.522+0000] {dagbag.py:540} INFO - Filling up the DagBag from /home/airflow/.local/lib/python3.8/site-packages/airflow/example_dags/example_nested_branch_dag.py
[2024-04-05T05:44:36.573+0000] {processor.py:840} INFO - DAG(s) 'example_nested_branch_dag' retrieved from /home/airflow/.local/lib/python3.8/site-packages/airflow/example_dags/example_nested_branch_dag.py
[2024-04-05T05:44:36.648+0000] {logging_mixin.py:188} INFO - [2024-04-05T05:44:36.648+0000] {dag.py:3047} INFO - Sync 1 DAGs
[2024-04-05T05:44:36.728+0000] {logging_mixin.py:188} INFO - [2024-04-05T05:44:36.727+0000] {dag.py:3834} INFO - Setting next_dagrun for example_nested_branch_dag to 2024-04-04 00:00:00+00:00, run_after=2024-04-05 00:00:00+00:00
[2024-04-05T05:44:36.815+0000] {processor.py:183} INFO - Processing /home/airflow/.local/lib/python3.8/site-packages/airflow/example_dags/example_nested_branch_dag.py took 0.316 seconds
[2024-04-05T05:45:08.158+0000] {processor.py:161} INFO - Started process (PID=529) to work on /home/airflow/.local/lib/python3.8/site-packages/airflow/example_dags/example_nested_branch_dag.py
[2024-04-05T05:45:08.179+0000] {processor.py:830} INFO - Processing file /home/airflow/.local/lib/python3.8/site-packages/airflow/example_dags/example_nested_branch_dag.py for tasks to queue
[2024-04-05T05:45:08.186+0000] {logging_mixin.py:188} INFO - [2024-04-05T05:45:08.186+0000] {dagbag.py:540} INFO - Filling up the DagBag from /home/airflow/.local/lib/python3.8/site-packages/airflow/example_dags/example_nested_branch_dag.py
[2024-04-05T05:45:08.249+0000] {processor.py:840} INFO - DAG(s) 'example_nested_branch_dag' retrieved from /home/airflow/.local/lib/python3.8/site-packages/airflow/example_dags/example_nested_branch_dag.py
[2024-04-05T05:45:08.362+0000] {logging_mixin.py:188} INFO - [2024-04-05T05:45:08.361+0000] {dag.py:3047} INFO - Sync 1 DAGs
[2024-04-05T05:45:08.503+0000] {logging_mixin.py:188} INFO - [2024-04-05T05:45:08.503+0000] {dag.py:3834} INFO - Setting next_dagrun for example_nested_branch_dag to 2024-04-04 00:00:00+00:00, run_after=2024-04-05 00:00:00+00:00
[2024-04-05T05:45:08.598+0000] {processor.py:183} INFO - Processing /home/airflow/.local/lib/python3.8/site-packages/airflow/example_dags/example_nested_branch_dag.py took 0.447 seconds
[2024-04-05T05:45:39.006+0000] {processor.py:161} INFO - Started process (PID=587) to work on /home/airflow/.local/lib/python3.8/site-packages/airflow/example_dags/example_nested_branch_dag.py
[2024-04-05T05:45:39.009+0000] {processor.py:830} INFO - Processing file /home/airflow/.local/lib/python3.8/site-packages/airflow/example_dags/example_nested_branch_dag.py for tasks to queue
[2024-04-05T05:45:39.012+0000] {logging_mixin.py:188} INFO - [2024-04-05T05:45:39.011+0000] {dagbag.py:540} INFO - Filling up the DagBag from /home/airflow/.local/lib/python3.8/site-packages/airflow/example_dags/example_nested_branch_dag.py
[2024-04-05T05:45:39.045+0000] {processor.py:840} INFO - DAG(s) 'example_nested_branch_dag' retrieved from /home/airflow/.local/lib/python3.8/site-packages/airflow/example_dags/example_nested_branch_dag.py
[2024-04-05T05:45:39.094+0000] {logging_mixin.py:188} INFO - [2024-04-05T05:45:39.093+0000] {dag.py:3047} INFO - Sync 1 DAGs
[2024-04-05T05:45:39.140+0000] {logging_mixin.py:188} INFO - [2024-04-05T05:45:39.140+0000] {dag.py:3834} INFO - Setting next_dagrun for example_nested_branch_dag to 2024-04-04 00:00:00+00:00, run_after=2024-04-05 00:00:00+00:00
[2024-04-05T05:45:39.178+0000] {processor.py:183} INFO - Processing /home/airflow/.local/lib/python3.8/site-packages/airflow/example_dags/example_nested_branch_dag.py took 0.180 seconds
[2024-04-05T05:46:09.908+0000] {processor.py:161} INFO - Started process (PID=643) to work on /home/airflow/.local/lib/python3.8/site-packages/airflow/example_dags/example_nested_branch_dag.py
[2024-04-05T05:46:09.911+0000] {processor.py:830} INFO - Processing file /home/airflow/.local/lib/python3.8/site-packages/airflow/example_dags/example_nested_branch_dag.py for tasks to queue
[2024-04-05T05:46:09.918+0000] {logging_mixin.py:188} INFO - [2024-04-05T05:46:09.917+0000] {dagbag.py:540} INFO - Filling up the DagBag from /home/airflow/.local/lib/python3.8/site-packages/airflow/example_dags/example_nested_branch_dag.py
[2024-04-05T05:46:09.957+0000] {processor.py:840} INFO - DAG(s) 'example_nested_branch_dag' retrieved from /home/airflow/.local/lib/python3.8/site-packages/airflow/example_dags/example_nested_branch_dag.py
[2024-04-05T05:46:10.027+0000] {logging_mixin.py:188} INFO - [2024-04-05T05:46:10.026+0000] {dag.py:3047} INFO - Sync 1 DAGs
[2024-04-05T05:46:10.114+0000] {logging_mixin.py:188} INFO - [2024-04-05T05:46:10.113+0000] {dag.py:3834} INFO - Setting next_dagrun for example_nested_branch_dag to 2024-04-04 00:00:00+00:00, run_after=2024-04-05 00:00:00+00:00
[2024-04-05T05:46:10.201+0000] {processor.py:183} INFO - Processing /home/airflow/.local/lib/python3.8/site-packages/airflow/example_dags/example_nested_branch_dag.py took 0.306 seconds
[2024-04-05T05:46:41.017+0000] {processor.py:161} INFO - Started process (PID=700) to work on /home/airflow/.local/lib/python3.8/site-packages/airflow/example_dags/example_nested_branch_dag.py
[2024-04-05T05:46:41.019+0000] {processor.py:830} INFO - Processing file /home/airflow/.local/lib/python3.8/site-packages/airflow/example_dags/example_nested_branch_dag.py for tasks to queue
[2024-04-05T05:46:41.022+0000] {logging_mixin.py:188} INFO - [2024-04-05T05:46:41.021+0000] {dagbag.py:540} INFO - Filling up the DagBag from /home/airflow/.local/lib/python3.8/site-packages/airflow/example_dags/example_nested_branch_dag.py
[2024-04-05T05:46:41.047+0000] {processor.py:840} INFO - DAG(s) 'example_nested_branch_dag' retrieved from /home/airflow/.local/lib/python3.8/site-packages/airflow/example_dags/example_nested_branch_dag.py
[2024-04-05T05:46:41.098+0000] {logging_mixin.py:188} INFO - [2024-04-05T05:46:41.097+0000] {dag.py:3047} INFO - Sync 1 DAGs
[2024-04-05T05:46:41.158+0000] {logging_mixin.py:188} INFO - [2024-04-05T05:46:41.158+0000] {dag.py:3834} INFO - Setting next_dagrun for example_nested_branch_dag to 2024-04-04 00:00:00+00:00, run_after=2024-04-05 00:00:00+00:00
[2024-04-05T05:46:41.208+0000] {processor.py:183} INFO - Processing /home/airflow/.local/lib/python3.8/site-packages/airflow/example_dags/example_nested_branch_dag.py took 0.199 seconds
[2024-04-05T05:47:12.130+0000] {processor.py:161} INFO - Started process (PID=762) to work on /home/airflow/.local/lib/python3.8/site-packages/airflow/example_dags/example_nested_branch_dag.py
[2024-04-05T05:47:12.134+0000] {processor.py:830} INFO - Processing file /home/airflow/.local/lib/python3.8/site-packages/airflow/example_dags/example_nested_branch_dag.py for tasks to queue
[2024-04-05T05:47:12.142+0000] {logging_mixin.py:188} INFO - [2024-04-05T05:47:12.141+0000] {dagbag.py:540} INFO - Filling up the DagBag from /home/airflow/.local/lib/python3.8/site-packages/airflow/example_dags/example_nested_branch_dag.py
[2024-04-05T05:47:12.187+0000] {processor.py:840} INFO - DAG(s) 'example_nested_branch_dag' retrieved from /home/airflow/.local/lib/python3.8/site-packages/airflow/example_dags/example_nested_branch_dag.py
[2024-04-05T05:47:12.276+0000] {logging_mixin.py:188} INFO - [2024-04-05T05:47:12.275+0000] {dag.py:3047} INFO - Sync 1 DAGs
[2024-04-05T05:47:12.362+0000] {logging_mixin.py:188} INFO - [2024-04-05T05:47:12.361+0000] {dag.py:3834} INFO - Setting next_dagrun for example_nested_branch_dag to 2024-04-04 00:00:00+00:00, run_after=2024-04-05 00:00:00+00:00
[2024-04-05T05:47:12.437+0000] {processor.py:183} INFO - Processing /home/airflow/.local/lib/python3.8/site-packages/airflow/example_dags/example_nested_branch_dag.py took 0.324 seconds
[2024-04-05T05:47:42.814+0000] {processor.py:161} INFO - Started process (PID=819) to work on /home/airflow/.local/lib/python3.8/site-packages/airflow/example_dags/example_nested_branch_dag.py
[2024-04-05T05:47:42.819+0000] {processor.py:830} INFO - Processing file /home/airflow/.local/lib/python3.8/site-packages/airflow/example_dags/example_nested_branch_dag.py for tasks to queue
[2024-04-05T05:47:42.822+0000] {logging_mixin.py:188} INFO - [2024-04-05T05:47:42.821+0000] {dagbag.py:540} INFO - Filling up the DagBag from /home/airflow/.local/lib/python3.8/site-packages/airflow/example_dags/example_nested_branch_dag.py
[2024-04-05T05:47:42.850+0000] {processor.py:840} INFO - DAG(s) 'example_nested_branch_dag' retrieved from /home/airflow/.local/lib/python3.8/site-packages/airflow/example_dags/example_nested_branch_dag.py
[2024-04-05T05:47:42.917+0000] {logging_mixin.py:188} INFO - [2024-04-05T05:47:42.917+0000] {dag.py:3047} INFO - Sync 1 DAGs
[2024-04-05T05:47:42.994+0000] {logging_mixin.py:188} INFO - [2024-04-05T05:47:42.994+0000] {dag.py:3834} INFO - Setting next_dagrun for example_nested_branch_dag to 2024-04-04 00:00:00+00:00, run_after=2024-04-05 00:00:00+00:00
[2024-04-05T05:47:43.038+0000] {processor.py:183} INFO - Processing /home/airflow/.local/lib/python3.8/site-packages/airflow/example_dags/example_nested_branch_dag.py took 0.237 seconds
[2024-04-05T05:48:13.762+0000] {processor.py:161} INFO - Started process (PID=876) to work on /home/airflow/.local/lib/python3.8/site-packages/airflow/example_dags/example_nested_branch_dag.py
[2024-04-05T05:48:13.764+0000] {processor.py:830} INFO - Processing file /home/airflow/.local/lib/python3.8/site-packages/airflow/example_dags/example_nested_branch_dag.py for tasks to queue
[2024-04-05T05:48:13.768+0000] {logging_mixin.py:188} INFO - [2024-04-05T05:48:13.766+0000] {dagbag.py:540} INFO - Filling up the DagBag from /home/airflow/.local/lib/python3.8/site-packages/airflow/example_dags/example_nested_branch_dag.py
[2024-04-05T05:48:13.818+0000] {processor.py:840} INFO - DAG(s) 'example_nested_branch_dag' retrieved from /home/airflow/.local/lib/python3.8/site-packages/airflow/example_dags/example_nested_branch_dag.py
[2024-04-05T05:48:13.909+0000] {logging_mixin.py:188} INFO - [2024-04-05T05:48:13.908+0000] {dag.py:3047} INFO - Sync 1 DAGs
[2024-04-05T05:48:14.003+0000] {logging_mixin.py:188} INFO - [2024-04-05T05:48:14.001+0000] {dag.py:3834} INFO - Setting next_dagrun for example_nested_branch_dag to 2024-04-04 00:00:00+00:00, run_after=2024-04-05 00:00:00+00:00
[2024-04-05T05:48:14.090+0000] {processor.py:183} INFO - Processing /home/airflow/.local/lib/python3.8/site-packages/airflow/example_dags/example_nested_branch_dag.py took 0.340 seconds
[2024-04-05T05:48:44.181+0000] {processor.py:161} INFO - Started process (PID=933) to work on /home/airflow/.local/lib/python3.8/site-packages/airflow/example_dags/example_nested_branch_dag.py
[2024-04-05T05:48:44.183+0000] {processor.py:830} INFO - Processing file /home/airflow/.local/lib/python3.8/site-packages/airflow/example_dags/example_nested_branch_dag.py for tasks to queue
[2024-04-05T05:48:44.184+0000] {logging_mixin.py:188} INFO - [2024-04-05T05:48:44.184+0000] {dagbag.py:540} INFO - Filling up the DagBag from /home/airflow/.local/lib/python3.8/site-packages/airflow/example_dags/example_nested_branch_dag.py
[2024-04-05T05:48:44.216+0000] {processor.py:840} INFO - DAG(s) 'example_nested_branch_dag' retrieved from /home/airflow/.local/lib/python3.8/site-packages/airflow/example_dags/example_nested_branch_dag.py
[2024-04-05T05:48:44.292+0000] {logging_mixin.py:188} INFO - [2024-04-05T05:48:44.291+0000] {dag.py:3047} INFO - Sync 1 DAGs
[2024-04-05T05:48:44.358+0000] {logging_mixin.py:188} INFO - [2024-04-05T05:48:44.358+0000] {dag.py:3834} INFO - Setting next_dagrun for example_nested_branch_dag to 2024-04-04 00:00:00+00:00, run_after=2024-04-05 00:00:00+00:00
[2024-04-05T05:48:44.441+0000] {processor.py:183} INFO - Processing /home/airflow/.local/lib/python3.8/site-packages/airflow/example_dags/example_nested_branch_dag.py took 0.269 seconds
[2024-04-05T05:49:14.980+0000] {processor.py:161} INFO - Started process (PID=990) to work on /home/airflow/.local/lib/python3.8/site-packages/airflow/example_dags/example_nested_branch_dag.py
[2024-04-05T05:49:14.982+0000] {processor.py:830} INFO - Processing file /home/airflow/.local/lib/python3.8/site-packages/airflow/example_dags/example_nested_branch_dag.py for tasks to queue
[2024-04-05T05:49:14.985+0000] {logging_mixin.py:188} INFO - [2024-04-05T05:49:14.984+0000] {dagbag.py:540} INFO - Filling up the DagBag from /home/airflow/.local/lib/python3.8/site-packages/airflow/example_dags/example_nested_branch_dag.py
[2024-04-05T05:49:15.030+0000] {processor.py:840} INFO - DAG(s) 'example_nested_branch_dag' retrieved from /home/airflow/.local/lib/python3.8/site-packages/airflow/example_dags/example_nested_branch_dag.py
[2024-04-05T05:49:15.095+0000] {logging_mixin.py:188} INFO - [2024-04-05T05:49:15.094+0000] {dag.py:3047} INFO - Sync 1 DAGs
[2024-04-05T05:49:15.151+0000] {logging_mixin.py:188} INFO - [2024-04-05T05:49:15.151+0000] {dag.py:3834} INFO - Setting next_dagrun for example_nested_branch_dag to 2024-04-04 00:00:00+00:00, run_after=2024-04-05 00:00:00+00:00
[2024-04-05T05:49:15.191+0000] {processor.py:183} INFO - Processing /home/airflow/.local/lib/python3.8/site-packages/airflow/example_dags/example_nested_branch_dag.py took 0.220 seconds
[2024-04-05T05:49:45.590+0000] {processor.py:161} INFO - Started process (PID=1047) to work on /home/airflow/.local/lib/python3.8/site-packages/airflow/example_dags/example_nested_branch_dag.py
[2024-04-05T05:49:45.594+0000] {processor.py:830} INFO - Processing file /home/airflow/.local/lib/python3.8/site-packages/airflow/example_dags/example_nested_branch_dag.py for tasks to queue
[2024-04-05T05:49:45.597+0000] {logging_mixin.py:188} INFO - [2024-04-05T05:49:45.596+0000] {dagbag.py:540} INFO - Filling up the DagBag from /home/airflow/.local/lib/python3.8/site-packages/airflow/example_dags/example_nested_branch_dag.py
[2024-04-05T05:49:45.625+0000] {processor.py:840} INFO - DAG(s) 'example_nested_branch_dag' retrieved from /home/airflow/.local/lib/python3.8/site-packages/airflow/example_dags/example_nested_branch_dag.py
[2024-04-05T05:49:45.674+0000] {logging_mixin.py:188} INFO - [2024-04-05T05:49:45.674+0000] {dag.py:3047} INFO - Sync 1 DAGs
[2024-04-05T05:49:45.723+0000] {logging_mixin.py:188} INFO - [2024-04-05T05:49:45.722+0000] {dag.py:3834} INFO - Setting next_dagrun for example_nested_branch_dag to 2024-04-04 00:00:00+00:00, run_after=2024-04-05 00:00:00+00:00
[2024-04-05T05:49:45.757+0000] {processor.py:183} INFO - Processing /home/airflow/.local/lib/python3.8/site-packages/airflow/example_dags/example_nested_branch_dag.py took 0.177 seconds
[2024-04-05T05:50:16.336+0000] {processor.py:161} INFO - Started process (PID=1104) to work on /home/airflow/.local/lib/python3.8/site-packages/airflow/example_dags/example_nested_branch_dag.py
[2024-04-05T05:50:16.338+0000] {processor.py:830} INFO - Processing file /home/airflow/.local/lib/python3.8/site-packages/airflow/example_dags/example_nested_branch_dag.py for tasks to queue
[2024-04-05T05:50:16.341+0000] {logging_mixin.py:188} INFO - [2024-04-05T05:50:16.341+0000] {dagbag.py:540} INFO - Filling up the DagBag from /home/airflow/.local/lib/python3.8/site-packages/airflow/example_dags/example_nested_branch_dag.py
[2024-04-05T05:50:16.393+0000] {processor.py:840} INFO - DAG(s) 'example_nested_branch_dag' retrieved from /home/airflow/.local/lib/python3.8/site-packages/airflow/example_dags/example_nested_branch_dag.py
[2024-04-05T05:50:16.472+0000] {logging_mixin.py:188} INFO - [2024-04-05T05:50:16.472+0000] {dag.py:3047} INFO - Sync 1 DAGs
[2024-04-05T05:50:16.544+0000] {logging_mixin.py:188} INFO - [2024-04-05T05:50:16.544+0000] {dag.py:3834} INFO - Setting next_dagrun for example_nested_branch_dag to 2024-04-04 00:00:00+00:00, run_after=2024-04-05 00:00:00+00:00
[2024-04-05T05:50:16.598+0000] {processor.py:183} INFO - Processing /home/airflow/.local/lib/python3.8/site-packages/airflow/example_dags/example_nested_branch_dag.py took 0.269 seconds
[2024-04-05T05:50:47.095+0000] {processor.py:161} INFO - Started process (PID=1159) to work on /home/airflow/.local/lib/python3.8/site-packages/airflow/example_dags/example_nested_branch_dag.py
[2024-04-05T05:50:47.097+0000] {processor.py:830} INFO - Processing file /home/airflow/.local/lib/python3.8/site-packages/airflow/example_dags/example_nested_branch_dag.py for tasks to queue
[2024-04-05T05:50:47.099+0000] {logging_mixin.py:188} INFO - [2024-04-05T05:50:47.099+0000] {dagbag.py:540} INFO - Filling up the DagBag from /home/airflow/.local/lib/python3.8/site-packages/airflow/example_dags/example_nested_branch_dag.py
[2024-04-05T05:50:47.121+0000] {processor.py:840} INFO - DAG(s) 'example_nested_branch_dag' retrieved from /home/airflow/.local/lib/python3.8/site-packages/airflow/example_dags/example_nested_branch_dag.py
[2024-04-05T05:50:47.164+0000] {logging_mixin.py:188} INFO - [2024-04-05T05:50:47.163+0000] {dag.py:3047} INFO - Sync 1 DAGs
[2024-04-05T05:50:47.198+0000] {logging_mixin.py:188} INFO - [2024-04-05T05:50:47.198+0000] {dag.py:3834} INFO - Setting next_dagrun for example_nested_branch_dag to 2024-04-04 00:00:00+00:00, run_after=2024-04-05 00:00:00+00:00
[2024-04-05T05:50:47.232+0000] {processor.py:183} INFO - Processing /home/airflow/.local/lib/python3.8/site-packages/airflow/example_dags/example_nested_branch_dag.py took 0.145 seconds
[2024-04-05T05:51:17.988+0000] {processor.py:161} INFO - Started process (PID=1216) to work on /home/airflow/.local/lib/python3.8/site-packages/airflow/example_dags/example_nested_branch_dag.py
[2024-04-05T05:51:17.990+0000] {processor.py:830} INFO - Processing file /home/airflow/.local/lib/python3.8/site-packages/airflow/example_dags/example_nested_branch_dag.py for tasks to queue
[2024-04-05T05:51:17.993+0000] {logging_mixin.py:188} INFO - [2024-04-05T05:51:17.992+0000] {dagbag.py:540} INFO - Filling up the DagBag from /home/airflow/.local/lib/python3.8/site-packages/airflow/example_dags/example_nested_branch_dag.py
[2024-04-05T05:51:18.024+0000] {processor.py:840} INFO - DAG(s) 'example_nested_branch_dag' retrieved from /home/airflow/.local/lib/python3.8/site-packages/airflow/example_dags/example_nested_branch_dag.py
[2024-04-05T05:51:18.075+0000] {logging_mixin.py:188} INFO - [2024-04-05T05:51:18.074+0000] {dag.py:3047} INFO - Sync 1 DAGs
[2024-04-05T05:51:18.133+0000] {logging_mixin.py:188} INFO - [2024-04-05T05:51:18.132+0000] {dag.py:3834} INFO - Setting next_dagrun for example_nested_branch_dag to 2024-04-04 00:00:00+00:00, run_after=2024-04-05 00:00:00+00:00
[2024-04-05T05:51:18.179+0000] {processor.py:183} INFO - Processing /home/airflow/.local/lib/python3.8/site-packages/airflow/example_dags/example_nested_branch_dag.py took 0.203 seconds
[2024-04-05T05:51:48.407+0000] {processor.py:161} INFO - Started process (PID=1273) to work on /home/airflow/.local/lib/python3.8/site-packages/airflow/example_dags/example_nested_branch_dag.py
[2024-04-05T05:51:48.409+0000] {processor.py:830} INFO - Processing file /home/airflow/.local/lib/python3.8/site-packages/airflow/example_dags/example_nested_branch_dag.py for tasks to queue
[2024-04-05T05:51:48.411+0000] {logging_mixin.py:188} INFO - [2024-04-05T05:51:48.411+0000] {dagbag.py:540} INFO - Filling up the DagBag from /home/airflow/.local/lib/python3.8/site-packages/airflow/example_dags/example_nested_branch_dag.py
[2024-04-05T05:51:48.432+0000] {processor.py:840} INFO - DAG(s) 'example_nested_branch_dag' retrieved from /home/airflow/.local/lib/python3.8/site-packages/airflow/example_dags/example_nested_branch_dag.py
[2024-04-05T05:51:48.477+0000] {logging_mixin.py:188} INFO - [2024-04-05T05:51:48.477+0000] {dag.py:3047} INFO - Sync 1 DAGs
[2024-04-05T05:51:48.539+0000] {logging_mixin.py:188} INFO - [2024-04-05T05:51:48.538+0000] {dag.py:3834} INFO - Setting next_dagrun for example_nested_branch_dag to 2024-04-04 00:00:00+00:00, run_after=2024-04-05 00:00:00+00:00
[2024-04-05T05:51:48.590+0000] {processor.py:183} INFO - Processing /home/airflow/.local/lib/python3.8/site-packages/airflow/example_dags/example_nested_branch_dag.py took 0.190 seconds
[2024-04-05T05:52:19.063+0000] {processor.py:161} INFO - Started process (PID=1329) to work on /home/airflow/.local/lib/python3.8/site-packages/airflow/example_dags/example_nested_branch_dag.py
[2024-04-05T05:52:19.066+0000] {processor.py:830} INFO - Processing file /home/airflow/.local/lib/python3.8/site-packages/airflow/example_dags/example_nested_branch_dag.py for tasks to queue
[2024-04-05T05:52:19.068+0000] {logging_mixin.py:188} INFO - [2024-04-05T05:52:19.067+0000] {dagbag.py:540} INFO - Filling up the DagBag from /home/airflow/.local/lib/python3.8/site-packages/airflow/example_dags/example_nested_branch_dag.py
[2024-04-05T05:52:19.088+0000] {processor.py:840} INFO - DAG(s) 'example_nested_branch_dag' retrieved from /home/airflow/.local/lib/python3.8/site-packages/airflow/example_dags/example_nested_branch_dag.py
[2024-04-05T05:52:19.132+0000] {logging_mixin.py:188} INFO - [2024-04-05T05:52:19.131+0000] {dag.py:3047} INFO - Sync 1 DAGs
[2024-04-05T05:52:19.174+0000] {logging_mixin.py:188} INFO - [2024-04-05T05:52:19.174+0000] {dag.py:3834} INFO - Setting next_dagrun for example_nested_branch_dag to 2024-04-04 00:00:00+00:00, run_after=2024-04-05 00:00:00+00:00
[2024-04-05T05:52:19.219+0000] {processor.py:183} INFO - Processing /home/airflow/.local/lib/python3.8/site-packages/airflow/example_dags/example_nested_branch_dag.py took 0.161 seconds
[2024-04-05T05:52:49.523+0000] {processor.py:161} INFO - Started process (PID=1386) to work on /home/airflow/.local/lib/python3.8/site-packages/airflow/example_dags/example_nested_branch_dag.py
[2024-04-05T05:52:49.525+0000] {processor.py:830} INFO - Processing file /home/airflow/.local/lib/python3.8/site-packages/airflow/example_dags/example_nested_branch_dag.py for tasks to queue
[2024-04-05T05:52:49.527+0000] {logging_mixin.py:188} INFO - [2024-04-05T05:52:49.527+0000] {dagbag.py:540} INFO - Filling up the DagBag from /home/airflow/.local/lib/python3.8/site-packages/airflow/example_dags/example_nested_branch_dag.py
[2024-04-05T05:52:49.548+0000] {processor.py:840} INFO - DAG(s) 'example_nested_branch_dag' retrieved from /home/airflow/.local/lib/python3.8/site-packages/airflow/example_dags/example_nested_branch_dag.py
[2024-04-05T05:52:49.591+0000] {logging_mixin.py:188} INFO - [2024-04-05T05:52:49.591+0000] {dag.py:3047} INFO - Sync 1 DAGs
[2024-04-05T05:52:49.654+0000] {logging_mixin.py:188} INFO - [2024-04-05T05:52:49.653+0000] {dag.py:3834} INFO - Setting next_dagrun for example_nested_branch_dag to 2024-04-04 00:00:00+00:00, run_after=2024-04-05 00:00:00+00:00
[2024-04-05T05:52:49.705+0000] {processor.py:183} INFO - Processing /home/airflow/.local/lib/python3.8/site-packages/airflow/example_dags/example_nested_branch_dag.py took 0.187 seconds
[2024-04-05T05:53:20.087+0000] {processor.py:161} INFO - Started process (PID=1443) to work on /home/airflow/.local/lib/python3.8/site-packages/airflow/example_dags/example_nested_branch_dag.py
[2024-04-05T05:53:20.090+0000] {processor.py:830} INFO - Processing file /home/airflow/.local/lib/python3.8/site-packages/airflow/example_dags/example_nested_branch_dag.py for tasks to queue
[2024-04-05T05:53:20.093+0000] {logging_mixin.py:188} INFO - [2024-04-05T05:53:20.092+0000] {dagbag.py:540} INFO - Filling up the DagBag from /home/airflow/.local/lib/python3.8/site-packages/airflow/example_dags/example_nested_branch_dag.py
[2024-04-05T05:53:20.126+0000] {processor.py:840} INFO - DAG(s) 'example_nested_branch_dag' retrieved from /home/airflow/.local/lib/python3.8/site-packages/airflow/example_dags/example_nested_branch_dag.py
[2024-04-05T05:53:20.191+0000] {logging_mixin.py:188} INFO - [2024-04-05T05:53:20.190+0000] {dag.py:3047} INFO - Sync 1 DAGs
[2024-04-05T05:53:20.247+0000] {logging_mixin.py:188} INFO - [2024-04-05T05:53:20.247+0000] {dag.py:3834} INFO - Setting next_dagrun for example_nested_branch_dag to 2024-04-04 00:00:00+00:00, run_after=2024-04-05 00:00:00+00:00
[2024-04-05T05:53:20.288+0000] {processor.py:183} INFO - Processing /home/airflow/.local/lib/python3.8/site-packages/airflow/example_dags/example_nested_branch_dag.py took 0.211 seconds
[2024-04-05T05:53:50.889+0000] {processor.py:161} INFO - Started process (PID=1500) to work on /home/airflow/.local/lib/python3.8/site-packages/airflow/example_dags/example_nested_branch_dag.py
[2024-04-05T05:53:50.891+0000] {processor.py:830} INFO - Processing file /home/airflow/.local/lib/python3.8/site-packages/airflow/example_dags/example_nested_branch_dag.py for tasks to queue
[2024-04-05T05:53:50.893+0000] {logging_mixin.py:188} INFO - [2024-04-05T05:53:50.892+0000] {dagbag.py:540} INFO - Filling up the DagBag from /home/airflow/.local/lib/python3.8/site-packages/airflow/example_dags/example_nested_branch_dag.py
[2024-04-05T05:53:50.911+0000] {processor.py:840} INFO - DAG(s) 'example_nested_branch_dag' retrieved from /home/airflow/.local/lib/python3.8/site-packages/airflow/example_dags/example_nested_branch_dag.py
[2024-04-05T05:53:50.971+0000] {logging_mixin.py:188} INFO - [2024-04-05T05:53:50.970+0000] {dag.py:3047} INFO - Sync 1 DAGs
[2024-04-05T05:53:51.020+0000] {logging_mixin.py:188} INFO - [2024-04-05T05:53:51.020+0000] {dag.py:3834} INFO - Setting next_dagrun for example_nested_branch_dag to 2024-04-04 00:00:00+00:00, run_after=2024-04-05 00:00:00+00:00
[2024-04-05T05:53:51.051+0000] {processor.py:183} INFO - Processing /home/airflow/.local/lib/python3.8/site-packages/airflow/example_dags/example_nested_branch_dag.py took 0.167 seconds
[2024-04-05T05:54:21.134+0000] {processor.py:161} INFO - Started process (PID=1556) to work on /home/airflow/.local/lib/python3.8/site-packages/airflow/example_dags/example_nested_branch_dag.py
[2024-04-05T05:54:21.138+0000] {processor.py:830} INFO - Processing file /home/airflow/.local/lib/python3.8/site-packages/airflow/example_dags/example_nested_branch_dag.py for tasks to queue
[2024-04-05T05:54:21.142+0000] {logging_mixin.py:188} INFO - [2024-04-05T05:54:21.141+0000] {dagbag.py:540} INFO - Filling up the DagBag from /home/airflow/.local/lib/python3.8/site-packages/airflow/example_dags/example_nested_branch_dag.py
[2024-04-05T05:54:21.178+0000] {processor.py:840} INFO - DAG(s) 'example_nested_branch_dag' retrieved from /home/airflow/.local/lib/python3.8/site-packages/airflow/example_dags/example_nested_branch_dag.py
[2024-04-05T05:54:21.244+0000] {logging_mixin.py:188} INFO - [2024-04-05T05:54:21.243+0000] {dag.py:3047} INFO - Sync 1 DAGs
[2024-04-05T05:54:21.313+0000] {logging_mixin.py:188} INFO - [2024-04-05T05:54:21.313+0000] {dag.py:3834} INFO - Setting next_dagrun for example_nested_branch_dag to 2024-04-04 00:00:00+00:00, run_after=2024-04-05 00:00:00+00:00
[2024-04-05T05:54:21.350+0000] {processor.py:183} INFO - Processing /home/airflow/.local/lib/python3.8/site-packages/airflow/example_dags/example_nested_branch_dag.py took 0.224 seconds
[2024-04-05T05:54:51.825+0000] {processor.py:161} INFO - Started process (PID=1613) to work on /home/airflow/.local/lib/python3.8/site-packages/airflow/example_dags/example_nested_branch_dag.py
[2024-04-05T05:54:51.837+0000] {processor.py:830} INFO - Processing file /home/airflow/.local/lib/python3.8/site-packages/airflow/example_dags/example_nested_branch_dag.py for tasks to queue
[2024-04-05T05:54:51.844+0000] {logging_mixin.py:188} INFO - [2024-04-05T05:54:51.843+0000] {dagbag.py:540} INFO - Filling up the DagBag from /home/airflow/.local/lib/python3.8/site-packages/airflow/example_dags/example_nested_branch_dag.py
[2024-04-05T05:54:51.943+0000] {processor.py:840} INFO - DAG(s) 'example_nested_branch_dag' retrieved from /home/airflow/.local/lib/python3.8/site-packages/airflow/example_dags/example_nested_branch_dag.py
[2024-04-05T05:54:52.140+0000] {logging_mixin.py:188} INFO - [2024-04-05T05:54:52.128+0000] {dag.py:3047} INFO - Sync 1 DAGs
[2024-04-05T05:54:52.307+0000] {logging_mixin.py:188} INFO - [2024-04-05T05:54:52.306+0000] {dag.py:3834} INFO - Setting next_dagrun for example_nested_branch_dag to 2024-04-04 00:00:00+00:00, run_after=2024-04-05 00:00:00+00:00
[2024-04-05T05:54:52.530+0000] {processor.py:183} INFO - Processing /home/airflow/.local/lib/python3.8/site-packages/airflow/example_dags/example_nested_branch_dag.py took 0.738 seconds
[2024-04-05T05:55:23.457+0000] {processor.py:161} INFO - Started process (PID=1669) to work on /home/airflow/.local/lib/python3.8/site-packages/airflow/example_dags/example_nested_branch_dag.py
[2024-04-05T05:55:23.459+0000] {processor.py:830} INFO - Processing file /home/airflow/.local/lib/python3.8/site-packages/airflow/example_dags/example_nested_branch_dag.py for tasks to queue
[2024-04-05T05:55:23.462+0000] {logging_mixin.py:188} INFO - [2024-04-05T05:55:23.461+0000] {dagbag.py:540} INFO - Filling up the DagBag from /home/airflow/.local/lib/python3.8/site-packages/airflow/example_dags/example_nested_branch_dag.py
[2024-04-05T05:55:23.492+0000] {processor.py:840} INFO - DAG(s) 'example_nested_branch_dag' retrieved from /home/airflow/.local/lib/python3.8/site-packages/airflow/example_dags/example_nested_branch_dag.py
[2024-04-05T05:55:23.538+0000] {logging_mixin.py:188} INFO - [2024-04-05T05:55:23.537+0000] {dag.py:3047} INFO - Sync 1 DAGs
[2024-04-05T05:55:23.597+0000] {logging_mixin.py:188} INFO - [2024-04-05T05:55:23.597+0000] {dag.py:3834} INFO - Setting next_dagrun for example_nested_branch_dag to 2024-04-04 00:00:00+00:00, run_after=2024-04-05 00:00:00+00:00
[2024-04-05T05:55:23.637+0000] {processor.py:183} INFO - Processing /home/airflow/.local/lib/python3.8/site-packages/airflow/example_dags/example_nested_branch_dag.py took 0.185 seconds
[2024-04-05T05:55:53.827+0000] {processor.py:161} INFO - Started process (PID=1726) to work on /home/airflow/.local/lib/python3.8/site-packages/airflow/example_dags/example_nested_branch_dag.py
[2024-04-05T05:55:53.831+0000] {processor.py:830} INFO - Processing file /home/airflow/.local/lib/python3.8/site-packages/airflow/example_dags/example_nested_branch_dag.py for tasks to queue
[2024-04-05T05:55:53.834+0000] {logging_mixin.py:188} INFO - [2024-04-05T05:55:53.833+0000] {dagbag.py:540} INFO - Filling up the DagBag from /home/airflow/.local/lib/python3.8/site-packages/airflow/example_dags/example_nested_branch_dag.py
[2024-04-05T05:55:53.874+0000] {processor.py:840} INFO - DAG(s) 'example_nested_branch_dag' retrieved from /home/airflow/.local/lib/python3.8/site-packages/airflow/example_dags/example_nested_branch_dag.py
[2024-04-05T05:55:53.938+0000] {logging_mixin.py:188} INFO - [2024-04-05T05:55:53.937+0000] {dag.py:3047} INFO - Sync 1 DAGs
[2024-04-05T05:55:54.008+0000] {logging_mixin.py:188} INFO - [2024-04-05T05:55:54.007+0000] {dag.py:3834} INFO - Setting next_dagrun for example_nested_branch_dag to 2024-04-04 00:00:00+00:00, run_after=2024-04-05 00:00:00+00:00
[2024-04-05T05:55:54.066+0000] {processor.py:183} INFO - Processing /home/airflow/.local/lib/python3.8/site-packages/airflow/example_dags/example_nested_branch_dag.py took 0.260 seconds
[2024-04-05T05:56:24.264+0000] {processor.py:161} INFO - Started process (PID=1784) to work on /home/airflow/.local/lib/python3.8/site-packages/airflow/example_dags/example_nested_branch_dag.py
[2024-04-05T05:56:24.266+0000] {processor.py:830} INFO - Processing file /home/airflow/.local/lib/python3.8/site-packages/airflow/example_dags/example_nested_branch_dag.py for tasks to queue
[2024-04-05T05:56:24.269+0000] {logging_mixin.py:188} INFO - [2024-04-05T05:56:24.268+0000] {dagbag.py:540} INFO - Filling up the DagBag from /home/airflow/.local/lib/python3.8/site-packages/airflow/example_dags/example_nested_branch_dag.py
[2024-04-05T05:56:24.296+0000] {processor.py:840} INFO - DAG(s) 'example_nested_branch_dag' retrieved from /home/airflow/.local/lib/python3.8/site-packages/airflow/example_dags/example_nested_branch_dag.py
[2024-04-05T05:56:24.336+0000] {logging_mixin.py:188} INFO - [2024-04-05T05:56:24.336+0000] {dag.py:3047} INFO - Sync 1 DAGs
[2024-04-05T05:56:24.381+0000] {logging_mixin.py:188} INFO - [2024-04-05T05:56:24.381+0000] {dag.py:3834} INFO - Setting next_dagrun for example_nested_branch_dag to 2024-04-04 00:00:00+00:00, run_after=2024-04-05 00:00:00+00:00
[2024-04-05T05:56:24.413+0000] {processor.py:183} INFO - Processing /home/airflow/.local/lib/python3.8/site-packages/airflow/example_dags/example_nested_branch_dag.py took 0.153 seconds
[2024-04-05T05:56:54.946+0000] {processor.py:161} INFO - Started process (PID=1841) to work on /home/airflow/.local/lib/python3.8/site-packages/airflow/example_dags/example_nested_branch_dag.py
[2024-04-05T05:56:54.948+0000] {processor.py:830} INFO - Processing file /home/airflow/.local/lib/python3.8/site-packages/airflow/example_dags/example_nested_branch_dag.py for tasks to queue
[2024-04-05T05:56:54.951+0000] {logging_mixin.py:188} INFO - [2024-04-05T05:56:54.950+0000] {dagbag.py:540} INFO - Filling up the DagBag from /home/airflow/.local/lib/python3.8/site-packages/airflow/example_dags/example_nested_branch_dag.py
[2024-04-05T05:56:54.973+0000] {processor.py:840} INFO - DAG(s) 'example_nested_branch_dag' retrieved from /home/airflow/.local/lib/python3.8/site-packages/airflow/example_dags/example_nested_branch_dag.py
[2024-04-05T05:56:55.012+0000] {logging_mixin.py:188} INFO - [2024-04-05T05:56:55.012+0000] {dag.py:3047} INFO - Sync 1 DAGs
[2024-04-05T05:56:55.047+0000] {logging_mixin.py:188} INFO - [2024-04-05T05:56:55.047+0000] {dag.py:3834} INFO - Setting next_dagrun for example_nested_branch_dag to 2024-04-04 00:00:00+00:00, run_after=2024-04-05 00:00:00+00:00
[2024-04-05T05:56:55.080+0000] {processor.py:183} INFO - Processing /home/airflow/.local/lib/python3.8/site-packages/airflow/example_dags/example_nested_branch_dag.py took 0.143 seconds
[2024-04-05T05:57:25.329+0000] {processor.py:161} INFO - Started process (PID=1898) to work on /home/airflow/.local/lib/python3.8/site-packages/airflow/example_dags/example_nested_branch_dag.py
[2024-04-05T05:57:25.331+0000] {processor.py:830} INFO - Processing file /home/airflow/.local/lib/python3.8/site-packages/airflow/example_dags/example_nested_branch_dag.py for tasks to queue
[2024-04-05T05:57:25.334+0000] {logging_mixin.py:188} INFO - [2024-04-05T05:57:25.333+0000] {dagbag.py:540} INFO - Filling up the DagBag from /home/airflow/.local/lib/python3.8/site-packages/airflow/example_dags/example_nested_branch_dag.py
[2024-04-05T05:57:25.355+0000] {processor.py:840} INFO - DAG(s) 'example_nested_branch_dag' retrieved from /home/airflow/.local/lib/python3.8/site-packages/airflow/example_dags/example_nested_branch_dag.py
[2024-04-05T05:57:25.395+0000] {logging_mixin.py:188} INFO - [2024-04-05T05:57:25.395+0000] {dag.py:3047} INFO - Sync 1 DAGs
[2024-04-05T05:57:25.428+0000] {logging_mixin.py:188} INFO - [2024-04-05T05:57:25.428+0000] {dag.py:3834} INFO - Setting next_dagrun for example_nested_branch_dag to 2024-04-04 00:00:00+00:00, run_after=2024-04-05 00:00:00+00:00
[2024-04-05T05:57:25.459+0000] {processor.py:183} INFO - Processing /home/airflow/.local/lib/python3.8/site-packages/airflow/example_dags/example_nested_branch_dag.py took 0.137 seconds
[2024-04-05T05:57:56.125+0000] {processor.py:161} INFO - Started process (PID=1955) to work on /home/airflow/.local/lib/python3.8/site-packages/airflow/example_dags/example_nested_branch_dag.py
[2024-04-05T05:57:56.127+0000] {processor.py:830} INFO - Processing file /home/airflow/.local/lib/python3.8/site-packages/airflow/example_dags/example_nested_branch_dag.py for tasks to queue
[2024-04-05T05:57:56.129+0000] {logging_mixin.py:188} INFO - [2024-04-05T05:57:56.129+0000] {dagbag.py:540} INFO - Filling up the DagBag from /home/airflow/.local/lib/python3.8/site-packages/airflow/example_dags/example_nested_branch_dag.py
[2024-04-05T05:57:56.150+0000] {processor.py:840} INFO - DAG(s) 'example_nested_branch_dag' retrieved from /home/airflow/.local/lib/python3.8/site-packages/airflow/example_dags/example_nested_branch_dag.py
[2024-04-05T05:57:56.185+0000] {logging_mixin.py:188} INFO - [2024-04-05T05:57:56.184+0000] {dag.py:3047} INFO - Sync 1 DAGs
[2024-04-05T05:57:56.229+0000] {logging_mixin.py:188} INFO - [2024-04-05T05:57:56.229+0000] {dag.py:3834} INFO - Setting next_dagrun for example_nested_branch_dag to 2024-04-04 00:00:00+00:00, run_after=2024-04-05 00:00:00+00:00
[2024-04-05T05:57:56.270+0000] {processor.py:183} INFO - Processing /home/airflow/.local/lib/python3.8/site-packages/airflow/example_dags/example_nested_branch_dag.py took 0.151 seconds
[2024-04-05T05:58:26.635+0000] {processor.py:161} INFO - Started process (PID=2012) to work on /home/airflow/.local/lib/python3.8/site-packages/airflow/example_dags/example_nested_branch_dag.py
[2024-04-05T05:58:26.637+0000] {processor.py:830} INFO - Processing file /home/airflow/.local/lib/python3.8/site-packages/airflow/example_dags/example_nested_branch_dag.py for tasks to queue
[2024-04-05T05:58:26.639+0000] {logging_mixin.py:188} INFO - [2024-04-05T05:58:26.639+0000] {dagbag.py:540} INFO - Filling up the DagBag from /home/airflow/.local/lib/python3.8/site-packages/airflow/example_dags/example_nested_branch_dag.py
[2024-04-05T05:58:26.662+0000] {processor.py:840} INFO - DAG(s) 'example_nested_branch_dag' retrieved from /home/airflow/.local/lib/python3.8/site-packages/airflow/example_dags/example_nested_branch_dag.py
[2024-04-05T05:58:26.700+0000] {logging_mixin.py:188} INFO - [2024-04-05T05:58:26.700+0000] {dag.py:3047} INFO - Sync 1 DAGs
[2024-04-05T05:58:26.737+0000] {logging_mixin.py:188} INFO - [2024-04-05T05:58:26.737+0000] {dag.py:3834} INFO - Setting next_dagrun for example_nested_branch_dag to 2024-04-04 00:00:00+00:00, run_after=2024-04-05 00:00:00+00:00
[2024-04-05T05:58:26.771+0000] {processor.py:183} INFO - Processing /home/airflow/.local/lib/python3.8/site-packages/airflow/example_dags/example_nested_branch_dag.py took 0.144 seconds
[2024-04-05T05:58:57.112+0000] {processor.py:161} INFO - Started process (PID=2069) to work on /home/airflow/.local/lib/python3.8/site-packages/airflow/example_dags/example_nested_branch_dag.py
[2024-04-05T05:58:57.114+0000] {processor.py:830} INFO - Processing file /home/airflow/.local/lib/python3.8/site-packages/airflow/example_dags/example_nested_branch_dag.py for tasks to queue
[2024-04-05T05:58:57.117+0000] {logging_mixin.py:188} INFO - [2024-04-05T05:58:57.116+0000] {dagbag.py:540} INFO - Filling up the DagBag from /home/airflow/.local/lib/python3.8/site-packages/airflow/example_dags/example_nested_branch_dag.py
[2024-04-05T05:58:57.138+0000] {processor.py:840} INFO - DAG(s) 'example_nested_branch_dag' retrieved from /home/airflow/.local/lib/python3.8/site-packages/airflow/example_dags/example_nested_branch_dag.py
[2024-04-05T05:58:57.174+0000] {logging_mixin.py:188} INFO - [2024-04-05T05:58:57.173+0000] {dag.py:3047} INFO - Sync 1 DAGs
[2024-04-05T05:58:57.213+0000] {logging_mixin.py:188} INFO - [2024-04-05T05:58:57.213+0000] {dag.py:3834} INFO - Setting next_dagrun for example_nested_branch_dag to 2024-04-04 00:00:00+00:00, run_after=2024-04-05 00:00:00+00:00
[2024-04-05T05:58:57.244+0000] {processor.py:183} INFO - Processing /home/airflow/.local/lib/python3.8/site-packages/airflow/example_dags/example_nested_branch_dag.py took 0.138 seconds
[2024-04-05T05:59:27.438+0000] {processor.py:161} INFO - Started process (PID=2126) to work on /home/airflow/.local/lib/python3.8/site-packages/airflow/example_dags/example_nested_branch_dag.py
[2024-04-05T05:59:27.440+0000] {processor.py:830} INFO - Processing file /home/airflow/.local/lib/python3.8/site-packages/airflow/example_dags/example_nested_branch_dag.py for tasks to queue
[2024-04-05T05:59:27.443+0000] {logging_mixin.py:188} INFO - [2024-04-05T05:59:27.442+0000] {dagbag.py:540} INFO - Filling up the DagBag from /home/airflow/.local/lib/python3.8/site-packages/airflow/example_dags/example_nested_branch_dag.py
[2024-04-05T05:59:27.464+0000] {processor.py:840} INFO - DAG(s) 'example_nested_branch_dag' retrieved from /home/airflow/.local/lib/python3.8/site-packages/airflow/example_dags/example_nested_branch_dag.py
[2024-04-05T05:59:27.505+0000] {logging_mixin.py:188} INFO - [2024-04-05T05:59:27.505+0000] {dag.py:3047} INFO - Sync 1 DAGs
[2024-04-05T05:59:27.556+0000] {logging_mixin.py:188} INFO - [2024-04-05T05:59:27.555+0000] {dag.py:3834} INFO - Setting next_dagrun for example_nested_branch_dag to 2024-04-04 00:00:00+00:00, run_after=2024-04-05 00:00:00+00:00
[2024-04-05T05:59:27.592+0000] {processor.py:183} INFO - Processing /home/airflow/.local/lib/python3.8/site-packages/airflow/example_dags/example_nested_branch_dag.py took 0.162 seconds
[2024-04-05T05:59:58.297+0000] {processor.py:161} INFO - Started process (PID=2183) to work on /home/airflow/.local/lib/python3.8/site-packages/airflow/example_dags/example_nested_branch_dag.py
[2024-04-05T05:59:58.299+0000] {processor.py:830} INFO - Processing file /home/airflow/.local/lib/python3.8/site-packages/airflow/example_dags/example_nested_branch_dag.py for tasks to queue
[2024-04-05T05:59:58.301+0000] {logging_mixin.py:188} INFO - [2024-04-05T05:59:58.300+0000] {dagbag.py:540} INFO - Filling up the DagBag from /home/airflow/.local/lib/python3.8/site-packages/airflow/example_dags/example_nested_branch_dag.py
[2024-04-05T05:59:58.327+0000] {processor.py:840} INFO - DAG(s) 'example_nested_branch_dag' retrieved from /home/airflow/.local/lib/python3.8/site-packages/airflow/example_dags/example_nested_branch_dag.py
[2024-04-05T05:59:58.388+0000] {logging_mixin.py:188} INFO - [2024-04-05T05:59:58.387+0000] {dag.py:3047} INFO - Sync 1 DAGs
[2024-04-05T05:59:58.446+0000] {logging_mixin.py:188} INFO - [2024-04-05T05:59:58.445+0000] {dag.py:3834} INFO - Setting next_dagrun for example_nested_branch_dag to 2024-04-04 00:00:00+00:00, run_after=2024-04-05 00:00:00+00:00
[2024-04-05T05:59:58.483+0000] {processor.py:183} INFO - Processing /home/airflow/.local/lib/python3.8/site-packages/airflow/example_dags/example_nested_branch_dag.py took 0.192 seconds
[2024-04-05T06:00:29.053+0000] {processor.py:161} INFO - Started process (PID=2240) to work on /home/airflow/.local/lib/python3.8/site-packages/airflow/example_dags/example_nested_branch_dag.py
[2024-04-05T06:00:29.056+0000] {processor.py:830} INFO - Processing file /home/airflow/.local/lib/python3.8/site-packages/airflow/example_dags/example_nested_branch_dag.py for tasks to queue
[2024-04-05T06:00:29.058+0000] {logging_mixin.py:188} INFO - [2024-04-05T06:00:29.058+0000] {dagbag.py:540} INFO - Filling up the DagBag from /home/airflow/.local/lib/python3.8/site-packages/airflow/example_dags/example_nested_branch_dag.py
[2024-04-05T06:00:29.086+0000] {processor.py:840} INFO - DAG(s) 'example_nested_branch_dag' retrieved from /home/airflow/.local/lib/python3.8/site-packages/airflow/example_dags/example_nested_branch_dag.py
[2024-04-05T06:00:29.143+0000] {logging_mixin.py:188} INFO - [2024-04-05T06:00:29.143+0000] {dag.py:3047} INFO - Sync 1 DAGs
[2024-04-05T06:00:29.179+0000] {logging_mixin.py:188} INFO - [2024-04-05T06:00:29.178+0000] {dag.py:3834} INFO - Setting next_dagrun for example_nested_branch_dag to 2024-04-04 00:00:00+00:00, run_after=2024-04-05 00:00:00+00:00
[2024-04-05T06:00:29.210+0000] {processor.py:183} INFO - Processing /home/airflow/.local/lib/python3.8/site-packages/airflow/example_dags/example_nested_branch_dag.py took 0.163 seconds
[2024-04-05T06:00:59.724+0000] {processor.py:161} INFO - Started process (PID=2297) to work on /home/airflow/.local/lib/python3.8/site-packages/airflow/example_dags/example_nested_branch_dag.py
[2024-04-05T06:00:59.726+0000] {processor.py:830} INFO - Processing file /home/airflow/.local/lib/python3.8/site-packages/airflow/example_dags/example_nested_branch_dag.py for tasks to queue
[2024-04-05T06:00:59.728+0000] {logging_mixin.py:188} INFO - [2024-04-05T06:00:59.727+0000] {dagbag.py:540} INFO - Filling up the DagBag from /home/airflow/.local/lib/python3.8/site-packages/airflow/example_dags/example_nested_branch_dag.py
[2024-04-05T06:00:59.760+0000] {processor.py:840} INFO - DAG(s) 'example_nested_branch_dag' retrieved from /home/airflow/.local/lib/python3.8/site-packages/airflow/example_dags/example_nested_branch_dag.py
[2024-04-05T06:00:59.810+0000] {logging_mixin.py:188} INFO - [2024-04-05T06:00:59.810+0000] {dag.py:3047} INFO - Sync 1 DAGs
[2024-04-05T06:00:59.859+0000] {logging_mixin.py:188} INFO - [2024-04-05T06:00:59.859+0000] {dag.py:3834} INFO - Setting next_dagrun for example_nested_branch_dag to 2024-04-04 00:00:00+00:00, run_after=2024-04-05 00:00:00+00:00
[2024-04-05T06:00:59.895+0000] {processor.py:183} INFO - Processing /home/airflow/.local/lib/python3.8/site-packages/airflow/example_dags/example_nested_branch_dag.py took 0.179 seconds
[2024-04-05T06:01:30.155+0000] {processor.py:161} INFO - Started process (PID=2354) to work on /home/airflow/.local/lib/python3.8/site-packages/airflow/example_dags/example_nested_branch_dag.py
[2024-04-05T06:01:30.158+0000] {processor.py:830} INFO - Processing file /home/airflow/.local/lib/python3.8/site-packages/airflow/example_dags/example_nested_branch_dag.py for tasks to queue
[2024-04-05T06:01:30.161+0000] {logging_mixin.py:188} INFO - [2024-04-05T06:01:30.160+0000] {dagbag.py:540} INFO - Filling up the DagBag from /home/airflow/.local/lib/python3.8/site-packages/airflow/example_dags/example_nested_branch_dag.py
[2024-04-05T06:01:30.180+0000] {processor.py:840} INFO - DAG(s) 'example_nested_branch_dag' retrieved from /home/airflow/.local/lib/python3.8/site-packages/airflow/example_dags/example_nested_branch_dag.py
[2024-04-05T06:01:30.218+0000] {logging_mixin.py:188} INFO - [2024-04-05T06:01:30.218+0000] {dag.py:3047} INFO - Sync 1 DAGs
[2024-04-05T06:01:30.259+0000] {logging_mixin.py:188} INFO - [2024-04-05T06:01:30.258+0000] {dag.py:3834} INFO - Setting next_dagrun for example_nested_branch_dag to 2024-04-04 00:00:00+00:00, run_after=2024-04-05 00:00:00+00:00
[2024-04-05T06:01:30.295+0000] {processor.py:183} INFO - Processing /home/airflow/.local/lib/python3.8/site-packages/airflow/example_dags/example_nested_branch_dag.py took 0.147 seconds
[2024-04-05T06:02:00.772+0000] {processor.py:161} INFO - Started process (PID=2411) to work on /home/airflow/.local/lib/python3.8/site-packages/airflow/example_dags/example_nested_branch_dag.py
[2024-04-05T06:02:00.775+0000] {processor.py:830} INFO - Processing file /home/airflow/.local/lib/python3.8/site-packages/airflow/example_dags/example_nested_branch_dag.py for tasks to queue
[2024-04-05T06:02:00.777+0000] {logging_mixin.py:188} INFO - [2024-04-05T06:02:00.777+0000] {dagbag.py:540} INFO - Filling up the DagBag from /home/airflow/.local/lib/python3.8/site-packages/airflow/example_dags/example_nested_branch_dag.py
[2024-04-05T06:02:00.798+0000] {processor.py:840} INFO - DAG(s) 'example_nested_branch_dag' retrieved from /home/airflow/.local/lib/python3.8/site-packages/airflow/example_dags/example_nested_branch_dag.py
[2024-04-05T06:02:00.840+0000] {logging_mixin.py:188} INFO - [2024-04-05T06:02:00.839+0000] {dag.py:3047} INFO - Sync 1 DAGs
[2024-04-05T06:02:00.879+0000] {logging_mixin.py:188} INFO - [2024-04-05T06:02:00.878+0000] {dag.py:3834} INFO - Setting next_dagrun for example_nested_branch_dag to 2024-04-04 00:00:00+00:00, run_after=2024-04-05 00:00:00+00:00
[2024-04-05T06:02:00.915+0000] {processor.py:183} INFO - Processing /home/airflow/.local/lib/python3.8/site-packages/airflow/example_dags/example_nested_branch_dag.py took 0.148 seconds
[2024-04-05T06:02:31.589+0000] {processor.py:161} INFO - Started process (PID=2468) to work on /home/airflow/.local/lib/python3.8/site-packages/airflow/example_dags/example_nested_branch_dag.py
[2024-04-05T06:02:31.591+0000] {processor.py:830} INFO - Processing file /home/airflow/.local/lib/python3.8/site-packages/airflow/example_dags/example_nested_branch_dag.py for tasks to queue
[2024-04-05T06:02:31.594+0000] {logging_mixin.py:188} INFO - [2024-04-05T06:02:31.593+0000] {dagbag.py:540} INFO - Filling up the DagBag from /home/airflow/.local/lib/python3.8/site-packages/airflow/example_dags/example_nested_branch_dag.py
[2024-04-05T06:02:31.619+0000] {processor.py:840} INFO - DAG(s) 'example_nested_branch_dag' retrieved from /home/airflow/.local/lib/python3.8/site-packages/airflow/example_dags/example_nested_branch_dag.py
[2024-04-05T06:02:31.670+0000] {logging_mixin.py:188} INFO - [2024-04-05T06:02:31.670+0000] {dag.py:3047} INFO - Sync 1 DAGs
[2024-04-05T06:02:31.716+0000] {logging_mixin.py:188} INFO - [2024-04-05T06:02:31.715+0000] {dag.py:3834} INFO - Setting next_dagrun for example_nested_branch_dag to 2024-04-04 00:00:00+00:00, run_after=2024-04-05 00:00:00+00:00
[2024-04-05T06:02:31.752+0000] {processor.py:183} INFO - Processing /home/airflow/.local/lib/python3.8/site-packages/airflow/example_dags/example_nested_branch_dag.py took 0.170 seconds
[2024-04-05T06:03:01.893+0000] {processor.py:161} INFO - Started process (PID=2525) to work on /home/airflow/.local/lib/python3.8/site-packages/airflow/example_dags/example_nested_branch_dag.py
[2024-04-05T06:03:01.896+0000] {processor.py:830} INFO - Processing file /home/airflow/.local/lib/python3.8/site-packages/airflow/example_dags/example_nested_branch_dag.py for tasks to queue
[2024-04-05T06:03:01.898+0000] {logging_mixin.py:188} INFO - [2024-04-05T06:03:01.898+0000] {dagbag.py:540} INFO - Filling up the DagBag from /home/airflow/.local/lib/python3.8/site-packages/airflow/example_dags/example_nested_branch_dag.py
[2024-04-05T06:03:01.929+0000] {processor.py:840} INFO - DAG(s) 'example_nested_branch_dag' retrieved from /home/airflow/.local/lib/python3.8/site-packages/airflow/example_dags/example_nested_branch_dag.py
[2024-04-05T06:03:01.985+0000] {logging_mixin.py:188} INFO - [2024-04-05T06:03:01.984+0000] {dag.py:3047} INFO - Sync 1 DAGs
[2024-04-05T06:03:02.052+0000] {logging_mixin.py:188} INFO - [2024-04-05T06:03:02.051+0000] {dag.py:3834} INFO - Setting next_dagrun for example_nested_branch_dag to 2024-04-04 00:00:00+00:00, run_after=2024-04-05 00:00:00+00:00
[2024-04-05T06:03:02.108+0000] {processor.py:183} INFO - Processing /home/airflow/.local/lib/python3.8/site-packages/airflow/example_dags/example_nested_branch_dag.py took 0.226 seconds
[2024-04-05T06:03:32.889+0000] {processor.py:161} INFO - Started process (PID=2582) to work on /home/airflow/.local/lib/python3.8/site-packages/airflow/example_dags/example_nested_branch_dag.py
[2024-04-05T06:03:32.891+0000] {processor.py:830} INFO - Processing file /home/airflow/.local/lib/python3.8/site-packages/airflow/example_dags/example_nested_branch_dag.py for tasks to queue
[2024-04-05T06:03:32.896+0000] {logging_mixin.py:188} INFO - [2024-04-05T06:03:32.894+0000] {dagbag.py:540} INFO - Filling up the DagBag from /home/airflow/.local/lib/python3.8/site-packages/airflow/example_dags/example_nested_branch_dag.py
[2024-04-05T06:03:32.934+0000] {processor.py:840} INFO - DAG(s) 'example_nested_branch_dag' retrieved from /home/airflow/.local/lib/python3.8/site-packages/airflow/example_dags/example_nested_branch_dag.py
[2024-04-05T06:03:32.998+0000] {logging_mixin.py:188} INFO - [2024-04-05T06:03:32.997+0000] {dag.py:3047} INFO - Sync 1 DAGs
[2024-04-05T06:03:33.095+0000] {logging_mixin.py:188} INFO - [2024-04-05T06:03:33.095+0000] {dag.py:3834} INFO - Setting next_dagrun for example_nested_branch_dag to 2024-04-04 00:00:00+00:00, run_after=2024-04-05 00:00:00+00:00
[2024-04-05T06:03:33.154+0000] {processor.py:183} INFO - Processing /home/airflow/.local/lib/python3.8/site-packages/airflow/example_dags/example_nested_branch_dag.py took 0.273 seconds
[2024-04-05T06:04:03.695+0000] {processor.py:161} INFO - Started process (PID=2639) to work on /home/airflow/.local/lib/python3.8/site-packages/airflow/example_dags/example_nested_branch_dag.py
[2024-04-05T06:04:03.698+0000] {processor.py:830} INFO - Processing file /home/airflow/.local/lib/python3.8/site-packages/airflow/example_dags/example_nested_branch_dag.py for tasks to queue
[2024-04-05T06:04:03.700+0000] {logging_mixin.py:188} INFO - [2024-04-05T06:04:03.699+0000] {dagbag.py:540} INFO - Filling up the DagBag from /home/airflow/.local/lib/python3.8/site-packages/airflow/example_dags/example_nested_branch_dag.py
[2024-04-05T06:04:03.721+0000] {processor.py:840} INFO - DAG(s) 'example_nested_branch_dag' retrieved from /home/airflow/.local/lib/python3.8/site-packages/airflow/example_dags/example_nested_branch_dag.py
[2024-04-05T06:04:03.769+0000] {logging_mixin.py:188} INFO - [2024-04-05T06:04:03.769+0000] {dag.py:3047} INFO - Sync 1 DAGs
[2024-04-05T06:04:03.814+0000] {logging_mixin.py:188} INFO - [2024-04-05T06:04:03.814+0000] {dag.py:3834} INFO - Setting next_dagrun for example_nested_branch_dag to 2024-04-04 00:00:00+00:00, run_after=2024-04-05 00:00:00+00:00
[2024-04-05T06:04:03.851+0000] {processor.py:183} INFO - Processing /home/airflow/.local/lib/python3.8/site-packages/airflow/example_dags/example_nested_branch_dag.py took 0.165 seconds
[2024-04-05T06:04:34.033+0000] {processor.py:161} INFO - Started process (PID=2696) to work on /home/airflow/.local/lib/python3.8/site-packages/airflow/example_dags/example_nested_branch_dag.py
[2024-04-05T06:04:34.035+0000] {processor.py:830} INFO - Processing file /home/airflow/.local/lib/python3.8/site-packages/airflow/example_dags/example_nested_branch_dag.py for tasks to queue
[2024-04-05T06:04:34.038+0000] {logging_mixin.py:188} INFO - [2024-04-05T06:04:34.037+0000] {dagbag.py:540} INFO - Filling up the DagBag from /home/airflow/.local/lib/python3.8/site-packages/airflow/example_dags/example_nested_branch_dag.py
[2024-04-05T06:04:34.065+0000] {processor.py:840} INFO - DAG(s) 'example_nested_branch_dag' retrieved from /home/airflow/.local/lib/python3.8/site-packages/airflow/example_dags/example_nested_branch_dag.py
[2024-04-05T06:04:34.115+0000] {logging_mixin.py:188} INFO - [2024-04-05T06:04:34.115+0000] {dag.py:3047} INFO - Sync 1 DAGs
[2024-04-05T06:04:34.151+0000] {logging_mixin.py:188} INFO - [2024-04-05T06:04:34.150+0000] {dag.py:3834} INFO - Setting next_dagrun for example_nested_branch_dag to 2024-04-04 00:00:00+00:00, run_after=2024-04-05 00:00:00+00:00
[2024-04-05T06:04:34.183+0000] {processor.py:183} INFO - Processing /home/airflow/.local/lib/python3.8/site-packages/airflow/example_dags/example_nested_branch_dag.py took 0.157 seconds
[2024-04-05T06:05:05.085+0000] {processor.py:161} INFO - Started process (PID=2754) to work on /home/airflow/.local/lib/python3.8/site-packages/airflow/example_dags/example_nested_branch_dag.py
[2024-04-05T06:05:05.088+0000] {processor.py:830} INFO - Processing file /home/airflow/.local/lib/python3.8/site-packages/airflow/example_dags/example_nested_branch_dag.py for tasks to queue
[2024-04-05T06:05:05.091+0000] {logging_mixin.py:188} INFO - [2024-04-05T06:05:05.090+0000] {dagbag.py:540} INFO - Filling up the DagBag from /home/airflow/.local/lib/python3.8/site-packages/airflow/example_dags/example_nested_branch_dag.py
[2024-04-05T06:05:05.117+0000] {processor.py:840} INFO - DAG(s) 'example_nested_branch_dag' retrieved from /home/airflow/.local/lib/python3.8/site-packages/airflow/example_dags/example_nested_branch_dag.py
[2024-04-05T06:05:05.178+0000] {logging_mixin.py:188} INFO - [2024-04-05T06:05:05.178+0000] {dag.py:3047} INFO - Sync 1 DAGs
[2024-04-05T06:05:05.256+0000] {logging_mixin.py:188} INFO - [2024-04-05T06:05:05.252+0000] {dag.py:3834} INFO - Setting next_dagrun for example_nested_branch_dag to 2024-04-04 00:00:00+00:00, run_after=2024-04-05 00:00:00+00:00
[2024-04-05T06:05:05.307+0000] {processor.py:183} INFO - Processing /home/airflow/.local/lib/python3.8/site-packages/airflow/example_dags/example_nested_branch_dag.py took 0.230 seconds
