[2024-04-05T05:40:53.547+0000] {processor.py:161} INFO - Started process (PID=80) to work on /home/airflow/.local/lib/python3.8/site-packages/airflow/example_dags/example_task_group.py
[2024-04-05T05:40:53.681+0000] {processor.py:830} INFO - Processing file /home/airflow/.local/lib/python3.8/site-packages/airflow/example_dags/example_task_group.py for tasks to queue
[2024-04-05T05:40:53.834+0000] {logging_mixin.py:188} INFO - [2024-04-05T05:40:53.831+0000] {dagbag.py:540} INFO - Filling up the DagBag from /home/airflow/.local/lib/python3.8/site-packages/airflow/example_dags/example_task_group.py
[2024-04-05T05:40:54.171+0000] {processor.py:840} INFO - DAG(s) 'example_task_group' retrieved from /home/airflow/.local/lib/python3.8/site-packages/airflow/example_dags/example_task_group.py
[2024-04-05T05:40:54.645+0000] {logging_mixin.py:188} INFO - [2024-04-05T05:40:54.644+0000] {dag.py:3047} INFO - Sync 1 DAGs
[2024-04-05T05:40:56.090+0000] {logging_mixin.py:188} INFO - [2024-04-05T05:40:56.089+0000] {dag.py:3834} INFO - Setting next_dagrun for example_task_group to 2024-04-04 00:00:00+00:00, run_after=2024-04-05 00:00:00+00:00
[2024-04-05T05:40:56.372+0000] {processor.py:183} INFO - Processing /home/airflow/.local/lib/python3.8/site-packages/airflow/example_dags/example_task_group.py took 2.910 seconds
[2024-04-05T05:41:40.405+0000] {processor.py:161} INFO - Started process (PID=143) to work on /home/airflow/.local/lib/python3.8/site-packages/airflow/example_dags/example_task_group.py
[2024-04-05T05:41:40.410+0000] {processor.py:830} INFO - Processing file /home/airflow/.local/lib/python3.8/site-packages/airflow/example_dags/example_task_group.py for tasks to queue
[2024-04-05T05:41:40.415+0000] {logging_mixin.py:188} INFO - [2024-04-05T05:41:40.414+0000] {dagbag.py:540} INFO - Filling up the DagBag from /home/airflow/.local/lib/python3.8/site-packages/airflow/example_dags/example_task_group.py
[2024-04-05T05:41:40.448+0000] {processor.py:840} INFO - DAG(s) 'example_task_group' retrieved from /home/airflow/.local/lib/python3.8/site-packages/airflow/example_dags/example_task_group.py
[2024-04-05T05:41:40.724+0000] {logging_mixin.py:188} INFO - [2024-04-05T05:41:40.724+0000] {dag.py:3047} INFO - Sync 1 DAGs
[2024-04-05T05:41:40.791+0000] {logging_mixin.py:188} INFO - [2024-04-05T05:41:40.791+0000] {dag.py:3834} INFO - Setting next_dagrun for example_task_group to 2024-04-04 00:00:00+00:00, run_after=2024-04-05 00:00:00+00:00
[2024-04-05T05:41:40.835+0000] {processor.py:183} INFO - Processing /home/airflow/.local/lib/python3.8/site-packages/airflow/example_dags/example_task_group.py took 0.445 seconds
[2024-04-05T05:42:11.074+0000] {processor.py:161} INFO - Started process (PID=200) to work on /home/airflow/.local/lib/python3.8/site-packages/airflow/example_dags/example_task_group.py
[2024-04-05T05:42:11.077+0000] {processor.py:830} INFO - Processing file /home/airflow/.local/lib/python3.8/site-packages/airflow/example_dags/example_task_group.py for tasks to queue
[2024-04-05T05:42:11.080+0000] {logging_mixin.py:188} INFO - [2024-04-05T05:42:11.080+0000] {dagbag.py:540} INFO - Filling up the DagBag from /home/airflow/.local/lib/python3.8/site-packages/airflow/example_dags/example_task_group.py
[2024-04-05T05:42:11.098+0000] {processor.py:840} INFO - DAG(s) 'example_task_group' retrieved from /home/airflow/.local/lib/python3.8/site-packages/airflow/example_dags/example_task_group.py
[2024-04-05T05:42:11.166+0000] {logging_mixin.py:188} INFO - [2024-04-05T05:42:11.166+0000] {dag.py:3047} INFO - Sync 1 DAGs
[2024-04-05T05:42:11.254+0000] {logging_mixin.py:188} INFO - [2024-04-05T05:42:11.254+0000] {dag.py:3834} INFO - Setting next_dagrun for example_task_group to 2024-04-04 00:00:00+00:00, run_after=2024-04-05 00:00:00+00:00
[2024-04-05T05:42:11.298+0000] {processor.py:183} INFO - Processing /home/airflow/.local/lib/python3.8/site-packages/airflow/example_dags/example_task_group.py took 0.230 seconds
[2024-04-05T05:42:41.351+0000] {processor.py:161} INFO - Started process (PID=257) to work on /home/airflow/.local/lib/python3.8/site-packages/airflow/example_dags/example_task_group.py
[2024-04-05T05:42:41.354+0000] {processor.py:830} INFO - Processing file /home/airflow/.local/lib/python3.8/site-packages/airflow/example_dags/example_task_group.py for tasks to queue
[2024-04-05T05:42:41.363+0000] {logging_mixin.py:188} INFO - [2024-04-05T05:42:41.362+0000] {dagbag.py:540} INFO - Filling up the DagBag from /home/airflow/.local/lib/python3.8/site-packages/airflow/example_dags/example_task_group.py
[2024-04-05T05:42:41.406+0000] {processor.py:840} INFO - DAG(s) 'example_task_group' retrieved from /home/airflow/.local/lib/python3.8/site-packages/airflow/example_dags/example_task_group.py
[2024-04-05T05:42:41.460+0000] {logging_mixin.py:188} INFO - [2024-04-05T05:42:41.460+0000] {dag.py:3047} INFO - Sync 1 DAGs
[2024-04-05T05:42:41.501+0000] {logging_mixin.py:188} INFO - [2024-04-05T05:42:41.501+0000] {dag.py:3834} INFO - Setting next_dagrun for example_task_group to 2024-04-04 00:00:00+00:00, run_after=2024-04-05 00:00:00+00:00
[2024-04-05T05:42:41.533+0000] {processor.py:183} INFO - Processing /home/airflow/.local/lib/python3.8/site-packages/airflow/example_dags/example_task_group.py took 0.191 seconds
[2024-04-05T05:43:11.832+0000] {processor.py:161} INFO - Started process (PID=317) to work on /home/airflow/.local/lib/python3.8/site-packages/airflow/example_dags/example_task_group.py
[2024-04-05T05:43:11.835+0000] {processor.py:830} INFO - Processing file /home/airflow/.local/lib/python3.8/site-packages/airflow/example_dags/example_task_group.py for tasks to queue
[2024-04-05T05:43:11.839+0000] {logging_mixin.py:188} INFO - [2024-04-05T05:43:11.839+0000] {dagbag.py:540} INFO - Filling up the DagBag from /home/airflow/.local/lib/python3.8/site-packages/airflow/example_dags/example_task_group.py
[2024-04-05T05:43:11.856+0000] {processor.py:840} INFO - DAG(s) 'example_task_group' retrieved from /home/airflow/.local/lib/python3.8/site-packages/airflow/example_dags/example_task_group.py
[2024-04-05T05:43:11.902+0000] {logging_mixin.py:188} INFO - [2024-04-05T05:43:11.901+0000] {dag.py:3047} INFO - Sync 1 DAGs
[2024-04-05T05:43:11.936+0000] {logging_mixin.py:188} INFO - [2024-04-05T05:43:11.935+0000] {dag.py:3834} INFO - Setting next_dagrun for example_task_group to 2024-04-04 00:00:00+00:00, run_after=2024-04-05 00:00:00+00:00
[2024-04-05T05:43:11.971+0000] {processor.py:183} INFO - Processing /home/airflow/.local/lib/python3.8/site-packages/airflow/example_dags/example_task_group.py took 0.145 seconds
[2024-04-05T05:43:42.845+0000] {processor.py:161} INFO - Started process (PID=374) to work on /home/airflow/.local/lib/python3.8/site-packages/airflow/example_dags/example_task_group.py
[2024-04-05T05:43:42.847+0000] {processor.py:830} INFO - Processing file /home/airflow/.local/lib/python3.8/site-packages/airflow/example_dags/example_task_group.py for tasks to queue
[2024-04-05T05:43:42.852+0000] {logging_mixin.py:188} INFO - [2024-04-05T05:43:42.851+0000] {dagbag.py:540} INFO - Filling up the DagBag from /home/airflow/.local/lib/python3.8/site-packages/airflow/example_dags/example_task_group.py
[2024-04-05T05:43:42.868+0000] {processor.py:840} INFO - DAG(s) 'example_task_group' retrieved from /home/airflow/.local/lib/python3.8/site-packages/airflow/example_dags/example_task_group.py
[2024-04-05T05:43:42.922+0000] {logging_mixin.py:188} INFO - [2024-04-05T05:43:42.921+0000] {dag.py:3047} INFO - Sync 1 DAGs
[2024-04-05T05:43:42.975+0000] {logging_mixin.py:188} INFO - [2024-04-05T05:43:42.974+0000] {dag.py:3834} INFO - Setting next_dagrun for example_task_group to 2024-04-04 00:00:00+00:00, run_after=2024-04-05 00:00:00+00:00
[2024-04-05T05:43:43.020+0000] {processor.py:183} INFO - Processing /home/airflow/.local/lib/python3.8/site-packages/airflow/example_dags/example_task_group.py took 0.183 seconds
[2024-04-05T05:44:14.399+0000] {processor.py:161} INFO - Started process (PID=432) to work on /home/airflow/.local/lib/python3.8/site-packages/airflow/example_dags/example_task_group.py
[2024-04-05T05:44:14.401+0000] {processor.py:830} INFO - Processing file /home/airflow/.local/lib/python3.8/site-packages/airflow/example_dags/example_task_group.py for tasks to queue
[2024-04-05T05:44:14.405+0000] {logging_mixin.py:188} INFO - [2024-04-05T05:44:14.404+0000] {dagbag.py:540} INFO - Filling up the DagBag from /home/airflow/.local/lib/python3.8/site-packages/airflow/example_dags/example_task_group.py
[2024-04-05T05:44:14.433+0000] {processor.py:840} INFO - DAG(s) 'example_task_group' retrieved from /home/airflow/.local/lib/python3.8/site-packages/airflow/example_dags/example_task_group.py
[2024-04-05T05:44:14.525+0000] {logging_mixin.py:188} INFO - [2024-04-05T05:44:14.525+0000] {dag.py:3047} INFO - Sync 1 DAGs
[2024-04-05T05:44:14.589+0000] {logging_mixin.py:188} INFO - [2024-04-05T05:44:14.588+0000] {dag.py:3834} INFO - Setting next_dagrun for example_task_group to 2024-04-04 00:00:00+00:00, run_after=2024-04-05 00:00:00+00:00
[2024-04-05T05:44:14.639+0000] {processor.py:183} INFO - Processing /home/airflow/.local/lib/python3.8/site-packages/airflow/example_dags/example_task_group.py took 0.247 seconds
[2024-04-05T05:44:45.223+0000] {processor.py:161} INFO - Started process (PID=489) to work on /home/airflow/.local/lib/python3.8/site-packages/airflow/example_dags/example_task_group.py
[2024-04-05T05:44:45.225+0000] {processor.py:830} INFO - Processing file /home/airflow/.local/lib/python3.8/site-packages/airflow/example_dags/example_task_group.py for tasks to queue
[2024-04-05T05:44:45.227+0000] {logging_mixin.py:188} INFO - [2024-04-05T05:44:45.227+0000] {dagbag.py:540} INFO - Filling up the DagBag from /home/airflow/.local/lib/python3.8/site-packages/airflow/example_dags/example_task_group.py
[2024-04-05T05:44:45.242+0000] {processor.py:840} INFO - DAG(s) 'example_task_group' retrieved from /home/airflow/.local/lib/python3.8/site-packages/airflow/example_dags/example_task_group.py
[2024-04-05T05:44:45.302+0000] {logging_mixin.py:188} INFO - [2024-04-05T05:44:45.301+0000] {dag.py:3047} INFO - Sync 1 DAGs
[2024-04-05T05:44:45.355+0000] {logging_mixin.py:188} INFO - [2024-04-05T05:44:45.355+0000] {dag.py:3834} INFO - Setting next_dagrun for example_task_group to 2024-04-04 00:00:00+00:00, run_after=2024-04-05 00:00:00+00:00
[2024-04-05T05:44:45.403+0000] {processor.py:183} INFO - Processing /home/airflow/.local/lib/python3.8/site-packages/airflow/example_dags/example_task_group.py took 0.187 seconds
[2024-04-05T05:45:19.352+0000] {processor.py:161} INFO - Started process (PID=547) to work on /home/airflow/.local/lib/python3.8/site-packages/airflow/example_dags/example_task_group.py
[2024-04-05T05:45:19.364+0000] {processor.py:830} INFO - Processing file /home/airflow/.local/lib/python3.8/site-packages/airflow/example_dags/example_task_group.py for tasks to queue
[2024-04-05T05:45:19.368+0000] {logging_mixin.py:188} INFO - [2024-04-05T05:45:19.367+0000] {dagbag.py:540} INFO - Filling up the DagBag from /home/airflow/.local/lib/python3.8/site-packages/airflow/example_dags/example_task_group.py
[2024-04-05T05:45:19.419+0000] {processor.py:840} INFO - DAG(s) 'example_task_group' retrieved from /home/airflow/.local/lib/python3.8/site-packages/airflow/example_dags/example_task_group.py
[2024-04-05T05:45:19.585+0000] {logging_mixin.py:188} INFO - [2024-04-05T05:45:19.582+0000] {dag.py:3047} INFO - Sync 1 DAGs
[2024-04-05T05:45:19.723+0000] {logging_mixin.py:188} INFO - [2024-04-05T05:45:19.721+0000] {dag.py:3834} INFO - Setting next_dagrun for example_task_group to 2024-04-04 00:00:00+00:00, run_after=2024-04-05 00:00:00+00:00
[2024-04-05T05:45:19.875+0000] {processor.py:183} INFO - Processing /home/airflow/.local/lib/python3.8/site-packages/airflow/example_dags/example_task_group.py took 0.531 seconds
[2024-04-05T05:45:50.663+0000] {processor.py:161} INFO - Started process (PID=604) to work on /home/airflow/.local/lib/python3.8/site-packages/airflow/example_dags/example_task_group.py
[2024-04-05T05:45:50.666+0000] {processor.py:830} INFO - Processing file /home/airflow/.local/lib/python3.8/site-packages/airflow/example_dags/example_task_group.py for tasks to queue
[2024-04-05T05:45:50.669+0000] {logging_mixin.py:188} INFO - [2024-04-05T05:45:50.668+0000] {dagbag.py:540} INFO - Filling up the DagBag from /home/airflow/.local/lib/python3.8/site-packages/airflow/example_dags/example_task_group.py
[2024-04-05T05:45:50.698+0000] {processor.py:840} INFO - DAG(s) 'example_task_group' retrieved from /home/airflow/.local/lib/python3.8/site-packages/airflow/example_dags/example_task_group.py
[2024-04-05T05:45:50.760+0000] {logging_mixin.py:188} INFO - [2024-04-05T05:45:50.760+0000] {dag.py:3047} INFO - Sync 1 DAGs
[2024-04-05T05:45:50.810+0000] {logging_mixin.py:188} INFO - [2024-04-05T05:45:50.810+0000] {dag.py:3834} INFO - Setting next_dagrun for example_task_group to 2024-04-04 00:00:00+00:00, run_after=2024-04-05 00:00:00+00:00
[2024-04-05T05:45:50.851+0000] {processor.py:183} INFO - Processing /home/airflow/.local/lib/python3.8/site-packages/airflow/example_dags/example_task_group.py took 0.198 seconds
[2024-04-05T05:46:21.052+0000] {processor.py:161} INFO - Started process (PID=661) to work on /home/airflow/.local/lib/python3.8/site-packages/airflow/example_dags/example_task_group.py
[2024-04-05T05:46:21.054+0000] {processor.py:830} INFO - Processing file /home/airflow/.local/lib/python3.8/site-packages/airflow/example_dags/example_task_group.py for tasks to queue
[2024-04-05T05:46:21.055+0000] {logging_mixin.py:188} INFO - [2024-04-05T05:46:21.055+0000] {dagbag.py:540} INFO - Filling up the DagBag from /home/airflow/.local/lib/python3.8/site-packages/airflow/example_dags/example_task_group.py
[2024-04-05T05:46:21.076+0000] {processor.py:840} INFO - DAG(s) 'example_task_group' retrieved from /home/airflow/.local/lib/python3.8/site-packages/airflow/example_dags/example_task_group.py
[2024-04-05T05:46:21.126+0000] {logging_mixin.py:188} INFO - [2024-04-05T05:46:21.126+0000] {dag.py:3047} INFO - Sync 1 DAGs
[2024-04-05T05:46:21.195+0000] {logging_mixin.py:188} INFO - [2024-04-05T05:46:21.195+0000] {dag.py:3834} INFO - Setting next_dagrun for example_task_group to 2024-04-04 00:00:00+00:00, run_after=2024-04-05 00:00:00+00:00
[2024-04-05T05:46:21.250+0000] {processor.py:183} INFO - Processing /home/airflow/.local/lib/python3.8/site-packages/airflow/example_dags/example_task_group.py took 0.207 seconds
[2024-04-05T05:46:51.308+0000] {processor.py:161} INFO - Started process (PID=722) to work on /home/airflow/.local/lib/python3.8/site-packages/airflow/example_dags/example_task_group.py
[2024-04-05T05:46:51.310+0000] {processor.py:830} INFO - Processing file /home/airflow/.local/lib/python3.8/site-packages/airflow/example_dags/example_task_group.py for tasks to queue
[2024-04-05T05:46:51.312+0000] {logging_mixin.py:188} INFO - [2024-04-05T05:46:51.312+0000] {dagbag.py:540} INFO - Filling up the DagBag from /home/airflow/.local/lib/python3.8/site-packages/airflow/example_dags/example_task_group.py
[2024-04-05T05:46:51.327+0000] {processor.py:840} INFO - DAG(s) 'example_task_group' retrieved from /home/airflow/.local/lib/python3.8/site-packages/airflow/example_dags/example_task_group.py
[2024-04-05T05:46:51.370+0000] {logging_mixin.py:188} INFO - [2024-04-05T05:46:51.370+0000] {dag.py:3047} INFO - Sync 1 DAGs
[2024-04-05T05:46:51.422+0000] {logging_mixin.py:188} INFO - [2024-04-05T05:46:51.422+0000] {dag.py:3834} INFO - Setting next_dagrun for example_task_group to 2024-04-04 00:00:00+00:00, run_after=2024-04-05 00:00:00+00:00
[2024-04-05T05:46:51.457+0000] {processor.py:183} INFO - Processing /home/airflow/.local/lib/python3.8/site-packages/airflow/example_dags/example_task_group.py took 0.157 seconds
[2024-04-05T05:47:21.767+0000] {processor.py:161} INFO - Started process (PID=780) to work on /home/airflow/.local/lib/python3.8/site-packages/airflow/example_dags/example_task_group.py
[2024-04-05T05:47:21.768+0000] {processor.py:830} INFO - Processing file /home/airflow/.local/lib/python3.8/site-packages/airflow/example_dags/example_task_group.py for tasks to queue
[2024-04-05T05:47:21.770+0000] {logging_mixin.py:188} INFO - [2024-04-05T05:47:21.770+0000] {dagbag.py:540} INFO - Filling up the DagBag from /home/airflow/.local/lib/python3.8/site-packages/airflow/example_dags/example_task_group.py
[2024-04-05T05:47:21.787+0000] {processor.py:840} INFO - DAG(s) 'example_task_group' retrieved from /home/airflow/.local/lib/python3.8/site-packages/airflow/example_dags/example_task_group.py
[2024-04-05T05:47:21.850+0000] {logging_mixin.py:188} INFO - [2024-04-05T05:47:21.849+0000] {dag.py:3047} INFO - Sync 1 DAGs
[2024-04-05T05:47:21.924+0000] {logging_mixin.py:188} INFO - [2024-04-05T05:47:21.923+0000] {dag.py:3834} INFO - Setting next_dagrun for example_task_group to 2024-04-04 00:00:00+00:00, run_after=2024-04-05 00:00:00+00:00
[2024-04-05T05:47:21.975+0000] {processor.py:183} INFO - Processing /home/airflow/.local/lib/python3.8/site-packages/airflow/example_dags/example_task_group.py took 0.215 seconds
[2024-04-05T05:47:52.804+0000] {processor.py:161} INFO - Started process (PID=837) to work on /home/airflow/.local/lib/python3.8/site-packages/airflow/example_dags/example_task_group.py
[2024-04-05T05:47:52.806+0000] {processor.py:830} INFO - Processing file /home/airflow/.local/lib/python3.8/site-packages/airflow/example_dags/example_task_group.py for tasks to queue
[2024-04-05T05:47:52.807+0000] {logging_mixin.py:188} INFO - [2024-04-05T05:47:52.807+0000] {dagbag.py:540} INFO - Filling up the DagBag from /home/airflow/.local/lib/python3.8/site-packages/airflow/example_dags/example_task_group.py
[2024-04-05T05:47:52.822+0000] {processor.py:840} INFO - DAG(s) 'example_task_group' retrieved from /home/airflow/.local/lib/python3.8/site-packages/airflow/example_dags/example_task_group.py
[2024-04-05T05:47:52.861+0000] {logging_mixin.py:188} INFO - [2024-04-05T05:47:52.860+0000] {dag.py:3047} INFO - Sync 1 DAGs
[2024-04-05T05:47:52.897+0000] {logging_mixin.py:188} INFO - [2024-04-05T05:47:52.896+0000] {dag.py:3834} INFO - Setting next_dagrun for example_task_group to 2024-04-04 00:00:00+00:00, run_after=2024-04-05 00:00:00+00:00
[2024-04-05T05:47:52.928+0000] {processor.py:183} INFO - Processing /home/airflow/.local/lib/python3.8/site-packages/airflow/example_dags/example_task_group.py took 0.129 seconds
[2024-04-05T05:48:23.920+0000] {processor.py:161} INFO - Started process (PID=894) to work on /home/airflow/.local/lib/python3.8/site-packages/airflow/example_dags/example_task_group.py
[2024-04-05T05:48:23.926+0000] {processor.py:830} INFO - Processing file /home/airflow/.local/lib/python3.8/site-packages/airflow/example_dags/example_task_group.py for tasks to queue
[2024-04-05T05:48:23.932+0000] {logging_mixin.py:188} INFO - [2024-04-05T05:48:23.931+0000] {dagbag.py:540} INFO - Filling up the DagBag from /home/airflow/.local/lib/python3.8/site-packages/airflow/example_dags/example_task_group.py
[2024-04-05T05:48:23.971+0000] {processor.py:840} INFO - DAG(s) 'example_task_group' retrieved from /home/airflow/.local/lib/python3.8/site-packages/airflow/example_dags/example_task_group.py
[2024-04-05T05:48:24.057+0000] {logging_mixin.py:188} INFO - [2024-04-05T05:48:24.056+0000] {dag.py:3047} INFO - Sync 1 DAGs
[2024-04-05T05:48:24.204+0000] {logging_mixin.py:188} INFO - [2024-04-05T05:48:24.203+0000] {dag.py:3834} INFO - Setting next_dagrun for example_task_group to 2024-04-04 00:00:00+00:00, run_after=2024-04-05 00:00:00+00:00
[2024-04-05T05:48:24.269+0000] {processor.py:183} INFO - Processing /home/airflow/.local/lib/python3.8/site-packages/airflow/example_dags/example_task_group.py took 0.360 seconds
[2024-04-05T05:48:54.424+0000] {processor.py:161} INFO - Started process (PID=950) to work on /home/airflow/.local/lib/python3.8/site-packages/airflow/example_dags/example_task_group.py
[2024-04-05T05:48:54.427+0000] {processor.py:830} INFO - Processing file /home/airflow/.local/lib/python3.8/site-packages/airflow/example_dags/example_task_group.py for tasks to queue
[2024-04-05T05:48:54.430+0000] {logging_mixin.py:188} INFO - [2024-04-05T05:48:54.429+0000] {dagbag.py:540} INFO - Filling up the DagBag from /home/airflow/.local/lib/python3.8/site-packages/airflow/example_dags/example_task_group.py
[2024-04-05T05:48:54.451+0000] {processor.py:840} INFO - DAG(s) 'example_task_group' retrieved from /home/airflow/.local/lib/python3.8/site-packages/airflow/example_dags/example_task_group.py
[2024-04-05T05:48:54.502+0000] {logging_mixin.py:188} INFO - [2024-04-05T05:48:54.502+0000] {dag.py:3047} INFO - Sync 1 DAGs
[2024-04-05T05:48:54.549+0000] {logging_mixin.py:188} INFO - [2024-04-05T05:48:54.549+0000] {dag.py:3834} INFO - Setting next_dagrun for example_task_group to 2024-04-04 00:00:00+00:00, run_after=2024-04-05 00:00:00+00:00
[2024-04-05T05:48:54.583+0000] {processor.py:183} INFO - Processing /home/airflow/.local/lib/python3.8/site-packages/airflow/example_dags/example_task_group.py took 0.167 seconds
[2024-04-05T05:49:24.887+0000] {processor.py:161} INFO - Started process (PID=1007) to work on /home/airflow/.local/lib/python3.8/site-packages/airflow/example_dags/example_task_group.py
[2024-04-05T05:49:24.890+0000] {processor.py:830} INFO - Processing file /home/airflow/.local/lib/python3.8/site-packages/airflow/example_dags/example_task_group.py for tasks to queue
[2024-04-05T05:49:24.893+0000] {logging_mixin.py:188} INFO - [2024-04-05T05:49:24.892+0000] {dagbag.py:540} INFO - Filling up the DagBag from /home/airflow/.local/lib/python3.8/site-packages/airflow/example_dags/example_task_group.py
[2024-04-05T05:49:24.917+0000] {processor.py:840} INFO - DAG(s) 'example_task_group' retrieved from /home/airflow/.local/lib/python3.8/site-packages/airflow/example_dags/example_task_group.py
[2024-04-05T05:49:24.969+0000] {logging_mixin.py:188} INFO - [2024-04-05T05:49:24.968+0000] {dag.py:3047} INFO - Sync 1 DAGs
[2024-04-05T05:49:25.006+0000] {logging_mixin.py:188} INFO - [2024-04-05T05:49:25.006+0000] {dag.py:3834} INFO - Setting next_dagrun for example_task_group to 2024-04-04 00:00:00+00:00, run_after=2024-04-05 00:00:00+00:00
[2024-04-05T05:49:25.036+0000] {processor.py:183} INFO - Processing /home/airflow/.local/lib/python3.8/site-packages/airflow/example_dags/example_task_group.py took 0.158 seconds
[2024-04-05T05:49:55.730+0000] {processor.py:161} INFO - Started process (PID=1064) to work on /home/airflow/.local/lib/python3.8/site-packages/airflow/example_dags/example_task_group.py
[2024-04-05T05:49:55.732+0000] {processor.py:830} INFO - Processing file /home/airflow/.local/lib/python3.8/site-packages/airflow/example_dags/example_task_group.py for tasks to queue
[2024-04-05T05:49:55.734+0000] {logging_mixin.py:188} INFO - [2024-04-05T05:49:55.734+0000] {dagbag.py:540} INFO - Filling up the DagBag from /home/airflow/.local/lib/python3.8/site-packages/airflow/example_dags/example_task_group.py
[2024-04-05T05:49:55.749+0000] {processor.py:840} INFO - DAG(s) 'example_task_group' retrieved from /home/airflow/.local/lib/python3.8/site-packages/airflow/example_dags/example_task_group.py
[2024-04-05T05:49:55.795+0000] {logging_mixin.py:188} INFO - [2024-04-05T05:49:55.794+0000] {dag.py:3047} INFO - Sync 1 DAGs
[2024-04-05T05:49:55.847+0000] {logging_mixin.py:188} INFO - [2024-04-05T05:49:55.847+0000] {dag.py:3834} INFO - Setting next_dagrun for example_task_group to 2024-04-04 00:00:00+00:00, run_after=2024-04-05 00:00:00+00:00
[2024-04-05T05:49:55.888+0000] {processor.py:183} INFO - Processing /home/airflow/.local/lib/python3.8/site-packages/airflow/example_dags/example_task_group.py took 0.164 seconds
[2024-04-05T05:50:26.106+0000] {processor.py:161} INFO - Started process (PID=1121) to work on /home/airflow/.local/lib/python3.8/site-packages/airflow/example_dags/example_task_group.py
[2024-04-05T05:50:26.108+0000] {processor.py:830} INFO - Processing file /home/airflow/.local/lib/python3.8/site-packages/airflow/example_dags/example_task_group.py for tasks to queue
[2024-04-05T05:50:26.111+0000] {logging_mixin.py:188} INFO - [2024-04-05T05:50:26.110+0000] {dagbag.py:540} INFO - Filling up the DagBag from /home/airflow/.local/lib/python3.8/site-packages/airflow/example_dags/example_task_group.py
[2024-04-05T05:50:26.135+0000] {processor.py:840} INFO - DAG(s) 'example_task_group' retrieved from /home/airflow/.local/lib/python3.8/site-packages/airflow/example_dags/example_task_group.py
[2024-04-05T05:50:26.189+0000] {logging_mixin.py:188} INFO - [2024-04-05T05:50:26.188+0000] {dag.py:3047} INFO - Sync 1 DAGs
[2024-04-05T05:50:26.249+0000] {logging_mixin.py:188} INFO - [2024-04-05T05:50:26.248+0000] {dag.py:3834} INFO - Setting next_dagrun for example_task_group to 2024-04-04 00:00:00+00:00, run_after=2024-04-05 00:00:00+00:00
[2024-04-05T05:50:26.283+0000] {processor.py:183} INFO - Processing /home/airflow/.local/lib/python3.8/site-packages/airflow/example_dags/example_task_group.py took 0.184 seconds
[2024-04-05T05:50:56.859+0000] {processor.py:161} INFO - Started process (PID=1178) to work on /home/airflow/.local/lib/python3.8/site-packages/airflow/example_dags/example_task_group.py
[2024-04-05T05:50:56.861+0000] {processor.py:830} INFO - Processing file /home/airflow/.local/lib/python3.8/site-packages/airflow/example_dags/example_task_group.py for tasks to queue
[2024-04-05T05:50:56.863+0000] {logging_mixin.py:188} INFO - [2024-04-05T05:50:56.862+0000] {dagbag.py:540} INFO - Filling up the DagBag from /home/airflow/.local/lib/python3.8/site-packages/airflow/example_dags/example_task_group.py
[2024-04-05T05:50:56.878+0000] {processor.py:840} INFO - DAG(s) 'example_task_group' retrieved from /home/airflow/.local/lib/python3.8/site-packages/airflow/example_dags/example_task_group.py
[2024-04-05T05:50:56.917+0000] {logging_mixin.py:188} INFO - [2024-04-05T05:50:56.916+0000] {dag.py:3047} INFO - Sync 1 DAGs
[2024-04-05T05:50:56.954+0000] {logging_mixin.py:188} INFO - [2024-04-05T05:50:56.954+0000] {dag.py:3834} INFO - Setting next_dagrun for example_task_group to 2024-04-04 00:00:00+00:00, run_after=2024-04-05 00:00:00+00:00
[2024-04-05T05:50:56.988+0000] {processor.py:183} INFO - Processing /home/airflow/.local/lib/python3.8/site-packages/airflow/example_dags/example_task_group.py took 0.137 seconds
[2024-04-05T05:51:27.576+0000] {processor.py:161} INFO - Started process (PID=1235) to work on /home/airflow/.local/lib/python3.8/site-packages/airflow/example_dags/example_task_group.py
[2024-04-05T05:51:27.578+0000] {processor.py:830} INFO - Processing file /home/airflow/.local/lib/python3.8/site-packages/airflow/example_dags/example_task_group.py for tasks to queue
[2024-04-05T05:51:27.580+0000] {logging_mixin.py:188} INFO - [2024-04-05T05:51:27.580+0000] {dagbag.py:540} INFO - Filling up the DagBag from /home/airflow/.local/lib/python3.8/site-packages/airflow/example_dags/example_task_group.py
[2024-04-05T05:51:27.602+0000] {processor.py:840} INFO - DAG(s) 'example_task_group' retrieved from /home/airflow/.local/lib/python3.8/site-packages/airflow/example_dags/example_task_group.py
[2024-04-05T05:51:27.678+0000] {logging_mixin.py:188} INFO - [2024-04-05T05:51:27.677+0000] {dag.py:3047} INFO - Sync 1 DAGs
[2024-04-05T05:51:27.803+0000] {logging_mixin.py:188} INFO - [2024-04-05T05:51:27.802+0000] {dag.py:3834} INFO - Setting next_dagrun for example_task_group to 2024-04-04 00:00:00+00:00, run_after=2024-04-05 00:00:00+00:00
[2024-04-05T05:51:27.866+0000] {processor.py:183} INFO - Processing /home/airflow/.local/lib/python3.8/site-packages/airflow/example_dags/example_task_group.py took 0.300 seconds
[2024-04-05T05:51:58.538+0000] {processor.py:161} INFO - Started process (PID=1292) to work on /home/airflow/.local/lib/python3.8/site-packages/airflow/example_dags/example_task_group.py
[2024-04-05T05:51:58.541+0000] {processor.py:830} INFO - Processing file /home/airflow/.local/lib/python3.8/site-packages/airflow/example_dags/example_task_group.py for tasks to queue
[2024-04-05T05:51:58.543+0000] {logging_mixin.py:188} INFO - [2024-04-05T05:51:58.542+0000] {dagbag.py:540} INFO - Filling up the DagBag from /home/airflow/.local/lib/python3.8/site-packages/airflow/example_dags/example_task_group.py
[2024-04-05T05:51:58.562+0000] {processor.py:840} INFO - DAG(s) 'example_task_group' retrieved from /home/airflow/.local/lib/python3.8/site-packages/airflow/example_dags/example_task_group.py
[2024-04-05T05:51:58.609+0000] {logging_mixin.py:188} INFO - [2024-04-05T05:51:58.609+0000] {dag.py:3047} INFO - Sync 1 DAGs
[2024-04-05T05:51:58.650+0000] {logging_mixin.py:188} INFO - [2024-04-05T05:51:58.649+0000] {dag.py:3834} INFO - Setting next_dagrun for example_task_group to 2024-04-04 00:00:00+00:00, run_after=2024-04-05 00:00:00+00:00
[2024-04-05T05:51:58.682+0000] {processor.py:183} INFO - Processing /home/airflow/.local/lib/python3.8/site-packages/airflow/example_dags/example_task_group.py took 0.151 seconds
[2024-04-05T05:52:28.875+0000] {processor.py:161} INFO - Started process (PID=1348) to work on /home/airflow/.local/lib/python3.8/site-packages/airflow/example_dags/example_task_group.py
[2024-04-05T05:52:28.878+0000] {processor.py:830} INFO - Processing file /home/airflow/.local/lib/python3.8/site-packages/airflow/example_dags/example_task_group.py for tasks to queue
[2024-04-05T05:52:28.880+0000] {logging_mixin.py:188} INFO - [2024-04-05T05:52:28.880+0000] {dagbag.py:540} INFO - Filling up the DagBag from /home/airflow/.local/lib/python3.8/site-packages/airflow/example_dags/example_task_group.py
[2024-04-05T05:52:28.900+0000] {processor.py:840} INFO - DAG(s) 'example_task_group' retrieved from /home/airflow/.local/lib/python3.8/site-packages/airflow/example_dags/example_task_group.py
[2024-04-05T05:52:28.948+0000] {logging_mixin.py:188} INFO - [2024-04-05T05:52:28.947+0000] {dag.py:3047} INFO - Sync 1 DAGs
[2024-04-05T05:52:28.985+0000] {logging_mixin.py:188} INFO - [2024-04-05T05:52:28.985+0000] {dag.py:3834} INFO - Setting next_dagrun for example_task_group to 2024-04-04 00:00:00+00:00, run_after=2024-04-05 00:00:00+00:00
[2024-04-05T05:52:29.017+0000] {processor.py:183} INFO - Processing /home/airflow/.local/lib/python3.8/site-packages/airflow/example_dags/example_task_group.py took 0.149 seconds
[2024-04-05T05:52:59.243+0000] {processor.py:161} INFO - Started process (PID=1405) to work on /home/airflow/.local/lib/python3.8/site-packages/airflow/example_dags/example_task_group.py
[2024-04-05T05:52:59.246+0000] {processor.py:830} INFO - Processing file /home/airflow/.local/lib/python3.8/site-packages/airflow/example_dags/example_task_group.py for tasks to queue
[2024-04-05T05:52:59.248+0000] {logging_mixin.py:188} INFO - [2024-04-05T05:52:59.248+0000] {dagbag.py:540} INFO - Filling up the DagBag from /home/airflow/.local/lib/python3.8/site-packages/airflow/example_dags/example_task_group.py
[2024-04-05T05:52:59.267+0000] {processor.py:840} INFO - DAG(s) 'example_task_group' retrieved from /home/airflow/.local/lib/python3.8/site-packages/airflow/example_dags/example_task_group.py
[2024-04-05T05:52:59.331+0000] {logging_mixin.py:188} INFO - [2024-04-05T05:52:59.330+0000] {dag.py:3047} INFO - Sync 1 DAGs
[2024-04-05T05:52:59.383+0000] {logging_mixin.py:188} INFO - [2024-04-05T05:52:59.383+0000] {dag.py:3834} INFO - Setting next_dagrun for example_task_group to 2024-04-04 00:00:00+00:00, run_after=2024-04-05 00:00:00+00:00
[2024-04-05T05:52:59.408+0000] {processor.py:183} INFO - Processing /home/airflow/.local/lib/python3.8/site-packages/airflow/example_dags/example_task_group.py took 0.173 seconds
[2024-04-05T05:53:29.874+0000] {processor.py:161} INFO - Started process (PID=1462) to work on /home/airflow/.local/lib/python3.8/site-packages/airflow/example_dags/example_task_group.py
[2024-04-05T05:53:29.877+0000] {processor.py:830} INFO - Processing file /home/airflow/.local/lib/python3.8/site-packages/airflow/example_dags/example_task_group.py for tasks to queue
[2024-04-05T05:53:29.880+0000] {logging_mixin.py:188} INFO - [2024-04-05T05:53:29.879+0000] {dagbag.py:540} INFO - Filling up the DagBag from /home/airflow/.local/lib/python3.8/site-packages/airflow/example_dags/example_task_group.py
[2024-04-05T05:53:29.899+0000] {processor.py:840} INFO - DAG(s) 'example_task_group' retrieved from /home/airflow/.local/lib/python3.8/site-packages/airflow/example_dags/example_task_group.py
[2024-04-05T05:53:29.950+0000] {logging_mixin.py:188} INFO - [2024-04-05T05:53:29.949+0000] {dag.py:3047} INFO - Sync 1 DAGs
[2024-04-05T05:53:29.994+0000] {logging_mixin.py:188} INFO - [2024-04-05T05:53:29.993+0000] {dag.py:3834} INFO - Setting next_dagrun for example_task_group to 2024-04-04 00:00:00+00:00, run_after=2024-04-05 00:00:00+00:00
[2024-04-05T05:53:30.035+0000] {processor.py:183} INFO - Processing /home/airflow/.local/lib/python3.8/site-packages/airflow/example_dags/example_task_group.py took 0.169 seconds
[2024-04-05T05:54:00.158+0000] {processor.py:161} INFO - Started process (PID=1519) to work on /home/airflow/.local/lib/python3.8/site-packages/airflow/example_dags/example_task_group.py
[2024-04-05T05:54:00.160+0000] {processor.py:830} INFO - Processing file /home/airflow/.local/lib/python3.8/site-packages/airflow/example_dags/example_task_group.py for tasks to queue
[2024-04-05T05:54:00.163+0000] {logging_mixin.py:188} INFO - [2024-04-05T05:54:00.162+0000] {dagbag.py:540} INFO - Filling up the DagBag from /home/airflow/.local/lib/python3.8/site-packages/airflow/example_dags/example_task_group.py
[2024-04-05T05:54:00.186+0000] {processor.py:840} INFO - DAG(s) 'example_task_group' retrieved from /home/airflow/.local/lib/python3.8/site-packages/airflow/example_dags/example_task_group.py
[2024-04-05T05:54:00.255+0000] {logging_mixin.py:188} INFO - [2024-04-05T05:54:00.255+0000] {dag.py:3047} INFO - Sync 1 DAGs
[2024-04-05T05:54:00.314+0000] {logging_mixin.py:188} INFO - [2024-04-05T05:54:00.313+0000] {dag.py:3834} INFO - Setting next_dagrun for example_task_group to 2024-04-04 00:00:00+00:00, run_after=2024-04-05 00:00:00+00:00
[2024-04-05T05:54:00.370+0000] {processor.py:183} INFO - Processing /home/airflow/.local/lib/python3.8/site-packages/airflow/example_dags/example_task_group.py took 0.221 seconds
[2024-04-05T05:54:30.731+0000] {processor.py:161} INFO - Started process (PID=1576) to work on /home/airflow/.local/lib/python3.8/site-packages/airflow/example_dags/example_task_group.py
[2024-04-05T05:54:30.735+0000] {processor.py:830} INFO - Processing file /home/airflow/.local/lib/python3.8/site-packages/airflow/example_dags/example_task_group.py for tasks to queue
[2024-04-05T05:54:30.737+0000] {logging_mixin.py:188} INFO - [2024-04-05T05:54:30.736+0000] {dagbag.py:540} INFO - Filling up the DagBag from /home/airflow/.local/lib/python3.8/site-packages/airflow/example_dags/example_task_group.py
[2024-04-05T05:54:30.754+0000] {processor.py:840} INFO - DAG(s) 'example_task_group' retrieved from /home/airflow/.local/lib/python3.8/site-packages/airflow/example_dags/example_task_group.py
[2024-04-05T05:54:30.802+0000] {logging_mixin.py:188} INFO - [2024-04-05T05:54:30.802+0000] {dag.py:3047} INFO - Sync 1 DAGs
[2024-04-05T05:54:30.852+0000] {logging_mixin.py:188} INFO - [2024-04-05T05:54:30.852+0000] {dag.py:3834} INFO - Setting next_dagrun for example_task_group to 2024-04-04 00:00:00+00:00, run_after=2024-04-05 00:00:00+00:00
[2024-04-05T05:54:30.894+0000] {processor.py:183} INFO - Processing /home/airflow/.local/lib/python3.8/site-packages/airflow/example_dags/example_task_group.py took 0.173 seconds
[2024-04-05T05:55:02.398+0000] {processor.py:161} INFO - Started process (PID=1633) to work on /home/airflow/.local/lib/python3.8/site-packages/airflow/example_dags/example_task_group.py
[2024-04-05T05:55:02.402+0000] {processor.py:830} INFO - Processing file /home/airflow/.local/lib/python3.8/site-packages/airflow/example_dags/example_task_group.py for tasks to queue
[2024-04-05T05:55:02.406+0000] {logging_mixin.py:188} INFO - [2024-04-05T05:55:02.404+0000] {dagbag.py:540} INFO - Filling up the DagBag from /home/airflow/.local/lib/python3.8/site-packages/airflow/example_dags/example_task_group.py
[2024-04-05T05:55:02.474+0000] {processor.py:840} INFO - DAG(s) 'example_task_group' retrieved from /home/airflow/.local/lib/python3.8/site-packages/airflow/example_dags/example_task_group.py
[2024-04-05T05:55:02.585+0000] {logging_mixin.py:188} INFO - [2024-04-05T05:55:02.584+0000] {dag.py:3047} INFO - Sync 1 DAGs
[2024-04-05T05:55:02.701+0000] {logging_mixin.py:188} INFO - [2024-04-05T05:55:02.700+0000] {dag.py:3834} INFO - Setting next_dagrun for example_task_group to 2024-04-04 00:00:00+00:00, run_after=2024-04-05 00:00:00+00:00
[2024-04-05T05:55:02.821+0000] {processor.py:183} INFO - Processing /home/airflow/.local/lib/python3.8/site-packages/airflow/example_dags/example_task_group.py took 0.439 seconds
[2024-04-05T05:55:32.948+0000] {processor.py:161} INFO - Started process (PID=1687) to work on /home/airflow/.local/lib/python3.8/site-packages/airflow/example_dags/example_task_group.py
[2024-04-05T05:55:32.950+0000] {processor.py:830} INFO - Processing file /home/airflow/.local/lib/python3.8/site-packages/airflow/example_dags/example_task_group.py for tasks to queue
[2024-04-05T05:55:32.953+0000] {logging_mixin.py:188} INFO - [2024-04-05T05:55:32.952+0000] {dagbag.py:540} INFO - Filling up the DagBag from /home/airflow/.local/lib/python3.8/site-packages/airflow/example_dags/example_task_group.py
[2024-04-05T05:55:32.973+0000] {processor.py:840} INFO - DAG(s) 'example_task_group' retrieved from /home/airflow/.local/lib/python3.8/site-packages/airflow/example_dags/example_task_group.py
[2024-04-05T05:55:33.023+0000] {logging_mixin.py:188} INFO - [2024-04-05T05:55:33.023+0000] {dag.py:3047} INFO - Sync 1 DAGs
[2024-04-05T05:55:33.062+0000] {logging_mixin.py:188} INFO - [2024-04-05T05:55:33.061+0000] {dag.py:3834} INFO - Setting next_dagrun for example_task_group to 2024-04-04 00:00:00+00:00, run_after=2024-04-05 00:00:00+00:00
[2024-04-05T05:55:33.103+0000] {processor.py:183} INFO - Processing /home/airflow/.local/lib/python3.8/site-packages/airflow/example_dags/example_task_group.py took 0.164 seconds
[2024-04-05T05:56:03.486+0000] {processor.py:161} INFO - Started process (PID=1744) to work on /home/airflow/.local/lib/python3.8/site-packages/airflow/example_dags/example_task_group.py
[2024-04-05T05:56:03.489+0000] {processor.py:830} INFO - Processing file /home/airflow/.local/lib/python3.8/site-packages/airflow/example_dags/example_task_group.py for tasks to queue
[2024-04-05T05:56:03.492+0000] {logging_mixin.py:188} INFO - [2024-04-05T05:56:03.491+0000] {dagbag.py:540} INFO - Filling up the DagBag from /home/airflow/.local/lib/python3.8/site-packages/airflow/example_dags/example_task_group.py
[2024-04-05T05:56:03.514+0000] {processor.py:840} INFO - DAG(s) 'example_task_group' retrieved from /home/airflow/.local/lib/python3.8/site-packages/airflow/example_dags/example_task_group.py
[2024-04-05T05:56:03.567+0000] {logging_mixin.py:188} INFO - [2024-04-05T05:56:03.566+0000] {dag.py:3047} INFO - Sync 1 DAGs
[2024-04-05T05:56:03.613+0000] {logging_mixin.py:188} INFO - [2024-04-05T05:56:03.612+0000] {dag.py:3834} INFO - Setting next_dagrun for example_task_group to 2024-04-04 00:00:00+00:00, run_after=2024-04-05 00:00:00+00:00
[2024-04-05T05:56:03.646+0000] {processor.py:183} INFO - Processing /home/airflow/.local/lib/python3.8/site-packages/airflow/example_dags/example_task_group.py took 0.168 seconds
[2024-04-05T05:56:33.809+0000] {processor.py:161} INFO - Started process (PID=1802) to work on /home/airflow/.local/lib/python3.8/site-packages/airflow/example_dags/example_task_group.py
[2024-04-05T05:56:33.812+0000] {processor.py:830} INFO - Processing file /home/airflow/.local/lib/python3.8/site-packages/airflow/example_dags/example_task_group.py for tasks to queue
[2024-04-05T05:56:33.815+0000] {logging_mixin.py:188} INFO - [2024-04-05T05:56:33.814+0000] {dagbag.py:540} INFO - Filling up the DagBag from /home/airflow/.local/lib/python3.8/site-packages/airflow/example_dags/example_task_group.py
[2024-04-05T05:56:33.834+0000] {processor.py:840} INFO - DAG(s) 'example_task_group' retrieved from /home/airflow/.local/lib/python3.8/site-packages/airflow/example_dags/example_task_group.py
[2024-04-05T05:56:33.880+0000] {logging_mixin.py:188} INFO - [2024-04-05T05:56:33.880+0000] {dag.py:3047} INFO - Sync 1 DAGs
[2024-04-05T05:56:33.916+0000] {logging_mixin.py:188} INFO - [2024-04-05T05:56:33.916+0000] {dag.py:3834} INFO - Setting next_dagrun for example_task_group to 2024-04-04 00:00:00+00:00, run_after=2024-04-05 00:00:00+00:00
[2024-04-05T05:56:33.942+0000] {processor.py:183} INFO - Processing /home/airflow/.local/lib/python3.8/site-packages/airflow/example_dags/example_task_group.py took 0.142 seconds
[2024-04-05T05:57:04.473+0000] {processor.py:161} INFO - Started process (PID=1859) to work on /home/airflow/.local/lib/python3.8/site-packages/airflow/example_dags/example_task_group.py
[2024-04-05T05:57:04.475+0000] {processor.py:830} INFO - Processing file /home/airflow/.local/lib/python3.8/site-packages/airflow/example_dags/example_task_group.py for tasks to queue
[2024-04-05T05:57:04.477+0000] {logging_mixin.py:188} INFO - [2024-04-05T05:57:04.477+0000] {dagbag.py:540} INFO - Filling up the DagBag from /home/airflow/.local/lib/python3.8/site-packages/airflow/example_dags/example_task_group.py
[2024-04-05T05:57:04.493+0000] {processor.py:840} INFO - DAG(s) 'example_task_group' retrieved from /home/airflow/.local/lib/python3.8/site-packages/airflow/example_dags/example_task_group.py
[2024-04-05T05:57:04.544+0000] {logging_mixin.py:188} INFO - [2024-04-05T05:57:04.543+0000] {dag.py:3047} INFO - Sync 1 DAGs
[2024-04-05T05:57:04.585+0000] {logging_mixin.py:188} INFO - [2024-04-05T05:57:04.584+0000] {dag.py:3834} INFO - Setting next_dagrun for example_task_group to 2024-04-04 00:00:00+00:00, run_after=2024-04-05 00:00:00+00:00
[2024-04-05T05:57:04.616+0000] {processor.py:183} INFO - Processing /home/airflow/.local/lib/python3.8/site-packages/airflow/example_dags/example_task_group.py took 0.151 seconds
[2024-04-05T05:57:34.847+0000] {processor.py:161} INFO - Started process (PID=1916) to work on /home/airflow/.local/lib/python3.8/site-packages/airflow/example_dags/example_task_group.py
[2024-04-05T05:57:34.849+0000] {processor.py:830} INFO - Processing file /home/airflow/.local/lib/python3.8/site-packages/airflow/example_dags/example_task_group.py for tasks to queue
[2024-04-05T05:57:34.851+0000] {logging_mixin.py:188} INFO - [2024-04-05T05:57:34.851+0000] {dagbag.py:540} INFO - Filling up the DagBag from /home/airflow/.local/lib/python3.8/site-packages/airflow/example_dags/example_task_group.py
[2024-04-05T05:57:34.865+0000] {processor.py:840} INFO - DAG(s) 'example_task_group' retrieved from /home/airflow/.local/lib/python3.8/site-packages/airflow/example_dags/example_task_group.py
[2024-04-05T05:57:34.901+0000] {logging_mixin.py:188} INFO - [2024-04-05T05:57:34.901+0000] {dag.py:3047} INFO - Sync 1 DAGs
[2024-04-05T05:57:34.930+0000] {logging_mixin.py:188} INFO - [2024-04-05T05:57:34.930+0000] {dag.py:3834} INFO - Setting next_dagrun for example_task_group to 2024-04-04 00:00:00+00:00, run_after=2024-04-05 00:00:00+00:00
[2024-04-05T05:57:34.957+0000] {processor.py:183} INFO - Processing /home/airflow/.local/lib/python3.8/site-packages/airflow/example_dags/example_task_group.py took 0.115 seconds
[2024-04-05T05:58:05.759+0000] {processor.py:161} INFO - Started process (PID=1973) to work on /home/airflow/.local/lib/python3.8/site-packages/airflow/example_dags/example_task_group.py
[2024-04-05T05:58:05.761+0000] {processor.py:830} INFO - Processing file /home/airflow/.local/lib/python3.8/site-packages/airflow/example_dags/example_task_group.py for tasks to queue
[2024-04-05T05:58:05.763+0000] {logging_mixin.py:188} INFO - [2024-04-05T05:58:05.763+0000] {dagbag.py:540} INFO - Filling up the DagBag from /home/airflow/.local/lib/python3.8/site-packages/airflow/example_dags/example_task_group.py
[2024-04-05T05:58:05.783+0000] {processor.py:840} INFO - DAG(s) 'example_task_group' retrieved from /home/airflow/.local/lib/python3.8/site-packages/airflow/example_dags/example_task_group.py
[2024-04-05T05:58:05.816+0000] {logging_mixin.py:188} INFO - [2024-04-05T05:58:05.815+0000] {dag.py:3047} INFO - Sync 1 DAGs
[2024-04-05T05:58:05.843+0000] {logging_mixin.py:188} INFO - [2024-04-05T05:58:05.843+0000] {dag.py:3834} INFO - Setting next_dagrun for example_task_group to 2024-04-04 00:00:00+00:00, run_after=2024-04-05 00:00:00+00:00
[2024-04-05T05:58:05.865+0000] {processor.py:183} INFO - Processing /home/airflow/.local/lib/python3.8/site-packages/airflow/example_dags/example_task_group.py took 0.112 seconds
[2024-04-05T05:58:36.216+0000] {processor.py:161} INFO - Started process (PID=2030) to work on /home/airflow/.local/lib/python3.8/site-packages/airflow/example_dags/example_task_group.py
[2024-04-05T05:58:36.219+0000] {processor.py:830} INFO - Processing file /home/airflow/.local/lib/python3.8/site-packages/airflow/example_dags/example_task_group.py for tasks to queue
[2024-04-05T05:58:36.220+0000] {logging_mixin.py:188} INFO - [2024-04-05T05:58:36.220+0000] {dagbag.py:540} INFO - Filling up the DagBag from /home/airflow/.local/lib/python3.8/site-packages/airflow/example_dags/example_task_group.py
[2024-04-05T05:58:36.234+0000] {processor.py:840} INFO - DAG(s) 'example_task_group' retrieved from /home/airflow/.local/lib/python3.8/site-packages/airflow/example_dags/example_task_group.py
[2024-04-05T05:58:36.271+0000] {logging_mixin.py:188} INFO - [2024-04-05T05:58:36.270+0000] {dag.py:3047} INFO - Sync 1 DAGs
[2024-04-05T05:58:36.295+0000] {logging_mixin.py:188} INFO - [2024-04-05T05:58:36.295+0000] {dag.py:3834} INFO - Setting next_dagrun for example_task_group to 2024-04-04 00:00:00+00:00, run_after=2024-04-05 00:00:00+00:00
[2024-04-05T05:58:36.318+0000] {processor.py:183} INFO - Processing /home/airflow/.local/lib/python3.8/site-packages/airflow/example_dags/example_task_group.py took 0.107 seconds
[2024-04-05T05:59:06.538+0000] {processor.py:161} INFO - Started process (PID=2087) to work on /home/airflow/.local/lib/python3.8/site-packages/airflow/example_dags/example_task_group.py
[2024-04-05T05:59:06.540+0000] {processor.py:830} INFO - Processing file /home/airflow/.local/lib/python3.8/site-packages/airflow/example_dags/example_task_group.py for tasks to queue
[2024-04-05T05:59:06.541+0000] {logging_mixin.py:188} INFO - [2024-04-05T05:59:06.541+0000] {dagbag.py:540} INFO - Filling up the DagBag from /home/airflow/.local/lib/python3.8/site-packages/airflow/example_dags/example_task_group.py
[2024-04-05T05:59:06.557+0000] {processor.py:840} INFO - DAG(s) 'example_task_group' retrieved from /home/airflow/.local/lib/python3.8/site-packages/airflow/example_dags/example_task_group.py
[2024-04-05T05:59:06.596+0000] {logging_mixin.py:188} INFO - [2024-04-05T05:59:06.596+0000] {dag.py:3047} INFO - Sync 1 DAGs
[2024-04-05T05:59:06.620+0000] {logging_mixin.py:188} INFO - [2024-04-05T05:59:06.620+0000] {dag.py:3834} INFO - Setting next_dagrun for example_task_group to 2024-04-04 00:00:00+00:00, run_after=2024-04-05 00:00:00+00:00
[2024-04-05T05:59:06.648+0000] {processor.py:183} INFO - Processing /home/airflow/.local/lib/python3.8/site-packages/airflow/example_dags/example_task_group.py took 0.115 seconds
[2024-04-05T05:59:36.912+0000] {processor.py:161} INFO - Started process (PID=2144) to work on /home/airflow/.local/lib/python3.8/site-packages/airflow/example_dags/example_task_group.py
[2024-04-05T05:59:36.914+0000] {processor.py:830} INFO - Processing file /home/airflow/.local/lib/python3.8/site-packages/airflow/example_dags/example_task_group.py for tasks to queue
[2024-04-05T05:59:36.917+0000] {logging_mixin.py:188} INFO - [2024-04-05T05:59:36.916+0000] {dagbag.py:540} INFO - Filling up the DagBag from /home/airflow/.local/lib/python3.8/site-packages/airflow/example_dags/example_task_group.py
[2024-04-05T05:59:36.938+0000] {processor.py:840} INFO - DAG(s) 'example_task_group' retrieved from /home/airflow/.local/lib/python3.8/site-packages/airflow/example_dags/example_task_group.py
[2024-04-05T05:59:36.982+0000] {logging_mixin.py:188} INFO - [2024-04-05T05:59:36.982+0000] {dag.py:3047} INFO - Sync 1 DAGs
[2024-04-05T05:59:37.012+0000] {logging_mixin.py:188} INFO - [2024-04-05T05:59:37.011+0000] {dag.py:3834} INFO - Setting next_dagrun for example_task_group to 2024-04-04 00:00:00+00:00, run_after=2024-04-05 00:00:00+00:00
[2024-04-05T05:59:37.034+0000] {processor.py:183} INFO - Processing /home/airflow/.local/lib/python3.8/site-packages/airflow/example_dags/example_task_group.py took 0.132 seconds
[2024-04-05T06:00:07.133+0000] {processor.py:161} INFO - Started process (PID=2201) to work on /home/airflow/.local/lib/python3.8/site-packages/airflow/example_dags/example_task_group.py
[2024-04-05T06:00:07.136+0000] {processor.py:830} INFO - Processing file /home/airflow/.local/lib/python3.8/site-packages/airflow/example_dags/example_task_group.py for tasks to queue
[2024-04-05T06:00:07.137+0000] {logging_mixin.py:188} INFO - [2024-04-05T06:00:07.137+0000] {dagbag.py:540} INFO - Filling up the DagBag from /home/airflow/.local/lib/python3.8/site-packages/airflow/example_dags/example_task_group.py
[2024-04-05T06:00:07.150+0000] {processor.py:840} INFO - DAG(s) 'example_task_group' retrieved from /home/airflow/.local/lib/python3.8/site-packages/airflow/example_dags/example_task_group.py
[2024-04-05T06:00:07.190+0000] {logging_mixin.py:188} INFO - [2024-04-05T06:00:07.189+0000] {dag.py:3047} INFO - Sync 1 DAGs
[2024-04-05T06:00:07.222+0000] {logging_mixin.py:188} INFO - [2024-04-05T06:00:07.222+0000] {dag.py:3834} INFO - Setting next_dagrun for example_task_group to 2024-04-04 00:00:00+00:00, run_after=2024-04-05 00:00:00+00:00
[2024-04-05T06:00:07.253+0000] {processor.py:183} INFO - Processing /home/airflow/.local/lib/python3.8/site-packages/airflow/example_dags/example_task_group.py took 0.125 seconds
[2024-04-05T06:00:37.745+0000] {processor.py:161} INFO - Started process (PID=2258) to work on /home/airflow/.local/lib/python3.8/site-packages/airflow/example_dags/example_task_group.py
[2024-04-05T06:00:37.748+0000] {processor.py:830} INFO - Processing file /home/airflow/.local/lib/python3.8/site-packages/airflow/example_dags/example_task_group.py for tasks to queue
[2024-04-05T06:00:37.750+0000] {logging_mixin.py:188} INFO - [2024-04-05T06:00:37.749+0000] {dagbag.py:540} INFO - Filling up the DagBag from /home/airflow/.local/lib/python3.8/site-packages/airflow/example_dags/example_task_group.py
[2024-04-05T06:00:37.772+0000] {processor.py:840} INFO - DAG(s) 'example_task_group' retrieved from /home/airflow/.local/lib/python3.8/site-packages/airflow/example_dags/example_task_group.py
[2024-04-05T06:00:37.825+0000] {logging_mixin.py:188} INFO - [2024-04-05T06:00:37.824+0000] {dag.py:3047} INFO - Sync 1 DAGs
[2024-04-05T06:00:37.868+0000] {logging_mixin.py:188} INFO - [2024-04-05T06:00:37.868+0000] {dag.py:3834} INFO - Setting next_dagrun for example_task_group to 2024-04-04 00:00:00+00:00, run_after=2024-04-05 00:00:00+00:00
[2024-04-05T06:00:37.912+0000] {processor.py:183} INFO - Processing /home/airflow/.local/lib/python3.8/site-packages/airflow/example_dags/example_task_group.py took 0.173 seconds
[2024-04-05T06:01:08.497+0000] {processor.py:161} INFO - Started process (PID=2315) to work on /home/airflow/.local/lib/python3.8/site-packages/airflow/example_dags/example_task_group.py
[2024-04-05T06:01:08.499+0000] {processor.py:830} INFO - Processing file /home/airflow/.local/lib/python3.8/site-packages/airflow/example_dags/example_task_group.py for tasks to queue
[2024-04-05T06:01:08.502+0000] {logging_mixin.py:188} INFO - [2024-04-05T06:01:08.501+0000] {dagbag.py:540} INFO - Filling up the DagBag from /home/airflow/.local/lib/python3.8/site-packages/airflow/example_dags/example_task_group.py
[2024-04-05T06:01:08.523+0000] {processor.py:840} INFO - DAG(s) 'example_task_group' retrieved from /home/airflow/.local/lib/python3.8/site-packages/airflow/example_dags/example_task_group.py
[2024-04-05T06:01:08.583+0000] {logging_mixin.py:188} INFO - [2024-04-05T06:01:08.583+0000] {dag.py:3047} INFO - Sync 1 DAGs
[2024-04-05T06:01:08.627+0000] {logging_mixin.py:188} INFO - [2024-04-05T06:01:08.627+0000] {dag.py:3834} INFO - Setting next_dagrun for example_task_group to 2024-04-04 00:00:00+00:00, run_after=2024-04-05 00:00:00+00:00
[2024-04-05T06:01:08.672+0000] {processor.py:183} INFO - Processing /home/airflow/.local/lib/python3.8/site-packages/airflow/example_dags/example_task_group.py took 0.183 seconds
[2024-04-05T06:01:38.818+0000] {processor.py:161} INFO - Started process (PID=2372) to work on /home/airflow/.local/lib/python3.8/site-packages/airflow/example_dags/example_task_group.py
[2024-04-05T06:01:38.820+0000] {processor.py:830} INFO - Processing file /home/airflow/.local/lib/python3.8/site-packages/airflow/example_dags/example_task_group.py for tasks to queue
[2024-04-05T06:01:38.822+0000] {logging_mixin.py:188} INFO - [2024-04-05T06:01:38.821+0000] {dagbag.py:540} INFO - Filling up the DagBag from /home/airflow/.local/lib/python3.8/site-packages/airflow/example_dags/example_task_group.py
[2024-04-05T06:01:38.843+0000] {processor.py:840} INFO - DAG(s) 'example_task_group' retrieved from /home/airflow/.local/lib/python3.8/site-packages/airflow/example_dags/example_task_group.py
[2024-04-05T06:01:38.919+0000] {logging_mixin.py:188} INFO - [2024-04-05T06:01:38.918+0000] {dag.py:3047} INFO - Sync 1 DAGs
[2024-04-05T06:01:38.968+0000] {logging_mixin.py:188} INFO - [2024-04-05T06:01:38.968+0000] {dag.py:3834} INFO - Setting next_dagrun for example_task_group to 2024-04-04 00:00:00+00:00, run_after=2024-04-05 00:00:00+00:00
[2024-04-05T06:01:39.001+0000] {processor.py:183} INFO - Processing /home/airflow/.local/lib/python3.8/site-packages/airflow/example_dags/example_task_group.py took 0.189 seconds
[2024-04-05T06:02:09.587+0000] {processor.py:161} INFO - Started process (PID=2429) to work on /home/airflow/.local/lib/python3.8/site-packages/airflow/example_dags/example_task_group.py
[2024-04-05T06:02:09.589+0000] {processor.py:830} INFO - Processing file /home/airflow/.local/lib/python3.8/site-packages/airflow/example_dags/example_task_group.py for tasks to queue
[2024-04-05T06:02:09.592+0000] {logging_mixin.py:188} INFO - [2024-04-05T06:02:09.591+0000] {dagbag.py:540} INFO - Filling up the DagBag from /home/airflow/.local/lib/python3.8/site-packages/airflow/example_dags/example_task_group.py
[2024-04-05T06:02:09.611+0000] {processor.py:840} INFO - DAG(s) 'example_task_group' retrieved from /home/airflow/.local/lib/python3.8/site-packages/airflow/example_dags/example_task_group.py
[2024-04-05T06:02:09.656+0000] {logging_mixin.py:188} INFO - [2024-04-05T06:02:09.656+0000] {dag.py:3047} INFO - Sync 1 DAGs
[2024-04-05T06:02:09.696+0000] {logging_mixin.py:188} INFO - [2024-04-05T06:02:09.696+0000] {dag.py:3834} INFO - Setting next_dagrun for example_task_group to 2024-04-04 00:00:00+00:00, run_after=2024-04-05 00:00:00+00:00
[2024-04-05T06:02:09.729+0000] {processor.py:183} INFO - Processing /home/airflow/.local/lib/python3.8/site-packages/airflow/example_dags/example_task_group.py took 0.149 seconds
[2024-04-05T06:02:40.253+0000] {processor.py:161} INFO - Started process (PID=2486) to work on /home/airflow/.local/lib/python3.8/site-packages/airflow/example_dags/example_task_group.py
[2024-04-05T06:02:40.256+0000] {processor.py:830} INFO - Processing file /home/airflow/.local/lib/python3.8/site-packages/airflow/example_dags/example_task_group.py for tasks to queue
[2024-04-05T06:02:40.258+0000] {logging_mixin.py:188} INFO - [2024-04-05T06:02:40.257+0000] {dagbag.py:540} INFO - Filling up the DagBag from /home/airflow/.local/lib/python3.8/site-packages/airflow/example_dags/example_task_group.py
[2024-04-05T06:02:40.276+0000] {processor.py:840} INFO - DAG(s) 'example_task_group' retrieved from /home/airflow/.local/lib/python3.8/site-packages/airflow/example_dags/example_task_group.py
[2024-04-05T06:02:40.318+0000] {logging_mixin.py:188} INFO - [2024-04-05T06:02:40.318+0000] {dag.py:3047} INFO - Sync 1 DAGs
[2024-04-05T06:02:40.355+0000] {logging_mixin.py:188} INFO - [2024-04-05T06:02:40.354+0000] {dag.py:3834} INFO - Setting next_dagrun for example_task_group to 2024-04-04 00:00:00+00:00, run_after=2024-04-05 00:00:00+00:00
[2024-04-05T06:02:40.385+0000] {processor.py:183} INFO - Processing /home/airflow/.local/lib/python3.8/site-packages/airflow/example_dags/example_task_group.py took 0.139 seconds
[2024-04-05T06:03:11.144+0000] {processor.py:161} INFO - Started process (PID=2543) to work on /home/airflow/.local/lib/python3.8/site-packages/airflow/example_dags/example_task_group.py
[2024-04-05T06:03:11.148+0000] {processor.py:830} INFO - Processing file /home/airflow/.local/lib/python3.8/site-packages/airflow/example_dags/example_task_group.py for tasks to queue
[2024-04-05T06:03:11.151+0000] {logging_mixin.py:188} INFO - [2024-04-05T06:03:11.150+0000] {dagbag.py:540} INFO - Filling up the DagBag from /home/airflow/.local/lib/python3.8/site-packages/airflow/example_dags/example_task_group.py
[2024-04-05T06:03:11.180+0000] {processor.py:840} INFO - DAG(s) 'example_task_group' retrieved from /home/airflow/.local/lib/python3.8/site-packages/airflow/example_dags/example_task_group.py
[2024-04-05T06:03:11.248+0000] {logging_mixin.py:188} INFO - [2024-04-05T06:03:11.247+0000] {dag.py:3047} INFO - Sync 1 DAGs
[2024-04-05T06:03:11.320+0000] {logging_mixin.py:188} INFO - [2024-04-05T06:03:11.319+0000] {dag.py:3834} INFO - Setting next_dagrun for example_task_group to 2024-04-04 00:00:00+00:00, run_after=2024-04-05 00:00:00+00:00
[2024-04-05T06:03:11.369+0000] {processor.py:183} INFO - Processing /home/airflow/.local/lib/python3.8/site-packages/airflow/example_dags/example_task_group.py took 0.238 seconds
[2024-04-05T06:03:41.469+0000] {processor.py:161} INFO - Started process (PID=2600) to work on /home/airflow/.local/lib/python3.8/site-packages/airflow/example_dags/example_task_group.py
[2024-04-05T06:03:41.470+0000] {processor.py:830} INFO - Processing file /home/airflow/.local/lib/python3.8/site-packages/airflow/example_dags/example_task_group.py for tasks to queue
[2024-04-05T06:03:41.472+0000] {logging_mixin.py:188} INFO - [2024-04-05T06:03:41.472+0000] {dagbag.py:540} INFO - Filling up the DagBag from /home/airflow/.local/lib/python3.8/site-packages/airflow/example_dags/example_task_group.py
[2024-04-05T06:03:41.488+0000] {processor.py:840} INFO - DAG(s) 'example_task_group' retrieved from /home/airflow/.local/lib/python3.8/site-packages/airflow/example_dags/example_task_group.py
[2024-04-05T06:03:41.533+0000] {logging_mixin.py:188} INFO - [2024-04-05T06:03:41.533+0000] {dag.py:3047} INFO - Sync 1 DAGs
[2024-04-05T06:03:41.611+0000] {logging_mixin.py:188} INFO - [2024-04-05T06:03:41.611+0000] {dag.py:3834} INFO - Setting next_dagrun for example_task_group to 2024-04-04 00:00:00+00:00, run_after=2024-04-05 00:00:00+00:00
[2024-04-05T06:03:41.646+0000] {processor.py:183} INFO - Processing /home/airflow/.local/lib/python3.8/site-packages/airflow/example_dags/example_task_group.py took 0.186 seconds
[2024-04-05T06:04:11.988+0000] {processor.py:161} INFO - Started process (PID=2663) to work on /home/airflow/.local/lib/python3.8/site-packages/airflow/example_dags/example_task_group.py
[2024-04-05T06:04:11.991+0000] {processor.py:830} INFO - Processing file /home/airflow/.local/lib/python3.8/site-packages/airflow/example_dags/example_task_group.py for tasks to queue
[2024-04-05T06:04:11.997+0000] {logging_mixin.py:188} INFO - [2024-04-05T06:04:11.993+0000] {dagbag.py:540} INFO - Filling up the DagBag from /home/airflow/.local/lib/python3.8/site-packages/airflow/example_dags/example_task_group.py
[2024-04-05T06:04:12.027+0000] {processor.py:840} INFO - DAG(s) 'example_task_group' retrieved from /home/airflow/.local/lib/python3.8/site-packages/airflow/example_dags/example_task_group.py
[2024-04-05T06:04:12.077+0000] {logging_mixin.py:188} INFO - [2024-04-05T06:04:12.076+0000] {dag.py:3047} INFO - Sync 1 DAGs
[2024-04-05T06:04:12.131+0000] {logging_mixin.py:188} INFO - [2024-04-05T06:04:12.130+0000] {dag.py:3834} INFO - Setting next_dagrun for example_task_group to 2024-04-04 00:00:00+00:00, run_after=2024-04-05 00:00:00+00:00
[2024-04-05T06:04:12.168+0000] {processor.py:183} INFO - Processing /home/airflow/.local/lib/python3.8/site-packages/airflow/example_dags/example_task_group.py took 0.186 seconds
[2024-04-05T06:04:42.257+0000] {processor.py:161} INFO - Started process (PID=2720) to work on /home/airflow/.local/lib/python3.8/site-packages/airflow/example_dags/example_task_group.py
[2024-04-05T06:04:42.259+0000] {processor.py:830} INFO - Processing file /home/airflow/.local/lib/python3.8/site-packages/airflow/example_dags/example_task_group.py for tasks to queue
[2024-04-05T06:04:42.261+0000] {logging_mixin.py:188} INFO - [2024-04-05T06:04:42.260+0000] {dagbag.py:540} INFO - Filling up the DagBag from /home/airflow/.local/lib/python3.8/site-packages/airflow/example_dags/example_task_group.py
[2024-04-05T06:04:42.275+0000] {processor.py:840} INFO - DAG(s) 'example_task_group' retrieved from /home/airflow/.local/lib/python3.8/site-packages/airflow/example_dags/example_task_group.py
[2024-04-05T06:04:42.312+0000] {logging_mixin.py:188} INFO - [2024-04-05T06:04:42.312+0000] {dag.py:3047} INFO - Sync 1 DAGs
[2024-04-05T06:04:42.347+0000] {logging_mixin.py:188} INFO - [2024-04-05T06:04:42.347+0000] {dag.py:3834} INFO - Setting next_dagrun for example_task_group to 2024-04-04 00:00:00+00:00, run_after=2024-04-05 00:00:00+00:00
[2024-04-05T06:04:42.375+0000] {processor.py:183} INFO - Processing /home/airflow/.local/lib/python3.8/site-packages/airflow/example_dags/example_task_group.py took 0.124 seconds
[2024-04-05T06:05:12.510+0000] {processor.py:161} INFO - Started process (PID=2777) to work on /home/airflow/.local/lib/python3.8/site-packages/airflow/example_dags/example_task_group.py
[2024-04-05T06:05:12.512+0000] {processor.py:830} INFO - Processing file /home/airflow/.local/lib/python3.8/site-packages/airflow/example_dags/example_task_group.py for tasks to queue
[2024-04-05T06:05:12.514+0000] {logging_mixin.py:188} INFO - [2024-04-05T06:05:12.514+0000] {dagbag.py:540} INFO - Filling up the DagBag from /home/airflow/.local/lib/python3.8/site-packages/airflow/example_dags/example_task_group.py
[2024-04-05T06:05:12.529+0000] {processor.py:840} INFO - DAG(s) 'example_task_group' retrieved from /home/airflow/.local/lib/python3.8/site-packages/airflow/example_dags/example_task_group.py
[2024-04-05T06:05:12.573+0000] {logging_mixin.py:188} INFO - [2024-04-05T06:05:12.572+0000] {dag.py:3047} INFO - Sync 1 DAGs
[2024-04-05T06:05:12.607+0000] {logging_mixin.py:188} INFO - [2024-04-05T06:05:12.607+0000] {dag.py:3834} INFO - Setting next_dagrun for example_task_group to 2024-04-04 00:00:00+00:00, run_after=2024-04-05 00:00:00+00:00
[2024-04-05T06:05:12.635+0000] {processor.py:183} INFO - Processing /home/airflow/.local/lib/python3.8/site-packages/airflow/example_dags/example_task_group.py took 0.131 seconds
