[2024-04-05T05:40:31.178+0000] {processor.py:161} INFO - Started process (PID=43) to work on /home/airflow/.local/lib/python3.8/site-packages/airflow/example_dags/example_branch_labels.py
[2024-04-05T05:40:31.183+0000] {processor.py:830} INFO - Processing file /home/airflow/.local/lib/python3.8/site-packages/airflow/example_dags/example_branch_labels.py for tasks to queue
[2024-04-05T05:40:31.203+0000] {logging_mixin.py:188} INFO - [2024-04-05T05:40:31.201+0000] {dagbag.py:540} INFO - Filling up the DagBag from /home/airflow/.local/lib/python3.8/site-packages/airflow/example_dags/example_branch_labels.py
[2024-04-05T05:40:31.302+0000] {processor.py:840} INFO - DAG(s) 'example_branch_labels' retrieved from /home/airflow/.local/lib/python3.8/site-packages/airflow/example_dags/example_branch_labels.py
[2024-04-05T05:40:31.419+0000] {logging_mixin.py:188} INFO - [2024-04-05T05:40:31.418+0000] {dag.py:3047} INFO - Sync 1 DAGs
[2024-04-05T05:40:31.631+0000] {logging_mixin.py:188} INFO - [2024-04-05T05:40:31.631+0000] {dag.py:3834} INFO - Setting next_dagrun for example_branch_labels to 2024-04-04 00:00:00+00:00, run_after=2024-04-05 00:00:00+00:00
[2024-04-05T05:40:31.796+0000] {processor.py:183} INFO - Processing /home/airflow/.local/lib/python3.8/site-packages/airflow/example_dags/example_branch_labels.py took 0.635 seconds
[2024-04-05T05:41:13.748+0000] {processor.py:161} INFO - Started process (PID=106) to work on /home/airflow/.local/lib/python3.8/site-packages/airflow/example_dags/example_branch_labels.py
[2024-04-05T05:41:13.752+0000] {processor.py:830} INFO - Processing file /home/airflow/.local/lib/python3.8/site-packages/airflow/example_dags/example_branch_labels.py for tasks to queue
[2024-04-05T05:41:13.775+0000] {logging_mixin.py:188} INFO - [2024-04-05T05:41:13.770+0000] {dagbag.py:540} INFO - Filling up the DagBag from /home/airflow/.local/lib/python3.8/site-packages/airflow/example_dags/example_branch_labels.py
[2024-04-05T05:41:13.819+0000] {processor.py:840} INFO - DAG(s) 'example_branch_labels' retrieved from /home/airflow/.local/lib/python3.8/site-packages/airflow/example_dags/example_branch_labels.py
[2024-04-05T05:41:15.196+0000] {logging_mixin.py:188} INFO - [2024-04-05T05:41:15.196+0000] {dag.py:3047} INFO - Sync 1 DAGs
[2024-04-05T05:41:17.392+0000] {logging_mixin.py:188} INFO - [2024-04-05T05:41:17.391+0000] {dag.py:3834} INFO - Setting next_dagrun for example_branch_labels to 2024-04-04 00:00:00+00:00, run_after=2024-04-05 00:00:00+00:00
[2024-04-05T05:41:18.806+0000] {processor.py:183} INFO - Processing /home/airflow/.local/lib/python3.8/site-packages/airflow/example_dags/example_branch_labels.py took 5.073 seconds
[2024-04-05T05:41:49.209+0000] {processor.py:161} INFO - Started process (PID=163) to work on /home/airflow/.local/lib/python3.8/site-packages/airflow/example_dags/example_branch_labels.py
[2024-04-05T05:41:49.219+0000] {processor.py:830} INFO - Processing file /home/airflow/.local/lib/python3.8/site-packages/airflow/example_dags/example_branch_labels.py for tasks to queue
[2024-04-05T05:41:49.222+0000] {logging_mixin.py:188} INFO - [2024-04-05T05:41:49.222+0000] {dagbag.py:540} INFO - Filling up the DagBag from /home/airflow/.local/lib/python3.8/site-packages/airflow/example_dags/example_branch_labels.py
[2024-04-05T05:41:49.250+0000] {processor.py:840} INFO - DAG(s) 'example_branch_labels' retrieved from /home/airflow/.local/lib/python3.8/site-packages/airflow/example_dags/example_branch_labels.py
[2024-04-05T05:41:49.316+0000] {logging_mixin.py:188} INFO - [2024-04-05T05:41:49.315+0000] {dag.py:3047} INFO - Sync 1 DAGs
[2024-04-05T05:41:49.429+0000] {logging_mixin.py:188} INFO - [2024-04-05T05:41:49.428+0000] {dag.py:3834} INFO - Setting next_dagrun for example_branch_labels to 2024-04-04 00:00:00+00:00, run_after=2024-04-05 00:00:00+00:00
[2024-04-05T05:41:49.507+0000] {processor.py:183} INFO - Processing /home/airflow/.local/lib/python3.8/site-packages/airflow/example_dags/example_branch_labels.py took 0.306 seconds
[2024-04-05T05:42:20.262+0000] {processor.py:161} INFO - Started process (PID=220) to work on /home/airflow/.local/lib/python3.8/site-packages/airflow/example_dags/example_branch_labels.py
[2024-04-05T05:42:20.264+0000] {processor.py:830} INFO - Processing file /home/airflow/.local/lib/python3.8/site-packages/airflow/example_dags/example_branch_labels.py for tasks to queue
[2024-04-05T05:42:20.267+0000] {logging_mixin.py:188} INFO - [2024-04-05T05:42:20.266+0000] {dagbag.py:540} INFO - Filling up the DagBag from /home/airflow/.local/lib/python3.8/site-packages/airflow/example_dags/example_branch_labels.py
[2024-04-05T05:42:20.283+0000] {processor.py:840} INFO - DAG(s) 'example_branch_labels' retrieved from /home/airflow/.local/lib/python3.8/site-packages/airflow/example_dags/example_branch_labels.py
[2024-04-05T05:42:20.320+0000] {logging_mixin.py:188} INFO - [2024-04-05T05:42:20.320+0000] {dag.py:3047} INFO - Sync 1 DAGs
[2024-04-05T05:42:20.367+0000] {logging_mixin.py:188} INFO - [2024-04-05T05:42:20.366+0000] {dag.py:3834} INFO - Setting next_dagrun for example_branch_labels to 2024-04-04 00:00:00+00:00, run_after=2024-04-05 00:00:00+00:00
[2024-04-05T05:42:20.403+0000] {processor.py:183} INFO - Processing /home/airflow/.local/lib/python3.8/site-packages/airflow/example_dags/example_branch_labels.py took 0.146 seconds
[2024-04-05T05:42:51.210+0000] {processor.py:161} INFO - Started process (PID=278) to work on /home/airflow/.local/lib/python3.8/site-packages/airflow/example_dags/example_branch_labels.py
[2024-04-05T05:42:51.212+0000] {processor.py:830} INFO - Processing file /home/airflow/.local/lib/python3.8/site-packages/airflow/example_dags/example_branch_labels.py for tasks to queue
[2024-04-05T05:42:51.215+0000] {logging_mixin.py:188} INFO - [2024-04-05T05:42:51.214+0000] {dagbag.py:540} INFO - Filling up the DagBag from /home/airflow/.local/lib/python3.8/site-packages/airflow/example_dags/example_branch_labels.py
[2024-04-05T05:42:51.229+0000] {processor.py:840} INFO - DAG(s) 'example_branch_labels' retrieved from /home/airflow/.local/lib/python3.8/site-packages/airflow/example_dags/example_branch_labels.py
[2024-04-05T05:42:51.266+0000] {logging_mixin.py:188} INFO - [2024-04-05T05:42:51.266+0000] {dag.py:3047} INFO - Sync 1 DAGs
[2024-04-05T05:42:51.314+0000] {logging_mixin.py:188} INFO - [2024-04-05T05:42:51.313+0000] {dag.py:3834} INFO - Setting next_dagrun for example_branch_labels to 2024-04-04 00:00:00+00:00, run_after=2024-04-05 00:00:00+00:00
[2024-04-05T05:42:51.343+0000] {processor.py:183} INFO - Processing /home/airflow/.local/lib/python3.8/site-packages/airflow/example_dags/example_branch_labels.py took 0.140 seconds
[2024-04-05T05:43:21.413+0000] {processor.py:161} INFO - Started process (PID=335) to work on /home/airflow/.local/lib/python3.8/site-packages/airflow/example_dags/example_branch_labels.py
[2024-04-05T05:43:21.415+0000] {processor.py:830} INFO - Processing file /home/airflow/.local/lib/python3.8/site-packages/airflow/example_dags/example_branch_labels.py for tasks to queue
[2024-04-05T05:43:21.419+0000] {logging_mixin.py:188} INFO - [2024-04-05T05:43:21.418+0000] {dagbag.py:540} INFO - Filling up the DagBag from /home/airflow/.local/lib/python3.8/site-packages/airflow/example_dags/example_branch_labels.py
[2024-04-05T05:43:21.437+0000] {processor.py:840} INFO - DAG(s) 'example_branch_labels' retrieved from /home/airflow/.local/lib/python3.8/site-packages/airflow/example_dags/example_branch_labels.py
[2024-04-05T05:43:21.498+0000] {logging_mixin.py:188} INFO - [2024-04-05T05:43:21.497+0000] {dag.py:3047} INFO - Sync 1 DAGs
[2024-04-05T05:43:21.557+0000] {logging_mixin.py:188} INFO - [2024-04-05T05:43:21.556+0000] {dag.py:3834} INFO - Setting next_dagrun for example_branch_labels to 2024-04-04 00:00:00+00:00, run_after=2024-04-05 00:00:00+00:00
[2024-04-05T05:43:21.595+0000] {processor.py:183} INFO - Processing /home/airflow/.local/lib/python3.8/site-packages/airflow/example_dags/example_branch_labels.py took 0.189 seconds
[2024-04-05T05:43:52.172+0000] {processor.py:161} INFO - Started process (PID=392) to work on /home/airflow/.local/lib/python3.8/site-packages/airflow/example_dags/example_branch_labels.py
[2024-04-05T05:43:52.175+0000] {processor.py:830} INFO - Processing file /home/airflow/.local/lib/python3.8/site-packages/airflow/example_dags/example_branch_labels.py for tasks to queue
[2024-04-05T05:43:52.179+0000] {logging_mixin.py:188} INFO - [2024-04-05T05:43:52.179+0000] {dagbag.py:540} INFO - Filling up the DagBag from /home/airflow/.local/lib/python3.8/site-packages/airflow/example_dags/example_branch_labels.py
[2024-04-05T05:43:52.207+0000] {processor.py:840} INFO - DAG(s) 'example_branch_labels' retrieved from /home/airflow/.local/lib/python3.8/site-packages/airflow/example_dags/example_branch_labels.py
[2024-04-05T05:43:52.269+0000] {logging_mixin.py:188} INFO - [2024-04-05T05:43:52.268+0000] {dag.py:3047} INFO - Sync 1 DAGs
[2024-04-05T05:43:52.322+0000] {logging_mixin.py:188} INFO - [2024-04-05T05:43:52.322+0000] {dag.py:3834} INFO - Setting next_dagrun for example_branch_labels to 2024-04-04 00:00:00+00:00, run_after=2024-04-05 00:00:00+00:00
[2024-04-05T05:43:52.354+0000] {processor.py:183} INFO - Processing /home/airflow/.local/lib/python3.8/site-packages/airflow/example_dags/example_branch_labels.py took 0.187 seconds
[2024-04-05T05:44:22.562+0000] {processor.py:161} INFO - Started process (PID=450) to work on /home/airflow/.local/lib/python3.8/site-packages/airflow/example_dags/example_branch_labels.py
[2024-04-05T05:44:22.577+0000] {processor.py:830} INFO - Processing file /home/airflow/.local/lib/python3.8/site-packages/airflow/example_dags/example_branch_labels.py for tasks to queue
[2024-04-05T05:44:22.591+0000] {logging_mixin.py:188} INFO - [2024-04-05T05:44:22.590+0000] {dagbag.py:540} INFO - Filling up the DagBag from /home/airflow/.local/lib/python3.8/site-packages/airflow/example_dags/example_branch_labels.py
[2024-04-05T05:44:22.633+0000] {processor.py:840} INFO - DAG(s) 'example_branch_labels' retrieved from /home/airflow/.local/lib/python3.8/site-packages/airflow/example_dags/example_branch_labels.py
[2024-04-05T05:44:22.715+0000] {logging_mixin.py:188} INFO - [2024-04-05T05:44:22.714+0000] {dag.py:3047} INFO - Sync 1 DAGs
[2024-04-05T05:44:22.780+0000] {logging_mixin.py:188} INFO - [2024-04-05T05:44:22.780+0000] {dag.py:3834} INFO - Setting next_dagrun for example_branch_labels to 2024-04-04 00:00:00+00:00, run_after=2024-04-05 00:00:00+00:00
[2024-04-05T05:44:22.835+0000] {processor.py:183} INFO - Processing /home/airflow/.local/lib/python3.8/site-packages/airflow/example_dags/example_branch_labels.py took 0.290 seconds
[2024-04-05T05:44:53.162+0000] {processor.py:161} INFO - Started process (PID=507) to work on /home/airflow/.local/lib/python3.8/site-packages/airflow/example_dags/example_branch_labels.py
[2024-04-05T05:44:53.167+0000] {processor.py:830} INFO - Processing file /home/airflow/.local/lib/python3.8/site-packages/airflow/example_dags/example_branch_labels.py for tasks to queue
[2024-04-05T05:44:53.173+0000] {logging_mixin.py:188} INFO - [2024-04-05T05:44:53.170+0000] {dagbag.py:540} INFO - Filling up the DagBag from /home/airflow/.local/lib/python3.8/site-packages/airflow/example_dags/example_branch_labels.py
[2024-04-05T05:44:53.205+0000] {processor.py:840} INFO - DAG(s) 'example_branch_labels' retrieved from /home/airflow/.local/lib/python3.8/site-packages/airflow/example_dags/example_branch_labels.py
[2024-04-05T05:44:53.258+0000] {logging_mixin.py:188} INFO - [2024-04-05T05:44:53.257+0000] {dag.py:3047} INFO - Sync 1 DAGs
[2024-04-05T05:44:53.320+0000] {logging_mixin.py:188} INFO - [2024-04-05T05:44:53.320+0000] {dag.py:3834} INFO - Setting next_dagrun for example_branch_labels to 2024-04-04 00:00:00+00:00, run_after=2024-04-05 00:00:00+00:00
[2024-04-05T05:44:53.365+0000] {processor.py:183} INFO - Processing /home/airflow/.local/lib/python3.8/site-packages/airflow/example_dags/example_branch_labels.py took 0.220 seconds
[2024-04-05T05:45:24.054+0000] {processor.py:161} INFO - Started process (PID=562) to work on /home/airflow/.local/lib/python3.8/site-packages/airflow/example_dags/example_branch_labels.py
[2024-04-05T05:45:24.056+0000] {processor.py:830} INFO - Processing file /home/airflow/.local/lib/python3.8/site-packages/airflow/example_dags/example_branch_labels.py for tasks to queue
[2024-04-05T05:45:24.059+0000] {logging_mixin.py:188} INFO - [2024-04-05T05:45:24.058+0000] {dagbag.py:540} INFO - Filling up the DagBag from /home/airflow/.local/lib/python3.8/site-packages/airflow/example_dags/example_branch_labels.py
[2024-04-05T05:45:24.092+0000] {processor.py:840} INFO - DAG(s) 'example_branch_labels' retrieved from /home/airflow/.local/lib/python3.8/site-packages/airflow/example_dags/example_branch_labels.py
[2024-04-05T05:45:24.188+0000] {logging_mixin.py:188} INFO - [2024-04-05T05:45:24.187+0000] {dag.py:3047} INFO - Sync 1 DAGs
[2024-04-05T05:45:24.287+0000] {logging_mixin.py:188} INFO - [2024-04-05T05:45:24.286+0000] {dag.py:3834} INFO - Setting next_dagrun for example_branch_labels to 2024-04-04 00:00:00+00:00, run_after=2024-04-05 00:00:00+00:00
[2024-04-05T05:45:24.371+0000] {processor.py:183} INFO - Processing /home/airflow/.local/lib/python3.8/site-packages/airflow/example_dags/example_branch_labels.py took 0.325 seconds
[2024-04-05T05:45:54.697+0000] {processor.py:161} INFO - Started process (PID=619) to work on /home/airflow/.local/lib/python3.8/site-packages/airflow/example_dags/example_branch_labels.py
[2024-04-05T05:45:54.700+0000] {processor.py:830} INFO - Processing file /home/airflow/.local/lib/python3.8/site-packages/airflow/example_dags/example_branch_labels.py for tasks to queue
[2024-04-05T05:45:54.712+0000] {logging_mixin.py:188} INFO - [2024-04-05T05:45:54.711+0000] {dagbag.py:540} INFO - Filling up the DagBag from /home/airflow/.local/lib/python3.8/site-packages/airflow/example_dags/example_branch_labels.py
[2024-04-05T05:45:54.762+0000] {processor.py:840} INFO - DAG(s) 'example_branch_labels' retrieved from /home/airflow/.local/lib/python3.8/site-packages/airflow/example_dags/example_branch_labels.py
[2024-04-05T05:45:54.896+0000] {logging_mixin.py:188} INFO - [2024-04-05T05:45:54.895+0000] {dag.py:3047} INFO - Sync 1 DAGs
[2024-04-05T05:45:54.953+0000] {logging_mixin.py:188} INFO - [2024-04-05T05:45:54.952+0000] {dag.py:3834} INFO - Setting next_dagrun for example_branch_labels to 2024-04-04 00:00:00+00:00, run_after=2024-04-05 00:00:00+00:00
[2024-04-05T05:45:55.000+0000] {processor.py:183} INFO - Processing /home/airflow/.local/lib/python3.8/site-packages/airflow/example_dags/example_branch_labels.py took 0.315 seconds
[2024-04-05T05:46:25.139+0000] {processor.py:161} INFO - Started process (PID=676) to work on /home/airflow/.local/lib/python3.8/site-packages/airflow/example_dags/example_branch_labels.py
[2024-04-05T05:46:25.143+0000] {processor.py:830} INFO - Processing file /home/airflow/.local/lib/python3.8/site-packages/airflow/example_dags/example_branch_labels.py for tasks to queue
[2024-04-05T05:46:25.149+0000] {logging_mixin.py:188} INFO - [2024-04-05T05:46:25.148+0000] {dagbag.py:540} INFO - Filling up the DagBag from /home/airflow/.local/lib/python3.8/site-packages/airflow/example_dags/example_branch_labels.py
[2024-04-05T05:46:25.185+0000] {processor.py:840} INFO - DAG(s) 'example_branch_labels' retrieved from /home/airflow/.local/lib/python3.8/site-packages/airflow/example_dags/example_branch_labels.py
[2024-04-05T05:46:25.286+0000] {logging_mixin.py:188} INFO - [2024-04-05T05:46:25.285+0000] {dag.py:3047} INFO - Sync 1 DAGs
[2024-04-05T05:46:25.400+0000] {logging_mixin.py:188} INFO - [2024-04-05T05:46:25.400+0000] {dag.py:3834} INFO - Setting next_dagrun for example_branch_labels to 2024-04-04 00:00:00+00:00, run_after=2024-04-05 00:00:00+00:00
[2024-04-05T05:46:25.465+0000] {processor.py:183} INFO - Processing /home/airflow/.local/lib/python3.8/site-packages/airflow/example_dags/example_branch_labels.py took 0.344 seconds
[2024-04-05T05:46:56.263+0000] {processor.py:161} INFO - Started process (PID=735) to work on /home/airflow/.local/lib/python3.8/site-packages/airflow/example_dags/example_branch_labels.py
[2024-04-05T05:46:56.266+0000] {processor.py:830} INFO - Processing file /home/airflow/.local/lib/python3.8/site-packages/airflow/example_dags/example_branch_labels.py for tasks to queue
[2024-04-05T05:46:56.280+0000] {logging_mixin.py:188} INFO - [2024-04-05T05:46:56.269+0000] {dagbag.py:540} INFO - Filling up the DagBag from /home/airflow/.local/lib/python3.8/site-packages/airflow/example_dags/example_branch_labels.py
[2024-04-05T05:46:56.355+0000] {processor.py:840} INFO - DAG(s) 'example_branch_labels' retrieved from /home/airflow/.local/lib/python3.8/site-packages/airflow/example_dags/example_branch_labels.py
[2024-04-05T05:46:56.530+0000] {logging_mixin.py:188} INFO - [2024-04-05T05:46:56.529+0000] {dag.py:3047} INFO - Sync 1 DAGs
[2024-04-05T05:46:56.700+0000] {logging_mixin.py:188} INFO - [2024-04-05T05:46:56.699+0000] {dag.py:3834} INFO - Setting next_dagrun for example_branch_labels to 2024-04-04 00:00:00+00:00, run_after=2024-04-05 00:00:00+00:00
[2024-04-05T05:46:56.760+0000] {processor.py:183} INFO - Processing /home/airflow/.local/lib/python3.8/site-packages/airflow/example_dags/example_branch_labels.py took 0.525 seconds
[2024-04-05T05:47:27.410+0000] {processor.py:161} INFO - Started process (PID=793) to work on /home/airflow/.local/lib/python3.8/site-packages/airflow/example_dags/example_branch_labels.py
[2024-04-05T05:47:27.412+0000] {processor.py:830} INFO - Processing file /home/airflow/.local/lib/python3.8/site-packages/airflow/example_dags/example_branch_labels.py for tasks to queue
[2024-04-05T05:47:27.414+0000] {logging_mixin.py:188} INFO - [2024-04-05T05:47:27.414+0000] {dagbag.py:540} INFO - Filling up the DagBag from /home/airflow/.local/lib/python3.8/site-packages/airflow/example_dags/example_branch_labels.py
[2024-04-05T05:47:27.432+0000] {processor.py:840} INFO - DAG(s) 'example_branch_labels' retrieved from /home/airflow/.local/lib/python3.8/site-packages/airflow/example_dags/example_branch_labels.py
[2024-04-05T05:47:27.473+0000] {logging_mixin.py:188} INFO - [2024-04-05T05:47:27.473+0000] {dag.py:3047} INFO - Sync 1 DAGs
[2024-04-05T05:47:27.515+0000] {logging_mixin.py:188} INFO - [2024-04-05T05:47:27.515+0000] {dag.py:3834} INFO - Setting next_dagrun for example_branch_labels to 2024-04-04 00:00:00+00:00, run_after=2024-04-05 00:00:00+00:00
[2024-04-05T05:47:27.545+0000] {processor.py:183} INFO - Processing /home/airflow/.local/lib/python3.8/site-packages/airflow/example_dags/example_branch_labels.py took 0.141 seconds
[2024-04-05T05:47:58.340+0000] {processor.py:161} INFO - Started process (PID=851) to work on /home/airflow/.local/lib/python3.8/site-packages/airflow/example_dags/example_branch_labels.py
[2024-04-05T05:47:58.343+0000] {processor.py:830} INFO - Processing file /home/airflow/.local/lib/python3.8/site-packages/airflow/example_dags/example_branch_labels.py for tasks to queue
[2024-04-05T05:47:58.346+0000] {logging_mixin.py:188} INFO - [2024-04-05T05:47:58.345+0000] {dagbag.py:540} INFO - Filling up the DagBag from /home/airflow/.local/lib/python3.8/site-packages/airflow/example_dags/example_branch_labels.py
[2024-04-05T05:47:58.380+0000] {processor.py:840} INFO - DAG(s) 'example_branch_labels' retrieved from /home/airflow/.local/lib/python3.8/site-packages/airflow/example_dags/example_branch_labels.py
[2024-04-05T05:47:58.442+0000] {logging_mixin.py:188} INFO - [2024-04-05T05:47:58.441+0000] {dag.py:3047} INFO - Sync 1 DAGs
[2024-04-05T05:47:58.502+0000] {logging_mixin.py:188} INFO - [2024-04-05T05:47:58.502+0000] {dag.py:3834} INFO - Setting next_dagrun for example_branch_labels to 2024-04-04 00:00:00+00:00, run_after=2024-04-05 00:00:00+00:00
[2024-04-05T05:47:58.535+0000] {processor.py:183} INFO - Processing /home/airflow/.local/lib/python3.8/site-packages/airflow/example_dags/example_branch_labels.py took 0.204 seconds
[2024-04-05T05:48:29.385+0000] {processor.py:161} INFO - Started process (PID=908) to work on /home/airflow/.local/lib/python3.8/site-packages/airflow/example_dags/example_branch_labels.py
[2024-04-05T05:48:29.399+0000] {processor.py:830} INFO - Processing file /home/airflow/.local/lib/python3.8/site-packages/airflow/example_dags/example_branch_labels.py for tasks to queue
[2024-04-05T05:48:29.403+0000] {logging_mixin.py:188} INFO - [2024-04-05T05:48:29.402+0000] {dagbag.py:540} INFO - Filling up the DagBag from /home/airflow/.local/lib/python3.8/site-packages/airflow/example_dags/example_branch_labels.py
[2024-04-05T05:48:29.456+0000] {processor.py:840} INFO - DAG(s) 'example_branch_labels' retrieved from /home/airflow/.local/lib/python3.8/site-packages/airflow/example_dags/example_branch_labels.py
[2024-04-05T05:48:29.552+0000] {logging_mixin.py:188} INFO - [2024-04-05T05:48:29.551+0000] {dag.py:3047} INFO - Sync 1 DAGs
[2024-04-05T05:48:29.616+0000] {logging_mixin.py:188} INFO - [2024-04-05T05:48:29.616+0000] {dag.py:3834} INFO - Setting next_dagrun for example_branch_labels to 2024-04-04 00:00:00+00:00, run_after=2024-04-05 00:00:00+00:00
[2024-04-05T05:48:29.662+0000] {processor.py:183} INFO - Processing /home/airflow/.local/lib/python3.8/site-packages/airflow/example_dags/example_branch_labels.py took 0.297 seconds
[2024-04-05T05:48:59.878+0000] {processor.py:161} INFO - Started process (PID=965) to work on /home/airflow/.local/lib/python3.8/site-packages/airflow/example_dags/example_branch_labels.py
[2024-04-05T05:48:59.882+0000] {processor.py:830} INFO - Processing file /home/airflow/.local/lib/python3.8/site-packages/airflow/example_dags/example_branch_labels.py for tasks to queue
[2024-04-05T05:48:59.887+0000] {logging_mixin.py:188} INFO - [2024-04-05T05:48:59.886+0000] {dagbag.py:540} INFO - Filling up the DagBag from /home/airflow/.local/lib/python3.8/site-packages/airflow/example_dags/example_branch_labels.py
[2024-04-05T05:48:59.913+0000] {processor.py:840} INFO - DAG(s) 'example_branch_labels' retrieved from /home/airflow/.local/lib/python3.8/site-packages/airflow/example_dags/example_branch_labels.py
[2024-04-05T05:48:59.978+0000] {logging_mixin.py:188} INFO - [2024-04-05T05:48:59.977+0000] {dag.py:3047} INFO - Sync 1 DAGs
[2024-04-05T05:49:00.045+0000] {logging_mixin.py:188} INFO - [2024-04-05T05:49:00.044+0000] {dag.py:3834} INFO - Setting next_dagrun for example_branch_labels to 2024-04-04 00:00:00+00:00, run_after=2024-04-05 00:00:00+00:00
[2024-04-05T05:49:00.089+0000] {processor.py:183} INFO - Processing /home/airflow/.local/lib/python3.8/site-packages/airflow/example_dags/example_branch_labels.py took 0.222 seconds
[2024-04-05T05:49:30.225+0000] {processor.py:161} INFO - Started process (PID=1022) to work on /home/airflow/.local/lib/python3.8/site-packages/airflow/example_dags/example_branch_labels.py
[2024-04-05T05:49:30.228+0000] {processor.py:830} INFO - Processing file /home/airflow/.local/lib/python3.8/site-packages/airflow/example_dags/example_branch_labels.py for tasks to queue
[2024-04-05T05:49:30.232+0000] {logging_mixin.py:188} INFO - [2024-04-05T05:49:30.231+0000] {dagbag.py:540} INFO - Filling up the DagBag from /home/airflow/.local/lib/python3.8/site-packages/airflow/example_dags/example_branch_labels.py
[2024-04-05T05:49:30.259+0000] {processor.py:840} INFO - DAG(s) 'example_branch_labels' retrieved from /home/airflow/.local/lib/python3.8/site-packages/airflow/example_dags/example_branch_labels.py
[2024-04-05T05:49:30.346+0000] {logging_mixin.py:188} INFO - [2024-04-05T05:49:30.346+0000] {dag.py:3047} INFO - Sync 1 DAGs
[2024-04-05T05:49:30.432+0000] {logging_mixin.py:188} INFO - [2024-04-05T05:49:30.431+0000] {dag.py:3834} INFO - Setting next_dagrun for example_branch_labels to 2024-04-04 00:00:00+00:00, run_after=2024-04-05 00:00:00+00:00
[2024-04-05T05:49:30.483+0000] {processor.py:183} INFO - Processing /home/airflow/.local/lib/python3.8/site-packages/airflow/example_dags/example_branch_labels.py took 0.269 seconds
[2024-04-05T05:50:01.256+0000] {processor.py:161} INFO - Started process (PID=1079) to work on /home/airflow/.local/lib/python3.8/site-packages/airflow/example_dags/example_branch_labels.py
[2024-04-05T05:50:01.259+0000] {processor.py:830} INFO - Processing file /home/airflow/.local/lib/python3.8/site-packages/airflow/example_dags/example_branch_labels.py for tasks to queue
[2024-04-05T05:50:01.262+0000] {logging_mixin.py:188} INFO - [2024-04-05T05:50:01.261+0000] {dagbag.py:540} INFO - Filling up the DagBag from /home/airflow/.local/lib/python3.8/site-packages/airflow/example_dags/example_branch_labels.py
[2024-04-05T05:50:01.285+0000] {processor.py:840} INFO - DAG(s) 'example_branch_labels' retrieved from /home/airflow/.local/lib/python3.8/site-packages/airflow/example_dags/example_branch_labels.py
[2024-04-05T05:50:01.323+0000] {logging_mixin.py:188} INFO - [2024-04-05T05:50:01.323+0000] {dag.py:3047} INFO - Sync 1 DAGs
[2024-04-05T05:50:01.362+0000] {logging_mixin.py:188} INFO - [2024-04-05T05:50:01.361+0000] {dag.py:3834} INFO - Setting next_dagrun for example_branch_labels to 2024-04-04 00:00:00+00:00, run_after=2024-04-05 00:00:00+00:00
[2024-04-05T05:50:01.393+0000] {processor.py:183} INFO - Processing /home/airflow/.local/lib/python3.8/site-packages/airflow/example_dags/example_branch_labels.py took 0.144 seconds
[2024-04-05T05:50:31.701+0000] {processor.py:161} INFO - Started process (PID=1136) to work on /home/airflow/.local/lib/python3.8/site-packages/airflow/example_dags/example_branch_labels.py
[2024-04-05T05:50:31.715+0000] {processor.py:830} INFO - Processing file /home/airflow/.local/lib/python3.8/site-packages/airflow/example_dags/example_branch_labels.py for tasks to queue
[2024-04-05T05:50:31.720+0000] {logging_mixin.py:188} INFO - [2024-04-05T05:50:31.719+0000] {dagbag.py:540} INFO - Filling up the DagBag from /home/airflow/.local/lib/python3.8/site-packages/airflow/example_dags/example_branch_labels.py
[2024-04-05T05:50:31.760+0000] {processor.py:840} INFO - DAG(s) 'example_branch_labels' retrieved from /home/airflow/.local/lib/python3.8/site-packages/airflow/example_dags/example_branch_labels.py
[2024-04-05T05:50:31.894+0000] {logging_mixin.py:188} INFO - [2024-04-05T05:50:31.893+0000] {dag.py:3047} INFO - Sync 1 DAGs
[2024-04-05T05:50:32.018+0000] {logging_mixin.py:188} INFO - [2024-04-05T05:50:32.017+0000] {dag.py:3834} INFO - Setting next_dagrun for example_branch_labels to 2024-04-04 00:00:00+00:00, run_after=2024-04-05 00:00:00+00:00
[2024-04-05T05:50:32.130+0000] {processor.py:183} INFO - Processing /home/airflow/.local/lib/python3.8/site-packages/airflow/example_dags/example_branch_labels.py took 0.452 seconds
[2024-04-05T05:51:02.870+0000] {processor.py:161} INFO - Started process (PID=1193) to work on /home/airflow/.local/lib/python3.8/site-packages/airflow/example_dags/example_branch_labels.py
[2024-04-05T05:51:02.873+0000] {processor.py:830} INFO - Processing file /home/airflow/.local/lib/python3.8/site-packages/airflow/example_dags/example_branch_labels.py for tasks to queue
[2024-04-05T05:51:02.876+0000] {logging_mixin.py:188} INFO - [2024-04-05T05:51:02.875+0000] {dagbag.py:540} INFO - Filling up the DagBag from /home/airflow/.local/lib/python3.8/site-packages/airflow/example_dags/example_branch_labels.py
[2024-04-05T05:51:02.900+0000] {processor.py:840} INFO - DAG(s) 'example_branch_labels' retrieved from /home/airflow/.local/lib/python3.8/site-packages/airflow/example_dags/example_branch_labels.py
[2024-04-05T05:51:02.959+0000] {logging_mixin.py:188} INFO - [2024-04-05T05:51:02.959+0000] {dag.py:3047} INFO - Sync 1 DAGs
[2024-04-05T05:51:03.016+0000] {logging_mixin.py:188} INFO - [2024-04-05T05:51:03.015+0000] {dag.py:3834} INFO - Setting next_dagrun for example_branch_labels to 2024-04-04 00:00:00+00:00, run_after=2024-04-05 00:00:00+00:00
[2024-04-05T05:51:03.046+0000] {processor.py:183} INFO - Processing /home/airflow/.local/lib/python3.8/site-packages/airflow/example_dags/example_branch_labels.py took 0.185 seconds
[2024-04-05T05:51:33.661+0000] {processor.py:161} INFO - Started process (PID=1250) to work on /home/airflow/.local/lib/python3.8/site-packages/airflow/example_dags/example_branch_labels.py
[2024-04-05T05:51:33.663+0000] {processor.py:830} INFO - Processing file /home/airflow/.local/lib/python3.8/site-packages/airflow/example_dags/example_branch_labels.py for tasks to queue
[2024-04-05T05:51:33.665+0000] {logging_mixin.py:188} INFO - [2024-04-05T05:51:33.664+0000] {dagbag.py:540} INFO - Filling up the DagBag from /home/airflow/.local/lib/python3.8/site-packages/airflow/example_dags/example_branch_labels.py
[2024-04-05T05:51:33.687+0000] {processor.py:840} INFO - DAG(s) 'example_branch_labels' retrieved from /home/airflow/.local/lib/python3.8/site-packages/airflow/example_dags/example_branch_labels.py
[2024-04-05T05:51:33.770+0000] {logging_mixin.py:188} INFO - [2024-04-05T05:51:33.769+0000] {dag.py:3047} INFO - Sync 1 DAGs
[2024-04-05T05:51:33.873+0000] {logging_mixin.py:188} INFO - [2024-04-05T05:51:33.872+0000] {dag.py:3834} INFO - Setting next_dagrun for example_branch_labels to 2024-04-04 00:00:00+00:00, run_after=2024-04-05 00:00:00+00:00
[2024-04-05T05:51:33.943+0000] {processor.py:183} INFO - Processing /home/airflow/.local/lib/python3.8/site-packages/airflow/example_dags/example_branch_labels.py took 0.291 seconds
[2024-04-05T05:52:04.147+0000] {processor.py:161} INFO - Started process (PID=1307) to work on /home/airflow/.local/lib/python3.8/site-packages/airflow/example_dags/example_branch_labels.py
[2024-04-05T05:52:04.149+0000] {processor.py:830} INFO - Processing file /home/airflow/.local/lib/python3.8/site-packages/airflow/example_dags/example_branch_labels.py for tasks to queue
[2024-04-05T05:52:04.152+0000] {logging_mixin.py:188} INFO - [2024-04-05T05:52:04.151+0000] {dagbag.py:540} INFO - Filling up the DagBag from /home/airflow/.local/lib/python3.8/site-packages/airflow/example_dags/example_branch_labels.py
[2024-04-05T05:52:04.170+0000] {processor.py:840} INFO - DAG(s) 'example_branch_labels' retrieved from /home/airflow/.local/lib/python3.8/site-packages/airflow/example_dags/example_branch_labels.py
[2024-04-05T05:52:04.221+0000] {logging_mixin.py:188} INFO - [2024-04-05T05:52:04.221+0000] {dag.py:3047} INFO - Sync 1 DAGs
[2024-04-05T05:52:04.267+0000] {logging_mixin.py:188} INFO - [2024-04-05T05:52:04.267+0000] {dag.py:3834} INFO - Setting next_dagrun for example_branch_labels to 2024-04-04 00:00:00+00:00, run_after=2024-04-05 00:00:00+00:00
[2024-04-05T05:52:04.319+0000] {processor.py:183} INFO - Processing /home/airflow/.local/lib/python3.8/site-packages/airflow/example_dags/example_branch_labels.py took 0.181 seconds
[2024-04-05T05:52:34.812+0000] {processor.py:161} INFO - Started process (PID=1363) to work on /home/airflow/.local/lib/python3.8/site-packages/airflow/example_dags/example_branch_labels.py
[2024-04-05T05:52:34.815+0000] {processor.py:830} INFO - Processing file /home/airflow/.local/lib/python3.8/site-packages/airflow/example_dags/example_branch_labels.py for tasks to queue
[2024-04-05T05:52:34.818+0000] {logging_mixin.py:188} INFO - [2024-04-05T05:52:34.817+0000] {dagbag.py:540} INFO - Filling up the DagBag from /home/airflow/.local/lib/python3.8/site-packages/airflow/example_dags/example_branch_labels.py
[2024-04-05T05:52:34.837+0000] {processor.py:840} INFO - DAG(s) 'example_branch_labels' retrieved from /home/airflow/.local/lib/python3.8/site-packages/airflow/example_dags/example_branch_labels.py
[2024-04-05T05:52:34.914+0000] {logging_mixin.py:188} INFO - [2024-04-05T05:52:34.913+0000] {dag.py:3047} INFO - Sync 1 DAGs
[2024-04-05T05:52:34.968+0000] {logging_mixin.py:188} INFO - [2024-04-05T05:52:34.968+0000] {dag.py:3834} INFO - Setting next_dagrun for example_branch_labels to 2024-04-04 00:00:00+00:00, run_after=2024-04-05 00:00:00+00:00
[2024-04-05T05:52:35.005+0000] {processor.py:183} INFO - Processing /home/airflow/.local/lib/python3.8/site-packages/airflow/example_dags/example_branch_labels.py took 0.200 seconds
[2024-04-05T05:53:05.980+0000] {processor.py:161} INFO - Started process (PID=1420) to work on /home/airflow/.local/lib/python3.8/site-packages/airflow/example_dags/example_branch_labels.py
[2024-04-05T05:53:05.983+0000] {processor.py:830} INFO - Processing file /home/airflow/.local/lib/python3.8/site-packages/airflow/example_dags/example_branch_labels.py for tasks to queue
[2024-04-05T05:53:05.986+0000] {logging_mixin.py:188} INFO - [2024-04-05T05:53:05.985+0000] {dagbag.py:540} INFO - Filling up the DagBag from /home/airflow/.local/lib/python3.8/site-packages/airflow/example_dags/example_branch_labels.py
[2024-04-05T05:53:06.011+0000] {processor.py:840} INFO - DAG(s) 'example_branch_labels' retrieved from /home/airflow/.local/lib/python3.8/site-packages/airflow/example_dags/example_branch_labels.py
[2024-04-05T05:53:06.061+0000] {logging_mixin.py:188} INFO - [2024-04-05T05:53:06.061+0000] {dag.py:3047} INFO - Sync 1 DAGs
[2024-04-05T05:53:06.132+0000] {logging_mixin.py:188} INFO - [2024-04-05T05:53:06.132+0000] {dag.py:3834} INFO - Setting next_dagrun for example_branch_labels to 2024-04-04 00:00:00+00:00, run_after=2024-04-05 00:00:00+00:00
[2024-04-05T05:53:06.172+0000] {processor.py:183} INFO - Processing /home/airflow/.local/lib/python3.8/site-packages/airflow/example_dags/example_branch_labels.py took 0.200 seconds
[2024-04-05T05:53:36.783+0000] {processor.py:161} INFO - Started process (PID=1477) to work on /home/airflow/.local/lib/python3.8/site-packages/airflow/example_dags/example_branch_labels.py
[2024-04-05T05:53:36.785+0000] {processor.py:830} INFO - Processing file /home/airflow/.local/lib/python3.8/site-packages/airflow/example_dags/example_branch_labels.py for tasks to queue
[2024-04-05T05:53:36.790+0000] {logging_mixin.py:188} INFO - [2024-04-05T05:53:36.788+0000] {dagbag.py:540} INFO - Filling up the DagBag from /home/airflow/.local/lib/python3.8/site-packages/airflow/example_dags/example_branch_labels.py
[2024-04-05T05:53:36.813+0000] {processor.py:840} INFO - DAG(s) 'example_branch_labels' retrieved from /home/airflow/.local/lib/python3.8/site-packages/airflow/example_dags/example_branch_labels.py
[2024-04-05T05:53:36.875+0000] {logging_mixin.py:188} INFO - [2024-04-05T05:53:36.874+0000] {dag.py:3047} INFO - Sync 1 DAGs
[2024-04-05T05:53:36.938+0000] {logging_mixin.py:188} INFO - [2024-04-05T05:53:36.937+0000] {dag.py:3834} INFO - Setting next_dagrun for example_branch_labels to 2024-04-04 00:00:00+00:00, run_after=2024-04-05 00:00:00+00:00
[2024-04-05T05:53:36.982+0000] {processor.py:183} INFO - Processing /home/airflow/.local/lib/python3.8/site-packages/airflow/example_dags/example_branch_labels.py took 0.208 seconds
[2024-04-05T05:54:07.471+0000] {processor.py:161} INFO - Started process (PID=1534) to work on /home/airflow/.local/lib/python3.8/site-packages/airflow/example_dags/example_branch_labels.py
[2024-04-05T05:54:07.473+0000] {processor.py:830} INFO - Processing file /home/airflow/.local/lib/python3.8/site-packages/airflow/example_dags/example_branch_labels.py for tasks to queue
[2024-04-05T05:54:07.475+0000] {logging_mixin.py:188} INFO - [2024-04-05T05:54:07.475+0000] {dagbag.py:540} INFO - Filling up the DagBag from /home/airflow/.local/lib/python3.8/site-packages/airflow/example_dags/example_branch_labels.py
[2024-04-05T05:54:07.497+0000] {processor.py:840} INFO - DAG(s) 'example_branch_labels' retrieved from /home/airflow/.local/lib/python3.8/site-packages/airflow/example_dags/example_branch_labels.py
[2024-04-05T05:54:07.539+0000] {logging_mixin.py:188} INFO - [2024-04-05T05:54:07.538+0000] {dag.py:3047} INFO - Sync 1 DAGs
[2024-04-05T05:54:07.586+0000] {logging_mixin.py:188} INFO - [2024-04-05T05:54:07.586+0000] {dag.py:3834} INFO - Setting next_dagrun for example_branch_labels to 2024-04-04 00:00:00+00:00, run_after=2024-04-05 00:00:00+00:00
[2024-04-05T05:54:07.628+0000] {processor.py:183} INFO - Processing /home/airflow/.local/lib/python3.8/site-packages/airflow/example_dags/example_branch_labels.py took 0.162 seconds
[2024-04-05T05:54:37.947+0000] {processor.py:161} INFO - Started process (PID=1591) to work on /home/airflow/.local/lib/python3.8/site-packages/airflow/example_dags/example_branch_labels.py
[2024-04-05T05:54:37.949+0000] {processor.py:830} INFO - Processing file /home/airflow/.local/lib/python3.8/site-packages/airflow/example_dags/example_branch_labels.py for tasks to queue
[2024-04-05T05:54:37.954+0000] {logging_mixin.py:188} INFO - [2024-04-05T05:54:37.952+0000] {dagbag.py:540} INFO - Filling up the DagBag from /home/airflow/.local/lib/python3.8/site-packages/airflow/example_dags/example_branch_labels.py
[2024-04-05T05:54:37.975+0000] {processor.py:840} INFO - DAG(s) 'example_branch_labels' retrieved from /home/airflow/.local/lib/python3.8/site-packages/airflow/example_dags/example_branch_labels.py
[2024-04-05T05:54:38.039+0000] {logging_mixin.py:188} INFO - [2024-04-05T05:54:38.038+0000] {dag.py:3047} INFO - Sync 1 DAGs
[2024-04-05T05:54:38.102+0000] {logging_mixin.py:188} INFO - [2024-04-05T05:54:38.101+0000] {dag.py:3834} INFO - Setting next_dagrun for example_branch_labels to 2024-04-04 00:00:00+00:00, run_after=2024-04-05 00:00:00+00:00
[2024-04-05T05:54:38.155+0000] {processor.py:183} INFO - Processing /home/airflow/.local/lib/python3.8/site-packages/airflow/example_dags/example_branch_labels.py took 0.217 seconds
[2024-04-05T05:55:10.288+0000] {processor.py:161} INFO - Started process (PID=1653) to work on /home/airflow/.local/lib/python3.8/site-packages/airflow/example_dags/example_branch_labels.py
[2024-04-05T05:55:10.294+0000] {processor.py:830} INFO - Processing file /home/airflow/.local/lib/python3.8/site-packages/airflow/example_dags/example_branch_labels.py for tasks to queue
[2024-04-05T05:55:10.298+0000] {logging_mixin.py:188} INFO - [2024-04-05T05:55:10.296+0000] {dagbag.py:540} INFO - Filling up the DagBag from /home/airflow/.local/lib/python3.8/site-packages/airflow/example_dags/example_branch_labels.py
[2024-04-05T05:55:10.346+0000] {processor.py:840} INFO - DAG(s) 'example_branch_labels' retrieved from /home/airflow/.local/lib/python3.8/site-packages/airflow/example_dags/example_branch_labels.py
[2024-04-05T05:55:10.488+0000] {logging_mixin.py:188} INFO - [2024-04-05T05:55:10.485+0000] {dag.py:3047} INFO - Sync 1 DAGs
[2024-04-05T05:55:10.650+0000] {logging_mixin.py:188} INFO - [2024-04-05T05:55:10.649+0000] {dag.py:3834} INFO - Setting next_dagrun for example_branch_labels to 2024-04-04 00:00:00+00:00, run_after=2024-04-05 00:00:00+00:00
[2024-04-05T05:55:10.765+0000] {processor.py:183} INFO - Processing /home/airflow/.local/lib/python3.8/site-packages/airflow/example_dags/example_branch_labels.py took 0.506 seconds
[2024-04-05T05:55:41.126+0000] {processor.py:161} INFO - Started process (PID=1710) to work on /home/airflow/.local/lib/python3.8/site-packages/airflow/example_dags/example_branch_labels.py
[2024-04-05T05:55:41.130+0000] {processor.py:830} INFO - Processing file /home/airflow/.local/lib/python3.8/site-packages/airflow/example_dags/example_branch_labels.py for tasks to queue
[2024-04-05T05:55:41.132+0000] {logging_mixin.py:188} INFO - [2024-04-05T05:55:41.131+0000] {dagbag.py:540} INFO - Filling up the DagBag from /home/airflow/.local/lib/python3.8/site-packages/airflow/example_dags/example_branch_labels.py
[2024-04-05T05:55:41.156+0000] {processor.py:840} INFO - DAG(s) 'example_branch_labels' retrieved from /home/airflow/.local/lib/python3.8/site-packages/airflow/example_dags/example_branch_labels.py
[2024-04-05T05:55:41.209+0000] {logging_mixin.py:188} INFO - [2024-04-05T05:55:41.208+0000] {dag.py:3047} INFO - Sync 1 DAGs
[2024-04-05T05:55:41.257+0000] {logging_mixin.py:188} INFO - [2024-04-05T05:55:41.256+0000] {dag.py:3834} INFO - Setting next_dagrun for example_branch_labels to 2024-04-04 00:00:00+00:00, run_after=2024-04-05 00:00:00+00:00
[2024-04-05T05:55:41.326+0000] {processor.py:183} INFO - Processing /home/airflow/.local/lib/python3.8/site-packages/airflow/example_dags/example_branch_labels.py took 0.208 seconds
[2024-04-05T05:56:11.851+0000] {processor.py:161} INFO - Started process (PID=1768) to work on /home/airflow/.local/lib/python3.8/site-packages/airflow/example_dags/example_branch_labels.py
[2024-04-05T05:56:11.853+0000] {processor.py:830} INFO - Processing file /home/airflow/.local/lib/python3.8/site-packages/airflow/example_dags/example_branch_labels.py for tasks to queue
[2024-04-05T05:56:11.854+0000] {logging_mixin.py:188} INFO - [2024-04-05T05:56:11.854+0000] {dagbag.py:540} INFO - Filling up the DagBag from /home/airflow/.local/lib/python3.8/site-packages/airflow/example_dags/example_branch_labels.py
[2024-04-05T05:56:11.873+0000] {processor.py:840} INFO - DAG(s) 'example_branch_labels' retrieved from /home/airflow/.local/lib/python3.8/site-packages/airflow/example_dags/example_branch_labels.py
[2024-04-05T05:56:11.921+0000] {logging_mixin.py:188} INFO - [2024-04-05T05:56:11.921+0000] {dag.py:3047} INFO - Sync 1 DAGs
[2024-04-05T05:56:11.978+0000] {logging_mixin.py:188} INFO - [2024-04-05T05:56:11.977+0000] {dag.py:3834} INFO - Setting next_dagrun for example_branch_labels to 2024-04-04 00:00:00+00:00, run_after=2024-04-05 00:00:00+00:00
[2024-04-05T05:56:12.023+0000] {processor.py:183} INFO - Processing /home/airflow/.local/lib/python3.8/site-packages/airflow/example_dags/example_branch_labels.py took 0.178 seconds
[2024-04-05T05:56:42.269+0000] {processor.py:161} INFO - Started process (PID=1824) to work on /home/airflow/.local/lib/python3.8/site-packages/airflow/example_dags/example_branch_labels.py
[2024-04-05T05:56:42.271+0000] {processor.py:830} INFO - Processing file /home/airflow/.local/lib/python3.8/site-packages/airflow/example_dags/example_branch_labels.py for tasks to queue
[2024-04-05T05:56:42.273+0000] {logging_mixin.py:188} INFO - [2024-04-05T05:56:42.272+0000] {dagbag.py:540} INFO - Filling up the DagBag from /home/airflow/.local/lib/python3.8/site-packages/airflow/example_dags/example_branch_labels.py
[2024-04-05T05:56:42.286+0000] {processor.py:840} INFO - DAG(s) 'example_branch_labels' retrieved from /home/airflow/.local/lib/python3.8/site-packages/airflow/example_dags/example_branch_labels.py
[2024-04-05T05:56:42.321+0000] {logging_mixin.py:188} INFO - [2024-04-05T05:56:42.320+0000] {dag.py:3047} INFO - Sync 1 DAGs
[2024-04-05T05:56:42.357+0000] {logging_mixin.py:188} INFO - [2024-04-05T05:56:42.356+0000] {dag.py:3834} INFO - Setting next_dagrun for example_branch_labels to 2024-04-04 00:00:00+00:00, run_after=2024-04-05 00:00:00+00:00
[2024-04-05T05:56:42.390+0000] {processor.py:183} INFO - Processing /home/airflow/.local/lib/python3.8/site-packages/airflow/example_dags/example_branch_labels.py took 0.126 seconds
[2024-04-05T05:57:12.789+0000] {processor.py:161} INFO - Started process (PID=1881) to work on /home/airflow/.local/lib/python3.8/site-packages/airflow/example_dags/example_branch_labels.py
[2024-04-05T05:57:12.791+0000] {processor.py:830} INFO - Processing file /home/airflow/.local/lib/python3.8/site-packages/airflow/example_dags/example_branch_labels.py for tasks to queue
[2024-04-05T05:57:12.793+0000] {logging_mixin.py:188} INFO - [2024-04-05T05:57:12.792+0000] {dagbag.py:540} INFO - Filling up the DagBag from /home/airflow/.local/lib/python3.8/site-packages/airflow/example_dags/example_branch_labels.py
[2024-04-05T05:57:12.810+0000] {processor.py:840} INFO - DAG(s) 'example_branch_labels' retrieved from /home/airflow/.local/lib/python3.8/site-packages/airflow/example_dags/example_branch_labels.py
[2024-04-05T05:57:12.849+0000] {logging_mixin.py:188} INFO - [2024-04-05T05:57:12.849+0000] {dag.py:3047} INFO - Sync 1 DAGs
[2024-04-05T05:57:12.885+0000] {logging_mixin.py:188} INFO - [2024-04-05T05:57:12.884+0000] {dag.py:3834} INFO - Setting next_dagrun for example_branch_labels to 2024-04-04 00:00:00+00:00, run_after=2024-04-05 00:00:00+00:00
[2024-04-05T05:57:12.915+0000] {processor.py:183} INFO - Processing /home/airflow/.local/lib/python3.8/site-packages/airflow/example_dags/example_branch_labels.py took 0.133 seconds
[2024-04-05T05:57:43.364+0000] {processor.py:161} INFO - Started process (PID=1938) to work on /home/airflow/.local/lib/python3.8/site-packages/airflow/example_dags/example_branch_labels.py
[2024-04-05T05:57:43.366+0000] {processor.py:830} INFO - Processing file /home/airflow/.local/lib/python3.8/site-packages/airflow/example_dags/example_branch_labels.py for tasks to queue
[2024-04-05T05:57:43.368+0000] {logging_mixin.py:188} INFO - [2024-04-05T05:57:43.367+0000] {dagbag.py:540} INFO - Filling up the DagBag from /home/airflow/.local/lib/python3.8/site-packages/airflow/example_dags/example_branch_labels.py
[2024-04-05T05:57:43.382+0000] {processor.py:840} INFO - DAG(s) 'example_branch_labels' retrieved from /home/airflow/.local/lib/python3.8/site-packages/airflow/example_dags/example_branch_labels.py
[2024-04-05T05:57:43.417+0000] {logging_mixin.py:188} INFO - [2024-04-05T05:57:43.417+0000] {dag.py:3047} INFO - Sync 1 DAGs
[2024-04-05T05:57:43.452+0000] {logging_mixin.py:188} INFO - [2024-04-05T05:57:43.452+0000] {dag.py:3834} INFO - Setting next_dagrun for example_branch_labels to 2024-04-04 00:00:00+00:00, run_after=2024-04-05 00:00:00+00:00
[2024-04-05T05:57:43.483+0000] {processor.py:183} INFO - Processing /home/airflow/.local/lib/python3.8/site-packages/airflow/example_dags/example_branch_labels.py took 0.125 seconds
[2024-04-05T05:58:13.718+0000] {processor.py:161} INFO - Started process (PID=1995) to work on /home/airflow/.local/lib/python3.8/site-packages/airflow/example_dags/example_branch_labels.py
[2024-04-05T05:58:13.722+0000] {processor.py:830} INFO - Processing file /home/airflow/.local/lib/python3.8/site-packages/airflow/example_dags/example_branch_labels.py for tasks to queue
[2024-04-05T05:58:13.727+0000] {logging_mixin.py:188} INFO - [2024-04-05T05:58:13.725+0000] {dagbag.py:540} INFO - Filling up the DagBag from /home/airflow/.local/lib/python3.8/site-packages/airflow/example_dags/example_branch_labels.py
[2024-04-05T05:58:13.749+0000] {processor.py:840} INFO - DAG(s) 'example_branch_labels' retrieved from /home/airflow/.local/lib/python3.8/site-packages/airflow/example_dags/example_branch_labels.py
[2024-04-05T05:58:13.805+0000] {logging_mixin.py:188} INFO - [2024-04-05T05:58:13.804+0000] {dag.py:3047} INFO - Sync 1 DAGs
[2024-04-05T05:58:13.859+0000] {logging_mixin.py:188} INFO - [2024-04-05T05:58:13.859+0000] {dag.py:3834} INFO - Setting next_dagrun for example_branch_labels to 2024-04-04 00:00:00+00:00, run_after=2024-04-05 00:00:00+00:00
[2024-04-05T05:58:13.893+0000] {processor.py:183} INFO - Processing /home/airflow/.local/lib/python3.8/site-packages/airflow/example_dags/example_branch_labels.py took 0.182 seconds
[2024-04-05T05:58:44.326+0000] {processor.py:161} INFO - Started process (PID=2050) to work on /home/airflow/.local/lib/python3.8/site-packages/airflow/example_dags/example_branch_labels.py
[2024-04-05T05:58:44.328+0000] {processor.py:830} INFO - Processing file /home/airflow/.local/lib/python3.8/site-packages/airflow/example_dags/example_branch_labels.py for tasks to queue
[2024-04-05T05:58:44.330+0000] {logging_mixin.py:188} INFO - [2024-04-05T05:58:44.329+0000] {dagbag.py:540} INFO - Filling up the DagBag from /home/airflow/.local/lib/python3.8/site-packages/airflow/example_dags/example_branch_labels.py
[2024-04-05T05:58:44.345+0000] {processor.py:840} INFO - DAG(s) 'example_branch_labels' retrieved from /home/airflow/.local/lib/python3.8/site-packages/airflow/example_dags/example_branch_labels.py
[2024-04-05T05:58:44.389+0000] {logging_mixin.py:188} INFO - [2024-04-05T05:58:44.388+0000] {dag.py:3047} INFO - Sync 1 DAGs
[2024-04-05T05:58:44.423+0000] {logging_mixin.py:188} INFO - [2024-04-05T05:58:44.423+0000] {dag.py:3834} INFO - Setting next_dagrun for example_branch_labels to 2024-04-04 00:00:00+00:00, run_after=2024-04-05 00:00:00+00:00
[2024-04-05T05:58:44.455+0000] {processor.py:183} INFO - Processing /home/airflow/.local/lib/python3.8/site-packages/airflow/example_dags/example_branch_labels.py took 0.133 seconds
[2024-04-05T05:59:14.608+0000] {processor.py:161} INFO - Started process (PID=2107) to work on /home/airflow/.local/lib/python3.8/site-packages/airflow/example_dags/example_branch_labels.py
[2024-04-05T05:59:14.610+0000] {processor.py:830} INFO - Processing file /home/airflow/.local/lib/python3.8/site-packages/airflow/example_dags/example_branch_labels.py for tasks to queue
[2024-04-05T05:59:14.611+0000] {logging_mixin.py:188} INFO - [2024-04-05T05:59:14.611+0000] {dagbag.py:540} INFO - Filling up the DagBag from /home/airflow/.local/lib/python3.8/site-packages/airflow/example_dags/example_branch_labels.py
[2024-04-05T05:59:14.625+0000] {processor.py:840} INFO - DAG(s) 'example_branch_labels' retrieved from /home/airflow/.local/lib/python3.8/site-packages/airflow/example_dags/example_branch_labels.py
[2024-04-05T05:59:14.660+0000] {logging_mixin.py:188} INFO - [2024-04-05T05:59:14.660+0000] {dag.py:3047} INFO - Sync 1 DAGs
[2024-04-05T05:59:14.698+0000] {logging_mixin.py:188} INFO - [2024-04-05T05:59:14.698+0000] {dag.py:3834} INFO - Setting next_dagrun for example_branch_labels to 2024-04-04 00:00:00+00:00, run_after=2024-04-05 00:00:00+00:00
[2024-04-05T05:59:14.727+0000] {processor.py:183} INFO - Processing /home/airflow/.local/lib/python3.8/site-packages/airflow/example_dags/example_branch_labels.py took 0.124 seconds
[2024-04-05T05:59:45.066+0000] {processor.py:161} INFO - Started process (PID=2164) to work on /home/airflow/.local/lib/python3.8/site-packages/airflow/example_dags/example_branch_labels.py
[2024-04-05T05:59:45.067+0000] {processor.py:830} INFO - Processing file /home/airflow/.local/lib/python3.8/site-packages/airflow/example_dags/example_branch_labels.py for tasks to queue
[2024-04-05T05:59:45.069+0000] {logging_mixin.py:188} INFO - [2024-04-05T05:59:45.069+0000] {dagbag.py:540} INFO - Filling up the DagBag from /home/airflow/.local/lib/python3.8/site-packages/airflow/example_dags/example_branch_labels.py
[2024-04-05T05:59:45.083+0000] {processor.py:840} INFO - DAG(s) 'example_branch_labels' retrieved from /home/airflow/.local/lib/python3.8/site-packages/airflow/example_dags/example_branch_labels.py
[2024-04-05T05:59:45.120+0000] {logging_mixin.py:188} INFO - [2024-04-05T05:59:45.120+0000] {dag.py:3047} INFO - Sync 1 DAGs
[2024-04-05T05:59:45.154+0000] {logging_mixin.py:188} INFO - [2024-04-05T05:59:45.154+0000] {dag.py:3834} INFO - Setting next_dagrun for example_branch_labels to 2024-04-04 00:00:00+00:00, run_after=2024-04-05 00:00:00+00:00
[2024-04-05T05:59:45.186+0000] {processor.py:183} INFO - Processing /home/airflow/.local/lib/python3.8/site-packages/airflow/example_dags/example_branch_labels.py took 0.126 seconds
[2024-04-05T06:00:15.395+0000] {processor.py:161} INFO - Started process (PID=2221) to work on /home/airflow/.local/lib/python3.8/site-packages/airflow/example_dags/example_branch_labels.py
[2024-04-05T06:00:15.396+0000] {processor.py:830} INFO - Processing file /home/airflow/.local/lib/python3.8/site-packages/airflow/example_dags/example_branch_labels.py for tasks to queue
[2024-04-05T06:00:15.398+0000] {logging_mixin.py:188} INFO - [2024-04-05T06:00:15.398+0000] {dagbag.py:540} INFO - Filling up the DagBag from /home/airflow/.local/lib/python3.8/site-packages/airflow/example_dags/example_branch_labels.py
[2024-04-05T06:00:15.411+0000] {processor.py:840} INFO - DAG(s) 'example_branch_labels' retrieved from /home/airflow/.local/lib/python3.8/site-packages/airflow/example_dags/example_branch_labels.py
[2024-04-05T06:00:15.448+0000] {logging_mixin.py:188} INFO - [2024-04-05T06:00:15.448+0000] {dag.py:3047} INFO - Sync 1 DAGs
[2024-04-05T06:00:15.487+0000] {logging_mixin.py:188} INFO - [2024-04-05T06:00:15.487+0000] {dag.py:3834} INFO - Setting next_dagrun for example_branch_labels to 2024-04-04 00:00:00+00:00, run_after=2024-04-05 00:00:00+00:00
[2024-04-05T06:00:15.519+0000] {processor.py:183} INFO - Processing /home/airflow/.local/lib/python3.8/site-packages/airflow/example_dags/example_branch_labels.py took 0.130 seconds
[2024-04-05T06:00:45.854+0000] {processor.py:161} INFO - Started process (PID=2278) to work on /home/airflow/.local/lib/python3.8/site-packages/airflow/example_dags/example_branch_labels.py
[2024-04-05T06:00:45.856+0000] {processor.py:830} INFO - Processing file /home/airflow/.local/lib/python3.8/site-packages/airflow/example_dags/example_branch_labels.py for tasks to queue
[2024-04-05T06:00:45.858+0000] {logging_mixin.py:188} INFO - [2024-04-05T06:00:45.857+0000] {dagbag.py:540} INFO - Filling up the DagBag from /home/airflow/.local/lib/python3.8/site-packages/airflow/example_dags/example_branch_labels.py
[2024-04-05T06:00:45.870+0000] {processor.py:840} INFO - DAG(s) 'example_branch_labels' retrieved from /home/airflow/.local/lib/python3.8/site-packages/airflow/example_dags/example_branch_labels.py
[2024-04-05T06:00:45.910+0000] {logging_mixin.py:188} INFO - [2024-04-05T06:00:45.910+0000] {dag.py:3047} INFO - Sync 1 DAGs
[2024-04-05T06:00:45.946+0000] {logging_mixin.py:188} INFO - [2024-04-05T06:00:45.946+0000] {dag.py:3834} INFO - Setting next_dagrun for example_branch_labels to 2024-04-04 00:00:00+00:00, run_after=2024-04-05 00:00:00+00:00
[2024-04-05T06:00:45.982+0000] {processor.py:183} INFO - Processing /home/airflow/.local/lib/python3.8/site-packages/airflow/example_dags/example_branch_labels.py took 0.132 seconds
[2024-04-05T06:01:16.124+0000] {processor.py:161} INFO - Started process (PID=2335) to work on /home/airflow/.local/lib/python3.8/site-packages/airflow/example_dags/example_branch_labels.py
[2024-04-05T06:01:16.126+0000] {processor.py:830} INFO - Processing file /home/airflow/.local/lib/python3.8/site-packages/airflow/example_dags/example_branch_labels.py for tasks to queue
[2024-04-05T06:01:16.128+0000] {logging_mixin.py:188} INFO - [2024-04-05T06:01:16.127+0000] {dagbag.py:540} INFO - Filling up the DagBag from /home/airflow/.local/lib/python3.8/site-packages/airflow/example_dags/example_branch_labels.py
[2024-04-05T06:01:16.141+0000] {processor.py:840} INFO - DAG(s) 'example_branch_labels' retrieved from /home/airflow/.local/lib/python3.8/site-packages/airflow/example_dags/example_branch_labels.py
[2024-04-05T06:01:16.177+0000] {logging_mixin.py:188} INFO - [2024-04-05T06:01:16.177+0000] {dag.py:3047} INFO - Sync 1 DAGs
[2024-04-05T06:01:16.213+0000] {logging_mixin.py:188} INFO - [2024-04-05T06:01:16.213+0000] {dag.py:3834} INFO - Setting next_dagrun for example_branch_labels to 2024-04-04 00:00:00+00:00, run_after=2024-04-05 00:00:00+00:00
[2024-04-05T06:01:16.244+0000] {processor.py:183} INFO - Processing /home/airflow/.local/lib/python3.8/site-packages/airflow/example_dags/example_branch_labels.py took 0.126 seconds
[2024-04-05T06:01:46.405+0000] {processor.py:161} INFO - Started process (PID=2392) to work on /home/airflow/.local/lib/python3.8/site-packages/airflow/example_dags/example_branch_labels.py
[2024-04-05T06:01:46.407+0000] {processor.py:830} INFO - Processing file /home/airflow/.local/lib/python3.8/site-packages/airflow/example_dags/example_branch_labels.py for tasks to queue
[2024-04-05T06:01:46.409+0000] {logging_mixin.py:188} INFO - [2024-04-05T06:01:46.409+0000] {dagbag.py:540} INFO - Filling up the DagBag from /home/airflow/.local/lib/python3.8/site-packages/airflow/example_dags/example_branch_labels.py
[2024-04-05T06:01:46.431+0000] {processor.py:840} INFO - DAG(s) 'example_branch_labels' retrieved from /home/airflow/.local/lib/python3.8/site-packages/airflow/example_dags/example_branch_labels.py
[2024-04-05T06:01:46.490+0000] {logging_mixin.py:188} INFO - [2024-04-05T06:01:46.490+0000] {dag.py:3047} INFO - Sync 1 DAGs
[2024-04-05T06:01:46.553+0000] {logging_mixin.py:188} INFO - [2024-04-05T06:01:46.553+0000] {dag.py:3834} INFO - Setting next_dagrun for example_branch_labels to 2024-04-04 00:00:00+00:00, run_after=2024-04-05 00:00:00+00:00
[2024-04-05T06:01:46.586+0000] {processor.py:183} INFO - Processing /home/airflow/.local/lib/python3.8/site-packages/airflow/example_dags/example_branch_labels.py took 0.191 seconds
[2024-04-05T06:02:16.767+0000] {processor.py:161} INFO - Started process (PID=2449) to work on /home/airflow/.local/lib/python3.8/site-packages/airflow/example_dags/example_branch_labels.py
[2024-04-05T06:02:16.769+0000] {processor.py:830} INFO - Processing file /home/airflow/.local/lib/python3.8/site-packages/airflow/example_dags/example_branch_labels.py for tasks to queue
[2024-04-05T06:02:16.770+0000] {logging_mixin.py:188} INFO - [2024-04-05T06:02:16.770+0000] {dagbag.py:540} INFO - Filling up the DagBag from /home/airflow/.local/lib/python3.8/site-packages/airflow/example_dags/example_branch_labels.py
[2024-04-05T06:02:16.783+0000] {processor.py:840} INFO - DAG(s) 'example_branch_labels' retrieved from /home/airflow/.local/lib/python3.8/site-packages/airflow/example_dags/example_branch_labels.py
[2024-04-05T06:02:16.819+0000] {logging_mixin.py:188} INFO - [2024-04-05T06:02:16.819+0000] {dag.py:3047} INFO - Sync 1 DAGs
[2024-04-05T06:02:16.857+0000] {logging_mixin.py:188} INFO - [2024-04-05T06:02:16.856+0000] {dag.py:3834} INFO - Setting next_dagrun for example_branch_labels to 2024-04-04 00:00:00+00:00, run_after=2024-04-05 00:00:00+00:00
[2024-04-05T06:02:16.889+0000] {processor.py:183} INFO - Processing /home/airflow/.local/lib/python3.8/site-packages/airflow/example_dags/example_branch_labels.py took 0.127 seconds
[2024-04-05T06:02:47.524+0000] {processor.py:161} INFO - Started process (PID=2506) to work on /home/airflow/.local/lib/python3.8/site-packages/airflow/example_dags/example_branch_labels.py
[2024-04-05T06:02:47.526+0000] {processor.py:830} INFO - Processing file /home/airflow/.local/lib/python3.8/site-packages/airflow/example_dags/example_branch_labels.py for tasks to queue
[2024-04-05T06:02:47.528+0000] {logging_mixin.py:188} INFO - [2024-04-05T06:02:47.528+0000] {dagbag.py:540} INFO - Filling up the DagBag from /home/airflow/.local/lib/python3.8/site-packages/airflow/example_dags/example_branch_labels.py
[2024-04-05T06:02:47.550+0000] {processor.py:840} INFO - DAG(s) 'example_branch_labels' retrieved from /home/airflow/.local/lib/python3.8/site-packages/airflow/example_dags/example_branch_labels.py
[2024-04-05T06:02:47.596+0000] {logging_mixin.py:188} INFO - [2024-04-05T06:02:47.595+0000] {dag.py:3047} INFO - Sync 1 DAGs
[2024-04-05T06:02:47.638+0000] {logging_mixin.py:188} INFO - [2024-04-05T06:02:47.638+0000] {dag.py:3834} INFO - Setting next_dagrun for example_branch_labels to 2024-04-04 00:00:00+00:00, run_after=2024-04-05 00:00:00+00:00
[2024-04-05T06:02:47.667+0000] {processor.py:183} INFO - Processing /home/airflow/.local/lib/python3.8/site-packages/airflow/example_dags/example_branch_labels.py took 0.149 seconds
[2024-04-05T06:03:18.081+0000] {processor.py:161} INFO - Started process (PID=2563) to work on /home/airflow/.local/lib/python3.8/site-packages/airflow/example_dags/example_branch_labels.py
[2024-04-05T06:03:18.084+0000] {processor.py:830} INFO - Processing file /home/airflow/.local/lib/python3.8/site-packages/airflow/example_dags/example_branch_labels.py for tasks to queue
[2024-04-05T06:03:18.085+0000] {logging_mixin.py:188} INFO - [2024-04-05T06:03:18.085+0000] {dagbag.py:540} INFO - Filling up the DagBag from /home/airflow/.local/lib/python3.8/site-packages/airflow/example_dags/example_branch_labels.py
[2024-04-05T06:03:18.104+0000] {processor.py:840} INFO - DAG(s) 'example_branch_labels' retrieved from /home/airflow/.local/lib/python3.8/site-packages/airflow/example_dags/example_branch_labels.py
[2024-04-05T06:03:18.162+0000] {logging_mixin.py:188} INFO - [2024-04-05T06:03:18.161+0000] {dag.py:3047} INFO - Sync 1 DAGs
[2024-04-05T06:03:18.228+0000] {logging_mixin.py:188} INFO - [2024-04-05T06:03:18.227+0000] {dag.py:3834} INFO - Setting next_dagrun for example_branch_labels to 2024-04-04 00:00:00+00:00, run_after=2024-04-05 00:00:00+00:00
[2024-04-05T06:03:18.270+0000] {processor.py:183} INFO - Processing /home/airflow/.local/lib/python3.8/site-packages/airflow/example_dags/example_branch_labels.py took 0.197 seconds
[2024-04-05T06:03:48.472+0000] {processor.py:161} INFO - Started process (PID=2620) to work on /home/airflow/.local/lib/python3.8/site-packages/airflow/example_dags/example_branch_labels.py
[2024-04-05T06:03:48.475+0000] {processor.py:830} INFO - Processing file /home/airflow/.local/lib/python3.8/site-packages/airflow/example_dags/example_branch_labels.py for tasks to queue
[2024-04-05T06:03:48.477+0000] {logging_mixin.py:188} INFO - [2024-04-05T06:03:48.476+0000] {dagbag.py:540} INFO - Filling up the DagBag from /home/airflow/.local/lib/python3.8/site-packages/airflow/example_dags/example_branch_labels.py
[2024-04-05T06:03:48.494+0000] {processor.py:840} INFO - DAG(s) 'example_branch_labels' retrieved from /home/airflow/.local/lib/python3.8/site-packages/airflow/example_dags/example_branch_labels.py
[2024-04-05T06:03:48.533+0000] {logging_mixin.py:188} INFO - [2024-04-05T06:03:48.532+0000] {dag.py:3047} INFO - Sync 1 DAGs
[2024-04-05T06:03:48.575+0000] {logging_mixin.py:188} INFO - [2024-04-05T06:03:48.575+0000] {dag.py:3834} INFO - Setting next_dagrun for example_branch_labels to 2024-04-04 00:00:00+00:00, run_after=2024-04-05 00:00:00+00:00
[2024-04-05T06:03:48.607+0000] {processor.py:183} INFO - Processing /home/airflow/.local/lib/python3.8/site-packages/airflow/example_dags/example_branch_labels.py took 0.141 seconds
[2024-04-05T06:04:18.927+0000] {processor.py:161} INFO - Started process (PID=2677) to work on /home/airflow/.local/lib/python3.8/site-packages/airflow/example_dags/example_branch_labels.py
[2024-04-05T06:04:18.930+0000] {processor.py:830} INFO - Processing file /home/airflow/.local/lib/python3.8/site-packages/airflow/example_dags/example_branch_labels.py for tasks to queue
[2024-04-05T06:04:18.932+0000] {logging_mixin.py:188} INFO - [2024-04-05T06:04:18.932+0000] {dagbag.py:540} INFO - Filling up the DagBag from /home/airflow/.local/lib/python3.8/site-packages/airflow/example_dags/example_branch_labels.py
[2024-04-05T06:04:18.961+0000] {processor.py:840} INFO - DAG(s) 'example_branch_labels' retrieved from /home/airflow/.local/lib/python3.8/site-packages/airflow/example_dags/example_branch_labels.py
[2024-04-05T06:04:19.025+0000] {logging_mixin.py:188} INFO - [2024-04-05T06:04:19.025+0000] {dag.py:3047} INFO - Sync 1 DAGs
[2024-04-05T06:04:19.095+0000] {logging_mixin.py:188} INFO - [2024-04-05T06:04:19.095+0000] {dag.py:3834} INFO - Setting next_dagrun for example_branch_labels to 2024-04-04 00:00:00+00:00, run_after=2024-04-05 00:00:00+00:00
[2024-04-05T06:04:19.149+0000] {processor.py:183} INFO - Processing /home/airflow/.local/lib/python3.8/site-packages/airflow/example_dags/example_branch_labels.py took 0.231 seconds
[2024-04-05T06:04:50.002+0000] {processor.py:161} INFO - Started process (PID=2734) to work on /home/airflow/.local/lib/python3.8/site-packages/airflow/example_dags/example_branch_labels.py
[2024-04-05T06:04:50.005+0000] {processor.py:830} INFO - Processing file /home/airflow/.local/lib/python3.8/site-packages/airflow/example_dags/example_branch_labels.py for tasks to queue
[2024-04-05T06:04:50.011+0000] {logging_mixin.py:188} INFO - [2024-04-05T06:04:50.010+0000] {dagbag.py:540} INFO - Filling up the DagBag from /home/airflow/.local/lib/python3.8/site-packages/airflow/example_dags/example_branch_labels.py
[2024-04-05T06:04:50.049+0000] {processor.py:840} INFO - DAG(s) 'example_branch_labels' retrieved from /home/airflow/.local/lib/python3.8/site-packages/airflow/example_dags/example_branch_labels.py
[2024-04-05T06:04:50.124+0000] {logging_mixin.py:188} INFO - [2024-04-05T06:04:50.124+0000] {dag.py:3047} INFO - Sync 1 DAGs
[2024-04-05T06:04:50.192+0000] {logging_mixin.py:188} INFO - [2024-04-05T06:04:50.191+0000] {dag.py:3834} INFO - Setting next_dagrun for example_branch_labels to 2024-04-04 00:00:00+00:00, run_after=2024-04-05 00:00:00+00:00
[2024-04-05T06:04:50.242+0000] {processor.py:183} INFO - Processing /home/airflow/.local/lib/python3.8/site-packages/airflow/example_dags/example_branch_labels.py took 0.248 seconds
