[2024-04-05T05:40:38.498+0000] {processor.py:161} INFO - Started process (PID=61) to work on /home/airflow/.local/lib/python3.8/site-packages/airflow/example_dags/example_sensor_decorator.py
[2024-04-05T05:40:38.536+0000] {processor.py:830} INFO - Processing file /home/airflow/.local/lib/python3.8/site-packages/airflow/example_dags/example_sensor_decorator.py for tasks to queue
[2024-04-05T05:40:38.576+0000] {logging_mixin.py:188} INFO - [2024-04-05T05:40:38.575+0000] {dagbag.py:540} INFO - Filling up the DagBag from /home/airflow/.local/lib/python3.8/site-packages/airflow/example_dags/example_sensor_decorator.py
[2024-04-05T05:40:38.674+0000] {processor.py:840} INFO - DAG(s) 'example_sensor_decorator' retrieved from /home/airflow/.local/lib/python3.8/site-packages/airflow/example_dags/example_sensor_decorator.py
[2024-04-05T05:40:38.907+0000] {logging_mixin.py:188} INFO - [2024-04-05T05:40:38.904+0000] {dag.py:3047} INFO - Sync 1 DAGs
[2024-04-05T05:40:39.136+0000] {logging_mixin.py:188} INFO - [2024-04-05T05:40:39.136+0000] {dag.py:3834} INFO - Setting next_dagrun for example_sensor_decorator to None, run_after=None
[2024-04-05T05:40:39.290+0000] {processor.py:183} INFO - Processing /home/airflow/.local/lib/python3.8/site-packages/airflow/example_dags/example_sensor_decorator.py took 0.977 seconds
[2024-04-05T05:41:27.579+0000] {processor.py:161} INFO - Started process (PID=118) to work on /home/airflow/.local/lib/python3.8/site-packages/airflow/example_dags/example_sensor_decorator.py
[2024-04-05T05:41:27.590+0000] {processor.py:830} INFO - Processing file /home/airflow/.local/lib/python3.8/site-packages/airflow/example_dags/example_sensor_decorator.py for tasks to queue
[2024-04-05T05:41:27.600+0000] {logging_mixin.py:188} INFO - [2024-04-05T05:41:27.599+0000] {dagbag.py:540} INFO - Filling up the DagBag from /home/airflow/.local/lib/python3.8/site-packages/airflow/example_dags/example_sensor_decorator.py
[2024-04-05T05:41:27.654+0000] {processor.py:840} INFO - DAG(s) 'example_sensor_decorator' retrieved from /home/airflow/.local/lib/python3.8/site-packages/airflow/example_dags/example_sensor_decorator.py
[2024-04-05T05:41:28.604+0000] {logging_mixin.py:188} INFO - [2024-04-05T05:41:28.596+0000] {dag.py:3047} INFO - Sync 1 DAGs
[2024-04-05T05:41:28.771+0000] {logging_mixin.py:188} INFO - [2024-04-05T05:41:28.770+0000] {dag.py:3834} INFO - Setting next_dagrun for example_sensor_decorator to None, run_after=None
[2024-04-05T05:41:29.165+0000] {processor.py:183} INFO - Processing /home/airflow/.local/lib/python3.8/site-packages/airflow/example_dags/example_sensor_decorator.py took 1.596 seconds
[2024-04-05T05:42:00.000+0000] {processor.py:161} INFO - Started process (PID=175) to work on /home/airflow/.local/lib/python3.8/site-packages/airflow/example_dags/example_sensor_decorator.py
[2024-04-05T05:42:00.002+0000] {processor.py:830} INFO - Processing file /home/airflow/.local/lib/python3.8/site-packages/airflow/example_dags/example_sensor_decorator.py for tasks to queue
[2024-04-05T05:42:00.008+0000] {logging_mixin.py:188} INFO - [2024-04-05T05:42:00.007+0000] {dagbag.py:540} INFO - Filling up the DagBag from /home/airflow/.local/lib/python3.8/site-packages/airflow/example_dags/example_sensor_decorator.py
[2024-04-05T05:42:00.030+0000] {processor.py:840} INFO - DAG(s) 'example_sensor_decorator' retrieved from /home/airflow/.local/lib/python3.8/site-packages/airflow/example_dags/example_sensor_decorator.py
[2024-04-05T05:42:00.092+0000] {logging_mixin.py:188} INFO - [2024-04-05T05:42:00.091+0000] {dag.py:3047} INFO - Sync 1 DAGs
[2024-04-05T05:42:00.126+0000] {logging_mixin.py:188} INFO - [2024-04-05T05:42:00.125+0000] {dag.py:3834} INFO - Setting next_dagrun for example_sensor_decorator to None, run_after=None
[2024-04-05T05:42:00.173+0000] {processor.py:183} INFO - Processing /home/airflow/.local/lib/python3.8/site-packages/airflow/example_dags/example_sensor_decorator.py took 0.184 seconds
[2024-04-05T05:42:30.364+0000] {processor.py:161} INFO - Started process (PID=232) to work on /home/airflow/.local/lib/python3.8/site-packages/airflow/example_dags/example_sensor_decorator.py
[2024-04-05T05:42:30.367+0000] {processor.py:830} INFO - Processing file /home/airflow/.local/lib/python3.8/site-packages/airflow/example_dags/example_sensor_decorator.py for tasks to queue
[2024-04-05T05:42:30.372+0000] {logging_mixin.py:188} INFO - [2024-04-05T05:42:30.370+0000] {dagbag.py:540} INFO - Filling up the DagBag from /home/airflow/.local/lib/python3.8/site-packages/airflow/example_dags/example_sensor_decorator.py
[2024-04-05T05:42:30.384+0000] {processor.py:840} INFO - DAG(s) 'example_sensor_decorator' retrieved from /home/airflow/.local/lib/python3.8/site-packages/airflow/example_dags/example_sensor_decorator.py
[2024-04-05T05:42:30.426+0000] {logging_mixin.py:188} INFO - [2024-04-05T05:42:30.426+0000] {dag.py:3047} INFO - Sync 1 DAGs
[2024-04-05T05:42:30.450+0000] {logging_mixin.py:188} INFO - [2024-04-05T05:42:30.450+0000] {dag.py:3834} INFO - Setting next_dagrun for example_sensor_decorator to None, run_after=None
[2024-04-05T05:42:30.497+0000] {processor.py:183} INFO - Processing /home/airflow/.local/lib/python3.8/site-packages/airflow/example_dags/example_sensor_decorator.py took 0.138 seconds
[2024-04-05T05:43:01.133+0000] {processor.py:161} INFO - Started process (PID=292) to work on /home/airflow/.local/lib/python3.8/site-packages/airflow/example_dags/example_sensor_decorator.py
[2024-04-05T05:43:01.135+0000] {processor.py:830} INFO - Processing file /home/airflow/.local/lib/python3.8/site-packages/airflow/example_dags/example_sensor_decorator.py for tasks to queue
[2024-04-05T05:43:01.139+0000] {logging_mixin.py:188} INFO - [2024-04-05T05:43:01.138+0000] {dagbag.py:540} INFO - Filling up the DagBag from /home/airflow/.local/lib/python3.8/site-packages/airflow/example_dags/example_sensor_decorator.py
[2024-04-05T05:43:01.148+0000] {processor.py:840} INFO - DAG(s) 'example_sensor_decorator' retrieved from /home/airflow/.local/lib/python3.8/site-packages/airflow/example_dags/example_sensor_decorator.py
[2024-04-05T05:43:01.184+0000] {logging_mixin.py:188} INFO - [2024-04-05T05:43:01.184+0000] {dag.py:3047} INFO - Sync 1 DAGs
[2024-04-05T05:43:01.206+0000] {logging_mixin.py:188} INFO - [2024-04-05T05:43:01.205+0000] {dag.py:3834} INFO - Setting next_dagrun for example_sensor_decorator to None, run_after=None
[2024-04-05T05:43:01.234+0000] {processor.py:183} INFO - Processing /home/airflow/.local/lib/python3.8/site-packages/airflow/example_dags/example_sensor_decorator.py took 0.107 seconds
[2024-04-05T05:43:31.461+0000] {processor.py:161} INFO - Started process (PID=349) to work on /home/airflow/.local/lib/python3.8/site-packages/airflow/example_dags/example_sensor_decorator.py
[2024-04-05T05:43:31.464+0000] {processor.py:830} INFO - Processing file /home/airflow/.local/lib/python3.8/site-packages/airflow/example_dags/example_sensor_decorator.py for tasks to queue
[2024-04-05T05:43:31.469+0000] {logging_mixin.py:188} INFO - [2024-04-05T05:43:31.468+0000] {dagbag.py:540} INFO - Filling up the DagBag from /home/airflow/.local/lib/python3.8/site-packages/airflow/example_dags/example_sensor_decorator.py
[2024-04-05T05:43:31.486+0000] {processor.py:840} INFO - DAG(s) 'example_sensor_decorator' retrieved from /home/airflow/.local/lib/python3.8/site-packages/airflow/example_dags/example_sensor_decorator.py
[2024-04-05T05:43:31.534+0000] {logging_mixin.py:188} INFO - [2024-04-05T05:43:31.534+0000] {dag.py:3047} INFO - Sync 1 DAGs
[2024-04-05T05:43:31.565+0000] {logging_mixin.py:188} INFO - [2024-04-05T05:43:31.565+0000] {dag.py:3834} INFO - Setting next_dagrun for example_sensor_decorator to None, run_after=None
[2024-04-05T05:43:31.598+0000] {processor.py:183} INFO - Processing /home/airflow/.local/lib/python3.8/site-packages/airflow/example_dags/example_sensor_decorator.py took 0.146 seconds
[2024-04-05T05:44:02.479+0000] {processor.py:161} INFO - Started process (PID=406) to work on /home/airflow/.local/lib/python3.8/site-packages/airflow/example_dags/example_sensor_decorator.py
[2024-04-05T05:44:02.481+0000] {processor.py:830} INFO - Processing file /home/airflow/.local/lib/python3.8/site-packages/airflow/example_dags/example_sensor_decorator.py for tasks to queue
[2024-04-05T05:44:02.485+0000] {logging_mixin.py:188} INFO - [2024-04-05T05:44:02.484+0000] {dagbag.py:540} INFO - Filling up the DagBag from /home/airflow/.local/lib/python3.8/site-packages/airflow/example_dags/example_sensor_decorator.py
[2024-04-05T05:44:02.500+0000] {processor.py:840} INFO - DAG(s) 'example_sensor_decorator' retrieved from /home/airflow/.local/lib/python3.8/site-packages/airflow/example_dags/example_sensor_decorator.py
[2024-04-05T05:44:02.539+0000] {logging_mixin.py:188} INFO - [2024-04-05T05:44:02.538+0000] {dag.py:3047} INFO - Sync 1 DAGs
[2024-04-05T05:44:02.566+0000] {logging_mixin.py:188} INFO - [2024-04-05T05:44:02.565+0000] {dag.py:3834} INFO - Setting next_dagrun for example_sensor_decorator to None, run_after=None
[2024-04-05T05:44:02.607+0000] {processor.py:183} INFO - Processing /home/airflow/.local/lib/python3.8/site-packages/airflow/example_dags/example_sensor_decorator.py took 0.135 seconds
[2024-04-05T05:44:33.321+0000] {processor.py:161} INFO - Started process (PID=463) to work on /home/airflow/.local/lib/python3.8/site-packages/airflow/example_dags/example_sensor_decorator.py
[2024-04-05T05:44:33.325+0000] {processor.py:830} INFO - Processing file /home/airflow/.local/lib/python3.8/site-packages/airflow/example_dags/example_sensor_decorator.py for tasks to queue
[2024-04-05T05:44:33.331+0000] {logging_mixin.py:188} INFO - [2024-04-05T05:44:33.330+0000] {dagbag.py:540} INFO - Filling up the DagBag from /home/airflow/.local/lib/python3.8/site-packages/airflow/example_dags/example_sensor_decorator.py
[2024-04-05T05:44:33.381+0000] {processor.py:840} INFO - DAG(s) 'example_sensor_decorator' retrieved from /home/airflow/.local/lib/python3.8/site-packages/airflow/example_dags/example_sensor_decorator.py
[2024-04-05T05:44:33.507+0000] {logging_mixin.py:188} INFO - [2024-04-05T05:44:33.506+0000] {dag.py:3047} INFO - Sync 1 DAGs
[2024-04-05T05:44:33.623+0000] {logging_mixin.py:188} INFO - [2024-04-05T05:44:33.623+0000] {dag.py:3834} INFO - Setting next_dagrun for example_sensor_decorator to None, run_after=None
[2024-04-05T05:44:33.752+0000] {processor.py:183} INFO - Processing /home/airflow/.local/lib/python3.8/site-packages/airflow/example_dags/example_sensor_decorator.py took 0.455 seconds
[2024-04-05T05:45:04.776+0000] {processor.py:161} INFO - Started process (PID=520) to work on /home/airflow/.local/lib/python3.8/site-packages/airflow/example_dags/example_sensor_decorator.py
[2024-04-05T05:45:04.778+0000] {processor.py:830} INFO - Processing file /home/airflow/.local/lib/python3.8/site-packages/airflow/example_dags/example_sensor_decorator.py for tasks to queue
[2024-04-05T05:45:04.781+0000] {logging_mixin.py:188} INFO - [2024-04-05T05:45:04.780+0000] {dagbag.py:540} INFO - Filling up the DagBag from /home/airflow/.local/lib/python3.8/site-packages/airflow/example_dags/example_sensor_decorator.py
[2024-04-05T05:45:04.798+0000] {processor.py:840} INFO - DAG(s) 'example_sensor_decorator' retrieved from /home/airflow/.local/lib/python3.8/site-packages/airflow/example_dags/example_sensor_decorator.py
[2024-04-05T05:45:04.864+0000] {logging_mixin.py:188} INFO - [2024-04-05T05:45:04.863+0000] {dag.py:3047} INFO - Sync 1 DAGs
[2024-04-05T05:45:04.892+0000] {logging_mixin.py:188} INFO - [2024-04-05T05:45:04.891+0000] {dag.py:3834} INFO - Setting next_dagrun for example_sensor_decorator to None, run_after=None
[2024-04-05T05:45:04.936+0000] {processor.py:183} INFO - Processing /home/airflow/.local/lib/python3.8/site-packages/airflow/example_dags/example_sensor_decorator.py took 0.167 seconds
[2024-04-05T05:45:35.393+0000] {processor.py:161} INFO - Started process (PID=577) to work on /home/airflow/.local/lib/python3.8/site-packages/airflow/example_dags/example_sensor_decorator.py
[2024-04-05T05:45:35.395+0000] {processor.py:830} INFO - Processing file /home/airflow/.local/lib/python3.8/site-packages/airflow/example_dags/example_sensor_decorator.py for tasks to queue
[2024-04-05T05:45:35.398+0000] {logging_mixin.py:188} INFO - [2024-04-05T05:45:35.397+0000] {dagbag.py:540} INFO - Filling up the DagBag from /home/airflow/.local/lib/python3.8/site-packages/airflow/example_dags/example_sensor_decorator.py
[2024-04-05T05:45:35.415+0000] {processor.py:840} INFO - DAG(s) 'example_sensor_decorator' retrieved from /home/airflow/.local/lib/python3.8/site-packages/airflow/example_dags/example_sensor_decorator.py
[2024-04-05T05:45:35.468+0000] {logging_mixin.py:188} INFO - [2024-04-05T05:45:35.468+0000] {dag.py:3047} INFO - Sync 1 DAGs
[2024-04-05T05:45:35.499+0000] {logging_mixin.py:188} INFO - [2024-04-05T05:45:35.498+0000] {dag.py:3834} INFO - Setting next_dagrun for example_sensor_decorator to None, run_after=None
[2024-04-05T05:45:35.566+0000] {processor.py:183} INFO - Processing /home/airflow/.local/lib/python3.8/site-packages/airflow/example_dags/example_sensor_decorator.py took 0.179 seconds
[2024-04-05T05:46:06.081+0000] {processor.py:161} INFO - Started process (PID=634) to work on /home/airflow/.local/lib/python3.8/site-packages/airflow/example_dags/example_sensor_decorator.py
[2024-04-05T05:46:06.084+0000] {processor.py:830} INFO - Processing file /home/airflow/.local/lib/python3.8/site-packages/airflow/example_dags/example_sensor_decorator.py for tasks to queue
[2024-04-05T05:46:06.088+0000] {logging_mixin.py:188} INFO - [2024-04-05T05:46:06.087+0000] {dagbag.py:540} INFO - Filling up the DagBag from /home/airflow/.local/lib/python3.8/site-packages/airflow/example_dags/example_sensor_decorator.py
[2024-04-05T05:46:06.106+0000] {processor.py:840} INFO - DAG(s) 'example_sensor_decorator' retrieved from /home/airflow/.local/lib/python3.8/site-packages/airflow/example_dags/example_sensor_decorator.py
[2024-04-05T05:46:06.170+0000] {logging_mixin.py:188} INFO - [2024-04-05T05:46:06.170+0000] {dag.py:3047} INFO - Sync 1 DAGs
[2024-04-05T05:46:06.242+0000] {logging_mixin.py:188} INFO - [2024-04-05T05:46:06.240+0000] {dag.py:3834} INFO - Setting next_dagrun for example_sensor_decorator to None, run_after=None
[2024-04-05T05:46:06.298+0000] {processor.py:183} INFO - Processing /home/airflow/.local/lib/python3.8/site-packages/airflow/example_dags/example_sensor_decorator.py took 0.226 seconds
[2024-04-05T05:46:36.534+0000] {processor.py:161} INFO - Started process (PID=691) to work on /home/airflow/.local/lib/python3.8/site-packages/airflow/example_dags/example_sensor_decorator.py
[2024-04-05T05:46:36.537+0000] {processor.py:830} INFO - Processing file /home/airflow/.local/lib/python3.8/site-packages/airflow/example_dags/example_sensor_decorator.py for tasks to queue
[2024-04-05T05:46:36.540+0000] {logging_mixin.py:188} INFO - [2024-04-05T05:46:36.539+0000] {dagbag.py:540} INFO - Filling up the DagBag from /home/airflow/.local/lib/python3.8/site-packages/airflow/example_dags/example_sensor_decorator.py
[2024-04-05T05:46:36.555+0000] {processor.py:840} INFO - DAG(s) 'example_sensor_decorator' retrieved from /home/airflow/.local/lib/python3.8/site-packages/airflow/example_dags/example_sensor_decorator.py
[2024-04-05T05:46:36.598+0000] {logging_mixin.py:188} INFO - [2024-04-05T05:46:36.598+0000] {dag.py:3047} INFO - Sync 1 DAGs
[2024-04-05T05:46:36.623+0000] {logging_mixin.py:188} INFO - [2024-04-05T05:46:36.622+0000] {dag.py:3834} INFO - Setting next_dagrun for example_sensor_decorator to None, run_after=None
[2024-04-05T05:46:36.657+0000] {processor.py:183} INFO - Processing /home/airflow/.local/lib/python3.8/site-packages/airflow/example_dags/example_sensor_decorator.py took 0.132 seconds
[2024-04-05T05:47:07.205+0000] {processor.py:161} INFO - Started process (PID=752) to work on /home/airflow/.local/lib/python3.8/site-packages/airflow/example_dags/example_sensor_decorator.py
[2024-04-05T05:47:07.209+0000] {processor.py:830} INFO - Processing file /home/airflow/.local/lib/python3.8/site-packages/airflow/example_dags/example_sensor_decorator.py for tasks to queue
[2024-04-05T05:47:07.213+0000] {logging_mixin.py:188} INFO - [2024-04-05T05:47:07.212+0000] {dagbag.py:540} INFO - Filling up the DagBag from /home/airflow/.local/lib/python3.8/site-packages/airflow/example_dags/example_sensor_decorator.py
[2024-04-05T05:47:07.229+0000] {processor.py:840} INFO - DAG(s) 'example_sensor_decorator' retrieved from /home/airflow/.local/lib/python3.8/site-packages/airflow/example_dags/example_sensor_decorator.py
[2024-04-05T05:47:07.300+0000] {logging_mixin.py:188} INFO - [2024-04-05T05:47:07.298+0000] {dag.py:3047} INFO - Sync 1 DAGs
[2024-04-05T05:47:07.344+0000] {logging_mixin.py:188} INFO - [2024-04-05T05:47:07.343+0000] {dag.py:3834} INFO - Setting next_dagrun for example_sensor_decorator to None, run_after=None
[2024-04-05T05:47:07.403+0000] {processor.py:183} INFO - Processing /home/airflow/.local/lib/python3.8/site-packages/airflow/example_dags/example_sensor_decorator.py took 0.207 seconds
[2024-04-05T05:47:38.297+0000] {processor.py:161} INFO - Started process (PID=810) to work on /home/airflow/.local/lib/python3.8/site-packages/airflow/example_dags/example_sensor_decorator.py
[2024-04-05T05:47:38.300+0000] {processor.py:830} INFO - Processing file /home/airflow/.local/lib/python3.8/site-packages/airflow/example_dags/example_sensor_decorator.py for tasks to queue
[2024-04-05T05:47:38.302+0000] {logging_mixin.py:188} INFO - [2024-04-05T05:47:38.302+0000] {dagbag.py:540} INFO - Filling up the DagBag from /home/airflow/.local/lib/python3.8/site-packages/airflow/example_dags/example_sensor_decorator.py
[2024-04-05T05:47:38.319+0000] {processor.py:840} INFO - DAG(s) 'example_sensor_decorator' retrieved from /home/airflow/.local/lib/python3.8/site-packages/airflow/example_dags/example_sensor_decorator.py
[2024-04-05T05:47:38.370+0000] {logging_mixin.py:188} INFO - [2024-04-05T05:47:38.370+0000] {dag.py:3047} INFO - Sync 1 DAGs
[2024-04-05T05:47:38.397+0000] {logging_mixin.py:188} INFO - [2024-04-05T05:47:38.397+0000] {dag.py:3834} INFO - Setting next_dagrun for example_sensor_decorator to None, run_after=None
[2024-04-05T05:47:38.428+0000] {processor.py:183} INFO - Processing /home/airflow/.local/lib/python3.8/site-packages/airflow/example_dags/example_sensor_decorator.py took 0.141 seconds
[2024-04-05T05:48:09.009+0000] {processor.py:161} INFO - Started process (PID=871) to work on /home/airflow/.local/lib/python3.8/site-packages/airflow/example_dags/example_sensor_decorator.py
[2024-04-05T05:48:09.012+0000] {processor.py:830} INFO - Processing file /home/airflow/.local/lib/python3.8/site-packages/airflow/example_dags/example_sensor_decorator.py for tasks to queue
[2024-04-05T05:48:09.015+0000] {logging_mixin.py:188} INFO - [2024-04-05T05:48:09.014+0000] {dagbag.py:540} INFO - Filling up the DagBag from /home/airflow/.local/lib/python3.8/site-packages/airflow/example_dags/example_sensor_decorator.py
[2024-04-05T05:48:09.044+0000] {processor.py:840} INFO - DAG(s) 'example_sensor_decorator' retrieved from /home/airflow/.local/lib/python3.8/site-packages/airflow/example_dags/example_sensor_decorator.py
[2024-04-05T05:48:09.110+0000] {logging_mixin.py:188} INFO - [2024-04-05T05:48:09.109+0000] {dag.py:3047} INFO - Sync 1 DAGs
[2024-04-05T05:48:09.148+0000] {logging_mixin.py:188} INFO - [2024-04-05T05:48:09.147+0000] {dag.py:3834} INFO - Setting next_dagrun for example_sensor_decorator to None, run_after=None
[2024-04-05T05:48:09.204+0000] {processor.py:183} INFO - Processing /home/airflow/.local/lib/python3.8/site-packages/airflow/example_dags/example_sensor_decorator.py took 0.209 seconds
[2024-04-05T05:48:39.617+0000] {processor.py:161} INFO - Started process (PID=928) to work on /home/airflow/.local/lib/python3.8/site-packages/airflow/example_dags/example_sensor_decorator.py
[2024-04-05T05:48:39.620+0000] {processor.py:830} INFO - Processing file /home/airflow/.local/lib/python3.8/site-packages/airflow/example_dags/example_sensor_decorator.py for tasks to queue
[2024-04-05T05:48:39.623+0000] {logging_mixin.py:188} INFO - [2024-04-05T05:48:39.622+0000] {dagbag.py:540} INFO - Filling up the DagBag from /home/airflow/.local/lib/python3.8/site-packages/airflow/example_dags/example_sensor_decorator.py
[2024-04-05T05:48:39.639+0000] {processor.py:840} INFO - DAG(s) 'example_sensor_decorator' retrieved from /home/airflow/.local/lib/python3.8/site-packages/airflow/example_dags/example_sensor_decorator.py
[2024-04-05T05:48:39.702+0000] {logging_mixin.py:188} INFO - [2024-04-05T05:48:39.701+0000] {dag.py:3047} INFO - Sync 1 DAGs
[2024-04-05T05:48:39.732+0000] {logging_mixin.py:188} INFO - [2024-04-05T05:48:39.731+0000] {dag.py:3834} INFO - Setting next_dagrun for example_sensor_decorator to None, run_after=None
[2024-04-05T05:48:39.782+0000] {processor.py:183} INFO - Processing /home/airflow/.local/lib/python3.8/site-packages/airflow/example_dags/example_sensor_decorator.py took 0.174 seconds
[2024-04-05T05:49:10.434+0000] {processor.py:161} INFO - Started process (PID=985) to work on /home/airflow/.local/lib/python3.8/site-packages/airflow/example_dags/example_sensor_decorator.py
[2024-04-05T05:49:10.436+0000] {processor.py:830} INFO - Processing file /home/airflow/.local/lib/python3.8/site-packages/airflow/example_dags/example_sensor_decorator.py for tasks to queue
[2024-04-05T05:49:10.438+0000] {logging_mixin.py:188} INFO - [2024-04-05T05:49:10.437+0000] {dagbag.py:540} INFO - Filling up the DagBag from /home/airflow/.local/lib/python3.8/site-packages/airflow/example_dags/example_sensor_decorator.py
[2024-04-05T05:49:10.454+0000] {processor.py:840} INFO - DAG(s) 'example_sensor_decorator' retrieved from /home/airflow/.local/lib/python3.8/site-packages/airflow/example_dags/example_sensor_decorator.py
[2024-04-05T05:49:10.504+0000] {logging_mixin.py:188} INFO - [2024-04-05T05:49:10.503+0000] {dag.py:3047} INFO - Sync 1 DAGs
[2024-04-05T05:49:10.531+0000] {logging_mixin.py:188} INFO - [2024-04-05T05:49:10.531+0000] {dag.py:3834} INFO - Setting next_dagrun for example_sensor_decorator to None, run_after=None
[2024-04-05T05:49:10.577+0000] {processor.py:183} INFO - Processing /home/airflow/.local/lib/python3.8/site-packages/airflow/example_dags/example_sensor_decorator.py took 0.154 seconds
[2024-04-05T05:49:40.936+0000] {processor.py:161} INFO - Started process (PID=1042) to work on /home/airflow/.local/lib/python3.8/site-packages/airflow/example_dags/example_sensor_decorator.py
[2024-04-05T05:49:40.938+0000] {processor.py:830} INFO - Processing file /home/airflow/.local/lib/python3.8/site-packages/airflow/example_dags/example_sensor_decorator.py for tasks to queue
[2024-04-05T05:49:40.940+0000] {logging_mixin.py:188} INFO - [2024-04-05T05:49:40.939+0000] {dagbag.py:540} INFO - Filling up the DagBag from /home/airflow/.local/lib/python3.8/site-packages/airflow/example_dags/example_sensor_decorator.py
[2024-04-05T05:49:40.961+0000] {processor.py:840} INFO - DAG(s) 'example_sensor_decorator' retrieved from /home/airflow/.local/lib/python3.8/site-packages/airflow/example_dags/example_sensor_decorator.py
[2024-04-05T05:49:41.038+0000] {logging_mixin.py:188} INFO - [2024-04-05T05:49:41.038+0000] {dag.py:3047} INFO - Sync 1 DAGs
[2024-04-05T05:49:41.100+0000] {logging_mixin.py:188} INFO - [2024-04-05T05:49:41.099+0000] {dag.py:3834} INFO - Setting next_dagrun for example_sensor_decorator to None, run_after=None
[2024-04-05T05:49:41.175+0000] {processor.py:183} INFO - Processing /home/airflow/.local/lib/python3.8/site-packages/airflow/example_dags/example_sensor_decorator.py took 0.250 seconds
[2024-04-05T05:50:11.356+0000] {processor.py:161} INFO - Started process (PID=1099) to work on /home/airflow/.local/lib/python3.8/site-packages/airflow/example_dags/example_sensor_decorator.py
[2024-04-05T05:50:11.359+0000] {processor.py:830} INFO - Processing file /home/airflow/.local/lib/python3.8/site-packages/airflow/example_dags/example_sensor_decorator.py for tasks to queue
[2024-04-05T05:50:11.365+0000] {logging_mixin.py:188} INFO - [2024-04-05T05:50:11.364+0000] {dagbag.py:540} INFO - Filling up the DagBag from /home/airflow/.local/lib/python3.8/site-packages/airflow/example_dags/example_sensor_decorator.py
[2024-04-05T05:50:11.395+0000] {processor.py:840} INFO - DAG(s) 'example_sensor_decorator' retrieved from /home/airflow/.local/lib/python3.8/site-packages/airflow/example_dags/example_sensor_decorator.py
[2024-04-05T05:50:11.474+0000] {logging_mixin.py:188} INFO - [2024-04-05T05:50:11.471+0000] {dag.py:3047} INFO - Sync 1 DAGs
[2024-04-05T05:50:11.524+0000] {logging_mixin.py:188} INFO - [2024-04-05T05:50:11.524+0000] {dag.py:3834} INFO - Setting next_dagrun for example_sensor_decorator to None, run_after=None
[2024-04-05T05:50:11.591+0000] {processor.py:183} INFO - Processing /home/airflow/.local/lib/python3.8/site-packages/airflow/example_dags/example_sensor_decorator.py took 0.251 seconds
[2024-04-05T05:50:41.812+0000] {processor.py:161} INFO - Started process (PID=1156) to work on /home/airflow/.local/lib/python3.8/site-packages/airflow/example_dags/example_sensor_decorator.py
[2024-04-05T05:50:41.814+0000] {processor.py:830} INFO - Processing file /home/airflow/.local/lib/python3.8/site-packages/airflow/example_dags/example_sensor_decorator.py for tasks to queue
[2024-04-05T05:50:41.816+0000] {logging_mixin.py:188} INFO - [2024-04-05T05:50:41.816+0000] {dagbag.py:540} INFO - Filling up the DagBag from /home/airflow/.local/lib/python3.8/site-packages/airflow/example_dags/example_sensor_decorator.py
[2024-04-05T05:50:41.827+0000] {processor.py:840} INFO - DAG(s) 'example_sensor_decorator' retrieved from /home/airflow/.local/lib/python3.8/site-packages/airflow/example_dags/example_sensor_decorator.py
[2024-04-05T05:50:41.867+0000] {logging_mixin.py:188} INFO - [2024-04-05T05:50:41.866+0000] {dag.py:3047} INFO - Sync 1 DAGs
[2024-04-05T05:50:41.889+0000] {logging_mixin.py:188} INFO - [2024-04-05T05:50:41.888+0000] {dag.py:3834} INFO - Setting next_dagrun for example_sensor_decorator to None, run_after=None
[2024-04-05T05:50:41.928+0000] {processor.py:183} INFO - Processing /home/airflow/.local/lib/python3.8/site-packages/airflow/example_dags/example_sensor_decorator.py took 0.122 seconds
[2024-04-05T05:51:12.617+0000] {processor.py:161} INFO - Started process (PID=1213) to work on /home/airflow/.local/lib/python3.8/site-packages/airflow/example_dags/example_sensor_decorator.py
[2024-04-05T05:51:12.619+0000] {processor.py:830} INFO - Processing file /home/airflow/.local/lib/python3.8/site-packages/airflow/example_dags/example_sensor_decorator.py for tasks to queue
[2024-04-05T05:51:12.621+0000] {logging_mixin.py:188} INFO - [2024-04-05T05:51:12.621+0000] {dagbag.py:540} INFO - Filling up the DagBag from /home/airflow/.local/lib/python3.8/site-packages/airflow/example_dags/example_sensor_decorator.py
[2024-04-05T05:51:12.633+0000] {processor.py:840} INFO - DAG(s) 'example_sensor_decorator' retrieved from /home/airflow/.local/lib/python3.8/site-packages/airflow/example_dags/example_sensor_decorator.py
[2024-04-05T05:51:12.693+0000] {logging_mixin.py:188} INFO - [2024-04-05T05:51:12.692+0000] {dag.py:3047} INFO - Sync 1 DAGs
[2024-04-05T05:51:12.722+0000] {logging_mixin.py:188} INFO - [2024-04-05T05:51:12.722+0000] {dag.py:3834} INFO - Setting next_dagrun for example_sensor_decorator to None, run_after=None
[2024-04-05T05:51:12.763+0000] {processor.py:183} INFO - Processing /home/airflow/.local/lib/python3.8/site-packages/airflow/example_dags/example_sensor_decorator.py took 0.151 seconds
[2024-04-05T05:51:43.048+0000] {processor.py:161} INFO - Started process (PID=1270) to work on /home/airflow/.local/lib/python3.8/site-packages/airflow/example_dags/example_sensor_decorator.py
[2024-04-05T05:51:43.052+0000] {processor.py:830} INFO - Processing file /home/airflow/.local/lib/python3.8/site-packages/airflow/example_dags/example_sensor_decorator.py for tasks to queue
[2024-04-05T05:51:43.054+0000] {logging_mixin.py:188} INFO - [2024-04-05T05:51:43.053+0000] {dagbag.py:540} INFO - Filling up the DagBag from /home/airflow/.local/lib/python3.8/site-packages/airflow/example_dags/example_sensor_decorator.py
[2024-04-05T05:51:43.073+0000] {processor.py:840} INFO - DAG(s) 'example_sensor_decorator' retrieved from /home/airflow/.local/lib/python3.8/site-packages/airflow/example_dags/example_sensor_decorator.py
[2024-04-05T05:51:43.124+0000] {logging_mixin.py:188} INFO - [2024-04-05T05:51:43.123+0000] {dag.py:3047} INFO - Sync 1 DAGs
[2024-04-05T05:51:43.167+0000] {logging_mixin.py:188} INFO - [2024-04-05T05:51:43.167+0000] {dag.py:3834} INFO - Setting next_dagrun for example_sensor_decorator to None, run_after=None
[2024-04-05T05:51:43.228+0000] {processor.py:183} INFO - Processing /home/airflow/.local/lib/python3.8/site-packages/airflow/example_dags/example_sensor_decorator.py took 0.191 seconds
[2024-04-05T05:52:13.712+0000] {processor.py:161} INFO - Started process (PID=1326) to work on /home/airflow/.local/lib/python3.8/site-packages/airflow/example_dags/example_sensor_decorator.py
[2024-04-05T05:52:13.717+0000] {processor.py:830} INFO - Processing file /home/airflow/.local/lib/python3.8/site-packages/airflow/example_dags/example_sensor_decorator.py for tasks to queue
[2024-04-05T05:52:13.719+0000] {logging_mixin.py:188} INFO - [2024-04-05T05:52:13.719+0000] {dagbag.py:540} INFO - Filling up the DagBag from /home/airflow/.local/lib/python3.8/site-packages/airflow/example_dags/example_sensor_decorator.py
[2024-04-05T05:52:13.741+0000] {processor.py:840} INFO - DAG(s) 'example_sensor_decorator' retrieved from /home/airflow/.local/lib/python3.8/site-packages/airflow/example_dags/example_sensor_decorator.py
[2024-04-05T05:52:13.805+0000] {logging_mixin.py:188} INFO - [2024-04-05T05:52:13.804+0000] {dag.py:3047} INFO - Sync 1 DAGs
[2024-04-05T05:52:13.853+0000] {logging_mixin.py:188} INFO - [2024-04-05T05:52:13.853+0000] {dag.py:3834} INFO - Setting next_dagrun for example_sensor_decorator to None, run_after=None
[2024-04-05T05:52:13.895+0000] {processor.py:183} INFO - Processing /home/airflow/.local/lib/python3.8/site-packages/airflow/example_dags/example_sensor_decorator.py took 0.192 seconds
[2024-04-05T05:52:44.122+0000] {processor.py:161} INFO - Started process (PID=1383) to work on /home/airflow/.local/lib/python3.8/site-packages/airflow/example_dags/example_sensor_decorator.py
[2024-04-05T05:52:44.129+0000] {processor.py:830} INFO - Processing file /home/airflow/.local/lib/python3.8/site-packages/airflow/example_dags/example_sensor_decorator.py for tasks to queue
[2024-04-05T05:52:44.132+0000] {logging_mixin.py:188} INFO - [2024-04-05T05:52:44.131+0000] {dagbag.py:540} INFO - Filling up the DagBag from /home/airflow/.local/lib/python3.8/site-packages/airflow/example_dags/example_sensor_decorator.py
[2024-04-05T05:52:44.165+0000] {processor.py:840} INFO - DAG(s) 'example_sensor_decorator' retrieved from /home/airflow/.local/lib/python3.8/site-packages/airflow/example_dags/example_sensor_decorator.py
[2024-04-05T05:52:44.244+0000] {logging_mixin.py:188} INFO - [2024-04-05T05:52:44.243+0000] {dag.py:3047} INFO - Sync 1 DAGs
[2024-04-05T05:52:44.314+0000] {logging_mixin.py:188} INFO - [2024-04-05T05:52:44.314+0000] {dag.py:3834} INFO - Setting next_dagrun for example_sensor_decorator to None, run_after=None
[2024-04-05T05:52:44.368+0000] {processor.py:183} INFO - Processing /home/airflow/.local/lib/python3.8/site-packages/airflow/example_dags/example_sensor_decorator.py took 0.256 seconds
[2024-04-05T05:53:14.744+0000] {processor.py:161} INFO - Started process (PID=1440) to work on /home/airflow/.local/lib/python3.8/site-packages/airflow/example_dags/example_sensor_decorator.py
[2024-04-05T05:53:14.746+0000] {processor.py:830} INFO - Processing file /home/airflow/.local/lib/python3.8/site-packages/airflow/example_dags/example_sensor_decorator.py for tasks to queue
[2024-04-05T05:53:14.749+0000] {logging_mixin.py:188} INFO - [2024-04-05T05:53:14.748+0000] {dagbag.py:540} INFO - Filling up the DagBag from /home/airflow/.local/lib/python3.8/site-packages/airflow/example_dags/example_sensor_decorator.py
[2024-04-05T05:53:14.763+0000] {processor.py:840} INFO - DAG(s) 'example_sensor_decorator' retrieved from /home/airflow/.local/lib/python3.8/site-packages/airflow/example_dags/example_sensor_decorator.py
[2024-04-05T05:53:14.818+0000] {logging_mixin.py:188} INFO - [2024-04-05T05:53:14.817+0000] {dag.py:3047} INFO - Sync 1 DAGs
[2024-04-05T05:53:14.854+0000] {logging_mixin.py:188} INFO - [2024-04-05T05:53:14.853+0000] {dag.py:3834} INFO - Setting next_dagrun for example_sensor_decorator to None, run_after=None
[2024-04-05T05:53:14.921+0000] {processor.py:183} INFO - Processing /home/airflow/.local/lib/python3.8/site-packages/airflow/example_dags/example_sensor_decorator.py took 0.184 seconds
[2024-04-05T05:53:45.611+0000] {processor.py:161} INFO - Started process (PID=1497) to work on /home/airflow/.local/lib/python3.8/site-packages/airflow/example_dags/example_sensor_decorator.py
[2024-04-05T05:53:45.613+0000] {processor.py:830} INFO - Processing file /home/airflow/.local/lib/python3.8/site-packages/airflow/example_dags/example_sensor_decorator.py for tasks to queue
[2024-04-05T05:53:45.617+0000] {logging_mixin.py:188} INFO - [2024-04-05T05:53:45.616+0000] {dagbag.py:540} INFO - Filling up the DagBag from /home/airflow/.local/lib/python3.8/site-packages/airflow/example_dags/example_sensor_decorator.py
[2024-04-05T05:53:45.635+0000] {processor.py:840} INFO - DAG(s) 'example_sensor_decorator' retrieved from /home/airflow/.local/lib/python3.8/site-packages/airflow/example_dags/example_sensor_decorator.py
[2024-04-05T05:53:45.681+0000] {logging_mixin.py:188} INFO - [2024-04-05T05:53:45.681+0000] {dag.py:3047} INFO - Sync 1 DAGs
[2024-04-05T05:53:45.706+0000] {logging_mixin.py:188} INFO - [2024-04-05T05:53:45.706+0000] {dag.py:3834} INFO - Setting next_dagrun for example_sensor_decorator to None, run_after=None
[2024-04-05T05:53:45.740+0000] {processor.py:183} INFO - Processing /home/airflow/.local/lib/python3.8/site-packages/airflow/example_dags/example_sensor_decorator.py took 0.136 seconds
[2024-04-05T05:54:16.388+0000] {processor.py:161} INFO - Started process (PID=1554) to work on /home/airflow/.local/lib/python3.8/site-packages/airflow/example_dags/example_sensor_decorator.py
[2024-04-05T05:54:16.395+0000] {processor.py:830} INFO - Processing file /home/airflow/.local/lib/python3.8/site-packages/airflow/example_dags/example_sensor_decorator.py for tasks to queue
[2024-04-05T05:54:16.399+0000] {logging_mixin.py:188} INFO - [2024-04-05T05:54:16.398+0000] {dagbag.py:540} INFO - Filling up the DagBag from /home/airflow/.local/lib/python3.8/site-packages/airflow/example_dags/example_sensor_decorator.py
[2024-04-05T05:54:16.420+0000] {processor.py:840} INFO - DAG(s) 'example_sensor_decorator' retrieved from /home/airflow/.local/lib/python3.8/site-packages/airflow/example_dags/example_sensor_decorator.py
[2024-04-05T05:54:16.528+0000] {logging_mixin.py:188} INFO - [2024-04-05T05:54:16.527+0000] {dag.py:3047} INFO - Sync 1 DAGs
[2024-04-05T05:54:16.603+0000] {logging_mixin.py:188} INFO - [2024-04-05T05:54:16.602+0000] {dag.py:3834} INFO - Setting next_dagrun for example_sensor_decorator to None, run_after=None
[2024-04-05T05:54:16.688+0000] {processor.py:183} INFO - Processing /home/airflow/.local/lib/python3.8/site-packages/airflow/example_dags/example_sensor_decorator.py took 0.310 seconds
[2024-04-05T05:54:47.034+0000] {processor.py:161} INFO - Started process (PID=1611) to work on /home/airflow/.local/lib/python3.8/site-packages/airflow/example_dags/example_sensor_decorator.py
[2024-04-05T05:54:47.041+0000] {processor.py:830} INFO - Processing file /home/airflow/.local/lib/python3.8/site-packages/airflow/example_dags/example_sensor_decorator.py for tasks to queue
[2024-04-05T05:54:47.044+0000] {logging_mixin.py:188} INFO - [2024-04-05T05:54:47.043+0000] {dagbag.py:540} INFO - Filling up the DagBag from /home/airflow/.local/lib/python3.8/site-packages/airflow/example_dags/example_sensor_decorator.py
[2024-04-05T05:54:47.072+0000] {processor.py:840} INFO - DAG(s) 'example_sensor_decorator' retrieved from /home/airflow/.local/lib/python3.8/site-packages/airflow/example_dags/example_sensor_decorator.py
[2024-04-05T05:54:47.135+0000] {logging_mixin.py:188} INFO - [2024-04-05T05:54:47.135+0000] {dag.py:3047} INFO - Sync 1 DAGs
[2024-04-05T05:54:47.179+0000] {logging_mixin.py:188} INFO - [2024-04-05T05:54:47.178+0000] {dag.py:3834} INFO - Setting next_dagrun for example_sensor_decorator to None, run_after=None
[2024-04-05T05:54:47.269+0000] {processor.py:183} INFO - Processing /home/airflow/.local/lib/python3.8/site-packages/airflow/example_dags/example_sensor_decorator.py took 0.252 seconds
[2024-04-05T05:55:18.130+0000] {processor.py:161} INFO - Started process (PID=1667) to work on /home/airflow/.local/lib/python3.8/site-packages/airflow/example_dags/example_sensor_decorator.py
[2024-04-05T05:55:18.136+0000] {processor.py:830} INFO - Processing file /home/airflow/.local/lib/python3.8/site-packages/airflow/example_dags/example_sensor_decorator.py for tasks to queue
[2024-04-05T05:55:18.138+0000] {logging_mixin.py:188} INFO - [2024-04-05T05:55:18.138+0000] {dagbag.py:540} INFO - Filling up the DagBag from /home/airflow/.local/lib/python3.8/site-packages/airflow/example_dags/example_sensor_decorator.py
[2024-04-05T05:55:18.159+0000] {processor.py:840} INFO - DAG(s) 'example_sensor_decorator' retrieved from /home/airflow/.local/lib/python3.8/site-packages/airflow/example_dags/example_sensor_decorator.py
[2024-04-05T05:55:18.226+0000] {logging_mixin.py:188} INFO - [2024-04-05T05:55:18.225+0000] {dag.py:3047} INFO - Sync 1 DAGs
[2024-04-05T05:55:18.258+0000] {logging_mixin.py:188} INFO - [2024-04-05T05:55:18.258+0000] {dag.py:3834} INFO - Setting next_dagrun for example_sensor_decorator to None, run_after=None
[2024-04-05T05:55:18.312+0000] {processor.py:183} INFO - Processing /home/airflow/.local/lib/python3.8/site-packages/airflow/example_dags/example_sensor_decorator.py took 0.193 seconds
[2024-04-05T05:55:48.410+0000] {processor.py:161} INFO - Started process (PID=1723) to work on /home/airflow/.local/lib/python3.8/site-packages/airflow/example_dags/example_sensor_decorator.py
[2024-04-05T05:55:48.412+0000] {processor.py:830} INFO - Processing file /home/airflow/.local/lib/python3.8/site-packages/airflow/example_dags/example_sensor_decorator.py for tasks to queue
[2024-04-05T05:55:48.415+0000] {logging_mixin.py:188} INFO - [2024-04-05T05:55:48.414+0000] {dagbag.py:540} INFO - Filling up the DagBag from /home/airflow/.local/lib/python3.8/site-packages/airflow/example_dags/example_sensor_decorator.py
[2024-04-05T05:55:48.431+0000] {processor.py:840} INFO - DAG(s) 'example_sensor_decorator' retrieved from /home/airflow/.local/lib/python3.8/site-packages/airflow/example_dags/example_sensor_decorator.py
[2024-04-05T05:55:48.483+0000] {logging_mixin.py:188} INFO - [2024-04-05T05:55:48.482+0000] {dag.py:3047} INFO - Sync 1 DAGs
[2024-04-05T05:55:48.514+0000] {logging_mixin.py:188} INFO - [2024-04-05T05:55:48.514+0000] {dag.py:3834} INFO - Setting next_dagrun for example_sensor_decorator to None, run_after=None
[2024-04-05T05:55:48.556+0000] {processor.py:183} INFO - Processing /home/airflow/.local/lib/python3.8/site-packages/airflow/example_dags/example_sensor_decorator.py took 0.153 seconds
[2024-04-05T05:56:19.034+0000] {processor.py:161} INFO - Started process (PID=1782) to work on /home/airflow/.local/lib/python3.8/site-packages/airflow/example_dags/example_sensor_decorator.py
[2024-04-05T05:56:19.036+0000] {processor.py:830} INFO - Processing file /home/airflow/.local/lib/python3.8/site-packages/airflow/example_dags/example_sensor_decorator.py for tasks to queue
[2024-04-05T05:56:19.038+0000] {logging_mixin.py:188} INFO - [2024-04-05T05:56:19.037+0000] {dagbag.py:540} INFO - Filling up the DagBag from /home/airflow/.local/lib/python3.8/site-packages/airflow/example_dags/example_sensor_decorator.py
[2024-04-05T05:56:19.050+0000] {processor.py:840} INFO - DAG(s) 'example_sensor_decorator' retrieved from /home/airflow/.local/lib/python3.8/site-packages/airflow/example_dags/example_sensor_decorator.py
[2024-04-05T05:56:19.088+0000] {logging_mixin.py:188} INFO - [2024-04-05T05:56:19.088+0000] {dag.py:3047} INFO - Sync 1 DAGs
[2024-04-05T05:56:19.111+0000] {logging_mixin.py:188} INFO - [2024-04-05T05:56:19.110+0000] {dag.py:3834} INFO - Setting next_dagrun for example_sensor_decorator to None, run_after=None
[2024-04-05T05:56:19.146+0000] {processor.py:183} INFO - Processing /home/airflow/.local/lib/python3.8/site-packages/airflow/example_dags/example_sensor_decorator.py took 0.120 seconds
[2024-04-05T05:56:49.711+0000] {processor.py:161} INFO - Started process (PID=1839) to work on /home/airflow/.local/lib/python3.8/site-packages/airflow/example_dags/example_sensor_decorator.py
[2024-04-05T05:56:49.713+0000] {processor.py:830} INFO - Processing file /home/airflow/.local/lib/python3.8/site-packages/airflow/example_dags/example_sensor_decorator.py for tasks to queue
[2024-04-05T05:56:49.715+0000] {logging_mixin.py:188} INFO - [2024-04-05T05:56:49.715+0000] {dagbag.py:540} INFO - Filling up the DagBag from /home/airflow/.local/lib/python3.8/site-packages/airflow/example_dags/example_sensor_decorator.py
[2024-04-05T05:56:49.726+0000] {processor.py:840} INFO - DAG(s) 'example_sensor_decorator' retrieved from /home/airflow/.local/lib/python3.8/site-packages/airflow/example_dags/example_sensor_decorator.py
[2024-04-05T05:56:49.769+0000] {logging_mixin.py:188} INFO - [2024-04-05T05:56:49.769+0000] {dag.py:3047} INFO - Sync 1 DAGs
[2024-04-05T05:56:49.790+0000] {logging_mixin.py:188} INFO - [2024-04-05T05:56:49.789+0000] {dag.py:3834} INFO - Setting next_dagrun for example_sensor_decorator to None, run_after=None
[2024-04-05T05:56:49.826+0000] {processor.py:183} INFO - Processing /home/airflow/.local/lib/python3.8/site-packages/airflow/example_dags/example_sensor_decorator.py took 0.120 seconds
[2024-04-05T05:57:20.103+0000] {processor.py:161} INFO - Started process (PID=1896) to work on /home/airflow/.local/lib/python3.8/site-packages/airflow/example_dags/example_sensor_decorator.py
[2024-04-05T05:57:20.105+0000] {processor.py:830} INFO - Processing file /home/airflow/.local/lib/python3.8/site-packages/airflow/example_dags/example_sensor_decorator.py for tasks to queue
[2024-04-05T05:57:20.107+0000] {logging_mixin.py:188} INFO - [2024-04-05T05:57:20.106+0000] {dagbag.py:540} INFO - Filling up the DagBag from /home/airflow/.local/lib/python3.8/site-packages/airflow/example_dags/example_sensor_decorator.py
[2024-04-05T05:57:20.121+0000] {processor.py:840} INFO - DAG(s) 'example_sensor_decorator' retrieved from /home/airflow/.local/lib/python3.8/site-packages/airflow/example_dags/example_sensor_decorator.py
[2024-04-05T05:57:20.164+0000] {logging_mixin.py:188} INFO - [2024-04-05T05:57:20.163+0000] {dag.py:3047} INFO - Sync 1 DAGs
[2024-04-05T05:57:20.186+0000] {logging_mixin.py:188} INFO - [2024-04-05T05:57:20.185+0000] {dag.py:3834} INFO - Setting next_dagrun for example_sensor_decorator to None, run_after=None
[2024-04-05T05:57:20.215+0000] {processor.py:183} INFO - Processing /home/airflow/.local/lib/python3.8/site-packages/airflow/example_dags/example_sensor_decorator.py took 0.118 seconds
[2024-04-05T05:57:50.921+0000] {processor.py:161} INFO - Started process (PID=1953) to work on /home/airflow/.local/lib/python3.8/site-packages/airflow/example_dags/example_sensor_decorator.py
[2024-04-05T05:57:50.926+0000] {processor.py:830} INFO - Processing file /home/airflow/.local/lib/python3.8/site-packages/airflow/example_dags/example_sensor_decorator.py for tasks to queue
[2024-04-05T05:57:50.928+0000] {logging_mixin.py:188} INFO - [2024-04-05T05:57:50.927+0000] {dagbag.py:540} INFO - Filling up the DagBag from /home/airflow/.local/lib/python3.8/site-packages/airflow/example_dags/example_sensor_decorator.py
[2024-04-05T05:57:50.938+0000] {processor.py:840} INFO - DAG(s) 'example_sensor_decorator' retrieved from /home/airflow/.local/lib/python3.8/site-packages/airflow/example_dags/example_sensor_decorator.py
[2024-04-05T05:57:50.977+0000] {logging_mixin.py:188} INFO - [2024-04-05T05:57:50.976+0000] {dag.py:3047} INFO - Sync 1 DAGs
[2024-04-05T05:57:50.996+0000] {logging_mixin.py:188} INFO - [2024-04-05T05:57:50.995+0000] {dag.py:3834} INFO - Setting next_dagrun for example_sensor_decorator to None, run_after=None
[2024-04-05T05:57:51.026+0000] {processor.py:183} INFO - Processing /home/airflow/.local/lib/python3.8/site-packages/airflow/example_dags/example_sensor_decorator.py took 0.110 seconds
[2024-04-05T05:58:21.365+0000] {processor.py:161} INFO - Started process (PID=2010) to work on /home/airflow/.local/lib/python3.8/site-packages/airflow/example_dags/example_sensor_decorator.py
[2024-04-05T05:58:21.368+0000] {processor.py:830} INFO - Processing file /home/airflow/.local/lib/python3.8/site-packages/airflow/example_dags/example_sensor_decorator.py for tasks to queue
[2024-04-05T05:58:21.372+0000] {logging_mixin.py:188} INFO - [2024-04-05T05:58:21.371+0000] {dagbag.py:540} INFO - Filling up the DagBag from /home/airflow/.local/lib/python3.8/site-packages/airflow/example_dags/example_sensor_decorator.py
[2024-04-05T05:58:21.389+0000] {processor.py:840} INFO - DAG(s) 'example_sensor_decorator' retrieved from /home/airflow/.local/lib/python3.8/site-packages/airflow/example_dags/example_sensor_decorator.py
[2024-04-05T05:58:21.430+0000] {logging_mixin.py:188} INFO - [2024-04-05T05:58:21.430+0000] {dag.py:3047} INFO - Sync 1 DAGs
[2024-04-05T05:58:21.456+0000] {logging_mixin.py:188} INFO - [2024-04-05T05:58:21.456+0000] {dag.py:3834} INFO - Setting next_dagrun for example_sensor_decorator to None, run_after=None
[2024-04-05T05:58:21.502+0000] {processor.py:183} INFO - Processing /home/airflow/.local/lib/python3.8/site-packages/airflow/example_dags/example_sensor_decorator.py took 0.144 seconds
[2024-04-05T05:58:51.863+0000] {processor.py:161} INFO - Started process (PID=2067) to work on /home/airflow/.local/lib/python3.8/site-packages/airflow/example_dags/example_sensor_decorator.py
[2024-04-05T05:58:51.865+0000] {processor.py:830} INFO - Processing file /home/airflow/.local/lib/python3.8/site-packages/airflow/example_dags/example_sensor_decorator.py for tasks to queue
[2024-04-05T05:58:51.867+0000] {logging_mixin.py:188} INFO - [2024-04-05T05:58:51.866+0000] {dagbag.py:540} INFO - Filling up the DagBag from /home/airflow/.local/lib/python3.8/site-packages/airflow/example_dags/example_sensor_decorator.py
[2024-04-05T05:58:51.880+0000] {processor.py:840} INFO - DAG(s) 'example_sensor_decorator' retrieved from /home/airflow/.local/lib/python3.8/site-packages/airflow/example_dags/example_sensor_decorator.py
[2024-04-05T05:58:51.924+0000] {logging_mixin.py:188} INFO - [2024-04-05T05:58:51.923+0000] {dag.py:3047} INFO - Sync 1 DAGs
[2024-04-05T05:58:51.952+0000] {logging_mixin.py:188} INFO - [2024-04-05T05:58:51.952+0000] {dag.py:3834} INFO - Setting next_dagrun for example_sensor_decorator to None, run_after=None
[2024-04-05T05:58:51.989+0000] {processor.py:183} INFO - Processing /home/airflow/.local/lib/python3.8/site-packages/airflow/example_dags/example_sensor_decorator.py took 0.134 seconds
[2024-04-05T05:59:22.208+0000] {processor.py:161} INFO - Started process (PID=2124) to work on /home/airflow/.local/lib/python3.8/site-packages/airflow/example_dags/example_sensor_decorator.py
[2024-04-05T05:59:22.210+0000] {processor.py:830} INFO - Processing file /home/airflow/.local/lib/python3.8/site-packages/airflow/example_dags/example_sensor_decorator.py for tasks to queue
[2024-04-05T05:59:22.213+0000] {logging_mixin.py:188} INFO - [2024-04-05T05:59:22.212+0000] {dagbag.py:540} INFO - Filling up the DagBag from /home/airflow/.local/lib/python3.8/site-packages/airflow/example_dags/example_sensor_decorator.py
[2024-04-05T05:59:22.223+0000] {processor.py:840} INFO - DAG(s) 'example_sensor_decorator' retrieved from /home/airflow/.local/lib/python3.8/site-packages/airflow/example_dags/example_sensor_decorator.py
[2024-04-05T05:59:22.256+0000] {logging_mixin.py:188} INFO - [2024-04-05T05:59:22.256+0000] {dag.py:3047} INFO - Sync 1 DAGs
[2024-04-05T05:59:22.275+0000] {logging_mixin.py:188} INFO - [2024-04-05T05:59:22.275+0000] {dag.py:3834} INFO - Setting next_dagrun for example_sensor_decorator to None, run_after=None
[2024-04-05T05:59:22.311+0000] {processor.py:183} INFO - Processing /home/airflow/.local/lib/python3.8/site-packages/airflow/example_dags/example_sensor_decorator.py took 0.109 seconds
[2024-04-05T05:59:53.077+0000] {processor.py:161} INFO - Started process (PID=2181) to work on /home/airflow/.local/lib/python3.8/site-packages/airflow/example_dags/example_sensor_decorator.py
[2024-04-05T05:59:53.080+0000] {processor.py:830} INFO - Processing file /home/airflow/.local/lib/python3.8/site-packages/airflow/example_dags/example_sensor_decorator.py for tasks to queue
[2024-04-05T05:59:53.082+0000] {logging_mixin.py:188} INFO - [2024-04-05T05:59:53.082+0000] {dagbag.py:540} INFO - Filling up the DagBag from /home/airflow/.local/lib/python3.8/site-packages/airflow/example_dags/example_sensor_decorator.py
[2024-04-05T05:59:53.094+0000] {processor.py:840} INFO - DAG(s) 'example_sensor_decorator' retrieved from /home/airflow/.local/lib/python3.8/site-packages/airflow/example_dags/example_sensor_decorator.py
[2024-04-05T05:59:53.126+0000] {logging_mixin.py:188} INFO - [2024-04-05T05:59:53.126+0000] {dag.py:3047} INFO - Sync 1 DAGs
[2024-04-05T05:59:53.144+0000] {logging_mixin.py:188} INFO - [2024-04-05T05:59:53.144+0000] {dag.py:3834} INFO - Setting next_dagrun for example_sensor_decorator to None, run_after=None
[2024-04-05T05:59:53.172+0000] {processor.py:183} INFO - Processing /home/airflow/.local/lib/python3.8/site-packages/airflow/example_dags/example_sensor_decorator.py took 0.102 seconds
[2024-04-05T06:00:23.815+0000] {processor.py:161} INFO - Started process (PID=2238) to work on /home/airflow/.local/lib/python3.8/site-packages/airflow/example_dags/example_sensor_decorator.py
[2024-04-05T06:00:23.817+0000] {processor.py:830} INFO - Processing file /home/airflow/.local/lib/python3.8/site-packages/airflow/example_dags/example_sensor_decorator.py for tasks to queue
[2024-04-05T06:00:23.819+0000] {logging_mixin.py:188} INFO - [2024-04-05T06:00:23.818+0000] {dagbag.py:540} INFO - Filling up the DagBag from /home/airflow/.local/lib/python3.8/site-packages/airflow/example_dags/example_sensor_decorator.py
[2024-04-05T06:00:23.830+0000] {processor.py:840} INFO - DAG(s) 'example_sensor_decorator' retrieved from /home/airflow/.local/lib/python3.8/site-packages/airflow/example_dags/example_sensor_decorator.py
[2024-04-05T06:00:23.863+0000] {logging_mixin.py:188} INFO - [2024-04-05T06:00:23.863+0000] {dag.py:3047} INFO - Sync 1 DAGs
[2024-04-05T06:00:23.889+0000] {logging_mixin.py:188} INFO - [2024-04-05T06:00:23.888+0000] {dag.py:3834} INFO - Setting next_dagrun for example_sensor_decorator to None, run_after=None
[2024-04-05T06:00:23.924+0000] {processor.py:183} INFO - Processing /home/airflow/.local/lib/python3.8/site-packages/airflow/example_dags/example_sensor_decorator.py took 0.117 seconds
[2024-04-05T06:00:54.498+0000] {processor.py:161} INFO - Started process (PID=2295) to work on /home/airflow/.local/lib/python3.8/site-packages/airflow/example_dags/example_sensor_decorator.py
[2024-04-05T06:00:54.500+0000] {processor.py:830} INFO - Processing file /home/airflow/.local/lib/python3.8/site-packages/airflow/example_dags/example_sensor_decorator.py for tasks to queue
[2024-04-05T06:00:54.502+0000] {logging_mixin.py:188} INFO - [2024-04-05T06:00:54.501+0000] {dagbag.py:540} INFO - Filling up the DagBag from /home/airflow/.local/lib/python3.8/site-packages/airflow/example_dags/example_sensor_decorator.py
[2024-04-05T06:00:54.512+0000] {processor.py:840} INFO - DAG(s) 'example_sensor_decorator' retrieved from /home/airflow/.local/lib/python3.8/site-packages/airflow/example_dags/example_sensor_decorator.py
[2024-04-05T06:00:54.548+0000] {logging_mixin.py:188} INFO - [2024-04-05T06:00:54.548+0000] {dag.py:3047} INFO - Sync 1 DAGs
[2024-04-05T06:00:54.568+0000] {logging_mixin.py:188} INFO - [2024-04-05T06:00:54.568+0000] {dag.py:3834} INFO - Setting next_dagrun for example_sensor_decorator to None, run_after=None
[2024-04-05T06:00:54.599+0000] {processor.py:183} INFO - Processing /home/airflow/.local/lib/python3.8/site-packages/airflow/example_dags/example_sensor_decorator.py took 0.108 seconds
[2024-04-05T06:01:24.932+0000] {processor.py:161} INFO - Started process (PID=2352) to work on /home/airflow/.local/lib/python3.8/site-packages/airflow/example_dags/example_sensor_decorator.py
[2024-04-05T06:01:24.934+0000] {processor.py:830} INFO - Processing file /home/airflow/.local/lib/python3.8/site-packages/airflow/example_dags/example_sensor_decorator.py for tasks to queue
[2024-04-05T06:01:24.937+0000] {logging_mixin.py:188} INFO - [2024-04-05T06:01:24.936+0000] {dagbag.py:540} INFO - Filling up the DagBag from /home/airflow/.local/lib/python3.8/site-packages/airflow/example_dags/example_sensor_decorator.py
[2024-04-05T06:01:24.946+0000] {processor.py:840} INFO - DAG(s) 'example_sensor_decorator' retrieved from /home/airflow/.local/lib/python3.8/site-packages/airflow/example_dags/example_sensor_decorator.py
[2024-04-05T06:01:24.980+0000] {logging_mixin.py:188} INFO - [2024-04-05T06:01:24.979+0000] {dag.py:3047} INFO - Sync 1 DAGs
[2024-04-05T06:01:24.999+0000] {logging_mixin.py:188} INFO - [2024-04-05T06:01:24.998+0000] {dag.py:3834} INFO - Setting next_dagrun for example_sensor_decorator to None, run_after=None
[2024-04-05T06:01:25.034+0000] {processor.py:183} INFO - Processing /home/airflow/.local/lib/python3.8/site-packages/airflow/example_dags/example_sensor_decorator.py took 0.107 seconds
[2024-04-05T06:01:55.551+0000] {processor.py:161} INFO - Started process (PID=2409) to work on /home/airflow/.local/lib/python3.8/site-packages/airflow/example_dags/example_sensor_decorator.py
[2024-04-05T06:01:55.554+0000] {processor.py:830} INFO - Processing file /home/airflow/.local/lib/python3.8/site-packages/airflow/example_dags/example_sensor_decorator.py for tasks to queue
[2024-04-05T06:01:55.556+0000] {logging_mixin.py:188} INFO - [2024-04-05T06:01:55.556+0000] {dagbag.py:540} INFO - Filling up the DagBag from /home/airflow/.local/lib/python3.8/site-packages/airflow/example_dags/example_sensor_decorator.py
[2024-04-05T06:01:55.569+0000] {processor.py:840} INFO - DAG(s) 'example_sensor_decorator' retrieved from /home/airflow/.local/lib/python3.8/site-packages/airflow/example_dags/example_sensor_decorator.py
[2024-04-05T06:01:55.602+0000] {logging_mixin.py:188} INFO - [2024-04-05T06:01:55.602+0000] {dag.py:3047} INFO - Sync 1 DAGs
[2024-04-05T06:01:55.621+0000] {logging_mixin.py:188} INFO - [2024-04-05T06:01:55.620+0000] {dag.py:3834} INFO - Setting next_dagrun for example_sensor_decorator to None, run_after=None
[2024-04-05T06:01:55.651+0000] {processor.py:183} INFO - Processing /home/airflow/.local/lib/python3.8/site-packages/airflow/example_dags/example_sensor_decorator.py took 0.108 seconds
[2024-04-05T06:02:26.371+0000] {processor.py:161} INFO - Started process (PID=2466) to work on /home/airflow/.local/lib/python3.8/site-packages/airflow/example_dags/example_sensor_decorator.py
[2024-04-05T06:02:26.373+0000] {processor.py:830} INFO - Processing file /home/airflow/.local/lib/python3.8/site-packages/airflow/example_dags/example_sensor_decorator.py for tasks to queue
[2024-04-05T06:02:26.375+0000] {logging_mixin.py:188} INFO - [2024-04-05T06:02:26.374+0000] {dagbag.py:540} INFO - Filling up the DagBag from /home/airflow/.local/lib/python3.8/site-packages/airflow/example_dags/example_sensor_decorator.py
[2024-04-05T06:02:26.384+0000] {processor.py:840} INFO - DAG(s) 'example_sensor_decorator' retrieved from /home/airflow/.local/lib/python3.8/site-packages/airflow/example_dags/example_sensor_decorator.py
[2024-04-05T06:02:26.416+0000] {logging_mixin.py:188} INFO - [2024-04-05T06:02:26.416+0000] {dag.py:3047} INFO - Sync 1 DAGs
[2024-04-05T06:02:26.434+0000] {logging_mixin.py:188} INFO - [2024-04-05T06:02:26.434+0000] {dag.py:3834} INFO - Setting next_dagrun for example_sensor_decorator to None, run_after=None
[2024-04-05T06:02:26.463+0000] {processor.py:183} INFO - Processing /home/airflow/.local/lib/python3.8/site-packages/airflow/example_dags/example_sensor_decorator.py took 0.097 seconds
[2024-04-05T06:02:56.635+0000] {processor.py:161} INFO - Started process (PID=2523) to work on /home/airflow/.local/lib/python3.8/site-packages/airflow/example_dags/example_sensor_decorator.py
[2024-04-05T06:02:56.638+0000] {processor.py:830} INFO - Processing file /home/airflow/.local/lib/python3.8/site-packages/airflow/example_dags/example_sensor_decorator.py for tasks to queue
[2024-04-05T06:02:56.640+0000] {logging_mixin.py:188} INFO - [2024-04-05T06:02:56.639+0000] {dagbag.py:540} INFO - Filling up the DagBag from /home/airflow/.local/lib/python3.8/site-packages/airflow/example_dags/example_sensor_decorator.py
[2024-04-05T06:02:56.656+0000] {processor.py:840} INFO - DAG(s) 'example_sensor_decorator' retrieved from /home/airflow/.local/lib/python3.8/site-packages/airflow/example_dags/example_sensor_decorator.py
[2024-04-05T06:02:56.700+0000] {logging_mixin.py:188} INFO - [2024-04-05T06:02:56.699+0000] {dag.py:3047} INFO - Sync 1 DAGs
[2024-04-05T06:02:56.726+0000] {logging_mixin.py:188} INFO - [2024-04-05T06:02:56.726+0000] {dag.py:3834} INFO - Setting next_dagrun for example_sensor_decorator to None, run_after=None
[2024-04-05T06:02:56.764+0000] {processor.py:183} INFO - Processing /home/airflow/.local/lib/python3.8/site-packages/airflow/example_dags/example_sensor_decorator.py took 0.137 seconds
[2024-04-05T06:03:27.591+0000] {processor.py:161} INFO - Started process (PID=2580) to work on /home/airflow/.local/lib/python3.8/site-packages/airflow/example_dags/example_sensor_decorator.py
[2024-04-05T06:03:27.594+0000] {processor.py:830} INFO - Processing file /home/airflow/.local/lib/python3.8/site-packages/airflow/example_dags/example_sensor_decorator.py for tasks to queue
[2024-04-05T06:03:27.596+0000] {logging_mixin.py:188} INFO - [2024-04-05T06:03:27.595+0000] {dagbag.py:540} INFO - Filling up the DagBag from /home/airflow/.local/lib/python3.8/site-packages/airflow/example_dags/example_sensor_decorator.py
[2024-04-05T06:03:27.610+0000] {processor.py:840} INFO - DAG(s) 'example_sensor_decorator' retrieved from /home/airflow/.local/lib/python3.8/site-packages/airflow/example_dags/example_sensor_decorator.py
[2024-04-05T06:03:27.646+0000] {logging_mixin.py:188} INFO - [2024-04-05T06:03:27.646+0000] {dag.py:3047} INFO - Sync 1 DAGs
[2024-04-05T06:03:27.683+0000] {logging_mixin.py:188} INFO - [2024-04-05T06:03:27.681+0000] {dag.py:3834} INFO - Setting next_dagrun for example_sensor_decorator to None, run_after=None
[2024-04-05T06:03:27.734+0000] {processor.py:183} INFO - Processing /home/airflow/.local/lib/python3.8/site-packages/airflow/example_dags/example_sensor_decorator.py took 0.147 seconds
[2024-04-05T06:03:58.349+0000] {processor.py:161} INFO - Started process (PID=2635) to work on /home/airflow/.local/lib/python3.8/site-packages/airflow/example_dags/example_sensor_decorator.py
[2024-04-05T06:03:58.353+0000] {processor.py:830} INFO - Processing file /home/airflow/.local/lib/python3.8/site-packages/airflow/example_dags/example_sensor_decorator.py for tasks to queue
[2024-04-05T06:03:58.355+0000] {logging_mixin.py:188} INFO - [2024-04-05T06:03:58.355+0000] {dagbag.py:540} INFO - Filling up the DagBag from /home/airflow/.local/lib/python3.8/site-packages/airflow/example_dags/example_sensor_decorator.py
[2024-04-05T06:03:58.373+0000] {processor.py:840} INFO - DAG(s) 'example_sensor_decorator' retrieved from /home/airflow/.local/lib/python3.8/site-packages/airflow/example_dags/example_sensor_decorator.py
[2024-04-05T06:03:58.421+0000] {logging_mixin.py:188} INFO - [2024-04-05T06:03:58.421+0000] {dag.py:3047} INFO - Sync 1 DAGs
[2024-04-05T06:03:58.449+0000] {logging_mixin.py:188} INFO - [2024-04-05T06:03:58.448+0000] {dag.py:3834} INFO - Setting next_dagrun for example_sensor_decorator to None, run_after=None
[2024-04-05T06:03:58.492+0000] {processor.py:183} INFO - Processing /home/airflow/.local/lib/python3.8/site-packages/airflow/example_dags/example_sensor_decorator.py took 0.150 seconds
[2024-04-05T06:04:28.693+0000] {processor.py:161} INFO - Started process (PID=2692) to work on /home/airflow/.local/lib/python3.8/site-packages/airflow/example_dags/example_sensor_decorator.py
[2024-04-05T06:04:28.696+0000] {processor.py:830} INFO - Processing file /home/airflow/.local/lib/python3.8/site-packages/airflow/example_dags/example_sensor_decorator.py for tasks to queue
[2024-04-05T06:04:28.698+0000] {logging_mixin.py:188} INFO - [2024-04-05T06:04:28.697+0000] {dagbag.py:540} INFO - Filling up the DagBag from /home/airflow/.local/lib/python3.8/site-packages/airflow/example_dags/example_sensor_decorator.py
[2024-04-05T06:04:28.715+0000] {processor.py:840} INFO - DAG(s) 'example_sensor_decorator' retrieved from /home/airflow/.local/lib/python3.8/site-packages/airflow/example_dags/example_sensor_decorator.py
[2024-04-05T06:04:28.766+0000] {logging_mixin.py:188} INFO - [2024-04-05T06:04:28.765+0000] {dag.py:3047} INFO - Sync 1 DAGs
[2024-04-05T06:04:28.794+0000] {logging_mixin.py:188} INFO - [2024-04-05T06:04:28.794+0000] {dag.py:3834} INFO - Setting next_dagrun for example_sensor_decorator to None, run_after=None
[2024-04-05T06:04:28.846+0000] {processor.py:183} INFO - Processing /home/airflow/.local/lib/python3.8/site-packages/airflow/example_dags/example_sensor_decorator.py took 0.161 seconds
[2024-04-05T06:04:59.539+0000] {processor.py:161} INFO - Started process (PID=2748) to work on /home/airflow/.local/lib/python3.8/site-packages/airflow/example_dags/example_sensor_decorator.py
[2024-04-05T06:04:59.542+0000] {processor.py:830} INFO - Processing file /home/airflow/.local/lib/python3.8/site-packages/airflow/example_dags/example_sensor_decorator.py for tasks to queue
[2024-04-05T06:04:59.545+0000] {logging_mixin.py:188} INFO - [2024-04-05T06:04:59.545+0000] {dagbag.py:540} INFO - Filling up the DagBag from /home/airflow/.local/lib/python3.8/site-packages/airflow/example_dags/example_sensor_decorator.py
[2024-04-05T06:04:59.561+0000] {processor.py:840} INFO - DAG(s) 'example_sensor_decorator' retrieved from /home/airflow/.local/lib/python3.8/site-packages/airflow/example_dags/example_sensor_decorator.py
[2024-04-05T06:04:59.606+0000] {logging_mixin.py:188} INFO - [2024-04-05T06:04:59.606+0000] {dag.py:3047} INFO - Sync 1 DAGs
[2024-04-05T06:04:59.643+0000] {logging_mixin.py:188} INFO - [2024-04-05T06:04:59.643+0000] {dag.py:3834} INFO - Setting next_dagrun for example_sensor_decorator to None, run_after=None
[2024-04-05T06:04:59.680+0000] {processor.py:183} INFO - Processing /home/airflow/.local/lib/python3.8/site-packages/airflow/example_dags/example_sensor_decorator.py took 0.152 seconds
