[2024-04-05T05:40:46.950+0000] {processor.py:161} INFO - Started process (PID=73) to work on /home/airflow/.local/lib/python3.8/site-packages/airflow/example_dags/tutorial.py
[2024-04-05T05:40:47.004+0000] {processor.py:830} INFO - Processing file /home/airflow/.local/lib/python3.8/site-packages/airflow/example_dags/tutorial.py for tasks to queue
[2024-04-05T05:40:47.063+0000] {logging_mixin.py:188} INFO - [2024-04-05T05:40:47.053+0000] {dagbag.py:540} INFO - Filling up the DagBag from /home/airflow/.local/lib/python3.8/site-packages/airflow/example_dags/tutorial.py
[2024-04-05T05:40:47.191+0000] {processor.py:840} INFO - DAG(s) 'tutorial' retrieved from /home/airflow/.local/lib/python3.8/site-packages/airflow/example_dags/tutorial.py
[2024-04-05T05:40:47.292+0000] {logging_mixin.py:188} INFO - [2024-04-05T05:40:47.292+0000] {dag.py:3047} INFO - Sync 1 DAGs
[2024-04-05T05:40:47.549+0000] {logging_mixin.py:188} INFO - [2024-04-05T05:40:47.546+0000] {dag.py:3834} INFO - Setting next_dagrun for tutorial to 2024-04-04 00:00:00+00:00, run_after=2024-04-05 00:00:00+00:00
[2024-04-05T05:40:47.736+0000] {processor.py:183} INFO - Processing /home/airflow/.local/lib/python3.8/site-packages/airflow/example_dags/tutorial.py took 0.857 seconds
[2024-04-05T05:41:38.480+0000] {processor.py:161} INFO - Started process (PID=136) to work on /home/airflow/.local/lib/python3.8/site-packages/airflow/example_dags/tutorial.py
[2024-04-05T05:41:38.485+0000] {processor.py:830} INFO - Processing file /home/airflow/.local/lib/python3.8/site-packages/airflow/example_dags/tutorial.py for tasks to queue
[2024-04-05T05:41:38.489+0000] {logging_mixin.py:188} INFO - [2024-04-05T05:41:38.488+0000] {dagbag.py:540} INFO - Filling up the DagBag from /home/airflow/.local/lib/python3.8/site-packages/airflow/example_dags/tutorial.py
[2024-04-05T05:41:38.509+0000] {processor.py:840} INFO - DAG(s) 'tutorial' retrieved from /home/airflow/.local/lib/python3.8/site-packages/airflow/example_dags/tutorial.py
[2024-04-05T05:41:38.910+0000] {logging_mixin.py:188} INFO - [2024-04-05T05:41:38.908+0000] {dag.py:3047} INFO - Sync 1 DAGs
[2024-04-05T05:41:38.995+0000] {logging_mixin.py:188} INFO - [2024-04-05T05:41:38.994+0000] {dag.py:3834} INFO - Setting next_dagrun for tutorial to 2024-04-04 00:00:00+00:00, run_after=2024-04-05 00:00:00+00:00
[2024-04-05T05:41:39.064+0000] {processor.py:183} INFO - Processing /home/airflow/.local/lib/python3.8/site-packages/airflow/example_dags/tutorial.py took 0.600 seconds
[2024-04-05T05:42:09.873+0000] {processor.py:161} INFO - Started process (PID=193) to work on /home/airflow/.local/lib/python3.8/site-packages/airflow/example_dags/tutorial.py
[2024-04-05T05:42:09.887+0000] {processor.py:830} INFO - Processing file /home/airflow/.local/lib/python3.8/site-packages/airflow/example_dags/tutorial.py for tasks to queue
[2024-04-05T05:42:09.901+0000] {logging_mixin.py:188} INFO - [2024-04-05T05:42:09.900+0000] {dagbag.py:540} INFO - Filling up the DagBag from /home/airflow/.local/lib/python3.8/site-packages/airflow/example_dags/tutorial.py
[2024-04-05T05:42:09.936+0000] {processor.py:840} INFO - DAG(s) 'tutorial' retrieved from /home/airflow/.local/lib/python3.8/site-packages/airflow/example_dags/tutorial.py
[2024-04-05T05:42:10.021+0000] {logging_mixin.py:188} INFO - [2024-04-05T05:42:10.020+0000] {dag.py:3047} INFO - Sync 1 DAGs
[2024-04-05T05:42:10.147+0000] {logging_mixin.py:188} INFO - [2024-04-05T05:42:10.146+0000] {dag.py:3834} INFO - Setting next_dagrun for tutorial to 2024-04-04 00:00:00+00:00, run_after=2024-04-05 00:00:00+00:00
[2024-04-05T05:42:10.200+0000] {processor.py:183} INFO - Processing /home/airflow/.local/lib/python3.8/site-packages/airflow/example_dags/tutorial.py took 0.346 seconds
[2024-04-05T05:42:40.538+0000] {processor.py:161} INFO - Started process (PID=250) to work on /home/airflow/.local/lib/python3.8/site-packages/airflow/example_dags/tutorial.py
[2024-04-05T05:42:40.541+0000] {processor.py:830} INFO - Processing file /home/airflow/.local/lib/python3.8/site-packages/airflow/example_dags/tutorial.py for tasks to queue
[2024-04-05T05:42:40.546+0000] {logging_mixin.py:188} INFO - [2024-04-05T05:42:40.546+0000] {dagbag.py:540} INFO - Filling up the DagBag from /home/airflow/.local/lib/python3.8/site-packages/airflow/example_dags/tutorial.py
[2024-04-05T05:42:40.560+0000] {processor.py:840} INFO - DAG(s) 'tutorial' retrieved from /home/airflow/.local/lib/python3.8/site-packages/airflow/example_dags/tutorial.py
[2024-04-05T05:42:40.609+0000] {logging_mixin.py:188} INFO - [2024-04-05T05:42:40.608+0000] {dag.py:3047} INFO - Sync 1 DAGs
[2024-04-05T05:42:40.664+0000] {logging_mixin.py:188} INFO - [2024-04-05T05:42:40.663+0000] {dag.py:3834} INFO - Setting next_dagrun for tutorial to 2024-04-04 00:00:00+00:00, run_after=2024-04-05 00:00:00+00:00
[2024-04-05T05:42:40.711+0000] {processor.py:183} INFO - Processing /home/airflow/.local/lib/python3.8/site-packages/airflow/example_dags/tutorial.py took 0.180 seconds
[2024-04-05T05:43:11.003+0000] {processor.py:161} INFO - Started process (PID=310) to work on /home/airflow/.local/lib/python3.8/site-packages/airflow/example_dags/tutorial.py
[2024-04-05T05:43:11.005+0000] {processor.py:830} INFO - Processing file /home/airflow/.local/lib/python3.8/site-packages/airflow/example_dags/tutorial.py for tasks to queue
[2024-04-05T05:43:11.008+0000] {logging_mixin.py:188} INFO - [2024-04-05T05:43:11.008+0000] {dagbag.py:540} INFO - Filling up the DagBag from /home/airflow/.local/lib/python3.8/site-packages/airflow/example_dags/tutorial.py
[2024-04-05T05:43:11.020+0000] {processor.py:840} INFO - DAG(s) 'tutorial' retrieved from /home/airflow/.local/lib/python3.8/site-packages/airflow/example_dags/tutorial.py
[2024-04-05T05:43:11.063+0000] {logging_mixin.py:188} INFO - [2024-04-05T05:43:11.063+0000] {dag.py:3047} INFO - Sync 1 DAGs
[2024-04-05T05:43:11.123+0000] {logging_mixin.py:188} INFO - [2024-04-05T05:43:11.123+0000] {dag.py:3834} INFO - Setting next_dagrun for tutorial to 2024-04-04 00:00:00+00:00, run_after=2024-04-05 00:00:00+00:00
[2024-04-05T05:43:11.156+0000] {processor.py:183} INFO - Processing /home/airflow/.local/lib/python3.8/site-packages/airflow/example_dags/tutorial.py took 0.160 seconds
[2024-04-05T05:43:42.074+0000] {processor.py:161} INFO - Started process (PID=367) to work on /home/airflow/.local/lib/python3.8/site-packages/airflow/example_dags/tutorial.py
[2024-04-05T05:43:42.076+0000] {processor.py:830} INFO - Processing file /home/airflow/.local/lib/python3.8/site-packages/airflow/example_dags/tutorial.py for tasks to queue
[2024-04-05T05:43:42.081+0000] {logging_mixin.py:188} INFO - [2024-04-05T05:43:42.080+0000] {dagbag.py:540} INFO - Filling up the DagBag from /home/airflow/.local/lib/python3.8/site-packages/airflow/example_dags/tutorial.py
[2024-04-05T05:43:42.094+0000] {processor.py:840} INFO - DAG(s) 'tutorial' retrieved from /home/airflow/.local/lib/python3.8/site-packages/airflow/example_dags/tutorial.py
[2024-04-05T05:43:42.134+0000] {logging_mixin.py:188} INFO - [2024-04-05T05:43:42.134+0000] {dag.py:3047} INFO - Sync 1 DAGs
[2024-04-05T05:43:42.186+0000] {logging_mixin.py:188} INFO - [2024-04-05T05:43:42.186+0000] {dag.py:3834} INFO - Setting next_dagrun for tutorial to 2024-04-04 00:00:00+00:00, run_after=2024-04-05 00:00:00+00:00
[2024-04-05T05:43:42.220+0000] {processor.py:183} INFO - Processing /home/airflow/.local/lib/python3.8/site-packages/airflow/example_dags/tutorial.py took 0.153 seconds
[2024-04-05T05:44:13.409+0000] {processor.py:161} INFO - Started process (PID=425) to work on /home/airflow/.local/lib/python3.8/site-packages/airflow/example_dags/tutorial.py
[2024-04-05T05:44:13.412+0000] {processor.py:830} INFO - Processing file /home/airflow/.local/lib/python3.8/site-packages/airflow/example_dags/tutorial.py for tasks to queue
[2024-04-05T05:44:13.417+0000] {logging_mixin.py:188} INFO - [2024-04-05T05:44:13.416+0000] {dagbag.py:540} INFO - Filling up the DagBag from /home/airflow/.local/lib/python3.8/site-packages/airflow/example_dags/tutorial.py
[2024-04-05T05:44:13.432+0000] {processor.py:840} INFO - DAG(s) 'tutorial' retrieved from /home/airflow/.local/lib/python3.8/site-packages/airflow/example_dags/tutorial.py
[2024-04-05T05:44:13.498+0000] {logging_mixin.py:188} INFO - [2024-04-05T05:44:13.498+0000] {dag.py:3047} INFO - Sync 1 DAGs
[2024-04-05T05:44:13.562+0000] {logging_mixin.py:188} INFO - [2024-04-05T05:44:13.562+0000] {dag.py:3834} INFO - Setting next_dagrun for tutorial to 2024-04-04 00:00:00+00:00, run_after=2024-04-05 00:00:00+00:00
[2024-04-05T05:44:13.630+0000] {processor.py:183} INFO - Processing /home/airflow/.local/lib/python3.8/site-packages/airflow/example_dags/tutorial.py took 0.233 seconds
[2024-04-05T05:44:44.301+0000] {processor.py:161} INFO - Started process (PID=482) to work on /home/airflow/.local/lib/python3.8/site-packages/airflow/example_dags/tutorial.py
[2024-04-05T05:44:44.304+0000] {processor.py:830} INFO - Processing file /home/airflow/.local/lib/python3.8/site-packages/airflow/example_dags/tutorial.py for tasks to queue
[2024-04-05T05:44:44.310+0000] {logging_mixin.py:188} INFO - [2024-04-05T05:44:44.308+0000] {dagbag.py:540} INFO - Filling up the DagBag from /home/airflow/.local/lib/python3.8/site-packages/airflow/example_dags/tutorial.py
[2024-04-05T05:44:44.332+0000] {processor.py:840} INFO - DAG(s) 'tutorial' retrieved from /home/airflow/.local/lib/python3.8/site-packages/airflow/example_dags/tutorial.py
[2024-04-05T05:44:44.400+0000] {logging_mixin.py:188} INFO - [2024-04-05T05:44:44.400+0000] {dag.py:3047} INFO - Sync 1 DAGs
[2024-04-05T05:44:44.460+0000] {logging_mixin.py:188} INFO - [2024-04-05T05:44:44.460+0000] {dag.py:3834} INFO - Setting next_dagrun for tutorial to 2024-04-04 00:00:00+00:00, run_after=2024-04-05 00:00:00+00:00
[2024-04-05T05:44:44.496+0000] {processor.py:183} INFO - Processing /home/airflow/.local/lib/python3.8/site-packages/airflow/example_dags/tutorial.py took 0.209 seconds
[2024-04-05T05:45:15.875+0000] {processor.py:161} INFO - Started process (PID=539) to work on /home/airflow/.local/lib/python3.8/site-packages/airflow/example_dags/tutorial.py
[2024-04-05T05:45:15.901+0000] {processor.py:830} INFO - Processing file /home/airflow/.local/lib/python3.8/site-packages/airflow/example_dags/tutorial.py for tasks to queue
[2024-04-05T05:45:15.930+0000] {logging_mixin.py:188} INFO - [2024-04-05T05:45:15.929+0000] {dagbag.py:540} INFO - Filling up the DagBag from /home/airflow/.local/lib/python3.8/site-packages/airflow/example_dags/tutorial.py
[2024-04-05T05:45:15.969+0000] {processor.py:840} INFO - DAG(s) 'tutorial' retrieved from /home/airflow/.local/lib/python3.8/site-packages/airflow/example_dags/tutorial.py
[2024-04-05T05:45:16.116+0000] {logging_mixin.py:188} INFO - [2024-04-05T05:45:16.115+0000] {dag.py:3047} INFO - Sync 1 DAGs
[2024-04-05T05:45:16.551+0000] {logging_mixin.py:188} INFO - [2024-04-05T05:45:16.551+0000] {dag.py:3834} INFO - Setting next_dagrun for tutorial to 2024-04-04 00:00:00+00:00, run_after=2024-04-05 00:00:00+00:00
[2024-04-05T05:45:17.008+0000] {processor.py:183} INFO - Processing /home/airflow/.local/lib/python3.8/site-packages/airflow/example_dags/tutorial.py took 1.168 seconds
[2024-04-05T05:45:47.315+0000] {processor.py:161} INFO - Started process (PID=595) to work on /home/airflow/.local/lib/python3.8/site-packages/airflow/example_dags/tutorial.py
[2024-04-05T05:45:47.318+0000] {processor.py:830} INFO - Processing file /home/airflow/.local/lib/python3.8/site-packages/airflow/example_dags/tutorial.py for tasks to queue
[2024-04-05T05:45:47.320+0000] {logging_mixin.py:188} INFO - [2024-04-05T05:45:47.320+0000] {dagbag.py:540} INFO - Filling up the DagBag from /home/airflow/.local/lib/python3.8/site-packages/airflow/example_dags/tutorial.py
[2024-04-05T05:45:47.335+0000] {processor.py:840} INFO - DAG(s) 'tutorial' retrieved from /home/airflow/.local/lib/python3.8/site-packages/airflow/example_dags/tutorial.py
[2024-04-05T05:45:47.375+0000] {logging_mixin.py:188} INFO - [2024-04-05T05:45:47.375+0000] {dag.py:3047} INFO - Sync 1 DAGs
[2024-04-05T05:45:47.428+0000] {logging_mixin.py:188} INFO - [2024-04-05T05:45:47.428+0000] {dag.py:3834} INFO - Setting next_dagrun for tutorial to 2024-04-04 00:00:00+00:00, run_after=2024-04-05 00:00:00+00:00
[2024-04-05T05:45:47.460+0000] {processor.py:183} INFO - Processing /home/airflow/.local/lib/python3.8/site-packages/airflow/example_dags/tutorial.py took 0.154 seconds
[2024-04-05T05:46:17.523+0000] {processor.py:161} INFO - Started process (PID=652) to work on /home/airflow/.local/lib/python3.8/site-packages/airflow/example_dags/tutorial.py
[2024-04-05T05:46:17.526+0000] {processor.py:830} INFO - Processing file /home/airflow/.local/lib/python3.8/site-packages/airflow/example_dags/tutorial.py for tasks to queue
[2024-04-05T05:46:17.528+0000] {logging_mixin.py:188} INFO - [2024-04-05T05:46:17.528+0000] {dagbag.py:540} INFO - Filling up the DagBag from /home/airflow/.local/lib/python3.8/site-packages/airflow/example_dags/tutorial.py
[2024-04-05T05:46:17.538+0000] {processor.py:840} INFO - DAG(s) 'tutorial' retrieved from /home/airflow/.local/lib/python3.8/site-packages/airflow/example_dags/tutorial.py
[2024-04-05T05:46:17.572+0000] {logging_mixin.py:188} INFO - [2024-04-05T05:46:17.572+0000] {dag.py:3047} INFO - Sync 1 DAGs
[2024-04-05T05:46:17.606+0000] {logging_mixin.py:188} INFO - [2024-04-05T05:46:17.606+0000] {dag.py:3834} INFO - Setting next_dagrun for tutorial to 2024-04-04 00:00:00+00:00, run_after=2024-04-05 00:00:00+00:00
[2024-04-05T05:46:17.632+0000] {processor.py:183} INFO - Processing /home/airflow/.local/lib/python3.8/site-packages/airflow/example_dags/tutorial.py took 0.115 seconds
[2024-04-05T05:46:48.084+0000] {processor.py:161} INFO - Started process (PID=709) to work on /home/airflow/.local/lib/python3.8/site-packages/airflow/example_dags/tutorial.py
[2024-04-05T05:46:48.086+0000] {processor.py:830} INFO - Processing file /home/airflow/.local/lib/python3.8/site-packages/airflow/example_dags/tutorial.py for tasks to queue
[2024-04-05T05:46:48.088+0000] {logging_mixin.py:188} INFO - [2024-04-05T05:46:48.088+0000] {dagbag.py:540} INFO - Filling up the DagBag from /home/airflow/.local/lib/python3.8/site-packages/airflow/example_dags/tutorial.py
[2024-04-05T05:46:48.103+0000] {processor.py:840} INFO - DAG(s) 'tutorial' retrieved from /home/airflow/.local/lib/python3.8/site-packages/airflow/example_dags/tutorial.py
[2024-04-05T05:46:48.170+0000] {logging_mixin.py:188} INFO - [2024-04-05T05:46:48.169+0000] {dag.py:3047} INFO - Sync 1 DAGs
[2024-04-05T05:46:48.214+0000] {logging_mixin.py:188} INFO - [2024-04-05T05:46:48.214+0000] {dag.py:3834} INFO - Setting next_dagrun for tutorial to 2024-04-04 00:00:00+00:00, run_after=2024-04-05 00:00:00+00:00
[2024-04-05T05:46:48.259+0000] {processor.py:183} INFO - Processing /home/airflow/.local/lib/python3.8/site-packages/airflow/example_dags/tutorial.py took 0.182 seconds
[2024-04-05T05:47:18.613+0000] {processor.py:161} INFO - Started process (PID=771) to work on /home/airflow/.local/lib/python3.8/site-packages/airflow/example_dags/tutorial.py
[2024-04-05T05:47:18.616+0000] {processor.py:830} INFO - Processing file /home/airflow/.local/lib/python3.8/site-packages/airflow/example_dags/tutorial.py for tasks to queue
[2024-04-05T05:47:18.618+0000] {logging_mixin.py:188} INFO - [2024-04-05T05:47:18.617+0000] {dagbag.py:540} INFO - Filling up the DagBag from /home/airflow/.local/lib/python3.8/site-packages/airflow/example_dags/tutorial.py
[2024-04-05T05:47:18.635+0000] {processor.py:840} INFO - DAG(s) 'tutorial' retrieved from /home/airflow/.local/lib/python3.8/site-packages/airflow/example_dags/tutorial.py
[2024-04-05T05:47:18.683+0000] {logging_mixin.py:188} INFO - [2024-04-05T05:47:18.683+0000] {dag.py:3047} INFO - Sync 1 DAGs
[2024-04-05T05:47:18.742+0000] {logging_mixin.py:188} INFO - [2024-04-05T05:47:18.742+0000] {dag.py:3834} INFO - Setting next_dagrun for tutorial to 2024-04-04 00:00:00+00:00, run_after=2024-04-05 00:00:00+00:00
[2024-04-05T05:47:18.780+0000] {processor.py:183} INFO - Processing /home/airflow/.local/lib/python3.8/site-packages/airflow/example_dags/tutorial.py took 0.173 seconds
[2024-04-05T05:47:49.195+0000] {processor.py:161} INFO - Started process (PID=828) to work on /home/airflow/.local/lib/python3.8/site-packages/airflow/example_dags/tutorial.py
[2024-04-05T05:47:49.198+0000] {processor.py:830} INFO - Processing file /home/airflow/.local/lib/python3.8/site-packages/airflow/example_dags/tutorial.py for tasks to queue
[2024-04-05T05:47:49.215+0000] {logging_mixin.py:188} INFO - [2024-04-05T05:47:49.214+0000] {dagbag.py:540} INFO - Filling up the DagBag from /home/airflow/.local/lib/python3.8/site-packages/airflow/example_dags/tutorial.py
[2024-04-05T05:47:49.258+0000] {processor.py:840} INFO - DAG(s) 'tutorial' retrieved from /home/airflow/.local/lib/python3.8/site-packages/airflow/example_dags/tutorial.py
[2024-04-05T05:47:49.357+0000] {logging_mixin.py:188} INFO - [2024-04-05T05:47:49.356+0000] {dag.py:3047} INFO - Sync 1 DAGs
[2024-04-05T05:47:49.438+0000] {logging_mixin.py:188} INFO - [2024-04-05T05:47:49.437+0000] {dag.py:3834} INFO - Setting next_dagrun for tutorial to 2024-04-04 00:00:00+00:00, run_after=2024-04-05 00:00:00+00:00
[2024-04-05T05:47:49.508+0000] {processor.py:183} INFO - Processing /home/airflow/.local/lib/python3.8/site-packages/airflow/example_dags/tutorial.py took 0.331 seconds
[2024-04-05T05:48:19.621+0000] {processor.py:161} INFO - Started process (PID=885) to work on /home/airflow/.local/lib/python3.8/site-packages/airflow/example_dags/tutorial.py
[2024-04-05T05:48:19.625+0000] {processor.py:830} INFO - Processing file /home/airflow/.local/lib/python3.8/site-packages/airflow/example_dags/tutorial.py for tasks to queue
[2024-04-05T05:48:19.628+0000] {logging_mixin.py:188} INFO - [2024-04-05T05:48:19.627+0000] {dagbag.py:540} INFO - Filling up the DagBag from /home/airflow/.local/lib/python3.8/site-packages/airflow/example_dags/tutorial.py
[2024-04-05T05:48:19.646+0000] {processor.py:840} INFO - DAG(s) 'tutorial' retrieved from /home/airflow/.local/lib/python3.8/site-packages/airflow/example_dags/tutorial.py
[2024-04-05T05:48:19.706+0000] {logging_mixin.py:188} INFO - [2024-04-05T05:48:19.705+0000] {dag.py:3047} INFO - Sync 1 DAGs
[2024-04-05T05:48:19.777+0000] {logging_mixin.py:188} INFO - [2024-04-05T05:48:19.777+0000] {dag.py:3834} INFO - Setting next_dagrun for tutorial to 2024-04-04 00:00:00+00:00, run_after=2024-04-05 00:00:00+00:00
[2024-04-05T05:48:19.847+0000] {processor.py:183} INFO - Processing /home/airflow/.local/lib/python3.8/site-packages/airflow/example_dags/tutorial.py took 0.237 seconds
[2024-04-05T05:48:50.418+0000] {processor.py:161} INFO - Started process (PID=942) to work on /home/airflow/.local/lib/python3.8/site-packages/airflow/example_dags/tutorial.py
[2024-04-05T05:48:50.422+0000] {processor.py:830} INFO - Processing file /home/airflow/.local/lib/python3.8/site-packages/airflow/example_dags/tutorial.py for tasks to queue
[2024-04-05T05:48:50.425+0000] {logging_mixin.py:188} INFO - [2024-04-05T05:48:50.424+0000] {dagbag.py:540} INFO - Filling up the DagBag from /home/airflow/.local/lib/python3.8/site-packages/airflow/example_dags/tutorial.py
[2024-04-05T05:48:50.442+0000] {processor.py:840} INFO - DAG(s) 'tutorial' retrieved from /home/airflow/.local/lib/python3.8/site-packages/airflow/example_dags/tutorial.py
[2024-04-05T05:48:50.482+0000] {logging_mixin.py:188} INFO - [2024-04-05T05:48:50.482+0000] {dag.py:3047} INFO - Sync 1 DAGs
[2024-04-05T05:48:50.543+0000] {logging_mixin.py:188} INFO - [2024-04-05T05:48:50.542+0000] {dag.py:3834} INFO - Setting next_dagrun for tutorial to 2024-04-04 00:00:00+00:00, run_after=2024-04-05 00:00:00+00:00
[2024-04-05T05:48:50.577+0000] {processor.py:183} INFO - Processing /home/airflow/.local/lib/python3.8/site-packages/airflow/example_dags/tutorial.py took 0.171 seconds
[2024-04-05T05:49:21.128+0000] {processor.py:161} INFO - Started process (PID=999) to work on /home/airflow/.local/lib/python3.8/site-packages/airflow/example_dags/tutorial.py
[2024-04-05T05:49:21.130+0000] {processor.py:830} INFO - Processing file /home/airflow/.local/lib/python3.8/site-packages/airflow/example_dags/tutorial.py for tasks to queue
[2024-04-05T05:49:21.131+0000] {logging_mixin.py:188} INFO - [2024-04-05T05:49:21.131+0000] {dagbag.py:540} INFO - Filling up the DagBag from /home/airflow/.local/lib/python3.8/site-packages/airflow/example_dags/tutorial.py
[2024-04-05T05:49:21.141+0000] {processor.py:840} INFO - DAG(s) 'tutorial' retrieved from /home/airflow/.local/lib/python3.8/site-packages/airflow/example_dags/tutorial.py
[2024-04-05T05:49:21.183+0000] {logging_mixin.py:188} INFO - [2024-04-05T05:49:21.183+0000] {dag.py:3047} INFO - Sync 1 DAGs
[2024-04-05T05:49:21.209+0000] {logging_mixin.py:188} INFO - [2024-04-05T05:49:21.209+0000] {dag.py:3834} INFO - Setting next_dagrun for tutorial to 2024-04-04 00:00:00+00:00, run_after=2024-04-05 00:00:00+00:00
[2024-04-05T05:49:21.233+0000] {processor.py:183} INFO - Processing /home/airflow/.local/lib/python3.8/site-packages/airflow/example_dags/tutorial.py took 0.110 seconds
[2024-04-05T05:49:51.919+0000] {processor.py:161} INFO - Started process (PID=1056) to work on /home/airflow/.local/lib/python3.8/site-packages/airflow/example_dags/tutorial.py
[2024-04-05T05:49:51.922+0000] {processor.py:830} INFO - Processing file /home/airflow/.local/lib/python3.8/site-packages/airflow/example_dags/tutorial.py for tasks to queue
[2024-04-05T05:49:51.925+0000] {logging_mixin.py:188} INFO - [2024-04-05T05:49:51.924+0000] {dagbag.py:540} INFO - Filling up the DagBag from /home/airflow/.local/lib/python3.8/site-packages/airflow/example_dags/tutorial.py
[2024-04-05T05:49:51.947+0000] {processor.py:840} INFO - DAG(s) 'tutorial' retrieved from /home/airflow/.local/lib/python3.8/site-packages/airflow/example_dags/tutorial.py
[2024-04-05T05:49:52.002+0000] {logging_mixin.py:188} INFO - [2024-04-05T05:49:52.001+0000] {dag.py:3047} INFO - Sync 1 DAGs
[2024-04-05T05:49:52.062+0000] {logging_mixin.py:188} INFO - [2024-04-05T05:49:52.062+0000] {dag.py:3834} INFO - Setting next_dagrun for tutorial to 2024-04-04 00:00:00+00:00, run_after=2024-04-05 00:00:00+00:00
[2024-04-05T05:49:52.116+0000] {processor.py:183} INFO - Processing /home/airflow/.local/lib/python3.8/site-packages/airflow/example_dags/tutorial.py took 0.204 seconds
[2024-04-05T05:50:22.374+0000] {processor.py:161} INFO - Started process (PID=1113) to work on /home/airflow/.local/lib/python3.8/site-packages/airflow/example_dags/tutorial.py
[2024-04-05T05:50:22.376+0000] {processor.py:830} INFO - Processing file /home/airflow/.local/lib/python3.8/site-packages/airflow/example_dags/tutorial.py for tasks to queue
[2024-04-05T05:50:22.379+0000] {logging_mixin.py:188} INFO - [2024-04-05T05:50:22.378+0000] {dagbag.py:540} INFO - Filling up the DagBag from /home/airflow/.local/lib/python3.8/site-packages/airflow/example_dags/tutorial.py
[2024-04-05T05:50:22.394+0000] {processor.py:840} INFO - DAG(s) 'tutorial' retrieved from /home/airflow/.local/lib/python3.8/site-packages/airflow/example_dags/tutorial.py
[2024-04-05T05:50:22.443+0000] {logging_mixin.py:188} INFO - [2024-04-05T05:50:22.442+0000] {dag.py:3047} INFO - Sync 1 DAGs
[2024-04-05T05:50:22.494+0000] {logging_mixin.py:188} INFO - [2024-04-05T05:50:22.494+0000] {dag.py:3834} INFO - Setting next_dagrun for tutorial to 2024-04-04 00:00:00+00:00, run_after=2024-04-05 00:00:00+00:00
[2024-04-05T05:50:22.538+0000] {processor.py:183} INFO - Processing /home/airflow/.local/lib/python3.8/site-packages/airflow/example_dags/tutorial.py took 0.174 seconds
[2024-04-05T05:50:52.862+0000] {processor.py:161} INFO - Started process (PID=1170) to work on /home/airflow/.local/lib/python3.8/site-packages/airflow/example_dags/tutorial.py
[2024-04-05T05:50:52.864+0000] {processor.py:830} INFO - Processing file /home/airflow/.local/lib/python3.8/site-packages/airflow/example_dags/tutorial.py for tasks to queue
[2024-04-05T05:50:52.866+0000] {logging_mixin.py:188} INFO - [2024-04-05T05:50:52.865+0000] {dagbag.py:540} INFO - Filling up the DagBag from /home/airflow/.local/lib/python3.8/site-packages/airflow/example_dags/tutorial.py
[2024-04-05T05:50:52.877+0000] {processor.py:840} INFO - DAG(s) 'tutorial' retrieved from /home/airflow/.local/lib/python3.8/site-packages/airflow/example_dags/tutorial.py
[2024-04-05T05:50:52.913+0000] {logging_mixin.py:188} INFO - [2024-04-05T05:50:52.913+0000] {dag.py:3047} INFO - Sync 1 DAGs
[2024-04-05T05:50:52.952+0000] {logging_mixin.py:188} INFO - [2024-04-05T05:50:52.952+0000] {dag.py:3834} INFO - Setting next_dagrun for tutorial to 2024-04-04 00:00:00+00:00, run_after=2024-04-05 00:00:00+00:00
[2024-04-05T05:50:52.990+0000] {processor.py:183} INFO - Processing /home/airflow/.local/lib/python3.8/site-packages/airflow/example_dags/tutorial.py took 0.134 seconds
[2024-04-05T05:51:23.334+0000] {processor.py:161} INFO - Started process (PID=1227) to work on /home/airflow/.local/lib/python3.8/site-packages/airflow/example_dags/tutorial.py
[2024-04-05T05:51:23.338+0000] {processor.py:830} INFO - Processing file /home/airflow/.local/lib/python3.8/site-packages/airflow/example_dags/tutorial.py for tasks to queue
[2024-04-05T05:51:23.341+0000] {logging_mixin.py:188} INFO - [2024-04-05T05:51:23.340+0000] {dagbag.py:540} INFO - Filling up the DagBag from /home/airflow/.local/lib/python3.8/site-packages/airflow/example_dags/tutorial.py
[2024-04-05T05:51:23.372+0000] {processor.py:840} INFO - DAG(s) 'tutorial' retrieved from /home/airflow/.local/lib/python3.8/site-packages/airflow/example_dags/tutorial.py
[2024-04-05T05:51:23.428+0000] {logging_mixin.py:188} INFO - [2024-04-05T05:51:23.428+0000] {dag.py:3047} INFO - Sync 1 DAGs
[2024-04-05T05:51:23.477+0000] {logging_mixin.py:188} INFO - [2024-04-05T05:51:23.476+0000] {dag.py:3834} INFO - Setting next_dagrun for tutorial to 2024-04-04 00:00:00+00:00, run_after=2024-04-05 00:00:00+00:00
[2024-04-05T05:51:23.519+0000] {processor.py:183} INFO - Processing /home/airflow/.local/lib/python3.8/site-packages/airflow/example_dags/tutorial.py took 0.212 seconds
[2024-04-05T05:51:53.688+0000] {processor.py:161} INFO - Started process (PID=1284) to work on /home/airflow/.local/lib/python3.8/site-packages/airflow/example_dags/tutorial.py
[2024-04-05T05:51:53.691+0000] {processor.py:830} INFO - Processing file /home/airflow/.local/lib/python3.8/site-packages/airflow/example_dags/tutorial.py for tasks to queue
[2024-04-05T05:51:53.694+0000] {logging_mixin.py:188} INFO - [2024-04-05T05:51:53.693+0000] {dagbag.py:540} INFO - Filling up the DagBag from /home/airflow/.local/lib/python3.8/site-packages/airflow/example_dags/tutorial.py
[2024-04-05T05:51:53.712+0000] {processor.py:840} INFO - DAG(s) 'tutorial' retrieved from /home/airflow/.local/lib/python3.8/site-packages/airflow/example_dags/tutorial.py
[2024-04-05T05:51:53.771+0000] {logging_mixin.py:188} INFO - [2024-04-05T05:51:53.770+0000] {dag.py:3047} INFO - Sync 1 DAGs
[2024-04-05T05:51:53.830+0000] {logging_mixin.py:188} INFO - [2024-04-05T05:51:53.829+0000] {dag.py:3834} INFO - Setting next_dagrun for tutorial to 2024-04-04 00:00:00+00:00, run_after=2024-04-05 00:00:00+00:00
[2024-04-05T05:51:53.871+0000] {processor.py:183} INFO - Processing /home/airflow/.local/lib/python3.8/site-packages/airflow/example_dags/tutorial.py took 0.191 seconds
[2024-04-05T05:52:24.183+0000] {processor.py:161} INFO - Started process (PID=1340) to work on /home/airflow/.local/lib/python3.8/site-packages/airflow/example_dags/tutorial.py
[2024-04-05T05:52:24.185+0000] {processor.py:830} INFO - Processing file /home/airflow/.local/lib/python3.8/site-packages/airflow/example_dags/tutorial.py for tasks to queue
[2024-04-05T05:52:24.188+0000] {logging_mixin.py:188} INFO - [2024-04-05T05:52:24.187+0000] {dagbag.py:540} INFO - Filling up the DagBag from /home/airflow/.local/lib/python3.8/site-packages/airflow/example_dags/tutorial.py
[2024-04-05T05:52:24.199+0000] {processor.py:840} INFO - DAG(s) 'tutorial' retrieved from /home/airflow/.local/lib/python3.8/site-packages/airflow/example_dags/tutorial.py
[2024-04-05T05:52:24.235+0000] {logging_mixin.py:188} INFO - [2024-04-05T05:52:24.235+0000] {dag.py:3047} INFO - Sync 1 DAGs
[2024-04-05T05:52:24.280+0000] {logging_mixin.py:188} INFO - [2024-04-05T05:52:24.279+0000] {dag.py:3834} INFO - Setting next_dagrun for tutorial to 2024-04-04 00:00:00+00:00, run_after=2024-04-05 00:00:00+00:00
[2024-04-05T05:52:24.331+0000] {processor.py:183} INFO - Processing /home/airflow/.local/lib/python3.8/site-packages/airflow/example_dags/tutorial.py took 0.153 seconds
[2024-04-05T05:52:54.647+0000] {processor.py:161} INFO - Started process (PID=1397) to work on /home/airflow/.local/lib/python3.8/site-packages/airflow/example_dags/tutorial.py
[2024-04-05T05:52:54.650+0000] {processor.py:830} INFO - Processing file /home/airflow/.local/lib/python3.8/site-packages/airflow/example_dags/tutorial.py for tasks to queue
[2024-04-05T05:52:54.652+0000] {logging_mixin.py:188} INFO - [2024-04-05T05:52:54.651+0000] {dagbag.py:540} INFO - Filling up the DagBag from /home/airflow/.local/lib/python3.8/site-packages/airflow/example_dags/tutorial.py
[2024-04-05T05:52:54.665+0000] {processor.py:840} INFO - DAG(s) 'tutorial' retrieved from /home/airflow/.local/lib/python3.8/site-packages/airflow/example_dags/tutorial.py
[2024-04-05T05:52:54.706+0000] {logging_mixin.py:188} INFO - [2024-04-05T05:52:54.706+0000] {dag.py:3047} INFO - Sync 1 DAGs
[2024-04-05T05:52:54.768+0000] {logging_mixin.py:188} INFO - [2024-04-05T05:52:54.767+0000] {dag.py:3834} INFO - Setting next_dagrun for tutorial to 2024-04-04 00:00:00+00:00, run_after=2024-04-05 00:00:00+00:00
[2024-04-05T05:52:54.815+0000] {processor.py:183} INFO - Processing /home/airflow/.local/lib/python3.8/site-packages/airflow/example_dags/tutorial.py took 0.174 seconds
[2024-04-05T05:53:25.260+0000] {processor.py:161} INFO - Started process (PID=1452) to work on /home/airflow/.local/lib/python3.8/site-packages/airflow/example_dags/tutorial.py
[2024-04-05T05:53:25.268+0000] {processor.py:830} INFO - Processing file /home/airflow/.local/lib/python3.8/site-packages/airflow/example_dags/tutorial.py for tasks to queue
[2024-04-05T05:53:25.270+0000] {logging_mixin.py:188} INFO - [2024-04-05T05:53:25.269+0000] {dagbag.py:540} INFO - Filling up the DagBag from /home/airflow/.local/lib/python3.8/site-packages/airflow/example_dags/tutorial.py
[2024-04-05T05:53:25.288+0000] {processor.py:840} INFO - DAG(s) 'tutorial' retrieved from /home/airflow/.local/lib/python3.8/site-packages/airflow/example_dags/tutorial.py
[2024-04-05T05:53:25.344+0000] {logging_mixin.py:188} INFO - [2024-04-05T05:53:25.343+0000] {dag.py:3047} INFO - Sync 1 DAGs
[2024-04-05T05:53:25.434+0000] {logging_mixin.py:188} INFO - [2024-04-05T05:53:25.433+0000] {dag.py:3834} INFO - Setting next_dagrun for tutorial to 2024-04-04 00:00:00+00:00, run_after=2024-04-05 00:00:00+00:00
[2024-04-05T05:53:25.477+0000] {processor.py:183} INFO - Processing /home/airflow/.local/lib/python3.8/site-packages/airflow/example_dags/tutorial.py took 0.236 seconds
[2024-04-05T05:53:55.861+0000] {processor.py:161} INFO - Started process (PID=1509) to work on /home/airflow/.local/lib/python3.8/site-packages/airflow/example_dags/tutorial.py
[2024-04-05T05:53:55.863+0000] {processor.py:830} INFO - Processing file /home/airflow/.local/lib/python3.8/site-packages/airflow/example_dags/tutorial.py for tasks to queue
[2024-04-05T05:53:55.865+0000] {logging_mixin.py:188} INFO - [2024-04-05T05:53:55.864+0000] {dagbag.py:540} INFO - Filling up the DagBag from /home/airflow/.local/lib/python3.8/site-packages/airflow/example_dags/tutorial.py
[2024-04-05T05:53:55.884+0000] {processor.py:840} INFO - DAG(s) 'tutorial' retrieved from /home/airflow/.local/lib/python3.8/site-packages/airflow/example_dags/tutorial.py
[2024-04-05T05:53:55.940+0000] {logging_mixin.py:188} INFO - [2024-04-05T05:53:55.939+0000] {dag.py:3047} INFO - Sync 1 DAGs
[2024-04-05T05:53:56.005+0000] {logging_mixin.py:188} INFO - [2024-04-05T05:53:56.005+0000] {dag.py:3834} INFO - Setting next_dagrun for tutorial to 2024-04-04 00:00:00+00:00, run_after=2024-04-05 00:00:00+00:00
[2024-04-05T05:53:56.059+0000] {processor.py:183} INFO - Processing /home/airflow/.local/lib/python3.8/site-packages/airflow/example_dags/tutorial.py took 0.207 seconds
[2024-04-05T05:54:26.445+0000] {processor.py:161} INFO - Started process (PID=1566) to work on /home/airflow/.local/lib/python3.8/site-packages/airflow/example_dags/tutorial.py
[2024-04-05T05:54:26.447+0000] {processor.py:830} INFO - Processing file /home/airflow/.local/lib/python3.8/site-packages/airflow/example_dags/tutorial.py for tasks to queue
[2024-04-05T05:54:26.449+0000] {logging_mixin.py:188} INFO - [2024-04-05T05:54:26.449+0000] {dagbag.py:540} INFO - Filling up the DagBag from /home/airflow/.local/lib/python3.8/site-packages/airflow/example_dags/tutorial.py
[2024-04-05T05:54:26.467+0000] {processor.py:840} INFO - DAG(s) 'tutorial' retrieved from /home/airflow/.local/lib/python3.8/site-packages/airflow/example_dags/tutorial.py
[2024-04-05T05:54:26.527+0000] {logging_mixin.py:188} INFO - [2024-04-05T05:54:26.526+0000] {dag.py:3047} INFO - Sync 1 DAGs
[2024-04-05T05:54:26.623+0000] {logging_mixin.py:188} INFO - [2024-04-05T05:54:26.622+0000] {dag.py:3834} INFO - Setting next_dagrun for tutorial to 2024-04-04 00:00:00+00:00, run_after=2024-04-05 00:00:00+00:00
[2024-04-05T05:54:26.663+0000] {processor.py:183} INFO - Processing /home/airflow/.local/lib/python3.8/site-packages/airflow/example_dags/tutorial.py took 0.231 seconds
[2024-04-05T05:54:57.041+0000] {processor.py:161} INFO - Started process (PID=1623) to work on /home/airflow/.local/lib/python3.8/site-packages/airflow/example_dags/tutorial.py
[2024-04-05T05:54:57.047+0000] {processor.py:830} INFO - Processing file /home/airflow/.local/lib/python3.8/site-packages/airflow/example_dags/tutorial.py for tasks to queue
[2024-04-05T05:54:57.056+0000] {logging_mixin.py:188} INFO - [2024-04-05T05:54:57.053+0000] {dagbag.py:540} INFO - Filling up the DagBag from /home/airflow/.local/lib/python3.8/site-packages/airflow/example_dags/tutorial.py
[2024-04-05T05:54:57.084+0000] {processor.py:840} INFO - DAG(s) 'tutorial' retrieved from /home/airflow/.local/lib/python3.8/site-packages/airflow/example_dags/tutorial.py
[2024-04-05T05:54:57.189+0000] {logging_mixin.py:188} INFO - [2024-04-05T05:54:57.189+0000] {dag.py:3047} INFO - Sync 1 DAGs
[2024-04-05T05:54:57.338+0000] {logging_mixin.py:188} INFO - [2024-04-05T05:54:57.337+0000] {dag.py:3834} INFO - Setting next_dagrun for tutorial to 2024-04-04 00:00:00+00:00, run_after=2024-04-05 00:00:00+00:00
[2024-04-05T05:54:57.443+0000] {processor.py:183} INFO - Processing /home/airflow/.local/lib/python3.8/site-packages/airflow/example_dags/tutorial.py took 0.419 seconds
[2024-04-05T05:55:27.707+0000] {processor.py:161} INFO - Started process (PID=1678) to work on /home/airflow/.local/lib/python3.8/site-packages/airflow/example_dags/tutorial.py
[2024-04-05T05:55:27.710+0000] {processor.py:830} INFO - Processing file /home/airflow/.local/lib/python3.8/site-packages/airflow/example_dags/tutorial.py for tasks to queue
[2024-04-05T05:55:27.712+0000] {logging_mixin.py:188} INFO - [2024-04-05T05:55:27.711+0000] {dagbag.py:540} INFO - Filling up the DagBag from /home/airflow/.local/lib/python3.8/site-packages/airflow/example_dags/tutorial.py
[2024-04-05T05:55:27.726+0000] {processor.py:840} INFO - DAG(s) 'tutorial' retrieved from /home/airflow/.local/lib/python3.8/site-packages/airflow/example_dags/tutorial.py
[2024-04-05T05:55:27.766+0000] {logging_mixin.py:188} INFO - [2024-04-05T05:55:27.766+0000] {dag.py:3047} INFO - Sync 1 DAGs
[2024-04-05T05:55:27.832+0000] {logging_mixin.py:188} INFO - [2024-04-05T05:55:27.832+0000] {dag.py:3834} INFO - Setting next_dagrun for tutorial to 2024-04-04 00:00:00+00:00, run_after=2024-04-05 00:00:00+00:00
[2024-04-05T05:55:27.890+0000] {processor.py:183} INFO - Processing /home/airflow/.local/lib/python3.8/site-packages/airflow/example_dags/tutorial.py took 0.190 seconds
[2024-04-05T05:55:58.056+0000] {processor.py:161} INFO - Started process (PID=1735) to work on /home/airflow/.local/lib/python3.8/site-packages/airflow/example_dags/tutorial.py
[2024-04-05T05:55:58.058+0000] {processor.py:830} INFO - Processing file /home/airflow/.local/lib/python3.8/site-packages/airflow/example_dags/tutorial.py for tasks to queue
[2024-04-05T05:55:58.061+0000] {logging_mixin.py:188} INFO - [2024-04-05T05:55:58.060+0000] {dagbag.py:540} INFO - Filling up the DagBag from /home/airflow/.local/lib/python3.8/site-packages/airflow/example_dags/tutorial.py
[2024-04-05T05:55:58.077+0000] {processor.py:840} INFO - DAG(s) 'tutorial' retrieved from /home/airflow/.local/lib/python3.8/site-packages/airflow/example_dags/tutorial.py
[2024-04-05T05:55:58.143+0000] {logging_mixin.py:188} INFO - [2024-04-05T05:55:58.142+0000] {dag.py:3047} INFO - Sync 1 DAGs
[2024-04-05T05:55:58.218+0000] {logging_mixin.py:188} INFO - [2024-04-05T05:55:58.217+0000] {dag.py:3834} INFO - Setting next_dagrun for tutorial to 2024-04-04 00:00:00+00:00, run_after=2024-04-05 00:00:00+00:00
[2024-04-05T05:55:58.260+0000] {processor.py:183} INFO - Processing /home/airflow/.local/lib/python3.8/site-packages/airflow/example_dags/tutorial.py took 0.211 seconds
[2024-04-05T05:56:29.080+0000] {processor.py:161} INFO - Started process (PID=1793) to work on /home/airflow/.local/lib/python3.8/site-packages/airflow/example_dags/tutorial.py
[2024-04-05T05:56:29.083+0000] {processor.py:830} INFO - Processing file /home/airflow/.local/lib/python3.8/site-packages/airflow/example_dags/tutorial.py for tasks to queue
[2024-04-05T05:56:29.085+0000] {logging_mixin.py:188} INFO - [2024-04-05T05:56:29.084+0000] {dagbag.py:540} INFO - Filling up the DagBag from /home/airflow/.local/lib/python3.8/site-packages/airflow/example_dags/tutorial.py
[2024-04-05T05:56:29.101+0000] {processor.py:840} INFO - DAG(s) 'tutorial' retrieved from /home/airflow/.local/lib/python3.8/site-packages/airflow/example_dags/tutorial.py
[2024-04-05T05:56:29.150+0000] {logging_mixin.py:188} INFO - [2024-04-05T05:56:29.149+0000] {dag.py:3047} INFO - Sync 1 DAGs
[2024-04-05T05:56:29.201+0000] {logging_mixin.py:188} INFO - [2024-04-05T05:56:29.201+0000] {dag.py:3834} INFO - Setting next_dagrun for tutorial to 2024-04-04 00:00:00+00:00, run_after=2024-04-05 00:00:00+00:00
[2024-04-05T05:56:29.255+0000] {processor.py:183} INFO - Processing /home/airflow/.local/lib/python3.8/site-packages/airflow/example_dags/tutorial.py took 0.185 seconds
[2024-04-05T05:56:59.565+0000] {processor.py:161} INFO - Started process (PID=1850) to work on /home/airflow/.local/lib/python3.8/site-packages/airflow/example_dags/tutorial.py
[2024-04-05T05:56:59.567+0000] {processor.py:830} INFO - Processing file /home/airflow/.local/lib/python3.8/site-packages/airflow/example_dags/tutorial.py for tasks to queue
[2024-04-05T05:56:59.570+0000] {logging_mixin.py:188} INFO - [2024-04-05T05:56:59.569+0000] {dagbag.py:540} INFO - Filling up the DagBag from /home/airflow/.local/lib/python3.8/site-packages/airflow/example_dags/tutorial.py
[2024-04-05T05:56:59.586+0000] {processor.py:840} INFO - DAG(s) 'tutorial' retrieved from /home/airflow/.local/lib/python3.8/site-packages/airflow/example_dags/tutorial.py
[2024-04-05T05:56:59.624+0000] {logging_mixin.py:188} INFO - [2024-04-05T05:56:59.623+0000] {dag.py:3047} INFO - Sync 1 DAGs
[2024-04-05T05:56:59.660+0000] {logging_mixin.py:188} INFO - [2024-04-05T05:56:59.660+0000] {dag.py:3834} INFO - Setting next_dagrun for tutorial to 2024-04-04 00:00:00+00:00, run_after=2024-04-05 00:00:00+00:00
[2024-04-05T05:56:59.699+0000] {processor.py:183} INFO - Processing /home/airflow/.local/lib/python3.8/site-packages/airflow/example_dags/tutorial.py took 0.140 seconds
[2024-04-05T05:57:30.089+0000] {processor.py:161} INFO - Started process (PID=1907) to work on /home/airflow/.local/lib/python3.8/site-packages/airflow/example_dags/tutorial.py
[2024-04-05T05:57:30.091+0000] {processor.py:830} INFO - Processing file /home/airflow/.local/lib/python3.8/site-packages/airflow/example_dags/tutorial.py for tasks to queue
[2024-04-05T05:57:30.094+0000] {logging_mixin.py:188} INFO - [2024-04-05T05:57:30.093+0000] {dagbag.py:540} INFO - Filling up the DagBag from /home/airflow/.local/lib/python3.8/site-packages/airflow/example_dags/tutorial.py
[2024-04-05T05:57:30.108+0000] {processor.py:840} INFO - DAG(s) 'tutorial' retrieved from /home/airflow/.local/lib/python3.8/site-packages/airflow/example_dags/tutorial.py
[2024-04-05T05:57:30.153+0000] {logging_mixin.py:188} INFO - [2024-04-05T05:57:30.153+0000] {dag.py:3047} INFO - Sync 1 DAGs
[2024-04-05T05:57:30.193+0000] {logging_mixin.py:188} INFO - [2024-04-05T05:57:30.193+0000] {dag.py:3834} INFO - Setting next_dagrun for tutorial to 2024-04-04 00:00:00+00:00, run_after=2024-04-05 00:00:00+00:00
[2024-04-05T05:57:30.226+0000] {processor.py:183} INFO - Processing /home/airflow/.local/lib/python3.8/site-packages/airflow/example_dags/tutorial.py took 0.144 seconds
[2024-04-05T05:58:00.999+0000] {processor.py:161} INFO - Started process (PID=1964) to work on /home/airflow/.local/lib/python3.8/site-packages/airflow/example_dags/tutorial.py
[2024-04-05T05:58:01.001+0000] {processor.py:830} INFO - Processing file /home/airflow/.local/lib/python3.8/site-packages/airflow/example_dags/tutorial.py for tasks to queue
[2024-04-05T05:58:01.003+0000] {logging_mixin.py:188} INFO - [2024-04-05T05:58:01.002+0000] {dagbag.py:540} INFO - Filling up the DagBag from /home/airflow/.local/lib/python3.8/site-packages/airflow/example_dags/tutorial.py
[2024-04-05T05:58:01.012+0000] {processor.py:840} INFO - DAG(s) 'tutorial' retrieved from /home/airflow/.local/lib/python3.8/site-packages/airflow/example_dags/tutorial.py
[2024-04-05T05:58:01.046+0000] {logging_mixin.py:188} INFO - [2024-04-05T05:58:01.046+0000] {dag.py:3047} INFO - Sync 1 DAGs
[2024-04-05T05:58:01.082+0000] {logging_mixin.py:188} INFO - [2024-04-05T05:58:01.081+0000] {dag.py:3834} INFO - Setting next_dagrun for tutorial to 2024-04-04 00:00:00+00:00, run_after=2024-04-05 00:00:00+00:00
[2024-04-05T05:58:01.112+0000] {processor.py:183} INFO - Processing /home/airflow/.local/lib/python3.8/site-packages/airflow/example_dags/tutorial.py took 0.117 seconds
[2024-04-05T05:58:31.427+0000] {processor.py:161} INFO - Started process (PID=2021) to work on /home/airflow/.local/lib/python3.8/site-packages/airflow/example_dags/tutorial.py
[2024-04-05T05:58:31.429+0000] {processor.py:830} INFO - Processing file /home/airflow/.local/lib/python3.8/site-packages/airflow/example_dags/tutorial.py for tasks to queue
[2024-04-05T05:58:31.432+0000] {logging_mixin.py:188} INFO - [2024-04-05T05:58:31.431+0000] {dagbag.py:540} INFO - Filling up the DagBag from /home/airflow/.local/lib/python3.8/site-packages/airflow/example_dags/tutorial.py
[2024-04-05T05:58:31.448+0000] {processor.py:840} INFO - DAG(s) 'tutorial' retrieved from /home/airflow/.local/lib/python3.8/site-packages/airflow/example_dags/tutorial.py
[2024-04-05T05:58:31.489+0000] {logging_mixin.py:188} INFO - [2024-04-05T05:58:31.489+0000] {dag.py:3047} INFO - Sync 1 DAGs
[2024-04-05T05:58:31.560+0000] {logging_mixin.py:188} INFO - [2024-04-05T05:58:31.560+0000] {dag.py:3834} INFO - Setting next_dagrun for tutorial to 2024-04-04 00:00:00+00:00, run_after=2024-04-05 00:00:00+00:00
[2024-04-05T05:58:31.600+0000] {processor.py:183} INFO - Processing /home/airflow/.local/lib/python3.8/site-packages/airflow/example_dags/tutorial.py took 0.179 seconds
[2024-04-05T05:59:01.821+0000] {processor.py:161} INFO - Started process (PID=2078) to work on /home/airflow/.local/lib/python3.8/site-packages/airflow/example_dags/tutorial.py
[2024-04-05T05:59:01.823+0000] {processor.py:830} INFO - Processing file /home/airflow/.local/lib/python3.8/site-packages/airflow/example_dags/tutorial.py for tasks to queue
[2024-04-05T05:59:01.825+0000] {logging_mixin.py:188} INFO - [2024-04-05T05:59:01.824+0000] {dagbag.py:540} INFO - Filling up the DagBag from /home/airflow/.local/lib/python3.8/site-packages/airflow/example_dags/tutorial.py
[2024-04-05T05:59:01.835+0000] {processor.py:840} INFO - DAG(s) 'tutorial' retrieved from /home/airflow/.local/lib/python3.8/site-packages/airflow/example_dags/tutorial.py
[2024-04-05T05:59:01.874+0000] {logging_mixin.py:188} INFO - [2024-04-05T05:59:01.874+0000] {dag.py:3047} INFO - Sync 1 DAGs
[2024-04-05T05:59:01.907+0000] {logging_mixin.py:188} INFO - [2024-04-05T05:59:01.907+0000] {dag.py:3834} INFO - Setting next_dagrun for tutorial to 2024-04-04 00:00:00+00:00, run_after=2024-04-05 00:00:00+00:00
[2024-04-05T05:59:01.938+0000] {processor.py:183} INFO - Processing /home/airflow/.local/lib/python3.8/site-packages/airflow/example_dags/tutorial.py took 0.122 seconds
[2024-04-05T05:59:32.148+0000] {processor.py:161} INFO - Started process (PID=2135) to work on /home/airflow/.local/lib/python3.8/site-packages/airflow/example_dags/tutorial.py
[2024-04-05T05:59:32.150+0000] {processor.py:830} INFO - Processing file /home/airflow/.local/lib/python3.8/site-packages/airflow/example_dags/tutorial.py for tasks to queue
[2024-04-05T05:59:32.152+0000] {logging_mixin.py:188} INFO - [2024-04-05T05:59:32.152+0000] {dagbag.py:540} INFO - Filling up the DagBag from /home/airflow/.local/lib/python3.8/site-packages/airflow/example_dags/tutorial.py
[2024-04-05T05:59:32.164+0000] {processor.py:840} INFO - DAG(s) 'tutorial' retrieved from /home/airflow/.local/lib/python3.8/site-packages/airflow/example_dags/tutorial.py
[2024-04-05T05:59:32.201+0000] {logging_mixin.py:188} INFO - [2024-04-05T05:59:32.201+0000] {dag.py:3047} INFO - Sync 1 DAGs
[2024-04-05T05:59:32.239+0000] {logging_mixin.py:188} INFO - [2024-04-05T05:59:32.238+0000] {dag.py:3834} INFO - Setting next_dagrun for tutorial to 2024-04-04 00:00:00+00:00, run_after=2024-04-05 00:00:00+00:00
[2024-04-05T05:59:32.277+0000] {processor.py:183} INFO - Processing /home/airflow/.local/lib/python3.8/site-packages/airflow/example_dags/tutorial.py took 0.134 seconds
[2024-04-05T06:00:02.356+0000] {processor.py:161} INFO - Started process (PID=2191) to work on /home/airflow/.local/lib/python3.8/site-packages/airflow/example_dags/tutorial.py
[2024-04-05T06:00:02.358+0000] {processor.py:830} INFO - Processing file /home/airflow/.local/lib/python3.8/site-packages/airflow/example_dags/tutorial.py for tasks to queue
[2024-04-05T06:00:02.360+0000] {logging_mixin.py:188} INFO - [2024-04-05T06:00:02.360+0000] {dagbag.py:540} INFO - Filling up the DagBag from /home/airflow/.local/lib/python3.8/site-packages/airflow/example_dags/tutorial.py
[2024-04-05T06:00:02.375+0000] {processor.py:840} INFO - DAG(s) 'tutorial' retrieved from /home/airflow/.local/lib/python3.8/site-packages/airflow/example_dags/tutorial.py
[2024-04-05T06:00:02.411+0000] {logging_mixin.py:188} INFO - [2024-04-05T06:00:02.410+0000] {dag.py:3047} INFO - Sync 1 DAGs
[2024-04-05T06:00:02.455+0000] {logging_mixin.py:188} INFO - [2024-04-05T06:00:02.454+0000] {dag.py:3834} INFO - Setting next_dagrun for tutorial to 2024-04-04 00:00:00+00:00, run_after=2024-04-05 00:00:00+00:00
[2024-04-05T06:00:02.488+0000] {processor.py:183} INFO - Processing /home/airflow/.local/lib/python3.8/site-packages/airflow/example_dags/tutorial.py took 0.140 seconds
[2024-04-05T06:00:32.841+0000] {processor.py:161} INFO - Started process (PID=2248) to work on /home/airflow/.local/lib/python3.8/site-packages/airflow/example_dags/tutorial.py
[2024-04-05T06:00:32.843+0000] {processor.py:830} INFO - Processing file /home/airflow/.local/lib/python3.8/site-packages/airflow/example_dags/tutorial.py for tasks to queue
[2024-04-05T06:00:32.844+0000] {logging_mixin.py:188} INFO - [2024-04-05T06:00:32.844+0000] {dagbag.py:540} INFO - Filling up the DagBag from /home/airflow/.local/lib/python3.8/site-packages/airflow/example_dags/tutorial.py
[2024-04-05T06:00:32.861+0000] {processor.py:840} INFO - DAG(s) 'tutorial' retrieved from /home/airflow/.local/lib/python3.8/site-packages/airflow/example_dags/tutorial.py
[2024-04-05T06:00:32.901+0000] {logging_mixin.py:188} INFO - [2024-04-05T06:00:32.901+0000] {dag.py:3047} INFO - Sync 1 DAGs
[2024-04-05T06:00:32.946+0000] {logging_mixin.py:188} INFO - [2024-04-05T06:00:32.946+0000] {dag.py:3834} INFO - Setting next_dagrun for tutorial to 2024-04-04 00:00:00+00:00, run_after=2024-04-05 00:00:00+00:00
[2024-04-05T06:00:32.985+0000] {processor.py:183} INFO - Processing /home/airflow/.local/lib/python3.8/site-packages/airflow/example_dags/tutorial.py took 0.153 seconds
[2024-04-05T06:01:03.743+0000] {processor.py:161} INFO - Started process (PID=2306) to work on /home/airflow/.local/lib/python3.8/site-packages/airflow/example_dags/tutorial.py
[2024-04-05T06:01:03.745+0000] {processor.py:830} INFO - Processing file /home/airflow/.local/lib/python3.8/site-packages/airflow/example_dags/tutorial.py for tasks to queue
[2024-04-05T06:01:03.747+0000] {logging_mixin.py:188} INFO - [2024-04-05T06:01:03.746+0000] {dagbag.py:540} INFO - Filling up the DagBag from /home/airflow/.local/lib/python3.8/site-packages/airflow/example_dags/tutorial.py
[2024-04-05T06:01:03.757+0000] {processor.py:840} INFO - DAG(s) 'tutorial' retrieved from /home/airflow/.local/lib/python3.8/site-packages/airflow/example_dags/tutorial.py
[2024-04-05T06:01:03.790+0000] {logging_mixin.py:188} INFO - [2024-04-05T06:01:03.790+0000] {dag.py:3047} INFO - Sync 1 DAGs
[2024-04-05T06:01:03.815+0000] {logging_mixin.py:188} INFO - [2024-04-05T06:01:03.815+0000] {dag.py:3834} INFO - Setting next_dagrun for tutorial to 2024-04-04 00:00:00+00:00, run_after=2024-04-05 00:00:00+00:00
[2024-04-05T06:01:03.842+0000] {processor.py:183} INFO - Processing /home/airflow/.local/lib/python3.8/site-packages/airflow/example_dags/tutorial.py took 0.103 seconds
[2024-04-05T06:01:34.084+0000] {processor.py:161} INFO - Started process (PID=2363) to work on /home/airflow/.local/lib/python3.8/site-packages/airflow/example_dags/tutorial.py
[2024-04-05T06:01:34.085+0000] {processor.py:830} INFO - Processing file /home/airflow/.local/lib/python3.8/site-packages/airflow/example_dags/tutorial.py for tasks to queue
[2024-04-05T06:01:34.087+0000] {logging_mixin.py:188} INFO - [2024-04-05T06:01:34.086+0000] {dagbag.py:540} INFO - Filling up the DagBag from /home/airflow/.local/lib/python3.8/site-packages/airflow/example_dags/tutorial.py
[2024-04-05T06:01:34.096+0000] {processor.py:840} INFO - DAG(s) 'tutorial' retrieved from /home/airflow/.local/lib/python3.8/site-packages/airflow/example_dags/tutorial.py
[2024-04-05T06:01:34.124+0000] {logging_mixin.py:188} INFO - [2024-04-05T06:01:34.124+0000] {dag.py:3047} INFO - Sync 1 DAGs
[2024-04-05T06:01:34.150+0000] {logging_mixin.py:188} INFO - [2024-04-05T06:01:34.149+0000] {dag.py:3834} INFO - Setting next_dagrun for tutorial to 2024-04-04 00:00:00+00:00, run_after=2024-04-05 00:00:00+00:00
[2024-04-05T06:01:34.174+0000] {processor.py:183} INFO - Processing /home/airflow/.local/lib/python3.8/site-packages/airflow/example_dags/tutorial.py took 0.094 seconds
[2024-04-05T06:02:04.853+0000] {processor.py:161} INFO - Started process (PID=2420) to work on /home/airflow/.local/lib/python3.8/site-packages/airflow/example_dags/tutorial.py
[2024-04-05T06:02:04.856+0000] {processor.py:830} INFO - Processing file /home/airflow/.local/lib/python3.8/site-packages/airflow/example_dags/tutorial.py for tasks to queue
[2024-04-05T06:02:04.859+0000] {logging_mixin.py:188} INFO - [2024-04-05T06:02:04.858+0000] {dagbag.py:540} INFO - Filling up the DagBag from /home/airflow/.local/lib/python3.8/site-packages/airflow/example_dags/tutorial.py
[2024-04-05T06:02:04.874+0000] {processor.py:840} INFO - DAG(s) 'tutorial' retrieved from /home/airflow/.local/lib/python3.8/site-packages/airflow/example_dags/tutorial.py
[2024-04-05T06:02:04.906+0000] {logging_mixin.py:188} INFO - [2024-04-05T06:02:04.905+0000] {dag.py:3047} INFO - Sync 1 DAGs
[2024-04-05T06:02:04.933+0000] {logging_mixin.py:188} INFO - [2024-04-05T06:02:04.933+0000] {dag.py:3834} INFO - Setting next_dagrun for tutorial to 2024-04-04 00:00:00+00:00, run_after=2024-04-05 00:00:00+00:00
[2024-04-05T06:02:04.968+0000] {processor.py:183} INFO - Processing /home/airflow/.local/lib/python3.8/site-packages/airflow/example_dags/tutorial.py took 0.123 seconds
[2024-04-05T06:02:35.523+0000] {processor.py:161} INFO - Started process (PID=2477) to work on /home/airflow/.local/lib/python3.8/site-packages/airflow/example_dags/tutorial.py
[2024-04-05T06:02:35.524+0000] {processor.py:830} INFO - Processing file /home/airflow/.local/lib/python3.8/site-packages/airflow/example_dags/tutorial.py for tasks to queue
[2024-04-05T06:02:35.526+0000] {logging_mixin.py:188} INFO - [2024-04-05T06:02:35.525+0000] {dagbag.py:540} INFO - Filling up the DagBag from /home/airflow/.local/lib/python3.8/site-packages/airflow/example_dags/tutorial.py
[2024-04-05T06:02:35.535+0000] {processor.py:840} INFO - DAG(s) 'tutorial' retrieved from /home/airflow/.local/lib/python3.8/site-packages/airflow/example_dags/tutorial.py
[2024-04-05T06:02:35.560+0000] {logging_mixin.py:188} INFO - [2024-04-05T06:02:35.560+0000] {dag.py:3047} INFO - Sync 1 DAGs
[2024-04-05T06:02:35.586+0000] {logging_mixin.py:188} INFO - [2024-04-05T06:02:35.586+0000] {dag.py:3834} INFO - Setting next_dagrun for tutorial to 2024-04-04 00:00:00+00:00, run_after=2024-04-05 00:00:00+00:00
[2024-04-05T06:02:35.615+0000] {processor.py:183} INFO - Processing /home/airflow/.local/lib/python3.8/site-packages/airflow/example_dags/tutorial.py took 0.097 seconds
[2024-04-05T06:03:05.945+0000] {processor.py:161} INFO - Started process (PID=2534) to work on /home/airflow/.local/lib/python3.8/site-packages/airflow/example_dags/tutorial.py
[2024-04-05T06:03:05.947+0000] {processor.py:830} INFO - Processing file /home/airflow/.local/lib/python3.8/site-packages/airflow/example_dags/tutorial.py for tasks to queue
[2024-04-05T06:03:05.948+0000] {logging_mixin.py:188} INFO - [2024-04-05T06:03:05.948+0000] {dagbag.py:540} INFO - Filling up the DagBag from /home/airflow/.local/lib/python3.8/site-packages/airflow/example_dags/tutorial.py
[2024-04-05T06:03:05.960+0000] {processor.py:840} INFO - DAG(s) 'tutorial' retrieved from /home/airflow/.local/lib/python3.8/site-packages/airflow/example_dags/tutorial.py
[2024-04-05T06:03:06.005+0000] {logging_mixin.py:188} INFO - [2024-04-05T06:03:06.005+0000] {dag.py:3047} INFO - Sync 1 DAGs
[2024-04-05T06:03:06.038+0000] {logging_mixin.py:188} INFO - [2024-04-05T06:03:06.038+0000] {dag.py:3834} INFO - Setting next_dagrun for tutorial to 2024-04-04 00:00:00+00:00, run_after=2024-04-05 00:00:00+00:00
[2024-04-05T06:03:06.068+0000] {processor.py:183} INFO - Processing /home/airflow/.local/lib/python3.8/site-packages/airflow/example_dags/tutorial.py took 0.127 seconds
[2024-04-05T06:03:36.272+0000] {processor.py:161} INFO - Started process (PID=2591) to work on /home/airflow/.local/lib/python3.8/site-packages/airflow/example_dags/tutorial.py
[2024-04-05T06:03:36.273+0000] {processor.py:830} INFO - Processing file /home/airflow/.local/lib/python3.8/site-packages/airflow/example_dags/tutorial.py for tasks to queue
[2024-04-05T06:03:36.275+0000] {logging_mixin.py:188} INFO - [2024-04-05T06:03:36.274+0000] {dagbag.py:540} INFO - Filling up the DagBag from /home/airflow/.local/lib/python3.8/site-packages/airflow/example_dags/tutorial.py
[2024-04-05T06:03:36.291+0000] {processor.py:840} INFO - DAG(s) 'tutorial' retrieved from /home/airflow/.local/lib/python3.8/site-packages/airflow/example_dags/tutorial.py
[2024-04-05T06:03:36.334+0000] {logging_mixin.py:188} INFO - [2024-04-05T06:03:36.333+0000] {dag.py:3047} INFO - Sync 1 DAGs
[2024-04-05T06:03:36.383+0000] {logging_mixin.py:188} INFO - [2024-04-05T06:03:36.383+0000] {dag.py:3834} INFO - Setting next_dagrun for tutorial to 2024-04-04 00:00:00+00:00, run_after=2024-04-05 00:00:00+00:00
[2024-04-05T06:03:36.421+0000] {processor.py:183} INFO - Processing /home/airflow/.local/lib/python3.8/site-packages/airflow/example_dags/tutorial.py took 0.155 seconds
[2024-04-05T06:04:06.737+0000] {processor.py:161} INFO - Started process (PID=2648) to work on /home/airflow/.local/lib/python3.8/site-packages/airflow/example_dags/tutorial.py
[2024-04-05T06:04:06.739+0000] {processor.py:830} INFO - Processing file /home/airflow/.local/lib/python3.8/site-packages/airflow/example_dags/tutorial.py for tasks to queue
[2024-04-05T06:04:06.741+0000] {logging_mixin.py:188} INFO - [2024-04-05T06:04:06.740+0000] {dagbag.py:540} INFO - Filling up the DagBag from /home/airflow/.local/lib/python3.8/site-packages/airflow/example_dags/tutorial.py
[2024-04-05T06:04:06.751+0000] {processor.py:840} INFO - DAG(s) 'tutorial' retrieved from /home/airflow/.local/lib/python3.8/site-packages/airflow/example_dags/tutorial.py
[2024-04-05T06:04:06.789+0000] {logging_mixin.py:188} INFO - [2024-04-05T06:04:06.789+0000] {dag.py:3047} INFO - Sync 1 DAGs
[2024-04-05T06:04:06.829+0000] {logging_mixin.py:188} INFO - [2024-04-05T06:04:06.828+0000] {dag.py:3834} INFO - Setting next_dagrun for tutorial to 2024-04-04 00:00:00+00:00, run_after=2024-04-05 00:00:00+00:00
[2024-04-05T06:04:06.857+0000] {processor.py:183} INFO - Processing /home/airflow/.local/lib/python3.8/site-packages/airflow/example_dags/tutorial.py took 0.125 seconds
[2024-04-05T06:04:37.440+0000] {processor.py:161} INFO - Started process (PID=2705) to work on /home/airflow/.local/lib/python3.8/site-packages/airflow/example_dags/tutorial.py
[2024-04-05T06:04:37.442+0000] {processor.py:830} INFO - Processing file /home/airflow/.local/lib/python3.8/site-packages/airflow/example_dags/tutorial.py for tasks to queue
[2024-04-05T06:04:37.444+0000] {logging_mixin.py:188} INFO - [2024-04-05T06:04:37.443+0000] {dagbag.py:540} INFO - Filling up the DagBag from /home/airflow/.local/lib/python3.8/site-packages/airflow/example_dags/tutorial.py
[2024-04-05T06:04:37.464+0000] {processor.py:840} INFO - DAG(s) 'tutorial' retrieved from /home/airflow/.local/lib/python3.8/site-packages/airflow/example_dags/tutorial.py
[2024-04-05T06:04:37.516+0000] {logging_mixin.py:188} INFO - [2024-04-05T06:04:37.515+0000] {dag.py:3047} INFO - Sync 1 DAGs
[2024-04-05T06:04:37.561+0000] {logging_mixin.py:188} INFO - [2024-04-05T06:04:37.561+0000] {dag.py:3834} INFO - Setting next_dagrun for tutorial to 2024-04-04 00:00:00+00:00, run_after=2024-04-05 00:00:00+00:00
[2024-04-05T06:04:37.595+0000] {processor.py:183} INFO - Processing /home/airflow/.local/lib/python3.8/site-packages/airflow/example_dags/tutorial.py took 0.166 seconds
[2024-04-05T06:05:07.816+0000] {processor.py:161} INFO - Started process (PID=2762) to work on /home/airflow/.local/lib/python3.8/site-packages/airflow/example_dags/tutorial.py
[2024-04-05T06:05:07.818+0000] {processor.py:830} INFO - Processing file /home/airflow/.local/lib/python3.8/site-packages/airflow/example_dags/tutorial.py for tasks to queue
[2024-04-05T06:05:07.819+0000] {logging_mixin.py:188} INFO - [2024-04-05T06:05:07.819+0000] {dagbag.py:540} INFO - Filling up the DagBag from /home/airflow/.local/lib/python3.8/site-packages/airflow/example_dags/tutorial.py
[2024-04-05T06:05:07.831+0000] {processor.py:840} INFO - DAG(s) 'tutorial' retrieved from /home/airflow/.local/lib/python3.8/site-packages/airflow/example_dags/tutorial.py
[2024-04-05T06:05:07.863+0000] {logging_mixin.py:188} INFO - [2024-04-05T06:05:07.863+0000] {dag.py:3047} INFO - Sync 1 DAGs
[2024-04-05T06:05:07.894+0000] {logging_mixin.py:188} INFO - [2024-04-05T06:05:07.894+0000] {dag.py:3834} INFO - Setting next_dagrun for tutorial to 2024-04-04 00:00:00+00:00, run_after=2024-04-05 00:00:00+00:00
[2024-04-05T06:05:07.920+0000] {processor.py:183} INFO - Processing /home/airflow/.local/lib/python3.8/site-packages/airflow/example_dags/tutorial.py took 0.109 seconds
