[2024-04-04T09:38:48.915+0000] {processor.py:161} INFO - Started process (PID=38) to work on /opt/airflow/dags/nhom7_scarpy_dag.py
[2024-04-04T09:38:48.918+0000] {processor.py:830} INFO - Processing file /opt/airflow/dags/nhom7_scarpy_dag.py for tasks to queue
[2024-04-04T09:38:48.931+0000] {logging_mixin.py:188} INFO - [2024-04-04T09:38:48.930+0000] {dagbag.py:540} INFO - Filling up the DagBag from /opt/airflow/dags/nhom7_scarpy_dag.py
[2024-04-04T09:38:48.965+0000] {logging_mixin.py:188} INFO - [2024-04-04T09:38:48.956+0000] {dagbag.py:350} ERROR - Failed to import: /opt/airflow/dags/nhom7_scarpy_dag.py
Traceback (most recent call last):
  File "/home/airflow/.local/lib/python3.8/site-packages/airflow/models/dagbag.py", line 346, in parse
    loader.exec_module(new_module)
  File "<frozen importlib._bootstrap_external>", line 843, in exec_module
  File "<frozen importlib._bootstrap>", line 219, in _call_with_frames_removed
  File "/opt/airflow/dags/nhom7_scarpy_dag.py", line 5, in <module>
    from pymongo.mongo_client import MongoClient
ModuleNotFoundError: No module named 'pymongo'
[2024-04-04T09:38:48.970+0000] {processor.py:842} WARNING - No viable dags retrieved from /opt/airflow/dags/nhom7_scarpy_dag.py
[2024-04-04T09:38:49.026+0000] {processor.py:183} INFO - Processing /opt/airflow/dags/nhom7_scarpy_dag.py took 0.132 seconds
[2024-04-04T09:39:19.173+0000] {processor.py:161} INFO - Started process (PID=94) to work on /opt/airflow/dags/nhom7_scarpy_dag.py
[2024-04-04T09:39:19.174+0000] {processor.py:830} INFO - Processing file /opt/airflow/dags/nhom7_scarpy_dag.py for tasks to queue
[2024-04-04T09:39:19.177+0000] {logging_mixin.py:188} INFO - [2024-04-04T09:39:19.176+0000] {dagbag.py:540} INFO - Filling up the DagBag from /opt/airflow/dags/nhom7_scarpy_dag.py
[2024-04-04T09:39:19.199+0000] {logging_mixin.py:188} INFO - [2024-04-04T09:39:19.194+0000] {dagbag.py:350} ERROR - Failed to import: /opt/airflow/dags/nhom7_scarpy_dag.py
Traceback (most recent call last):
  File "/home/airflow/.local/lib/python3.8/site-packages/airflow/models/dagbag.py", line 346, in parse
    loader.exec_module(new_module)
  File "<frozen importlib._bootstrap_external>", line 843, in exec_module
  File "<frozen importlib._bootstrap>", line 219, in _call_with_frames_removed
  File "/opt/airflow/dags/nhom7_scarpy_dag.py", line 5, in <module>
    from pymongo.mongo_client import MongoClient
ModuleNotFoundError: No module named 'pymongo'
[2024-04-04T09:39:19.200+0000] {processor.py:842} WARNING - No viable dags retrieved from /opt/airflow/dags/nhom7_scarpy_dag.py
[2024-04-04T09:39:19.225+0000] {processor.py:183} INFO - Processing /opt/airflow/dags/nhom7_scarpy_dag.py took 0.055 seconds
[2024-04-04T09:39:49.552+0000] {processor.py:161} INFO - Started process (PID=150) to work on /opt/airflow/dags/nhom7_scarpy_dag.py
[2024-04-04T09:39:49.553+0000] {processor.py:830} INFO - Processing file /opt/airflow/dags/nhom7_scarpy_dag.py for tasks to queue
[2024-04-04T09:39:49.557+0000] {logging_mixin.py:188} INFO - [2024-04-04T09:39:49.556+0000] {dagbag.py:540} INFO - Filling up the DagBag from /opt/airflow/dags/nhom7_scarpy_dag.py
[2024-04-04T09:39:49.583+0000] {logging_mixin.py:188} INFO - [2024-04-04T09:39:49.576+0000] {dagbag.py:350} ERROR - Failed to import: /opt/airflow/dags/nhom7_scarpy_dag.py
Traceback (most recent call last):
  File "/home/airflow/.local/lib/python3.8/site-packages/airflow/models/dagbag.py", line 346, in parse
    loader.exec_module(new_module)
  File "<frozen importlib._bootstrap_external>", line 843, in exec_module
  File "<frozen importlib._bootstrap>", line 219, in _call_with_frames_removed
  File "/opt/airflow/dags/nhom7_scarpy_dag.py", line 5, in <module>
    from pymongo.mongo_client import MongoClient
ModuleNotFoundError: No module named 'pymongo'
[2024-04-04T09:39:49.585+0000] {processor.py:842} WARNING - No viable dags retrieved from /opt/airflow/dags/nhom7_scarpy_dag.py
[2024-04-04T09:39:49.613+0000] {processor.py:183} INFO - Processing /opt/airflow/dags/nhom7_scarpy_dag.py took 0.066 seconds
[2024-04-04T09:40:19.983+0000] {processor.py:161} INFO - Started process (PID=206) to work on /opt/airflow/dags/nhom7_scarpy_dag.py
[2024-04-04T09:40:19.984+0000] {processor.py:830} INFO - Processing file /opt/airflow/dags/nhom7_scarpy_dag.py for tasks to queue
[2024-04-04T09:40:19.986+0000] {logging_mixin.py:188} INFO - [2024-04-04T09:40:19.985+0000] {dagbag.py:540} INFO - Filling up the DagBag from /opt/airflow/dags/nhom7_scarpy_dag.py
[2024-04-04T09:40:20.006+0000] {logging_mixin.py:188} INFO - [2024-04-04T09:40:20.002+0000] {dagbag.py:350} ERROR - Failed to import: /opt/airflow/dags/nhom7_scarpy_dag.py
Traceback (most recent call last):
  File "/home/airflow/.local/lib/python3.8/site-packages/airflow/models/dagbag.py", line 346, in parse
    loader.exec_module(new_module)
  File "<frozen importlib._bootstrap_external>", line 843, in exec_module
  File "<frozen importlib._bootstrap>", line 219, in _call_with_frames_removed
  File "/opt/airflow/dags/nhom7_scarpy_dag.py", line 5, in <module>
    from pymongo.mongo_client import MongoClient
ModuleNotFoundError: No module named 'pymongo'
[2024-04-04T09:40:20.008+0000] {processor.py:842} WARNING - No viable dags retrieved from /opt/airflow/dags/nhom7_scarpy_dag.py
[2024-04-04T09:40:20.033+0000] {processor.py:183} INFO - Processing /opt/airflow/dags/nhom7_scarpy_dag.py took 0.053 seconds
[2024-04-04T09:40:50.518+0000] {processor.py:161} INFO - Started process (PID=262) to work on /opt/airflow/dags/nhom7_scarpy_dag.py
[2024-04-04T09:40:50.520+0000] {processor.py:830} INFO - Processing file /opt/airflow/dags/nhom7_scarpy_dag.py for tasks to queue
[2024-04-04T09:40:50.522+0000] {logging_mixin.py:188} INFO - [2024-04-04T09:40:50.521+0000] {dagbag.py:540} INFO - Filling up the DagBag from /opt/airflow/dags/nhom7_scarpy_dag.py
[2024-04-04T09:40:50.543+0000] {logging_mixin.py:188} INFO - [2024-04-04T09:40:50.538+0000] {dagbag.py:350} ERROR - Failed to import: /opt/airflow/dags/nhom7_scarpy_dag.py
Traceback (most recent call last):
  File "/home/airflow/.local/lib/python3.8/site-packages/airflow/models/dagbag.py", line 346, in parse
    loader.exec_module(new_module)
  File "<frozen importlib._bootstrap_external>", line 843, in exec_module
  File "<frozen importlib._bootstrap>", line 219, in _call_with_frames_removed
  File "/opt/airflow/dags/nhom7_scarpy_dag.py", line 5, in <module>
    from pymongo.mongo_client import MongoClient
ModuleNotFoundError: No module named 'pymongo'
[2024-04-04T09:40:50.546+0000] {processor.py:842} WARNING - No viable dags retrieved from /opt/airflow/dags/nhom7_scarpy_dag.py
[2024-04-04T09:40:50.573+0000] {processor.py:183} INFO - Processing /opt/airflow/dags/nhom7_scarpy_dag.py took 0.059 seconds
[2024-04-04T09:41:20.710+0000] {processor.py:161} INFO - Started process (PID=318) to work on /opt/airflow/dags/nhom7_scarpy_dag.py
[2024-04-04T09:41:20.711+0000] {processor.py:830} INFO - Processing file /opt/airflow/dags/nhom7_scarpy_dag.py for tasks to queue
[2024-04-04T09:41:20.714+0000] {logging_mixin.py:188} INFO - [2024-04-04T09:41:20.714+0000] {dagbag.py:540} INFO - Filling up the DagBag from /opt/airflow/dags/nhom7_scarpy_dag.py
[2024-04-04T09:41:20.737+0000] {logging_mixin.py:188} INFO - [2024-04-04T09:41:20.732+0000] {dagbag.py:350} ERROR - Failed to import: /opt/airflow/dags/nhom7_scarpy_dag.py
Traceback (most recent call last):
  File "/home/airflow/.local/lib/python3.8/site-packages/airflow/models/dagbag.py", line 346, in parse
    loader.exec_module(new_module)
  File "<frozen importlib._bootstrap_external>", line 843, in exec_module
  File "<frozen importlib._bootstrap>", line 219, in _call_with_frames_removed
  File "/opt/airflow/dags/nhom7_scarpy_dag.py", line 5, in <module>
    from pymongo.mongo_client import MongoClient
ModuleNotFoundError: No module named 'pymongo'
[2024-04-04T09:41:20.739+0000] {processor.py:842} WARNING - No viable dags retrieved from /opt/airflow/dags/nhom7_scarpy_dag.py
[2024-04-04T09:41:20.778+0000] {processor.py:183} INFO - Processing /opt/airflow/dags/nhom7_scarpy_dag.py took 0.074 seconds
[2024-04-04T09:41:51.215+0000] {processor.py:161} INFO - Started process (PID=374) to work on /opt/airflow/dags/nhom7_scarpy_dag.py
[2024-04-04T09:41:51.216+0000] {processor.py:830} INFO - Processing file /opt/airflow/dags/nhom7_scarpy_dag.py for tasks to queue
[2024-04-04T09:41:51.218+0000] {logging_mixin.py:188} INFO - [2024-04-04T09:41:51.218+0000] {dagbag.py:540} INFO - Filling up the DagBag from /opt/airflow/dags/nhom7_scarpy_dag.py
[2024-04-04T09:41:51.238+0000] {logging_mixin.py:188} INFO - [2024-04-04T09:41:51.234+0000] {dagbag.py:350} ERROR - Failed to import: /opt/airflow/dags/nhom7_scarpy_dag.py
Traceback (most recent call last):
  File "/home/airflow/.local/lib/python3.8/site-packages/airflow/models/dagbag.py", line 346, in parse
    loader.exec_module(new_module)
  File "<frozen importlib._bootstrap_external>", line 843, in exec_module
  File "<frozen importlib._bootstrap>", line 219, in _call_with_frames_removed
  File "/opt/airflow/dags/nhom7_scarpy_dag.py", line 5, in <module>
    from pymongo.mongo_client import MongoClient
ModuleNotFoundError: No module named 'pymongo'
[2024-04-04T09:41:51.239+0000] {processor.py:842} WARNING - No viable dags retrieved from /opt/airflow/dags/nhom7_scarpy_dag.py
[2024-04-04T09:41:51.261+0000] {processor.py:183} INFO - Processing /opt/airflow/dags/nhom7_scarpy_dag.py took 0.049 seconds
[2024-04-04T09:42:02.478+0000] {processor.py:161} INFO - Started process (PID=430) to work on /opt/airflow/dags/nhom7_scarpy_dag.py
[2024-04-04T09:42:02.480+0000] {processor.py:830} INFO - Processing file /opt/airflow/dags/nhom7_scarpy_dag.py for tasks to queue
[2024-04-04T09:42:02.483+0000] {logging_mixin.py:188} INFO - [2024-04-04T09:42:02.482+0000] {dagbag.py:540} INFO - Filling up the DagBag from /opt/airflow/dags/nhom7_scarpy_dag.py
[2024-04-04T09:42:02.525+0000] {processor.py:840} INFO - DAG(s) 'nhom7_scrapy_dag' retrieved from /opt/airflow/dags/nhom7_scarpy_dag.py
[2024-04-04T09:42:02.637+0000] {logging_mixin.py:188} INFO - [2024-04-04T09:42:02.636+0000] {override.py:1769} INFO - Created Permission View: can read on DAG:nhom7_scrapy_dag
[2024-04-04T09:42:02.651+0000] {logging_mixin.py:188} INFO - [2024-04-04T09:42:02.650+0000] {override.py:1769} INFO - Created Permission View: can edit on DAG:nhom7_scrapy_dag
[2024-04-04T09:42:02.664+0000] {logging_mixin.py:188} INFO - [2024-04-04T09:42:02.664+0000] {override.py:1769} INFO - Created Permission View: can delete on DAG:nhom7_scrapy_dag
[2024-04-04T09:42:02.665+0000] {logging_mixin.py:188} INFO - [2024-04-04T09:42:02.665+0000] {dag.py:3047} INFO - Sync 1 DAGs
[2024-04-04T09:42:02.680+0000] {logging_mixin.py:188} INFO - [2024-04-04T09:42:02.679+0000] {dag.py:3069} INFO - Creating ORM DAG for nhom7_scrapy_dag
[2024-04-04T09:42:02.693+0000] {logging_mixin.py:188} INFO - [2024-04-04T09:42:02.693+0000] {dag.py:3834} INFO - Setting next_dagrun for nhom7_scrapy_dag to 2024-04-03 00:00:00+00:00, run_after=2024-04-04 00:00:00+00:00
[2024-04-04T09:42:02.721+0000] {processor.py:183} INFO - Processing /opt/airflow/dags/nhom7_scarpy_dag.py took 0.246 seconds
[2024-04-04T09:42:08.821+0000] {processor.py:161} INFO - Started process (PID=431) to work on /opt/airflow/dags/nhom7_scarpy_dag.py
[2024-04-04T09:42:08.822+0000] {processor.py:830} INFO - Processing file /opt/airflow/dags/nhom7_scarpy_dag.py for tasks to queue
[2024-04-04T09:42:08.825+0000] {logging_mixin.py:188} INFO - [2024-04-04T09:42:08.825+0000] {dagbag.py:540} INFO - Filling up the DagBag from /opt/airflow/dags/nhom7_scarpy_dag.py
[2024-04-04T09:42:08.862+0000] {processor.py:840} INFO - DAG(s) 'nhom7_scrapy_dag' retrieved from /opt/airflow/dags/nhom7_scarpy_dag.py
[2024-04-04T09:42:08.879+0000] {logging_mixin.py:188} INFO - [2024-04-04T09:42:08.878+0000] {dag.py:3047} INFO - Sync 1 DAGs
[2024-04-04T09:42:08.915+0000] {logging_mixin.py:188} INFO - [2024-04-04T09:42:08.915+0000] {dag.py:3834} INFO - Setting next_dagrun for nhom7_scrapy_dag to 2024-04-03 00:00:00+00:00, run_after=2024-04-04 00:00:00+00:00
[2024-04-04T09:42:08.951+0000] {processor.py:183} INFO - Processing /opt/airflow/dags/nhom7_scarpy_dag.py took 0.133 seconds
[2024-04-04T09:42:11.017+0000] {processor.py:161} INFO - Started process (PID=432) to work on /opt/airflow/dags/nhom7_scarpy_dag.py
[2024-04-04T09:42:11.019+0000] {processor.py:830} INFO - Processing file /opt/airflow/dags/nhom7_scarpy_dag.py for tasks to queue
[2024-04-04T09:42:11.021+0000] {logging_mixin.py:188} INFO - [2024-04-04T09:42:11.021+0000] {dagbag.py:540} INFO - Filling up the DagBag from /opt/airflow/dags/nhom7_scarpy_dag.py
[2024-04-04T09:42:11.056+0000] {logging_mixin.py:188} INFO - [2024-04-04T09:42:11.050+0000] {dagbag.py:350} ERROR - Failed to import: /opt/airflow/dags/nhom7_scarpy_dag.py
Traceback (most recent call last):
  File "/home/airflow/.local/lib/python3.8/site-packages/airflow/models/dagbag.py", line 346, in parse
    loader.exec_module(new_module)
  File "<frozen importlib._bootstrap_external>", line 843, in exec_module
  File "<frozen importlib._bootstrap>", line 219, in _call_with_frames_removed
  File "/opt/airflow/dags/nhom7_scarpy_dag.py", line 32, in <module>
    python_callable=clean_expire_job,
NameError: name 'clean_expire_job' is not defined
[2024-04-04T09:42:11.057+0000] {processor.py:842} WARNING - No viable dags retrieved from /opt/airflow/dags/nhom7_scarpy_dag.py
[2024-04-04T09:42:11.081+0000] {processor.py:183} INFO - Processing /opt/airflow/dags/nhom7_scarpy_dag.py took 0.067 seconds
[2024-04-04T09:42:15.150+0000] {processor.py:161} INFO - Started process (PID=433) to work on /opt/airflow/dags/nhom7_scarpy_dag.py
[2024-04-04T09:42:15.151+0000] {processor.py:830} INFO - Processing file /opt/airflow/dags/nhom7_scarpy_dag.py for tasks to queue
[2024-04-04T09:42:15.154+0000] {logging_mixin.py:188} INFO - [2024-04-04T09:42:15.153+0000] {dagbag.py:540} INFO - Filling up the DagBag from /opt/airflow/dags/nhom7_scarpy_dag.py
[2024-04-04T09:42:15.172+0000] {logging_mixin.py:188} INFO - [2024-04-04T09:42:15.171+0000] {dagbag.py:350} ERROR - Failed to import: /opt/airflow/dags/nhom7_scarpy_dag.py
Traceback (most recent call last):
  File "/home/airflow/.local/lib/python3.8/site-packages/airflow/models/dagbag.py", line 346, in parse
    loader.exec_module(new_module)
  File "<frozen importlib._bootstrap_external>", line 839, in exec_module
  File "<frozen importlib._bootstrap_external>", line 976, in get_code
  File "<frozen importlib._bootstrap_external>", line 906, in source_to_code
  File "<frozen importlib._bootstrap>", line 219, in _call_with_frames_removed
  File "/opt/airflow/dags/nhom7_scarpy_dag.py", line 45
    crawl_job_task  send_email_task
                    ^
SyntaxError: invalid syntax
[2024-04-04T09:42:15.172+0000] {processor.py:842} WARNING - No viable dags retrieved from /opt/airflow/dags/nhom7_scarpy_dag.py
[2024-04-04T09:42:15.197+0000] {processor.py:183} INFO - Processing /opt/airflow/dags/nhom7_scarpy_dag.py took 0.049 seconds
[2024-04-04T09:42:20.208+0000] {processor.py:161} INFO - Started process (PID=434) to work on /opt/airflow/dags/nhom7_scarpy_dag.py
[2024-04-04T09:42:20.209+0000] {processor.py:830} INFO - Processing file /opt/airflow/dags/nhom7_scarpy_dag.py for tasks to queue
[2024-04-04T09:42:20.212+0000] {logging_mixin.py:188} INFO - [2024-04-04T09:42:20.211+0000] {dagbag.py:540} INFO - Filling up the DagBag from /opt/airflow/dags/nhom7_scarpy_dag.py
[2024-04-04T09:42:20.232+0000] {logging_mixin.py:188} INFO - [2024-04-04T09:42:20.231+0000] {dagbag.py:350} ERROR - Failed to import: /opt/airflow/dags/nhom7_scarpy_dag.py
Traceback (most recent call last):
  File "/home/airflow/.local/lib/python3.8/site-packages/airflow/models/dagbag.py", line 346, in parse
    loader.exec_module(new_module)
  File "<frozen importlib._bootstrap_external>", line 839, in exec_module
  File "<frozen importlib._bootstrap_external>", line 976, in get_code
  File "<frozen importlib._bootstrap_external>", line 906, in source_to_code
  File "<frozen importlib._bootstrap>", line 219, in _call_with_frames_removed
  File "/opt/airflow/dags/nhom7_scarpy_dag.py", line 40
    crawl_job_task  send_email_task
                    ^
SyntaxError: invalid syntax
[2024-04-04T09:42:20.233+0000] {processor.py:842} WARNING - No viable dags retrieved from /opt/airflow/dags/nhom7_scarpy_dag.py
[2024-04-04T09:42:20.259+0000] {processor.py:183} INFO - Processing /opt/airflow/dags/nhom7_scarpy_dag.py took 0.053 seconds
[2024-04-04T09:42:23.309+0000] {processor.py:161} INFO - Started process (PID=435) to work on /opt/airflow/dags/nhom7_scarpy_dag.py
[2024-04-04T09:42:23.310+0000] {processor.py:830} INFO - Processing file /opt/airflow/dags/nhom7_scarpy_dag.py for tasks to queue
[2024-04-04T09:42:23.312+0000] {logging_mixin.py:188} INFO - [2024-04-04T09:42:23.312+0000] {dagbag.py:540} INFO - Filling up the DagBag from /opt/airflow/dags/nhom7_scarpy_dag.py
[2024-04-04T09:42:23.334+0000] {logging_mixin.py:188} INFO - [2024-04-04T09:42:23.332+0000] {dagbag.py:350} ERROR - Failed to import: /opt/airflow/dags/nhom7_scarpy_dag.py
Traceback (most recent call last):
  File "/home/airflow/.local/lib/python3.8/site-packages/airflow/models/dagbag.py", line 346, in parse
    loader.exec_module(new_module)
  File "<frozen importlib._bootstrap_external>", line 839, in exec_module
  File "<frozen importlib._bootstrap_external>", line 976, in get_code
  File "<frozen importlib._bootstrap_external>", line 906, in source_to_code
  File "<frozen importlib._bootstrap>", line 219, in _call_with_frames_removed
  File "/opt/airflow/dags/nhom7_scarpy_dag.py", line 41
    crawl_job_task  send_email_task
                    ^
SyntaxError: invalid syntax
[2024-04-04T09:42:23.334+0000] {processor.py:842} WARNING - No viable dags retrieved from /opt/airflow/dags/nhom7_scarpy_dag.py
[2024-04-04T09:42:23.357+0000] {processor.py:183} INFO - Processing /opt/airflow/dags/nhom7_scarpy_dag.py took 0.053 seconds
[2024-04-04T09:42:26.714+0000] {processor.py:161} INFO - Started process (PID=454) to work on /opt/airflow/dags/nhom7_scarpy_dag.py
[2024-04-04T09:42:26.715+0000] {processor.py:830} INFO - Processing file /opt/airflow/dags/nhom7_scarpy_dag.py for tasks to queue
[2024-04-04T09:42:26.717+0000] {logging_mixin.py:188} INFO - [2024-04-04T09:42:26.717+0000] {dagbag.py:540} INFO - Filling up the DagBag from /opt/airflow/dags/nhom7_scarpy_dag.py
[2024-04-04T09:42:26.758+0000] {processor.py:840} INFO - DAG(s) 'nhom7_scrapy_dag' retrieved from /opt/airflow/dags/nhom7_scarpy_dag.py
[2024-04-04T09:42:26.774+0000] {logging_mixin.py:188} INFO - [2024-04-04T09:42:26.773+0000] {dag.py:3047} INFO - Sync 1 DAGs
[2024-04-04T09:42:26.801+0000] {logging_mixin.py:188} INFO - [2024-04-04T09:42:26.800+0000] {dag.py:3834} INFO - Setting next_dagrun for nhom7_scrapy_dag to 2024-04-03 00:00:00+00:00, run_after=2024-04-04 00:00:00+00:00
[2024-04-04T09:42:26.837+0000] {processor.py:183} INFO - Processing /opt/airflow/dags/nhom7_scarpy_dag.py took 0.126 seconds
[2024-04-04T09:42:57.633+0000] {processor.py:161} INFO - Started process (PID=510) to work on /opt/airflow/dags/nhom7_scarpy_dag.py
[2024-04-04T09:42:57.635+0000] {processor.py:830} INFO - Processing file /opt/airflow/dags/nhom7_scarpy_dag.py for tasks to queue
[2024-04-04T09:42:57.639+0000] {logging_mixin.py:188} INFO - [2024-04-04T09:42:57.638+0000] {dagbag.py:540} INFO - Filling up the DagBag from /opt/airflow/dags/nhom7_scarpy_dag.py
[2024-04-04T09:42:57.667+0000] {processor.py:840} INFO - DAG(s) 'nhom7_scrapy_dag' retrieved from /opt/airflow/dags/nhom7_scarpy_dag.py
[2024-04-04T09:42:57.791+0000] {logging_mixin.py:188} INFO - [2024-04-04T09:42:57.791+0000] {dag.py:3047} INFO - Sync 1 DAGs
[2024-04-04T09:42:57.816+0000] {logging_mixin.py:188} INFO - [2024-04-04T09:42:57.816+0000] {dag.py:3834} INFO - Setting next_dagrun for nhom7_scrapy_dag to 2024-04-03 00:00:00+00:00, run_after=2024-04-04 00:00:00+00:00
[2024-04-04T09:42:57.847+0000] {processor.py:183} INFO - Processing /opt/airflow/dags/nhom7_scarpy_dag.py took 0.219 seconds
[2024-04-04T09:43:28.280+0000] {processor.py:161} INFO - Started process (PID=572) to work on /opt/airflow/dags/nhom7_scarpy_dag.py
[2024-04-04T09:43:28.282+0000] {processor.py:830} INFO - Processing file /opt/airflow/dags/nhom7_scarpy_dag.py for tasks to queue
[2024-04-04T09:43:28.285+0000] {logging_mixin.py:188} INFO - [2024-04-04T09:43:28.285+0000] {dagbag.py:540} INFO - Filling up the DagBag from /opt/airflow/dags/nhom7_scarpy_dag.py
[2024-04-04T09:43:28.321+0000] {processor.py:840} INFO - DAG(s) 'nhom7_scrapy_dag' retrieved from /opt/airflow/dags/nhom7_scarpy_dag.py
[2024-04-04T09:43:28.463+0000] {logging_mixin.py:188} INFO - [2024-04-04T09:43:28.463+0000] {dag.py:3047} INFO - Sync 1 DAGs
[2024-04-04T09:43:28.494+0000] {logging_mixin.py:188} INFO - [2024-04-04T09:43:28.494+0000] {dag.py:3834} INFO - Setting next_dagrun for nhom7_scrapy_dag to 2024-04-03 00:00:00+00:00, run_after=2024-04-04 00:00:00+00:00
[2024-04-04T09:43:28.522+0000] {processor.py:183} INFO - Processing /opt/airflow/dags/nhom7_scarpy_dag.py took 0.245 seconds
[2024-04-04T09:43:58.560+0000] {processor.py:161} INFO - Started process (PID=629) to work on /opt/airflow/dags/nhom7_scarpy_dag.py
[2024-04-04T09:43:58.561+0000] {processor.py:830} INFO - Processing file /opt/airflow/dags/nhom7_scarpy_dag.py for tasks to queue
[2024-04-04T09:43:58.563+0000] {logging_mixin.py:188} INFO - [2024-04-04T09:43:58.562+0000] {dagbag.py:540} INFO - Filling up the DagBag from /opt/airflow/dags/nhom7_scarpy_dag.py
[2024-04-04T09:43:58.584+0000] {processor.py:840} INFO - DAG(s) 'nhom7_scrapy_dag' retrieved from /opt/airflow/dags/nhom7_scarpy_dag.py
[2024-04-04T09:43:58.690+0000] {logging_mixin.py:188} INFO - [2024-04-04T09:43:58.689+0000] {dag.py:3047} INFO - Sync 1 DAGs
[2024-04-04T09:43:58.714+0000] {logging_mixin.py:188} INFO - [2024-04-04T09:43:58.713+0000] {dag.py:3834} INFO - Setting next_dagrun for nhom7_scrapy_dag to 2024-04-03 00:00:00+00:00, run_after=2024-04-04 00:00:00+00:00
[2024-04-04T09:43:58.743+0000] {processor.py:183} INFO - Processing /opt/airflow/dags/nhom7_scarpy_dag.py took 0.186 seconds
[2024-04-04T09:44:28.852+0000] {processor.py:161} INFO - Started process (PID=681) to work on /opt/airflow/dags/nhom7_scarpy_dag.py
[2024-04-04T09:44:28.854+0000] {processor.py:830} INFO - Processing file /opt/airflow/dags/nhom7_scarpy_dag.py for tasks to queue
[2024-04-04T09:44:28.857+0000] {logging_mixin.py:188} INFO - [2024-04-04T09:44:28.856+0000] {dagbag.py:540} INFO - Filling up the DagBag from /opt/airflow/dags/nhom7_scarpy_dag.py
[2024-04-04T09:44:28.883+0000] {processor.py:840} INFO - DAG(s) 'nhom7_scrapy_dag' retrieved from /opt/airflow/dags/nhom7_scarpy_dag.py
[2024-04-04T09:44:29.012+0000] {logging_mixin.py:188} INFO - [2024-04-04T09:44:29.012+0000] {dag.py:3047} INFO - Sync 1 DAGs
[2024-04-04T09:44:29.042+0000] {logging_mixin.py:188} INFO - [2024-04-04T09:44:29.042+0000] {dag.py:3834} INFO - Setting next_dagrun for nhom7_scrapy_dag to 2024-04-03 00:00:00+00:00, run_after=2024-04-04 00:00:00+00:00
[2024-04-04T09:44:29.079+0000] {processor.py:183} INFO - Processing /opt/airflow/dags/nhom7_scarpy_dag.py took 0.230 seconds
[2024-04-04T09:44:59.133+0000] {processor.py:161} INFO - Started process (PID=738) to work on /opt/airflow/dags/nhom7_scarpy_dag.py
[2024-04-04T09:44:59.134+0000] {processor.py:830} INFO - Processing file /opt/airflow/dags/nhom7_scarpy_dag.py for tasks to queue
[2024-04-04T09:44:59.136+0000] {logging_mixin.py:188} INFO - [2024-04-04T09:44:59.136+0000] {dagbag.py:540} INFO - Filling up the DagBag from /opt/airflow/dags/nhom7_scarpy_dag.py
[2024-04-04T09:44:59.170+0000] {processor.py:840} INFO - DAG(s) 'nhom7_scrapy_dag' retrieved from /opt/airflow/dags/nhom7_scarpy_dag.py
[2024-04-04T09:44:59.293+0000] {logging_mixin.py:188} INFO - [2024-04-04T09:44:59.293+0000] {dag.py:3047} INFO - Sync 1 DAGs
[2024-04-04T09:44:59.318+0000] {logging_mixin.py:188} INFO - [2024-04-04T09:44:59.317+0000] {dag.py:3834} INFO - Setting next_dagrun for nhom7_scrapy_dag to 2024-04-03 00:00:00+00:00, run_after=2024-04-04 00:00:00+00:00
[2024-04-04T09:44:59.348+0000] {processor.py:183} INFO - Processing /opt/airflow/dags/nhom7_scarpy_dag.py took 0.218 seconds
[2024-04-04T09:45:29.995+0000] {processor.py:161} INFO - Started process (PID=793) to work on /opt/airflow/dags/nhom7_scarpy_dag.py
[2024-04-04T09:45:29.999+0000] {processor.py:830} INFO - Processing file /opt/airflow/dags/nhom7_scarpy_dag.py for tasks to queue
[2024-04-04T09:45:30.005+0000] {logging_mixin.py:188} INFO - [2024-04-04T09:45:30.004+0000] {dagbag.py:540} INFO - Filling up the DagBag from /opt/airflow/dags/nhom7_scarpy_dag.py
[2024-04-04T09:45:30.071+0000] {processor.py:840} INFO - DAG(s) 'nhom7_scrapy_dag' retrieved from /opt/airflow/dags/nhom7_scarpy_dag.py
[2024-04-04T09:45:30.254+0000] {logging_mixin.py:188} INFO - [2024-04-04T09:45:30.254+0000] {dag.py:3047} INFO - Sync 1 DAGs
[2024-04-04T09:45:30.284+0000] {logging_mixin.py:188} INFO - [2024-04-04T09:45:30.284+0000] {dag.py:3834} INFO - Setting next_dagrun for nhom7_scrapy_dag to 2024-04-03 00:00:00+00:00, run_after=2024-04-04 00:00:00+00:00
[2024-04-04T09:45:30.319+0000] {processor.py:183} INFO - Processing /opt/airflow/dags/nhom7_scarpy_dag.py took 0.332 seconds
[2024-04-04T09:46:00.768+0000] {processor.py:161} INFO - Started process (PID=849) to work on /opt/airflow/dags/nhom7_scarpy_dag.py
[2024-04-04T09:46:00.770+0000] {processor.py:830} INFO - Processing file /opt/airflow/dags/nhom7_scarpy_dag.py for tasks to queue
[2024-04-04T09:46:00.773+0000] {logging_mixin.py:188} INFO - [2024-04-04T09:46:00.772+0000] {dagbag.py:540} INFO - Filling up the DagBag from /opt/airflow/dags/nhom7_scarpy_dag.py
[2024-04-04T09:46:00.808+0000] {processor.py:840} INFO - DAG(s) 'nhom7_scrapy_dag' retrieved from /opt/airflow/dags/nhom7_scarpy_dag.py
[2024-04-04T09:46:01.007+0000] {logging_mixin.py:188} INFO - [2024-04-04T09:46:01.006+0000] {dag.py:3047} INFO - Sync 1 DAGs
[2024-04-04T09:46:01.051+0000] {logging_mixin.py:188} INFO - [2024-04-04T09:46:01.050+0000] {dag.py:3834} INFO - Setting next_dagrun for nhom7_scrapy_dag to 2024-04-03 00:00:00+00:00, run_after=2024-04-04 00:00:00+00:00
[2024-04-04T09:46:01.084+0000] {processor.py:183} INFO - Processing /opt/airflow/dags/nhom7_scarpy_dag.py took 0.320 seconds
[2024-04-04T09:46:31.278+0000] {processor.py:161} INFO - Started process (PID=905) to work on /opt/airflow/dags/nhom7_scarpy_dag.py
[2024-04-04T09:46:31.279+0000] {processor.py:830} INFO - Processing file /opt/airflow/dags/nhom7_scarpy_dag.py for tasks to queue
[2024-04-04T09:46:31.282+0000] {logging_mixin.py:188} INFO - [2024-04-04T09:46:31.281+0000] {dagbag.py:540} INFO - Filling up the DagBag from /opt/airflow/dags/nhom7_scarpy_dag.py
[2024-04-04T09:46:31.304+0000] {processor.py:840} INFO - DAG(s) 'nhom7_scrapy_dag' retrieved from /opt/airflow/dags/nhom7_scarpy_dag.py
[2024-04-04T09:46:31.418+0000] {logging_mixin.py:188} INFO - [2024-04-04T09:46:31.418+0000] {dag.py:3047} INFO - Sync 1 DAGs
[2024-04-04T09:46:31.458+0000] {logging_mixin.py:188} INFO - [2024-04-04T09:46:31.457+0000] {dag.py:3834} INFO - Setting next_dagrun for nhom7_scrapy_dag to 2024-04-03 00:00:00+00:00, run_after=2024-04-04 00:00:00+00:00
[2024-04-04T09:46:31.489+0000] {processor.py:183} INFO - Processing /opt/airflow/dags/nhom7_scarpy_dag.py took 0.215 seconds
[2024-04-04T09:47:01.605+0000] {processor.py:161} INFO - Started process (PID=961) to work on /opt/airflow/dags/nhom7_scarpy_dag.py
[2024-04-04T09:47:01.606+0000] {processor.py:830} INFO - Processing file /opt/airflow/dags/nhom7_scarpy_dag.py for tasks to queue
[2024-04-04T09:47:01.609+0000] {logging_mixin.py:188} INFO - [2024-04-04T09:47:01.609+0000] {dagbag.py:540} INFO - Filling up the DagBag from /opt/airflow/dags/nhom7_scarpy_dag.py
[2024-04-04T09:47:01.636+0000] {processor.py:840} INFO - DAG(s) 'nhom7_scrapy_dag' retrieved from /opt/airflow/dags/nhom7_scarpy_dag.py
[2024-04-04T09:47:01.766+0000] {logging_mixin.py:188} INFO - [2024-04-04T09:47:01.765+0000] {dag.py:3047} INFO - Sync 1 DAGs
[2024-04-04T09:47:01.791+0000] {logging_mixin.py:188} INFO - [2024-04-04T09:47:01.791+0000] {dag.py:3834} INFO - Setting next_dagrun for nhom7_scrapy_dag to 2024-04-03 00:00:00+00:00, run_after=2024-04-04 00:00:00+00:00
[2024-04-04T09:47:01.824+0000] {processor.py:183} INFO - Processing /opt/airflow/dags/nhom7_scarpy_dag.py took 0.223 seconds
[2024-04-04T09:47:31.905+0000] {processor.py:161} INFO - Started process (PID=1018) to work on /opt/airflow/dags/nhom7_scarpy_dag.py
[2024-04-04T09:47:31.906+0000] {processor.py:830} INFO - Processing file /opt/airflow/dags/nhom7_scarpy_dag.py for tasks to queue
[2024-04-04T09:47:31.909+0000] {logging_mixin.py:188} INFO - [2024-04-04T09:47:31.909+0000] {dagbag.py:540} INFO - Filling up the DagBag from /opt/airflow/dags/nhom7_scarpy_dag.py
[2024-04-04T09:47:31.933+0000] {processor.py:840} INFO - DAG(s) 'nhom7_scrapy_dag' retrieved from /opt/airflow/dags/nhom7_scarpy_dag.py
[2024-04-04T09:47:32.152+0000] {logging_mixin.py:188} INFO - [2024-04-04T09:47:32.151+0000] {dag.py:3047} INFO - Sync 1 DAGs
[2024-04-04T09:47:32.188+0000] {logging_mixin.py:188} INFO - [2024-04-04T09:47:32.188+0000] {dag.py:3834} INFO - Setting next_dagrun for nhom7_scrapy_dag to 2024-04-03 00:00:00+00:00, run_after=2024-04-04 00:00:00+00:00
[2024-04-04T09:47:32.223+0000] {processor.py:183} INFO - Processing /opt/airflow/dags/nhom7_scarpy_dag.py took 0.320 seconds
[2024-04-04T09:48:02.302+0000] {processor.py:161} INFO - Started process (PID=1075) to work on /opt/airflow/dags/nhom7_scarpy_dag.py
[2024-04-04T09:48:02.303+0000] {processor.py:830} INFO - Processing file /opt/airflow/dags/nhom7_scarpy_dag.py for tasks to queue
[2024-04-04T09:48:02.306+0000] {logging_mixin.py:188} INFO - [2024-04-04T09:48:02.306+0000] {dagbag.py:540} INFO - Filling up the DagBag from /opt/airflow/dags/nhom7_scarpy_dag.py
[2024-04-04T09:48:02.328+0000] {processor.py:840} INFO - DAG(s) 'nhom7_scrapy_dag' retrieved from /opt/airflow/dags/nhom7_scarpy_dag.py
[2024-04-04T09:48:02.433+0000] {logging_mixin.py:188} INFO - [2024-04-04T09:48:02.433+0000] {dag.py:3047} INFO - Sync 1 DAGs
[2024-04-04T09:48:02.458+0000] {logging_mixin.py:188} INFO - [2024-04-04T09:48:02.458+0000] {dag.py:3834} INFO - Setting next_dagrun for nhom7_scrapy_dag to 2024-04-03 00:00:00+00:00, run_after=2024-04-04 00:00:00+00:00
[2024-04-04T09:48:02.488+0000] {processor.py:183} INFO - Processing /opt/airflow/dags/nhom7_scarpy_dag.py took 0.188 seconds
[2024-04-04T09:48:32.635+0000] {processor.py:161} INFO - Started process (PID=1129) to work on /opt/airflow/dags/nhom7_scarpy_dag.py
[2024-04-04T09:48:32.636+0000] {processor.py:830} INFO - Processing file /opt/airflow/dags/nhom7_scarpy_dag.py for tasks to queue
[2024-04-04T09:48:32.638+0000] {logging_mixin.py:188} INFO - [2024-04-04T09:48:32.638+0000] {dagbag.py:540} INFO - Filling up the DagBag from /opt/airflow/dags/nhom7_scarpy_dag.py
[2024-04-04T09:48:32.662+0000] {processor.py:840} INFO - DAG(s) 'nhom7_scrapy_dag' retrieved from /opt/airflow/dags/nhom7_scarpy_dag.py
[2024-04-04T09:48:32.793+0000] {logging_mixin.py:188} INFO - [2024-04-04T09:48:32.793+0000] {dag.py:3047} INFO - Sync 1 DAGs
[2024-04-04T09:48:32.818+0000] {logging_mixin.py:188} INFO - [2024-04-04T09:48:32.818+0000] {dag.py:3834} INFO - Setting next_dagrun for nhom7_scrapy_dag to 2024-04-03 00:00:00+00:00, run_after=2024-04-04 00:00:00+00:00
[2024-04-04T09:48:32.851+0000] {processor.py:183} INFO - Processing /opt/airflow/dags/nhom7_scarpy_dag.py took 0.220 seconds
[2024-04-04T09:49:02.896+0000] {processor.py:161} INFO - Started process (PID=1186) to work on /opt/airflow/dags/nhom7_scarpy_dag.py
[2024-04-04T09:49:02.898+0000] {processor.py:830} INFO - Processing file /opt/airflow/dags/nhom7_scarpy_dag.py for tasks to queue
[2024-04-04T09:49:02.900+0000] {logging_mixin.py:188} INFO - [2024-04-04T09:49:02.900+0000] {dagbag.py:540} INFO - Filling up the DagBag from /opt/airflow/dags/nhom7_scarpy_dag.py
[2024-04-04T09:49:02.924+0000] {processor.py:840} INFO - DAG(s) 'nhom7_scrapy_dag' retrieved from /opt/airflow/dags/nhom7_scarpy_dag.py
[2024-04-04T09:49:03.033+0000] {logging_mixin.py:188} INFO - [2024-04-04T09:49:03.033+0000] {dag.py:3047} INFO - Sync 1 DAGs
[2024-04-04T09:49:03.056+0000] {logging_mixin.py:188} INFO - [2024-04-04T09:49:03.055+0000] {dag.py:3834} INFO - Setting next_dagrun for nhom7_scrapy_dag to 2024-04-03 00:00:00+00:00, run_after=2024-04-04 00:00:00+00:00
[2024-04-04T09:49:03.083+0000] {processor.py:183} INFO - Processing /opt/airflow/dags/nhom7_scarpy_dag.py took 0.190 seconds
[2024-04-04T09:49:33.654+0000] {processor.py:161} INFO - Started process (PID=1245) to work on /opt/airflow/dags/nhom7_scarpy_dag.py
[2024-04-04T09:49:33.656+0000] {processor.py:830} INFO - Processing file /opt/airflow/dags/nhom7_scarpy_dag.py for tasks to queue
[2024-04-04T09:49:33.660+0000] {logging_mixin.py:188} INFO - [2024-04-04T09:49:33.659+0000] {dagbag.py:540} INFO - Filling up the DagBag from /opt/airflow/dags/nhom7_scarpy_dag.py
[2024-04-04T09:49:33.712+0000] {processor.py:840} INFO - DAG(s) 'nhom7_scrapy_dag' retrieved from /opt/airflow/dags/nhom7_scarpy_dag.py
[2024-04-04T09:49:33.934+0000] {logging_mixin.py:188} INFO - [2024-04-04T09:49:33.933+0000] {dag.py:3047} INFO - Sync 1 DAGs
[2024-04-04T09:49:33.963+0000] {logging_mixin.py:188} INFO - [2024-04-04T09:49:33.962+0000] {dag.py:3834} INFO - Setting next_dagrun for nhom7_scrapy_dag to 2024-04-04 00:00:00+00:00, run_after=2024-04-05 00:00:00+00:00
[2024-04-04T09:49:34.003+0000] {processor.py:183} INFO - Processing /opt/airflow/dags/nhom7_scarpy_dag.py took 0.360 seconds
[2024-04-04T09:50:04.841+0000] {processor.py:161} INFO - Started process (PID=1301) to work on /opt/airflow/dags/nhom7_scarpy_dag.py
[2024-04-04T09:50:04.842+0000] {processor.py:830} INFO - Processing file /opt/airflow/dags/nhom7_scarpy_dag.py for tasks to queue
[2024-04-04T09:50:04.844+0000] {logging_mixin.py:188} INFO - [2024-04-04T09:50:04.843+0000] {dagbag.py:540} INFO - Filling up the DagBag from /opt/airflow/dags/nhom7_scarpy_dag.py
[2024-04-04T09:50:04.867+0000] {processor.py:840} INFO - DAG(s) 'nhom7_scrapy_dag' retrieved from /opt/airflow/dags/nhom7_scarpy_dag.py
[2024-04-04T09:50:04.973+0000] {logging_mixin.py:188} INFO - [2024-04-04T09:50:04.972+0000] {dag.py:3047} INFO - Sync 1 DAGs
[2024-04-04T09:50:04.997+0000] {logging_mixin.py:188} INFO - [2024-04-04T09:50:04.997+0000] {dag.py:3834} INFO - Setting next_dagrun for nhom7_scrapy_dag to 2024-04-04 00:00:00+00:00, run_after=2024-04-05 00:00:00+00:00
[2024-04-04T09:50:05.025+0000] {processor.py:183} INFO - Processing /opt/airflow/dags/nhom7_scarpy_dag.py took 0.187 seconds
[2024-04-04T09:50:35.103+0000] {processor.py:161} INFO - Started process (PID=1357) to work on /opt/airflow/dags/nhom7_scarpy_dag.py
[2024-04-04T09:50:35.104+0000] {processor.py:830} INFO - Processing file /opt/airflow/dags/nhom7_scarpy_dag.py for tasks to queue
[2024-04-04T09:50:35.106+0000] {logging_mixin.py:188} INFO - [2024-04-04T09:50:35.106+0000] {dagbag.py:540} INFO - Filling up the DagBag from /opt/airflow/dags/nhom7_scarpy_dag.py
[2024-04-04T09:50:35.128+0000] {processor.py:840} INFO - DAG(s) 'nhom7_scrapy_dag' retrieved from /opt/airflow/dags/nhom7_scarpy_dag.py
[2024-04-04T09:50:35.235+0000] {logging_mixin.py:188} INFO - [2024-04-04T09:50:35.235+0000] {dag.py:3047} INFO - Sync 1 DAGs
[2024-04-04T09:50:35.259+0000] {logging_mixin.py:188} INFO - [2024-04-04T09:50:35.259+0000] {dag.py:3834} INFO - Setting next_dagrun for nhom7_scrapy_dag to 2024-04-04 00:00:00+00:00, run_after=2024-04-05 00:00:00+00:00
[2024-04-04T09:50:35.288+0000] {processor.py:183} INFO - Processing /opt/airflow/dags/nhom7_scarpy_dag.py took 0.188 seconds
[2024-04-04T09:51:05.606+0000] {processor.py:161} INFO - Started process (PID=1413) to work on /opt/airflow/dags/nhom7_scarpy_dag.py
[2024-04-04T09:51:05.607+0000] {processor.py:830} INFO - Processing file /opt/airflow/dags/nhom7_scarpy_dag.py for tasks to queue
[2024-04-04T09:51:05.610+0000] {logging_mixin.py:188} INFO - [2024-04-04T09:51:05.610+0000] {dagbag.py:540} INFO - Filling up the DagBag from /opt/airflow/dags/nhom7_scarpy_dag.py
[2024-04-04T09:51:05.636+0000] {processor.py:840} INFO - DAG(s) 'nhom7_scrapy_dag' retrieved from /opt/airflow/dags/nhom7_scarpy_dag.py
[2024-04-04T09:51:05.769+0000] {logging_mixin.py:188} INFO - [2024-04-04T09:51:05.769+0000] {dag.py:3047} INFO - Sync 1 DAGs
[2024-04-04T09:51:05.797+0000] {logging_mixin.py:188} INFO - [2024-04-04T09:51:05.797+0000] {dag.py:3834} INFO - Setting next_dagrun for nhom7_scrapy_dag to 2024-04-04 00:00:00+00:00, run_after=2024-04-05 00:00:00+00:00
[2024-04-04T09:51:05.825+0000] {processor.py:183} INFO - Processing /opt/airflow/dags/nhom7_scarpy_dag.py took 0.222 seconds
[2024-04-04T09:51:36.081+0000] {processor.py:161} INFO - Started process (PID=1469) to work on /opt/airflow/dags/nhom7_scarpy_dag.py
[2024-04-04T09:51:36.083+0000] {processor.py:830} INFO - Processing file /opt/airflow/dags/nhom7_scarpy_dag.py for tasks to queue
[2024-04-04T09:51:36.085+0000] {logging_mixin.py:188} INFO - [2024-04-04T09:51:36.085+0000] {dagbag.py:540} INFO - Filling up the DagBag from /opt/airflow/dags/nhom7_scarpy_dag.py
[2024-04-04T09:51:36.113+0000] {processor.py:840} INFO - DAG(s) 'nhom7_scrapy_dag' retrieved from /opt/airflow/dags/nhom7_scarpy_dag.py
[2024-04-04T09:51:36.234+0000] {logging_mixin.py:188} INFO - [2024-04-04T09:51:36.233+0000] {dag.py:3047} INFO - Sync 1 DAGs
[2024-04-04T09:51:36.260+0000] {logging_mixin.py:188} INFO - [2024-04-04T09:51:36.259+0000] {dag.py:3834} INFO - Setting next_dagrun for nhom7_scrapy_dag to 2024-04-04 00:00:00+00:00, run_after=2024-04-05 00:00:00+00:00
[2024-04-04T09:51:36.292+0000] {processor.py:183} INFO - Processing /opt/airflow/dags/nhom7_scarpy_dag.py took 0.214 seconds
[2024-04-04T09:52:06.673+0000] {processor.py:161} INFO - Started process (PID=1525) to work on /opt/airflow/dags/nhom7_scarpy_dag.py
[2024-04-04T09:52:06.674+0000] {processor.py:830} INFO - Processing file /opt/airflow/dags/nhom7_scarpy_dag.py for tasks to queue
[2024-04-04T09:52:06.676+0000] {logging_mixin.py:188} INFO - [2024-04-04T09:52:06.676+0000] {dagbag.py:540} INFO - Filling up the DagBag from /opt/airflow/dags/nhom7_scarpy_dag.py
[2024-04-04T09:52:06.705+0000] {processor.py:840} INFO - DAG(s) 'nhom7_scrapy_dag' retrieved from /opt/airflow/dags/nhom7_scarpy_dag.py
[2024-04-04T09:52:06.847+0000] {logging_mixin.py:188} INFO - [2024-04-04T09:52:06.846+0000] {dag.py:3047} INFO - Sync 1 DAGs
[2024-04-04T09:52:06.875+0000] {logging_mixin.py:188} INFO - [2024-04-04T09:52:06.875+0000] {dag.py:3834} INFO - Setting next_dagrun for nhom7_scrapy_dag to 2024-04-04 00:00:00+00:00, run_after=2024-04-05 00:00:00+00:00
[2024-04-04T09:52:06.910+0000] {processor.py:183} INFO - Processing /opt/airflow/dags/nhom7_scarpy_dag.py took 0.242 seconds
[2024-04-04T09:52:37.048+0000] {processor.py:161} INFO - Started process (PID=1582) to work on /opt/airflow/dags/nhom7_scarpy_dag.py
[2024-04-04T09:52:37.052+0000] {processor.py:830} INFO - Processing file /opt/airflow/dags/nhom7_scarpy_dag.py for tasks to queue
[2024-04-04T09:52:37.055+0000] {logging_mixin.py:188} INFO - [2024-04-04T09:52:37.054+0000] {dagbag.py:540} INFO - Filling up the DagBag from /opt/airflow/dags/nhom7_scarpy_dag.py
[2024-04-04T09:52:37.088+0000] {processor.py:840} INFO - DAG(s) 'nhom7_scrapy_dag' retrieved from /opt/airflow/dags/nhom7_scarpy_dag.py
[2024-04-04T09:52:37.305+0000] {logging_mixin.py:188} INFO - [2024-04-04T09:52:37.304+0000] {dag.py:3047} INFO - Sync 1 DAGs
[2024-04-04T09:52:37.355+0000] {logging_mixin.py:188} INFO - [2024-04-04T09:52:37.355+0000] {dag.py:3834} INFO - Setting next_dagrun for nhom7_scrapy_dag to 2024-04-04 00:00:00+00:00, run_after=2024-04-05 00:00:00+00:00
[2024-04-04T09:52:37.412+0000] {processor.py:183} INFO - Processing /opt/airflow/dags/nhom7_scarpy_dag.py took 0.370 seconds
[2024-04-04T09:53:07.483+0000] {processor.py:161} INFO - Started process (PID=1639) to work on /opt/airflow/dags/nhom7_scarpy_dag.py
[2024-04-04T09:53:07.484+0000] {processor.py:830} INFO - Processing file /opt/airflow/dags/nhom7_scarpy_dag.py for tasks to queue
[2024-04-04T09:53:07.486+0000] {logging_mixin.py:188} INFO - [2024-04-04T09:53:07.485+0000] {dagbag.py:540} INFO - Filling up the DagBag from /opt/airflow/dags/nhom7_scarpy_dag.py
[2024-04-04T09:53:07.511+0000] {processor.py:840} INFO - DAG(s) 'nhom7_scrapy_dag' retrieved from /opt/airflow/dags/nhom7_scarpy_dag.py
[2024-04-04T09:53:07.620+0000] {logging_mixin.py:188} INFO - [2024-04-04T09:53:07.620+0000] {dag.py:3047} INFO - Sync 1 DAGs
[2024-04-04T09:53:07.650+0000] {logging_mixin.py:188} INFO - [2024-04-04T09:53:07.650+0000] {dag.py:3834} INFO - Setting next_dagrun for nhom7_scrapy_dag to 2024-04-04 00:00:00+00:00, run_after=2024-04-05 00:00:00+00:00
[2024-04-04T09:53:07.682+0000] {processor.py:183} INFO - Processing /opt/airflow/dags/nhom7_scarpy_dag.py took 0.202 seconds
[2024-04-04T09:53:38.513+0000] {processor.py:161} INFO - Started process (PID=1696) to work on /opt/airflow/dags/nhom7_scarpy_dag.py
[2024-04-04T09:53:38.514+0000] {processor.py:830} INFO - Processing file /opt/airflow/dags/nhom7_scarpy_dag.py for tasks to queue
[2024-04-04T09:53:38.517+0000] {logging_mixin.py:188} INFO - [2024-04-04T09:53:38.516+0000] {dagbag.py:540} INFO - Filling up the DagBag from /opt/airflow/dags/nhom7_scarpy_dag.py
[2024-04-04T09:53:38.538+0000] {processor.py:840} INFO - DAG(s) 'nhom7_scrapy_dag' retrieved from /opt/airflow/dags/nhom7_scarpy_dag.py
[2024-04-04T09:53:38.668+0000] {logging_mixin.py:188} INFO - [2024-04-04T09:53:38.667+0000] {dag.py:3047} INFO - Sync 1 DAGs
[2024-04-04T09:53:38.702+0000] {logging_mixin.py:188} INFO - [2024-04-04T09:53:38.702+0000] {dag.py:3834} INFO - Setting next_dagrun for nhom7_scrapy_dag to 2024-04-04 00:00:00+00:00, run_after=2024-04-05 00:00:00+00:00
[2024-04-04T09:53:38.735+0000] {processor.py:183} INFO - Processing /opt/airflow/dags/nhom7_scarpy_dag.py took 0.224 seconds
[2024-04-04T09:54:08.834+0000] {processor.py:161} INFO - Started process (PID=1752) to work on /opt/airflow/dags/nhom7_scarpy_dag.py
[2024-04-04T09:54:08.836+0000] {processor.py:830} INFO - Processing file /opt/airflow/dags/nhom7_scarpy_dag.py for tasks to queue
[2024-04-04T09:54:08.838+0000] {logging_mixin.py:188} INFO - [2024-04-04T09:54:08.837+0000] {dagbag.py:540} INFO - Filling up the DagBag from /opt/airflow/dags/nhom7_scarpy_dag.py
[2024-04-04T09:54:08.861+0000] {processor.py:840} INFO - DAG(s) 'nhom7_scrapy_dag' retrieved from /opt/airflow/dags/nhom7_scarpy_dag.py
[2024-04-04T09:54:08.960+0000] {logging_mixin.py:188} INFO - [2024-04-04T09:54:08.960+0000] {dag.py:3047} INFO - Sync 1 DAGs
[2024-04-04T09:54:08.986+0000] {logging_mixin.py:188} INFO - [2024-04-04T09:54:08.985+0000] {dag.py:3834} INFO - Setting next_dagrun for nhom7_scrapy_dag to 2024-04-04 00:00:00+00:00, run_after=2024-04-05 00:00:00+00:00
[2024-04-04T09:54:09.016+0000] {processor.py:183} INFO - Processing /opt/airflow/dags/nhom7_scarpy_dag.py took 0.185 seconds
[2024-04-04T09:54:26.026+0000] {processor.py:161} INFO - Started process (PID=1783) to work on /opt/airflow/dags/nhom7_scarpy_dag.py
[2024-04-04T09:54:26.028+0000] {processor.py:830} INFO - Processing file /opt/airflow/dags/nhom7_scarpy_dag.py for tasks to queue
[2024-04-04T09:54:26.030+0000] {logging_mixin.py:188} INFO - [2024-04-04T09:54:26.029+0000] {dagbag.py:540} INFO - Filling up the DagBag from /opt/airflow/dags/nhom7_scarpy_dag.py
[2024-04-04T09:54:26.047+0000] {logging_mixin.py:188} INFO - [2024-04-04T09:54:26.046+0000] {dagbag.py:350} ERROR - Failed to import: /opt/airflow/dags/nhom7_scarpy_dag.py
Traceback (most recent call last):
  File "/home/airflow/.local/lib/python3.8/site-packages/airflow/models/dagbag.py", line 346, in parse
    loader.exec_module(new_module)
  File "<frozen importlib._bootstrap_external>", line 839, in exec_module
  File "<frozen importlib._bootstrap_external>", line 976, in get_code
  File "<frozen importlib._bootstrap_external>", line 906, in source_to_code
  File "<frozen importlib._bootstrap>", line 219, in _call_with_frames_removed
  File "/opt/airflow/dags/nhom7_scarpy_dag.py", line 4
    from a
         ^
SyntaxError: invalid syntax
[2024-04-04T09:54:26.048+0000] {processor.py:842} WARNING - No viable dags retrieved from /opt/airflow/dags/nhom7_scarpy_dag.py
[2024-04-04T09:54:26.070+0000] {processor.py:183} INFO - Processing /opt/airflow/dags/nhom7_scarpy_dag.py took 0.047 seconds
[2024-04-04T09:54:32.605+0000] {processor.py:161} INFO - Started process (PID=1792) to work on /opt/airflow/dags/nhom7_scarpy_dag.py
[2024-04-04T09:54:32.607+0000] {processor.py:830} INFO - Processing file /opt/airflow/dags/nhom7_scarpy_dag.py for tasks to queue
[2024-04-04T09:54:32.610+0000] {logging_mixin.py:188} INFO - [2024-04-04T09:54:32.610+0000] {dagbag.py:540} INFO - Filling up the DagBag from /opt/airflow/dags/nhom7_scarpy_dag.py
[2024-04-04T09:54:32.655+0000] {processor.py:840} INFO - DAG(s) 'nhom7_scrapy_dag' retrieved from /opt/airflow/dags/nhom7_scarpy_dag.py
[2024-04-04T09:54:32.670+0000] {logging_mixin.py:188} INFO - [2024-04-04T09:54:32.670+0000] {dag.py:3047} INFO - Sync 1 DAGs
[2024-04-04T09:54:32.695+0000] {logging_mixin.py:188} INFO - [2024-04-04T09:54:32.695+0000] {dag.py:3834} INFO - Setting next_dagrun for nhom7_scrapy_dag to 2024-04-04 00:00:00+00:00, run_after=2024-04-05 00:00:00+00:00
[2024-04-04T09:54:32.729+0000] {processor.py:183} INFO - Processing /opt/airflow/dags/nhom7_scarpy_dag.py took 0.126 seconds
[2024-04-04T09:55:02.845+0000] {processor.py:161} INFO - Started process (PID=1848) to work on /opt/airflow/dags/nhom7_scarpy_dag.py
[2024-04-04T09:55:02.846+0000] {processor.py:830} INFO - Processing file /opt/airflow/dags/nhom7_scarpy_dag.py for tasks to queue
[2024-04-04T09:55:02.849+0000] {logging_mixin.py:188} INFO - [2024-04-04T09:55:02.849+0000] {dagbag.py:540} INFO - Filling up the DagBag from /opt/airflow/dags/nhom7_scarpy_dag.py
[2024-04-04T09:55:02.870+0000] {processor.py:840} INFO - DAG(s) 'nhom7_scrapy_dag' retrieved from /opt/airflow/dags/nhom7_scarpy_dag.py
[2024-04-04T09:55:02.979+0000] {logging_mixin.py:188} INFO - [2024-04-04T09:55:02.979+0000] {dag.py:3047} INFO - Sync 1 DAGs
[2024-04-04T09:55:03.003+0000] {logging_mixin.py:188} INFO - [2024-04-04T09:55:03.003+0000] {dag.py:3834} INFO - Setting next_dagrun for nhom7_scrapy_dag to 2024-04-04 00:00:00+00:00, run_after=2024-04-05 00:00:00+00:00
[2024-04-04T09:55:03.033+0000] {processor.py:183} INFO - Processing /opt/airflow/dags/nhom7_scarpy_dag.py took 0.191 seconds
[2024-04-04T09:55:17.051+0000] {processor.py:161} INFO - Started process (PID=1896) to work on /opt/airflow/dags/nhom7_scarpy_dag.py
[2024-04-04T09:55:17.052+0000] {processor.py:830} INFO - Processing file /opt/airflow/dags/nhom7_scarpy_dag.py for tasks to queue
[2024-04-04T09:55:17.054+0000] {logging_mixin.py:188} INFO - [2024-04-04T09:55:17.054+0000] {dagbag.py:540} INFO - Filling up the DagBag from /opt/airflow/dags/nhom7_scarpy_dag.py
[2024-04-04T09:55:17.085+0000] {logging_mixin.py:188} INFO - [2024-04-04T09:55:17.080+0000] {dagbag.py:350} ERROR - Failed to import: /opt/airflow/dags/nhom7_scarpy_dag.py
Traceback (most recent call last):
  File "/home/airflow/.local/lib/python3.8/site-packages/airflow/models/dagbag.py", line 346, in parse
    loader.exec_module(new_module)
  File "<frozen importlib._bootstrap_external>", line 843, in exec_module
  File "<frozen importlib._bootstrap>", line 219, in _call_with_frames_removed
  File "/opt/airflow/dags/nhom7_scarpy_dag.py", line 26, in <module>
    crawl_job_task = PythonOperator(
  File "/home/airflow/.local/lib/python3.8/site-packages/airflow/models/baseoperator.py", line 420, in apply_defaults
    raise AirflowException(f"missing keyword argument {missing_args.pop()!r}")
airflow.exceptions.AirflowException: missing keyword argument 'python_callable'
[2024-04-04T09:55:17.087+0000] {processor.py:842} WARNING - No viable dags retrieved from /opt/airflow/dags/nhom7_scarpy_dag.py
[2024-04-04T09:55:17.109+0000] {processor.py:183} INFO - Processing /opt/airflow/dags/nhom7_scarpy_dag.py took 0.061 seconds
[2024-04-04T09:55:23.115+0000] {processor.py:161} INFO - Started process (PID=1897) to work on /opt/airflow/dags/nhom7_scarpy_dag.py
[2024-04-04T09:55:23.117+0000] {processor.py:830} INFO - Processing file /opt/airflow/dags/nhom7_scarpy_dag.py for tasks to queue
[2024-04-04T09:55:23.120+0000] {logging_mixin.py:188} INFO - [2024-04-04T09:55:23.119+0000] {dagbag.py:540} INFO - Filling up the DagBag from /opt/airflow/dags/nhom7_scarpy_dag.py
[2024-04-04T09:55:23.161+0000] {logging_mixin.py:188} INFO - [2024-04-04T09:55:23.155+0000] {dagbag.py:350} ERROR - Failed to import: /opt/airflow/dags/nhom7_scarpy_dag.py
Traceback (most recent call last):
  File "/home/airflow/.local/lib/python3.8/site-packages/airflow/models/dagbag.py", line 346, in parse
    loader.exec_module(new_module)
  File "<frozen importlib._bootstrap_external>", line 843, in exec_module
  File "<frozen importlib._bootstrap>", line 219, in _call_with_frames_removed
  File "/opt/airflow/dags/nhom7_scarpy_dag.py", line 26, in <module>
    crawl_job_task = PythonOperator(
  File "/home/airflow/.local/lib/python3.8/site-packages/airflow/models/baseoperator.py", line 420, in apply_defaults
    raise AirflowException(f"missing keyword argument {missing_args.pop()!r}")
airflow.exceptions.AirflowException: missing keyword argument 'python_callable'
[2024-04-04T09:55:23.163+0000] {processor.py:842} WARNING - No viable dags retrieved from /opt/airflow/dags/nhom7_scarpy_dag.py
[2024-04-04T09:55:23.185+0000] {processor.py:183} INFO - Processing /opt/airflow/dags/nhom7_scarpy_dag.py took 0.073 seconds
[2024-04-04T09:55:26.222+0000] {processor.py:161} INFO - Started process (PID=1898) to work on /opt/airflow/dags/nhom7_scarpy_dag.py
[2024-04-04T09:55:26.223+0000] {processor.py:830} INFO - Processing file /opt/airflow/dags/nhom7_scarpy_dag.py for tasks to queue
[2024-04-04T09:55:26.227+0000] {logging_mixin.py:188} INFO - [2024-04-04T09:55:26.226+0000] {dagbag.py:540} INFO - Filling up the DagBag from /opt/airflow/dags/nhom7_scarpy_dag.py
[2024-04-04T09:55:26.247+0000] {logging_mixin.py:188} INFO - [2024-04-04T09:55:26.246+0000] {dagbag.py:350} ERROR - Failed to import: /opt/airflow/dags/nhom7_scarpy_dag.py
Traceback (most recent call last):
  File "/home/airflow/.local/lib/python3.8/site-packages/airflow/models/dagbag.py", line 346, in parse
    loader.exec_module(new_module)
  File "<frozen importlib._bootstrap_external>", line 839, in exec_module
  File "<frozen importlib._bootstrap_external>", line 976, in get_code
  File "<frozen importlib._bootstrap_external>", line 906, in source_to_code
  File "<frozen importlib._bootstrap>", line 219, in _call_with_frames_removed
  File "/opt/airflow/dags/nhom7_scarpy_dag.py", line 29
    dag=dag,
    ^
SyntaxError: invalid syntax
[2024-04-04T09:55:26.248+0000] {processor.py:842} WARNING - No viable dags retrieved from /opt/airflow/dags/nhom7_scarpy_dag.py
[2024-04-04T09:55:26.274+0000] {processor.py:183} INFO - Processing /opt/airflow/dags/nhom7_scarpy_dag.py took 0.055 seconds
[2024-04-04T09:55:29.274+0000] {processor.py:161} INFO - Started process (PID=1905) to work on /opt/airflow/dags/nhom7_scarpy_dag.py
[2024-04-04T09:55:29.275+0000] {processor.py:830} INFO - Processing file /opt/airflow/dags/nhom7_scarpy_dag.py for tasks to queue
[2024-04-04T09:55:29.277+0000] {logging_mixin.py:188} INFO - [2024-04-04T09:55:29.277+0000] {dagbag.py:540} INFO - Filling up the DagBag from /opt/airflow/dags/nhom7_scarpy_dag.py
[2024-04-04T09:55:29.293+0000] {logging_mixin.py:188} INFO - [2024-04-04T09:55:29.292+0000] {dagbag.py:350} ERROR - Failed to import: /opt/airflow/dags/nhom7_scarpy_dag.py
Traceback (most recent call last):
  File "/home/airflow/.local/lib/python3.8/site-packages/airflow/models/dagbag.py", line 346, in parse
    loader.exec_module(new_module)
  File "<frozen importlib._bootstrap_external>", line 839, in exec_module
  File "<frozen importlib._bootstrap_external>", line 976, in get_code
  File "<frozen importlib._bootstrap_external>", line 906, in source_to_code
  File "<frozen importlib._bootstrap>", line 219, in _call_with_frames_removed
  File "/opt/airflow/dags/nhom7_scarpy_dag.py", line 29
    dag=dag,
    ^
SyntaxError: invalid syntax
[2024-04-04T09:55:29.294+0000] {processor.py:842} WARNING - No viable dags retrieved from /opt/airflow/dags/nhom7_scarpy_dag.py
[2024-04-04T09:55:29.317+0000] {processor.py:183} INFO - Processing /opt/airflow/dags/nhom7_scarpy_dag.py took 0.046 seconds
[2024-04-04T09:55:31.385+0000] {processor.py:161} INFO - Started process (PID=1908) to work on /opt/airflow/dags/nhom7_scarpy_dag.py
[2024-04-04T09:55:31.386+0000] {processor.py:830} INFO - Processing file /opt/airflow/dags/nhom7_scarpy_dag.py for tasks to queue
[2024-04-04T09:55:31.389+0000] {logging_mixin.py:188} INFO - [2024-04-04T09:55:31.388+0000] {dagbag.py:540} INFO - Filling up the DagBag from /opt/airflow/dags/nhom7_scarpy_dag.py
[2024-04-04T09:55:31.408+0000] {logging_mixin.py:188} INFO - [2024-04-04T09:55:31.407+0000] {dagbag.py:350} ERROR - Failed to import: /opt/airflow/dags/nhom7_scarpy_dag.py
Traceback (most recent call last):
  File "/home/airflow/.local/lib/python3.8/site-packages/airflow/models/dagbag.py", line 346, in parse
    loader.exec_module(new_module)
  File "<frozen importlib._bootstrap_external>", line 839, in exec_module
  File "<frozen importlib._bootstrap_external>", line 976, in get_code
  File "<frozen importlib._bootstrap_external>", line 906, in source_to_code
  File "<frozen importlib._bootstrap>", line 219, in _call_with_frames_removed
  File "/opt/airflow/dags/nhom7_scarpy_dag.py", line 29
    dag=dag,
    ^
SyntaxError: invalid syntax
[2024-04-04T09:55:31.409+0000] {processor.py:842} WARNING - No viable dags retrieved from /opt/airflow/dags/nhom7_scarpy_dag.py
[2024-04-04T09:55:31.432+0000] {processor.py:183} INFO - Processing /opt/airflow/dags/nhom7_scarpy_dag.py took 0.050 seconds
[2024-04-04T09:55:34.425+0000] {processor.py:161} INFO - Started process (PID=1909) to work on /opt/airflow/dags/nhom7_scarpy_dag.py
[2024-04-04T09:55:34.426+0000] {processor.py:830} INFO - Processing file /opt/airflow/dags/nhom7_scarpy_dag.py for tasks to queue
[2024-04-04T09:55:34.429+0000] {logging_mixin.py:188} INFO - [2024-04-04T09:55:34.428+0000] {dagbag.py:540} INFO - Filling up the DagBag from /opt/airflow/dags/nhom7_scarpy_dag.py
[2024-04-04T09:55:34.446+0000] {logging_mixin.py:188} INFO - [2024-04-04T09:55:34.445+0000] {dagbag.py:350} ERROR - Failed to import: /opt/airflow/dags/nhom7_scarpy_dag.py
Traceback (most recent call last):
  File "/home/airflow/.local/lib/python3.8/site-packages/airflow/models/dagbag.py", line 346, in parse
    loader.exec_module(new_module)
  File "<frozen importlib._bootstrap_external>", line 839, in exec_module
  File "<frozen importlib._bootstrap_external>", line 976, in get_code
  File "<frozen importlib._bootstrap_external>", line 906, in source_to_code
  File "<frozen importlib._bootstrap>", line 219, in _call_with_frames_removed
  File "/opt/airflow/dags/nhom7_scarpy_dag.py", line 29
    dag=dag,
       ^
SyntaxError: invalid syntax
[2024-04-04T09:55:34.447+0000] {processor.py:842} WARNING - No viable dags retrieved from /opt/airflow/dags/nhom7_scarpy_dag.py
[2024-04-04T09:55:34.468+0000] {processor.py:183} INFO - Processing /opt/airflow/dags/nhom7_scarpy_dag.py took 0.045 seconds
[2024-04-04T09:55:37.988+0000] {processor.py:161} INFO - Started process (PID=1918) to work on /opt/airflow/dags/nhom7_scarpy_dag.py
[2024-04-04T09:55:37.990+0000] {processor.py:830} INFO - Processing file /opt/airflow/dags/nhom7_scarpy_dag.py for tasks to queue
[2024-04-04T09:55:37.992+0000] {logging_mixin.py:188} INFO - [2024-04-04T09:55:37.992+0000] {dagbag.py:540} INFO - Filling up the DagBag from /opt/airflow/dags/nhom7_scarpy_dag.py
[2024-04-04T09:55:38.026+0000] {processor.py:840} INFO - DAG(s) 'nhom7_scrapy_dag' retrieved from /opt/airflow/dags/nhom7_scarpy_dag.py
[2024-04-04T09:55:38.129+0000] {logging_mixin.py:188} INFO - [2024-04-04T09:55:38.129+0000] {dag.py:3047} INFO - Sync 1 DAGs
[2024-04-04T09:55:38.152+0000] {logging_mixin.py:188} INFO - [2024-04-04T09:55:38.151+0000] {dag.py:3834} INFO - Setting next_dagrun for nhom7_scrapy_dag to 2024-04-04 00:00:00+00:00, run_after=2024-04-05 00:00:00+00:00
[2024-04-04T09:55:38.186+0000] {processor.py:183} INFO - Processing /opt/airflow/dags/nhom7_scarpy_dag.py took 0.201 seconds
[2024-04-04T09:55:44.070+0000] {processor.py:161} INFO - Started process (PID=1944) to work on /opt/airflow/dags/nhom7_scarpy_dag.py
[2024-04-04T09:55:44.071+0000] {processor.py:830} INFO - Processing file /opt/airflow/dags/nhom7_scarpy_dag.py for tasks to queue
[2024-04-04T09:55:44.074+0000] {logging_mixin.py:188} INFO - [2024-04-04T09:55:44.073+0000] {dagbag.py:540} INFO - Filling up the DagBag from /opt/airflow/dags/nhom7_scarpy_dag.py
[2024-04-04T09:55:44.108+0000] {processor.py:840} INFO - DAG(s) 'nhom7_scrapy_dag' retrieved from /opt/airflow/dags/nhom7_scarpy_dag.py
[2024-04-04T09:55:44.123+0000] {logging_mixin.py:188} INFO - [2024-04-04T09:55:44.123+0000] {dag.py:3047} INFO - Sync 1 DAGs
[2024-04-04T09:55:44.149+0000] {logging_mixin.py:188} INFO - [2024-04-04T09:55:44.148+0000] {dag.py:3834} INFO - Setting next_dagrun for nhom7_scrapy_dag to 2024-04-04 00:00:00+00:00, run_after=2024-04-05 00:00:00+00:00
[2024-04-04T09:55:44.183+0000] {processor.py:183} INFO - Processing /opt/airflow/dags/nhom7_scarpy_dag.py took 0.115 seconds
[2024-04-04T09:55:53.985+0000] {processor.py:161} INFO - Started process (PID=1959) to work on /opt/airflow/dags/nhom7_scarpy_dag.py
[2024-04-04T09:55:53.986+0000] {processor.py:830} INFO - Processing file /opt/airflow/dags/nhom7_scarpy_dag.py for tasks to queue
[2024-04-04T09:55:53.988+0000] {logging_mixin.py:188} INFO - [2024-04-04T09:55:53.988+0000] {dagbag.py:540} INFO - Filling up the DagBag from /opt/airflow/dags/nhom7_scarpy_dag.py
[2024-04-04T09:55:54.023+0000] {processor.py:840} INFO - DAG(s) 'nhom7_scrapy_dag' retrieved from /opt/airflow/dags/nhom7_scarpy_dag.py
[2024-04-04T09:55:54.036+0000] {logging_mixin.py:188} INFO - [2024-04-04T09:55:54.036+0000] {dag.py:3047} INFO - Sync 1 DAGs
[2024-04-04T09:55:54.061+0000] {logging_mixin.py:188} INFO - [2024-04-04T09:55:54.060+0000] {dag.py:3834} INFO - Setting next_dagrun for nhom7_scrapy_dag to 2024-04-04 00:00:00+00:00, run_after=2024-04-05 00:00:00+00:00
[2024-04-04T09:55:54.092+0000] {processor.py:183} INFO - Processing /opt/airflow/dags/nhom7_scarpy_dag.py took 0.110 seconds
[2024-04-04T09:56:04.204+0000] {processor.py:161} INFO - Started process (PID=1968) to work on /opt/airflow/dags/nhom7_scarpy_dag.py
[2024-04-04T09:56:04.206+0000] {processor.py:830} INFO - Processing file /opt/airflow/dags/nhom7_scarpy_dag.py for tasks to queue
[2024-04-04T09:56:04.208+0000] {logging_mixin.py:188} INFO - [2024-04-04T09:56:04.208+0000] {dagbag.py:540} INFO - Filling up the DagBag from /opt/airflow/dags/nhom7_scarpy_dag.py
[2024-04-04T09:56:04.242+0000] {processor.py:840} INFO - DAG(s) 'nhom7_scrapy_dag' retrieved from /opt/airflow/dags/nhom7_scarpy_dag.py
[2024-04-04T09:56:04.259+0000] {logging_mixin.py:188} INFO - [2024-04-04T09:56:04.258+0000] {dag.py:3047} INFO - Sync 1 DAGs
[2024-04-04T09:56:04.287+0000] {logging_mixin.py:188} INFO - [2024-04-04T09:56:04.287+0000] {dag.py:3834} INFO - Setting next_dagrun for nhom7_scrapy_dag to 2024-04-04 00:00:00+00:00, run_after=2024-04-05 00:00:00+00:00
[2024-04-04T09:56:04.320+0000] {processor.py:183} INFO - Processing /opt/airflow/dags/nhom7_scarpy_dag.py took 0.119 seconds
[2024-04-04T09:56:07.768+0000] {processor.py:161} INFO - Started process (PID=1977) to work on /opt/airflow/dags/nhom7_scarpy_dag.py
[2024-04-04T09:56:07.769+0000] {processor.py:830} INFO - Processing file /opt/airflow/dags/nhom7_scarpy_dag.py for tasks to queue
[2024-04-04T09:56:07.772+0000] {logging_mixin.py:188} INFO - [2024-04-04T09:56:07.771+0000] {dagbag.py:540} INFO - Filling up the DagBag from /opt/airflow/dags/nhom7_scarpy_dag.py
[2024-04-04T09:56:07.803+0000] {processor.py:840} INFO - DAG(s) 'nhom7_scrapy_dag' retrieved from /opt/airflow/dags/nhom7_scarpy_dag.py
[2024-04-04T09:56:07.817+0000] {logging_mixin.py:188} INFO - [2024-04-04T09:56:07.817+0000] {dag.py:3047} INFO - Sync 1 DAGs
[2024-04-04T09:56:07.851+0000] {logging_mixin.py:188} INFO - [2024-04-04T09:56:07.851+0000] {dag.py:3834} INFO - Setting next_dagrun for nhom7_scrapy_dag to 2024-04-04 00:00:00+00:00, run_after=2024-04-05 00:00:00+00:00
[2024-04-04T09:56:07.884+0000] {processor.py:183} INFO - Processing /opt/airflow/dags/nhom7_scarpy_dag.py took 0.120 seconds
[2024-04-04T09:56:38.014+0000] {processor.py:161} INFO - Started process (PID=2033) to work on /opt/airflow/dags/nhom7_scarpy_dag.py
[2024-04-04T09:56:38.015+0000] {processor.py:830} INFO - Processing file /opt/airflow/dags/nhom7_scarpy_dag.py for tasks to queue
[2024-04-04T09:56:38.017+0000] {logging_mixin.py:188} INFO - [2024-04-04T09:56:38.017+0000] {dagbag.py:540} INFO - Filling up the DagBag from /opt/airflow/dags/nhom7_scarpy_dag.py
[2024-04-04T09:56:38.040+0000] {processor.py:840} INFO - DAG(s) 'nhom7_scrapy_dag' retrieved from /opt/airflow/dags/nhom7_scarpy_dag.py
[2024-04-04T09:56:38.141+0000] {logging_mixin.py:188} INFO - [2024-04-04T09:56:38.140+0000] {dag.py:3047} INFO - Sync 1 DAGs
[2024-04-04T09:56:38.163+0000] {logging_mixin.py:188} INFO - [2024-04-04T09:56:38.162+0000] {dag.py:3834} INFO - Setting next_dagrun for nhom7_scrapy_dag to 2024-04-04 00:00:00+00:00, run_after=2024-04-05 00:00:00+00:00
[2024-04-04T09:56:38.193+0000] {processor.py:183} INFO - Processing /opt/airflow/dags/nhom7_scarpy_dag.py took 0.182 seconds
[2024-04-04T09:57:08.385+0000] {processor.py:161} INFO - Started process (PID=2089) to work on /opt/airflow/dags/nhom7_scarpy_dag.py
[2024-04-04T09:57:08.386+0000] {processor.py:830} INFO - Processing file /opt/airflow/dags/nhom7_scarpy_dag.py for tasks to queue
[2024-04-04T09:57:08.389+0000] {logging_mixin.py:188} INFO - [2024-04-04T09:57:08.388+0000] {dagbag.py:540} INFO - Filling up the DagBag from /opt/airflow/dags/nhom7_scarpy_dag.py
[2024-04-04T09:57:08.410+0000] {processor.py:840} INFO - DAG(s) 'nhom7_scrapy_dag' retrieved from /opt/airflow/dags/nhom7_scarpy_dag.py
[2024-04-04T09:57:08.507+0000] {logging_mixin.py:188} INFO - [2024-04-04T09:57:08.507+0000] {dag.py:3047} INFO - Sync 1 DAGs
[2024-04-04T09:57:08.533+0000] {logging_mixin.py:188} INFO - [2024-04-04T09:57:08.533+0000] {dag.py:3834} INFO - Setting next_dagrun for nhom7_scrapy_dag to 2024-04-04 00:00:00+00:00, run_after=2024-04-05 00:00:00+00:00
[2024-04-04T09:57:08.561+0000] {processor.py:183} INFO - Processing /opt/airflow/dags/nhom7_scarpy_dag.py took 0.179 seconds
[2024-04-04T09:57:38.771+0000] {processor.py:161} INFO - Started process (PID=2145) to work on /opt/airflow/dags/nhom7_scarpy_dag.py
[2024-04-04T09:57:38.773+0000] {processor.py:830} INFO - Processing file /opt/airflow/dags/nhom7_scarpy_dag.py for tasks to queue
[2024-04-04T09:57:38.775+0000] {logging_mixin.py:188} INFO - [2024-04-04T09:57:38.774+0000] {dagbag.py:540} INFO - Filling up the DagBag from /opt/airflow/dags/nhom7_scarpy_dag.py
[2024-04-04T09:57:38.797+0000] {processor.py:840} INFO - DAG(s) 'nhom7_scrapy_dag' retrieved from /opt/airflow/dags/nhom7_scarpy_dag.py
[2024-04-04T09:57:38.898+0000] {logging_mixin.py:188} INFO - [2024-04-04T09:57:38.897+0000] {dag.py:3047} INFO - Sync 1 DAGs
[2024-04-04T09:57:38.921+0000] {logging_mixin.py:188} INFO - [2024-04-04T09:57:38.921+0000] {dag.py:3834} INFO - Setting next_dagrun for nhom7_scrapy_dag to 2024-04-04 00:00:00+00:00, run_after=2024-04-05 00:00:00+00:00
[2024-04-04T09:57:38.951+0000] {processor.py:183} INFO - Processing /opt/airflow/dags/nhom7_scarpy_dag.py took 0.183 seconds
[2024-04-04T09:58:08.998+0000] {processor.py:161} INFO - Started process (PID=2201) to work on /opt/airflow/dags/nhom7_scarpy_dag.py
[2024-04-04T09:58:09.000+0000] {processor.py:830} INFO - Processing file /opt/airflow/dags/nhom7_scarpy_dag.py for tasks to queue
[2024-04-04T09:58:09.002+0000] {logging_mixin.py:188} INFO - [2024-04-04T09:58:09.002+0000] {dagbag.py:540} INFO - Filling up the DagBag from /opt/airflow/dags/nhom7_scarpy_dag.py
[2024-04-04T09:58:09.028+0000] {processor.py:840} INFO - DAG(s) 'nhom7_scrapy_dag' retrieved from /opt/airflow/dags/nhom7_scarpy_dag.py
[2024-04-04T09:58:09.136+0000] {logging_mixin.py:188} INFO - [2024-04-04T09:58:09.136+0000] {dag.py:3047} INFO - Sync 1 DAGs
[2024-04-04T09:58:09.162+0000] {logging_mixin.py:188} INFO - [2024-04-04T09:58:09.162+0000] {dag.py:3834} INFO - Setting next_dagrun for nhom7_scrapy_dag to 2024-04-04 00:00:00+00:00, run_after=2024-04-05 00:00:00+00:00
[2024-04-04T09:58:09.195+0000] {processor.py:183} INFO - Processing /opt/airflow/dags/nhom7_scarpy_dag.py took 0.199 seconds
[2024-04-04T09:58:39.390+0000] {processor.py:161} INFO - Started process (PID=2257) to work on /opt/airflow/dags/nhom7_scarpy_dag.py
[2024-04-04T09:58:39.391+0000] {processor.py:830} INFO - Processing file /opt/airflow/dags/nhom7_scarpy_dag.py for tasks to queue
[2024-04-04T09:58:39.394+0000] {logging_mixin.py:188} INFO - [2024-04-04T09:58:39.393+0000] {dagbag.py:540} INFO - Filling up the DagBag from /opt/airflow/dags/nhom7_scarpy_dag.py
[2024-04-04T09:58:39.416+0000] {processor.py:840} INFO - DAG(s) 'nhom7_scrapy_dag' retrieved from /opt/airflow/dags/nhom7_scarpy_dag.py
[2024-04-04T09:58:39.519+0000] {logging_mixin.py:188} INFO - [2024-04-04T09:58:39.519+0000] {dag.py:3047} INFO - Sync 1 DAGs
[2024-04-04T09:58:39.542+0000] {logging_mixin.py:188} INFO - [2024-04-04T09:58:39.541+0000] {dag.py:3834} INFO - Setting next_dagrun for nhom7_scrapy_dag to 2024-04-04 00:00:00+00:00, run_after=2024-04-05 00:00:00+00:00
[2024-04-04T09:58:39.572+0000] {processor.py:183} INFO - Processing /opt/airflow/dags/nhom7_scarpy_dag.py took 0.185 seconds
[2024-04-04T09:59:09.935+0000] {processor.py:161} INFO - Started process (PID=2313) to work on /opt/airflow/dags/nhom7_scarpy_dag.py
[2024-04-04T09:59:09.936+0000] {processor.py:830} INFO - Processing file /opt/airflow/dags/nhom7_scarpy_dag.py for tasks to queue
[2024-04-04T09:59:09.938+0000] {logging_mixin.py:188} INFO - [2024-04-04T09:59:09.937+0000] {dagbag.py:540} INFO - Filling up the DagBag from /opt/airflow/dags/nhom7_scarpy_dag.py
[2024-04-04T09:59:09.961+0000] {processor.py:840} INFO - DAG(s) 'nhom7_scrapy_dag' retrieved from /opt/airflow/dags/nhom7_scarpy_dag.py
[2024-04-04T09:59:10.068+0000] {logging_mixin.py:188} INFO - [2024-04-04T09:59:10.068+0000] {dag.py:3047} INFO - Sync 1 DAGs
[2024-04-04T09:59:10.092+0000] {logging_mixin.py:188} INFO - [2024-04-04T09:59:10.091+0000] {dag.py:3834} INFO - Setting next_dagrun for nhom7_scrapy_dag to 2024-04-04 00:00:00+00:00, run_after=2024-04-05 00:00:00+00:00
[2024-04-04T09:59:10.120+0000] {processor.py:183} INFO - Processing /opt/airflow/dags/nhom7_scarpy_dag.py took 0.188 seconds
[2024-04-04T09:59:40.159+0000] {processor.py:161} INFO - Started process (PID=2369) to work on /opt/airflow/dags/nhom7_scarpy_dag.py
[2024-04-04T09:59:40.160+0000] {processor.py:830} INFO - Processing file /opt/airflow/dags/nhom7_scarpy_dag.py for tasks to queue
[2024-04-04T09:59:40.162+0000] {logging_mixin.py:188} INFO - [2024-04-04T09:59:40.161+0000] {dagbag.py:540} INFO - Filling up the DagBag from /opt/airflow/dags/nhom7_scarpy_dag.py
[2024-04-04T09:59:40.181+0000] {processor.py:840} INFO - DAG(s) 'nhom7_scrapy_dag' retrieved from /opt/airflow/dags/nhom7_scarpy_dag.py
[2024-04-04T09:59:40.282+0000] {logging_mixin.py:188} INFO - [2024-04-04T09:59:40.281+0000] {dag.py:3047} INFO - Sync 1 DAGs
[2024-04-04T09:59:40.306+0000] {logging_mixin.py:188} INFO - [2024-04-04T09:59:40.306+0000] {dag.py:3834} INFO - Setting next_dagrun for nhom7_scrapy_dag to 2024-04-04 00:00:00+00:00, run_after=2024-04-05 00:00:00+00:00
[2024-04-04T09:59:40.330+0000] {processor.py:183} INFO - Processing /opt/airflow/dags/nhom7_scarpy_dag.py took 0.174 seconds
[2024-04-04T10:00:10.628+0000] {processor.py:161} INFO - Started process (PID=2425) to work on /opt/airflow/dags/nhom7_scarpy_dag.py
[2024-04-04T10:00:10.629+0000] {processor.py:830} INFO - Processing file /opt/airflow/dags/nhom7_scarpy_dag.py for tasks to queue
[2024-04-04T10:00:10.632+0000] {logging_mixin.py:188} INFO - [2024-04-04T10:00:10.631+0000] {dagbag.py:540} INFO - Filling up the DagBag from /opt/airflow/dags/nhom7_scarpy_dag.py
[2024-04-04T10:00:10.667+0000] {processor.py:840} INFO - DAG(s) 'nhom7_scrapy_dag' retrieved from /opt/airflow/dags/nhom7_scarpy_dag.py
[2024-04-04T10:00:10.853+0000] {logging_mixin.py:188} INFO - [2024-04-04T10:00:10.853+0000] {dag.py:3047} INFO - Sync 1 DAGs
[2024-04-04T10:00:10.879+0000] {logging_mixin.py:188} INFO - [2024-04-04T10:00:10.879+0000] {dag.py:3834} INFO - Setting next_dagrun for nhom7_scrapy_dag to 2024-04-04 00:00:00+00:00, run_after=2024-04-05 00:00:00+00:00
[2024-04-04T10:00:10.906+0000] {processor.py:183} INFO - Processing /opt/airflow/dags/nhom7_scarpy_dag.py took 0.281 seconds
[2024-04-04T10:00:41.247+0000] {processor.py:161} INFO - Started process (PID=2479) to work on /opt/airflow/dags/nhom7_scarpy_dag.py
[2024-04-04T10:00:41.248+0000] {processor.py:830} INFO - Processing file /opt/airflow/dags/nhom7_scarpy_dag.py for tasks to queue
[2024-04-04T10:00:41.250+0000] {logging_mixin.py:188} INFO - [2024-04-04T10:00:41.249+0000] {dagbag.py:540} INFO - Filling up the DagBag from /opt/airflow/dags/nhom7_scarpy_dag.py
[2024-04-04T10:00:41.272+0000] {processor.py:840} INFO - DAG(s) 'nhom7_scrapy_dag' retrieved from /opt/airflow/dags/nhom7_scarpy_dag.py
[2024-04-04T10:00:41.386+0000] {logging_mixin.py:188} INFO - [2024-04-04T10:00:41.386+0000] {dag.py:3047} INFO - Sync 1 DAGs
[2024-04-04T10:00:41.412+0000] {logging_mixin.py:188} INFO - [2024-04-04T10:00:41.411+0000] {dag.py:3834} INFO - Setting next_dagrun for nhom7_scrapy_dag to 2024-04-04 00:00:00+00:00, run_after=2024-04-05 00:00:00+00:00
[2024-04-04T10:00:41.439+0000] {processor.py:183} INFO - Processing /opt/airflow/dags/nhom7_scarpy_dag.py took 0.196 seconds
[2024-04-04T10:00:59.250+0000] {processor.py:161} INFO - Started process (PID=2521) to work on /opt/airflow/dags/nhom7_scarpy_dag.py
[2024-04-04T10:00:59.251+0000] {processor.py:830} INFO - Processing file /opt/airflow/dags/nhom7_scarpy_dag.py for tasks to queue
[2024-04-04T10:00:59.255+0000] {logging_mixin.py:188} INFO - [2024-04-04T10:00:59.254+0000] {dagbag.py:540} INFO - Filling up the DagBag from /opt/airflow/dags/nhom7_scarpy_dag.py
[2024-04-04T10:00:59.291+0000] {processor.py:840} INFO - DAG(s) 'nhom7_scrapy_dag' retrieved from /opt/airflow/dags/nhom7_scarpy_dag.py
[2024-04-04T10:00:59.307+0000] {logging_mixin.py:188} INFO - [2024-04-04T10:00:59.307+0000] {dag.py:3047} INFO - Sync 1 DAGs
[2024-04-04T10:00:59.337+0000] {logging_mixin.py:188} INFO - [2024-04-04T10:00:59.337+0000] {dag.py:3834} INFO - Setting next_dagrun for nhom7_scrapy_dag to 2024-04-04 00:00:00+00:00, run_after=2024-04-05 00:00:00+00:00
[2024-04-04T10:00:59.374+0000] {processor.py:183} INFO - Processing /opt/airflow/dags/nhom7_scarpy_dag.py took 0.128 seconds
[2024-04-04T10:01:03.451+0000] {processor.py:161} INFO - Started process (PID=2528) to work on /opt/airflow/dags/nhom7_scarpy_dag.py
[2024-04-04T10:01:03.452+0000] {processor.py:830} INFO - Processing file /opt/airflow/dags/nhom7_scarpy_dag.py for tasks to queue
[2024-04-04T10:01:03.455+0000] {logging_mixin.py:188} INFO - [2024-04-04T10:01:03.454+0000] {dagbag.py:540} INFO - Filling up the DagBag from /opt/airflow/dags/nhom7_scarpy_dag.py
[2024-04-04T10:01:03.493+0000] {processor.py:840} INFO - DAG(s) 'nhom7_scrapy_dag' retrieved from /opt/airflow/dags/nhom7_scarpy_dag.py
[2024-04-04T10:01:03.509+0000] {logging_mixin.py:188} INFO - [2024-04-04T10:01:03.509+0000] {dag.py:3047} INFO - Sync 1 DAGs
[2024-04-04T10:01:03.539+0000] {logging_mixin.py:188} INFO - [2024-04-04T10:01:03.538+0000] {dag.py:3834} INFO - Setting next_dagrun for nhom7_scrapy_dag to 2024-04-04 00:00:00+00:00, run_after=2024-04-05 00:00:00+00:00
[2024-04-04T10:01:03.573+0000] {processor.py:183} INFO - Processing /opt/airflow/dags/nhom7_scarpy_dag.py took 0.125 seconds
[2024-04-04T10:01:34.444+0000] {processor.py:161} INFO - Started process (PID=2584) to work on /opt/airflow/dags/nhom7_scarpy_dag.py
[2024-04-04T10:01:34.445+0000] {processor.py:830} INFO - Processing file /opt/airflow/dags/nhom7_scarpy_dag.py for tasks to queue
[2024-04-04T10:01:34.448+0000] {logging_mixin.py:188} INFO - [2024-04-04T10:01:34.447+0000] {dagbag.py:540} INFO - Filling up the DagBag from /opt/airflow/dags/nhom7_scarpy_dag.py
[2024-04-04T10:01:34.470+0000] {processor.py:840} INFO - DAG(s) 'nhom7_scrapy_dag' retrieved from /opt/airflow/dags/nhom7_scarpy_dag.py
[2024-04-04T10:01:34.582+0000] {logging_mixin.py:188} INFO - [2024-04-04T10:01:34.581+0000] {dag.py:3047} INFO - Sync 1 DAGs
[2024-04-04T10:01:34.608+0000] {logging_mixin.py:188} INFO - [2024-04-04T10:01:34.607+0000] {dag.py:3834} INFO - Setting next_dagrun for nhom7_scrapy_dag to 2024-04-04 00:00:00+00:00, run_after=2024-04-05 00:00:00+00:00
[2024-04-04T10:01:34.638+0000] {processor.py:183} INFO - Processing /opt/airflow/dags/nhom7_scarpy_dag.py took 0.197 seconds
[2024-04-04T10:02:05.673+0000] {processor.py:161} INFO - Started process (PID=2640) to work on /opt/airflow/dags/nhom7_scarpy_dag.py
[2024-04-04T10:02:05.675+0000] {processor.py:830} INFO - Processing file /opt/airflow/dags/nhom7_scarpy_dag.py for tasks to queue
[2024-04-04T10:02:05.677+0000] {logging_mixin.py:188} INFO - [2024-04-04T10:02:05.676+0000] {dagbag.py:540} INFO - Filling up the DagBag from /opt/airflow/dags/nhom7_scarpy_dag.py
[2024-04-04T10:02:05.702+0000] {processor.py:840} INFO - DAG(s) 'nhom7_scrapy_dag' retrieved from /opt/airflow/dags/nhom7_scarpy_dag.py
[2024-04-04T10:02:05.810+0000] {logging_mixin.py:188} INFO - [2024-04-04T10:02:05.809+0000] {dag.py:3047} INFO - Sync 1 DAGs
[2024-04-04T10:02:05.834+0000] {logging_mixin.py:188} INFO - [2024-04-04T10:02:05.834+0000] {dag.py:3834} INFO - Setting next_dagrun for nhom7_scrapy_dag to 2024-04-04 00:00:00+00:00, run_after=2024-04-05 00:00:00+00:00
[2024-04-04T10:02:05.865+0000] {processor.py:183} INFO - Processing /opt/airflow/dags/nhom7_scarpy_dag.py took 0.194 seconds
[2024-04-04T10:02:36.571+0000] {processor.py:161} INFO - Started process (PID=2696) to work on /opt/airflow/dags/nhom7_scarpy_dag.py
[2024-04-04T10:02:36.573+0000] {processor.py:830} INFO - Processing file /opt/airflow/dags/nhom7_scarpy_dag.py for tasks to queue
[2024-04-04T10:02:36.577+0000] {logging_mixin.py:188} INFO - [2024-04-04T10:02:36.576+0000] {dagbag.py:540} INFO - Filling up the DagBag from /opt/airflow/dags/nhom7_scarpy_dag.py
[2024-04-04T10:02:36.601+0000] {processor.py:840} INFO - DAG(s) 'nhom7_scrapy_dag' retrieved from /opt/airflow/dags/nhom7_scarpy_dag.py
[2024-04-04T10:02:36.727+0000] {logging_mixin.py:188} INFO - [2024-04-04T10:02:36.726+0000] {dag.py:3047} INFO - Sync 1 DAGs
[2024-04-04T10:02:36.757+0000] {logging_mixin.py:188} INFO - [2024-04-04T10:02:36.756+0000] {dag.py:3834} INFO - Setting next_dagrun for nhom7_scrapy_dag to 2024-04-04 00:00:00+00:00, run_after=2024-04-05 00:00:00+00:00
[2024-04-04T10:02:36.790+0000] {processor.py:183} INFO - Processing /opt/airflow/dags/nhom7_scarpy_dag.py took 0.224 seconds
[2024-04-04T10:03:07.223+0000] {processor.py:161} INFO - Started process (PID=2752) to work on /opt/airflow/dags/nhom7_scarpy_dag.py
[2024-04-04T10:03:07.234+0000] {processor.py:830} INFO - Processing file /opt/airflow/dags/nhom7_scarpy_dag.py for tasks to queue
[2024-04-04T10:03:07.256+0000] {logging_mixin.py:188} INFO - [2024-04-04T10:03:07.255+0000] {dagbag.py:540} INFO - Filling up the DagBag from /opt/airflow/dags/nhom7_scarpy_dag.py
[2024-04-04T10:03:07.283+0000] {processor.py:840} INFO - DAG(s) 'nhom7_scrapy_dag' retrieved from /opt/airflow/dags/nhom7_scarpy_dag.py
[2024-04-04T10:03:07.405+0000] {logging_mixin.py:188} INFO - [2024-04-04T10:03:07.405+0000] {dag.py:3047} INFO - Sync 1 DAGs
[2024-04-04T10:03:07.431+0000] {logging_mixin.py:188} INFO - [2024-04-04T10:03:07.431+0000] {dag.py:3834} INFO - Setting next_dagrun for nhom7_scrapy_dag to 2024-04-04 00:00:00+00:00, run_after=2024-04-05 00:00:00+00:00
[2024-04-04T10:03:07.456+0000] {processor.py:183} INFO - Processing /opt/airflow/dags/nhom7_scarpy_dag.py took 0.236 seconds
[2024-04-04T10:03:37.611+0000] {processor.py:161} INFO - Started process (PID=2808) to work on /opt/airflow/dags/nhom7_scarpy_dag.py
[2024-04-04T10:03:37.612+0000] {processor.py:830} INFO - Processing file /opt/airflow/dags/nhom7_scarpy_dag.py for tasks to queue
[2024-04-04T10:03:37.614+0000] {logging_mixin.py:188} INFO - [2024-04-04T10:03:37.614+0000] {dagbag.py:540} INFO - Filling up the DagBag from /opt/airflow/dags/nhom7_scarpy_dag.py
[2024-04-04T10:03:37.640+0000] {processor.py:840} INFO - DAG(s) 'nhom7_scrapy_dag' retrieved from /opt/airflow/dags/nhom7_scarpy_dag.py
[2024-04-04T10:03:37.764+0000] {logging_mixin.py:188} INFO - [2024-04-04T10:03:37.764+0000] {dag.py:3047} INFO - Sync 1 DAGs
[2024-04-04T10:03:37.930+0000] {logging_mixin.py:188} INFO - [2024-04-04T10:03:37.930+0000] {dag.py:3834} INFO - Setting next_dagrun for nhom7_scrapy_dag to 2024-04-04 00:00:00+00:00, run_after=2024-04-05 00:00:00+00:00
[2024-04-04T10:03:37.960+0000] {processor.py:183} INFO - Processing /opt/airflow/dags/nhom7_scarpy_dag.py took 0.352 seconds
