[2024-04-04T09:38:53.833+0000] {processor.py:161} INFO - Started process (PID=61) to work on /home/airflow/.local/lib/python3.8/site-packages/airflow/example_dags/example_task_group_decorator.py
[2024-04-04T09:38:53.835+0000] {processor.py:830} INFO - Processing file /home/airflow/.local/lib/python3.8/site-packages/airflow/example_dags/example_task_group_decorator.py for tasks to queue
[2024-04-04T09:38:53.838+0000] {logging_mixin.py:188} INFO - [2024-04-04T09:38:53.837+0000] {dagbag.py:540} INFO - Filling up the DagBag from /home/airflow/.local/lib/python3.8/site-packages/airflow/example_dags/example_task_group_decorator.py
[2024-04-04T09:38:53.855+0000] {processor.py:840} INFO - DAG(s) 'example_task_group_decorator' retrieved from /home/airflow/.local/lib/python3.8/site-packages/airflow/example_dags/example_task_group_decorator.py
[2024-04-04T09:38:53.980+0000] {logging_mixin.py:188} INFO - [2024-04-04T09:38:53.980+0000] {dag.py:3047} INFO - Sync 1 DAGs
[2024-04-04T09:38:54.006+0000] {logging_mixin.py:188} INFO - [2024-04-04T09:38:54.005+0000] {dag.py:3834} INFO - Setting next_dagrun for example_task_group_decorator to 2024-04-03 00:00:00+00:00, run_after=2024-04-04 00:00:00+00:00
[2024-04-04T09:38:54.050+0000] {processor.py:183} INFO - Processing /home/airflow/.local/lib/python3.8/site-packages/airflow/example_dags/example_task_group_decorator.py took 0.221 seconds
[2024-04-04T09:39:24.644+0000] {processor.py:161} INFO - Started process (PID=117) to work on /home/airflow/.local/lib/python3.8/site-packages/airflow/example_dags/example_task_group_decorator.py
[2024-04-04T09:39:24.645+0000] {processor.py:830} INFO - Processing file /home/airflow/.local/lib/python3.8/site-packages/airflow/example_dags/example_task_group_decorator.py for tasks to queue
[2024-04-04T09:39:24.648+0000] {logging_mixin.py:188} INFO - [2024-04-04T09:39:24.647+0000] {dagbag.py:540} INFO - Filling up the DagBag from /home/airflow/.local/lib/python3.8/site-packages/airflow/example_dags/example_task_group_decorator.py
[2024-04-04T09:39:24.664+0000] {processor.py:840} INFO - DAG(s) 'example_task_group_decorator' retrieved from /home/airflow/.local/lib/python3.8/site-packages/airflow/example_dags/example_task_group_decorator.py
[2024-04-04T09:39:24.694+0000] {logging_mixin.py:188} INFO - [2024-04-04T09:39:24.694+0000] {dag.py:3047} INFO - Sync 1 DAGs
[2024-04-04T09:39:24.718+0000] {logging_mixin.py:188} INFO - [2024-04-04T09:39:24.718+0000] {dag.py:3834} INFO - Setting next_dagrun for example_task_group_decorator to 2024-04-03 00:00:00+00:00, run_after=2024-04-04 00:00:00+00:00
[2024-04-04T09:39:24.746+0000] {processor.py:183} INFO - Processing /home/airflow/.local/lib/python3.8/site-packages/airflow/example_dags/example_task_group_decorator.py took 0.105 seconds
[2024-04-04T09:39:55.034+0000] {processor.py:161} INFO - Started process (PID=173) to work on /home/airflow/.local/lib/python3.8/site-packages/airflow/example_dags/example_task_group_decorator.py
[2024-04-04T09:39:55.035+0000] {processor.py:830} INFO - Processing file /home/airflow/.local/lib/python3.8/site-packages/airflow/example_dags/example_task_group_decorator.py for tasks to queue
[2024-04-04T09:39:55.037+0000] {logging_mixin.py:188} INFO - [2024-04-04T09:39:55.037+0000] {dagbag.py:540} INFO - Filling up the DagBag from /home/airflow/.local/lib/python3.8/site-packages/airflow/example_dags/example_task_group_decorator.py
[2024-04-04T09:39:55.051+0000] {processor.py:840} INFO - DAG(s) 'example_task_group_decorator' retrieved from /home/airflow/.local/lib/python3.8/site-packages/airflow/example_dags/example_task_group_decorator.py
[2024-04-04T09:39:55.079+0000] {logging_mixin.py:188} INFO - [2024-04-04T09:39:55.079+0000] {dag.py:3047} INFO - Sync 1 DAGs
[2024-04-04T09:39:55.103+0000] {logging_mixin.py:188} INFO - [2024-04-04T09:39:55.103+0000] {dag.py:3834} INFO - Setting next_dagrun for example_task_group_decorator to 2024-04-03 00:00:00+00:00, run_after=2024-04-04 00:00:00+00:00
[2024-04-04T09:39:55.130+0000] {processor.py:183} INFO - Processing /home/airflow/.local/lib/python3.8/site-packages/airflow/example_dags/example_task_group_decorator.py took 0.099 seconds
[2024-04-04T09:40:25.633+0000] {processor.py:161} INFO - Started process (PID=229) to work on /home/airflow/.local/lib/python3.8/site-packages/airflow/example_dags/example_task_group_decorator.py
[2024-04-04T09:40:25.634+0000] {processor.py:830} INFO - Processing file /home/airflow/.local/lib/python3.8/site-packages/airflow/example_dags/example_task_group_decorator.py for tasks to queue
[2024-04-04T09:40:25.637+0000] {logging_mixin.py:188} INFO - [2024-04-04T09:40:25.636+0000] {dagbag.py:540} INFO - Filling up the DagBag from /home/airflow/.local/lib/python3.8/site-packages/airflow/example_dags/example_task_group_decorator.py
[2024-04-04T09:40:25.652+0000] {processor.py:840} INFO - DAG(s) 'example_task_group_decorator' retrieved from /home/airflow/.local/lib/python3.8/site-packages/airflow/example_dags/example_task_group_decorator.py
[2024-04-04T09:40:25.678+0000] {logging_mixin.py:188} INFO - [2024-04-04T09:40:25.678+0000] {dag.py:3047} INFO - Sync 1 DAGs
[2024-04-04T09:40:25.704+0000] {logging_mixin.py:188} INFO - [2024-04-04T09:40:25.704+0000] {dag.py:3834} INFO - Setting next_dagrun for example_task_group_decorator to 2024-04-03 00:00:00+00:00, run_after=2024-04-04 00:00:00+00:00
[2024-04-04T09:40:25.733+0000] {processor.py:183} INFO - Processing /home/airflow/.local/lib/python3.8/site-packages/airflow/example_dags/example_task_group_decorator.py took 0.105 seconds
[2024-04-04T09:40:55.918+0000] {processor.py:161} INFO - Started process (PID=285) to work on /home/airflow/.local/lib/python3.8/site-packages/airflow/example_dags/example_task_group_decorator.py
[2024-04-04T09:40:55.919+0000] {processor.py:830} INFO - Processing file /home/airflow/.local/lib/python3.8/site-packages/airflow/example_dags/example_task_group_decorator.py for tasks to queue
[2024-04-04T09:40:55.921+0000] {logging_mixin.py:188} INFO - [2024-04-04T09:40:55.921+0000] {dagbag.py:540} INFO - Filling up the DagBag from /home/airflow/.local/lib/python3.8/site-packages/airflow/example_dags/example_task_group_decorator.py
[2024-04-04T09:40:55.934+0000] {processor.py:840} INFO - DAG(s) 'example_task_group_decorator' retrieved from /home/airflow/.local/lib/python3.8/site-packages/airflow/example_dags/example_task_group_decorator.py
[2024-04-04T09:40:55.960+0000] {logging_mixin.py:188} INFO - [2024-04-04T09:40:55.960+0000] {dag.py:3047} INFO - Sync 1 DAGs
[2024-04-04T09:40:55.985+0000] {logging_mixin.py:188} INFO - [2024-04-04T09:40:55.985+0000] {dag.py:3834} INFO - Setting next_dagrun for example_task_group_decorator to 2024-04-03 00:00:00+00:00, run_after=2024-04-04 00:00:00+00:00
[2024-04-04T09:40:56.011+0000] {processor.py:183} INFO - Processing /home/airflow/.local/lib/python3.8/site-packages/airflow/example_dags/example_task_group_decorator.py took 0.096 seconds
[2024-04-04T09:41:26.478+0000] {processor.py:161} INFO - Started process (PID=341) to work on /home/airflow/.local/lib/python3.8/site-packages/airflow/example_dags/example_task_group_decorator.py
[2024-04-04T09:41:26.479+0000] {processor.py:830} INFO - Processing file /home/airflow/.local/lib/python3.8/site-packages/airflow/example_dags/example_task_group_decorator.py for tasks to queue
[2024-04-04T09:41:26.481+0000] {logging_mixin.py:188} INFO - [2024-04-04T09:41:26.480+0000] {dagbag.py:540} INFO - Filling up the DagBag from /home/airflow/.local/lib/python3.8/site-packages/airflow/example_dags/example_task_group_decorator.py
[2024-04-04T09:41:26.494+0000] {processor.py:840} INFO - DAG(s) 'example_task_group_decorator' retrieved from /home/airflow/.local/lib/python3.8/site-packages/airflow/example_dags/example_task_group_decorator.py
[2024-04-04T09:41:26.520+0000] {logging_mixin.py:188} INFO - [2024-04-04T09:41:26.520+0000] {dag.py:3047} INFO - Sync 1 DAGs
[2024-04-04T09:41:26.542+0000] {logging_mixin.py:188} INFO - [2024-04-04T09:41:26.542+0000] {dag.py:3834} INFO - Setting next_dagrun for example_task_group_decorator to 2024-04-03 00:00:00+00:00, run_after=2024-04-04 00:00:00+00:00
[2024-04-04T09:41:26.568+0000] {processor.py:183} INFO - Processing /home/airflow/.local/lib/python3.8/site-packages/airflow/example_dags/example_task_group_decorator.py took 0.093 seconds
[2024-04-04T09:41:56.740+0000] {processor.py:161} INFO - Started process (PID=397) to work on /home/airflow/.local/lib/python3.8/site-packages/airflow/example_dags/example_task_group_decorator.py
[2024-04-04T09:41:56.742+0000] {processor.py:830} INFO - Processing file /home/airflow/.local/lib/python3.8/site-packages/airflow/example_dags/example_task_group_decorator.py for tasks to queue
[2024-04-04T09:41:56.744+0000] {logging_mixin.py:188} INFO - [2024-04-04T09:41:56.744+0000] {dagbag.py:540} INFO - Filling up the DagBag from /home/airflow/.local/lib/python3.8/site-packages/airflow/example_dags/example_task_group_decorator.py
[2024-04-04T09:41:56.768+0000] {processor.py:840} INFO - DAG(s) 'example_task_group_decorator' retrieved from /home/airflow/.local/lib/python3.8/site-packages/airflow/example_dags/example_task_group_decorator.py
[2024-04-04T09:41:56.805+0000] {logging_mixin.py:188} INFO - [2024-04-04T09:41:56.805+0000] {dag.py:3047} INFO - Sync 1 DAGs
[2024-04-04T09:41:56.836+0000] {logging_mixin.py:188} INFO - [2024-04-04T09:41:56.835+0000] {dag.py:3834} INFO - Setting next_dagrun for example_task_group_decorator to 2024-04-03 00:00:00+00:00, run_after=2024-04-04 00:00:00+00:00
[2024-04-04T09:41:56.865+0000] {processor.py:183} INFO - Processing /home/airflow/.local/lib/python3.8/site-packages/airflow/example_dags/example_task_group_decorator.py took 0.129 seconds
[2024-04-04T09:42:26.996+0000] {processor.py:161} INFO - Started process (PID=459) to work on /home/airflow/.local/lib/python3.8/site-packages/airflow/example_dags/example_task_group_decorator.py
[2024-04-04T09:42:26.997+0000] {processor.py:830} INFO - Processing file /home/airflow/.local/lib/python3.8/site-packages/airflow/example_dags/example_task_group_decorator.py for tasks to queue
[2024-04-04T09:42:27.000+0000] {logging_mixin.py:188} INFO - [2024-04-04T09:42:27.000+0000] {dagbag.py:540} INFO - Filling up the DagBag from /home/airflow/.local/lib/python3.8/site-packages/airflow/example_dags/example_task_group_decorator.py
[2024-04-04T09:42:27.016+0000] {processor.py:840} INFO - DAG(s) 'example_task_group_decorator' retrieved from /home/airflow/.local/lib/python3.8/site-packages/airflow/example_dags/example_task_group_decorator.py
[2024-04-04T09:42:27.044+0000] {logging_mixin.py:188} INFO - [2024-04-04T09:42:27.044+0000] {dag.py:3047} INFO - Sync 1 DAGs
[2024-04-04T09:42:27.069+0000] {logging_mixin.py:188} INFO - [2024-04-04T09:42:27.068+0000] {dag.py:3834} INFO - Setting next_dagrun for example_task_group_decorator to 2024-04-03 00:00:00+00:00, run_after=2024-04-04 00:00:00+00:00
[2024-04-04T09:42:27.098+0000] {processor.py:183} INFO - Processing /home/airflow/.local/lib/python3.8/site-packages/airflow/example_dags/example_task_group_decorator.py took 0.104 seconds
[2024-04-04T09:42:58.024+0000] {processor.py:161} INFO - Started process (PID=521) to work on /home/airflow/.local/lib/python3.8/site-packages/airflow/example_dags/example_task_group_decorator.py
[2024-04-04T09:42:58.026+0000] {processor.py:830} INFO - Processing file /home/airflow/.local/lib/python3.8/site-packages/airflow/example_dags/example_task_group_decorator.py for tasks to queue
[2024-04-04T09:42:58.029+0000] {logging_mixin.py:188} INFO - [2024-04-04T09:42:58.028+0000] {dagbag.py:540} INFO - Filling up the DagBag from /home/airflow/.local/lib/python3.8/site-packages/airflow/example_dags/example_task_group_decorator.py
[2024-04-04T09:42:58.042+0000] {processor.py:840} INFO - DAG(s) 'example_task_group_decorator' retrieved from /home/airflow/.local/lib/python3.8/site-packages/airflow/example_dags/example_task_group_decorator.py
[2024-04-04T09:42:58.070+0000] {logging_mixin.py:188} INFO - [2024-04-04T09:42:58.069+0000] {dag.py:3047} INFO - Sync 1 DAGs
[2024-04-04T09:42:58.094+0000] {logging_mixin.py:188} INFO - [2024-04-04T09:42:58.094+0000] {dag.py:3834} INFO - Setting next_dagrun for example_task_group_decorator to 2024-04-03 00:00:00+00:00, run_after=2024-04-04 00:00:00+00:00
[2024-04-04T09:42:58.121+0000] {processor.py:183} INFO - Processing /home/airflow/.local/lib/python3.8/site-packages/airflow/example_dags/example_task_group_decorator.py took 0.099 seconds
[2024-04-04T09:43:28.694+0000] {processor.py:161} INFO - Started process (PID=577) to work on /home/airflow/.local/lib/python3.8/site-packages/airflow/example_dags/example_task_group_decorator.py
[2024-04-04T09:43:28.695+0000] {processor.py:830} INFO - Processing file /home/airflow/.local/lib/python3.8/site-packages/airflow/example_dags/example_task_group_decorator.py for tasks to queue
[2024-04-04T09:43:28.698+0000] {logging_mixin.py:188} INFO - [2024-04-04T09:43:28.697+0000] {dagbag.py:540} INFO - Filling up the DagBag from /home/airflow/.local/lib/python3.8/site-packages/airflow/example_dags/example_task_group_decorator.py
[2024-04-04T09:43:28.711+0000] {processor.py:840} INFO - DAG(s) 'example_task_group_decorator' retrieved from /home/airflow/.local/lib/python3.8/site-packages/airflow/example_dags/example_task_group_decorator.py
[2024-04-04T09:43:28.740+0000] {logging_mixin.py:188} INFO - [2024-04-04T09:43:28.739+0000] {dag.py:3047} INFO - Sync 1 DAGs
[2024-04-04T09:43:28.767+0000] {logging_mixin.py:188} INFO - [2024-04-04T09:43:28.767+0000] {dag.py:3834} INFO - Setting next_dagrun for example_task_group_decorator to 2024-04-03 00:00:00+00:00, run_after=2024-04-04 00:00:00+00:00
[2024-04-04T09:43:28.796+0000] {processor.py:183} INFO - Processing /home/airflow/.local/lib/python3.8/site-packages/airflow/example_dags/example_task_group_decorator.py took 0.106 seconds
[2024-04-04T09:43:59.031+0000] {processor.py:161} INFO - Started process (PID=633) to work on /home/airflow/.local/lib/python3.8/site-packages/airflow/example_dags/example_task_group_decorator.py
[2024-04-04T09:43:59.033+0000] {processor.py:830} INFO - Processing file /home/airflow/.local/lib/python3.8/site-packages/airflow/example_dags/example_task_group_decorator.py for tasks to queue
[2024-04-04T09:43:59.037+0000] {logging_mixin.py:188} INFO - [2024-04-04T09:43:59.036+0000] {dagbag.py:540} INFO - Filling up the DagBag from /home/airflow/.local/lib/python3.8/site-packages/airflow/example_dags/example_task_group_decorator.py
[2024-04-04T09:43:59.050+0000] {processor.py:840} INFO - DAG(s) 'example_task_group_decorator' retrieved from /home/airflow/.local/lib/python3.8/site-packages/airflow/example_dags/example_task_group_decorator.py
[2024-04-04T09:43:59.081+0000] {logging_mixin.py:188} INFO - [2024-04-04T09:43:59.080+0000] {dag.py:3047} INFO - Sync 1 DAGs
[2024-04-04T09:43:59.109+0000] {logging_mixin.py:188} INFO - [2024-04-04T09:43:59.108+0000] {dag.py:3834} INFO - Setting next_dagrun for example_task_group_decorator to 2024-04-03 00:00:00+00:00, run_after=2024-04-04 00:00:00+00:00
[2024-04-04T09:43:59.135+0000] {processor.py:183} INFO - Processing /home/airflow/.local/lib/python3.8/site-packages/airflow/example_dags/example_task_group_decorator.py took 0.107 seconds
[2024-04-04T09:44:29.458+0000] {processor.py:161} INFO - Started process (PID=689) to work on /home/airflow/.local/lib/python3.8/site-packages/airflow/example_dags/example_task_group_decorator.py
[2024-04-04T09:44:29.460+0000] {processor.py:830} INFO - Processing file /home/airflow/.local/lib/python3.8/site-packages/airflow/example_dags/example_task_group_decorator.py for tasks to queue
[2024-04-04T09:44:29.463+0000] {logging_mixin.py:188} INFO - [2024-04-04T09:44:29.462+0000] {dagbag.py:540} INFO - Filling up the DagBag from /home/airflow/.local/lib/python3.8/site-packages/airflow/example_dags/example_task_group_decorator.py
[2024-04-04T09:44:29.480+0000] {processor.py:840} INFO - DAG(s) 'example_task_group_decorator' retrieved from /home/airflow/.local/lib/python3.8/site-packages/airflow/example_dags/example_task_group_decorator.py
[2024-04-04T09:44:29.513+0000] {logging_mixin.py:188} INFO - [2024-04-04T09:44:29.512+0000] {dag.py:3047} INFO - Sync 1 DAGs
[2024-04-04T09:44:29.540+0000] {logging_mixin.py:188} INFO - [2024-04-04T09:44:29.540+0000] {dag.py:3834} INFO - Setting next_dagrun for example_task_group_decorator to 2024-04-03 00:00:00+00:00, run_after=2024-04-04 00:00:00+00:00
[2024-04-04T09:44:29.573+0000] {processor.py:183} INFO - Processing /home/airflow/.local/lib/python3.8/site-packages/airflow/example_dags/example_task_group_decorator.py took 0.117 seconds
[2024-04-04T09:44:59.741+0000] {processor.py:161} INFO - Started process (PID=745) to work on /home/airflow/.local/lib/python3.8/site-packages/airflow/example_dags/example_task_group_decorator.py
[2024-04-04T09:44:59.743+0000] {processor.py:830} INFO - Processing file /home/airflow/.local/lib/python3.8/site-packages/airflow/example_dags/example_task_group_decorator.py for tasks to queue
[2024-04-04T09:44:59.746+0000] {logging_mixin.py:188} INFO - [2024-04-04T09:44:59.745+0000] {dagbag.py:540} INFO - Filling up the DagBag from /home/airflow/.local/lib/python3.8/site-packages/airflow/example_dags/example_task_group_decorator.py
[2024-04-04T09:44:59.760+0000] {processor.py:840} INFO - DAG(s) 'example_task_group_decorator' retrieved from /home/airflow/.local/lib/python3.8/site-packages/airflow/example_dags/example_task_group_decorator.py
[2024-04-04T09:44:59.787+0000] {logging_mixin.py:188} INFO - [2024-04-04T09:44:59.787+0000] {dag.py:3047} INFO - Sync 1 DAGs
[2024-04-04T09:44:59.826+0000] {logging_mixin.py:188} INFO - [2024-04-04T09:44:59.826+0000] {dag.py:3834} INFO - Setting next_dagrun for example_task_group_decorator to 2024-04-03 00:00:00+00:00, run_after=2024-04-04 00:00:00+00:00
[2024-04-04T09:44:59.882+0000] {processor.py:183} INFO - Processing /home/airflow/.local/lib/python3.8/site-packages/airflow/example_dags/example_task_group_decorator.py took 0.144 seconds
[2024-04-04T09:45:30.738+0000] {processor.py:161} INFO - Started process (PID=801) to work on /home/airflow/.local/lib/python3.8/site-packages/airflow/example_dags/example_task_group_decorator.py
[2024-04-04T09:45:30.740+0000] {processor.py:830} INFO - Processing file /home/airflow/.local/lib/python3.8/site-packages/airflow/example_dags/example_task_group_decorator.py for tasks to queue
[2024-04-04T09:45:30.743+0000] {logging_mixin.py:188} INFO - [2024-04-04T09:45:30.742+0000] {dagbag.py:540} INFO - Filling up the DagBag from /home/airflow/.local/lib/python3.8/site-packages/airflow/example_dags/example_task_group_decorator.py
[2024-04-04T09:45:30.771+0000] {processor.py:840} INFO - DAG(s) 'example_task_group_decorator' retrieved from /home/airflow/.local/lib/python3.8/site-packages/airflow/example_dags/example_task_group_decorator.py
[2024-04-04T09:45:30.807+0000] {logging_mixin.py:188} INFO - [2024-04-04T09:45:30.806+0000] {dag.py:3047} INFO - Sync 1 DAGs
[2024-04-04T09:45:30.845+0000] {logging_mixin.py:188} INFO - [2024-04-04T09:45:30.845+0000] {dag.py:3834} INFO - Setting next_dagrun for example_task_group_decorator to 2024-04-03 00:00:00+00:00, run_after=2024-04-04 00:00:00+00:00
[2024-04-04T09:45:30.876+0000] {processor.py:183} INFO - Processing /home/airflow/.local/lib/python3.8/site-packages/airflow/example_dags/example_task_group_decorator.py took 0.142 seconds
[2024-04-04T09:46:01.459+0000] {processor.py:161} INFO - Started process (PID=857) to work on /home/airflow/.local/lib/python3.8/site-packages/airflow/example_dags/example_task_group_decorator.py
[2024-04-04T09:46:01.462+0000] {processor.py:830} INFO - Processing file /home/airflow/.local/lib/python3.8/site-packages/airflow/example_dags/example_task_group_decorator.py for tasks to queue
[2024-04-04T09:46:01.465+0000] {logging_mixin.py:188} INFO - [2024-04-04T09:46:01.465+0000] {dagbag.py:540} INFO - Filling up the DagBag from /home/airflow/.local/lib/python3.8/site-packages/airflow/example_dags/example_task_group_decorator.py
[2024-04-04T09:46:01.485+0000] {processor.py:840} INFO - DAG(s) 'example_task_group_decorator' retrieved from /home/airflow/.local/lib/python3.8/site-packages/airflow/example_dags/example_task_group_decorator.py
[2024-04-04T09:46:01.520+0000] {logging_mixin.py:188} INFO - [2024-04-04T09:46:01.519+0000] {dag.py:3047} INFO - Sync 1 DAGs
[2024-04-04T09:46:01.555+0000] {logging_mixin.py:188} INFO - [2024-04-04T09:46:01.554+0000] {dag.py:3834} INFO - Setting next_dagrun for example_task_group_decorator to 2024-04-03 00:00:00+00:00, run_after=2024-04-04 00:00:00+00:00
[2024-04-04T09:46:01.588+0000] {processor.py:183} INFO - Processing /home/airflow/.local/lib/python3.8/site-packages/airflow/example_dags/example_task_group_decorator.py took 0.133 seconds
[2024-04-04T09:46:31.818+0000] {processor.py:161} INFO - Started process (PID=913) to work on /home/airflow/.local/lib/python3.8/site-packages/airflow/example_dags/example_task_group_decorator.py
[2024-04-04T09:46:31.820+0000] {processor.py:830} INFO - Processing file /home/airflow/.local/lib/python3.8/site-packages/airflow/example_dags/example_task_group_decorator.py for tasks to queue
[2024-04-04T09:46:31.822+0000] {logging_mixin.py:188} INFO - [2024-04-04T09:46:31.822+0000] {dagbag.py:540} INFO - Filling up the DagBag from /home/airflow/.local/lib/python3.8/site-packages/airflow/example_dags/example_task_group_decorator.py
[2024-04-04T09:46:31.841+0000] {processor.py:840} INFO - DAG(s) 'example_task_group_decorator' retrieved from /home/airflow/.local/lib/python3.8/site-packages/airflow/example_dags/example_task_group_decorator.py
[2024-04-04T09:46:31.872+0000] {logging_mixin.py:188} INFO - [2024-04-04T09:46:31.871+0000] {dag.py:3047} INFO - Sync 1 DAGs
[2024-04-04T09:46:31.898+0000] {logging_mixin.py:188} INFO - [2024-04-04T09:46:31.898+0000] {dag.py:3834} INFO - Setting next_dagrun for example_task_group_decorator to 2024-04-03 00:00:00+00:00, run_after=2024-04-04 00:00:00+00:00
[2024-04-04T09:46:31.925+0000] {processor.py:183} INFO - Processing /home/airflow/.local/lib/python3.8/site-packages/airflow/example_dags/example_task_group_decorator.py took 0.111 seconds
[2024-04-04T09:47:02.264+0000] {processor.py:161} INFO - Started process (PID=969) to work on /home/airflow/.local/lib/python3.8/site-packages/airflow/example_dags/example_task_group_decorator.py
[2024-04-04T09:47:02.266+0000] {processor.py:830} INFO - Processing file /home/airflow/.local/lib/python3.8/site-packages/airflow/example_dags/example_task_group_decorator.py for tasks to queue
[2024-04-04T09:47:02.268+0000] {logging_mixin.py:188} INFO - [2024-04-04T09:47:02.268+0000] {dagbag.py:540} INFO - Filling up the DagBag from /home/airflow/.local/lib/python3.8/site-packages/airflow/example_dags/example_task_group_decorator.py
[2024-04-04T09:47:02.286+0000] {processor.py:840} INFO - DAG(s) 'example_task_group_decorator' retrieved from /home/airflow/.local/lib/python3.8/site-packages/airflow/example_dags/example_task_group_decorator.py
[2024-04-04T09:47:02.316+0000] {logging_mixin.py:188} INFO - [2024-04-04T09:47:02.315+0000] {dag.py:3047} INFO - Sync 1 DAGs
[2024-04-04T09:47:02.345+0000] {logging_mixin.py:188} INFO - [2024-04-04T09:47:02.345+0000] {dag.py:3834} INFO - Setting next_dagrun for example_task_group_decorator to 2024-04-03 00:00:00+00:00, run_after=2024-04-04 00:00:00+00:00
[2024-04-04T09:47:02.374+0000] {processor.py:183} INFO - Processing /home/airflow/.local/lib/python3.8/site-packages/airflow/example_dags/example_task_group_decorator.py took 0.113 seconds
[2024-04-04T09:47:32.646+0000] {processor.py:161} INFO - Started process (PID=1025) to work on /home/airflow/.local/lib/python3.8/site-packages/airflow/example_dags/example_task_group_decorator.py
[2024-04-04T09:47:32.648+0000] {processor.py:830} INFO - Processing file /home/airflow/.local/lib/python3.8/site-packages/airflow/example_dags/example_task_group_decorator.py for tasks to queue
[2024-04-04T09:47:32.651+0000] {logging_mixin.py:188} INFO - [2024-04-04T09:47:32.650+0000] {dagbag.py:540} INFO - Filling up the DagBag from /home/airflow/.local/lib/python3.8/site-packages/airflow/example_dags/example_task_group_decorator.py
[2024-04-04T09:47:32.672+0000] {processor.py:840} INFO - DAG(s) 'example_task_group_decorator' retrieved from /home/airflow/.local/lib/python3.8/site-packages/airflow/example_dags/example_task_group_decorator.py
[2024-04-04T09:47:32.701+0000] {logging_mixin.py:188} INFO - [2024-04-04T09:47:32.701+0000] {dag.py:3047} INFO - Sync 1 DAGs
[2024-04-04T09:47:32.725+0000] {logging_mixin.py:188} INFO - [2024-04-04T09:47:32.724+0000] {dag.py:3834} INFO - Setting next_dagrun for example_task_group_decorator to 2024-04-03 00:00:00+00:00, run_after=2024-04-04 00:00:00+00:00
[2024-04-04T09:47:32.754+0000] {processor.py:183} INFO - Processing /home/airflow/.local/lib/python3.8/site-packages/airflow/example_dags/example_task_group_decorator.py took 0.113 seconds
[2024-04-04T09:48:02.901+0000] {processor.py:161} INFO - Started process (PID=1081) to work on /home/airflow/.local/lib/python3.8/site-packages/airflow/example_dags/example_task_group_decorator.py
[2024-04-04T09:48:02.902+0000] {processor.py:830} INFO - Processing file /home/airflow/.local/lib/python3.8/site-packages/airflow/example_dags/example_task_group_decorator.py for tasks to queue
[2024-04-04T09:48:02.904+0000] {logging_mixin.py:188} INFO - [2024-04-04T09:48:02.903+0000] {dagbag.py:540} INFO - Filling up the DagBag from /home/airflow/.local/lib/python3.8/site-packages/airflow/example_dags/example_task_group_decorator.py
[2024-04-04T09:48:02.923+0000] {processor.py:840} INFO - DAG(s) 'example_task_group_decorator' retrieved from /home/airflow/.local/lib/python3.8/site-packages/airflow/example_dags/example_task_group_decorator.py
[2024-04-04T09:48:02.950+0000] {logging_mixin.py:188} INFO - [2024-04-04T09:48:02.950+0000] {dag.py:3047} INFO - Sync 1 DAGs
[2024-04-04T09:48:02.975+0000] {logging_mixin.py:188} INFO - [2024-04-04T09:48:02.974+0000] {dag.py:3834} INFO - Setting next_dagrun for example_task_group_decorator to 2024-04-03 00:00:00+00:00, run_after=2024-04-04 00:00:00+00:00
[2024-04-04T09:48:03.000+0000] {processor.py:183} INFO - Processing /home/airflow/.local/lib/python3.8/site-packages/airflow/example_dags/example_task_group_decorator.py took 0.102 seconds
[2024-04-04T09:48:33.151+0000] {processor.py:161} INFO - Started process (PID=1137) to work on /home/airflow/.local/lib/python3.8/site-packages/airflow/example_dags/example_task_group_decorator.py
[2024-04-04T09:48:33.152+0000] {processor.py:830} INFO - Processing file /home/airflow/.local/lib/python3.8/site-packages/airflow/example_dags/example_task_group_decorator.py for tasks to queue
[2024-04-04T09:48:33.155+0000] {logging_mixin.py:188} INFO - [2024-04-04T09:48:33.155+0000] {dagbag.py:540} INFO - Filling up the DagBag from /home/airflow/.local/lib/python3.8/site-packages/airflow/example_dags/example_task_group_decorator.py
[2024-04-04T09:48:33.169+0000] {processor.py:840} INFO - DAG(s) 'example_task_group_decorator' retrieved from /home/airflow/.local/lib/python3.8/site-packages/airflow/example_dags/example_task_group_decorator.py
[2024-04-04T09:48:33.196+0000] {logging_mixin.py:188} INFO - [2024-04-04T09:48:33.196+0000] {dag.py:3047} INFO - Sync 1 DAGs
[2024-04-04T09:48:33.222+0000] {logging_mixin.py:188} INFO - [2024-04-04T09:48:33.222+0000] {dag.py:3834} INFO - Setting next_dagrun for example_task_group_decorator to 2024-04-03 00:00:00+00:00, run_after=2024-04-04 00:00:00+00:00
[2024-04-04T09:48:33.248+0000] {processor.py:183} INFO - Processing /home/airflow/.local/lib/python3.8/site-packages/airflow/example_dags/example_task_group_decorator.py took 0.100 seconds
[2024-04-04T09:49:03.475+0000] {processor.py:161} INFO - Started process (PID=1193) to work on /home/airflow/.local/lib/python3.8/site-packages/airflow/example_dags/example_task_group_decorator.py
[2024-04-04T09:49:03.476+0000] {processor.py:830} INFO - Processing file /home/airflow/.local/lib/python3.8/site-packages/airflow/example_dags/example_task_group_decorator.py for tasks to queue
[2024-04-04T09:49:03.479+0000] {logging_mixin.py:188} INFO - [2024-04-04T09:49:03.478+0000] {dagbag.py:540} INFO - Filling up the DagBag from /home/airflow/.local/lib/python3.8/site-packages/airflow/example_dags/example_task_group_decorator.py
[2024-04-04T09:49:03.491+0000] {processor.py:840} INFO - DAG(s) 'example_task_group_decorator' retrieved from /home/airflow/.local/lib/python3.8/site-packages/airflow/example_dags/example_task_group_decorator.py
[2024-04-04T09:49:03.519+0000] {logging_mixin.py:188} INFO - [2024-04-04T09:49:03.518+0000] {dag.py:3047} INFO - Sync 1 DAGs
[2024-04-04T09:49:03.541+0000] {logging_mixin.py:188} INFO - [2024-04-04T09:49:03.541+0000] {dag.py:3834} INFO - Setting next_dagrun for example_task_group_decorator to 2024-04-03 00:00:00+00:00, run_after=2024-04-04 00:00:00+00:00
[2024-04-04T09:49:03.568+0000] {processor.py:183} INFO - Processing /home/airflow/.local/lib/python3.8/site-packages/airflow/example_dags/example_task_group_decorator.py took 0.096 seconds
[2024-04-04T09:49:34.437+0000] {processor.py:161} INFO - Started process (PID=1253) to work on /home/airflow/.local/lib/python3.8/site-packages/airflow/example_dags/example_task_group_decorator.py
[2024-04-04T09:49:34.439+0000] {processor.py:830} INFO - Processing file /home/airflow/.local/lib/python3.8/site-packages/airflow/example_dags/example_task_group_decorator.py for tasks to queue
[2024-04-04T09:49:34.442+0000] {logging_mixin.py:188} INFO - [2024-04-04T09:49:34.441+0000] {dagbag.py:540} INFO - Filling up the DagBag from /home/airflow/.local/lib/python3.8/site-packages/airflow/example_dags/example_task_group_decorator.py
[2024-04-04T09:49:34.476+0000] {processor.py:840} INFO - DAG(s) 'example_task_group_decorator' retrieved from /home/airflow/.local/lib/python3.8/site-packages/airflow/example_dags/example_task_group_decorator.py
[2024-04-04T09:49:34.538+0000] {logging_mixin.py:188} INFO - [2024-04-04T09:49:34.538+0000] {dag.py:3047} INFO - Sync 1 DAGs
[2024-04-04T09:49:34.577+0000] {logging_mixin.py:188} INFO - [2024-04-04T09:49:34.577+0000] {dag.py:3834} INFO - Setting next_dagrun for example_task_group_decorator to 2024-04-03 00:00:00+00:00, run_after=2024-04-04 00:00:00+00:00
[2024-04-04T09:49:34.609+0000] {processor.py:183} INFO - Processing /home/airflow/.local/lib/python3.8/site-packages/airflow/example_dags/example_task_group_decorator.py took 0.177 seconds
[2024-04-04T09:50:05.363+0000] {processor.py:161} INFO - Started process (PID=1309) to work on /home/airflow/.local/lib/python3.8/site-packages/airflow/example_dags/example_task_group_decorator.py
[2024-04-04T09:50:05.365+0000] {processor.py:830} INFO - Processing file /home/airflow/.local/lib/python3.8/site-packages/airflow/example_dags/example_task_group_decorator.py for tasks to queue
[2024-04-04T09:50:05.366+0000] {logging_mixin.py:188} INFO - [2024-04-04T09:50:05.366+0000] {dagbag.py:540} INFO - Filling up the DagBag from /home/airflow/.local/lib/python3.8/site-packages/airflow/example_dags/example_task_group_decorator.py
[2024-04-04T09:50:05.380+0000] {processor.py:840} INFO - DAG(s) 'example_task_group_decorator' retrieved from /home/airflow/.local/lib/python3.8/site-packages/airflow/example_dags/example_task_group_decorator.py
[2024-04-04T09:50:05.409+0000] {logging_mixin.py:188} INFO - [2024-04-04T09:50:05.409+0000] {dag.py:3047} INFO - Sync 1 DAGs
[2024-04-04T09:50:05.436+0000] {logging_mixin.py:188} INFO - [2024-04-04T09:50:05.435+0000] {dag.py:3834} INFO - Setting next_dagrun for example_task_group_decorator to 2024-04-03 00:00:00+00:00, run_after=2024-04-04 00:00:00+00:00
[2024-04-04T09:50:05.460+0000] {processor.py:183} INFO - Processing /home/airflow/.local/lib/python3.8/site-packages/airflow/example_dags/example_task_group_decorator.py took 0.100 seconds
[2024-04-04T09:50:35.604+0000] {processor.py:161} INFO - Started process (PID=1365) to work on /home/airflow/.local/lib/python3.8/site-packages/airflow/example_dags/example_task_group_decorator.py
[2024-04-04T09:50:35.605+0000] {processor.py:830} INFO - Processing file /home/airflow/.local/lib/python3.8/site-packages/airflow/example_dags/example_task_group_decorator.py for tasks to queue
[2024-04-04T09:50:35.607+0000] {logging_mixin.py:188} INFO - [2024-04-04T09:50:35.607+0000] {dagbag.py:540} INFO - Filling up the DagBag from /home/airflow/.local/lib/python3.8/site-packages/airflow/example_dags/example_task_group_decorator.py
[2024-04-04T09:50:35.620+0000] {processor.py:840} INFO - DAG(s) 'example_task_group_decorator' retrieved from /home/airflow/.local/lib/python3.8/site-packages/airflow/example_dags/example_task_group_decorator.py
[2024-04-04T09:50:35.649+0000] {logging_mixin.py:188} INFO - [2024-04-04T09:50:35.649+0000] {dag.py:3047} INFO - Sync 1 DAGs
[2024-04-04T09:50:35.675+0000] {logging_mixin.py:188} INFO - [2024-04-04T09:50:35.675+0000] {dag.py:3834} INFO - Setting next_dagrun for example_task_group_decorator to 2024-04-03 00:00:00+00:00, run_after=2024-04-04 00:00:00+00:00
[2024-04-04T09:50:35.700+0000] {processor.py:183} INFO - Processing /home/airflow/.local/lib/python3.8/site-packages/airflow/example_dags/example_task_group_decorator.py took 0.099 seconds
[2024-04-04T09:51:06.129+0000] {processor.py:161} INFO - Started process (PID=1421) to work on /home/airflow/.local/lib/python3.8/site-packages/airflow/example_dags/example_task_group_decorator.py
[2024-04-04T09:51:06.131+0000] {processor.py:830} INFO - Processing file /home/airflow/.local/lib/python3.8/site-packages/airflow/example_dags/example_task_group_decorator.py for tasks to queue
[2024-04-04T09:51:06.133+0000] {logging_mixin.py:188} INFO - [2024-04-04T09:51:06.133+0000] {dagbag.py:540} INFO - Filling up the DagBag from /home/airflow/.local/lib/python3.8/site-packages/airflow/example_dags/example_task_group_decorator.py
[2024-04-04T09:51:06.150+0000] {processor.py:840} INFO - DAG(s) 'example_task_group_decorator' retrieved from /home/airflow/.local/lib/python3.8/site-packages/airflow/example_dags/example_task_group_decorator.py
[2024-04-04T09:51:06.178+0000] {logging_mixin.py:188} INFO - [2024-04-04T09:51:06.178+0000] {dag.py:3047} INFO - Sync 1 DAGs
[2024-04-04T09:51:06.204+0000] {logging_mixin.py:188} INFO - [2024-04-04T09:51:06.204+0000] {dag.py:3834} INFO - Setting next_dagrun for example_task_group_decorator to 2024-04-03 00:00:00+00:00, run_after=2024-04-04 00:00:00+00:00
[2024-04-04T09:51:06.232+0000] {processor.py:183} INFO - Processing /home/airflow/.local/lib/python3.8/site-packages/airflow/example_dags/example_task_group_decorator.py took 0.105 seconds
[2024-04-04T09:51:36.600+0000] {processor.py:161} INFO - Started process (PID=1477) to work on /home/airflow/.local/lib/python3.8/site-packages/airflow/example_dags/example_task_group_decorator.py
[2024-04-04T09:51:36.602+0000] {processor.py:830} INFO - Processing file /home/airflow/.local/lib/python3.8/site-packages/airflow/example_dags/example_task_group_decorator.py for tasks to queue
[2024-04-04T09:51:36.604+0000] {logging_mixin.py:188} INFO - [2024-04-04T09:51:36.604+0000] {dagbag.py:540} INFO - Filling up the DagBag from /home/airflow/.local/lib/python3.8/site-packages/airflow/example_dags/example_task_group_decorator.py
[2024-04-04T09:51:36.619+0000] {processor.py:840} INFO - DAG(s) 'example_task_group_decorator' retrieved from /home/airflow/.local/lib/python3.8/site-packages/airflow/example_dags/example_task_group_decorator.py
[2024-04-04T09:51:36.648+0000] {logging_mixin.py:188} INFO - [2024-04-04T09:51:36.647+0000] {dag.py:3047} INFO - Sync 1 DAGs
[2024-04-04T09:51:36.675+0000] {logging_mixin.py:188} INFO - [2024-04-04T09:51:36.675+0000] {dag.py:3834} INFO - Setting next_dagrun for example_task_group_decorator to 2024-04-03 00:00:00+00:00, run_after=2024-04-04 00:00:00+00:00
[2024-04-04T09:51:36.701+0000] {processor.py:183} INFO - Processing /home/airflow/.local/lib/python3.8/site-packages/airflow/example_dags/example_task_group_decorator.py took 0.104 seconds
[2024-04-04T09:52:07.263+0000] {processor.py:161} INFO - Started process (PID=1533) to work on /home/airflow/.local/lib/python3.8/site-packages/airflow/example_dags/example_task_group_decorator.py
[2024-04-04T09:52:07.264+0000] {processor.py:830} INFO - Processing file /home/airflow/.local/lib/python3.8/site-packages/airflow/example_dags/example_task_group_decorator.py for tasks to queue
[2024-04-04T09:52:07.267+0000] {logging_mixin.py:188} INFO - [2024-04-04T09:52:07.266+0000] {dagbag.py:540} INFO - Filling up the DagBag from /home/airflow/.local/lib/python3.8/site-packages/airflow/example_dags/example_task_group_decorator.py
[2024-04-04T09:52:07.286+0000] {processor.py:840} INFO - DAG(s) 'example_task_group_decorator' retrieved from /home/airflow/.local/lib/python3.8/site-packages/airflow/example_dags/example_task_group_decorator.py
[2024-04-04T09:52:07.327+0000] {logging_mixin.py:188} INFO - [2024-04-04T09:52:07.327+0000] {dag.py:3047} INFO - Sync 1 DAGs
[2024-04-04T09:52:07.366+0000] {logging_mixin.py:188} INFO - [2024-04-04T09:52:07.365+0000] {dag.py:3834} INFO - Setting next_dagrun for example_task_group_decorator to 2024-04-03 00:00:00+00:00, run_after=2024-04-04 00:00:00+00:00
[2024-04-04T09:52:07.425+0000] {processor.py:183} INFO - Processing /home/airflow/.local/lib/python3.8/site-packages/airflow/example_dags/example_task_group_decorator.py took 0.166 seconds
[2024-04-04T09:52:37.863+0000] {processor.py:161} INFO - Started process (PID=1589) to work on /home/airflow/.local/lib/python3.8/site-packages/airflow/example_dags/example_task_group_decorator.py
[2024-04-04T09:52:37.866+0000] {processor.py:830} INFO - Processing file /home/airflow/.local/lib/python3.8/site-packages/airflow/example_dags/example_task_group_decorator.py for tasks to queue
[2024-04-04T09:52:37.873+0000] {logging_mixin.py:188} INFO - [2024-04-04T09:52:37.870+0000] {dagbag.py:540} INFO - Filling up the DagBag from /home/airflow/.local/lib/python3.8/site-packages/airflow/example_dags/example_task_group_decorator.py
[2024-04-04T09:52:37.902+0000] {processor.py:840} INFO - DAG(s) 'example_task_group_decorator' retrieved from /home/airflow/.local/lib/python3.8/site-packages/airflow/example_dags/example_task_group_decorator.py
[2024-04-04T09:52:37.941+0000] {logging_mixin.py:188} INFO - [2024-04-04T09:52:37.940+0000] {dag.py:3047} INFO - Sync 1 DAGs
[2024-04-04T09:52:37.989+0000] {logging_mixin.py:188} INFO - [2024-04-04T09:52:37.989+0000] {dag.py:3834} INFO - Setting next_dagrun for example_task_group_decorator to 2024-04-03 00:00:00+00:00, run_after=2024-04-04 00:00:00+00:00
[2024-04-04T09:52:38.030+0000] {processor.py:183} INFO - Processing /home/airflow/.local/lib/python3.8/site-packages/airflow/example_dags/example_task_group_decorator.py took 0.172 seconds
[2024-04-04T09:53:08.238+0000] {processor.py:161} INFO - Started process (PID=1645) to work on /home/airflow/.local/lib/python3.8/site-packages/airflow/example_dags/example_task_group_decorator.py
[2024-04-04T09:53:08.239+0000] {processor.py:830} INFO - Processing file /home/airflow/.local/lib/python3.8/site-packages/airflow/example_dags/example_task_group_decorator.py for tasks to queue
[2024-04-04T09:53:08.242+0000] {logging_mixin.py:188} INFO - [2024-04-04T09:53:08.241+0000] {dagbag.py:540} INFO - Filling up the DagBag from /home/airflow/.local/lib/python3.8/site-packages/airflow/example_dags/example_task_group_decorator.py
[2024-04-04T09:53:08.259+0000] {processor.py:840} INFO - DAG(s) 'example_task_group_decorator' retrieved from /home/airflow/.local/lib/python3.8/site-packages/airflow/example_dags/example_task_group_decorator.py
[2024-04-04T09:53:08.287+0000] {logging_mixin.py:188} INFO - [2024-04-04T09:53:08.287+0000] {dag.py:3047} INFO - Sync 1 DAGs
[2024-04-04T09:53:08.311+0000] {logging_mixin.py:188} INFO - [2024-04-04T09:53:08.310+0000] {dag.py:3834} INFO - Setting next_dagrun for example_task_group_decorator to 2024-04-03 00:00:00+00:00, run_after=2024-04-04 00:00:00+00:00
[2024-04-04T09:53:08.337+0000] {processor.py:183} INFO - Processing /home/airflow/.local/lib/python3.8/site-packages/airflow/example_dags/example_task_group_decorator.py took 0.102 seconds
[2024-04-04T09:53:39.094+0000] {processor.py:161} INFO - Started process (PID=1702) to work on /home/airflow/.local/lib/python3.8/site-packages/airflow/example_dags/example_task_group_decorator.py
[2024-04-04T09:53:39.097+0000] {processor.py:830} INFO - Processing file /home/airflow/.local/lib/python3.8/site-packages/airflow/example_dags/example_task_group_decorator.py for tasks to queue
[2024-04-04T09:53:39.101+0000] {logging_mixin.py:188} INFO - [2024-04-04T09:53:39.100+0000] {dagbag.py:540} INFO - Filling up the DagBag from /home/airflow/.local/lib/python3.8/site-packages/airflow/example_dags/example_task_group_decorator.py
[2024-04-04T09:53:39.126+0000] {processor.py:840} INFO - DAG(s) 'example_task_group_decorator' retrieved from /home/airflow/.local/lib/python3.8/site-packages/airflow/example_dags/example_task_group_decorator.py
[2024-04-04T09:53:39.163+0000] {logging_mixin.py:188} INFO - [2024-04-04T09:53:39.163+0000] {dag.py:3047} INFO - Sync 1 DAGs
[2024-04-04T09:53:39.190+0000] {logging_mixin.py:188} INFO - [2024-04-04T09:53:39.190+0000] {dag.py:3834} INFO - Setting next_dagrun for example_task_group_decorator to 2024-04-03 00:00:00+00:00, run_after=2024-04-04 00:00:00+00:00
[2024-04-04T09:53:39.224+0000] {processor.py:183} INFO - Processing /home/airflow/.local/lib/python3.8/site-packages/airflow/example_dags/example_task_group_decorator.py took 0.135 seconds
[2024-04-04T09:54:09.290+0000] {processor.py:161} INFO - Started process (PID=1758) to work on /home/airflow/.local/lib/python3.8/site-packages/airflow/example_dags/example_task_group_decorator.py
[2024-04-04T09:54:09.291+0000] {processor.py:830} INFO - Processing file /home/airflow/.local/lib/python3.8/site-packages/airflow/example_dags/example_task_group_decorator.py for tasks to queue
[2024-04-04T09:54:09.293+0000] {logging_mixin.py:188} INFO - [2024-04-04T09:54:09.293+0000] {dagbag.py:540} INFO - Filling up the DagBag from /home/airflow/.local/lib/python3.8/site-packages/airflow/example_dags/example_task_group_decorator.py
[2024-04-04T09:54:09.306+0000] {processor.py:840} INFO - DAG(s) 'example_task_group_decorator' retrieved from /home/airflow/.local/lib/python3.8/site-packages/airflow/example_dags/example_task_group_decorator.py
[2024-04-04T09:54:09.332+0000] {logging_mixin.py:188} INFO - [2024-04-04T09:54:09.331+0000] {dag.py:3047} INFO - Sync 1 DAGs
[2024-04-04T09:54:09.355+0000] {logging_mixin.py:188} INFO - [2024-04-04T09:54:09.355+0000] {dag.py:3834} INFO - Setting next_dagrun for example_task_group_decorator to 2024-04-03 00:00:00+00:00, run_after=2024-04-04 00:00:00+00:00
[2024-04-04T09:54:09.381+0000] {processor.py:183} INFO - Processing /home/airflow/.local/lib/python3.8/site-packages/airflow/example_dags/example_task_group_decorator.py took 0.094 seconds
[2024-04-04T09:54:40.188+0000] {processor.py:161} INFO - Started process (PID=1815) to work on /home/airflow/.local/lib/python3.8/site-packages/airflow/example_dags/example_task_group_decorator.py
[2024-04-04T09:54:40.189+0000] {processor.py:830} INFO - Processing file /home/airflow/.local/lib/python3.8/site-packages/airflow/example_dags/example_task_group_decorator.py for tasks to queue
[2024-04-04T09:54:40.192+0000] {logging_mixin.py:188} INFO - [2024-04-04T09:54:40.191+0000] {dagbag.py:540} INFO - Filling up the DagBag from /home/airflow/.local/lib/python3.8/site-packages/airflow/example_dags/example_task_group_decorator.py
[2024-04-04T09:54:40.204+0000] {processor.py:840} INFO - DAG(s) 'example_task_group_decorator' retrieved from /home/airflow/.local/lib/python3.8/site-packages/airflow/example_dags/example_task_group_decorator.py
[2024-04-04T09:54:40.231+0000] {logging_mixin.py:188} INFO - [2024-04-04T09:54:40.231+0000] {dag.py:3047} INFO - Sync 1 DAGs
[2024-04-04T09:54:40.255+0000] {logging_mixin.py:188} INFO - [2024-04-04T09:54:40.255+0000] {dag.py:3834} INFO - Setting next_dagrun for example_task_group_decorator to 2024-04-03 00:00:00+00:00, run_after=2024-04-04 00:00:00+00:00
[2024-04-04T09:54:40.283+0000] {processor.py:183} INFO - Processing /home/airflow/.local/lib/python3.8/site-packages/airflow/example_dags/example_task_group_decorator.py took 0.097 seconds
[2024-04-04T09:55:10.513+0000] {processor.py:161} INFO - Started process (PID=1871) to work on /home/airflow/.local/lib/python3.8/site-packages/airflow/example_dags/example_task_group_decorator.py
[2024-04-04T09:55:10.514+0000] {processor.py:830} INFO - Processing file /home/airflow/.local/lib/python3.8/site-packages/airflow/example_dags/example_task_group_decorator.py for tasks to queue
[2024-04-04T09:55:10.518+0000] {logging_mixin.py:188} INFO - [2024-04-04T09:55:10.517+0000] {dagbag.py:540} INFO - Filling up the DagBag from /home/airflow/.local/lib/python3.8/site-packages/airflow/example_dags/example_task_group_decorator.py
[2024-04-04T09:55:10.538+0000] {processor.py:840} INFO - DAG(s) 'example_task_group_decorator' retrieved from /home/airflow/.local/lib/python3.8/site-packages/airflow/example_dags/example_task_group_decorator.py
[2024-04-04T09:55:10.570+0000] {logging_mixin.py:188} INFO - [2024-04-04T09:55:10.569+0000] {dag.py:3047} INFO - Sync 1 DAGs
[2024-04-04T09:55:10.595+0000] {logging_mixin.py:188} INFO - [2024-04-04T09:55:10.594+0000] {dag.py:3834} INFO - Setting next_dagrun for example_task_group_decorator to 2024-04-03 00:00:00+00:00, run_after=2024-04-04 00:00:00+00:00
[2024-04-04T09:55:10.620+0000] {processor.py:183} INFO - Processing /home/airflow/.local/lib/python3.8/site-packages/airflow/example_dags/example_task_group_decorator.py took 0.110 seconds
[2024-04-04T09:55:41.260+0000] {processor.py:161} INFO - Started process (PID=1933) to work on /home/airflow/.local/lib/python3.8/site-packages/airflow/example_dags/example_task_group_decorator.py
[2024-04-04T09:55:41.263+0000] {processor.py:830} INFO - Processing file /home/airflow/.local/lib/python3.8/site-packages/airflow/example_dags/example_task_group_decorator.py for tasks to queue
[2024-04-04T09:55:41.266+0000] {logging_mixin.py:188} INFO - [2024-04-04T09:55:41.265+0000] {dagbag.py:540} INFO - Filling up the DagBag from /home/airflow/.local/lib/python3.8/site-packages/airflow/example_dags/example_task_group_decorator.py
[2024-04-04T09:55:41.287+0000] {processor.py:840} INFO - DAG(s) 'example_task_group_decorator' retrieved from /home/airflow/.local/lib/python3.8/site-packages/airflow/example_dags/example_task_group_decorator.py
[2024-04-04T09:55:41.327+0000] {logging_mixin.py:188} INFO - [2024-04-04T09:55:41.326+0000] {dag.py:3047} INFO - Sync 1 DAGs
[2024-04-04T09:55:41.362+0000] {logging_mixin.py:188} INFO - [2024-04-04T09:55:41.361+0000] {dag.py:3834} INFO - Setting next_dagrun for example_task_group_decorator to 2024-04-03 00:00:00+00:00, run_after=2024-04-04 00:00:00+00:00
[2024-04-04T09:55:41.402+0000] {processor.py:183} INFO - Processing /home/airflow/.local/lib/python3.8/site-packages/airflow/example_dags/example_task_group_decorator.py took 0.146 seconds
[2024-04-04T09:56:11.856+0000] {processor.py:161} INFO - Started process (PID=1992) to work on /home/airflow/.local/lib/python3.8/site-packages/airflow/example_dags/example_task_group_decorator.py
[2024-04-04T09:56:11.858+0000] {processor.py:830} INFO - Processing file /home/airflow/.local/lib/python3.8/site-packages/airflow/example_dags/example_task_group_decorator.py for tasks to queue
[2024-04-04T09:56:11.860+0000] {logging_mixin.py:188} INFO - [2024-04-04T09:56:11.860+0000] {dagbag.py:540} INFO - Filling up the DagBag from /home/airflow/.local/lib/python3.8/site-packages/airflow/example_dags/example_task_group_decorator.py
[2024-04-04T09:56:11.877+0000] {processor.py:840} INFO - DAG(s) 'example_task_group_decorator' retrieved from /home/airflow/.local/lib/python3.8/site-packages/airflow/example_dags/example_task_group_decorator.py
[2024-04-04T09:56:11.903+0000] {logging_mixin.py:188} INFO - [2024-04-04T09:56:11.902+0000] {dag.py:3047} INFO - Sync 1 DAGs
[2024-04-04T09:56:11.925+0000] {logging_mixin.py:188} INFO - [2024-04-04T09:56:11.924+0000] {dag.py:3834} INFO - Setting next_dagrun for example_task_group_decorator to 2024-04-03 00:00:00+00:00, run_after=2024-04-04 00:00:00+00:00
[2024-04-04T09:56:11.949+0000] {processor.py:183} INFO - Processing /home/airflow/.local/lib/python3.8/site-packages/airflow/example_dags/example_task_group_decorator.py took 0.096 seconds
[2024-04-04T09:56:42.186+0000] {processor.py:161} INFO - Started process (PID=2048) to work on /home/airflow/.local/lib/python3.8/site-packages/airflow/example_dags/example_task_group_decorator.py
[2024-04-04T09:56:42.188+0000] {processor.py:830} INFO - Processing file /home/airflow/.local/lib/python3.8/site-packages/airflow/example_dags/example_task_group_decorator.py for tasks to queue
[2024-04-04T09:56:42.191+0000] {logging_mixin.py:188} INFO - [2024-04-04T09:56:42.191+0000] {dagbag.py:540} INFO - Filling up the DagBag from /home/airflow/.local/lib/python3.8/site-packages/airflow/example_dags/example_task_group_decorator.py
[2024-04-04T09:56:42.207+0000] {processor.py:840} INFO - DAG(s) 'example_task_group_decorator' retrieved from /home/airflow/.local/lib/python3.8/site-packages/airflow/example_dags/example_task_group_decorator.py
[2024-04-04T09:56:42.233+0000] {logging_mixin.py:188} INFO - [2024-04-04T09:56:42.233+0000] {dag.py:3047} INFO - Sync 1 DAGs
[2024-04-04T09:56:42.258+0000] {logging_mixin.py:188} INFO - [2024-04-04T09:56:42.258+0000] {dag.py:3834} INFO - Setting next_dagrun for example_task_group_decorator to 2024-04-03 00:00:00+00:00, run_after=2024-04-04 00:00:00+00:00
[2024-04-04T09:56:42.286+0000] {processor.py:183} INFO - Processing /home/airflow/.local/lib/python3.8/site-packages/airflow/example_dags/example_task_group_decorator.py took 0.102 seconds
[2024-04-04T09:57:12.763+0000] {processor.py:161} INFO - Started process (PID=2104) to work on /home/airflow/.local/lib/python3.8/site-packages/airflow/example_dags/example_task_group_decorator.py
[2024-04-04T09:57:12.764+0000] {processor.py:830} INFO - Processing file /home/airflow/.local/lib/python3.8/site-packages/airflow/example_dags/example_task_group_decorator.py for tasks to queue
[2024-04-04T09:57:12.767+0000] {logging_mixin.py:188} INFO - [2024-04-04T09:57:12.766+0000] {dagbag.py:540} INFO - Filling up the DagBag from /home/airflow/.local/lib/python3.8/site-packages/airflow/example_dags/example_task_group_decorator.py
[2024-04-04T09:57:12.780+0000] {processor.py:840} INFO - DAG(s) 'example_task_group_decorator' retrieved from /home/airflow/.local/lib/python3.8/site-packages/airflow/example_dags/example_task_group_decorator.py
[2024-04-04T09:57:12.806+0000] {logging_mixin.py:188} INFO - [2024-04-04T09:57:12.806+0000] {dag.py:3047} INFO - Sync 1 DAGs
[2024-04-04T09:57:12.829+0000] {logging_mixin.py:188} INFO - [2024-04-04T09:57:12.829+0000] {dag.py:3834} INFO - Setting next_dagrun for example_task_group_decorator to 2024-04-03 00:00:00+00:00, run_after=2024-04-04 00:00:00+00:00
[2024-04-04T09:57:12.857+0000] {processor.py:183} INFO - Processing /home/airflow/.local/lib/python3.8/site-packages/airflow/example_dags/example_task_group_decorator.py took 0.097 seconds
[2024-04-04T09:57:42.995+0000] {processor.py:161} INFO - Started process (PID=2160) to work on /home/airflow/.local/lib/python3.8/site-packages/airflow/example_dags/example_task_group_decorator.py
[2024-04-04T09:57:42.997+0000] {processor.py:830} INFO - Processing file /home/airflow/.local/lib/python3.8/site-packages/airflow/example_dags/example_task_group_decorator.py for tasks to queue
[2024-04-04T09:57:42.999+0000] {logging_mixin.py:188} INFO - [2024-04-04T09:57:42.998+0000] {dagbag.py:540} INFO - Filling up the DagBag from /home/airflow/.local/lib/python3.8/site-packages/airflow/example_dags/example_task_group_decorator.py
[2024-04-04T09:57:43.013+0000] {processor.py:840} INFO - DAG(s) 'example_task_group_decorator' retrieved from /home/airflow/.local/lib/python3.8/site-packages/airflow/example_dags/example_task_group_decorator.py
[2024-04-04T09:57:43.041+0000] {logging_mixin.py:188} INFO - [2024-04-04T09:57:43.041+0000] {dag.py:3047} INFO - Sync 1 DAGs
[2024-04-04T09:57:43.066+0000] {logging_mixin.py:188} INFO - [2024-04-04T09:57:43.066+0000] {dag.py:3834} INFO - Setting next_dagrun for example_task_group_decorator to 2024-04-03 00:00:00+00:00, run_after=2024-04-04 00:00:00+00:00
[2024-04-04T09:57:43.094+0000] {processor.py:183} INFO - Processing /home/airflow/.local/lib/python3.8/site-packages/airflow/example_dags/example_task_group_decorator.py took 0.101 seconds
[2024-04-04T09:58:14.097+0000] {processor.py:161} INFO - Started process (PID=2216) to work on /home/airflow/.local/lib/python3.8/site-packages/airflow/example_dags/example_task_group_decorator.py
[2024-04-04T09:58:14.099+0000] {processor.py:830} INFO - Processing file /home/airflow/.local/lib/python3.8/site-packages/airflow/example_dags/example_task_group_decorator.py for tasks to queue
[2024-04-04T09:58:14.102+0000] {logging_mixin.py:188} INFO - [2024-04-04T09:58:14.101+0000] {dagbag.py:540} INFO - Filling up the DagBag from /home/airflow/.local/lib/python3.8/site-packages/airflow/example_dags/example_task_group_decorator.py
[2024-04-04T09:58:14.114+0000] {processor.py:840} INFO - DAG(s) 'example_task_group_decorator' retrieved from /home/airflow/.local/lib/python3.8/site-packages/airflow/example_dags/example_task_group_decorator.py
[2024-04-04T09:58:14.141+0000] {logging_mixin.py:188} INFO - [2024-04-04T09:58:14.140+0000] {dag.py:3047} INFO - Sync 1 DAGs
[2024-04-04T09:58:14.164+0000] {logging_mixin.py:188} INFO - [2024-04-04T09:58:14.164+0000] {dag.py:3834} INFO - Setting next_dagrun for example_task_group_decorator to 2024-04-03 00:00:00+00:00, run_after=2024-04-04 00:00:00+00:00
[2024-04-04T09:58:14.189+0000] {processor.py:183} INFO - Processing /home/airflow/.local/lib/python3.8/site-packages/airflow/example_dags/example_task_group_decorator.py took 0.094 seconds
[2024-04-04T09:58:44.429+0000] {processor.py:161} INFO - Started process (PID=2272) to work on /home/airflow/.local/lib/python3.8/site-packages/airflow/example_dags/example_task_group_decorator.py
[2024-04-04T09:58:44.430+0000] {processor.py:830} INFO - Processing file /home/airflow/.local/lib/python3.8/site-packages/airflow/example_dags/example_task_group_decorator.py for tasks to queue
[2024-04-04T09:58:44.433+0000] {logging_mixin.py:188} INFO - [2024-04-04T09:58:44.432+0000] {dagbag.py:540} INFO - Filling up the DagBag from /home/airflow/.local/lib/python3.8/site-packages/airflow/example_dags/example_task_group_decorator.py
[2024-04-04T09:58:44.446+0000] {processor.py:840} INFO - DAG(s) 'example_task_group_decorator' retrieved from /home/airflow/.local/lib/python3.8/site-packages/airflow/example_dags/example_task_group_decorator.py
[2024-04-04T09:58:44.472+0000] {logging_mixin.py:188} INFO - [2024-04-04T09:58:44.472+0000] {dag.py:3047} INFO - Sync 1 DAGs
[2024-04-04T09:58:44.495+0000] {logging_mixin.py:188} INFO - [2024-04-04T09:58:44.495+0000] {dag.py:3834} INFO - Setting next_dagrun for example_task_group_decorator to 2024-04-03 00:00:00+00:00, run_after=2024-04-04 00:00:00+00:00
[2024-04-04T09:58:44.521+0000] {processor.py:183} INFO - Processing /home/airflow/.local/lib/python3.8/site-packages/airflow/example_dags/example_task_group_decorator.py took 0.095 seconds
[2024-04-04T09:59:14.869+0000] {processor.py:161} INFO - Started process (PID=2328) to work on /home/airflow/.local/lib/python3.8/site-packages/airflow/example_dags/example_task_group_decorator.py
[2024-04-04T09:59:14.871+0000] {processor.py:830} INFO - Processing file /home/airflow/.local/lib/python3.8/site-packages/airflow/example_dags/example_task_group_decorator.py for tasks to queue
[2024-04-04T09:59:14.873+0000] {logging_mixin.py:188} INFO - [2024-04-04T09:59:14.872+0000] {dagbag.py:540} INFO - Filling up the DagBag from /home/airflow/.local/lib/python3.8/site-packages/airflow/example_dags/example_task_group_decorator.py
[2024-04-04T09:59:14.886+0000] {processor.py:840} INFO - DAG(s) 'example_task_group_decorator' retrieved from /home/airflow/.local/lib/python3.8/site-packages/airflow/example_dags/example_task_group_decorator.py
[2024-04-04T09:59:14.912+0000] {logging_mixin.py:188} INFO - [2024-04-04T09:59:14.912+0000] {dag.py:3047} INFO - Sync 1 DAGs
[2024-04-04T09:59:14.936+0000] {logging_mixin.py:188} INFO - [2024-04-04T09:59:14.936+0000] {dag.py:3834} INFO - Setting next_dagrun for example_task_group_decorator to 2024-04-03 00:00:00+00:00, run_after=2024-04-04 00:00:00+00:00
[2024-04-04T09:59:14.965+0000] {processor.py:183} INFO - Processing /home/airflow/.local/lib/python3.8/site-packages/airflow/example_dags/example_task_group_decorator.py took 0.100 seconds
[2024-04-04T09:59:45.238+0000] {processor.py:161} INFO - Started process (PID=2385) to work on /home/airflow/.local/lib/python3.8/site-packages/airflow/example_dags/example_task_group_decorator.py
[2024-04-04T09:59:45.239+0000] {processor.py:830} INFO - Processing file /home/airflow/.local/lib/python3.8/site-packages/airflow/example_dags/example_task_group_decorator.py for tasks to queue
[2024-04-04T09:59:45.241+0000] {logging_mixin.py:188} INFO - [2024-04-04T09:59:45.241+0000] {dagbag.py:540} INFO - Filling up the DagBag from /home/airflow/.local/lib/python3.8/site-packages/airflow/example_dags/example_task_group_decorator.py
[2024-04-04T09:59:45.264+0000] {processor.py:840} INFO - DAG(s) 'example_task_group_decorator' retrieved from /home/airflow/.local/lib/python3.8/site-packages/airflow/example_dags/example_task_group_decorator.py
[2024-04-04T09:59:45.293+0000] {logging_mixin.py:188} INFO - [2024-04-04T09:59:45.293+0000] {dag.py:3047} INFO - Sync 1 DAGs
[2024-04-04T09:59:45.321+0000] {logging_mixin.py:188} INFO - [2024-04-04T09:59:45.321+0000] {dag.py:3834} INFO - Setting next_dagrun for example_task_group_decorator to 2024-04-03 00:00:00+00:00, run_after=2024-04-04 00:00:00+00:00
[2024-04-04T09:59:45.350+0000] {processor.py:183} INFO - Processing /home/airflow/.local/lib/python3.8/site-packages/airflow/example_dags/example_task_group_decorator.py took 0.114 seconds
[2024-04-04T10:00:15.748+0000] {processor.py:161} INFO - Started process (PID=2440) to work on /home/airflow/.local/lib/python3.8/site-packages/airflow/example_dags/example_task_group_decorator.py
[2024-04-04T10:00:15.749+0000] {processor.py:830} INFO - Processing file /home/airflow/.local/lib/python3.8/site-packages/airflow/example_dags/example_task_group_decorator.py for tasks to queue
[2024-04-04T10:00:15.751+0000] {logging_mixin.py:188} INFO - [2024-04-04T10:00:15.750+0000] {dagbag.py:540} INFO - Filling up the DagBag from /home/airflow/.local/lib/python3.8/site-packages/airflow/example_dags/example_task_group_decorator.py
[2024-04-04T10:00:15.764+0000] {processor.py:840} INFO - DAG(s) 'example_task_group_decorator' retrieved from /home/airflow/.local/lib/python3.8/site-packages/airflow/example_dags/example_task_group_decorator.py
[2024-04-04T10:00:15.803+0000] {logging_mixin.py:188} INFO - [2024-04-04T10:00:15.803+0000] {dag.py:3047} INFO - Sync 1 DAGs
[2024-04-04T10:00:15.844+0000] {logging_mixin.py:188} INFO - [2024-04-04T10:00:15.844+0000] {dag.py:3834} INFO - Setting next_dagrun for example_task_group_decorator to 2024-04-03 00:00:00+00:00, run_after=2024-04-04 00:00:00+00:00
[2024-04-04T10:00:15.871+0000] {processor.py:183} INFO - Processing /home/airflow/.local/lib/python3.8/site-packages/airflow/example_dags/example_task_group_decorator.py took 0.127 seconds
[2024-04-04T10:00:46.436+0000] {processor.py:161} INFO - Started process (PID=2496) to work on /home/airflow/.local/lib/python3.8/site-packages/airflow/example_dags/example_task_group_decorator.py
[2024-04-04T10:00:46.438+0000] {processor.py:830} INFO - Processing file /home/airflow/.local/lib/python3.8/site-packages/airflow/example_dags/example_task_group_decorator.py for tasks to queue
[2024-04-04T10:00:46.440+0000] {logging_mixin.py:188} INFO - [2024-04-04T10:00:46.440+0000] {dagbag.py:540} INFO - Filling up the DagBag from /home/airflow/.local/lib/python3.8/site-packages/airflow/example_dags/example_task_group_decorator.py
[2024-04-04T10:00:46.453+0000] {processor.py:840} INFO - DAG(s) 'example_task_group_decorator' retrieved from /home/airflow/.local/lib/python3.8/site-packages/airflow/example_dags/example_task_group_decorator.py
[2024-04-04T10:00:46.479+0000] {logging_mixin.py:188} INFO - [2024-04-04T10:00:46.479+0000] {dag.py:3047} INFO - Sync 1 DAGs
[2024-04-04T10:00:46.503+0000] {logging_mixin.py:188} INFO - [2024-04-04T10:00:46.503+0000] {dag.py:3834} INFO - Setting next_dagrun for example_task_group_decorator to 2024-04-03 00:00:00+00:00, run_after=2024-04-04 00:00:00+00:00
[2024-04-04T10:00:46.529+0000] {processor.py:183} INFO - Processing /home/airflow/.local/lib/python3.8/site-packages/airflow/example_dags/example_task_group_decorator.py took 0.095 seconds
[2024-04-04T10:01:16.609+0000] {processor.py:161} INFO - Started process (PID=2553) to work on /home/airflow/.local/lib/python3.8/site-packages/airflow/example_dags/example_task_group_decorator.py
[2024-04-04T10:01:16.611+0000] {processor.py:830} INFO - Processing file /home/airflow/.local/lib/python3.8/site-packages/airflow/example_dags/example_task_group_decorator.py for tasks to queue
[2024-04-04T10:01:16.614+0000] {logging_mixin.py:188} INFO - [2024-04-04T10:01:16.613+0000] {dagbag.py:540} INFO - Filling up the DagBag from /home/airflow/.local/lib/python3.8/site-packages/airflow/example_dags/example_task_group_decorator.py
[2024-04-04T10:01:16.628+0000] {processor.py:840} INFO - DAG(s) 'example_task_group_decorator' retrieved from /home/airflow/.local/lib/python3.8/site-packages/airflow/example_dags/example_task_group_decorator.py
[2024-04-04T10:01:16.659+0000] {logging_mixin.py:188} INFO - [2024-04-04T10:01:16.659+0000] {dag.py:3047} INFO - Sync 1 DAGs
[2024-04-04T10:01:16.688+0000] {logging_mixin.py:188} INFO - [2024-04-04T10:01:16.687+0000] {dag.py:3834} INFO - Setting next_dagrun for example_task_group_decorator to 2024-04-03 00:00:00+00:00, run_after=2024-04-04 00:00:00+00:00
[2024-04-04T10:01:16.716+0000] {processor.py:183} INFO - Processing /home/airflow/.local/lib/python3.8/site-packages/airflow/example_dags/example_task_group_decorator.py took 0.110 seconds
[2024-04-04T10:01:47.119+0000] {processor.py:161} INFO - Started process (PID=2609) to work on /home/airflow/.local/lib/python3.8/site-packages/airflow/example_dags/example_task_group_decorator.py
[2024-04-04T10:01:47.121+0000] {processor.py:830} INFO - Processing file /home/airflow/.local/lib/python3.8/site-packages/airflow/example_dags/example_task_group_decorator.py for tasks to queue
[2024-04-04T10:01:47.124+0000] {logging_mixin.py:188} INFO - [2024-04-04T10:01:47.123+0000] {dagbag.py:540} INFO - Filling up the DagBag from /home/airflow/.local/lib/python3.8/site-packages/airflow/example_dags/example_task_group_decorator.py
[2024-04-04T10:01:47.138+0000] {processor.py:840} INFO - DAG(s) 'example_task_group_decorator' retrieved from /home/airflow/.local/lib/python3.8/site-packages/airflow/example_dags/example_task_group_decorator.py
[2024-04-04T10:01:47.164+0000] {logging_mixin.py:188} INFO - [2024-04-04T10:01:47.164+0000] {dag.py:3047} INFO - Sync 1 DAGs
[2024-04-04T10:01:47.188+0000] {logging_mixin.py:188} INFO - [2024-04-04T10:01:47.188+0000] {dag.py:3834} INFO - Setting next_dagrun for example_task_group_decorator to 2024-04-03 00:00:00+00:00, run_after=2024-04-04 00:00:00+00:00
[2024-04-04T10:01:47.212+0000] {processor.py:183} INFO - Processing /home/airflow/.local/lib/python3.8/site-packages/airflow/example_dags/example_task_group_decorator.py took 0.096 seconds
[2024-04-04T10:02:17.750+0000] {processor.py:161} INFO - Started process (PID=2665) to work on /home/airflow/.local/lib/python3.8/site-packages/airflow/example_dags/example_task_group_decorator.py
[2024-04-04T10:02:17.751+0000] {processor.py:830} INFO - Processing file /home/airflow/.local/lib/python3.8/site-packages/airflow/example_dags/example_task_group_decorator.py for tasks to queue
[2024-04-04T10:02:17.755+0000] {logging_mixin.py:188} INFO - [2024-04-04T10:02:17.755+0000] {dagbag.py:540} INFO - Filling up the DagBag from /home/airflow/.local/lib/python3.8/site-packages/airflow/example_dags/example_task_group_decorator.py
[2024-04-04T10:02:17.770+0000] {processor.py:840} INFO - DAG(s) 'example_task_group_decorator' retrieved from /home/airflow/.local/lib/python3.8/site-packages/airflow/example_dags/example_task_group_decorator.py
[2024-04-04T10:02:17.800+0000] {logging_mixin.py:188} INFO - [2024-04-04T10:02:17.799+0000] {dag.py:3047} INFO - Sync 1 DAGs
[2024-04-04T10:02:17.830+0000] {logging_mixin.py:188} INFO - [2024-04-04T10:02:17.829+0000] {dag.py:3834} INFO - Setting next_dagrun for example_task_group_decorator to 2024-04-03 00:00:00+00:00, run_after=2024-04-04 00:00:00+00:00
[2024-04-04T10:02:17.862+0000] {processor.py:183} INFO - Processing /home/airflow/.local/lib/python3.8/site-packages/airflow/example_dags/example_task_group_decorator.py took 0.115 seconds
[2024-04-04T10:02:48.314+0000] {processor.py:161} INFO - Started process (PID=2721) to work on /home/airflow/.local/lib/python3.8/site-packages/airflow/example_dags/example_task_group_decorator.py
[2024-04-04T10:02:48.315+0000] {processor.py:830} INFO - Processing file /home/airflow/.local/lib/python3.8/site-packages/airflow/example_dags/example_task_group_decorator.py for tasks to queue
[2024-04-04T10:02:48.317+0000] {logging_mixin.py:188} INFO - [2024-04-04T10:02:48.317+0000] {dagbag.py:540} INFO - Filling up the DagBag from /home/airflow/.local/lib/python3.8/site-packages/airflow/example_dags/example_task_group_decorator.py
[2024-04-04T10:02:48.332+0000] {processor.py:840} INFO - DAG(s) 'example_task_group_decorator' retrieved from /home/airflow/.local/lib/python3.8/site-packages/airflow/example_dags/example_task_group_decorator.py
[2024-04-04T10:02:48.361+0000] {logging_mixin.py:188} INFO - [2024-04-04T10:02:48.361+0000] {dag.py:3047} INFO - Sync 1 DAGs
[2024-04-04T10:02:48.387+0000] {logging_mixin.py:188} INFO - [2024-04-04T10:02:48.387+0000] {dag.py:3834} INFO - Setting next_dagrun for example_task_group_decorator to 2024-04-03 00:00:00+00:00, run_after=2024-04-04 00:00:00+00:00
[2024-04-04T10:02:48.414+0000] {processor.py:183} INFO - Processing /home/airflow/.local/lib/python3.8/site-packages/airflow/example_dags/example_task_group_decorator.py took 0.103 seconds
[2024-04-04T10:03:18.618+0000] {processor.py:161} INFO - Started process (PID=2777) to work on /home/airflow/.local/lib/python3.8/site-packages/airflow/example_dags/example_task_group_decorator.py
[2024-04-04T10:03:18.620+0000] {processor.py:830} INFO - Processing file /home/airflow/.local/lib/python3.8/site-packages/airflow/example_dags/example_task_group_decorator.py for tasks to queue
[2024-04-04T10:03:18.622+0000] {logging_mixin.py:188} INFO - [2024-04-04T10:03:18.622+0000] {dagbag.py:540} INFO - Filling up the DagBag from /home/airflow/.local/lib/python3.8/site-packages/airflow/example_dags/example_task_group_decorator.py
[2024-04-04T10:03:18.639+0000] {processor.py:840} INFO - DAG(s) 'example_task_group_decorator' retrieved from /home/airflow/.local/lib/python3.8/site-packages/airflow/example_dags/example_task_group_decorator.py
[2024-04-04T10:03:18.667+0000] {logging_mixin.py:188} INFO - [2024-04-04T10:03:18.667+0000] {dag.py:3047} INFO - Sync 1 DAGs
[2024-04-04T10:03:18.693+0000] {logging_mixin.py:188} INFO - [2024-04-04T10:03:18.693+0000] {dag.py:3834} INFO - Setting next_dagrun for example_task_group_decorator to 2024-04-03 00:00:00+00:00, run_after=2024-04-04 00:00:00+00:00
[2024-04-04T10:03:18.718+0000] {processor.py:183} INFO - Processing /home/airflow/.local/lib/python3.8/site-packages/airflow/example_dags/example_task_group_decorator.py took 0.102 seconds
