[2024-04-04T09:38:55.057+0000] {processor.py:161} INFO - Started process (PID=71) to work on /home/airflow/.local/lib/python3.8/site-packages/airflow/example_dags/example_bash_operator.py
[2024-04-04T09:38:55.059+0000] {processor.py:830} INFO - Processing file /home/airflow/.local/lib/python3.8/site-packages/airflow/example_dags/example_bash_operator.py for tasks to queue
[2024-04-04T09:38:55.061+0000] {logging_mixin.py:188} INFO - [2024-04-04T09:38:55.061+0000] {dagbag.py:540} INFO - Filling up the DagBag from /home/airflow/.local/lib/python3.8/site-packages/airflow/example_dags/example_bash_operator.py
[2024-04-04T09:38:55.077+0000] {processor.py:840} INFO - DAG(s) 'example_bash_operator' retrieved from /home/airflow/.local/lib/python3.8/site-packages/airflow/example_dags/example_bash_operator.py
[2024-04-04T09:38:55.233+0000] {logging_mixin.py:188} INFO - [2024-04-04T09:38:55.233+0000] {dag.py:3047} INFO - Sync 1 DAGs
[2024-04-04T09:38:55.261+0000] {logging_mixin.py:188} INFO - [2024-04-04T09:38:55.260+0000] {dag.py:3834} INFO - Setting next_dagrun for example_bash_operator to 2024-04-03 00:00:00+00:00, run_after=2024-04-04 00:00:00+00:00
[2024-04-04T09:38:55.296+0000] {processor.py:183} INFO - Processing /home/airflow/.local/lib/python3.8/site-packages/airflow/example_dags/example_bash_operator.py took 0.242 seconds
[2024-04-04T09:39:25.509+0000] {processor.py:161} INFO - Started process (PID=127) to work on /home/airflow/.local/lib/python3.8/site-packages/airflow/example_dags/example_bash_operator.py
[2024-04-04T09:39:25.510+0000] {processor.py:830} INFO - Processing file /home/airflow/.local/lib/python3.8/site-packages/airflow/example_dags/example_bash_operator.py for tasks to queue
[2024-04-04T09:39:25.513+0000] {logging_mixin.py:188} INFO - [2024-04-04T09:39:25.512+0000] {dagbag.py:540} INFO - Filling up the DagBag from /home/airflow/.local/lib/python3.8/site-packages/airflow/example_dags/example_bash_operator.py
[2024-04-04T09:39:25.525+0000] {processor.py:840} INFO - DAG(s) 'example_bash_operator' retrieved from /home/airflow/.local/lib/python3.8/site-packages/airflow/example_dags/example_bash_operator.py
[2024-04-04T09:39:25.556+0000] {logging_mixin.py:188} INFO - [2024-04-04T09:39:25.556+0000] {dag.py:3047} INFO - Sync 1 DAGs
[2024-04-04T09:39:25.580+0000] {logging_mixin.py:188} INFO - [2024-04-04T09:39:25.579+0000] {dag.py:3834} INFO - Setting next_dagrun for example_bash_operator to 2024-04-03 00:00:00+00:00, run_after=2024-04-04 00:00:00+00:00
[2024-04-04T09:39:25.605+0000] {processor.py:183} INFO - Processing /home/airflow/.local/lib/python3.8/site-packages/airflow/example_dags/example_bash_operator.py took 0.098 seconds
[2024-04-04T09:39:55.771+0000] {processor.py:161} INFO - Started process (PID=183) to work on /home/airflow/.local/lib/python3.8/site-packages/airflow/example_dags/example_bash_operator.py
[2024-04-04T09:39:55.772+0000] {processor.py:830} INFO - Processing file /home/airflow/.local/lib/python3.8/site-packages/airflow/example_dags/example_bash_operator.py for tasks to queue
[2024-04-04T09:39:55.774+0000] {logging_mixin.py:188} INFO - [2024-04-04T09:39:55.774+0000] {dagbag.py:540} INFO - Filling up the DagBag from /home/airflow/.local/lib/python3.8/site-packages/airflow/example_dags/example_bash_operator.py
[2024-04-04T09:39:55.785+0000] {processor.py:840} INFO - DAG(s) 'example_bash_operator' retrieved from /home/airflow/.local/lib/python3.8/site-packages/airflow/example_dags/example_bash_operator.py
[2024-04-04T09:39:55.818+0000] {logging_mixin.py:188} INFO - [2024-04-04T09:39:55.818+0000] {dag.py:3047} INFO - Sync 1 DAGs
[2024-04-04T09:39:55.845+0000] {logging_mixin.py:188} INFO - [2024-04-04T09:39:55.845+0000] {dag.py:3834} INFO - Setting next_dagrun for example_bash_operator to 2024-04-03 00:00:00+00:00, run_after=2024-04-04 00:00:00+00:00
[2024-04-04T09:39:55.874+0000] {processor.py:183} INFO - Processing /home/airflow/.local/lib/python3.8/site-packages/airflow/example_dags/example_bash_operator.py took 0.106 seconds
[2024-04-04T09:40:26.396+0000] {processor.py:161} INFO - Started process (PID=239) to work on /home/airflow/.local/lib/python3.8/site-packages/airflow/example_dags/example_bash_operator.py
[2024-04-04T09:40:26.397+0000] {processor.py:830} INFO - Processing file /home/airflow/.local/lib/python3.8/site-packages/airflow/example_dags/example_bash_operator.py for tasks to queue
[2024-04-04T09:40:26.400+0000] {logging_mixin.py:188} INFO - [2024-04-04T09:40:26.399+0000] {dagbag.py:540} INFO - Filling up the DagBag from /home/airflow/.local/lib/python3.8/site-packages/airflow/example_dags/example_bash_operator.py
[2024-04-04T09:40:26.412+0000] {processor.py:840} INFO - DAG(s) 'example_bash_operator' retrieved from /home/airflow/.local/lib/python3.8/site-packages/airflow/example_dags/example_bash_operator.py
[2024-04-04T09:40:26.448+0000] {logging_mixin.py:188} INFO - [2024-04-04T09:40:26.447+0000] {dag.py:3047} INFO - Sync 1 DAGs
[2024-04-04T09:40:26.474+0000] {logging_mixin.py:188} INFO - [2024-04-04T09:40:26.474+0000] {dag.py:3834} INFO - Setting next_dagrun for example_bash_operator to 2024-04-03 00:00:00+00:00, run_after=2024-04-04 00:00:00+00:00
[2024-04-04T09:40:26.500+0000] {processor.py:183} INFO - Processing /home/airflow/.local/lib/python3.8/site-packages/airflow/example_dags/example_bash_operator.py took 0.107 seconds
[2024-04-04T09:40:56.622+0000] {processor.py:161} INFO - Started process (PID=295) to work on /home/airflow/.local/lib/python3.8/site-packages/airflow/example_dags/example_bash_operator.py
[2024-04-04T09:40:56.623+0000] {processor.py:830} INFO - Processing file /home/airflow/.local/lib/python3.8/site-packages/airflow/example_dags/example_bash_operator.py for tasks to queue
[2024-04-04T09:40:56.625+0000] {logging_mixin.py:188} INFO - [2024-04-04T09:40:56.625+0000] {dagbag.py:540} INFO - Filling up the DagBag from /home/airflow/.local/lib/python3.8/site-packages/airflow/example_dags/example_bash_operator.py
[2024-04-04T09:40:56.639+0000] {processor.py:840} INFO - DAG(s) 'example_bash_operator' retrieved from /home/airflow/.local/lib/python3.8/site-packages/airflow/example_dags/example_bash_operator.py
[2024-04-04T09:40:56.674+0000] {logging_mixin.py:188} INFO - [2024-04-04T09:40:56.673+0000] {dag.py:3047} INFO - Sync 1 DAGs
[2024-04-04T09:40:56.697+0000] {logging_mixin.py:188} INFO - [2024-04-04T09:40:56.697+0000] {dag.py:3834} INFO - Setting next_dagrun for example_bash_operator to 2024-04-03 00:00:00+00:00, run_after=2024-04-04 00:00:00+00:00
[2024-04-04T09:40:56.721+0000] {processor.py:183} INFO - Processing /home/airflow/.local/lib/python3.8/site-packages/airflow/example_dags/example_bash_operator.py took 0.101 seconds
[2024-04-04T09:41:27.219+0000] {processor.py:161} INFO - Started process (PID=351) to work on /home/airflow/.local/lib/python3.8/site-packages/airflow/example_dags/example_bash_operator.py
[2024-04-04T09:41:27.220+0000] {processor.py:830} INFO - Processing file /home/airflow/.local/lib/python3.8/site-packages/airflow/example_dags/example_bash_operator.py for tasks to queue
[2024-04-04T09:41:27.222+0000] {logging_mixin.py:188} INFO - [2024-04-04T09:41:27.222+0000] {dagbag.py:540} INFO - Filling up the DagBag from /home/airflow/.local/lib/python3.8/site-packages/airflow/example_dags/example_bash_operator.py
[2024-04-04T09:41:27.235+0000] {processor.py:840} INFO - DAG(s) 'example_bash_operator' retrieved from /home/airflow/.local/lib/python3.8/site-packages/airflow/example_dags/example_bash_operator.py
[2024-04-04T09:41:27.274+0000] {logging_mixin.py:188} INFO - [2024-04-04T09:41:27.274+0000] {dag.py:3047} INFO - Sync 1 DAGs
[2024-04-04T09:41:27.300+0000] {logging_mixin.py:188} INFO - [2024-04-04T09:41:27.299+0000] {dag.py:3834} INFO - Setting next_dagrun for example_bash_operator to 2024-04-03 00:00:00+00:00, run_after=2024-04-04 00:00:00+00:00
[2024-04-04T09:41:27.327+0000] {processor.py:183} INFO - Processing /home/airflow/.local/lib/python3.8/site-packages/airflow/example_dags/example_bash_operator.py took 0.113 seconds
[2024-04-04T09:41:57.570+0000] {processor.py:161} INFO - Started process (PID=407) to work on /home/airflow/.local/lib/python3.8/site-packages/airflow/example_dags/example_bash_operator.py
[2024-04-04T09:41:57.571+0000] {processor.py:830} INFO - Processing file /home/airflow/.local/lib/python3.8/site-packages/airflow/example_dags/example_bash_operator.py for tasks to queue
[2024-04-04T09:41:57.573+0000] {logging_mixin.py:188} INFO - [2024-04-04T09:41:57.573+0000] {dagbag.py:540} INFO - Filling up the DagBag from /home/airflow/.local/lib/python3.8/site-packages/airflow/example_dags/example_bash_operator.py
[2024-04-04T09:41:57.585+0000] {processor.py:840} INFO - DAG(s) 'example_bash_operator' retrieved from /home/airflow/.local/lib/python3.8/site-packages/airflow/example_dags/example_bash_operator.py
[2024-04-04T09:41:57.619+0000] {logging_mixin.py:188} INFO - [2024-04-04T09:41:57.619+0000] {dag.py:3047} INFO - Sync 1 DAGs
[2024-04-04T09:41:57.649+0000] {logging_mixin.py:188} INFO - [2024-04-04T09:41:57.648+0000] {dag.py:3834} INFO - Setting next_dagrun for example_bash_operator to 2024-04-03 00:00:00+00:00, run_after=2024-04-04 00:00:00+00:00
[2024-04-04T09:41:57.682+0000] {processor.py:183} INFO - Processing /home/airflow/.local/lib/python3.8/site-packages/airflow/example_dags/example_bash_operator.py took 0.115 seconds
[2024-04-04T09:42:27.712+0000] {processor.py:161} INFO - Started process (PID=469) to work on /home/airflow/.local/lib/python3.8/site-packages/airflow/example_dags/example_bash_operator.py
[2024-04-04T09:42:27.714+0000] {processor.py:830} INFO - Processing file /home/airflow/.local/lib/python3.8/site-packages/airflow/example_dags/example_bash_operator.py for tasks to queue
[2024-04-04T09:42:27.716+0000] {logging_mixin.py:188} INFO - [2024-04-04T09:42:27.715+0000] {dagbag.py:540} INFO - Filling up the DagBag from /home/airflow/.local/lib/python3.8/site-packages/airflow/example_dags/example_bash_operator.py
[2024-04-04T09:42:27.726+0000] {processor.py:840} INFO - DAG(s) 'example_bash_operator' retrieved from /home/airflow/.local/lib/python3.8/site-packages/airflow/example_dags/example_bash_operator.py
[2024-04-04T09:42:27.759+0000] {logging_mixin.py:188} INFO - [2024-04-04T09:42:27.759+0000] {dag.py:3047} INFO - Sync 1 DAGs
[2024-04-04T09:42:27.785+0000] {logging_mixin.py:188} INFO - [2024-04-04T09:42:27.784+0000] {dag.py:3834} INFO - Setting next_dagrun for example_bash_operator to 2024-04-03 00:00:00+00:00, run_after=2024-04-04 00:00:00+00:00
[2024-04-04T09:42:27.811+0000] {processor.py:183} INFO - Processing /home/airflow/.local/lib/python3.8/site-packages/airflow/example_dags/example_bash_operator.py took 0.101 seconds
[2024-04-04T09:42:58.812+0000] {processor.py:161} INFO - Started process (PID=531) to work on /home/airflow/.local/lib/python3.8/site-packages/airflow/example_dags/example_bash_operator.py
[2024-04-04T09:42:58.814+0000] {processor.py:830} INFO - Processing file /home/airflow/.local/lib/python3.8/site-packages/airflow/example_dags/example_bash_operator.py for tasks to queue
[2024-04-04T09:42:58.817+0000] {logging_mixin.py:188} INFO - [2024-04-04T09:42:58.816+0000] {dagbag.py:540} INFO - Filling up the DagBag from /home/airflow/.local/lib/python3.8/site-packages/airflow/example_dags/example_bash_operator.py
[2024-04-04T09:42:58.835+0000] {processor.py:840} INFO - DAG(s) 'example_bash_operator' retrieved from /home/airflow/.local/lib/python3.8/site-packages/airflow/example_dags/example_bash_operator.py
[2024-04-04T09:42:58.879+0000] {logging_mixin.py:188} INFO - [2024-04-04T09:42:58.878+0000] {dag.py:3047} INFO - Sync 1 DAGs
[2024-04-04T09:42:58.926+0000] {logging_mixin.py:188} INFO - [2024-04-04T09:42:58.925+0000] {dag.py:3834} INFO - Setting next_dagrun for example_bash_operator to 2024-04-03 00:00:00+00:00, run_after=2024-04-04 00:00:00+00:00
[2024-04-04T09:42:58.979+0000] {processor.py:183} INFO - Processing /home/airflow/.local/lib/python3.8/site-packages/airflow/example_dags/example_bash_operator.py took 0.171 seconds
[2024-04-04T09:43:29.482+0000] {processor.py:161} INFO - Started process (PID=587) to work on /home/airflow/.local/lib/python3.8/site-packages/airflow/example_dags/example_bash_operator.py
[2024-04-04T09:43:29.484+0000] {processor.py:830} INFO - Processing file /home/airflow/.local/lib/python3.8/site-packages/airflow/example_dags/example_bash_operator.py for tasks to queue
[2024-04-04T09:43:29.488+0000] {logging_mixin.py:188} INFO - [2024-04-04T09:43:29.487+0000] {dagbag.py:540} INFO - Filling up the DagBag from /home/airflow/.local/lib/python3.8/site-packages/airflow/example_dags/example_bash_operator.py
[2024-04-04T09:43:29.507+0000] {processor.py:840} INFO - DAG(s) 'example_bash_operator' retrieved from /home/airflow/.local/lib/python3.8/site-packages/airflow/example_dags/example_bash_operator.py
[2024-04-04T09:43:29.554+0000] {logging_mixin.py:188} INFO - [2024-04-04T09:43:29.554+0000] {dag.py:3047} INFO - Sync 1 DAGs
[2024-04-04T09:43:29.586+0000] {logging_mixin.py:188} INFO - [2024-04-04T09:43:29.586+0000] {dag.py:3834} INFO - Setting next_dagrun for example_bash_operator to 2024-04-03 00:00:00+00:00, run_after=2024-04-04 00:00:00+00:00
[2024-04-04T09:43:29.619+0000] {processor.py:183} INFO - Processing /home/airflow/.local/lib/python3.8/site-packages/airflow/example_dags/example_bash_operator.py took 0.141 seconds
[2024-04-04T09:43:59.778+0000] {processor.py:161} INFO - Started process (PID=643) to work on /home/airflow/.local/lib/python3.8/site-packages/airflow/example_dags/example_bash_operator.py
[2024-04-04T09:43:59.780+0000] {processor.py:830} INFO - Processing file /home/airflow/.local/lib/python3.8/site-packages/airflow/example_dags/example_bash_operator.py for tasks to queue
[2024-04-04T09:43:59.785+0000] {logging_mixin.py:188} INFO - [2024-04-04T09:43:59.784+0000] {dagbag.py:540} INFO - Filling up the DagBag from /home/airflow/.local/lib/python3.8/site-packages/airflow/example_dags/example_bash_operator.py
[2024-04-04T09:43:59.808+0000] {processor.py:840} INFO - DAG(s) 'example_bash_operator' retrieved from /home/airflow/.local/lib/python3.8/site-packages/airflow/example_dags/example_bash_operator.py
[2024-04-04T09:43:59.882+0000] {logging_mixin.py:188} INFO - [2024-04-04T09:43:59.881+0000] {dag.py:3047} INFO - Sync 1 DAGs
[2024-04-04T09:43:59.921+0000] {logging_mixin.py:188} INFO - [2024-04-04T09:43:59.921+0000] {dag.py:3834} INFO - Setting next_dagrun for example_bash_operator to 2024-04-03 00:00:00+00:00, run_after=2024-04-04 00:00:00+00:00
[2024-04-04T09:43:59.973+0000] {processor.py:183} INFO - Processing /home/airflow/.local/lib/python3.8/site-packages/airflow/example_dags/example_bash_operator.py took 0.200 seconds
[2024-04-04T09:44:30.299+0000] {processor.py:161} INFO - Started process (PID=700) to work on /home/airflow/.local/lib/python3.8/site-packages/airflow/example_dags/example_bash_operator.py
[2024-04-04T09:44:30.300+0000] {processor.py:830} INFO - Processing file /home/airflow/.local/lib/python3.8/site-packages/airflow/example_dags/example_bash_operator.py for tasks to queue
[2024-04-04T09:44:30.303+0000] {logging_mixin.py:188} INFO - [2024-04-04T09:44:30.302+0000] {dagbag.py:540} INFO - Filling up the DagBag from /home/airflow/.local/lib/python3.8/site-packages/airflow/example_dags/example_bash_operator.py
[2024-04-04T09:44:30.317+0000] {processor.py:840} INFO - DAG(s) 'example_bash_operator' retrieved from /home/airflow/.local/lib/python3.8/site-packages/airflow/example_dags/example_bash_operator.py
[2024-04-04T09:44:30.359+0000] {logging_mixin.py:188} INFO - [2024-04-04T09:44:30.359+0000] {dag.py:3047} INFO - Sync 1 DAGs
[2024-04-04T09:44:30.394+0000] {logging_mixin.py:188} INFO - [2024-04-04T09:44:30.394+0000] {dag.py:3834} INFO - Setting next_dagrun for example_bash_operator to 2024-04-03 00:00:00+00:00, run_after=2024-04-04 00:00:00+00:00
[2024-04-04T09:44:30.421+0000] {processor.py:183} INFO - Processing /home/airflow/.local/lib/python3.8/site-packages/airflow/example_dags/example_bash_operator.py took 0.125 seconds
[2024-04-04T09:45:00.566+0000] {processor.py:161} INFO - Started process (PID=756) to work on /home/airflow/.local/lib/python3.8/site-packages/airflow/example_dags/example_bash_operator.py
[2024-04-04T09:45:00.567+0000] {processor.py:830} INFO - Processing file /home/airflow/.local/lib/python3.8/site-packages/airflow/example_dags/example_bash_operator.py for tasks to queue
[2024-04-04T09:45:00.570+0000] {logging_mixin.py:188} INFO - [2024-04-04T09:45:00.570+0000] {dagbag.py:540} INFO - Filling up the DagBag from /home/airflow/.local/lib/python3.8/site-packages/airflow/example_dags/example_bash_operator.py
[2024-04-04T09:45:00.582+0000] {processor.py:840} INFO - DAG(s) 'example_bash_operator' retrieved from /home/airflow/.local/lib/python3.8/site-packages/airflow/example_dags/example_bash_operator.py
[2024-04-04T09:45:00.616+0000] {logging_mixin.py:188} INFO - [2024-04-04T09:45:00.616+0000] {dag.py:3047} INFO - Sync 1 DAGs
[2024-04-04T09:45:00.646+0000] {logging_mixin.py:188} INFO - [2024-04-04T09:45:00.646+0000] {dag.py:3834} INFO - Setting next_dagrun for example_bash_operator to 2024-04-03 00:00:00+00:00, run_after=2024-04-04 00:00:00+00:00
[2024-04-04T09:45:00.675+0000] {processor.py:183} INFO - Processing /home/airflow/.local/lib/python3.8/site-packages/airflow/example_dags/example_bash_operator.py took 0.112 seconds
[2024-04-04T09:45:31.518+0000] {processor.py:161} INFO - Started process (PID=811) to work on /home/airflow/.local/lib/python3.8/site-packages/airflow/example_dags/example_bash_operator.py
[2024-04-04T09:45:31.520+0000] {processor.py:830} INFO - Processing file /home/airflow/.local/lib/python3.8/site-packages/airflow/example_dags/example_bash_operator.py for tasks to queue
[2024-04-04T09:45:31.522+0000] {logging_mixin.py:188} INFO - [2024-04-04T09:45:31.522+0000] {dagbag.py:540} INFO - Filling up the DagBag from /home/airflow/.local/lib/python3.8/site-packages/airflow/example_dags/example_bash_operator.py
[2024-04-04T09:45:31.534+0000] {processor.py:840} INFO - DAG(s) 'example_bash_operator' retrieved from /home/airflow/.local/lib/python3.8/site-packages/airflow/example_dags/example_bash_operator.py
[2024-04-04T09:45:31.569+0000] {logging_mixin.py:188} INFO - [2024-04-04T09:45:31.568+0000] {dag.py:3047} INFO - Sync 1 DAGs
[2024-04-04T09:45:31.595+0000] {logging_mixin.py:188} INFO - [2024-04-04T09:45:31.595+0000] {dag.py:3834} INFO - Setting next_dagrun for example_bash_operator to 2024-04-03 00:00:00+00:00, run_after=2024-04-04 00:00:00+00:00
[2024-04-04T09:45:31.624+0000] {processor.py:183} INFO - Processing /home/airflow/.local/lib/python3.8/site-packages/airflow/example_dags/example_bash_operator.py took 0.109 seconds
[2024-04-04T09:46:02.166+0000] {processor.py:161} INFO - Started process (PID=867) to work on /home/airflow/.local/lib/python3.8/site-packages/airflow/example_dags/example_bash_operator.py
[2024-04-04T09:46:02.167+0000] {processor.py:830} INFO - Processing file /home/airflow/.local/lib/python3.8/site-packages/airflow/example_dags/example_bash_operator.py for tasks to queue
[2024-04-04T09:46:02.170+0000] {logging_mixin.py:188} INFO - [2024-04-04T09:46:02.169+0000] {dagbag.py:540} INFO - Filling up the DagBag from /home/airflow/.local/lib/python3.8/site-packages/airflow/example_dags/example_bash_operator.py
[2024-04-04T09:46:02.185+0000] {processor.py:840} INFO - DAG(s) 'example_bash_operator' retrieved from /home/airflow/.local/lib/python3.8/site-packages/airflow/example_dags/example_bash_operator.py
[2024-04-04T09:46:02.233+0000] {logging_mixin.py:188} INFO - [2024-04-04T09:46:02.232+0000] {dag.py:3047} INFO - Sync 1 DAGs
[2024-04-04T09:46:02.267+0000] {logging_mixin.py:188} INFO - [2024-04-04T09:46:02.266+0000] {dag.py:3834} INFO - Setting next_dagrun for example_bash_operator to 2024-04-03 00:00:00+00:00, run_after=2024-04-04 00:00:00+00:00
[2024-04-04T09:46:02.297+0000] {processor.py:183} INFO - Processing /home/airflow/.local/lib/python3.8/site-packages/airflow/example_dags/example_bash_operator.py took 0.134 seconds
[2024-04-04T09:46:32.419+0000] {processor.py:161} INFO - Started process (PID=923) to work on /home/airflow/.local/lib/python3.8/site-packages/airflow/example_dags/example_bash_operator.py
[2024-04-04T09:46:32.420+0000] {processor.py:830} INFO - Processing file /home/airflow/.local/lib/python3.8/site-packages/airflow/example_dags/example_bash_operator.py for tasks to queue
[2024-04-04T09:46:32.422+0000] {logging_mixin.py:188} INFO - [2024-04-04T09:46:32.422+0000] {dagbag.py:540} INFO - Filling up the DagBag from /home/airflow/.local/lib/python3.8/site-packages/airflow/example_dags/example_bash_operator.py
[2024-04-04T09:46:32.433+0000] {processor.py:840} INFO - DAG(s) 'example_bash_operator' retrieved from /home/airflow/.local/lib/python3.8/site-packages/airflow/example_dags/example_bash_operator.py
[2024-04-04T09:46:32.465+0000] {logging_mixin.py:188} INFO - [2024-04-04T09:46:32.464+0000] {dag.py:3047} INFO - Sync 1 DAGs
[2024-04-04T09:46:32.493+0000] {logging_mixin.py:188} INFO - [2024-04-04T09:46:32.492+0000] {dag.py:3834} INFO - Setting next_dagrun for example_bash_operator to 2024-04-03 00:00:00+00:00, run_after=2024-04-04 00:00:00+00:00
[2024-04-04T09:46:32.521+0000] {processor.py:183} INFO - Processing /home/airflow/.local/lib/python3.8/site-packages/airflow/example_dags/example_bash_operator.py took 0.105 seconds
[2024-04-04T09:47:03.006+0000] {processor.py:161} INFO - Started process (PID=979) to work on /home/airflow/.local/lib/python3.8/site-packages/airflow/example_dags/example_bash_operator.py
[2024-04-04T09:47:03.008+0000] {processor.py:830} INFO - Processing file /home/airflow/.local/lib/python3.8/site-packages/airflow/example_dags/example_bash_operator.py for tasks to queue
[2024-04-04T09:47:03.010+0000] {logging_mixin.py:188} INFO - [2024-04-04T09:47:03.009+0000] {dagbag.py:540} INFO - Filling up the DagBag from /home/airflow/.local/lib/python3.8/site-packages/airflow/example_dags/example_bash_operator.py
[2024-04-04T09:47:03.022+0000] {processor.py:840} INFO - DAG(s) 'example_bash_operator' retrieved from /home/airflow/.local/lib/python3.8/site-packages/airflow/example_dags/example_bash_operator.py
[2024-04-04T09:47:03.058+0000] {logging_mixin.py:188} INFO - [2024-04-04T09:47:03.058+0000] {dag.py:3047} INFO - Sync 1 DAGs
[2024-04-04T09:47:03.092+0000] {logging_mixin.py:188} INFO - [2024-04-04T09:47:03.092+0000] {dag.py:3834} INFO - Setting next_dagrun for example_bash_operator to 2024-04-03 00:00:00+00:00, run_after=2024-04-04 00:00:00+00:00
[2024-04-04T09:47:03.121+0000] {processor.py:183} INFO - Processing /home/airflow/.local/lib/python3.8/site-packages/airflow/example_dags/example_bash_operator.py took 0.118 seconds
[2024-04-04T09:47:33.423+0000] {processor.py:161} INFO - Started process (PID=1035) to work on /home/airflow/.local/lib/python3.8/site-packages/airflow/example_dags/example_bash_operator.py
[2024-04-04T09:47:33.424+0000] {processor.py:830} INFO - Processing file /home/airflow/.local/lib/python3.8/site-packages/airflow/example_dags/example_bash_operator.py for tasks to queue
[2024-04-04T09:47:33.427+0000] {logging_mixin.py:188} INFO - [2024-04-04T09:47:33.426+0000] {dagbag.py:540} INFO - Filling up the DagBag from /home/airflow/.local/lib/python3.8/site-packages/airflow/example_dags/example_bash_operator.py
[2024-04-04T09:47:33.438+0000] {processor.py:840} INFO - DAG(s) 'example_bash_operator' retrieved from /home/airflow/.local/lib/python3.8/site-packages/airflow/example_dags/example_bash_operator.py
[2024-04-04T09:47:33.476+0000] {logging_mixin.py:188} INFO - [2024-04-04T09:47:33.475+0000] {dag.py:3047} INFO - Sync 1 DAGs
[2024-04-04T09:47:33.509+0000] {logging_mixin.py:188} INFO - [2024-04-04T09:47:33.508+0000] {dag.py:3834} INFO - Setting next_dagrun for example_bash_operator to 2024-04-03 00:00:00+00:00, run_after=2024-04-04 00:00:00+00:00
[2024-04-04T09:47:33.542+0000] {processor.py:183} INFO - Processing /home/airflow/.local/lib/python3.8/site-packages/airflow/example_dags/example_bash_operator.py took 0.122 seconds
[2024-04-04T09:48:03.644+0000] {processor.py:161} INFO - Started process (PID=1091) to work on /home/airflow/.local/lib/python3.8/site-packages/airflow/example_dags/example_bash_operator.py
[2024-04-04T09:48:03.645+0000] {processor.py:830} INFO - Processing file /home/airflow/.local/lib/python3.8/site-packages/airflow/example_dags/example_bash_operator.py for tasks to queue
[2024-04-04T09:48:03.648+0000] {logging_mixin.py:188} INFO - [2024-04-04T09:48:03.647+0000] {dagbag.py:540} INFO - Filling up the DagBag from /home/airflow/.local/lib/python3.8/site-packages/airflow/example_dags/example_bash_operator.py
[2024-04-04T09:48:03.661+0000] {processor.py:840} INFO - DAG(s) 'example_bash_operator' retrieved from /home/airflow/.local/lib/python3.8/site-packages/airflow/example_dags/example_bash_operator.py
[2024-04-04T09:48:03.693+0000] {logging_mixin.py:188} INFO - [2024-04-04T09:48:03.693+0000] {dag.py:3047} INFO - Sync 1 DAGs
[2024-04-04T09:48:03.728+0000] {logging_mixin.py:188} INFO - [2024-04-04T09:48:03.727+0000] {dag.py:3834} INFO - Setting next_dagrun for example_bash_operator to 2024-04-03 00:00:00+00:00, run_after=2024-04-04 00:00:00+00:00
[2024-04-04T09:48:03.756+0000] {processor.py:183} INFO - Processing /home/airflow/.local/lib/python3.8/site-packages/airflow/example_dags/example_bash_operator.py took 0.115 seconds
[2024-04-04T09:48:33.816+0000] {processor.py:161} INFO - Started process (PID=1147) to work on /home/airflow/.local/lib/python3.8/site-packages/airflow/example_dags/example_bash_operator.py
[2024-04-04T09:48:33.818+0000] {processor.py:830} INFO - Processing file /home/airflow/.local/lib/python3.8/site-packages/airflow/example_dags/example_bash_operator.py for tasks to queue
[2024-04-04T09:48:33.820+0000] {logging_mixin.py:188} INFO - [2024-04-04T09:48:33.820+0000] {dagbag.py:540} INFO - Filling up the DagBag from /home/airflow/.local/lib/python3.8/site-packages/airflow/example_dags/example_bash_operator.py
[2024-04-04T09:48:33.834+0000] {processor.py:840} INFO - DAG(s) 'example_bash_operator' retrieved from /home/airflow/.local/lib/python3.8/site-packages/airflow/example_dags/example_bash_operator.py
[2024-04-04T09:48:33.884+0000] {logging_mixin.py:188} INFO - [2024-04-04T09:48:33.882+0000] {dag.py:3047} INFO - Sync 1 DAGs
[2024-04-04T09:48:33.922+0000] {logging_mixin.py:188} INFO - [2024-04-04T09:48:33.921+0000] {dag.py:3834} INFO - Setting next_dagrun for example_bash_operator to 2024-04-03 00:00:00+00:00, run_after=2024-04-04 00:00:00+00:00
[2024-04-04T09:48:33.951+0000] {processor.py:183} INFO - Processing /home/airflow/.local/lib/python3.8/site-packages/airflow/example_dags/example_bash_operator.py took 0.138 seconds
[2024-04-04T09:49:04.166+0000] {processor.py:161} INFO - Started process (PID=1203) to work on /home/airflow/.local/lib/python3.8/site-packages/airflow/example_dags/example_bash_operator.py
[2024-04-04T09:49:04.167+0000] {processor.py:830} INFO - Processing file /home/airflow/.local/lib/python3.8/site-packages/airflow/example_dags/example_bash_operator.py for tasks to queue
[2024-04-04T09:49:04.170+0000] {logging_mixin.py:188} INFO - [2024-04-04T09:49:04.170+0000] {dagbag.py:540} INFO - Filling up the DagBag from /home/airflow/.local/lib/python3.8/site-packages/airflow/example_dags/example_bash_operator.py
[2024-04-04T09:49:04.181+0000] {processor.py:840} INFO - DAG(s) 'example_bash_operator' retrieved from /home/airflow/.local/lib/python3.8/site-packages/airflow/example_dags/example_bash_operator.py
[2024-04-04T09:49:04.213+0000] {logging_mixin.py:188} INFO - [2024-04-04T09:49:04.213+0000] {dag.py:3047} INFO - Sync 1 DAGs
[2024-04-04T09:49:04.246+0000] {logging_mixin.py:188} INFO - [2024-04-04T09:49:04.246+0000] {dag.py:3834} INFO - Setting next_dagrun for example_bash_operator to 2024-04-03 00:00:00+00:00, run_after=2024-04-04 00:00:00+00:00
[2024-04-04T09:49:04.280+0000] {processor.py:183} INFO - Processing /home/airflow/.local/lib/python3.8/site-packages/airflow/example_dags/example_bash_operator.py took 0.116 seconds
[2024-04-04T09:49:35.607+0000] {processor.py:161} INFO - Started process (PID=1263) to work on /home/airflow/.local/lib/python3.8/site-packages/airflow/example_dags/example_bash_operator.py
[2024-04-04T09:49:35.609+0000] {processor.py:830} INFO - Processing file /home/airflow/.local/lib/python3.8/site-packages/airflow/example_dags/example_bash_operator.py for tasks to queue
[2024-04-04T09:49:35.612+0000] {logging_mixin.py:188} INFO - [2024-04-04T09:49:35.611+0000] {dagbag.py:540} INFO - Filling up the DagBag from /home/airflow/.local/lib/python3.8/site-packages/airflow/example_dags/example_bash_operator.py
[2024-04-04T09:49:35.640+0000] {processor.py:840} INFO - DAG(s) 'example_bash_operator' retrieved from /home/airflow/.local/lib/python3.8/site-packages/airflow/example_dags/example_bash_operator.py
[2024-04-04T09:49:35.702+0000] {logging_mixin.py:188} INFO - [2024-04-04T09:49:35.702+0000] {dag.py:3047} INFO - Sync 1 DAGs
[2024-04-04T09:49:35.736+0000] {logging_mixin.py:188} INFO - [2024-04-04T09:49:35.735+0000] {dag.py:3834} INFO - Setting next_dagrun for example_bash_operator to 2024-04-03 00:00:00+00:00, run_after=2024-04-04 00:00:00+00:00
[2024-04-04T09:49:35.769+0000] {processor.py:183} INFO - Processing /home/airflow/.local/lib/python3.8/site-packages/airflow/example_dags/example_bash_operator.py took 0.167 seconds
[2024-04-04T09:50:06.053+0000] {processor.py:161} INFO - Started process (PID=1319) to work on /home/airflow/.local/lib/python3.8/site-packages/airflow/example_dags/example_bash_operator.py
[2024-04-04T09:50:06.055+0000] {processor.py:830} INFO - Processing file /home/airflow/.local/lib/python3.8/site-packages/airflow/example_dags/example_bash_operator.py for tasks to queue
[2024-04-04T09:50:06.058+0000] {logging_mixin.py:188} INFO - [2024-04-04T09:50:06.057+0000] {dagbag.py:540} INFO - Filling up the DagBag from /home/airflow/.local/lib/python3.8/site-packages/airflow/example_dags/example_bash_operator.py
[2024-04-04T09:50:06.072+0000] {processor.py:840} INFO - DAG(s) 'example_bash_operator' retrieved from /home/airflow/.local/lib/python3.8/site-packages/airflow/example_dags/example_bash_operator.py
[2024-04-04T09:50:06.112+0000] {logging_mixin.py:188} INFO - [2024-04-04T09:50:06.112+0000] {dag.py:3047} INFO - Sync 1 DAGs
[2024-04-04T09:50:06.140+0000] {logging_mixin.py:188} INFO - [2024-04-04T09:50:06.140+0000] {dag.py:3834} INFO - Setting next_dagrun for example_bash_operator to 2024-04-03 00:00:00+00:00, run_after=2024-04-04 00:00:00+00:00
[2024-04-04T09:50:06.165+0000] {processor.py:183} INFO - Processing /home/airflow/.local/lib/python3.8/site-packages/airflow/example_dags/example_bash_operator.py took 0.116 seconds
[2024-04-04T09:50:36.306+0000] {processor.py:161} INFO - Started process (PID=1375) to work on /home/airflow/.local/lib/python3.8/site-packages/airflow/example_dags/example_bash_operator.py
[2024-04-04T09:50:36.307+0000] {processor.py:830} INFO - Processing file /home/airflow/.local/lib/python3.8/site-packages/airflow/example_dags/example_bash_operator.py for tasks to queue
[2024-04-04T09:50:36.309+0000] {logging_mixin.py:188} INFO - [2024-04-04T09:50:36.309+0000] {dagbag.py:540} INFO - Filling up the DagBag from /home/airflow/.local/lib/python3.8/site-packages/airflow/example_dags/example_bash_operator.py
[2024-04-04T09:50:36.321+0000] {processor.py:840} INFO - DAG(s) 'example_bash_operator' retrieved from /home/airflow/.local/lib/python3.8/site-packages/airflow/example_dags/example_bash_operator.py
[2024-04-04T09:50:36.352+0000] {logging_mixin.py:188} INFO - [2024-04-04T09:50:36.352+0000] {dag.py:3047} INFO - Sync 1 DAGs
[2024-04-04T09:50:36.376+0000] {logging_mixin.py:188} INFO - [2024-04-04T09:50:36.376+0000] {dag.py:3834} INFO - Setting next_dagrun for example_bash_operator to 2024-04-03 00:00:00+00:00, run_after=2024-04-04 00:00:00+00:00
[2024-04-04T09:50:36.404+0000] {processor.py:183} INFO - Processing /home/airflow/.local/lib/python3.8/site-packages/airflow/example_dags/example_bash_operator.py took 0.101 seconds
[2024-04-04T09:51:06.740+0000] {processor.py:161} INFO - Started process (PID=1431) to work on /home/airflow/.local/lib/python3.8/site-packages/airflow/example_dags/example_bash_operator.py
[2024-04-04T09:51:06.741+0000] {processor.py:830} INFO - Processing file /home/airflow/.local/lib/python3.8/site-packages/airflow/example_dags/example_bash_operator.py for tasks to queue
[2024-04-04T09:51:06.744+0000] {logging_mixin.py:188} INFO - [2024-04-04T09:51:06.743+0000] {dagbag.py:540} INFO - Filling up the DagBag from /home/airflow/.local/lib/python3.8/site-packages/airflow/example_dags/example_bash_operator.py
[2024-04-04T09:51:06.756+0000] {processor.py:840} INFO - DAG(s) 'example_bash_operator' retrieved from /home/airflow/.local/lib/python3.8/site-packages/airflow/example_dags/example_bash_operator.py
[2024-04-04T09:51:06.789+0000] {logging_mixin.py:188} INFO - [2024-04-04T09:51:06.788+0000] {dag.py:3047} INFO - Sync 1 DAGs
[2024-04-04T09:51:06.819+0000] {logging_mixin.py:188} INFO - [2024-04-04T09:51:06.819+0000] {dag.py:3834} INFO - Setting next_dagrun for example_bash_operator to 2024-04-03 00:00:00+00:00, run_after=2024-04-04 00:00:00+00:00
[2024-04-04T09:51:06.847+0000] {processor.py:183} INFO - Processing /home/airflow/.local/lib/python3.8/site-packages/airflow/example_dags/example_bash_operator.py took 0.111 seconds
[2024-04-04T09:51:37.283+0000] {processor.py:161} INFO - Started process (PID=1487) to work on /home/airflow/.local/lib/python3.8/site-packages/airflow/example_dags/example_bash_operator.py
[2024-04-04T09:51:37.285+0000] {processor.py:830} INFO - Processing file /home/airflow/.local/lib/python3.8/site-packages/airflow/example_dags/example_bash_operator.py for tasks to queue
[2024-04-04T09:51:37.288+0000] {logging_mixin.py:188} INFO - [2024-04-04T09:51:37.287+0000] {dagbag.py:540} INFO - Filling up the DagBag from /home/airflow/.local/lib/python3.8/site-packages/airflow/example_dags/example_bash_operator.py
[2024-04-04T09:51:37.301+0000] {processor.py:840} INFO - DAG(s) 'example_bash_operator' retrieved from /home/airflow/.local/lib/python3.8/site-packages/airflow/example_dags/example_bash_operator.py
[2024-04-04T09:51:37.336+0000] {logging_mixin.py:188} INFO - [2024-04-04T09:51:37.336+0000] {dag.py:3047} INFO - Sync 1 DAGs
[2024-04-04T09:51:37.365+0000] {logging_mixin.py:188} INFO - [2024-04-04T09:51:37.365+0000] {dag.py:3834} INFO - Setting next_dagrun for example_bash_operator to 2024-04-03 00:00:00+00:00, run_after=2024-04-04 00:00:00+00:00
[2024-04-04T09:51:37.396+0000] {processor.py:183} INFO - Processing /home/airflow/.local/lib/python3.8/site-packages/airflow/example_dags/example_bash_operator.py took 0.116 seconds
[2024-04-04T09:52:08.355+0000] {processor.py:161} INFO - Started process (PID=1543) to work on /home/airflow/.local/lib/python3.8/site-packages/airflow/example_dags/example_bash_operator.py
[2024-04-04T09:52:08.356+0000] {processor.py:830} INFO - Processing file /home/airflow/.local/lib/python3.8/site-packages/airflow/example_dags/example_bash_operator.py for tasks to queue
[2024-04-04T09:52:08.360+0000] {logging_mixin.py:188} INFO - [2024-04-04T09:52:08.359+0000] {dagbag.py:540} INFO - Filling up the DagBag from /home/airflow/.local/lib/python3.8/site-packages/airflow/example_dags/example_bash_operator.py
[2024-04-04T09:52:08.381+0000] {processor.py:840} INFO - DAG(s) 'example_bash_operator' retrieved from /home/airflow/.local/lib/python3.8/site-packages/airflow/example_dags/example_bash_operator.py
[2024-04-04T09:52:08.436+0000] {logging_mixin.py:188} INFO - [2024-04-04T09:52:08.435+0000] {dag.py:3047} INFO - Sync 1 DAGs
[2024-04-04T09:52:08.478+0000] {logging_mixin.py:188} INFO - [2024-04-04T09:52:08.477+0000] {dag.py:3834} INFO - Setting next_dagrun for example_bash_operator to 2024-04-03 00:00:00+00:00, run_after=2024-04-04 00:00:00+00:00
[2024-04-04T09:52:08.530+0000] {processor.py:183} INFO - Processing /home/airflow/.local/lib/python3.8/site-packages/airflow/example_dags/example_bash_operator.py took 0.181 seconds
[2024-04-04T09:52:38.622+0000] {processor.py:161} INFO - Started process (PID=1599) to work on /home/airflow/.local/lib/python3.8/site-packages/airflow/example_dags/example_bash_operator.py
[2024-04-04T09:52:38.623+0000] {processor.py:830} INFO - Processing file /home/airflow/.local/lib/python3.8/site-packages/airflow/example_dags/example_bash_operator.py for tasks to queue
[2024-04-04T09:52:38.626+0000] {logging_mixin.py:188} INFO - [2024-04-04T09:52:38.625+0000] {dagbag.py:540} INFO - Filling up the DagBag from /home/airflow/.local/lib/python3.8/site-packages/airflow/example_dags/example_bash_operator.py
[2024-04-04T09:52:38.642+0000] {processor.py:840} INFO - DAG(s) 'example_bash_operator' retrieved from /home/airflow/.local/lib/python3.8/site-packages/airflow/example_dags/example_bash_operator.py
[2024-04-04T09:52:38.705+0000] {logging_mixin.py:188} INFO - [2024-04-04T09:52:38.705+0000] {dag.py:3047} INFO - Sync 1 DAGs
[2024-04-04T09:52:38.750+0000] {logging_mixin.py:188} INFO - [2024-04-04T09:52:38.750+0000] {dag.py:3834} INFO - Setting next_dagrun for example_bash_operator to 2024-04-03 00:00:00+00:00, run_after=2024-04-04 00:00:00+00:00
[2024-04-04T09:52:38.784+0000] {processor.py:183} INFO - Processing /home/airflow/.local/lib/python3.8/site-packages/airflow/example_dags/example_bash_operator.py took 0.165 seconds
[2024-04-04T09:53:09.061+0000] {processor.py:161} INFO - Started process (PID=1655) to work on /home/airflow/.local/lib/python3.8/site-packages/airflow/example_dags/example_bash_operator.py
[2024-04-04T09:53:09.062+0000] {processor.py:830} INFO - Processing file /home/airflow/.local/lib/python3.8/site-packages/airflow/example_dags/example_bash_operator.py for tasks to queue
[2024-04-04T09:53:09.065+0000] {logging_mixin.py:188} INFO - [2024-04-04T09:53:09.064+0000] {dagbag.py:540} INFO - Filling up the DagBag from /home/airflow/.local/lib/python3.8/site-packages/airflow/example_dags/example_bash_operator.py
[2024-04-04T09:53:09.078+0000] {processor.py:840} INFO - DAG(s) 'example_bash_operator' retrieved from /home/airflow/.local/lib/python3.8/site-packages/airflow/example_dags/example_bash_operator.py
[2024-04-04T09:53:09.126+0000] {logging_mixin.py:188} INFO - [2024-04-04T09:53:09.126+0000] {dag.py:3047} INFO - Sync 1 DAGs
[2024-04-04T09:53:09.158+0000] {logging_mixin.py:188} INFO - [2024-04-04T09:53:09.158+0000] {dag.py:3834} INFO - Setting next_dagrun for example_bash_operator to 2024-04-03 00:00:00+00:00, run_after=2024-04-04 00:00:00+00:00
[2024-04-04T09:53:09.192+0000] {processor.py:183} INFO - Processing /home/airflow/.local/lib/python3.8/site-packages/airflow/example_dags/example_bash_operator.py took 0.134 seconds
[2024-04-04T09:53:40.043+0000] {processor.py:161} INFO - Started process (PID=1712) to work on /home/airflow/.local/lib/python3.8/site-packages/airflow/example_dags/example_bash_operator.py
[2024-04-04T09:53:40.044+0000] {processor.py:830} INFO - Processing file /home/airflow/.local/lib/python3.8/site-packages/airflow/example_dags/example_bash_operator.py for tasks to queue
[2024-04-04T09:53:40.047+0000] {logging_mixin.py:188} INFO - [2024-04-04T09:53:40.046+0000] {dagbag.py:540} INFO - Filling up the DagBag from /home/airflow/.local/lib/python3.8/site-packages/airflow/example_dags/example_bash_operator.py
[2024-04-04T09:53:40.063+0000] {processor.py:840} INFO - DAG(s) 'example_bash_operator' retrieved from /home/airflow/.local/lib/python3.8/site-packages/airflow/example_dags/example_bash_operator.py
[2024-04-04T09:53:40.111+0000] {logging_mixin.py:188} INFO - [2024-04-04T09:53:40.111+0000] {dag.py:3047} INFO - Sync 1 DAGs
[2024-04-04T09:53:40.147+0000] {logging_mixin.py:188} INFO - [2024-04-04T09:53:40.146+0000] {dag.py:3834} INFO - Setting next_dagrun for example_bash_operator to 2024-04-03 00:00:00+00:00, run_after=2024-04-04 00:00:00+00:00
[2024-04-04T09:53:40.179+0000] {processor.py:183} INFO - Processing /home/airflow/.local/lib/python3.8/site-packages/airflow/example_dags/example_bash_operator.py took 0.140 seconds
[2024-04-04T09:54:10.876+0000] {processor.py:161} INFO - Started process (PID=1768) to work on /home/airflow/.local/lib/python3.8/site-packages/airflow/example_dags/example_bash_operator.py
[2024-04-04T09:54:10.878+0000] {processor.py:830} INFO - Processing file /home/airflow/.local/lib/python3.8/site-packages/airflow/example_dags/example_bash_operator.py for tasks to queue
[2024-04-04T09:54:10.880+0000] {logging_mixin.py:188} INFO - [2024-04-04T09:54:10.880+0000] {dagbag.py:540} INFO - Filling up the DagBag from /home/airflow/.local/lib/python3.8/site-packages/airflow/example_dags/example_bash_operator.py
[2024-04-04T09:54:10.892+0000] {processor.py:840} INFO - DAG(s) 'example_bash_operator' retrieved from /home/airflow/.local/lib/python3.8/site-packages/airflow/example_dags/example_bash_operator.py
[2024-04-04T09:54:10.927+0000] {logging_mixin.py:188} INFO - [2024-04-04T09:54:10.927+0000] {dag.py:3047} INFO - Sync 1 DAGs
[2024-04-04T09:54:10.953+0000] {logging_mixin.py:188} INFO - [2024-04-04T09:54:10.953+0000] {dag.py:3834} INFO - Setting next_dagrun for example_bash_operator to 2024-04-03 00:00:00+00:00, run_after=2024-04-04 00:00:00+00:00
[2024-04-04T09:54:10.980+0000] {processor.py:183} INFO - Processing /home/airflow/.local/lib/python3.8/site-packages/airflow/example_dags/example_bash_operator.py took 0.107 seconds
[2024-04-04T09:54:41.758+0000] {processor.py:161} INFO - Started process (PID=1825) to work on /home/airflow/.local/lib/python3.8/site-packages/airflow/example_dags/example_bash_operator.py
[2024-04-04T09:54:41.759+0000] {processor.py:830} INFO - Processing file /home/airflow/.local/lib/python3.8/site-packages/airflow/example_dags/example_bash_operator.py for tasks to queue
[2024-04-04T09:54:41.761+0000] {logging_mixin.py:188} INFO - [2024-04-04T09:54:41.761+0000] {dagbag.py:540} INFO - Filling up the DagBag from /home/airflow/.local/lib/python3.8/site-packages/airflow/example_dags/example_bash_operator.py
[2024-04-04T09:54:41.771+0000] {processor.py:840} INFO - DAG(s) 'example_bash_operator' retrieved from /home/airflow/.local/lib/python3.8/site-packages/airflow/example_dags/example_bash_operator.py
[2024-04-04T09:54:41.806+0000] {logging_mixin.py:188} INFO - [2024-04-04T09:54:41.805+0000] {dag.py:3047} INFO - Sync 1 DAGs
[2024-04-04T09:54:41.830+0000] {logging_mixin.py:188} INFO - [2024-04-04T09:54:41.830+0000] {dag.py:3834} INFO - Setting next_dagrun for example_bash_operator to 2024-04-03 00:00:00+00:00, run_after=2024-04-04 00:00:00+00:00
[2024-04-04T09:54:41.857+0000] {processor.py:183} INFO - Processing /home/airflow/.local/lib/python3.8/site-packages/airflow/example_dags/example_bash_operator.py took 0.102 seconds
[2024-04-04T09:55:12.090+0000] {processor.py:161} INFO - Started process (PID=1881) to work on /home/airflow/.local/lib/python3.8/site-packages/airflow/example_dags/example_bash_operator.py
[2024-04-04T09:55:12.091+0000] {processor.py:830} INFO - Processing file /home/airflow/.local/lib/python3.8/site-packages/airflow/example_dags/example_bash_operator.py for tasks to queue
[2024-04-04T09:55:12.093+0000] {logging_mixin.py:188} INFO - [2024-04-04T09:55:12.093+0000] {dagbag.py:540} INFO - Filling up the DagBag from /home/airflow/.local/lib/python3.8/site-packages/airflow/example_dags/example_bash_operator.py
[2024-04-04T09:55:12.105+0000] {processor.py:840} INFO - DAG(s) 'example_bash_operator' retrieved from /home/airflow/.local/lib/python3.8/site-packages/airflow/example_dags/example_bash_operator.py
[2024-04-04T09:55:12.137+0000] {logging_mixin.py:188} INFO - [2024-04-04T09:55:12.137+0000] {dag.py:3047} INFO - Sync 1 DAGs
[2024-04-04T09:55:12.163+0000] {logging_mixin.py:188} INFO - [2024-04-04T09:55:12.163+0000] {dag.py:3834} INFO - Setting next_dagrun for example_bash_operator to 2024-04-03 00:00:00+00:00, run_after=2024-04-04 00:00:00+00:00
[2024-04-04T09:55:12.190+0000] {processor.py:183} INFO - Processing /home/airflow/.local/lib/python3.8/site-packages/airflow/example_dags/example_bash_operator.py took 0.103 seconds
[2024-04-04T09:55:42.953+0000] {processor.py:161} INFO - Started process (PID=1943) to work on /home/airflow/.local/lib/python3.8/site-packages/airflow/example_dags/example_bash_operator.py
[2024-04-04T09:55:42.954+0000] {processor.py:830} INFO - Processing file /home/airflow/.local/lib/python3.8/site-packages/airflow/example_dags/example_bash_operator.py for tasks to queue
[2024-04-04T09:55:42.957+0000] {logging_mixin.py:188} INFO - [2024-04-04T09:55:42.956+0000] {dagbag.py:540} INFO - Filling up the DagBag from /home/airflow/.local/lib/python3.8/site-packages/airflow/example_dags/example_bash_operator.py
[2024-04-04T09:55:42.971+0000] {processor.py:840} INFO - DAG(s) 'example_bash_operator' retrieved from /home/airflow/.local/lib/python3.8/site-packages/airflow/example_dags/example_bash_operator.py
[2024-04-04T09:55:43.021+0000] {logging_mixin.py:188} INFO - [2024-04-04T09:55:43.020+0000] {dag.py:3047} INFO - Sync 1 DAGs
[2024-04-04T09:55:43.071+0000] {logging_mixin.py:188} INFO - [2024-04-04T09:55:43.070+0000] {dag.py:3834} INFO - Setting next_dagrun for example_bash_operator to 2024-04-03 00:00:00+00:00, run_after=2024-04-04 00:00:00+00:00
[2024-04-04T09:55:43.100+0000] {processor.py:183} INFO - Processing /home/airflow/.local/lib/python3.8/site-packages/airflow/example_dags/example_bash_operator.py took 0.151 seconds
[2024-04-04T09:56:13.333+0000] {processor.py:161} INFO - Started process (PID=2002) to work on /home/airflow/.local/lib/python3.8/site-packages/airflow/example_dags/example_bash_operator.py
[2024-04-04T09:56:13.334+0000] {processor.py:830} INFO - Processing file /home/airflow/.local/lib/python3.8/site-packages/airflow/example_dags/example_bash_operator.py for tasks to queue
[2024-04-04T09:56:13.336+0000] {logging_mixin.py:188} INFO - [2024-04-04T09:56:13.336+0000] {dagbag.py:540} INFO - Filling up the DagBag from /home/airflow/.local/lib/python3.8/site-packages/airflow/example_dags/example_bash_operator.py
[2024-04-04T09:56:13.349+0000] {processor.py:840} INFO - DAG(s) 'example_bash_operator' retrieved from /home/airflow/.local/lib/python3.8/site-packages/airflow/example_dags/example_bash_operator.py
[2024-04-04T09:56:13.384+0000] {logging_mixin.py:188} INFO - [2024-04-04T09:56:13.383+0000] {dag.py:3047} INFO - Sync 1 DAGs
[2024-04-04T09:56:13.410+0000] {logging_mixin.py:188} INFO - [2024-04-04T09:56:13.409+0000] {dag.py:3834} INFO - Setting next_dagrun for example_bash_operator to 2024-04-03 00:00:00+00:00, run_after=2024-04-04 00:00:00+00:00
[2024-04-04T09:56:13.438+0000] {processor.py:183} INFO - Processing /home/airflow/.local/lib/python3.8/site-packages/airflow/example_dags/example_bash_operator.py took 0.108 seconds
[2024-04-04T09:56:43.689+0000] {processor.py:161} INFO - Started process (PID=2058) to work on /home/airflow/.local/lib/python3.8/site-packages/airflow/example_dags/example_bash_operator.py
[2024-04-04T09:56:43.691+0000] {processor.py:830} INFO - Processing file /home/airflow/.local/lib/python3.8/site-packages/airflow/example_dags/example_bash_operator.py for tasks to queue
[2024-04-04T09:56:43.693+0000] {logging_mixin.py:188} INFO - [2024-04-04T09:56:43.693+0000] {dagbag.py:540} INFO - Filling up the DagBag from /home/airflow/.local/lib/python3.8/site-packages/airflow/example_dags/example_bash_operator.py
[2024-04-04T09:56:43.704+0000] {processor.py:840} INFO - DAG(s) 'example_bash_operator' retrieved from /home/airflow/.local/lib/python3.8/site-packages/airflow/example_dags/example_bash_operator.py
[2024-04-04T09:56:43.736+0000] {logging_mixin.py:188} INFO - [2024-04-04T09:56:43.736+0000] {dag.py:3047} INFO - Sync 1 DAGs
[2024-04-04T09:56:43.762+0000] {logging_mixin.py:188} INFO - [2024-04-04T09:56:43.762+0000] {dag.py:3834} INFO - Setting next_dagrun for example_bash_operator to 2024-04-03 00:00:00+00:00, run_after=2024-04-04 00:00:00+00:00
[2024-04-04T09:56:43.787+0000] {processor.py:183} INFO - Processing /home/airflow/.local/lib/python3.8/site-packages/airflow/example_dags/example_bash_operator.py took 0.100 seconds
[2024-04-04T09:57:14.209+0000] {processor.py:161} INFO - Started process (PID=2114) to work on /home/airflow/.local/lib/python3.8/site-packages/airflow/example_dags/example_bash_operator.py
[2024-04-04T09:57:14.210+0000] {processor.py:830} INFO - Processing file /home/airflow/.local/lib/python3.8/site-packages/airflow/example_dags/example_bash_operator.py for tasks to queue
[2024-04-04T09:57:14.212+0000] {logging_mixin.py:188} INFO - [2024-04-04T09:57:14.211+0000] {dagbag.py:540} INFO - Filling up the DagBag from /home/airflow/.local/lib/python3.8/site-packages/airflow/example_dags/example_bash_operator.py
[2024-04-04T09:57:14.223+0000] {processor.py:840} INFO - DAG(s) 'example_bash_operator' retrieved from /home/airflow/.local/lib/python3.8/site-packages/airflow/example_dags/example_bash_operator.py
[2024-04-04T09:57:14.254+0000] {logging_mixin.py:188} INFO - [2024-04-04T09:57:14.254+0000] {dag.py:3047} INFO - Sync 1 DAGs
[2024-04-04T09:57:14.279+0000] {logging_mixin.py:188} INFO - [2024-04-04T09:57:14.279+0000] {dag.py:3834} INFO - Setting next_dagrun for example_bash_operator to 2024-04-03 00:00:00+00:00, run_after=2024-04-04 00:00:00+00:00
[2024-04-04T09:57:14.303+0000] {processor.py:183} INFO - Processing /home/airflow/.local/lib/python3.8/site-packages/airflow/example_dags/example_bash_operator.py took 0.097 seconds
[2024-04-04T09:57:44.508+0000] {processor.py:161} INFO - Started process (PID=2170) to work on /home/airflow/.local/lib/python3.8/site-packages/airflow/example_dags/example_bash_operator.py
[2024-04-04T09:57:44.509+0000] {processor.py:830} INFO - Processing file /home/airflow/.local/lib/python3.8/site-packages/airflow/example_dags/example_bash_operator.py for tasks to queue
[2024-04-04T09:57:44.511+0000] {logging_mixin.py:188} INFO - [2024-04-04T09:57:44.511+0000] {dagbag.py:540} INFO - Filling up the DagBag from /home/airflow/.local/lib/python3.8/site-packages/airflow/example_dags/example_bash_operator.py
[2024-04-04T09:57:44.523+0000] {processor.py:840} INFO - DAG(s) 'example_bash_operator' retrieved from /home/airflow/.local/lib/python3.8/site-packages/airflow/example_dags/example_bash_operator.py
[2024-04-04T09:57:44.558+0000] {logging_mixin.py:188} INFO - [2024-04-04T09:57:44.558+0000] {dag.py:3047} INFO - Sync 1 DAGs
[2024-04-04T09:57:44.582+0000] {logging_mixin.py:188} INFO - [2024-04-04T09:57:44.582+0000] {dag.py:3834} INFO - Setting next_dagrun for example_bash_operator to 2024-04-03 00:00:00+00:00, run_after=2024-04-04 00:00:00+00:00
[2024-04-04T09:57:44.611+0000] {processor.py:183} INFO - Processing /home/airflow/.local/lib/python3.8/site-packages/airflow/example_dags/example_bash_operator.py took 0.105 seconds
[2024-04-04T09:58:14.926+0000] {processor.py:161} INFO - Started process (PID=2226) to work on /home/airflow/.local/lib/python3.8/site-packages/airflow/example_dags/example_bash_operator.py
[2024-04-04T09:58:14.927+0000] {processor.py:830} INFO - Processing file /home/airflow/.local/lib/python3.8/site-packages/airflow/example_dags/example_bash_operator.py for tasks to queue
[2024-04-04T09:58:14.929+0000] {logging_mixin.py:188} INFO - [2024-04-04T09:58:14.929+0000] {dagbag.py:540} INFO - Filling up the DagBag from /home/airflow/.local/lib/python3.8/site-packages/airflow/example_dags/example_bash_operator.py
[2024-04-04T09:58:14.940+0000] {processor.py:840} INFO - DAG(s) 'example_bash_operator' retrieved from /home/airflow/.local/lib/python3.8/site-packages/airflow/example_dags/example_bash_operator.py
[2024-04-04T09:58:14.970+0000] {logging_mixin.py:188} INFO - [2024-04-04T09:58:14.969+0000] {dag.py:3047} INFO - Sync 1 DAGs
[2024-04-04T09:58:14.993+0000] {logging_mixin.py:188} INFO - [2024-04-04T09:58:14.993+0000] {dag.py:3834} INFO - Setting next_dagrun for example_bash_operator to 2024-04-03 00:00:00+00:00, run_after=2024-04-04 00:00:00+00:00
[2024-04-04T09:58:15.017+0000] {processor.py:183} INFO - Processing /home/airflow/.local/lib/python3.8/site-packages/airflow/example_dags/example_bash_operator.py took 0.095 seconds
[2024-04-04T09:58:45.152+0000] {processor.py:161} INFO - Started process (PID=2282) to work on /home/airflow/.local/lib/python3.8/site-packages/airflow/example_dags/example_bash_operator.py
[2024-04-04T09:58:45.153+0000] {processor.py:830} INFO - Processing file /home/airflow/.local/lib/python3.8/site-packages/airflow/example_dags/example_bash_operator.py for tasks to queue
[2024-04-04T09:58:45.156+0000] {logging_mixin.py:188} INFO - [2024-04-04T09:58:45.155+0000] {dagbag.py:540} INFO - Filling up the DagBag from /home/airflow/.local/lib/python3.8/site-packages/airflow/example_dags/example_bash_operator.py
[2024-04-04T09:58:45.168+0000] {processor.py:840} INFO - DAG(s) 'example_bash_operator' retrieved from /home/airflow/.local/lib/python3.8/site-packages/airflow/example_dags/example_bash_operator.py
[2024-04-04T09:58:45.200+0000] {logging_mixin.py:188} INFO - [2024-04-04T09:58:45.199+0000] {dag.py:3047} INFO - Sync 1 DAGs
[2024-04-04T09:58:45.228+0000] {logging_mixin.py:188} INFO - [2024-04-04T09:58:45.228+0000] {dag.py:3834} INFO - Setting next_dagrun for example_bash_operator to 2024-04-03 00:00:00+00:00, run_after=2024-04-04 00:00:00+00:00
[2024-04-04T09:58:45.255+0000] {processor.py:183} INFO - Processing /home/airflow/.local/lib/python3.8/site-packages/airflow/example_dags/example_bash_operator.py took 0.106 seconds
[2024-04-04T09:59:15.570+0000] {processor.py:161} INFO - Started process (PID=2338) to work on /home/airflow/.local/lib/python3.8/site-packages/airflow/example_dags/example_bash_operator.py
[2024-04-04T09:59:15.571+0000] {processor.py:830} INFO - Processing file /home/airflow/.local/lib/python3.8/site-packages/airflow/example_dags/example_bash_operator.py for tasks to queue
[2024-04-04T09:59:15.574+0000] {logging_mixin.py:188} INFO - [2024-04-04T09:59:15.574+0000] {dagbag.py:540} INFO - Filling up the DagBag from /home/airflow/.local/lib/python3.8/site-packages/airflow/example_dags/example_bash_operator.py
[2024-04-04T09:59:15.585+0000] {processor.py:840} INFO - DAG(s) 'example_bash_operator' retrieved from /home/airflow/.local/lib/python3.8/site-packages/airflow/example_dags/example_bash_operator.py
[2024-04-04T09:59:15.616+0000] {logging_mixin.py:188} INFO - [2024-04-04T09:59:15.616+0000] {dag.py:3047} INFO - Sync 1 DAGs
[2024-04-04T09:59:15.641+0000] {logging_mixin.py:188} INFO - [2024-04-04T09:59:15.641+0000] {dag.py:3834} INFO - Setting next_dagrun for example_bash_operator to 2024-04-03 00:00:00+00:00, run_after=2024-04-04 00:00:00+00:00
[2024-04-04T09:59:15.668+0000] {processor.py:183} INFO - Processing /home/airflow/.local/lib/python3.8/site-packages/airflow/example_dags/example_bash_operator.py took 0.101 seconds
[2024-04-04T09:59:45.942+0000] {processor.py:161} INFO - Started process (PID=2394) to work on /home/airflow/.local/lib/python3.8/site-packages/airflow/example_dags/example_bash_operator.py
[2024-04-04T09:59:45.944+0000] {processor.py:830} INFO - Processing file /home/airflow/.local/lib/python3.8/site-packages/airflow/example_dags/example_bash_operator.py for tasks to queue
[2024-04-04T09:59:45.946+0000] {logging_mixin.py:188} INFO - [2024-04-04T09:59:45.946+0000] {dagbag.py:540} INFO - Filling up the DagBag from /home/airflow/.local/lib/python3.8/site-packages/airflow/example_dags/example_bash_operator.py
[2024-04-04T09:59:45.958+0000] {processor.py:840} INFO - DAG(s) 'example_bash_operator' retrieved from /home/airflow/.local/lib/python3.8/site-packages/airflow/example_dags/example_bash_operator.py
[2024-04-04T09:59:45.992+0000] {logging_mixin.py:188} INFO - [2024-04-04T09:59:45.991+0000] {dag.py:3047} INFO - Sync 1 DAGs
[2024-04-04T09:59:46.021+0000] {logging_mixin.py:188} INFO - [2024-04-04T09:59:46.020+0000] {dag.py:3834} INFO - Setting next_dagrun for example_bash_operator to 2024-04-03 00:00:00+00:00, run_after=2024-04-04 00:00:00+00:00
[2024-04-04T09:59:46.048+0000] {processor.py:183} INFO - Processing /home/airflow/.local/lib/python3.8/site-packages/airflow/example_dags/example_bash_operator.py took 0.109 seconds
[2024-04-04T10:00:16.305+0000] {processor.py:161} INFO - Started process (PID=2450) to work on /home/airflow/.local/lib/python3.8/site-packages/airflow/example_dags/example_bash_operator.py
[2024-04-04T10:00:16.307+0000] {processor.py:830} INFO - Processing file /home/airflow/.local/lib/python3.8/site-packages/airflow/example_dags/example_bash_operator.py for tasks to queue
[2024-04-04T10:00:16.309+0000] {logging_mixin.py:188} INFO - [2024-04-04T10:00:16.309+0000] {dagbag.py:540} INFO - Filling up the DagBag from /home/airflow/.local/lib/python3.8/site-packages/airflow/example_dags/example_bash_operator.py
[2024-04-04T10:00:16.321+0000] {processor.py:840} INFO - DAG(s) 'example_bash_operator' retrieved from /home/airflow/.local/lib/python3.8/site-packages/airflow/example_dags/example_bash_operator.py
[2024-04-04T10:00:16.353+0000] {logging_mixin.py:188} INFO - [2024-04-04T10:00:16.353+0000] {dag.py:3047} INFO - Sync 1 DAGs
[2024-04-04T10:00:16.378+0000] {logging_mixin.py:188} INFO - [2024-04-04T10:00:16.377+0000] {dag.py:3834} INFO - Setting next_dagrun for example_bash_operator to 2024-04-03 00:00:00+00:00, run_after=2024-04-04 00:00:00+00:00
[2024-04-04T10:00:16.402+0000] {processor.py:183} INFO - Processing /home/airflow/.local/lib/python3.8/site-packages/airflow/example_dags/example_bash_operator.py took 0.099 seconds
[2024-04-04T10:00:47.213+0000] {processor.py:161} INFO - Started process (PID=2506) to work on /home/airflow/.local/lib/python3.8/site-packages/airflow/example_dags/example_bash_operator.py
[2024-04-04T10:00:47.215+0000] {processor.py:830} INFO - Processing file /home/airflow/.local/lib/python3.8/site-packages/airflow/example_dags/example_bash_operator.py for tasks to queue
[2024-04-04T10:00:47.216+0000] {logging_mixin.py:188} INFO - [2024-04-04T10:00:47.216+0000] {dagbag.py:540} INFO - Filling up the DagBag from /home/airflow/.local/lib/python3.8/site-packages/airflow/example_dags/example_bash_operator.py
[2024-04-04T10:00:47.228+0000] {processor.py:840} INFO - DAG(s) 'example_bash_operator' retrieved from /home/airflow/.local/lib/python3.8/site-packages/airflow/example_dags/example_bash_operator.py
[2024-04-04T10:00:47.260+0000] {logging_mixin.py:188} INFO - [2024-04-04T10:00:47.260+0000] {dag.py:3047} INFO - Sync 1 DAGs
[2024-04-04T10:00:47.288+0000] {logging_mixin.py:188} INFO - [2024-04-04T10:00:47.287+0000] {dag.py:3834} INFO - Setting next_dagrun for example_bash_operator to 2024-04-03 00:00:00+00:00, run_after=2024-04-04 00:00:00+00:00
[2024-04-04T10:00:47.320+0000] {processor.py:183} INFO - Processing /home/airflow/.local/lib/python3.8/site-packages/airflow/example_dags/example_bash_operator.py took 0.110 seconds
[2024-04-04T10:01:17.359+0000] {processor.py:161} INFO - Started process (PID=2563) to work on /home/airflow/.local/lib/python3.8/site-packages/airflow/example_dags/example_bash_operator.py
[2024-04-04T10:01:17.360+0000] {processor.py:830} INFO - Processing file /home/airflow/.local/lib/python3.8/site-packages/airflow/example_dags/example_bash_operator.py for tasks to queue
[2024-04-04T10:01:17.362+0000] {logging_mixin.py:188} INFO - [2024-04-04T10:01:17.362+0000] {dagbag.py:540} INFO - Filling up the DagBag from /home/airflow/.local/lib/python3.8/site-packages/airflow/example_dags/example_bash_operator.py
[2024-04-04T10:01:17.373+0000] {processor.py:840} INFO - DAG(s) 'example_bash_operator' retrieved from /home/airflow/.local/lib/python3.8/site-packages/airflow/example_dags/example_bash_operator.py
[2024-04-04T10:01:17.404+0000] {logging_mixin.py:188} INFO - [2024-04-04T10:01:17.404+0000] {dag.py:3047} INFO - Sync 1 DAGs
[2024-04-04T10:01:17.428+0000] {logging_mixin.py:188} INFO - [2024-04-04T10:01:17.428+0000] {dag.py:3834} INFO - Setting next_dagrun for example_bash_operator to 2024-04-03 00:00:00+00:00, run_after=2024-04-04 00:00:00+00:00
[2024-04-04T10:01:17.452+0000] {processor.py:183} INFO - Processing /home/airflow/.local/lib/python3.8/site-packages/airflow/example_dags/example_bash_operator.py took 0.096 seconds
[2024-04-04T10:01:47.685+0000] {processor.py:161} INFO - Started process (PID=2619) to work on /home/airflow/.local/lib/python3.8/site-packages/airflow/example_dags/example_bash_operator.py
[2024-04-04T10:01:47.686+0000] {processor.py:830} INFO - Processing file /home/airflow/.local/lib/python3.8/site-packages/airflow/example_dags/example_bash_operator.py for tasks to queue
[2024-04-04T10:01:47.688+0000] {logging_mixin.py:188} INFO - [2024-04-04T10:01:47.688+0000] {dagbag.py:540} INFO - Filling up the DagBag from /home/airflow/.local/lib/python3.8/site-packages/airflow/example_dags/example_bash_operator.py
[2024-04-04T10:01:47.700+0000] {processor.py:840} INFO - DAG(s) 'example_bash_operator' retrieved from /home/airflow/.local/lib/python3.8/site-packages/airflow/example_dags/example_bash_operator.py
[2024-04-04T10:01:47.734+0000] {logging_mixin.py:188} INFO - [2024-04-04T10:01:47.733+0000] {dag.py:3047} INFO - Sync 1 DAGs
[2024-04-04T10:01:47.757+0000] {logging_mixin.py:188} INFO - [2024-04-04T10:01:47.757+0000] {dag.py:3834} INFO - Setting next_dagrun for example_bash_operator to 2024-04-03 00:00:00+00:00, run_after=2024-04-04 00:00:00+00:00
[2024-04-04T10:01:47.780+0000] {processor.py:183} INFO - Processing /home/airflow/.local/lib/python3.8/site-packages/airflow/example_dags/example_bash_operator.py took 0.098 seconds
[2024-04-04T10:02:18.542+0000] {processor.py:161} INFO - Started process (PID=2675) to work on /home/airflow/.local/lib/python3.8/site-packages/airflow/example_dags/example_bash_operator.py
[2024-04-04T10:02:18.544+0000] {processor.py:830} INFO - Processing file /home/airflow/.local/lib/python3.8/site-packages/airflow/example_dags/example_bash_operator.py for tasks to queue
[2024-04-04T10:02:18.546+0000] {logging_mixin.py:188} INFO - [2024-04-04T10:02:18.546+0000] {dagbag.py:540} INFO - Filling up the DagBag from /home/airflow/.local/lib/python3.8/site-packages/airflow/example_dags/example_bash_operator.py
[2024-04-04T10:02:18.560+0000] {processor.py:840} INFO - DAG(s) 'example_bash_operator' retrieved from /home/airflow/.local/lib/python3.8/site-packages/airflow/example_dags/example_bash_operator.py
[2024-04-04T10:02:18.591+0000] {logging_mixin.py:188} INFO - [2024-04-04T10:02:18.591+0000] {dag.py:3047} INFO - Sync 1 DAGs
[2024-04-04T10:02:18.615+0000] {logging_mixin.py:188} INFO - [2024-04-04T10:02:18.615+0000] {dag.py:3834} INFO - Setting next_dagrun for example_bash_operator to 2024-04-03 00:00:00+00:00, run_after=2024-04-04 00:00:00+00:00
[2024-04-04T10:02:18.642+0000] {processor.py:183} INFO - Processing /home/airflow/.local/lib/python3.8/site-packages/airflow/example_dags/example_bash_operator.py took 0.103 seconds
[2024-04-04T10:02:49.156+0000] {processor.py:161} INFO - Started process (PID=2731) to work on /home/airflow/.local/lib/python3.8/site-packages/airflow/example_dags/example_bash_operator.py
[2024-04-04T10:02:49.157+0000] {processor.py:830} INFO - Processing file /home/airflow/.local/lib/python3.8/site-packages/airflow/example_dags/example_bash_operator.py for tasks to queue
[2024-04-04T10:02:49.159+0000] {logging_mixin.py:188} INFO - [2024-04-04T10:02:49.159+0000] {dagbag.py:540} INFO - Filling up the DagBag from /home/airflow/.local/lib/python3.8/site-packages/airflow/example_dags/example_bash_operator.py
[2024-04-04T10:02:49.171+0000] {processor.py:840} INFO - DAG(s) 'example_bash_operator' retrieved from /home/airflow/.local/lib/python3.8/site-packages/airflow/example_dags/example_bash_operator.py
[2024-04-04T10:02:49.212+0000] {logging_mixin.py:188} INFO - [2024-04-04T10:02:49.212+0000] {dag.py:3047} INFO - Sync 1 DAGs
[2024-04-04T10:02:49.242+0000] {logging_mixin.py:188} INFO - [2024-04-04T10:02:49.241+0000] {dag.py:3834} INFO - Setting next_dagrun for example_bash_operator to 2024-04-03 00:00:00+00:00, run_after=2024-04-04 00:00:00+00:00
[2024-04-04T10:02:49.269+0000] {processor.py:183} INFO - Processing /home/airflow/.local/lib/python3.8/site-packages/airflow/example_dags/example_bash_operator.py took 0.116 seconds
[2024-04-04T10:03:19.341+0000] {processor.py:161} INFO - Started process (PID=2787) to work on /home/airflow/.local/lib/python3.8/site-packages/airflow/example_dags/example_bash_operator.py
[2024-04-04T10:03:19.342+0000] {processor.py:830} INFO - Processing file /home/airflow/.local/lib/python3.8/site-packages/airflow/example_dags/example_bash_operator.py for tasks to queue
[2024-04-04T10:03:19.345+0000] {logging_mixin.py:188} INFO - [2024-04-04T10:03:19.344+0000] {dagbag.py:540} INFO - Filling up the DagBag from /home/airflow/.local/lib/python3.8/site-packages/airflow/example_dags/example_bash_operator.py
[2024-04-04T10:03:19.356+0000] {processor.py:840} INFO - DAG(s) 'example_bash_operator' retrieved from /home/airflow/.local/lib/python3.8/site-packages/airflow/example_dags/example_bash_operator.py
[2024-04-04T10:03:19.399+0000] {logging_mixin.py:188} INFO - [2024-04-04T10:03:19.399+0000] {dag.py:3047} INFO - Sync 1 DAGs
[2024-04-04T10:03:19.429+0000] {logging_mixin.py:188} INFO - [2024-04-04T10:03:19.428+0000] {dag.py:3834} INFO - Setting next_dagrun for example_bash_operator to 2024-04-03 00:00:00+00:00, run_after=2024-04-04 00:00:00+00:00
[2024-04-04T10:03:19.459+0000] {processor.py:183} INFO - Processing /home/airflow/.local/lib/python3.8/site-packages/airflow/example_dags/example_bash_operator.py took 0.121 seconds
