[2024-04-04T09:38:56.345+0000] {processor.py:161} INFO - Started process (PID=81) to work on /home/airflow/.local/lib/python3.8/site-packages/airflow/example_dags/example_complex.py
[2024-04-04T09:38:56.347+0000] {processor.py:830} INFO - Processing file /home/airflow/.local/lib/python3.8/site-packages/airflow/example_dags/example_complex.py for tasks to queue
[2024-04-04T09:38:56.349+0000] {logging_mixin.py:188} INFO - [2024-04-04T09:38:56.349+0000] {dagbag.py:540} INFO - Filling up the DagBag from /home/airflow/.local/lib/python3.8/site-packages/airflow/example_dags/example_complex.py
[2024-04-04T09:38:56.380+0000] {processor.py:840} INFO - DAG(s) 'example_complex' retrieved from /home/airflow/.local/lib/python3.8/site-packages/airflow/example_dags/example_complex.py
[2024-04-04T09:38:56.539+0000] {logging_mixin.py:188} INFO - [2024-04-04T09:38:56.538+0000] {dag.py:3047} INFO - Sync 1 DAGs
[2024-04-04T09:38:56.556+0000] {logging_mixin.py:188} INFO - [2024-04-04T09:38:56.556+0000] {dag.py:3834} INFO - Setting next_dagrun for example_complex to None, run_after=None
[2024-04-04T09:38:56.589+0000] {processor.py:183} INFO - Processing /home/airflow/.local/lib/python3.8/site-packages/airflow/example_dags/example_complex.py took 0.254 seconds
[2024-04-04T09:39:27.100+0000] {processor.py:161} INFO - Started process (PID=137) to work on /home/airflow/.local/lib/python3.8/site-packages/airflow/example_dags/example_complex.py
[2024-04-04T09:39:27.102+0000] {processor.py:830} INFO - Processing file /home/airflow/.local/lib/python3.8/site-packages/airflow/example_dags/example_complex.py for tasks to queue
[2024-04-04T09:39:27.104+0000] {logging_mixin.py:188} INFO - [2024-04-04T09:39:27.104+0000] {dagbag.py:540} INFO - Filling up the DagBag from /home/airflow/.local/lib/python3.8/site-packages/airflow/example_dags/example_complex.py
[2024-04-04T09:39:27.115+0000] {processor.py:840} INFO - DAG(s) 'example_complex' retrieved from /home/airflow/.local/lib/python3.8/site-packages/airflow/example_dags/example_complex.py
[2024-04-04T09:39:27.149+0000] {logging_mixin.py:188} INFO - [2024-04-04T09:39:27.148+0000] {dag.py:3047} INFO - Sync 1 DAGs
[2024-04-04T09:39:27.162+0000] {logging_mixin.py:188} INFO - [2024-04-04T09:39:27.161+0000] {dag.py:3834} INFO - Setting next_dagrun for example_complex to None, run_after=None
[2024-04-04T09:39:27.193+0000] {processor.py:183} INFO - Processing /home/airflow/.local/lib/python3.8/site-packages/airflow/example_dags/example_complex.py took 0.096 seconds
[2024-04-04T09:39:57.516+0000] {processor.py:161} INFO - Started process (PID=193) to work on /home/airflow/.local/lib/python3.8/site-packages/airflow/example_dags/example_complex.py
[2024-04-04T09:39:57.518+0000] {processor.py:830} INFO - Processing file /home/airflow/.local/lib/python3.8/site-packages/airflow/example_dags/example_complex.py for tasks to queue
[2024-04-04T09:39:57.521+0000] {logging_mixin.py:188} INFO - [2024-04-04T09:39:57.520+0000] {dagbag.py:540} INFO - Filling up the DagBag from /home/airflow/.local/lib/python3.8/site-packages/airflow/example_dags/example_complex.py
[2024-04-04T09:39:57.534+0000] {processor.py:840} INFO - DAG(s) 'example_complex' retrieved from /home/airflow/.local/lib/python3.8/site-packages/airflow/example_dags/example_complex.py
[2024-04-04T09:39:57.569+0000] {logging_mixin.py:188} INFO - [2024-04-04T09:39:57.569+0000] {dag.py:3047} INFO - Sync 1 DAGs
[2024-04-04T09:39:57.584+0000] {logging_mixin.py:188} INFO - [2024-04-04T09:39:57.583+0000] {dag.py:3834} INFO - Setting next_dagrun for example_complex to None, run_after=None
[2024-04-04T09:39:57.610+0000] {processor.py:183} INFO - Processing /home/airflow/.local/lib/python3.8/site-packages/airflow/example_dags/example_complex.py took 0.098 seconds
[2024-04-04T09:40:28.057+0000] {processor.py:161} INFO - Started process (PID=255) to work on /home/airflow/.local/lib/python3.8/site-packages/airflow/example_dags/example_complex.py
[2024-04-04T09:40:28.059+0000] {processor.py:830} INFO - Processing file /home/airflow/.local/lib/python3.8/site-packages/airflow/example_dags/example_complex.py for tasks to queue
[2024-04-04T09:40:28.061+0000] {logging_mixin.py:188} INFO - [2024-04-04T09:40:28.061+0000] {dagbag.py:540} INFO - Filling up the DagBag from /home/airflow/.local/lib/python3.8/site-packages/airflow/example_dags/example_complex.py
[2024-04-04T09:40:28.072+0000] {processor.py:840} INFO - DAG(s) 'example_complex' retrieved from /home/airflow/.local/lib/python3.8/site-packages/airflow/example_dags/example_complex.py
[2024-04-04T09:40:28.105+0000] {logging_mixin.py:188} INFO - [2024-04-04T09:40:28.105+0000] {dag.py:3047} INFO - Sync 1 DAGs
[2024-04-04T09:40:28.118+0000] {logging_mixin.py:188} INFO - [2024-04-04T09:40:28.118+0000] {dag.py:3834} INFO - Setting next_dagrun for example_complex to None, run_after=None
[2024-04-04T09:40:28.145+0000] {processor.py:183} INFO - Processing /home/airflow/.local/lib/python3.8/site-packages/airflow/example_dags/example_complex.py took 0.091 seconds
[2024-04-04T09:40:58.301+0000] {processor.py:161} INFO - Started process (PID=311) to work on /home/airflow/.local/lib/python3.8/site-packages/airflow/example_dags/example_complex.py
[2024-04-04T09:40:58.302+0000] {processor.py:830} INFO - Processing file /home/airflow/.local/lib/python3.8/site-packages/airflow/example_dags/example_complex.py for tasks to queue
[2024-04-04T09:40:58.305+0000] {logging_mixin.py:188} INFO - [2024-04-04T09:40:58.304+0000] {dagbag.py:540} INFO - Filling up the DagBag from /home/airflow/.local/lib/python3.8/site-packages/airflow/example_dags/example_complex.py
[2024-04-04T09:40:58.315+0000] {processor.py:840} INFO - DAG(s) 'example_complex' retrieved from /home/airflow/.local/lib/python3.8/site-packages/airflow/example_dags/example_complex.py
[2024-04-04T09:40:58.348+0000] {logging_mixin.py:188} INFO - [2024-04-04T09:40:58.348+0000] {dag.py:3047} INFO - Sync 1 DAGs
[2024-04-04T09:40:58.365+0000] {logging_mixin.py:188} INFO - [2024-04-04T09:40:58.365+0000] {dag.py:3834} INFO - Setting next_dagrun for example_complex to None, run_after=None
[2024-04-04T09:40:58.393+0000] {processor.py:183} INFO - Processing /home/airflow/.local/lib/python3.8/site-packages/airflow/example_dags/example_complex.py took 0.095 seconds
[2024-04-04T09:41:28.865+0000] {processor.py:161} INFO - Started process (PID=367) to work on /home/airflow/.local/lib/python3.8/site-packages/airflow/example_dags/example_complex.py
[2024-04-04T09:41:28.867+0000] {processor.py:830} INFO - Processing file /home/airflow/.local/lib/python3.8/site-packages/airflow/example_dags/example_complex.py for tasks to queue
[2024-04-04T09:41:28.870+0000] {logging_mixin.py:188} INFO - [2024-04-04T09:41:28.869+0000] {dagbag.py:540} INFO - Filling up the DagBag from /home/airflow/.local/lib/python3.8/site-packages/airflow/example_dags/example_complex.py
[2024-04-04T09:41:28.882+0000] {processor.py:840} INFO - DAG(s) 'example_complex' retrieved from /home/airflow/.local/lib/python3.8/site-packages/airflow/example_dags/example_complex.py
[2024-04-04T09:41:28.919+0000] {logging_mixin.py:188} INFO - [2024-04-04T09:41:28.919+0000] {dag.py:3047} INFO - Sync 1 DAGs
[2024-04-04T09:41:28.934+0000] {logging_mixin.py:188} INFO - [2024-04-04T09:41:28.934+0000] {dag.py:3834} INFO - Setting next_dagrun for example_complex to None, run_after=None
[2024-04-04T09:41:28.962+0000] {processor.py:183} INFO - Processing /home/airflow/.local/lib/python3.8/site-packages/airflow/example_dags/example_complex.py took 0.100 seconds
[2024-04-04T09:41:59.225+0000] {processor.py:161} INFO - Started process (PID=423) to work on /home/airflow/.local/lib/python3.8/site-packages/airflow/example_dags/example_complex.py
[2024-04-04T09:41:59.227+0000] {processor.py:830} INFO - Processing file /home/airflow/.local/lib/python3.8/site-packages/airflow/example_dags/example_complex.py for tasks to queue
[2024-04-04T09:41:59.230+0000] {logging_mixin.py:188} INFO - [2024-04-04T09:41:59.229+0000] {dagbag.py:540} INFO - Filling up the DagBag from /home/airflow/.local/lib/python3.8/site-packages/airflow/example_dags/example_complex.py
[2024-04-04T09:41:59.241+0000] {processor.py:840} INFO - DAG(s) 'example_complex' retrieved from /home/airflow/.local/lib/python3.8/site-packages/airflow/example_dags/example_complex.py
[2024-04-04T09:41:59.278+0000] {logging_mixin.py:188} INFO - [2024-04-04T09:41:59.277+0000] {dag.py:3047} INFO - Sync 1 DAGs
[2024-04-04T09:41:59.296+0000] {logging_mixin.py:188} INFO - [2024-04-04T09:41:59.296+0000] {dag.py:3834} INFO - Setting next_dagrun for example_complex to None, run_after=None
[2024-04-04T09:41:59.331+0000] {processor.py:183} INFO - Processing /home/airflow/.local/lib/python3.8/site-packages/airflow/example_dags/example_complex.py took 0.110 seconds
[2024-04-04T09:42:29.423+0000] {processor.py:161} INFO - Started process (PID=486) to work on /home/airflow/.local/lib/python3.8/site-packages/airflow/example_dags/example_complex.py
[2024-04-04T09:42:29.424+0000] {processor.py:830} INFO - Processing file /home/airflow/.local/lib/python3.8/site-packages/airflow/example_dags/example_complex.py for tasks to queue
[2024-04-04T09:42:29.426+0000] {logging_mixin.py:188} INFO - [2024-04-04T09:42:29.426+0000] {dagbag.py:540} INFO - Filling up the DagBag from /home/airflow/.local/lib/python3.8/site-packages/airflow/example_dags/example_complex.py
[2024-04-04T09:42:29.438+0000] {processor.py:840} INFO - DAG(s) 'example_complex' retrieved from /home/airflow/.local/lib/python3.8/site-packages/airflow/example_dags/example_complex.py
[2024-04-04T09:42:29.471+0000] {logging_mixin.py:188} INFO - [2024-04-04T09:42:29.471+0000] {dag.py:3047} INFO - Sync 1 DAGs
[2024-04-04T09:42:29.485+0000] {logging_mixin.py:188} INFO - [2024-04-04T09:42:29.485+0000] {dag.py:3834} INFO - Setting next_dagrun for example_complex to None, run_after=None
[2024-04-04T09:42:29.512+0000] {processor.py:183} INFO - Processing /home/airflow/.local/lib/python3.8/site-packages/airflow/example_dags/example_complex.py took 0.093 seconds
[2024-04-04T09:42:59.950+0000] {processor.py:161} INFO - Started process (PID=541) to work on /home/airflow/.local/lib/python3.8/site-packages/airflow/example_dags/example_complex.py
[2024-04-04T09:42:59.951+0000] {processor.py:830} INFO - Processing file /home/airflow/.local/lib/python3.8/site-packages/airflow/example_dags/example_complex.py for tasks to queue
[2024-04-04T09:42:59.954+0000] {logging_mixin.py:188} INFO - [2024-04-04T09:42:59.953+0000] {dagbag.py:540} INFO - Filling up the DagBag from /home/airflow/.local/lib/python3.8/site-packages/airflow/example_dags/example_complex.py
[2024-04-04T09:42:59.967+0000] {processor.py:840} INFO - DAG(s) 'example_complex' retrieved from /home/airflow/.local/lib/python3.8/site-packages/airflow/example_dags/example_complex.py
[2024-04-04T09:43:00.017+0000] {logging_mixin.py:188} INFO - [2024-04-04T09:43:00.017+0000] {dag.py:3047} INFO - Sync 1 DAGs
[2024-04-04T09:43:00.039+0000] {logging_mixin.py:188} INFO - [2024-04-04T09:43:00.039+0000] {dag.py:3834} INFO - Setting next_dagrun for example_complex to None, run_after=None
[2024-04-04T09:43:00.077+0000] {processor.py:183} INFO - Processing /home/airflow/.local/lib/python3.8/site-packages/airflow/example_dags/example_complex.py took 0.131 seconds
[2024-04-04T09:43:30.453+0000] {processor.py:161} INFO - Started process (PID=598) to work on /home/airflow/.local/lib/python3.8/site-packages/airflow/example_dags/example_complex.py
[2024-04-04T09:43:30.455+0000] {processor.py:830} INFO - Processing file /home/airflow/.local/lib/python3.8/site-packages/airflow/example_dags/example_complex.py for tasks to queue
[2024-04-04T09:43:30.458+0000] {logging_mixin.py:188} INFO - [2024-04-04T09:43:30.457+0000] {dagbag.py:540} INFO - Filling up the DagBag from /home/airflow/.local/lib/python3.8/site-packages/airflow/example_dags/example_complex.py
[2024-04-04T09:43:30.471+0000] {processor.py:840} INFO - DAG(s) 'example_complex' retrieved from /home/airflow/.local/lib/python3.8/site-packages/airflow/example_dags/example_complex.py
[2024-04-04T09:43:30.523+0000] {logging_mixin.py:188} INFO - [2024-04-04T09:43:30.522+0000] {dag.py:3047} INFO - Sync 1 DAGs
[2024-04-04T09:43:30.544+0000] {logging_mixin.py:188} INFO - [2024-04-04T09:43:30.543+0000] {dag.py:3834} INFO - Setting next_dagrun for example_complex to None, run_after=None
[2024-04-04T09:43:30.587+0000] {processor.py:183} INFO - Processing /home/airflow/.local/lib/python3.8/site-packages/airflow/example_dags/example_complex.py took 0.138 seconds
[2024-04-04T09:44:00.633+0000] {processor.py:161} INFO - Started process (PID=654) to work on /home/airflow/.local/lib/python3.8/site-packages/airflow/example_dags/example_complex.py
[2024-04-04T09:44:00.634+0000] {processor.py:830} INFO - Processing file /home/airflow/.local/lib/python3.8/site-packages/airflow/example_dags/example_complex.py for tasks to queue
[2024-04-04T09:44:00.637+0000] {logging_mixin.py:188} INFO - [2024-04-04T09:44:00.637+0000] {dagbag.py:540} INFO - Filling up the DagBag from /home/airflow/.local/lib/python3.8/site-packages/airflow/example_dags/example_complex.py
[2024-04-04T09:44:00.650+0000] {processor.py:840} INFO - DAG(s) 'example_complex' retrieved from /home/airflow/.local/lib/python3.8/site-packages/airflow/example_dags/example_complex.py
[2024-04-04T09:44:00.692+0000] {logging_mixin.py:188} INFO - [2024-04-04T09:44:00.692+0000] {dag.py:3047} INFO - Sync 1 DAGs
[2024-04-04T09:44:00.709+0000] {logging_mixin.py:188} INFO - [2024-04-04T09:44:00.708+0000] {dag.py:3834} INFO - Setting next_dagrun for example_complex to None, run_after=None
[2024-04-04T09:44:00.740+0000] {processor.py:183} INFO - Processing /home/airflow/.local/lib/python3.8/site-packages/airflow/example_dags/example_complex.py took 0.111 seconds
[2024-04-04T09:44:30.952+0000] {processor.py:161} INFO - Started process (PID=710) to work on /home/airflow/.local/lib/python3.8/site-packages/airflow/example_dags/example_complex.py
[2024-04-04T09:44:30.953+0000] {processor.py:830} INFO - Processing file /home/airflow/.local/lib/python3.8/site-packages/airflow/example_dags/example_complex.py for tasks to queue
[2024-04-04T09:44:30.956+0000] {logging_mixin.py:188} INFO - [2024-04-04T09:44:30.956+0000] {dagbag.py:540} INFO - Filling up the DagBag from /home/airflow/.local/lib/python3.8/site-packages/airflow/example_dags/example_complex.py
[2024-04-04T09:44:30.990+0000] {processor.py:840} INFO - DAG(s) 'example_complex' retrieved from /home/airflow/.local/lib/python3.8/site-packages/airflow/example_dags/example_complex.py
[2024-04-04T09:44:31.043+0000] {logging_mixin.py:188} INFO - [2024-04-04T09:44:31.042+0000] {dag.py:3047} INFO - Sync 1 DAGs
[2024-04-04T09:44:31.061+0000] {logging_mixin.py:188} INFO - [2024-04-04T09:44:31.061+0000] {dag.py:3834} INFO - Setting next_dagrun for example_complex to None, run_after=None
[2024-04-04T09:44:31.092+0000] {processor.py:183} INFO - Processing /home/airflow/.local/lib/python3.8/site-packages/airflow/example_dags/example_complex.py took 0.144 seconds
[2024-04-04T09:45:01.183+0000] {processor.py:161} INFO - Started process (PID=766) to work on /home/airflow/.local/lib/python3.8/site-packages/airflow/example_dags/example_complex.py
[2024-04-04T09:45:01.184+0000] {processor.py:830} INFO - Processing file /home/airflow/.local/lib/python3.8/site-packages/airflow/example_dags/example_complex.py for tasks to queue
[2024-04-04T09:45:01.187+0000] {logging_mixin.py:188} INFO - [2024-04-04T09:45:01.186+0000] {dagbag.py:540} INFO - Filling up the DagBag from /home/airflow/.local/lib/python3.8/site-packages/airflow/example_dags/example_complex.py
[2024-04-04T09:45:01.199+0000] {processor.py:840} INFO - DAG(s) 'example_complex' retrieved from /home/airflow/.local/lib/python3.8/site-packages/airflow/example_dags/example_complex.py
[2024-04-04T09:45:01.237+0000] {logging_mixin.py:188} INFO - [2024-04-04T09:45:01.236+0000] {dag.py:3047} INFO - Sync 1 DAGs
[2024-04-04T09:45:01.251+0000] {logging_mixin.py:188} INFO - [2024-04-04T09:45:01.251+0000] {dag.py:3834} INFO - Setting next_dagrun for example_complex to None, run_after=None
[2024-04-04T09:45:01.280+0000] {processor.py:183} INFO - Processing /home/airflow/.local/lib/python3.8/site-packages/airflow/example_dags/example_complex.py took 0.101 seconds
[2024-04-04T09:45:32.162+0000] {processor.py:161} INFO - Started process (PID=821) to work on /home/airflow/.local/lib/python3.8/site-packages/airflow/example_dags/example_complex.py
[2024-04-04T09:45:32.163+0000] {processor.py:830} INFO - Processing file /home/airflow/.local/lib/python3.8/site-packages/airflow/example_dags/example_complex.py for tasks to queue
[2024-04-04T09:45:32.166+0000] {logging_mixin.py:188} INFO - [2024-04-04T09:45:32.165+0000] {dagbag.py:540} INFO - Filling up the DagBag from /home/airflow/.local/lib/python3.8/site-packages/airflow/example_dags/example_complex.py
[2024-04-04T09:45:32.176+0000] {processor.py:840} INFO - DAG(s) 'example_complex' retrieved from /home/airflow/.local/lib/python3.8/site-packages/airflow/example_dags/example_complex.py
[2024-04-04T09:45:32.210+0000] {logging_mixin.py:188} INFO - [2024-04-04T09:45:32.210+0000] {dag.py:3047} INFO - Sync 1 DAGs
[2024-04-04T09:45:32.225+0000] {logging_mixin.py:188} INFO - [2024-04-04T09:45:32.225+0000] {dag.py:3834} INFO - Setting next_dagrun for example_complex to None, run_after=None
[2024-04-04T09:45:32.252+0000] {processor.py:183} INFO - Processing /home/airflow/.local/lib/python3.8/site-packages/airflow/example_dags/example_complex.py took 0.093 seconds
[2024-04-04T09:46:02.908+0000] {processor.py:161} INFO - Started process (PID=877) to work on /home/airflow/.local/lib/python3.8/site-packages/airflow/example_dags/example_complex.py
[2024-04-04T09:46:02.909+0000] {processor.py:830} INFO - Processing file /home/airflow/.local/lib/python3.8/site-packages/airflow/example_dags/example_complex.py for tasks to queue
[2024-04-04T09:46:02.912+0000] {logging_mixin.py:188} INFO - [2024-04-04T09:46:02.911+0000] {dagbag.py:540} INFO - Filling up the DagBag from /home/airflow/.local/lib/python3.8/site-packages/airflow/example_dags/example_complex.py
[2024-04-04T09:46:02.925+0000] {processor.py:840} INFO - DAG(s) 'example_complex' retrieved from /home/airflow/.local/lib/python3.8/site-packages/airflow/example_dags/example_complex.py
[2024-04-04T09:46:02.968+0000] {logging_mixin.py:188} INFO - [2024-04-04T09:46:02.967+0000] {dag.py:3047} INFO - Sync 1 DAGs
[2024-04-04T09:46:02.983+0000] {logging_mixin.py:188} INFO - [2024-04-04T09:46:02.983+0000] {dag.py:3834} INFO - Setting next_dagrun for example_complex to None, run_after=None
[2024-04-04T09:46:03.014+0000] {processor.py:183} INFO - Processing /home/airflow/.local/lib/python3.8/site-packages/airflow/example_dags/example_complex.py took 0.109 seconds
[2024-04-04T09:46:33.078+0000] {processor.py:161} INFO - Started process (PID=933) to work on /home/airflow/.local/lib/python3.8/site-packages/airflow/example_dags/example_complex.py
[2024-04-04T09:46:33.080+0000] {processor.py:830} INFO - Processing file /home/airflow/.local/lib/python3.8/site-packages/airflow/example_dags/example_complex.py for tasks to queue
[2024-04-04T09:46:33.082+0000] {logging_mixin.py:188} INFO - [2024-04-04T09:46:33.081+0000] {dagbag.py:540} INFO - Filling up the DagBag from /home/airflow/.local/lib/python3.8/site-packages/airflow/example_dags/example_complex.py
[2024-04-04T09:46:33.092+0000] {processor.py:840} INFO - DAG(s) 'example_complex' retrieved from /home/airflow/.local/lib/python3.8/site-packages/airflow/example_dags/example_complex.py
[2024-04-04T09:46:33.124+0000] {logging_mixin.py:188} INFO - [2024-04-04T09:46:33.124+0000] {dag.py:3047} INFO - Sync 1 DAGs
[2024-04-04T09:46:33.140+0000] {logging_mixin.py:188} INFO - [2024-04-04T09:46:33.139+0000] {dag.py:3834} INFO - Setting next_dagrun for example_complex to None, run_after=None
[2024-04-04T09:46:33.168+0000] {processor.py:183} INFO - Processing /home/airflow/.local/lib/python3.8/site-packages/airflow/example_dags/example_complex.py took 0.093 seconds
[2024-04-04T09:47:03.655+0000] {processor.py:161} INFO - Started process (PID=989) to work on /home/airflow/.local/lib/python3.8/site-packages/airflow/example_dags/example_complex.py
[2024-04-04T09:47:03.656+0000] {processor.py:830} INFO - Processing file /home/airflow/.local/lib/python3.8/site-packages/airflow/example_dags/example_complex.py for tasks to queue
[2024-04-04T09:47:03.659+0000] {logging_mixin.py:188} INFO - [2024-04-04T09:47:03.658+0000] {dagbag.py:540} INFO - Filling up the DagBag from /home/airflow/.local/lib/python3.8/site-packages/airflow/example_dags/example_complex.py
[2024-04-04T09:47:03.670+0000] {processor.py:840} INFO - DAG(s) 'example_complex' retrieved from /home/airflow/.local/lib/python3.8/site-packages/airflow/example_dags/example_complex.py
[2024-04-04T09:47:03.705+0000] {logging_mixin.py:188} INFO - [2024-04-04T09:47:03.704+0000] {dag.py:3047} INFO - Sync 1 DAGs
[2024-04-04T09:47:03.720+0000] {logging_mixin.py:188} INFO - [2024-04-04T09:47:03.720+0000] {dag.py:3834} INFO - Setting next_dagrun for example_complex to None, run_after=None
[2024-04-04T09:47:03.746+0000] {processor.py:183} INFO - Processing /home/airflow/.local/lib/python3.8/site-packages/airflow/example_dags/example_complex.py took 0.095 seconds
[2024-04-04T09:47:34.246+0000] {processor.py:161} INFO - Started process (PID=1045) to work on /home/airflow/.local/lib/python3.8/site-packages/airflow/example_dags/example_complex.py
[2024-04-04T09:47:34.247+0000] {processor.py:830} INFO - Processing file /home/airflow/.local/lib/python3.8/site-packages/airflow/example_dags/example_complex.py for tasks to queue
[2024-04-04T09:47:34.250+0000] {logging_mixin.py:188} INFO - [2024-04-04T09:47:34.249+0000] {dagbag.py:540} INFO - Filling up the DagBag from /home/airflow/.local/lib/python3.8/site-packages/airflow/example_dags/example_complex.py
[2024-04-04T09:47:34.262+0000] {processor.py:840} INFO - DAG(s) 'example_complex' retrieved from /home/airflow/.local/lib/python3.8/site-packages/airflow/example_dags/example_complex.py
[2024-04-04T09:47:34.297+0000] {logging_mixin.py:188} INFO - [2024-04-04T09:47:34.296+0000] {dag.py:3047} INFO - Sync 1 DAGs
[2024-04-04T09:47:34.312+0000] {logging_mixin.py:188} INFO - [2024-04-04T09:47:34.311+0000] {dag.py:3834} INFO - Setting next_dagrun for example_complex to None, run_after=None
[2024-04-04T09:47:34.339+0000] {processor.py:183} INFO - Processing /home/airflow/.local/lib/python3.8/site-packages/airflow/example_dags/example_complex.py took 0.096 seconds
[2024-04-04T09:48:04.547+0000] {processor.py:161} INFO - Started process (PID=1101) to work on /home/airflow/.local/lib/python3.8/site-packages/airflow/example_dags/example_complex.py
[2024-04-04T09:48:04.549+0000] {processor.py:830} INFO - Processing file /home/airflow/.local/lib/python3.8/site-packages/airflow/example_dags/example_complex.py for tasks to queue
[2024-04-04T09:48:04.551+0000] {logging_mixin.py:188} INFO - [2024-04-04T09:48:04.551+0000] {dagbag.py:540} INFO - Filling up the DagBag from /home/airflow/.local/lib/python3.8/site-packages/airflow/example_dags/example_complex.py
[2024-04-04T09:48:04.562+0000] {processor.py:840} INFO - DAG(s) 'example_complex' retrieved from /home/airflow/.local/lib/python3.8/site-packages/airflow/example_dags/example_complex.py
[2024-04-04T09:48:04.597+0000] {logging_mixin.py:188} INFO - [2024-04-04T09:48:04.596+0000] {dag.py:3047} INFO - Sync 1 DAGs
[2024-04-04T09:48:04.610+0000] {logging_mixin.py:188} INFO - [2024-04-04T09:48:04.610+0000] {dag.py:3834} INFO - Setting next_dagrun for example_complex to None, run_after=None
[2024-04-04T09:48:04.637+0000] {processor.py:183} INFO - Processing /home/airflow/.local/lib/python3.8/site-packages/airflow/example_dags/example_complex.py took 0.093 seconds
[2024-04-04T09:48:34.742+0000] {processor.py:161} INFO - Started process (PID=1157) to work on /home/airflow/.local/lib/python3.8/site-packages/airflow/example_dags/example_complex.py
[2024-04-04T09:48:34.744+0000] {processor.py:830} INFO - Processing file /home/airflow/.local/lib/python3.8/site-packages/airflow/example_dags/example_complex.py for tasks to queue
[2024-04-04T09:48:34.746+0000] {logging_mixin.py:188} INFO - [2024-04-04T09:48:34.746+0000] {dagbag.py:540} INFO - Filling up the DagBag from /home/airflow/.local/lib/python3.8/site-packages/airflow/example_dags/example_complex.py
[2024-04-04T09:48:34.757+0000] {processor.py:840} INFO - DAG(s) 'example_complex' retrieved from /home/airflow/.local/lib/python3.8/site-packages/airflow/example_dags/example_complex.py
[2024-04-04T09:48:34.791+0000] {logging_mixin.py:188} INFO - [2024-04-04T09:48:34.790+0000] {dag.py:3047} INFO - Sync 1 DAGs
[2024-04-04T09:48:34.806+0000] {logging_mixin.py:188} INFO - [2024-04-04T09:48:34.806+0000] {dag.py:3834} INFO - Setting next_dagrun for example_complex to None, run_after=None
[2024-04-04T09:48:34.837+0000] {processor.py:183} INFO - Processing /home/airflow/.local/lib/python3.8/site-packages/airflow/example_dags/example_complex.py took 0.099 seconds
[2024-04-04T09:49:06.106+0000] {processor.py:161} INFO - Started process (PID=1213) to work on /home/airflow/.local/lib/python3.8/site-packages/airflow/example_dags/example_complex.py
[2024-04-04T09:49:06.108+0000] {processor.py:830} INFO - Processing file /home/airflow/.local/lib/python3.8/site-packages/airflow/example_dags/example_complex.py for tasks to queue
[2024-04-04T09:49:06.112+0000] {logging_mixin.py:188} INFO - [2024-04-04T09:49:06.111+0000] {dagbag.py:540} INFO - Filling up the DagBag from /home/airflow/.local/lib/python3.8/site-packages/airflow/example_dags/example_complex.py
[2024-04-04T09:49:06.140+0000] {processor.py:840} INFO - DAG(s) 'example_complex' retrieved from /home/airflow/.local/lib/python3.8/site-packages/airflow/example_dags/example_complex.py
[2024-04-04T09:49:06.216+0000] {logging_mixin.py:188} INFO - [2024-04-04T09:49:06.215+0000] {dag.py:3047} INFO - Sync 1 DAGs
[2024-04-04T09:49:06.232+0000] {logging_mixin.py:188} INFO - [2024-04-04T09:49:06.231+0000] {dag.py:3834} INFO - Setting next_dagrun for example_complex to None, run_after=None
[2024-04-04T09:49:06.268+0000] {processor.py:183} INFO - Processing /home/airflow/.local/lib/python3.8/site-packages/airflow/example_dags/example_complex.py took 0.167 seconds
[2024-04-04T09:49:36.676+0000] {processor.py:161} INFO - Started process (PID=1273) to work on /home/airflow/.local/lib/python3.8/site-packages/airflow/example_dags/example_complex.py
[2024-04-04T09:49:36.678+0000] {processor.py:830} INFO - Processing file /home/airflow/.local/lib/python3.8/site-packages/airflow/example_dags/example_complex.py for tasks to queue
[2024-04-04T09:49:36.680+0000] {logging_mixin.py:188} INFO - [2024-04-04T09:49:36.680+0000] {dagbag.py:540} INFO - Filling up the DagBag from /home/airflow/.local/lib/python3.8/site-packages/airflow/example_dags/example_complex.py
[2024-04-04T09:49:36.711+0000] {processor.py:840} INFO - DAG(s) 'example_complex' retrieved from /home/airflow/.local/lib/python3.8/site-packages/airflow/example_dags/example_complex.py
[2024-04-04T09:49:36.750+0000] {logging_mixin.py:188} INFO - [2024-04-04T09:49:36.749+0000] {dag.py:3047} INFO - Sync 1 DAGs
[2024-04-04T09:49:36.774+0000] {logging_mixin.py:188} INFO - [2024-04-04T09:49:36.774+0000] {dag.py:3834} INFO - Setting next_dagrun for example_complex to None, run_after=None
[2024-04-04T09:49:36.811+0000] {processor.py:183} INFO - Processing /home/airflow/.local/lib/python3.8/site-packages/airflow/example_dags/example_complex.py took 0.140 seconds
[2024-04-04T09:50:06.986+0000] {processor.py:161} INFO - Started process (PID=1329) to work on /home/airflow/.local/lib/python3.8/site-packages/airflow/example_dags/example_complex.py
[2024-04-04T09:50:06.988+0000] {processor.py:830} INFO - Processing file /home/airflow/.local/lib/python3.8/site-packages/airflow/example_dags/example_complex.py for tasks to queue
[2024-04-04T09:50:06.990+0000] {logging_mixin.py:188} INFO - [2024-04-04T09:50:06.989+0000] {dagbag.py:540} INFO - Filling up the DagBag from /home/airflow/.local/lib/python3.8/site-packages/airflow/example_dags/example_complex.py
[2024-04-04T09:50:07.000+0000] {processor.py:840} INFO - DAG(s) 'example_complex' retrieved from /home/airflow/.local/lib/python3.8/site-packages/airflow/example_dags/example_complex.py
[2024-04-04T09:50:07.035+0000] {logging_mixin.py:188} INFO - [2024-04-04T09:50:07.035+0000] {dag.py:3047} INFO - Sync 1 DAGs
[2024-04-04T09:50:07.049+0000] {logging_mixin.py:188} INFO - [2024-04-04T09:50:07.049+0000] {dag.py:3834} INFO - Setting next_dagrun for example_complex to None, run_after=None
[2024-04-04T09:50:07.077+0000] {processor.py:183} INFO - Processing /home/airflow/.local/lib/python3.8/site-packages/airflow/example_dags/example_complex.py took 0.093 seconds
[2024-04-04T09:50:37.172+0000] {processor.py:161} INFO - Started process (PID=1385) to work on /home/airflow/.local/lib/python3.8/site-packages/airflow/example_dags/example_complex.py
[2024-04-04T09:50:37.173+0000] {processor.py:830} INFO - Processing file /home/airflow/.local/lib/python3.8/site-packages/airflow/example_dags/example_complex.py for tasks to queue
[2024-04-04T09:50:37.175+0000] {logging_mixin.py:188} INFO - [2024-04-04T09:50:37.175+0000] {dagbag.py:540} INFO - Filling up the DagBag from /home/airflow/.local/lib/python3.8/site-packages/airflow/example_dags/example_complex.py
[2024-04-04T09:50:37.185+0000] {processor.py:840} INFO - DAG(s) 'example_complex' retrieved from /home/airflow/.local/lib/python3.8/site-packages/airflow/example_dags/example_complex.py
[2024-04-04T09:50:37.217+0000] {logging_mixin.py:188} INFO - [2024-04-04T09:50:37.217+0000] {dag.py:3047} INFO - Sync 1 DAGs
[2024-04-04T09:50:37.230+0000] {logging_mixin.py:188} INFO - [2024-04-04T09:50:37.230+0000] {dag.py:3834} INFO - Setting next_dagrun for example_complex to None, run_after=None
[2024-04-04T09:50:37.255+0000] {processor.py:183} INFO - Processing /home/airflow/.local/lib/python3.8/site-packages/airflow/example_dags/example_complex.py took 0.086 seconds
[2024-04-04T09:51:07.389+0000] {processor.py:161} INFO - Started process (PID=1441) to work on /home/airflow/.local/lib/python3.8/site-packages/airflow/example_dags/example_complex.py
[2024-04-04T09:51:07.391+0000] {processor.py:830} INFO - Processing file /home/airflow/.local/lib/python3.8/site-packages/airflow/example_dags/example_complex.py for tasks to queue
[2024-04-04T09:51:07.394+0000] {logging_mixin.py:188} INFO - [2024-04-04T09:51:07.393+0000] {dagbag.py:540} INFO - Filling up the DagBag from /home/airflow/.local/lib/python3.8/site-packages/airflow/example_dags/example_complex.py
[2024-04-04T09:51:07.405+0000] {processor.py:840} INFO - DAG(s) 'example_complex' retrieved from /home/airflow/.local/lib/python3.8/site-packages/airflow/example_dags/example_complex.py
[2024-04-04T09:51:07.440+0000] {logging_mixin.py:188} INFO - [2024-04-04T09:51:07.439+0000] {dag.py:3047} INFO - Sync 1 DAGs
[2024-04-04T09:51:07.454+0000] {logging_mixin.py:188} INFO - [2024-04-04T09:51:07.454+0000] {dag.py:3834} INFO - Setting next_dagrun for example_complex to None, run_after=None
[2024-04-04T09:51:07.480+0000] {processor.py:183} INFO - Processing /home/airflow/.local/lib/python3.8/site-packages/airflow/example_dags/example_complex.py took 0.094 seconds
[2024-04-04T09:51:37.954+0000] {processor.py:161} INFO - Started process (PID=1497) to work on /home/airflow/.local/lib/python3.8/site-packages/airflow/example_dags/example_complex.py
[2024-04-04T09:51:37.955+0000] {processor.py:830} INFO - Processing file /home/airflow/.local/lib/python3.8/site-packages/airflow/example_dags/example_complex.py for tasks to queue
[2024-04-04T09:51:37.958+0000] {logging_mixin.py:188} INFO - [2024-04-04T09:51:37.957+0000] {dagbag.py:540} INFO - Filling up the DagBag from /home/airflow/.local/lib/python3.8/site-packages/airflow/example_dags/example_complex.py
[2024-04-04T09:51:37.969+0000] {processor.py:840} INFO - DAG(s) 'example_complex' retrieved from /home/airflow/.local/lib/python3.8/site-packages/airflow/example_dags/example_complex.py
[2024-04-04T09:51:38.001+0000] {logging_mixin.py:188} INFO - [2024-04-04T09:51:38.000+0000] {dag.py:3047} INFO - Sync 1 DAGs
[2024-04-04T09:51:38.013+0000] {logging_mixin.py:188} INFO - [2024-04-04T09:51:38.013+0000] {dag.py:3834} INFO - Setting next_dagrun for example_complex to None, run_after=None
[2024-04-04T09:51:38.040+0000] {processor.py:183} INFO - Processing /home/airflow/.local/lib/python3.8/site-packages/airflow/example_dags/example_complex.py took 0.089 seconds
[2024-04-04T09:52:09.740+0000] {processor.py:161} INFO - Started process (PID=1553) to work on /home/airflow/.local/lib/python3.8/site-packages/airflow/example_dags/example_complex.py
[2024-04-04T09:52:09.754+0000] {processor.py:830} INFO - Processing file /home/airflow/.local/lib/python3.8/site-packages/airflow/example_dags/example_complex.py for tasks to queue
[2024-04-04T09:52:09.757+0000] {logging_mixin.py:188} INFO - [2024-04-04T09:52:09.757+0000] {dagbag.py:540} INFO - Filling up the DagBag from /home/airflow/.local/lib/python3.8/site-packages/airflow/example_dags/example_complex.py
[2024-04-04T09:52:09.786+0000] {processor.py:840} INFO - DAG(s) 'example_complex' retrieved from /home/airflow/.local/lib/python3.8/site-packages/airflow/example_dags/example_complex.py
[2024-04-04T09:52:09.858+0000] {logging_mixin.py:188} INFO - [2024-04-04T09:52:09.857+0000] {dag.py:3047} INFO - Sync 1 DAGs
[2024-04-04T09:52:09.901+0000] {logging_mixin.py:188} INFO - [2024-04-04T09:52:09.900+0000] {dag.py:3834} INFO - Setting next_dagrun for example_complex to None, run_after=None
[2024-04-04T09:52:09.959+0000] {processor.py:183} INFO - Processing /home/airflow/.local/lib/python3.8/site-packages/airflow/example_dags/example_complex.py took 0.225 seconds
[2024-04-04T09:52:40.559+0000] {processor.py:161} INFO - Started process (PID=1609) to work on /home/airflow/.local/lib/python3.8/site-packages/airflow/example_dags/example_complex.py
[2024-04-04T09:52:40.562+0000] {processor.py:830} INFO - Processing file /home/airflow/.local/lib/python3.8/site-packages/airflow/example_dags/example_complex.py for tasks to queue
[2024-04-04T09:52:40.564+0000] {logging_mixin.py:188} INFO - [2024-04-04T09:52:40.564+0000] {dagbag.py:540} INFO - Filling up the DagBag from /home/airflow/.local/lib/python3.8/site-packages/airflow/example_dags/example_complex.py
[2024-04-04T09:52:40.578+0000] {processor.py:840} INFO - DAG(s) 'example_complex' retrieved from /home/airflow/.local/lib/python3.8/site-packages/airflow/example_dags/example_complex.py
[2024-04-04T09:52:40.632+0000] {logging_mixin.py:188} INFO - [2024-04-04T09:52:40.632+0000] {dag.py:3047} INFO - Sync 1 DAGs
[2024-04-04T09:52:40.661+0000] {logging_mixin.py:188} INFO - [2024-04-04T09:52:40.661+0000] {dag.py:3834} INFO - Setting next_dagrun for example_complex to None, run_after=None
[2024-04-04T09:52:40.713+0000] {processor.py:183} INFO - Processing /home/airflow/.local/lib/python3.8/site-packages/airflow/example_dags/example_complex.py took 0.158 seconds
[2024-04-04T09:53:11.167+0000] {processor.py:161} INFO - Started process (PID=1665) to work on /home/airflow/.local/lib/python3.8/site-packages/airflow/example_dags/example_complex.py
[2024-04-04T09:53:11.172+0000] {processor.py:830} INFO - Processing file /home/airflow/.local/lib/python3.8/site-packages/airflow/example_dags/example_complex.py for tasks to queue
[2024-04-04T09:53:11.176+0000] {logging_mixin.py:188} INFO - [2024-04-04T09:53:11.175+0000] {dagbag.py:540} INFO - Filling up the DagBag from /home/airflow/.local/lib/python3.8/site-packages/airflow/example_dags/example_complex.py
[2024-04-04T09:53:11.208+0000] {processor.py:840} INFO - DAG(s) 'example_complex' retrieved from /home/airflow/.local/lib/python3.8/site-packages/airflow/example_dags/example_complex.py
[2024-04-04T09:53:11.262+0000] {logging_mixin.py:188} INFO - [2024-04-04T09:53:11.262+0000] {dag.py:3047} INFO - Sync 1 DAGs
[2024-04-04T09:53:11.279+0000] {logging_mixin.py:188} INFO - [2024-04-04T09:53:11.279+0000] {dag.py:3834} INFO - Setting next_dagrun for example_complex to None, run_after=None
[2024-04-04T09:53:11.323+0000] {processor.py:183} INFO - Processing /home/airflow/.local/lib/python3.8/site-packages/airflow/example_dags/example_complex.py took 0.161 seconds
[2024-04-04T09:53:42.240+0000] {processor.py:161} INFO - Started process (PID=1722) to work on /home/airflow/.local/lib/python3.8/site-packages/airflow/example_dags/example_complex.py
[2024-04-04T09:53:42.241+0000] {processor.py:830} INFO - Processing file /home/airflow/.local/lib/python3.8/site-packages/airflow/example_dags/example_complex.py for tasks to queue
[2024-04-04T09:53:42.244+0000] {logging_mixin.py:188} INFO - [2024-04-04T09:53:42.244+0000] {dagbag.py:540} INFO - Filling up the DagBag from /home/airflow/.local/lib/python3.8/site-packages/airflow/example_dags/example_complex.py
[2024-04-04T09:53:42.259+0000] {processor.py:840} INFO - DAG(s) 'example_complex' retrieved from /home/airflow/.local/lib/python3.8/site-packages/airflow/example_dags/example_complex.py
[2024-04-04T09:53:42.312+0000] {logging_mixin.py:188} INFO - [2024-04-04T09:53:42.312+0000] {dag.py:3047} INFO - Sync 1 DAGs
[2024-04-04T09:53:42.341+0000] {logging_mixin.py:188} INFO - [2024-04-04T09:53:42.340+0000] {dag.py:3834} INFO - Setting next_dagrun for example_complex to None, run_after=None
[2024-04-04T09:53:42.381+0000] {processor.py:183} INFO - Processing /home/airflow/.local/lib/python3.8/site-packages/airflow/example_dags/example_complex.py took 0.144 seconds
[2024-04-04T09:54:12.610+0000] {processor.py:161} INFO - Started process (PID=1778) to work on /home/airflow/.local/lib/python3.8/site-packages/airflow/example_dags/example_complex.py
[2024-04-04T09:54:12.611+0000] {processor.py:830} INFO - Processing file /home/airflow/.local/lib/python3.8/site-packages/airflow/example_dags/example_complex.py for tasks to queue
[2024-04-04T09:54:12.614+0000] {logging_mixin.py:188} INFO - [2024-04-04T09:54:12.613+0000] {dagbag.py:540} INFO - Filling up the DagBag from /home/airflow/.local/lib/python3.8/site-packages/airflow/example_dags/example_complex.py
[2024-04-04T09:54:12.626+0000] {processor.py:840} INFO - DAG(s) 'example_complex' retrieved from /home/airflow/.local/lib/python3.8/site-packages/airflow/example_dags/example_complex.py
[2024-04-04T09:54:12.660+0000] {logging_mixin.py:188} INFO - [2024-04-04T09:54:12.659+0000] {dag.py:3047} INFO - Sync 1 DAGs
[2024-04-04T09:54:12.673+0000] {logging_mixin.py:188} INFO - [2024-04-04T09:54:12.673+0000] {dag.py:3834} INFO - Setting next_dagrun for example_complex to None, run_after=None
[2024-04-04T09:54:12.698+0000] {processor.py:183} INFO - Processing /home/airflow/.local/lib/python3.8/site-packages/airflow/example_dags/example_complex.py took 0.090 seconds
[2024-04-04T09:54:43.443+0000] {processor.py:161} INFO - Started process (PID=1835) to work on /home/airflow/.local/lib/python3.8/site-packages/airflow/example_dags/example_complex.py
[2024-04-04T09:54:43.445+0000] {processor.py:830} INFO - Processing file /home/airflow/.local/lib/python3.8/site-packages/airflow/example_dags/example_complex.py for tasks to queue
[2024-04-04T09:54:43.447+0000] {logging_mixin.py:188} INFO - [2024-04-04T09:54:43.446+0000] {dagbag.py:540} INFO - Filling up the DagBag from /home/airflow/.local/lib/python3.8/site-packages/airflow/example_dags/example_complex.py
[2024-04-04T09:54:43.458+0000] {processor.py:840} INFO - DAG(s) 'example_complex' retrieved from /home/airflow/.local/lib/python3.8/site-packages/airflow/example_dags/example_complex.py
[2024-04-04T09:54:43.494+0000] {logging_mixin.py:188} INFO - [2024-04-04T09:54:43.494+0000] {dag.py:3047} INFO - Sync 1 DAGs
[2024-04-04T09:54:43.507+0000] {logging_mixin.py:188} INFO - [2024-04-04T09:54:43.507+0000] {dag.py:3834} INFO - Setting next_dagrun for example_complex to None, run_after=None
[2024-04-04T09:54:43.532+0000] {processor.py:183} INFO - Processing /home/airflow/.local/lib/python3.8/site-packages/airflow/example_dags/example_complex.py took 0.091 seconds
[2024-04-04T09:55:13.775+0000] {processor.py:161} INFO - Started process (PID=1891) to work on /home/airflow/.local/lib/python3.8/site-packages/airflow/example_dags/example_complex.py
[2024-04-04T09:55:13.777+0000] {processor.py:830} INFO - Processing file /home/airflow/.local/lib/python3.8/site-packages/airflow/example_dags/example_complex.py for tasks to queue
[2024-04-04T09:55:13.779+0000] {logging_mixin.py:188} INFO - [2024-04-04T09:55:13.778+0000] {dagbag.py:540} INFO - Filling up the DagBag from /home/airflow/.local/lib/python3.8/site-packages/airflow/example_dags/example_complex.py
[2024-04-04T09:55:13.789+0000] {processor.py:840} INFO - DAG(s) 'example_complex' retrieved from /home/airflow/.local/lib/python3.8/site-packages/airflow/example_dags/example_complex.py
[2024-04-04T09:55:13.824+0000] {logging_mixin.py:188} INFO - [2024-04-04T09:55:13.824+0000] {dag.py:3047} INFO - Sync 1 DAGs
[2024-04-04T09:55:13.840+0000] {logging_mixin.py:188} INFO - [2024-04-04T09:55:13.839+0000] {dag.py:3834} INFO - Setting next_dagrun for example_complex to None, run_after=None
[2024-04-04T09:55:13.868+0000] {processor.py:183} INFO - Processing /home/airflow/.local/lib/python3.8/site-packages/airflow/example_dags/example_complex.py took 0.095 seconds
[2024-04-04T09:55:44.665+0000] {processor.py:161} INFO - Started process (PID=1954) to work on /home/airflow/.local/lib/python3.8/site-packages/airflow/example_dags/example_complex.py
[2024-04-04T09:55:44.666+0000] {processor.py:830} INFO - Processing file /home/airflow/.local/lib/python3.8/site-packages/airflow/example_dags/example_complex.py for tasks to queue
[2024-04-04T09:55:44.668+0000] {logging_mixin.py:188} INFO - [2024-04-04T09:55:44.668+0000] {dagbag.py:540} INFO - Filling up the DagBag from /home/airflow/.local/lib/python3.8/site-packages/airflow/example_dags/example_complex.py
[2024-04-04T09:55:44.680+0000] {processor.py:840} INFO - DAG(s) 'example_complex' retrieved from /home/airflow/.local/lib/python3.8/site-packages/airflow/example_dags/example_complex.py
[2024-04-04T09:55:44.712+0000] {logging_mixin.py:188} INFO - [2024-04-04T09:55:44.712+0000] {dag.py:3047} INFO - Sync 1 DAGs
[2024-04-04T09:55:44.725+0000] {logging_mixin.py:188} INFO - [2024-04-04T09:55:44.725+0000] {dag.py:3834} INFO - Setting next_dagrun for example_complex to None, run_after=None
[2024-04-04T09:55:44.752+0000] {processor.py:183} INFO - Processing /home/airflow/.local/lib/python3.8/site-packages/airflow/example_dags/example_complex.py took 0.090 seconds
[2024-04-04T09:56:14.990+0000] {processor.py:161} INFO - Started process (PID=2012) to work on /home/airflow/.local/lib/python3.8/site-packages/airflow/example_dags/example_complex.py
[2024-04-04T09:56:14.992+0000] {processor.py:830} INFO - Processing file /home/airflow/.local/lib/python3.8/site-packages/airflow/example_dags/example_complex.py for tasks to queue
[2024-04-04T09:56:14.994+0000] {logging_mixin.py:188} INFO - [2024-04-04T09:56:14.994+0000] {dagbag.py:540} INFO - Filling up the DagBag from /home/airflow/.local/lib/python3.8/site-packages/airflow/example_dags/example_complex.py
[2024-04-04T09:56:15.005+0000] {processor.py:840} INFO - DAG(s) 'example_complex' retrieved from /home/airflow/.local/lib/python3.8/site-packages/airflow/example_dags/example_complex.py
[2024-04-04T09:56:15.039+0000] {logging_mixin.py:188} INFO - [2024-04-04T09:56:15.039+0000] {dag.py:3047} INFO - Sync 1 DAGs
[2024-04-04T09:56:15.054+0000] {logging_mixin.py:188} INFO - [2024-04-04T09:56:15.053+0000] {dag.py:3834} INFO - Setting next_dagrun for example_complex to None, run_after=None
[2024-04-04T09:56:15.082+0000] {processor.py:183} INFO - Processing /home/airflow/.local/lib/python3.8/site-packages/airflow/example_dags/example_complex.py took 0.094 seconds
[2024-04-04T09:56:45.415+0000] {processor.py:161} INFO - Started process (PID=2068) to work on /home/airflow/.local/lib/python3.8/site-packages/airflow/example_dags/example_complex.py
[2024-04-04T09:56:45.416+0000] {processor.py:830} INFO - Processing file /home/airflow/.local/lib/python3.8/site-packages/airflow/example_dags/example_complex.py for tasks to queue
[2024-04-04T09:56:45.419+0000] {logging_mixin.py:188} INFO - [2024-04-04T09:56:45.419+0000] {dagbag.py:540} INFO - Filling up the DagBag from /home/airflow/.local/lib/python3.8/site-packages/airflow/example_dags/example_complex.py
[2024-04-04T09:56:45.431+0000] {processor.py:840} INFO - DAG(s) 'example_complex' retrieved from /home/airflow/.local/lib/python3.8/site-packages/airflow/example_dags/example_complex.py
[2024-04-04T09:56:45.474+0000] {logging_mixin.py:188} INFO - [2024-04-04T09:56:45.473+0000] {dag.py:3047} INFO - Sync 1 DAGs
[2024-04-04T09:56:45.494+0000] {logging_mixin.py:188} INFO - [2024-04-04T09:56:45.494+0000] {dag.py:3834} INFO - Setting next_dagrun for example_complex to None, run_after=None
[2024-04-04T09:56:45.529+0000] {processor.py:183} INFO - Processing /home/airflow/.local/lib/python3.8/site-packages/airflow/example_dags/example_complex.py took 0.117 seconds
[2024-04-04T09:57:15.885+0000] {processor.py:161} INFO - Started process (PID=2124) to work on /home/airflow/.local/lib/python3.8/site-packages/airflow/example_dags/example_complex.py
[2024-04-04T09:57:15.887+0000] {processor.py:830} INFO - Processing file /home/airflow/.local/lib/python3.8/site-packages/airflow/example_dags/example_complex.py for tasks to queue
[2024-04-04T09:57:15.889+0000] {logging_mixin.py:188} INFO - [2024-04-04T09:57:15.889+0000] {dagbag.py:540} INFO - Filling up the DagBag from /home/airflow/.local/lib/python3.8/site-packages/airflow/example_dags/example_complex.py
[2024-04-04T09:57:15.904+0000] {processor.py:840} INFO - DAG(s) 'example_complex' retrieved from /home/airflow/.local/lib/python3.8/site-packages/airflow/example_dags/example_complex.py
[2024-04-04T09:57:15.941+0000] {logging_mixin.py:188} INFO - [2024-04-04T09:57:15.941+0000] {dag.py:3047} INFO - Sync 1 DAGs
[2024-04-04T09:57:15.955+0000] {logging_mixin.py:188} INFO - [2024-04-04T09:57:15.954+0000] {dag.py:3834} INFO - Setting next_dagrun for example_complex to None, run_after=None
[2024-04-04T09:57:15.981+0000] {processor.py:183} INFO - Processing /home/airflow/.local/lib/python3.8/site-packages/airflow/example_dags/example_complex.py took 0.099 seconds
[2024-04-04T09:57:46.080+0000] {processor.py:161} INFO - Started process (PID=2180) to work on /home/airflow/.local/lib/python3.8/site-packages/airflow/example_dags/example_complex.py
[2024-04-04T09:57:46.081+0000] {processor.py:830} INFO - Processing file /home/airflow/.local/lib/python3.8/site-packages/airflow/example_dags/example_complex.py for tasks to queue
[2024-04-04T09:57:46.084+0000] {logging_mixin.py:188} INFO - [2024-04-04T09:57:46.084+0000] {dagbag.py:540} INFO - Filling up the DagBag from /home/airflow/.local/lib/python3.8/site-packages/airflow/example_dags/example_complex.py
[2024-04-04T09:57:46.094+0000] {processor.py:840} INFO - DAG(s) 'example_complex' retrieved from /home/airflow/.local/lib/python3.8/site-packages/airflow/example_dags/example_complex.py
[2024-04-04T09:57:46.126+0000] {logging_mixin.py:188} INFO - [2024-04-04T09:57:46.125+0000] {dag.py:3047} INFO - Sync 1 DAGs
[2024-04-04T09:57:46.137+0000] {logging_mixin.py:188} INFO - [2024-04-04T09:57:46.137+0000] {dag.py:3834} INFO - Setting next_dagrun for example_complex to None, run_after=None
[2024-04-04T09:57:46.162+0000] {processor.py:183} INFO - Processing /home/airflow/.local/lib/python3.8/site-packages/airflow/example_dags/example_complex.py took 0.085 seconds
[2024-04-04T09:58:16.524+0000] {processor.py:161} INFO - Started process (PID=2236) to work on /home/airflow/.local/lib/python3.8/site-packages/airflow/example_dags/example_complex.py
[2024-04-04T09:58:16.526+0000] {processor.py:830} INFO - Processing file /home/airflow/.local/lib/python3.8/site-packages/airflow/example_dags/example_complex.py for tasks to queue
[2024-04-04T09:58:16.528+0000] {logging_mixin.py:188} INFO - [2024-04-04T09:58:16.528+0000] {dagbag.py:540} INFO - Filling up the DagBag from /home/airflow/.local/lib/python3.8/site-packages/airflow/example_dags/example_complex.py
[2024-04-04T09:58:16.541+0000] {processor.py:840} INFO - DAG(s) 'example_complex' retrieved from /home/airflow/.local/lib/python3.8/site-packages/airflow/example_dags/example_complex.py
[2024-04-04T09:58:16.573+0000] {logging_mixin.py:188} INFO - [2024-04-04T09:58:16.572+0000] {dag.py:3047} INFO - Sync 1 DAGs
[2024-04-04T09:58:16.586+0000] {logging_mixin.py:188} INFO - [2024-04-04T09:58:16.586+0000] {dag.py:3834} INFO - Setting next_dagrun for example_complex to None, run_after=None
[2024-04-04T09:58:16.610+0000] {processor.py:183} INFO - Processing /home/airflow/.local/lib/python3.8/site-packages/airflow/example_dags/example_complex.py took 0.088 seconds
[2024-04-04T09:58:46.745+0000] {processor.py:161} INFO - Started process (PID=2292) to work on /home/airflow/.local/lib/python3.8/site-packages/airflow/example_dags/example_complex.py
[2024-04-04T09:58:46.747+0000] {processor.py:830} INFO - Processing file /home/airflow/.local/lib/python3.8/site-packages/airflow/example_dags/example_complex.py for tasks to queue
[2024-04-04T09:58:46.749+0000] {logging_mixin.py:188} INFO - [2024-04-04T09:58:46.748+0000] {dagbag.py:540} INFO - Filling up the DagBag from /home/airflow/.local/lib/python3.8/site-packages/airflow/example_dags/example_complex.py
[2024-04-04T09:58:46.759+0000] {processor.py:840} INFO - DAG(s) 'example_complex' retrieved from /home/airflow/.local/lib/python3.8/site-packages/airflow/example_dags/example_complex.py
[2024-04-04T09:58:46.792+0000] {logging_mixin.py:188} INFO - [2024-04-04T09:58:46.791+0000] {dag.py:3047} INFO - Sync 1 DAGs
[2024-04-04T09:58:46.804+0000] {logging_mixin.py:188} INFO - [2024-04-04T09:58:46.804+0000] {dag.py:3834} INFO - Setting next_dagrun for example_complex to None, run_after=None
[2024-04-04T09:58:46.830+0000] {processor.py:183} INFO - Processing /home/airflow/.local/lib/python3.8/site-packages/airflow/example_dags/example_complex.py took 0.088 seconds
[2024-04-04T09:59:17.079+0000] {processor.py:161} INFO - Started process (PID=2348) to work on /home/airflow/.local/lib/python3.8/site-packages/airflow/example_dags/example_complex.py
[2024-04-04T09:59:17.081+0000] {processor.py:830} INFO - Processing file /home/airflow/.local/lib/python3.8/site-packages/airflow/example_dags/example_complex.py for tasks to queue
[2024-04-04T09:59:17.083+0000] {logging_mixin.py:188} INFO - [2024-04-04T09:59:17.082+0000] {dagbag.py:540} INFO - Filling up the DagBag from /home/airflow/.local/lib/python3.8/site-packages/airflow/example_dags/example_complex.py
[2024-04-04T09:59:17.093+0000] {processor.py:840} INFO - DAG(s) 'example_complex' retrieved from /home/airflow/.local/lib/python3.8/site-packages/airflow/example_dags/example_complex.py
[2024-04-04T09:59:17.126+0000] {logging_mixin.py:188} INFO - [2024-04-04T09:59:17.125+0000] {dag.py:3047} INFO - Sync 1 DAGs
[2024-04-04T09:59:17.139+0000] {logging_mixin.py:188} INFO - [2024-04-04T09:59:17.139+0000] {dag.py:3834} INFO - Setting next_dagrun for example_complex to None, run_after=None
[2024-04-04T09:59:17.165+0000] {processor.py:183} INFO - Processing /home/airflow/.local/lib/python3.8/site-packages/airflow/example_dags/example_complex.py took 0.088 seconds
[2024-04-04T09:59:47.525+0000] {processor.py:161} INFO - Started process (PID=2404) to work on /home/airflow/.local/lib/python3.8/site-packages/airflow/example_dags/example_complex.py
[2024-04-04T09:59:47.527+0000] {processor.py:830} INFO - Processing file /home/airflow/.local/lib/python3.8/site-packages/airflow/example_dags/example_complex.py for tasks to queue
[2024-04-04T09:59:47.529+0000] {logging_mixin.py:188} INFO - [2024-04-04T09:59:47.528+0000] {dagbag.py:540} INFO - Filling up the DagBag from /home/airflow/.local/lib/python3.8/site-packages/airflow/example_dags/example_complex.py
[2024-04-04T09:59:47.542+0000] {processor.py:840} INFO - DAG(s) 'example_complex' retrieved from /home/airflow/.local/lib/python3.8/site-packages/airflow/example_dags/example_complex.py
[2024-04-04T09:59:47.577+0000] {logging_mixin.py:188} INFO - [2024-04-04T09:59:47.577+0000] {dag.py:3047} INFO - Sync 1 DAGs
[2024-04-04T09:59:47.591+0000] {logging_mixin.py:188} INFO - [2024-04-04T09:59:47.590+0000] {dag.py:3834} INFO - Setting next_dagrun for example_complex to None, run_after=None
[2024-04-04T09:59:47.621+0000] {processor.py:183} INFO - Processing /home/airflow/.local/lib/python3.8/site-packages/airflow/example_dags/example_complex.py took 0.099 seconds
[2024-04-04T10:00:17.901+0000] {processor.py:161} INFO - Started process (PID=2460) to work on /home/airflow/.local/lib/python3.8/site-packages/airflow/example_dags/example_complex.py
[2024-04-04T10:00:17.903+0000] {processor.py:830} INFO - Processing file /home/airflow/.local/lib/python3.8/site-packages/airflow/example_dags/example_complex.py for tasks to queue
[2024-04-04T10:00:17.905+0000] {logging_mixin.py:188} INFO - [2024-04-04T10:00:17.905+0000] {dagbag.py:540} INFO - Filling up the DagBag from /home/airflow/.local/lib/python3.8/site-packages/airflow/example_dags/example_complex.py
[2024-04-04T10:00:17.916+0000] {processor.py:840} INFO - DAG(s) 'example_complex' retrieved from /home/airflow/.local/lib/python3.8/site-packages/airflow/example_dags/example_complex.py
[2024-04-04T10:00:17.948+0000] {logging_mixin.py:188} INFO - [2024-04-04T10:00:17.948+0000] {dag.py:3047} INFO - Sync 1 DAGs
[2024-04-04T10:00:17.962+0000] {logging_mixin.py:188} INFO - [2024-04-04T10:00:17.961+0000] {dag.py:3834} INFO - Setting next_dagrun for example_complex to None, run_after=None
[2024-04-04T10:00:17.987+0000] {processor.py:183} INFO - Processing /home/airflow/.local/lib/python3.8/site-packages/airflow/example_dags/example_complex.py took 0.088 seconds
[2024-04-04T10:00:48.866+0000] {processor.py:161} INFO - Started process (PID=2516) to work on /home/airflow/.local/lib/python3.8/site-packages/airflow/example_dags/example_complex.py
[2024-04-04T10:00:48.867+0000] {processor.py:830} INFO - Processing file /home/airflow/.local/lib/python3.8/site-packages/airflow/example_dags/example_complex.py for tasks to queue
[2024-04-04T10:00:48.869+0000] {logging_mixin.py:188} INFO - [2024-04-04T10:00:48.869+0000] {dagbag.py:540} INFO - Filling up the DagBag from /home/airflow/.local/lib/python3.8/site-packages/airflow/example_dags/example_complex.py
[2024-04-04T10:00:48.881+0000] {processor.py:840} INFO - DAG(s) 'example_complex' retrieved from /home/airflow/.local/lib/python3.8/site-packages/airflow/example_dags/example_complex.py
[2024-04-04T10:00:48.916+0000] {logging_mixin.py:188} INFO - [2024-04-04T10:00:48.916+0000] {dag.py:3047} INFO - Sync 1 DAGs
[2024-04-04T10:00:48.928+0000] {logging_mixin.py:188} INFO - [2024-04-04T10:00:48.928+0000] {dag.py:3834} INFO - Setting next_dagrun for example_complex to None, run_after=None
[2024-04-04T10:00:48.953+0000] {processor.py:183} INFO - Processing /home/airflow/.local/lib/python3.8/site-packages/airflow/example_dags/example_complex.py took 0.090 seconds
[2024-04-04T10:01:19.083+0000] {processor.py:161} INFO - Started process (PID=2573) to work on /home/airflow/.local/lib/python3.8/site-packages/airflow/example_dags/example_complex.py
[2024-04-04T10:01:19.084+0000] {processor.py:830} INFO - Processing file /home/airflow/.local/lib/python3.8/site-packages/airflow/example_dags/example_complex.py for tasks to queue
[2024-04-04T10:01:19.087+0000] {logging_mixin.py:188} INFO - [2024-04-04T10:01:19.087+0000] {dagbag.py:540} INFO - Filling up the DagBag from /home/airflow/.local/lib/python3.8/site-packages/airflow/example_dags/example_complex.py
[2024-04-04T10:01:19.099+0000] {processor.py:840} INFO - DAG(s) 'example_complex' retrieved from /home/airflow/.local/lib/python3.8/site-packages/airflow/example_dags/example_complex.py
[2024-04-04T10:01:19.134+0000] {logging_mixin.py:188} INFO - [2024-04-04T10:01:19.133+0000] {dag.py:3047} INFO - Sync 1 DAGs
[2024-04-04T10:01:19.148+0000] {logging_mixin.py:188} INFO - [2024-04-04T10:01:19.148+0000] {dag.py:3834} INFO - Setting next_dagrun for example_complex to None, run_after=None
[2024-04-04T10:01:19.176+0000] {processor.py:183} INFO - Processing /home/airflow/.local/lib/python3.8/site-packages/airflow/example_dags/example_complex.py took 0.097 seconds
[2024-04-04T10:01:49.316+0000] {processor.py:161} INFO - Started process (PID=2629) to work on /home/airflow/.local/lib/python3.8/site-packages/airflow/example_dags/example_complex.py
[2024-04-04T10:01:49.318+0000] {processor.py:830} INFO - Processing file /home/airflow/.local/lib/python3.8/site-packages/airflow/example_dags/example_complex.py for tasks to queue
[2024-04-04T10:01:49.320+0000] {logging_mixin.py:188} INFO - [2024-04-04T10:01:49.320+0000] {dagbag.py:540} INFO - Filling up the DagBag from /home/airflow/.local/lib/python3.8/site-packages/airflow/example_dags/example_complex.py
[2024-04-04T10:01:49.331+0000] {processor.py:840} INFO - DAG(s) 'example_complex' retrieved from /home/airflow/.local/lib/python3.8/site-packages/airflow/example_dags/example_complex.py
[2024-04-04T10:01:49.364+0000] {logging_mixin.py:188} INFO - [2024-04-04T10:01:49.363+0000] {dag.py:3047} INFO - Sync 1 DAGs
[2024-04-04T10:01:49.376+0000] {logging_mixin.py:188} INFO - [2024-04-04T10:01:49.375+0000] {dag.py:3834} INFO - Setting next_dagrun for example_complex to None, run_after=None
[2024-04-04T10:01:49.403+0000] {processor.py:183} INFO - Processing /home/airflow/.local/lib/python3.8/site-packages/airflow/example_dags/example_complex.py took 0.089 seconds
[2024-04-04T10:02:20.134+0000] {processor.py:161} INFO - Started process (PID=2685) to work on /home/airflow/.local/lib/python3.8/site-packages/airflow/example_dags/example_complex.py
[2024-04-04T10:02:20.135+0000] {processor.py:830} INFO - Processing file /home/airflow/.local/lib/python3.8/site-packages/airflow/example_dags/example_complex.py for tasks to queue
[2024-04-04T10:02:20.137+0000] {logging_mixin.py:188} INFO - [2024-04-04T10:02:20.137+0000] {dagbag.py:540} INFO - Filling up the DagBag from /home/airflow/.local/lib/python3.8/site-packages/airflow/example_dags/example_complex.py
[2024-04-04T10:02:20.147+0000] {processor.py:840} INFO - DAG(s) 'example_complex' retrieved from /home/airflow/.local/lib/python3.8/site-packages/airflow/example_dags/example_complex.py
[2024-04-04T10:02:20.182+0000] {logging_mixin.py:188} INFO - [2024-04-04T10:02:20.182+0000] {dag.py:3047} INFO - Sync 1 DAGs
[2024-04-04T10:02:20.195+0000] {logging_mixin.py:188} INFO - [2024-04-04T10:02:20.195+0000] {dag.py:3834} INFO - Setting next_dagrun for example_complex to None, run_after=None
[2024-04-04T10:02:20.221+0000] {processor.py:183} INFO - Processing /home/airflow/.local/lib/python3.8/site-packages/airflow/example_dags/example_complex.py took 0.091 seconds
[2024-04-04T10:02:50.774+0000] {processor.py:161} INFO - Started process (PID=2741) to work on /home/airflow/.local/lib/python3.8/site-packages/airflow/example_dags/example_complex.py
[2024-04-04T10:02:50.776+0000] {processor.py:830} INFO - Processing file /home/airflow/.local/lib/python3.8/site-packages/airflow/example_dags/example_complex.py for tasks to queue
[2024-04-04T10:02:50.781+0000] {logging_mixin.py:188} INFO - [2024-04-04T10:02:50.780+0000] {dagbag.py:540} INFO - Filling up the DagBag from /home/airflow/.local/lib/python3.8/site-packages/airflow/example_dags/example_complex.py
[2024-04-04T10:02:50.801+0000] {processor.py:840} INFO - DAG(s) 'example_complex' retrieved from /home/airflow/.local/lib/python3.8/site-packages/airflow/example_dags/example_complex.py
[2024-04-04T10:02:50.863+0000] {logging_mixin.py:188} INFO - [2024-04-04T10:02:50.862+0000] {dag.py:3047} INFO - Sync 1 DAGs
[2024-04-04T10:02:50.879+0000] {logging_mixin.py:188} INFO - [2024-04-04T10:02:50.878+0000] {dag.py:3834} INFO - Setting next_dagrun for example_complex to None, run_after=None
[2024-04-04T10:02:50.913+0000] {processor.py:183} INFO - Processing /home/airflow/.local/lib/python3.8/site-packages/airflow/example_dags/example_complex.py took 0.145 seconds
[2024-04-04T10:03:21.157+0000] {processor.py:161} INFO - Started process (PID=2797) to work on /home/airflow/.local/lib/python3.8/site-packages/airflow/example_dags/example_complex.py
[2024-04-04T10:03:21.158+0000] {processor.py:830} INFO - Processing file /home/airflow/.local/lib/python3.8/site-packages/airflow/example_dags/example_complex.py for tasks to queue
[2024-04-04T10:03:21.161+0000] {logging_mixin.py:188} INFO - [2024-04-04T10:03:21.160+0000] {dagbag.py:540} INFO - Filling up the DagBag from /home/airflow/.local/lib/python3.8/site-packages/airflow/example_dags/example_complex.py
[2024-04-04T10:03:21.176+0000] {processor.py:840} INFO - DAG(s) 'example_complex' retrieved from /home/airflow/.local/lib/python3.8/site-packages/airflow/example_dags/example_complex.py
[2024-04-04T10:03:21.212+0000] {logging_mixin.py:188} INFO - [2024-04-04T10:03:21.212+0000] {dag.py:3047} INFO - Sync 1 DAGs
[2024-04-04T10:03:21.228+0000] {logging_mixin.py:188} INFO - [2024-04-04T10:03:21.228+0000] {dag.py:3834} INFO - Setting next_dagrun for example_complex to None, run_after=None
[2024-04-04T10:03:21.256+0000] {processor.py:183} INFO - Processing /home/airflow/.local/lib/python3.8/site-packages/airflow/example_dags/example_complex.py took 0.104 seconds
