[2024-04-04T09:38:55.328+0000] {processor.py:161} INFO - Started process (PID=73) to work on /home/airflow/.local/lib/python3.8/site-packages/airflow/example_dags/example_nested_branch_dag.py
[2024-04-04T09:38:55.329+0000] {processor.py:830} INFO - Processing file /home/airflow/.local/lib/python3.8/site-packages/airflow/example_dags/example_nested_branch_dag.py for tasks to queue
[2024-04-04T09:38:55.332+0000] {logging_mixin.py:188} INFO - [2024-04-04T09:38:55.331+0000] {dagbag.py:540} INFO - Filling up the DagBag from /home/airflow/.local/lib/python3.8/site-packages/airflow/example_dags/example_nested_branch_dag.py
[2024-04-04T09:38:55.345+0000] {processor.py:840} INFO - DAG(s) 'example_nested_branch_dag' retrieved from /home/airflow/.local/lib/python3.8/site-packages/airflow/example_dags/example_nested_branch_dag.py
[2024-04-04T09:38:55.473+0000] {logging_mixin.py:188} INFO - [2024-04-04T09:38:55.473+0000] {dag.py:3047} INFO - Sync 1 DAGs
[2024-04-04T09:38:55.503+0000] {logging_mixin.py:188} INFO - [2024-04-04T09:38:55.503+0000] {dag.py:3834} INFO - Setting next_dagrun for example_nested_branch_dag to 2024-04-03 00:00:00+00:00, run_after=2024-04-04 00:00:00+00:00
[2024-04-04T09:38:55.551+0000] {processor.py:183} INFO - Processing /home/airflow/.local/lib/python3.8/site-packages/airflow/example_dags/example_nested_branch_dag.py took 0.227 seconds
[2024-04-04T09:39:25.625+0000] {processor.py:161} INFO - Started process (PID=129) to work on /home/airflow/.local/lib/python3.8/site-packages/airflow/example_dags/example_nested_branch_dag.py
[2024-04-04T09:39:25.626+0000] {processor.py:830} INFO - Processing file /home/airflow/.local/lib/python3.8/site-packages/airflow/example_dags/example_nested_branch_dag.py for tasks to queue
[2024-04-04T09:39:25.629+0000] {logging_mixin.py:188} INFO - [2024-04-04T09:39:25.628+0000] {dagbag.py:540} INFO - Filling up the DagBag from /home/airflow/.local/lib/python3.8/site-packages/airflow/example_dags/example_nested_branch_dag.py
[2024-04-04T09:39:25.639+0000] {processor.py:840} INFO - DAG(s) 'example_nested_branch_dag' retrieved from /home/airflow/.local/lib/python3.8/site-packages/airflow/example_dags/example_nested_branch_dag.py
[2024-04-04T09:39:25.663+0000] {logging_mixin.py:188} INFO - [2024-04-04T09:39:25.663+0000] {dag.py:3047} INFO - Sync 1 DAGs
[2024-04-04T09:39:25.686+0000] {logging_mixin.py:188} INFO - [2024-04-04T09:39:25.685+0000] {dag.py:3834} INFO - Setting next_dagrun for example_nested_branch_dag to 2024-04-03 00:00:00+00:00, run_after=2024-04-04 00:00:00+00:00
[2024-04-04T09:39:25.710+0000] {processor.py:183} INFO - Processing /home/airflow/.local/lib/python3.8/site-packages/airflow/example_dags/example_nested_branch_dag.py took 0.087 seconds
[2024-04-04T09:39:56.028+0000] {processor.py:161} INFO - Started process (PID=185) to work on /home/airflow/.local/lib/python3.8/site-packages/airflow/example_dags/example_nested_branch_dag.py
[2024-04-04T09:39:56.030+0000] {processor.py:830} INFO - Processing file /home/airflow/.local/lib/python3.8/site-packages/airflow/example_dags/example_nested_branch_dag.py for tasks to queue
[2024-04-04T09:39:56.032+0000] {logging_mixin.py:188} INFO - [2024-04-04T09:39:56.031+0000] {dagbag.py:540} INFO - Filling up the DagBag from /home/airflow/.local/lib/python3.8/site-packages/airflow/example_dags/example_nested_branch_dag.py
[2024-04-04T09:39:56.042+0000] {processor.py:840} INFO - DAG(s) 'example_nested_branch_dag' retrieved from /home/airflow/.local/lib/python3.8/site-packages/airflow/example_dags/example_nested_branch_dag.py
[2024-04-04T09:39:56.068+0000] {logging_mixin.py:188} INFO - [2024-04-04T09:39:56.067+0000] {dag.py:3047} INFO - Sync 1 DAGs
[2024-04-04T09:39:56.094+0000] {logging_mixin.py:188} INFO - [2024-04-04T09:39:56.094+0000] {dag.py:3834} INFO - Setting next_dagrun for example_nested_branch_dag to 2024-04-03 00:00:00+00:00, run_after=2024-04-04 00:00:00+00:00
[2024-04-04T09:39:56.121+0000] {processor.py:183} INFO - Processing /home/airflow/.local/lib/python3.8/site-packages/airflow/example_dags/example_nested_branch_dag.py took 0.095 seconds
[2024-04-04T09:40:26.653+0000] {processor.py:161} INFO - Started process (PID=241) to work on /home/airflow/.local/lib/python3.8/site-packages/airflow/example_dags/example_nested_branch_dag.py
[2024-04-04T09:40:26.655+0000] {processor.py:830} INFO - Processing file /home/airflow/.local/lib/python3.8/site-packages/airflow/example_dags/example_nested_branch_dag.py for tasks to queue
[2024-04-04T09:40:26.656+0000] {logging_mixin.py:188} INFO - [2024-04-04T09:40:26.656+0000] {dagbag.py:540} INFO - Filling up the DagBag from /home/airflow/.local/lib/python3.8/site-packages/airflow/example_dags/example_nested_branch_dag.py
[2024-04-04T09:40:26.669+0000] {processor.py:840} INFO - DAG(s) 'example_nested_branch_dag' retrieved from /home/airflow/.local/lib/python3.8/site-packages/airflow/example_dags/example_nested_branch_dag.py
[2024-04-04T09:40:26.701+0000] {logging_mixin.py:188} INFO - [2024-04-04T09:40:26.700+0000] {dag.py:3047} INFO - Sync 1 DAGs
[2024-04-04T09:40:26.723+0000] {logging_mixin.py:188} INFO - [2024-04-04T09:40:26.723+0000] {dag.py:3834} INFO - Setting next_dagrun for example_nested_branch_dag to 2024-04-03 00:00:00+00:00, run_after=2024-04-04 00:00:00+00:00
[2024-04-04T09:40:26.751+0000] {processor.py:183} INFO - Processing /home/airflow/.local/lib/python3.8/site-packages/airflow/example_dags/example_nested_branch_dag.py took 0.101 seconds
[2024-04-04T09:40:56.868+0000] {processor.py:161} INFO - Started process (PID=297) to work on /home/airflow/.local/lib/python3.8/site-packages/airflow/example_dags/example_nested_branch_dag.py
[2024-04-04T09:40:56.870+0000] {processor.py:830} INFO - Processing file /home/airflow/.local/lib/python3.8/site-packages/airflow/example_dags/example_nested_branch_dag.py for tasks to queue
[2024-04-04T09:40:56.872+0000] {logging_mixin.py:188} INFO - [2024-04-04T09:40:56.871+0000] {dagbag.py:540} INFO - Filling up the DagBag from /home/airflow/.local/lib/python3.8/site-packages/airflow/example_dags/example_nested_branch_dag.py
[2024-04-04T09:40:56.881+0000] {processor.py:840} INFO - DAG(s) 'example_nested_branch_dag' retrieved from /home/airflow/.local/lib/python3.8/site-packages/airflow/example_dags/example_nested_branch_dag.py
[2024-04-04T09:40:56.905+0000] {logging_mixin.py:188} INFO - [2024-04-04T09:40:56.905+0000] {dag.py:3047} INFO - Sync 1 DAGs
[2024-04-04T09:40:56.931+0000] {logging_mixin.py:188} INFO - [2024-04-04T09:40:56.930+0000] {dag.py:3834} INFO - Setting next_dagrun for example_nested_branch_dag to 2024-04-03 00:00:00+00:00, run_after=2024-04-04 00:00:00+00:00
[2024-04-04T09:40:56.957+0000] {processor.py:183} INFO - Processing /home/airflow/.local/lib/python3.8/site-packages/airflow/example_dags/example_nested_branch_dag.py took 0.092 seconds
[2024-04-04T09:41:27.338+0000] {processor.py:161} INFO - Started process (PID=353) to work on /home/airflow/.local/lib/python3.8/site-packages/airflow/example_dags/example_nested_branch_dag.py
[2024-04-04T09:41:27.339+0000] {processor.py:830} INFO - Processing file /home/airflow/.local/lib/python3.8/site-packages/airflow/example_dags/example_nested_branch_dag.py for tasks to queue
[2024-04-04T09:41:27.342+0000] {logging_mixin.py:188} INFO - [2024-04-04T09:41:27.341+0000] {dagbag.py:540} INFO - Filling up the DagBag from /home/airflow/.local/lib/python3.8/site-packages/airflow/example_dags/example_nested_branch_dag.py
[2024-04-04T09:41:27.353+0000] {processor.py:840} INFO - DAG(s) 'example_nested_branch_dag' retrieved from /home/airflow/.local/lib/python3.8/site-packages/airflow/example_dags/example_nested_branch_dag.py
[2024-04-04T09:41:27.380+0000] {logging_mixin.py:188} INFO - [2024-04-04T09:41:27.380+0000] {dag.py:3047} INFO - Sync 1 DAGs
[2024-04-04T09:41:27.410+0000] {logging_mixin.py:188} INFO - [2024-04-04T09:41:27.409+0000] {dag.py:3834} INFO - Setting next_dagrun for example_nested_branch_dag to 2024-04-03 00:00:00+00:00, run_after=2024-04-04 00:00:00+00:00
[2024-04-04T09:41:27.439+0000] {processor.py:183} INFO - Processing /home/airflow/.local/lib/python3.8/site-packages/airflow/example_dags/example_nested_branch_dag.py took 0.105 seconds
[2024-04-04T09:41:57.718+0000] {processor.py:161} INFO - Started process (PID=409) to work on /home/airflow/.local/lib/python3.8/site-packages/airflow/example_dags/example_nested_branch_dag.py
[2024-04-04T09:41:57.719+0000] {processor.py:830} INFO - Processing file /home/airflow/.local/lib/python3.8/site-packages/airflow/example_dags/example_nested_branch_dag.py for tasks to queue
[2024-04-04T09:41:57.722+0000] {logging_mixin.py:188} INFO - [2024-04-04T09:41:57.722+0000] {dagbag.py:540} INFO - Filling up the DagBag from /home/airflow/.local/lib/python3.8/site-packages/airflow/example_dags/example_nested_branch_dag.py
[2024-04-04T09:41:57.732+0000] {processor.py:840} INFO - DAG(s) 'example_nested_branch_dag' retrieved from /home/airflow/.local/lib/python3.8/site-packages/airflow/example_dags/example_nested_branch_dag.py
[2024-04-04T09:41:57.756+0000] {logging_mixin.py:188} INFO - [2024-04-04T09:41:57.756+0000] {dag.py:3047} INFO - Sync 1 DAGs
[2024-04-04T09:41:57.783+0000] {logging_mixin.py:188} INFO - [2024-04-04T09:41:57.783+0000] {dag.py:3834} INFO - Setting next_dagrun for example_nested_branch_dag to 2024-04-03 00:00:00+00:00, run_after=2024-04-04 00:00:00+00:00
[2024-04-04T09:41:57.812+0000] {processor.py:183} INFO - Processing /home/airflow/.local/lib/python3.8/site-packages/airflow/example_dags/example_nested_branch_dag.py took 0.097 seconds
[2024-04-04T09:42:27.845+0000] {processor.py:161} INFO - Started process (PID=471) to work on /home/airflow/.local/lib/python3.8/site-packages/airflow/example_dags/example_nested_branch_dag.py
[2024-04-04T09:42:27.847+0000] {processor.py:830} INFO - Processing file /home/airflow/.local/lib/python3.8/site-packages/airflow/example_dags/example_nested_branch_dag.py for tasks to queue
[2024-04-04T09:42:27.849+0000] {logging_mixin.py:188} INFO - [2024-04-04T09:42:27.849+0000] {dagbag.py:540} INFO - Filling up the DagBag from /home/airflow/.local/lib/python3.8/site-packages/airflow/example_dags/example_nested_branch_dag.py
[2024-04-04T09:42:27.859+0000] {processor.py:840} INFO - DAG(s) 'example_nested_branch_dag' retrieved from /home/airflow/.local/lib/python3.8/site-packages/airflow/example_dags/example_nested_branch_dag.py
[2024-04-04T09:42:27.889+0000] {logging_mixin.py:188} INFO - [2024-04-04T09:42:27.889+0000] {dag.py:3047} INFO - Sync 1 DAGs
[2024-04-04T09:42:27.920+0000] {logging_mixin.py:188} INFO - [2024-04-04T09:42:27.918+0000] {dag.py:3834} INFO - Setting next_dagrun for example_nested_branch_dag to 2024-04-03 00:00:00+00:00, run_after=2024-04-04 00:00:00+00:00
[2024-04-04T09:42:27.952+0000] {processor.py:183} INFO - Processing /home/airflow/.local/lib/python3.8/site-packages/airflow/example_dags/example_nested_branch_dag.py took 0.109 seconds
[2024-04-04T09:42:59.002+0000] {processor.py:161} INFO - Started process (PID=533) to work on /home/airflow/.local/lib/python3.8/site-packages/airflow/example_dags/example_nested_branch_dag.py
[2024-04-04T09:42:59.005+0000] {processor.py:830} INFO - Processing file /home/airflow/.local/lib/python3.8/site-packages/airflow/example_dags/example_nested_branch_dag.py for tasks to queue
[2024-04-04T09:42:59.015+0000] {logging_mixin.py:188} INFO - [2024-04-04T09:42:59.013+0000] {dagbag.py:540} INFO - Filling up the DagBag from /home/airflow/.local/lib/python3.8/site-packages/airflow/example_dags/example_nested_branch_dag.py
[2024-04-04T09:42:59.037+0000] {processor.py:840} INFO - DAG(s) 'example_nested_branch_dag' retrieved from /home/airflow/.local/lib/python3.8/site-packages/airflow/example_dags/example_nested_branch_dag.py
[2024-04-04T09:42:59.094+0000] {logging_mixin.py:188} INFO - [2024-04-04T09:42:59.093+0000] {dag.py:3047} INFO - Sync 1 DAGs
[2024-04-04T09:42:59.160+0000] {logging_mixin.py:188} INFO - [2024-04-04T09:42:59.159+0000] {dag.py:3834} INFO - Setting next_dagrun for example_nested_branch_dag to 2024-04-03 00:00:00+00:00, run_after=2024-04-04 00:00:00+00:00
[2024-04-04T09:42:59.210+0000] {processor.py:183} INFO - Processing /home/airflow/.local/lib/python3.8/site-packages/airflow/example_dags/example_nested_branch_dag.py took 0.214 seconds
[2024-04-04T09:43:29.673+0000] {processor.py:161} INFO - Started process (PID=589) to work on /home/airflow/.local/lib/python3.8/site-packages/airflow/example_dags/example_nested_branch_dag.py
[2024-04-04T09:43:29.675+0000] {processor.py:830} INFO - Processing file /home/airflow/.local/lib/python3.8/site-packages/airflow/example_dags/example_nested_branch_dag.py for tasks to queue
[2024-04-04T09:43:29.679+0000] {logging_mixin.py:188} INFO - [2024-04-04T09:43:29.678+0000] {dagbag.py:540} INFO - Filling up the DagBag from /home/airflow/.local/lib/python3.8/site-packages/airflow/example_dags/example_nested_branch_dag.py
[2024-04-04T09:43:29.691+0000] {processor.py:840} INFO - DAG(s) 'example_nested_branch_dag' retrieved from /home/airflow/.local/lib/python3.8/site-packages/airflow/example_dags/example_nested_branch_dag.py
[2024-04-04T09:43:29.718+0000] {logging_mixin.py:188} INFO - [2024-04-04T09:43:29.717+0000] {dag.py:3047} INFO - Sync 1 DAGs
[2024-04-04T09:43:29.779+0000] {logging_mixin.py:188} INFO - [2024-04-04T09:43:29.778+0000] {dag.py:3834} INFO - Setting next_dagrun for example_nested_branch_dag to 2024-04-03 00:00:00+00:00, run_after=2024-04-04 00:00:00+00:00
[2024-04-04T09:43:29.824+0000] {processor.py:183} INFO - Processing /home/airflow/.local/lib/python3.8/site-packages/airflow/example_dags/example_nested_branch_dag.py took 0.155 seconds
[2024-04-04T09:43:59.979+0000] {processor.py:161} INFO - Started process (PID=645) to work on /home/airflow/.local/lib/python3.8/site-packages/airflow/example_dags/example_nested_branch_dag.py
[2024-04-04T09:43:59.980+0000] {processor.py:830} INFO - Processing file /home/airflow/.local/lib/python3.8/site-packages/airflow/example_dags/example_nested_branch_dag.py for tasks to queue
[2024-04-04T09:43:59.982+0000] {logging_mixin.py:188} INFO - [2024-04-04T09:43:59.982+0000] {dagbag.py:540} INFO - Filling up the DagBag from /home/airflow/.local/lib/python3.8/site-packages/airflow/example_dags/example_nested_branch_dag.py
[2024-04-04T09:43:59.994+0000] {processor.py:840} INFO - DAG(s) 'example_nested_branch_dag' retrieved from /home/airflow/.local/lib/python3.8/site-packages/airflow/example_dags/example_nested_branch_dag.py
[2024-04-04T09:44:00.027+0000] {logging_mixin.py:188} INFO - [2024-04-04T09:44:00.026+0000] {dag.py:3047} INFO - Sync 1 DAGs
[2024-04-04T09:44:00.054+0000] {logging_mixin.py:188} INFO - [2024-04-04T09:44:00.054+0000] {dag.py:3834} INFO - Setting next_dagrun for example_nested_branch_dag to 2024-04-03 00:00:00+00:00, run_after=2024-04-04 00:00:00+00:00
[2024-04-04T09:44:00.078+0000] {processor.py:183} INFO - Processing /home/airflow/.local/lib/python3.8/site-packages/airflow/example_dags/example_nested_branch_dag.py took 0.104 seconds
[2024-04-04T09:44:30.365+0000] {processor.py:161} INFO - Started process (PID=701) to work on /home/airflow/.local/lib/python3.8/site-packages/airflow/example_dags/example_nested_branch_dag.py
[2024-04-04T09:44:30.366+0000] {processor.py:830} INFO - Processing file /home/airflow/.local/lib/python3.8/site-packages/airflow/example_dags/example_nested_branch_dag.py for tasks to queue
[2024-04-04T09:44:30.368+0000] {logging_mixin.py:188} INFO - [2024-04-04T09:44:30.368+0000] {dagbag.py:540} INFO - Filling up the DagBag from /home/airflow/.local/lib/python3.8/site-packages/airflow/example_dags/example_nested_branch_dag.py
[2024-04-04T09:44:30.382+0000] {processor.py:840} INFO - DAG(s) 'example_nested_branch_dag' retrieved from /home/airflow/.local/lib/python3.8/site-packages/airflow/example_dags/example_nested_branch_dag.py
[2024-04-04T09:44:30.411+0000] {logging_mixin.py:188} INFO - [2024-04-04T09:44:30.411+0000] {dag.py:3047} INFO - Sync 1 DAGs
[2024-04-04T09:44:30.445+0000] {logging_mixin.py:188} INFO - [2024-04-04T09:44:30.444+0000] {dag.py:3834} INFO - Setting next_dagrun for example_nested_branch_dag to 2024-04-03 00:00:00+00:00, run_after=2024-04-04 00:00:00+00:00
[2024-04-04T09:44:30.474+0000] {processor.py:183} INFO - Processing /home/airflow/.local/lib/python3.8/site-packages/airflow/example_dags/example_nested_branch_dag.py took 0.112 seconds
[2024-04-04T09:45:00.632+0000] {processor.py:161} INFO - Started process (PID=757) to work on /home/airflow/.local/lib/python3.8/site-packages/airflow/example_dags/example_nested_branch_dag.py
[2024-04-04T09:45:00.634+0000] {processor.py:830} INFO - Processing file /home/airflow/.local/lib/python3.8/site-packages/airflow/example_dags/example_nested_branch_dag.py for tasks to queue
[2024-04-04T09:45:00.637+0000] {logging_mixin.py:188} INFO - [2024-04-04T09:45:00.636+0000] {dagbag.py:540} INFO - Filling up the DagBag from /home/airflow/.local/lib/python3.8/site-packages/airflow/example_dags/example_nested_branch_dag.py
[2024-04-04T09:45:00.648+0000] {processor.py:840} INFO - DAG(s) 'example_nested_branch_dag' retrieved from /home/airflow/.local/lib/python3.8/site-packages/airflow/example_dags/example_nested_branch_dag.py
[2024-04-04T09:45:00.680+0000] {logging_mixin.py:188} INFO - [2024-04-04T09:45:00.680+0000] {dag.py:3047} INFO - Sync 1 DAGs
[2024-04-04T09:45:00.714+0000] {logging_mixin.py:188} INFO - [2024-04-04T09:45:00.714+0000] {dag.py:3834} INFO - Setting next_dagrun for example_nested_branch_dag to 2024-04-03 00:00:00+00:00, run_after=2024-04-04 00:00:00+00:00
[2024-04-04T09:45:00.743+0000] {processor.py:183} INFO - Processing /home/airflow/.local/lib/python3.8/site-packages/airflow/example_dags/example_nested_branch_dag.py took 0.115 seconds
[2024-04-04T09:45:31.657+0000] {processor.py:161} INFO - Started process (PID=813) to work on /home/airflow/.local/lib/python3.8/site-packages/airflow/example_dags/example_nested_branch_dag.py
[2024-04-04T09:45:31.658+0000] {processor.py:830} INFO - Processing file /home/airflow/.local/lib/python3.8/site-packages/airflow/example_dags/example_nested_branch_dag.py for tasks to queue
[2024-04-04T09:45:31.661+0000] {logging_mixin.py:188} INFO - [2024-04-04T09:45:31.661+0000] {dagbag.py:540} INFO - Filling up the DagBag from /home/airflow/.local/lib/python3.8/site-packages/airflow/example_dags/example_nested_branch_dag.py
[2024-04-04T09:45:31.671+0000] {processor.py:840} INFO - DAG(s) 'example_nested_branch_dag' retrieved from /home/airflow/.local/lib/python3.8/site-packages/airflow/example_dags/example_nested_branch_dag.py
[2024-04-04T09:45:31.693+0000] {logging_mixin.py:188} INFO - [2024-04-04T09:45:31.693+0000] {dag.py:3047} INFO - Sync 1 DAGs
[2024-04-04T09:45:31.718+0000] {logging_mixin.py:188} INFO - [2024-04-04T09:45:31.718+0000] {dag.py:3834} INFO - Setting next_dagrun for example_nested_branch_dag to 2024-04-03 00:00:00+00:00, run_after=2024-04-04 00:00:00+00:00
[2024-04-04T09:45:31.746+0000] {processor.py:183} INFO - Processing /home/airflow/.local/lib/python3.8/site-packages/airflow/example_dags/example_nested_branch_dag.py took 0.092 seconds
[2024-04-04T09:46:02.327+0000] {processor.py:161} INFO - Started process (PID=869) to work on /home/airflow/.local/lib/python3.8/site-packages/airflow/example_dags/example_nested_branch_dag.py
[2024-04-04T09:46:02.329+0000] {processor.py:830} INFO - Processing file /home/airflow/.local/lib/python3.8/site-packages/airflow/example_dags/example_nested_branch_dag.py for tasks to queue
[2024-04-04T09:46:02.331+0000] {logging_mixin.py:188} INFO - [2024-04-04T09:46:02.331+0000] {dagbag.py:540} INFO - Filling up the DagBag from /home/airflow/.local/lib/python3.8/site-packages/airflow/example_dags/example_nested_branch_dag.py
[2024-04-04T09:46:02.342+0000] {processor.py:840} INFO - DAG(s) 'example_nested_branch_dag' retrieved from /home/airflow/.local/lib/python3.8/site-packages/airflow/example_dags/example_nested_branch_dag.py
[2024-04-04T09:46:02.366+0000] {logging_mixin.py:188} INFO - [2024-04-04T09:46:02.366+0000] {dag.py:3047} INFO - Sync 1 DAGs
[2024-04-04T09:46:02.397+0000] {logging_mixin.py:188} INFO - [2024-04-04T09:46:02.397+0000] {dag.py:3834} INFO - Setting next_dagrun for example_nested_branch_dag to 2024-04-03 00:00:00+00:00, run_after=2024-04-04 00:00:00+00:00
[2024-04-04T09:46:02.434+0000] {processor.py:183} INFO - Processing /home/airflow/.local/lib/python3.8/site-packages/airflow/example_dags/example_nested_branch_dag.py took 0.109 seconds
[2024-04-04T09:46:32.551+0000] {processor.py:161} INFO - Started process (PID=925) to work on /home/airflow/.local/lib/python3.8/site-packages/airflow/example_dags/example_nested_branch_dag.py
[2024-04-04T09:46:32.553+0000] {processor.py:830} INFO - Processing file /home/airflow/.local/lib/python3.8/site-packages/airflow/example_dags/example_nested_branch_dag.py for tasks to queue
[2024-04-04T09:46:32.555+0000] {logging_mixin.py:188} INFO - [2024-04-04T09:46:32.555+0000] {dagbag.py:540} INFO - Filling up the DagBag from /home/airflow/.local/lib/python3.8/site-packages/airflow/example_dags/example_nested_branch_dag.py
[2024-04-04T09:46:32.565+0000] {processor.py:840} INFO - DAG(s) 'example_nested_branch_dag' retrieved from /home/airflow/.local/lib/python3.8/site-packages/airflow/example_dags/example_nested_branch_dag.py
[2024-04-04T09:46:32.589+0000] {logging_mixin.py:188} INFO - [2024-04-04T09:46:32.588+0000] {dag.py:3047} INFO - Sync 1 DAGs
[2024-04-04T09:46:32.615+0000] {logging_mixin.py:188} INFO - [2024-04-04T09:46:32.615+0000] {dag.py:3834} INFO - Setting next_dagrun for example_nested_branch_dag to 2024-04-03 00:00:00+00:00, run_after=2024-04-04 00:00:00+00:00
[2024-04-04T09:46:32.647+0000] {processor.py:183} INFO - Processing /home/airflow/.local/lib/python3.8/site-packages/airflow/example_dags/example_nested_branch_dag.py took 0.098 seconds
[2024-04-04T09:47:03.155+0000] {processor.py:161} INFO - Started process (PID=981) to work on /home/airflow/.local/lib/python3.8/site-packages/airflow/example_dags/example_nested_branch_dag.py
[2024-04-04T09:47:03.156+0000] {processor.py:830} INFO - Processing file /home/airflow/.local/lib/python3.8/site-packages/airflow/example_dags/example_nested_branch_dag.py for tasks to queue
[2024-04-04T09:47:03.158+0000] {logging_mixin.py:188} INFO - [2024-04-04T09:47:03.157+0000] {dagbag.py:540} INFO - Filling up the DagBag from /home/airflow/.local/lib/python3.8/site-packages/airflow/example_dags/example_nested_branch_dag.py
[2024-04-04T09:47:03.169+0000] {processor.py:840} INFO - DAG(s) 'example_nested_branch_dag' retrieved from /home/airflow/.local/lib/python3.8/site-packages/airflow/example_dags/example_nested_branch_dag.py
[2024-04-04T09:47:03.198+0000] {logging_mixin.py:188} INFO - [2024-04-04T09:47:03.198+0000] {dag.py:3047} INFO - Sync 1 DAGs
[2024-04-04T09:47:03.223+0000] {logging_mixin.py:188} INFO - [2024-04-04T09:47:03.223+0000] {dag.py:3834} INFO - Setting next_dagrun for example_nested_branch_dag to 2024-04-03 00:00:00+00:00, run_after=2024-04-04 00:00:00+00:00
[2024-04-04T09:47:03.247+0000] {processor.py:183} INFO - Processing /home/airflow/.local/lib/python3.8/site-packages/airflow/example_dags/example_nested_branch_dag.py took 0.095 seconds
[2024-04-04T09:47:33.711+0000] {processor.py:161} INFO - Started process (PID=1037) to work on /home/airflow/.local/lib/python3.8/site-packages/airflow/example_dags/example_nested_branch_dag.py
[2024-04-04T09:47:33.712+0000] {processor.py:830} INFO - Processing file /home/airflow/.local/lib/python3.8/site-packages/airflow/example_dags/example_nested_branch_dag.py for tasks to queue
[2024-04-04T09:47:33.714+0000] {logging_mixin.py:188} INFO - [2024-04-04T09:47:33.714+0000] {dagbag.py:540} INFO - Filling up the DagBag from /home/airflow/.local/lib/python3.8/site-packages/airflow/example_dags/example_nested_branch_dag.py
[2024-04-04T09:47:33.726+0000] {processor.py:840} INFO - DAG(s) 'example_nested_branch_dag' retrieved from /home/airflow/.local/lib/python3.8/site-packages/airflow/example_dags/example_nested_branch_dag.py
[2024-04-04T09:47:33.752+0000] {logging_mixin.py:188} INFO - [2024-04-04T09:47:33.752+0000] {dag.py:3047} INFO - Sync 1 DAGs
[2024-04-04T09:47:33.781+0000] {logging_mixin.py:188} INFO - [2024-04-04T09:47:33.781+0000] {dag.py:3834} INFO - Setting next_dagrun for example_nested_branch_dag to 2024-04-03 00:00:00+00:00, run_after=2024-04-04 00:00:00+00:00
[2024-04-04T09:47:33.808+0000] {processor.py:183} INFO - Processing /home/airflow/.local/lib/python3.8/site-packages/airflow/example_dags/example_nested_branch_dag.py took 0.101 seconds
[2024-04-04T09:48:03.896+0000] {processor.py:161} INFO - Started process (PID=1093) to work on /home/airflow/.local/lib/python3.8/site-packages/airflow/example_dags/example_nested_branch_dag.py
[2024-04-04T09:48:03.897+0000] {processor.py:830} INFO - Processing file /home/airflow/.local/lib/python3.8/site-packages/airflow/example_dags/example_nested_branch_dag.py for tasks to queue
[2024-04-04T09:48:03.900+0000] {logging_mixin.py:188} INFO - [2024-04-04T09:48:03.899+0000] {dagbag.py:540} INFO - Filling up the DagBag from /home/airflow/.local/lib/python3.8/site-packages/airflow/example_dags/example_nested_branch_dag.py
[2024-04-04T09:48:03.910+0000] {processor.py:840} INFO - DAG(s) 'example_nested_branch_dag' retrieved from /home/airflow/.local/lib/python3.8/site-packages/airflow/example_dags/example_nested_branch_dag.py
[2024-04-04T09:48:03.933+0000] {logging_mixin.py:188} INFO - [2024-04-04T09:48:03.933+0000] {dag.py:3047} INFO - Sync 1 DAGs
[2024-04-04T09:48:03.958+0000] {logging_mixin.py:188} INFO - [2024-04-04T09:48:03.958+0000] {dag.py:3834} INFO - Setting next_dagrun for example_nested_branch_dag to 2024-04-03 00:00:00+00:00, run_after=2024-04-04 00:00:00+00:00
[2024-04-04T09:48:03.984+0000] {processor.py:183} INFO - Processing /home/airflow/.local/lib/python3.8/site-packages/airflow/example_dags/example_nested_branch_dag.py took 0.090 seconds
[2024-04-04T09:48:34.103+0000] {processor.py:161} INFO - Started process (PID=1149) to work on /home/airflow/.local/lib/python3.8/site-packages/airflow/example_dags/example_nested_branch_dag.py
[2024-04-04T09:48:34.104+0000] {processor.py:830} INFO - Processing file /home/airflow/.local/lib/python3.8/site-packages/airflow/example_dags/example_nested_branch_dag.py for tasks to queue
[2024-04-04T09:48:34.106+0000] {logging_mixin.py:188} INFO - [2024-04-04T09:48:34.106+0000] {dagbag.py:540} INFO - Filling up the DagBag from /home/airflow/.local/lib/python3.8/site-packages/airflow/example_dags/example_nested_branch_dag.py
[2024-04-04T09:48:34.120+0000] {processor.py:840} INFO - DAG(s) 'example_nested_branch_dag' retrieved from /home/airflow/.local/lib/python3.8/site-packages/airflow/example_dags/example_nested_branch_dag.py
[2024-04-04T09:48:34.145+0000] {logging_mixin.py:188} INFO - [2024-04-04T09:48:34.145+0000] {dag.py:3047} INFO - Sync 1 DAGs
[2024-04-04T09:48:34.172+0000] {logging_mixin.py:188} INFO - [2024-04-04T09:48:34.172+0000] {dag.py:3834} INFO - Setting next_dagrun for example_nested_branch_dag to 2024-04-03 00:00:00+00:00, run_after=2024-04-04 00:00:00+00:00
[2024-04-04T09:48:34.206+0000] {processor.py:183} INFO - Processing /home/airflow/.local/lib/python3.8/site-packages/airflow/example_dags/example_nested_branch_dag.py took 0.106 seconds
[2024-04-04T09:49:04.313+0000] {processor.py:161} INFO - Started process (PID=1205) to work on /home/airflow/.local/lib/python3.8/site-packages/airflow/example_dags/example_nested_branch_dag.py
[2024-04-04T09:49:04.314+0000] {processor.py:830} INFO - Processing file /home/airflow/.local/lib/python3.8/site-packages/airflow/example_dags/example_nested_branch_dag.py for tasks to queue
[2024-04-04T09:49:04.316+0000] {logging_mixin.py:188} INFO - [2024-04-04T09:49:04.315+0000] {dagbag.py:540} INFO - Filling up the DagBag from /home/airflow/.local/lib/python3.8/site-packages/airflow/example_dags/example_nested_branch_dag.py
[2024-04-04T09:49:04.327+0000] {processor.py:840} INFO - DAG(s) 'example_nested_branch_dag' retrieved from /home/airflow/.local/lib/python3.8/site-packages/airflow/example_dags/example_nested_branch_dag.py
[2024-04-04T09:49:04.355+0000] {logging_mixin.py:188} INFO - [2024-04-04T09:49:04.355+0000] {dag.py:3047} INFO - Sync 1 DAGs
[2024-04-04T09:49:04.383+0000] {logging_mixin.py:188} INFO - [2024-04-04T09:49:04.383+0000] {dag.py:3834} INFO - Setting next_dagrun for example_nested_branch_dag to 2024-04-03 00:00:00+00:00, run_after=2024-04-04 00:00:00+00:00
[2024-04-04T09:49:04.408+0000] {processor.py:183} INFO - Processing /home/airflow/.local/lib/python3.8/site-packages/airflow/example_dags/example_nested_branch_dag.py took 0.098 seconds
[2024-04-04T09:49:35.804+0000] {processor.py:161} INFO - Started process (PID=1265) to work on /home/airflow/.local/lib/python3.8/site-packages/airflow/example_dags/example_nested_branch_dag.py
[2024-04-04T09:49:35.805+0000] {processor.py:830} INFO - Processing file /home/airflow/.local/lib/python3.8/site-packages/airflow/example_dags/example_nested_branch_dag.py for tasks to queue
[2024-04-04T09:49:35.807+0000] {logging_mixin.py:188} INFO - [2024-04-04T09:49:35.807+0000] {dagbag.py:540} INFO - Filling up the DagBag from /home/airflow/.local/lib/python3.8/site-packages/airflow/example_dags/example_nested_branch_dag.py
[2024-04-04T09:49:35.820+0000] {processor.py:840} INFO - DAG(s) 'example_nested_branch_dag' retrieved from /home/airflow/.local/lib/python3.8/site-packages/airflow/example_dags/example_nested_branch_dag.py
[2024-04-04T09:49:35.906+0000] {logging_mixin.py:188} INFO - [2024-04-04T09:49:35.906+0000] {dag.py:3047} INFO - Sync 1 DAGs
[2024-04-04T09:49:35.936+0000] {logging_mixin.py:188} INFO - [2024-04-04T09:49:35.936+0000] {dag.py:3834} INFO - Setting next_dagrun for example_nested_branch_dag to 2024-04-03 00:00:00+00:00, run_after=2024-04-04 00:00:00+00:00
[2024-04-04T09:49:35.971+0000] {processor.py:183} INFO - Processing /home/airflow/.local/lib/python3.8/site-packages/airflow/example_dags/example_nested_branch_dag.py took 0.171 seconds
[2024-04-04T09:50:06.199+0000] {processor.py:161} INFO - Started process (PID=1321) to work on /home/airflow/.local/lib/python3.8/site-packages/airflow/example_dags/example_nested_branch_dag.py
[2024-04-04T09:50:06.200+0000] {processor.py:830} INFO - Processing file /home/airflow/.local/lib/python3.8/site-packages/airflow/example_dags/example_nested_branch_dag.py for tasks to queue
[2024-04-04T09:50:06.202+0000] {logging_mixin.py:188} INFO - [2024-04-04T09:50:06.202+0000] {dagbag.py:540} INFO - Filling up the DagBag from /home/airflow/.local/lib/python3.8/site-packages/airflow/example_dags/example_nested_branch_dag.py
[2024-04-04T09:50:06.215+0000] {processor.py:840} INFO - DAG(s) 'example_nested_branch_dag' retrieved from /home/airflow/.local/lib/python3.8/site-packages/airflow/example_dags/example_nested_branch_dag.py
[2024-04-04T09:50:06.243+0000] {logging_mixin.py:188} INFO - [2024-04-04T09:50:06.243+0000] {dag.py:3047} INFO - Sync 1 DAGs
[2024-04-04T09:50:06.268+0000] {logging_mixin.py:188} INFO - [2024-04-04T09:50:06.268+0000] {dag.py:3834} INFO - Setting next_dagrun for example_nested_branch_dag to 2024-04-03 00:00:00+00:00, run_after=2024-04-04 00:00:00+00:00
[2024-04-04T09:50:06.294+0000] {processor.py:183} INFO - Processing /home/airflow/.local/lib/python3.8/site-packages/airflow/example_dags/example_nested_branch_dag.py took 0.100 seconds
[2024-04-04T09:50:36.416+0000] {processor.py:161} INFO - Started process (PID=1377) to work on /home/airflow/.local/lib/python3.8/site-packages/airflow/example_dags/example_nested_branch_dag.py
[2024-04-04T09:50:36.417+0000] {processor.py:830} INFO - Processing file /home/airflow/.local/lib/python3.8/site-packages/airflow/example_dags/example_nested_branch_dag.py for tasks to queue
[2024-04-04T09:50:36.419+0000] {logging_mixin.py:188} INFO - [2024-04-04T09:50:36.419+0000] {dagbag.py:540} INFO - Filling up the DagBag from /home/airflow/.local/lib/python3.8/site-packages/airflow/example_dags/example_nested_branch_dag.py
[2024-04-04T09:50:36.430+0000] {processor.py:840} INFO - DAG(s) 'example_nested_branch_dag' retrieved from /home/airflow/.local/lib/python3.8/site-packages/airflow/example_dags/example_nested_branch_dag.py
[2024-04-04T09:50:36.454+0000] {logging_mixin.py:188} INFO - [2024-04-04T09:50:36.454+0000] {dag.py:3047} INFO - Sync 1 DAGs
[2024-04-04T09:50:36.479+0000] {logging_mixin.py:188} INFO - [2024-04-04T09:50:36.479+0000] {dag.py:3834} INFO - Setting next_dagrun for example_nested_branch_dag to 2024-04-03 00:00:00+00:00, run_after=2024-04-04 00:00:00+00:00
[2024-04-04T09:50:36.504+0000] {processor.py:183} INFO - Processing /home/airflow/.local/lib/python3.8/site-packages/airflow/example_dags/example_nested_branch_dag.py took 0.092 seconds
[2024-04-04T09:51:06.880+0000] {processor.py:161} INFO - Started process (PID=1433) to work on /home/airflow/.local/lib/python3.8/site-packages/airflow/example_dags/example_nested_branch_dag.py
[2024-04-04T09:51:06.882+0000] {processor.py:830} INFO - Processing file /home/airflow/.local/lib/python3.8/site-packages/airflow/example_dags/example_nested_branch_dag.py for tasks to queue
[2024-04-04T09:51:06.884+0000] {logging_mixin.py:188} INFO - [2024-04-04T09:51:06.884+0000] {dagbag.py:540} INFO - Filling up the DagBag from /home/airflow/.local/lib/python3.8/site-packages/airflow/example_dags/example_nested_branch_dag.py
[2024-04-04T09:51:06.895+0000] {processor.py:840} INFO - DAG(s) 'example_nested_branch_dag' retrieved from /home/airflow/.local/lib/python3.8/site-packages/airflow/example_dags/example_nested_branch_dag.py
[2024-04-04T09:51:06.922+0000] {logging_mixin.py:188} INFO - [2024-04-04T09:51:06.922+0000] {dag.py:3047} INFO - Sync 1 DAGs
[2024-04-04T09:51:06.949+0000] {logging_mixin.py:188} INFO - [2024-04-04T09:51:06.949+0000] {dag.py:3834} INFO - Setting next_dagrun for example_nested_branch_dag to 2024-04-03 00:00:00+00:00, run_after=2024-04-04 00:00:00+00:00
[2024-04-04T09:51:06.977+0000] {processor.py:183} INFO - Processing /home/airflow/.local/lib/python3.8/site-packages/airflow/example_dags/example_nested_branch_dag.py took 0.100 seconds
[2024-04-04T09:51:37.428+0000] {processor.py:161} INFO - Started process (PID=1489) to work on /home/airflow/.local/lib/python3.8/site-packages/airflow/example_dags/example_nested_branch_dag.py
[2024-04-04T09:51:37.430+0000] {processor.py:830} INFO - Processing file /home/airflow/.local/lib/python3.8/site-packages/airflow/example_dags/example_nested_branch_dag.py for tasks to queue
[2024-04-04T09:51:37.433+0000] {logging_mixin.py:188} INFO - [2024-04-04T09:51:37.432+0000] {dagbag.py:540} INFO - Filling up the DagBag from /home/airflow/.local/lib/python3.8/site-packages/airflow/example_dags/example_nested_branch_dag.py
[2024-04-04T09:51:37.442+0000] {processor.py:840} INFO - DAG(s) 'example_nested_branch_dag' retrieved from /home/airflow/.local/lib/python3.8/site-packages/airflow/example_dags/example_nested_branch_dag.py
[2024-04-04T09:51:37.468+0000] {logging_mixin.py:188} INFO - [2024-04-04T09:51:37.467+0000] {dag.py:3047} INFO - Sync 1 DAGs
[2024-04-04T09:51:37.494+0000] {logging_mixin.py:188} INFO - [2024-04-04T09:51:37.494+0000] {dag.py:3834} INFO - Setting next_dagrun for example_nested_branch_dag to 2024-04-03 00:00:00+00:00, run_after=2024-04-04 00:00:00+00:00
[2024-04-04T09:51:37.527+0000] {processor.py:183} INFO - Processing /home/airflow/.local/lib/python3.8/site-packages/airflow/example_dags/example_nested_branch_dag.py took 0.102 seconds
[2024-04-04T09:52:08.626+0000] {processor.py:161} INFO - Started process (PID=1545) to work on /home/airflow/.local/lib/python3.8/site-packages/airflow/example_dags/example_nested_branch_dag.py
[2024-04-04T09:52:08.629+0000] {processor.py:830} INFO - Processing file /home/airflow/.local/lib/python3.8/site-packages/airflow/example_dags/example_nested_branch_dag.py for tasks to queue
[2024-04-04T09:52:08.633+0000] {logging_mixin.py:188} INFO - [2024-04-04T09:52:08.632+0000] {dagbag.py:540} INFO - Filling up the DagBag from /home/airflow/.local/lib/python3.8/site-packages/airflow/example_dags/example_nested_branch_dag.py
[2024-04-04T09:52:08.680+0000] {processor.py:840} INFO - DAG(s) 'example_nested_branch_dag' retrieved from /home/airflow/.local/lib/python3.8/site-packages/airflow/example_dags/example_nested_branch_dag.py
[2024-04-04T09:52:08.753+0000] {logging_mixin.py:188} INFO - [2024-04-04T09:52:08.752+0000] {dag.py:3047} INFO - Sync 1 DAGs
[2024-04-04T09:52:08.837+0000] {logging_mixin.py:188} INFO - [2024-04-04T09:52:08.834+0000] {dag.py:3834} INFO - Setting next_dagrun for example_nested_branch_dag to 2024-04-03 00:00:00+00:00, run_after=2024-04-04 00:00:00+00:00
[2024-04-04T09:52:08.938+0000] {processor.py:183} INFO - Processing /home/airflow/.local/lib/python3.8/site-packages/airflow/example_dags/example_nested_branch_dag.py took 0.328 seconds
[2024-04-04T09:52:39.745+0000] {processor.py:161} INFO - Started process (PID=1601) to work on /home/airflow/.local/lib/python3.8/site-packages/airflow/example_dags/example_nested_branch_dag.py
[2024-04-04T09:52:39.747+0000] {processor.py:830} INFO - Processing file /home/airflow/.local/lib/python3.8/site-packages/airflow/example_dags/example_nested_branch_dag.py for tasks to queue
[2024-04-04T09:52:39.750+0000] {logging_mixin.py:188} INFO - [2024-04-04T09:52:39.749+0000] {dagbag.py:540} INFO - Filling up the DagBag from /home/airflow/.local/lib/python3.8/site-packages/airflow/example_dags/example_nested_branch_dag.py
[2024-04-04T09:52:39.765+0000] {processor.py:840} INFO - DAG(s) 'example_nested_branch_dag' retrieved from /home/airflow/.local/lib/python3.8/site-packages/airflow/example_dags/example_nested_branch_dag.py
[2024-04-04T09:52:39.795+0000] {logging_mixin.py:188} INFO - [2024-04-04T09:52:39.795+0000] {dag.py:3047} INFO - Sync 1 DAGs
[2024-04-04T09:52:39.836+0000] {logging_mixin.py:188} INFO - [2024-04-04T09:52:39.836+0000] {dag.py:3834} INFO - Setting next_dagrun for example_nested_branch_dag to 2024-04-03 00:00:00+00:00, run_after=2024-04-04 00:00:00+00:00
[2024-04-04T09:52:39.873+0000] {processor.py:183} INFO - Processing /home/airflow/.local/lib/python3.8/site-packages/airflow/example_dags/example_nested_branch_dag.py took 0.133 seconds
[2024-04-04T09:53:10.237+0000] {processor.py:161} INFO - Started process (PID=1657) to work on /home/airflow/.local/lib/python3.8/site-packages/airflow/example_dags/example_nested_branch_dag.py
[2024-04-04T09:53:10.241+0000] {processor.py:830} INFO - Processing file /home/airflow/.local/lib/python3.8/site-packages/airflow/example_dags/example_nested_branch_dag.py for tasks to queue
[2024-04-04T09:53:10.246+0000] {logging_mixin.py:188} INFO - [2024-04-04T09:53:10.245+0000] {dagbag.py:540} INFO - Filling up the DagBag from /home/airflow/.local/lib/python3.8/site-packages/airflow/example_dags/example_nested_branch_dag.py
[2024-04-04T09:53:10.286+0000] {processor.py:840} INFO - DAG(s) 'example_nested_branch_dag' retrieved from /home/airflow/.local/lib/python3.8/site-packages/airflow/example_dags/example_nested_branch_dag.py
[2024-04-04T09:53:10.414+0000] {logging_mixin.py:188} INFO - [2024-04-04T09:53:10.412+0000] {dag.py:3047} INFO - Sync 1 DAGs
[2024-04-04T09:53:10.516+0000] {logging_mixin.py:188} INFO - [2024-04-04T09:53:10.516+0000] {dag.py:3834} INFO - Setting next_dagrun for example_nested_branch_dag to 2024-04-03 00:00:00+00:00, run_after=2024-04-04 00:00:00+00:00
[2024-04-04T09:53:10.582+0000] {processor.py:183} INFO - Processing /home/airflow/.local/lib/python3.8/site-packages/airflow/example_dags/example_nested_branch_dag.py took 0.352 seconds
[2024-04-04T09:53:41.116+0000] {processor.py:161} INFO - Started process (PID=1714) to work on /home/airflow/.local/lib/python3.8/site-packages/airflow/example_dags/example_nested_branch_dag.py
[2024-04-04T09:53:41.120+0000] {processor.py:830} INFO - Processing file /home/airflow/.local/lib/python3.8/site-packages/airflow/example_dags/example_nested_branch_dag.py for tasks to queue
[2024-04-04T09:53:41.133+0000] {logging_mixin.py:188} INFO - [2024-04-04T09:53:41.125+0000] {dagbag.py:540} INFO - Filling up the DagBag from /home/airflow/.local/lib/python3.8/site-packages/airflow/example_dags/example_nested_branch_dag.py
[2024-04-04T09:53:41.168+0000] {processor.py:840} INFO - DAG(s) 'example_nested_branch_dag' retrieved from /home/airflow/.local/lib/python3.8/site-packages/airflow/example_dags/example_nested_branch_dag.py
[2024-04-04T09:53:41.244+0000] {logging_mixin.py:188} INFO - [2024-04-04T09:53:41.243+0000] {dag.py:3047} INFO - Sync 1 DAGs
[2024-04-04T09:53:41.328+0000] {logging_mixin.py:188} INFO - [2024-04-04T09:53:41.327+0000] {dag.py:3834} INFO - Setting next_dagrun for example_nested_branch_dag to 2024-04-03 00:00:00+00:00, run_after=2024-04-04 00:00:00+00:00
[2024-04-04T09:53:41.421+0000] {processor.py:183} INFO - Processing /home/airflow/.local/lib/python3.8/site-packages/airflow/example_dags/example_nested_branch_dag.py took 0.316 seconds
[2024-04-04T09:54:11.956+0000] {processor.py:161} INFO - Started process (PID=1770) to work on /home/airflow/.local/lib/python3.8/site-packages/airflow/example_dags/example_nested_branch_dag.py
[2024-04-04T09:54:11.957+0000] {processor.py:830} INFO - Processing file /home/airflow/.local/lib/python3.8/site-packages/airflow/example_dags/example_nested_branch_dag.py for tasks to queue
[2024-04-04T09:54:11.960+0000] {logging_mixin.py:188} INFO - [2024-04-04T09:54:11.959+0000] {dagbag.py:540} INFO - Filling up the DagBag from /home/airflow/.local/lib/python3.8/site-packages/airflow/example_dags/example_nested_branch_dag.py
[2024-04-04T09:54:11.971+0000] {processor.py:840} INFO - DAG(s) 'example_nested_branch_dag' retrieved from /home/airflow/.local/lib/python3.8/site-packages/airflow/example_dags/example_nested_branch_dag.py
[2024-04-04T09:54:11.996+0000] {logging_mixin.py:188} INFO - [2024-04-04T09:54:11.996+0000] {dag.py:3047} INFO - Sync 1 DAGs
[2024-04-04T09:54:12.020+0000] {logging_mixin.py:188} INFO - [2024-04-04T09:54:12.020+0000] {dag.py:3834} INFO - Setting next_dagrun for example_nested_branch_dag to 2024-04-03 00:00:00+00:00, run_after=2024-04-04 00:00:00+00:00
[2024-04-04T09:54:12.045+0000] {processor.py:183} INFO - Processing /home/airflow/.local/lib/python3.8/site-packages/airflow/example_dags/example_nested_branch_dag.py took 0.093 seconds
[2024-04-04T09:54:42.825+0000] {processor.py:161} INFO - Started process (PID=1827) to work on /home/airflow/.local/lib/python3.8/site-packages/airflow/example_dags/example_nested_branch_dag.py
[2024-04-04T09:54:42.827+0000] {processor.py:830} INFO - Processing file /home/airflow/.local/lib/python3.8/site-packages/airflow/example_dags/example_nested_branch_dag.py for tasks to queue
[2024-04-04T09:54:42.829+0000] {logging_mixin.py:188} INFO - [2024-04-04T09:54:42.828+0000] {dagbag.py:540} INFO - Filling up the DagBag from /home/airflow/.local/lib/python3.8/site-packages/airflow/example_dags/example_nested_branch_dag.py
[2024-04-04T09:54:42.840+0000] {processor.py:840} INFO - DAG(s) 'example_nested_branch_dag' retrieved from /home/airflow/.local/lib/python3.8/site-packages/airflow/example_dags/example_nested_branch_dag.py
[2024-04-04T09:54:42.864+0000] {logging_mixin.py:188} INFO - [2024-04-04T09:54:42.864+0000] {dag.py:3047} INFO - Sync 1 DAGs
[2024-04-04T09:54:42.888+0000] {logging_mixin.py:188} INFO - [2024-04-04T09:54:42.888+0000] {dag.py:3834} INFO - Setting next_dagrun for example_nested_branch_dag to 2024-04-03 00:00:00+00:00, run_after=2024-04-04 00:00:00+00:00
[2024-04-04T09:54:42.914+0000] {processor.py:183} INFO - Processing /home/airflow/.local/lib/python3.8/site-packages/airflow/example_dags/example_nested_branch_dag.py took 0.092 seconds
[2024-04-04T09:55:13.181+0000] {processor.py:161} INFO - Started process (PID=1883) to work on /home/airflow/.local/lib/python3.8/site-packages/airflow/example_dags/example_nested_branch_dag.py
[2024-04-04T09:55:13.182+0000] {processor.py:830} INFO - Processing file /home/airflow/.local/lib/python3.8/site-packages/airflow/example_dags/example_nested_branch_dag.py for tasks to queue
[2024-04-04T09:55:13.185+0000] {logging_mixin.py:188} INFO - [2024-04-04T09:55:13.184+0000] {dagbag.py:540} INFO - Filling up the DagBag from /home/airflow/.local/lib/python3.8/site-packages/airflow/example_dags/example_nested_branch_dag.py
[2024-04-04T09:55:13.196+0000] {processor.py:840} INFO - DAG(s) 'example_nested_branch_dag' retrieved from /home/airflow/.local/lib/python3.8/site-packages/airflow/example_dags/example_nested_branch_dag.py
[2024-04-04T09:55:13.220+0000] {logging_mixin.py:188} INFO - [2024-04-04T09:55:13.219+0000] {dag.py:3047} INFO - Sync 1 DAGs
[2024-04-04T09:55:13.251+0000] {logging_mixin.py:188} INFO - [2024-04-04T09:55:13.250+0000] {dag.py:3834} INFO - Setting next_dagrun for example_nested_branch_dag to 2024-04-03 00:00:00+00:00, run_after=2024-04-04 00:00:00+00:00
[2024-04-04T09:55:13.280+0000] {processor.py:183} INFO - Processing /home/airflow/.local/lib/python3.8/site-packages/airflow/example_dags/example_nested_branch_dag.py took 0.102 seconds
[2024-04-04T09:55:44.194+0000] {processor.py:161} INFO - Started process (PID=1946) to work on /home/airflow/.local/lib/python3.8/site-packages/airflow/example_dags/example_nested_branch_dag.py
[2024-04-04T09:55:44.196+0000] {processor.py:830} INFO - Processing file /home/airflow/.local/lib/python3.8/site-packages/airflow/example_dags/example_nested_branch_dag.py for tasks to queue
[2024-04-04T09:55:44.198+0000] {logging_mixin.py:188} INFO - [2024-04-04T09:55:44.198+0000] {dagbag.py:540} INFO - Filling up the DagBag from /home/airflow/.local/lib/python3.8/site-packages/airflow/example_dags/example_nested_branch_dag.py
[2024-04-04T09:55:44.208+0000] {processor.py:840} INFO - DAG(s) 'example_nested_branch_dag' retrieved from /home/airflow/.local/lib/python3.8/site-packages/airflow/example_dags/example_nested_branch_dag.py
[2024-04-04T09:55:44.231+0000] {logging_mixin.py:188} INFO - [2024-04-04T09:55:44.231+0000] {dag.py:3047} INFO - Sync 1 DAGs
[2024-04-04T09:55:44.255+0000] {logging_mixin.py:188} INFO - [2024-04-04T09:55:44.255+0000] {dag.py:3834} INFO - Setting next_dagrun for example_nested_branch_dag to 2024-04-03 00:00:00+00:00, run_after=2024-04-04 00:00:00+00:00
[2024-04-04T09:55:44.280+0000] {processor.py:183} INFO - Processing /home/airflow/.local/lib/python3.8/site-packages/airflow/example_dags/example_nested_branch_dag.py took 0.088 seconds
[2024-04-04T09:56:14.400+0000] {processor.py:161} INFO - Started process (PID=2004) to work on /home/airflow/.local/lib/python3.8/site-packages/airflow/example_dags/example_nested_branch_dag.py
[2024-04-04T09:56:14.402+0000] {processor.py:830} INFO - Processing file /home/airflow/.local/lib/python3.8/site-packages/airflow/example_dags/example_nested_branch_dag.py for tasks to queue
[2024-04-04T09:56:14.404+0000] {logging_mixin.py:188} INFO - [2024-04-04T09:56:14.403+0000] {dagbag.py:540} INFO - Filling up the DagBag from /home/airflow/.local/lib/python3.8/site-packages/airflow/example_dags/example_nested_branch_dag.py
[2024-04-04T09:56:14.414+0000] {processor.py:840} INFO - DAG(s) 'example_nested_branch_dag' retrieved from /home/airflow/.local/lib/python3.8/site-packages/airflow/example_dags/example_nested_branch_dag.py
[2024-04-04T09:56:14.437+0000] {logging_mixin.py:188} INFO - [2024-04-04T09:56:14.437+0000] {dag.py:3047} INFO - Sync 1 DAGs
[2024-04-04T09:56:14.461+0000] {logging_mixin.py:188} INFO - [2024-04-04T09:56:14.460+0000] {dag.py:3834} INFO - Setting next_dagrun for example_nested_branch_dag to 2024-04-03 00:00:00+00:00, run_after=2024-04-04 00:00:00+00:00
[2024-04-04T09:56:14.486+0000] {processor.py:183} INFO - Processing /home/airflow/.local/lib/python3.8/site-packages/airflow/example_dags/example_nested_branch_dag.py took 0.089 seconds
[2024-04-04T09:56:44.752+0000] {processor.py:161} INFO - Started process (PID=2060) to work on /home/airflow/.local/lib/python3.8/site-packages/airflow/example_dags/example_nested_branch_dag.py
[2024-04-04T09:56:44.754+0000] {processor.py:830} INFO - Processing file /home/airflow/.local/lib/python3.8/site-packages/airflow/example_dags/example_nested_branch_dag.py for tasks to queue
[2024-04-04T09:56:44.756+0000] {logging_mixin.py:188} INFO - [2024-04-04T09:56:44.756+0000] {dagbag.py:540} INFO - Filling up the DagBag from /home/airflow/.local/lib/python3.8/site-packages/airflow/example_dags/example_nested_branch_dag.py
[2024-04-04T09:56:44.769+0000] {processor.py:840} INFO - DAG(s) 'example_nested_branch_dag' retrieved from /home/airflow/.local/lib/python3.8/site-packages/airflow/example_dags/example_nested_branch_dag.py
[2024-04-04T09:56:44.797+0000] {logging_mixin.py:188} INFO - [2024-04-04T09:56:44.797+0000] {dag.py:3047} INFO - Sync 1 DAGs
[2024-04-04T09:56:44.826+0000] {logging_mixin.py:188} INFO - [2024-04-04T09:56:44.826+0000] {dag.py:3834} INFO - Setting next_dagrun for example_nested_branch_dag to 2024-04-03 00:00:00+00:00, run_after=2024-04-04 00:00:00+00:00
[2024-04-04T09:56:44.853+0000] {processor.py:183} INFO - Processing /home/airflow/.local/lib/python3.8/site-packages/airflow/example_dags/example_nested_branch_dag.py took 0.105 seconds
[2024-04-04T09:57:15.287+0000] {processor.py:161} INFO - Started process (PID=2116) to work on /home/airflow/.local/lib/python3.8/site-packages/airflow/example_dags/example_nested_branch_dag.py
[2024-04-04T09:57:15.289+0000] {processor.py:830} INFO - Processing file /home/airflow/.local/lib/python3.8/site-packages/airflow/example_dags/example_nested_branch_dag.py for tasks to queue
[2024-04-04T09:57:15.291+0000] {logging_mixin.py:188} INFO - [2024-04-04T09:57:15.291+0000] {dagbag.py:540} INFO - Filling up the DagBag from /home/airflow/.local/lib/python3.8/site-packages/airflow/example_dags/example_nested_branch_dag.py
[2024-04-04T09:57:15.301+0000] {processor.py:840} INFO - DAG(s) 'example_nested_branch_dag' retrieved from /home/airflow/.local/lib/python3.8/site-packages/airflow/example_dags/example_nested_branch_dag.py
[2024-04-04T09:57:15.327+0000] {logging_mixin.py:188} INFO - [2024-04-04T09:57:15.327+0000] {dag.py:3047} INFO - Sync 1 DAGs
[2024-04-04T09:57:15.352+0000] {logging_mixin.py:188} INFO - [2024-04-04T09:57:15.351+0000] {dag.py:3834} INFO - Setting next_dagrun for example_nested_branch_dag to 2024-04-03 00:00:00+00:00, run_after=2024-04-04 00:00:00+00:00
[2024-04-04T09:57:15.375+0000] {processor.py:183} INFO - Processing /home/airflow/.local/lib/python3.8/site-packages/airflow/example_dags/example_nested_branch_dag.py took 0.091 seconds
[2024-04-04T09:57:45.581+0000] {processor.py:161} INFO - Started process (PID=2172) to work on /home/airflow/.local/lib/python3.8/site-packages/airflow/example_dags/example_nested_branch_dag.py
[2024-04-04T09:57:45.583+0000] {processor.py:830} INFO - Processing file /home/airflow/.local/lib/python3.8/site-packages/airflow/example_dags/example_nested_branch_dag.py for tasks to queue
[2024-04-04T09:57:45.586+0000] {logging_mixin.py:188} INFO - [2024-04-04T09:57:45.585+0000] {dagbag.py:540} INFO - Filling up the DagBag from /home/airflow/.local/lib/python3.8/site-packages/airflow/example_dags/example_nested_branch_dag.py
[2024-04-04T09:57:45.597+0000] {processor.py:840} INFO - DAG(s) 'example_nested_branch_dag' retrieved from /home/airflow/.local/lib/python3.8/site-packages/airflow/example_dags/example_nested_branch_dag.py
[2024-04-04T09:57:45.623+0000] {logging_mixin.py:188} INFO - [2024-04-04T09:57:45.623+0000] {dag.py:3047} INFO - Sync 1 DAGs
[2024-04-04T09:57:45.651+0000] {logging_mixin.py:188} INFO - [2024-04-04T09:57:45.651+0000] {dag.py:3834} INFO - Setting next_dagrun for example_nested_branch_dag to 2024-04-03 00:00:00+00:00, run_after=2024-04-04 00:00:00+00:00
[2024-04-04T09:57:45.681+0000] {processor.py:183} INFO - Processing /home/airflow/.local/lib/python3.8/site-packages/airflow/example_dags/example_nested_branch_dag.py took 0.103 seconds
[2024-04-04T09:58:15.958+0000] {processor.py:161} INFO - Started process (PID=2228) to work on /home/airflow/.local/lib/python3.8/site-packages/airflow/example_dags/example_nested_branch_dag.py
[2024-04-04T09:58:15.959+0000] {processor.py:830} INFO - Processing file /home/airflow/.local/lib/python3.8/site-packages/airflow/example_dags/example_nested_branch_dag.py for tasks to queue
[2024-04-04T09:58:15.962+0000] {logging_mixin.py:188} INFO - [2024-04-04T09:58:15.962+0000] {dagbag.py:540} INFO - Filling up the DagBag from /home/airflow/.local/lib/python3.8/site-packages/airflow/example_dags/example_nested_branch_dag.py
[2024-04-04T09:58:15.971+0000] {processor.py:840} INFO - DAG(s) 'example_nested_branch_dag' retrieved from /home/airflow/.local/lib/python3.8/site-packages/airflow/example_dags/example_nested_branch_dag.py
[2024-04-04T09:58:15.995+0000] {logging_mixin.py:188} INFO - [2024-04-04T09:58:15.995+0000] {dag.py:3047} INFO - Sync 1 DAGs
[2024-04-04T09:58:16.022+0000] {logging_mixin.py:188} INFO - [2024-04-04T09:58:16.022+0000] {dag.py:3834} INFO - Setting next_dagrun for example_nested_branch_dag to 2024-04-03 00:00:00+00:00, run_after=2024-04-04 00:00:00+00:00
[2024-04-04T09:58:16.047+0000] {processor.py:183} INFO - Processing /home/airflow/.local/lib/python3.8/site-packages/airflow/example_dags/example_nested_branch_dag.py took 0.091 seconds
[2024-04-04T09:58:46.163+0000] {processor.py:161} INFO - Started process (PID=2284) to work on /home/airflow/.local/lib/python3.8/site-packages/airflow/example_dags/example_nested_branch_dag.py
[2024-04-04T09:58:46.164+0000] {processor.py:830} INFO - Processing file /home/airflow/.local/lib/python3.8/site-packages/airflow/example_dags/example_nested_branch_dag.py for tasks to queue
[2024-04-04T09:58:46.167+0000] {logging_mixin.py:188} INFO - [2024-04-04T09:58:46.166+0000] {dagbag.py:540} INFO - Filling up the DagBag from /home/airflow/.local/lib/python3.8/site-packages/airflow/example_dags/example_nested_branch_dag.py
[2024-04-04T09:58:46.178+0000] {processor.py:840} INFO - DAG(s) 'example_nested_branch_dag' retrieved from /home/airflow/.local/lib/python3.8/site-packages/airflow/example_dags/example_nested_branch_dag.py
[2024-04-04T09:58:46.200+0000] {logging_mixin.py:188} INFO - [2024-04-04T09:58:46.199+0000] {dag.py:3047} INFO - Sync 1 DAGs
[2024-04-04T09:58:46.227+0000] {logging_mixin.py:188} INFO - [2024-04-04T09:58:46.226+0000] {dag.py:3834} INFO - Setting next_dagrun for example_nested_branch_dag to 2024-04-03 00:00:00+00:00, run_after=2024-04-04 00:00:00+00:00
[2024-04-04T09:58:46.251+0000] {processor.py:183} INFO - Processing /home/airflow/.local/lib/python3.8/site-packages/airflow/example_dags/example_nested_branch_dag.py took 0.090 seconds
[2024-04-04T09:59:16.603+0000] {processor.py:161} INFO - Started process (PID=2340) to work on /home/airflow/.local/lib/python3.8/site-packages/airflow/example_dags/example_nested_branch_dag.py
[2024-04-04T09:59:16.604+0000] {processor.py:830} INFO - Processing file /home/airflow/.local/lib/python3.8/site-packages/airflow/example_dags/example_nested_branch_dag.py for tasks to queue
[2024-04-04T09:59:16.607+0000] {logging_mixin.py:188} INFO - [2024-04-04T09:59:16.606+0000] {dagbag.py:540} INFO - Filling up the DagBag from /home/airflow/.local/lib/python3.8/site-packages/airflow/example_dags/example_nested_branch_dag.py
[2024-04-04T09:59:16.617+0000] {processor.py:840} INFO - DAG(s) 'example_nested_branch_dag' retrieved from /home/airflow/.local/lib/python3.8/site-packages/airflow/example_dags/example_nested_branch_dag.py
[2024-04-04T09:59:16.642+0000] {logging_mixin.py:188} INFO - [2024-04-04T09:59:16.642+0000] {dag.py:3047} INFO - Sync 1 DAGs
[2024-04-04T09:59:16.666+0000] {logging_mixin.py:188} INFO - [2024-04-04T09:59:16.666+0000] {dag.py:3834} INFO - Setting next_dagrun for example_nested_branch_dag to 2024-04-03 00:00:00+00:00, run_after=2024-04-04 00:00:00+00:00
[2024-04-04T09:59:16.694+0000] {processor.py:183} INFO - Processing /home/airflow/.local/lib/python3.8/site-packages/airflow/example_dags/example_nested_branch_dag.py took 0.094 seconds
[2024-04-04T09:59:46.973+0000] {processor.py:161} INFO - Started process (PID=2396) to work on /home/airflow/.local/lib/python3.8/site-packages/airflow/example_dags/example_nested_branch_dag.py
[2024-04-04T09:59:46.975+0000] {processor.py:830} INFO - Processing file /home/airflow/.local/lib/python3.8/site-packages/airflow/example_dags/example_nested_branch_dag.py for tasks to queue
[2024-04-04T09:59:46.978+0000] {logging_mixin.py:188} INFO - [2024-04-04T09:59:46.977+0000] {dagbag.py:540} INFO - Filling up the DagBag from /home/airflow/.local/lib/python3.8/site-packages/airflow/example_dags/example_nested_branch_dag.py
[2024-04-04T09:59:46.992+0000] {processor.py:840} INFO - DAG(s) 'example_nested_branch_dag' retrieved from /home/airflow/.local/lib/python3.8/site-packages/airflow/example_dags/example_nested_branch_dag.py
[2024-04-04T09:59:47.022+0000] {logging_mixin.py:188} INFO - [2024-04-04T09:59:47.022+0000] {dag.py:3047} INFO - Sync 1 DAGs
[2024-04-04T09:59:47.051+0000] {logging_mixin.py:188} INFO - [2024-04-04T09:59:47.050+0000] {dag.py:3834} INFO - Setting next_dagrun for example_nested_branch_dag to 2024-04-03 00:00:00+00:00, run_after=2024-04-04 00:00:00+00:00
[2024-04-04T09:59:47.083+0000] {processor.py:183} INFO - Processing /home/airflow/.local/lib/python3.8/site-packages/airflow/example_dags/example_nested_branch_dag.py took 0.114 seconds
[2024-04-04T10:00:17.372+0000] {processor.py:161} INFO - Started process (PID=2452) to work on /home/airflow/.local/lib/python3.8/site-packages/airflow/example_dags/example_nested_branch_dag.py
[2024-04-04T10:00:17.373+0000] {processor.py:830} INFO - Processing file /home/airflow/.local/lib/python3.8/site-packages/airflow/example_dags/example_nested_branch_dag.py for tasks to queue
[2024-04-04T10:00:17.376+0000] {logging_mixin.py:188} INFO - [2024-04-04T10:00:17.375+0000] {dagbag.py:540} INFO - Filling up the DagBag from /home/airflow/.local/lib/python3.8/site-packages/airflow/example_dags/example_nested_branch_dag.py
[2024-04-04T10:00:17.393+0000] {processor.py:840} INFO - DAG(s) 'example_nested_branch_dag' retrieved from /home/airflow/.local/lib/python3.8/site-packages/airflow/example_dags/example_nested_branch_dag.py
[2024-04-04T10:00:17.417+0000] {logging_mixin.py:188} INFO - [2024-04-04T10:00:17.417+0000] {dag.py:3047} INFO - Sync 1 DAGs
[2024-04-04T10:00:17.448+0000] {logging_mixin.py:188} INFO - [2024-04-04T10:00:17.447+0000] {dag.py:3834} INFO - Setting next_dagrun for example_nested_branch_dag to 2024-04-03 00:00:00+00:00, run_after=2024-04-04 00:00:00+00:00
[2024-04-04T10:00:17.482+0000] {processor.py:183} INFO - Processing /home/airflow/.local/lib/python3.8/site-packages/airflow/example_dags/example_nested_branch_dag.py took 0.113 seconds
[2024-04-04T10:00:48.361+0000] {processor.py:161} INFO - Started process (PID=2508) to work on /home/airflow/.local/lib/python3.8/site-packages/airflow/example_dags/example_nested_branch_dag.py
[2024-04-04T10:00:48.362+0000] {processor.py:830} INFO - Processing file /home/airflow/.local/lib/python3.8/site-packages/airflow/example_dags/example_nested_branch_dag.py for tasks to queue
[2024-04-04T10:00:48.364+0000] {logging_mixin.py:188} INFO - [2024-04-04T10:00:48.363+0000] {dagbag.py:540} INFO - Filling up the DagBag from /home/airflow/.local/lib/python3.8/site-packages/airflow/example_dags/example_nested_branch_dag.py
[2024-04-04T10:00:48.376+0000] {processor.py:840} INFO - DAG(s) 'example_nested_branch_dag' retrieved from /home/airflow/.local/lib/python3.8/site-packages/airflow/example_dags/example_nested_branch_dag.py
[2024-04-04T10:00:48.404+0000] {logging_mixin.py:188} INFO - [2024-04-04T10:00:48.404+0000] {dag.py:3047} INFO - Sync 1 DAGs
[2024-04-04T10:00:48.429+0000] {logging_mixin.py:188} INFO - [2024-04-04T10:00:48.429+0000] {dag.py:3834} INFO - Setting next_dagrun for example_nested_branch_dag to 2024-04-03 00:00:00+00:00, run_after=2024-04-04 00:00:00+00:00
[2024-04-04T10:00:48.454+0000] {processor.py:183} INFO - Processing /home/airflow/.local/lib/python3.8/site-packages/airflow/example_dags/example_nested_branch_dag.py took 0.096 seconds
[2024-04-04T10:01:18.491+0000] {processor.py:161} INFO - Started process (PID=2565) to work on /home/airflow/.local/lib/python3.8/site-packages/airflow/example_dags/example_nested_branch_dag.py
[2024-04-04T10:01:18.492+0000] {processor.py:830} INFO - Processing file /home/airflow/.local/lib/python3.8/site-packages/airflow/example_dags/example_nested_branch_dag.py for tasks to queue
[2024-04-04T10:01:18.495+0000] {logging_mixin.py:188} INFO - [2024-04-04T10:01:18.494+0000] {dagbag.py:540} INFO - Filling up the DagBag from /home/airflow/.local/lib/python3.8/site-packages/airflow/example_dags/example_nested_branch_dag.py
[2024-04-04T10:01:18.504+0000] {processor.py:840} INFO - DAG(s) 'example_nested_branch_dag' retrieved from /home/airflow/.local/lib/python3.8/site-packages/airflow/example_dags/example_nested_branch_dag.py
[2024-04-04T10:01:18.536+0000] {logging_mixin.py:188} INFO - [2024-04-04T10:01:18.536+0000] {dag.py:3047} INFO - Sync 1 DAGs
[2024-04-04T10:01:18.567+0000] {logging_mixin.py:188} INFO - [2024-04-04T10:01:18.567+0000] {dag.py:3834} INFO - Setting next_dagrun for example_nested_branch_dag to 2024-04-03 00:00:00+00:00, run_after=2024-04-04 00:00:00+00:00
[2024-04-04T10:01:18.597+0000] {processor.py:183} INFO - Processing /home/airflow/.local/lib/python3.8/site-packages/airflow/example_dags/example_nested_branch_dag.py took 0.109 seconds
[2024-04-04T10:01:48.750+0000] {processor.py:161} INFO - Started process (PID=2621) to work on /home/airflow/.local/lib/python3.8/site-packages/airflow/example_dags/example_nested_branch_dag.py
[2024-04-04T10:01:48.751+0000] {processor.py:830} INFO - Processing file /home/airflow/.local/lib/python3.8/site-packages/airflow/example_dags/example_nested_branch_dag.py for tasks to queue
[2024-04-04T10:01:48.753+0000] {logging_mixin.py:188} INFO - [2024-04-04T10:01:48.753+0000] {dagbag.py:540} INFO - Filling up the DagBag from /home/airflow/.local/lib/python3.8/site-packages/airflow/example_dags/example_nested_branch_dag.py
[2024-04-04T10:01:48.767+0000] {processor.py:840} INFO - DAG(s) 'example_nested_branch_dag' retrieved from /home/airflow/.local/lib/python3.8/site-packages/airflow/example_dags/example_nested_branch_dag.py
[2024-04-04T10:01:48.790+0000] {logging_mixin.py:188} INFO - [2024-04-04T10:01:48.790+0000] {dag.py:3047} INFO - Sync 1 DAGs
[2024-04-04T10:01:48.814+0000] {logging_mixin.py:188} INFO - [2024-04-04T10:01:48.814+0000] {dag.py:3834} INFO - Setting next_dagrun for example_nested_branch_dag to 2024-04-03 00:00:00+00:00, run_after=2024-04-04 00:00:00+00:00
[2024-04-04T10:01:48.838+0000] {processor.py:183} INFO - Processing /home/airflow/.local/lib/python3.8/site-packages/airflow/example_dags/example_nested_branch_dag.py took 0.091 seconds
[2024-04-04T10:02:19.582+0000] {processor.py:161} INFO - Started process (PID=2677) to work on /home/airflow/.local/lib/python3.8/site-packages/airflow/example_dags/example_nested_branch_dag.py
[2024-04-04T10:02:19.584+0000] {processor.py:830} INFO - Processing file /home/airflow/.local/lib/python3.8/site-packages/airflow/example_dags/example_nested_branch_dag.py for tasks to queue
[2024-04-04T10:02:19.586+0000] {logging_mixin.py:188} INFO - [2024-04-04T10:02:19.586+0000] {dagbag.py:540} INFO - Filling up the DagBag from /home/airflow/.local/lib/python3.8/site-packages/airflow/example_dags/example_nested_branch_dag.py
[2024-04-04T10:02:19.598+0000] {processor.py:840} INFO - DAG(s) 'example_nested_branch_dag' retrieved from /home/airflow/.local/lib/python3.8/site-packages/airflow/example_dags/example_nested_branch_dag.py
[2024-04-04T10:02:19.624+0000] {logging_mixin.py:188} INFO - [2024-04-04T10:02:19.624+0000] {dag.py:3047} INFO - Sync 1 DAGs
[2024-04-04T10:02:19.659+0000] {logging_mixin.py:188} INFO - [2024-04-04T10:02:19.658+0000] {dag.py:3834} INFO - Setting next_dagrun for example_nested_branch_dag to 2024-04-03 00:00:00+00:00, run_after=2024-04-04 00:00:00+00:00
[2024-04-04T10:02:19.702+0000] {processor.py:183} INFO - Processing /home/airflow/.local/lib/python3.8/site-packages/airflow/example_dags/example_nested_branch_dag.py took 0.123 seconds
[2024-04-04T10:02:50.168+0000] {processor.py:161} INFO - Started process (PID=2733) to work on /home/airflow/.local/lib/python3.8/site-packages/airflow/example_dags/example_nested_branch_dag.py
[2024-04-04T10:02:50.170+0000] {processor.py:830} INFO - Processing file /home/airflow/.local/lib/python3.8/site-packages/airflow/example_dags/example_nested_branch_dag.py for tasks to queue
[2024-04-04T10:02:50.172+0000] {logging_mixin.py:188} INFO - [2024-04-04T10:02:50.172+0000] {dagbag.py:540} INFO - Filling up the DagBag from /home/airflow/.local/lib/python3.8/site-packages/airflow/example_dags/example_nested_branch_dag.py
[2024-04-04T10:02:50.182+0000] {processor.py:840} INFO - DAG(s) 'example_nested_branch_dag' retrieved from /home/airflow/.local/lib/python3.8/site-packages/airflow/example_dags/example_nested_branch_dag.py
[2024-04-04T10:02:50.206+0000] {logging_mixin.py:188} INFO - [2024-04-04T10:02:50.206+0000] {dag.py:3047} INFO - Sync 1 DAGs
[2024-04-04T10:02:50.231+0000] {logging_mixin.py:188} INFO - [2024-04-04T10:02:50.231+0000] {dag.py:3834} INFO - Setting next_dagrun for example_nested_branch_dag to 2024-04-03 00:00:00+00:00, run_after=2024-04-04 00:00:00+00:00
[2024-04-04T10:02:50.263+0000] {processor.py:183} INFO - Processing /home/airflow/.local/lib/python3.8/site-packages/airflow/example_dags/example_nested_branch_dag.py took 0.097 seconds
[2024-04-04T10:03:20.494+0000] {processor.py:161} INFO - Started process (PID=2789) to work on /home/airflow/.local/lib/python3.8/site-packages/airflow/example_dags/example_nested_branch_dag.py
[2024-04-04T10:03:20.496+0000] {processor.py:830} INFO - Processing file /home/airflow/.local/lib/python3.8/site-packages/airflow/example_dags/example_nested_branch_dag.py for tasks to queue
[2024-04-04T10:03:20.498+0000] {logging_mixin.py:188} INFO - [2024-04-04T10:03:20.497+0000] {dagbag.py:540} INFO - Filling up the DagBag from /home/airflow/.local/lib/python3.8/site-packages/airflow/example_dags/example_nested_branch_dag.py
[2024-04-04T10:03:20.509+0000] {processor.py:840} INFO - DAG(s) 'example_nested_branch_dag' retrieved from /home/airflow/.local/lib/python3.8/site-packages/airflow/example_dags/example_nested_branch_dag.py
[2024-04-04T10:03:20.531+0000] {logging_mixin.py:188} INFO - [2024-04-04T10:03:20.531+0000] {dag.py:3047} INFO - Sync 1 DAGs
[2024-04-04T10:03:20.555+0000] {logging_mixin.py:188} INFO - [2024-04-04T10:03:20.554+0000] {dag.py:3834} INFO - Setting next_dagrun for example_nested_branch_dag to 2024-04-03 00:00:00+00:00, run_after=2024-04-04 00:00:00+00:00
[2024-04-04T10:03:20.581+0000] {processor.py:183} INFO - Processing /home/airflow/.local/lib/python3.8/site-packages/airflow/example_dags/example_nested_branch_dag.py took 0.089 seconds
