[2024-04-04T09:38:55.663+0000] {processor.py:161} INFO - Started process (PID=76) to work on /home/airflow/.local/lib/python3.8/site-packages/airflow/example_dags/example_latest_only.py
[2024-04-04T09:38:55.664+0000] {processor.py:830} INFO - Processing file /home/airflow/.local/lib/python3.8/site-packages/airflow/example_dags/example_latest_only.py for tasks to queue
[2024-04-04T09:38:55.667+0000] {logging_mixin.py:188} INFO - [2024-04-04T09:38:55.666+0000] {dagbag.py:540} INFO - Filling up the DagBag from /home/airflow/.local/lib/python3.8/site-packages/airflow/example_dags/example_latest_only.py
[2024-04-04T09:38:55.674+0000] {processor.py:840} INFO - DAG(s) 'latest_only' retrieved from /home/airflow/.local/lib/python3.8/site-packages/airflow/example_dags/example_latest_only.py
[2024-04-04T09:38:55.809+0000] {logging_mixin.py:188} INFO - [2024-04-04T09:38:55.809+0000] {dag.py:3047} INFO - Sync 1 DAGs
[2024-04-04T09:38:55.833+0000] {logging_mixin.py:188} INFO - [2024-04-04T09:38:55.833+0000] {dag.py:3834} INFO - Setting next_dagrun for latest_only to 2024-04-04 04:00:00+00:00, run_after=2024-04-04 08:00:00+00:00
[2024-04-04T09:38:55.867+0000] {processor.py:183} INFO - Processing /home/airflow/.local/lib/python3.8/site-packages/airflow/example_dags/example_latest_only.py took 0.207 seconds
[2024-04-04T09:39:26.758+0000] {processor.py:161} INFO - Started process (PID=132) to work on /home/airflow/.local/lib/python3.8/site-packages/airflow/example_dags/example_latest_only.py
[2024-04-04T09:39:26.760+0000] {processor.py:830} INFO - Processing file /home/airflow/.local/lib/python3.8/site-packages/airflow/example_dags/example_latest_only.py for tasks to queue
[2024-04-04T09:39:26.762+0000] {logging_mixin.py:188} INFO - [2024-04-04T09:39:26.762+0000] {dagbag.py:540} INFO - Filling up the DagBag from /home/airflow/.local/lib/python3.8/site-packages/airflow/example_dags/example_latest_only.py
[2024-04-04T09:39:26.767+0000] {processor.py:840} INFO - DAG(s) 'latest_only' retrieved from /home/airflow/.local/lib/python3.8/site-packages/airflow/example_dags/example_latest_only.py
[2024-04-04T09:39:26.790+0000] {logging_mixin.py:188} INFO - [2024-04-04T09:39:26.790+0000] {dag.py:3047} INFO - Sync 1 DAGs
[2024-04-04T09:39:26.814+0000] {logging_mixin.py:188} INFO - [2024-04-04T09:39:26.813+0000] {dag.py:3834} INFO - Setting next_dagrun for latest_only to 2024-04-04 04:00:00+00:00, run_after=2024-04-04 08:00:00+00:00
[2024-04-04T09:39:26.842+0000] {processor.py:183} INFO - Processing /home/airflow/.local/lib/python3.8/site-packages/airflow/example_dags/example_latest_only.py took 0.087 seconds
[2024-04-04T09:39:57.171+0000] {processor.py:161} INFO - Started process (PID=188) to work on /home/airflow/.local/lib/python3.8/site-packages/airflow/example_dags/example_latest_only.py
[2024-04-04T09:39:57.172+0000] {processor.py:830} INFO - Processing file /home/airflow/.local/lib/python3.8/site-packages/airflow/example_dags/example_latest_only.py for tasks to queue
[2024-04-04T09:39:57.174+0000] {logging_mixin.py:188} INFO - [2024-04-04T09:39:57.174+0000] {dagbag.py:540} INFO - Filling up the DagBag from /home/airflow/.local/lib/python3.8/site-packages/airflow/example_dags/example_latest_only.py
[2024-04-04T09:39:57.178+0000] {processor.py:840} INFO - DAG(s) 'latest_only' retrieved from /home/airflow/.local/lib/python3.8/site-packages/airflow/example_dags/example_latest_only.py
[2024-04-04T09:39:57.204+0000] {logging_mixin.py:188} INFO - [2024-04-04T09:39:57.204+0000] {dag.py:3047} INFO - Sync 1 DAGs
[2024-04-04T09:39:57.229+0000] {logging_mixin.py:188} INFO - [2024-04-04T09:39:57.228+0000] {dag.py:3834} INFO - Setting next_dagrun for latest_only to 2024-04-04 04:00:00+00:00, run_after=2024-04-04 08:00:00+00:00
[2024-04-04T09:39:57.255+0000] {processor.py:183} INFO - Processing /home/airflow/.local/lib/python3.8/site-packages/airflow/example_dags/example_latest_only.py took 0.087 seconds
[2024-04-04T09:40:27.673+0000] {processor.py:161} INFO - Started process (PID=244) to work on /home/airflow/.local/lib/python3.8/site-packages/airflow/example_dags/example_latest_only.py
[2024-04-04T09:40:27.674+0000] {processor.py:830} INFO - Processing file /home/airflow/.local/lib/python3.8/site-packages/airflow/example_dags/example_latest_only.py for tasks to queue
[2024-04-04T09:40:27.676+0000] {logging_mixin.py:188} INFO - [2024-04-04T09:40:27.676+0000] {dagbag.py:540} INFO - Filling up the DagBag from /home/airflow/.local/lib/python3.8/site-packages/airflow/example_dags/example_latest_only.py
[2024-04-04T09:40:27.682+0000] {processor.py:840} INFO - DAG(s) 'latest_only' retrieved from /home/airflow/.local/lib/python3.8/site-packages/airflow/example_dags/example_latest_only.py
[2024-04-04T09:40:27.713+0000] {logging_mixin.py:188} INFO - [2024-04-04T09:40:27.712+0000] {dag.py:3047} INFO - Sync 1 DAGs
[2024-04-04T09:40:27.749+0000] {logging_mixin.py:188} INFO - [2024-04-04T09:40:27.749+0000] {dag.py:3834} INFO - Setting next_dagrun for latest_only to 2024-04-04 04:00:00+00:00, run_after=2024-04-04 08:00:00+00:00
[2024-04-04T09:40:27.777+0000] {processor.py:183} INFO - Processing /home/airflow/.local/lib/python3.8/site-packages/airflow/example_dags/example_latest_only.py took 0.108 seconds
[2024-04-04T09:40:57.889+0000] {processor.py:161} INFO - Started process (PID=306) to work on /home/airflow/.local/lib/python3.8/site-packages/airflow/example_dags/example_latest_only.py
[2024-04-04T09:40:57.890+0000] {processor.py:830} INFO - Processing file /home/airflow/.local/lib/python3.8/site-packages/airflow/example_dags/example_latest_only.py for tasks to queue
[2024-04-04T09:40:57.892+0000] {logging_mixin.py:188} INFO - [2024-04-04T09:40:57.892+0000] {dagbag.py:540} INFO - Filling up the DagBag from /home/airflow/.local/lib/python3.8/site-packages/airflow/example_dags/example_latest_only.py
[2024-04-04T09:40:57.898+0000] {processor.py:840} INFO - DAG(s) 'latest_only' retrieved from /home/airflow/.local/lib/python3.8/site-packages/airflow/example_dags/example_latest_only.py
[2024-04-04T09:40:57.926+0000] {logging_mixin.py:188} INFO - [2024-04-04T09:40:57.925+0000] {dag.py:3047} INFO - Sync 1 DAGs
[2024-04-04T09:40:57.961+0000] {logging_mixin.py:188} INFO - [2024-04-04T09:40:57.961+0000] {dag.py:3834} INFO - Setting next_dagrun for latest_only to 2024-04-04 04:00:00+00:00, run_after=2024-04-04 08:00:00+00:00
[2024-04-04T09:40:58.003+0000] {processor.py:183} INFO - Processing /home/airflow/.local/lib/python3.8/site-packages/airflow/example_dags/example_latest_only.py took 0.118 seconds
[2024-04-04T09:41:28.485+0000] {processor.py:161} INFO - Started process (PID=362) to work on /home/airflow/.local/lib/python3.8/site-packages/airflow/example_dags/example_latest_only.py
[2024-04-04T09:41:28.486+0000] {processor.py:830} INFO - Processing file /home/airflow/.local/lib/python3.8/site-packages/airflow/example_dags/example_latest_only.py for tasks to queue
[2024-04-04T09:41:28.488+0000] {logging_mixin.py:188} INFO - [2024-04-04T09:41:28.488+0000] {dagbag.py:540} INFO - Filling up the DagBag from /home/airflow/.local/lib/python3.8/site-packages/airflow/example_dags/example_latest_only.py
[2024-04-04T09:41:28.493+0000] {processor.py:840} INFO - DAG(s) 'latest_only' retrieved from /home/airflow/.local/lib/python3.8/site-packages/airflow/example_dags/example_latest_only.py
[2024-04-04T09:41:28.516+0000] {logging_mixin.py:188} INFO - [2024-04-04T09:41:28.516+0000] {dag.py:3047} INFO - Sync 1 DAGs
[2024-04-04T09:41:28.538+0000] {logging_mixin.py:188} INFO - [2024-04-04T09:41:28.538+0000] {dag.py:3834} INFO - Setting next_dagrun for latest_only to 2024-04-04 04:00:00+00:00, run_after=2024-04-04 08:00:00+00:00
[2024-04-04T09:41:28.565+0000] {processor.py:183} INFO - Processing /home/airflow/.local/lib/python3.8/site-packages/airflow/example_dags/example_latest_only.py took 0.083 seconds
[2024-04-04T09:41:58.860+0000] {processor.py:161} INFO - Started process (PID=418) to work on /home/airflow/.local/lib/python3.8/site-packages/airflow/example_dags/example_latest_only.py
[2024-04-04T09:41:58.862+0000] {processor.py:830} INFO - Processing file /home/airflow/.local/lib/python3.8/site-packages/airflow/example_dags/example_latest_only.py for tasks to queue
[2024-04-04T09:41:58.864+0000] {logging_mixin.py:188} INFO - [2024-04-04T09:41:58.864+0000] {dagbag.py:540} INFO - Filling up the DagBag from /home/airflow/.local/lib/python3.8/site-packages/airflow/example_dags/example_latest_only.py
[2024-04-04T09:41:58.869+0000] {processor.py:840} INFO - DAG(s) 'latest_only' retrieved from /home/airflow/.local/lib/python3.8/site-packages/airflow/example_dags/example_latest_only.py
[2024-04-04T09:41:58.894+0000] {logging_mixin.py:188} INFO - [2024-04-04T09:41:58.894+0000] {dag.py:3047} INFO - Sync 1 DAGs
[2024-04-04T09:41:58.919+0000] {logging_mixin.py:188} INFO - [2024-04-04T09:41:58.918+0000] {dag.py:3834} INFO - Setting next_dagrun for latest_only to 2024-04-04 04:00:00+00:00, run_after=2024-04-04 08:00:00+00:00
[2024-04-04T09:41:58.945+0000] {processor.py:183} INFO - Processing /home/airflow/.local/lib/python3.8/site-packages/airflow/example_dags/example_latest_only.py took 0.088 seconds
[2024-04-04T09:42:29.001+0000] {processor.py:161} INFO - Started process (PID=479) to work on /home/airflow/.local/lib/python3.8/site-packages/airflow/example_dags/example_latest_only.py
[2024-04-04T09:42:29.002+0000] {processor.py:830} INFO - Processing file /home/airflow/.local/lib/python3.8/site-packages/airflow/example_dags/example_latest_only.py for tasks to queue
[2024-04-04T09:42:29.004+0000] {logging_mixin.py:188} INFO - [2024-04-04T09:42:29.003+0000] {dagbag.py:540} INFO - Filling up the DagBag from /home/airflow/.local/lib/python3.8/site-packages/airflow/example_dags/example_latest_only.py
[2024-04-04T09:42:29.010+0000] {processor.py:840} INFO - DAG(s) 'latest_only' retrieved from /home/airflow/.local/lib/python3.8/site-packages/airflow/example_dags/example_latest_only.py
[2024-04-04T09:42:29.030+0000] {logging_mixin.py:188} INFO - [2024-04-04T09:42:29.029+0000] {dag.py:3047} INFO - Sync 1 DAGs
[2024-04-04T09:42:29.054+0000] {logging_mixin.py:188} INFO - [2024-04-04T09:42:29.054+0000] {dag.py:3834} INFO - Setting next_dagrun for latest_only to 2024-04-04 04:00:00+00:00, run_after=2024-04-04 08:00:00+00:00
[2024-04-04T09:42:29.083+0000] {processor.py:183} INFO - Processing /home/airflow/.local/lib/python3.8/site-packages/airflow/example_dags/example_latest_only.py took 0.086 seconds
[2024-04-04T09:42:59.291+0000] {processor.py:161} INFO - Started process (PID=536) to work on /home/airflow/.local/lib/python3.8/site-packages/airflow/example_dags/example_latest_only.py
[2024-04-04T09:42:59.293+0000] {processor.py:830} INFO - Processing file /home/airflow/.local/lib/python3.8/site-packages/airflow/example_dags/example_latest_only.py for tasks to queue
[2024-04-04T09:42:59.295+0000] {logging_mixin.py:188} INFO - [2024-04-04T09:42:59.295+0000] {dagbag.py:540} INFO - Filling up the DagBag from /home/airflow/.local/lib/python3.8/site-packages/airflow/example_dags/example_latest_only.py
[2024-04-04T09:42:59.300+0000] {processor.py:840} INFO - DAG(s) 'latest_only' retrieved from /home/airflow/.local/lib/python3.8/site-packages/airflow/example_dags/example_latest_only.py
[2024-04-04T09:42:59.334+0000] {logging_mixin.py:188} INFO - [2024-04-04T09:42:59.333+0000] {dag.py:3047} INFO - Sync 1 DAGs
[2024-04-04T09:42:59.377+0000] {logging_mixin.py:188} INFO - [2024-04-04T09:42:59.376+0000] {dag.py:3834} INFO - Setting next_dagrun for latest_only to 2024-04-04 04:00:00+00:00, run_after=2024-04-04 08:00:00+00:00
[2024-04-04T09:42:59.407+0000] {processor.py:183} INFO - Processing /home/airflow/.local/lib/python3.8/site-packages/airflow/example_dags/example_latest_only.py took 0.121 seconds
[2024-04-04T09:43:29.911+0000] {processor.py:161} INFO - Started process (PID=592) to work on /home/airflow/.local/lib/python3.8/site-packages/airflow/example_dags/example_latest_only.py
[2024-04-04T09:43:29.912+0000] {processor.py:830} INFO - Processing file /home/airflow/.local/lib/python3.8/site-packages/airflow/example_dags/example_latest_only.py for tasks to queue
[2024-04-04T09:43:29.915+0000] {logging_mixin.py:188} INFO - [2024-04-04T09:43:29.914+0000] {dagbag.py:540} INFO - Filling up the DagBag from /home/airflow/.local/lib/python3.8/site-packages/airflow/example_dags/example_latest_only.py
[2024-04-04T09:43:29.923+0000] {processor.py:840} INFO - DAG(s) 'latest_only' retrieved from /home/airflow/.local/lib/python3.8/site-packages/airflow/example_dags/example_latest_only.py
[2024-04-04T09:43:29.965+0000] {logging_mixin.py:188} INFO - [2024-04-04T09:43:29.964+0000] {dag.py:3047} INFO - Sync 1 DAGs
[2024-04-04T09:43:30.006+0000] {logging_mixin.py:188} INFO - [2024-04-04T09:43:30.006+0000] {dag.py:3834} INFO - Setting next_dagrun for latest_only to 2024-04-04 04:00:00+00:00, run_after=2024-04-04 08:00:00+00:00
[2024-04-04T09:43:30.035+0000] {processor.py:183} INFO - Processing /home/airflow/.local/lib/python3.8/site-packages/airflow/example_dags/example_latest_only.py took 0.129 seconds
[2024-04-04T09:44:00.134+0000] {processor.py:161} INFO - Started process (PID=648) to work on /home/airflow/.local/lib/python3.8/site-packages/airflow/example_dags/example_latest_only.py
[2024-04-04T09:44:00.135+0000] {processor.py:830} INFO - Processing file /home/airflow/.local/lib/python3.8/site-packages/airflow/example_dags/example_latest_only.py for tasks to queue
[2024-04-04T09:44:00.138+0000] {logging_mixin.py:188} INFO - [2024-04-04T09:44:00.137+0000] {dagbag.py:540} INFO - Filling up the DagBag from /home/airflow/.local/lib/python3.8/site-packages/airflow/example_dags/example_latest_only.py
[2024-04-04T09:44:00.142+0000] {processor.py:840} INFO - DAG(s) 'latest_only' retrieved from /home/airflow/.local/lib/python3.8/site-packages/airflow/example_dags/example_latest_only.py
[2024-04-04T09:44:00.164+0000] {logging_mixin.py:188} INFO - [2024-04-04T09:44:00.164+0000] {dag.py:3047} INFO - Sync 1 DAGs
[2024-04-04T09:44:00.187+0000] {logging_mixin.py:188} INFO - [2024-04-04T09:44:00.187+0000] {dag.py:3834} INFO - Setting next_dagrun for latest_only to 2024-04-04 04:00:00+00:00, run_after=2024-04-04 08:00:00+00:00
[2024-04-04T09:44:00.211+0000] {processor.py:183} INFO - Processing /home/airflow/.local/lib/python3.8/site-packages/airflow/example_dags/example_latest_only.py took 0.080 seconds
[2024-04-04T09:44:30.592+0000] {processor.py:161} INFO - Started process (PID=704) to work on /home/airflow/.local/lib/python3.8/site-packages/airflow/example_dags/example_latest_only.py
[2024-04-04T09:44:30.593+0000] {processor.py:830} INFO - Processing file /home/airflow/.local/lib/python3.8/site-packages/airflow/example_dags/example_latest_only.py for tasks to queue
[2024-04-04T09:44:30.595+0000] {logging_mixin.py:188} INFO - [2024-04-04T09:44:30.595+0000] {dagbag.py:540} INFO - Filling up the DagBag from /home/airflow/.local/lib/python3.8/site-packages/airflow/example_dags/example_latest_only.py
[2024-04-04T09:44:30.600+0000] {processor.py:840} INFO - DAG(s) 'latest_only' retrieved from /home/airflow/.local/lib/python3.8/site-packages/airflow/example_dags/example_latest_only.py
[2024-04-04T09:44:30.626+0000] {logging_mixin.py:188} INFO - [2024-04-04T09:44:30.626+0000] {dag.py:3047} INFO - Sync 1 DAGs
[2024-04-04T09:44:30.658+0000] {logging_mixin.py:188} INFO - [2024-04-04T09:44:30.658+0000] {dag.py:3834} INFO - Setting next_dagrun for latest_only to 2024-04-04 04:00:00+00:00, run_after=2024-04-04 08:00:00+00:00
[2024-04-04T09:44:30.692+0000] {processor.py:183} INFO - Processing /home/airflow/.local/lib/python3.8/site-packages/airflow/example_dags/example_latest_only.py took 0.103 seconds
[2024-04-04T09:45:00.840+0000] {processor.py:161} INFO - Started process (PID=760) to work on /home/airflow/.local/lib/python3.8/site-packages/airflow/example_dags/example_latest_only.py
[2024-04-04T09:45:00.841+0000] {processor.py:830} INFO - Processing file /home/airflow/.local/lib/python3.8/site-packages/airflow/example_dags/example_latest_only.py for tasks to queue
[2024-04-04T09:45:00.843+0000] {logging_mixin.py:188} INFO - [2024-04-04T09:45:00.843+0000] {dagbag.py:540} INFO - Filling up the DagBag from /home/airflow/.local/lib/python3.8/site-packages/airflow/example_dags/example_latest_only.py
[2024-04-04T09:45:00.849+0000] {processor.py:840} INFO - DAG(s) 'latest_only' retrieved from /home/airflow/.local/lib/python3.8/site-packages/airflow/example_dags/example_latest_only.py
[2024-04-04T09:45:00.871+0000] {logging_mixin.py:188} INFO - [2024-04-04T09:45:00.871+0000] {dag.py:3047} INFO - Sync 1 DAGs
[2024-04-04T09:45:00.898+0000] {logging_mixin.py:188} INFO - [2024-04-04T09:45:00.898+0000] {dag.py:3834} INFO - Setting next_dagrun for latest_only to 2024-04-04 04:00:00+00:00, run_after=2024-04-04 08:00:00+00:00
[2024-04-04T09:45:00.929+0000] {processor.py:183} INFO - Processing /home/airflow/.local/lib/python3.8/site-packages/airflow/example_dags/example_latest_only.py took 0.093 seconds
[2024-04-04T09:45:31.866+0000] {processor.py:161} INFO - Started process (PID=816) to work on /home/airflow/.local/lib/python3.8/site-packages/airflow/example_dags/example_latest_only.py
[2024-04-04T09:45:31.867+0000] {processor.py:830} INFO - Processing file /home/airflow/.local/lib/python3.8/site-packages/airflow/example_dags/example_latest_only.py for tasks to queue
[2024-04-04T09:45:31.869+0000] {logging_mixin.py:188} INFO - [2024-04-04T09:45:31.868+0000] {dagbag.py:540} INFO - Filling up the DagBag from /home/airflow/.local/lib/python3.8/site-packages/airflow/example_dags/example_latest_only.py
[2024-04-04T09:45:31.874+0000] {processor.py:840} INFO - DAG(s) 'latest_only' retrieved from /home/airflow/.local/lib/python3.8/site-packages/airflow/example_dags/example_latest_only.py
[2024-04-04T09:45:31.897+0000] {logging_mixin.py:188} INFO - [2024-04-04T09:45:31.897+0000] {dag.py:3047} INFO - Sync 1 DAGs
[2024-04-04T09:45:31.922+0000] {logging_mixin.py:188} INFO - [2024-04-04T09:45:31.921+0000] {dag.py:3834} INFO - Setting next_dagrun for latest_only to 2024-04-04 04:00:00+00:00, run_after=2024-04-04 08:00:00+00:00
[2024-04-04T09:45:31.955+0000] {processor.py:183} INFO - Processing /home/airflow/.local/lib/python3.8/site-packages/airflow/example_dags/example_latest_only.py took 0.092 seconds
[2024-04-04T09:46:02.567+0000] {processor.py:161} INFO - Started process (PID=872) to work on /home/airflow/.local/lib/python3.8/site-packages/airflow/example_dags/example_latest_only.py
[2024-04-04T09:46:02.571+0000] {processor.py:830} INFO - Processing file /home/airflow/.local/lib/python3.8/site-packages/airflow/example_dags/example_latest_only.py for tasks to queue
[2024-04-04T09:46:02.582+0000] {logging_mixin.py:188} INFO - [2024-04-04T09:46:02.580+0000] {dagbag.py:540} INFO - Filling up the DagBag from /home/airflow/.local/lib/python3.8/site-packages/airflow/example_dags/example_latest_only.py
[2024-04-04T09:46:02.594+0000] {processor.py:840} INFO - DAG(s) 'latest_only' retrieved from /home/airflow/.local/lib/python3.8/site-packages/airflow/example_dags/example_latest_only.py
[2024-04-04T09:46:02.639+0000] {logging_mixin.py:188} INFO - [2024-04-04T09:46:02.638+0000] {dag.py:3047} INFO - Sync 1 DAGs
[2024-04-04T09:46:02.671+0000] {logging_mixin.py:188} INFO - [2024-04-04T09:46:02.671+0000] {dag.py:3834} INFO - Setting next_dagrun for latest_only to 2024-04-04 04:00:00+00:00, run_after=2024-04-04 08:00:00+00:00
[2024-04-04T09:46:02.701+0000] {processor.py:183} INFO - Processing /home/airflow/.local/lib/python3.8/site-packages/airflow/example_dags/example_latest_only.py took 0.138 seconds
[2024-04-04T09:46:32.738+0000] {processor.py:161} INFO - Started process (PID=928) to work on /home/airflow/.local/lib/python3.8/site-packages/airflow/example_dags/example_latest_only.py
[2024-04-04T09:46:32.740+0000] {processor.py:830} INFO - Processing file /home/airflow/.local/lib/python3.8/site-packages/airflow/example_dags/example_latest_only.py for tasks to queue
[2024-04-04T09:46:32.742+0000] {logging_mixin.py:188} INFO - [2024-04-04T09:46:32.742+0000] {dagbag.py:540} INFO - Filling up the DagBag from /home/airflow/.local/lib/python3.8/site-packages/airflow/example_dags/example_latest_only.py
[2024-04-04T09:46:32.748+0000] {processor.py:840} INFO - DAG(s) 'latest_only' retrieved from /home/airflow/.local/lib/python3.8/site-packages/airflow/example_dags/example_latest_only.py
[2024-04-04T09:46:32.778+0000] {logging_mixin.py:188} INFO - [2024-04-04T09:46:32.778+0000] {dag.py:3047} INFO - Sync 1 DAGs
[2024-04-04T09:46:32.809+0000] {logging_mixin.py:188} INFO - [2024-04-04T09:46:32.809+0000] {dag.py:3834} INFO - Setting next_dagrun for latest_only to 2024-04-04 04:00:00+00:00, run_after=2024-04-04 08:00:00+00:00
[2024-04-04T09:46:32.838+0000] {processor.py:183} INFO - Processing /home/airflow/.local/lib/python3.8/site-packages/airflow/example_dags/example_latest_only.py took 0.103 seconds
[2024-04-04T09:47:03.321+0000] {processor.py:161} INFO - Started process (PID=984) to work on /home/airflow/.local/lib/python3.8/site-packages/airflow/example_dags/example_latest_only.py
[2024-04-04T09:47:03.323+0000] {processor.py:830} INFO - Processing file /home/airflow/.local/lib/python3.8/site-packages/airflow/example_dags/example_latest_only.py for tasks to queue
[2024-04-04T09:47:03.325+0000] {logging_mixin.py:188} INFO - [2024-04-04T09:47:03.325+0000] {dagbag.py:540} INFO - Filling up the DagBag from /home/airflow/.local/lib/python3.8/site-packages/airflow/example_dags/example_latest_only.py
[2024-04-04T09:47:03.331+0000] {processor.py:840} INFO - DAG(s) 'latest_only' retrieved from /home/airflow/.local/lib/python3.8/site-packages/airflow/example_dags/example_latest_only.py
[2024-04-04T09:47:03.355+0000] {logging_mixin.py:188} INFO - [2024-04-04T09:47:03.355+0000] {dag.py:3047} INFO - Sync 1 DAGs
[2024-04-04T09:47:03.385+0000] {logging_mixin.py:188} INFO - [2024-04-04T09:47:03.385+0000] {dag.py:3834} INFO - Setting next_dagrun for latest_only to 2024-04-04 04:00:00+00:00, run_after=2024-04-04 08:00:00+00:00
[2024-04-04T09:47:03.411+0000] {processor.py:183} INFO - Processing /home/airflow/.local/lib/python3.8/site-packages/airflow/example_dags/example_latest_only.py took 0.093 seconds
[2024-04-04T09:47:33.998+0000] {processor.py:161} INFO - Started process (PID=1040) to work on /home/airflow/.local/lib/python3.8/site-packages/airflow/example_dags/example_latest_only.py
[2024-04-04T09:47:34.000+0000] {processor.py:830} INFO - Processing file /home/airflow/.local/lib/python3.8/site-packages/airflow/example_dags/example_latest_only.py for tasks to queue
[2024-04-04T09:47:34.003+0000] {logging_mixin.py:188} INFO - [2024-04-04T09:47:34.002+0000] {dagbag.py:540} INFO - Filling up the DagBag from /home/airflow/.local/lib/python3.8/site-packages/airflow/example_dags/example_latest_only.py
[2024-04-04T09:47:34.008+0000] {processor.py:840} INFO - DAG(s) 'latest_only' retrieved from /home/airflow/.local/lib/python3.8/site-packages/airflow/example_dags/example_latest_only.py
[2024-04-04T09:47:34.034+0000] {logging_mixin.py:188} INFO - [2024-04-04T09:47:34.034+0000] {dag.py:3047} INFO - Sync 1 DAGs
[2024-04-04T09:47:34.061+0000] {logging_mixin.py:188} INFO - [2024-04-04T09:47:34.060+0000] {dag.py:3834} INFO - Setting next_dagrun for latest_only to 2024-04-04 04:00:00+00:00, run_after=2024-04-04 08:00:00+00:00
[2024-04-04T09:47:34.090+0000] {processor.py:183} INFO - Processing /home/airflow/.local/lib/python3.8/site-packages/airflow/example_dags/example_latest_only.py took 0.095 seconds
[2024-04-04T09:48:04.171+0000] {processor.py:161} INFO - Started process (PID=1096) to work on /home/airflow/.local/lib/python3.8/site-packages/airflow/example_dags/example_latest_only.py
[2024-04-04T09:48:04.173+0000] {processor.py:830} INFO - Processing file /home/airflow/.local/lib/python3.8/site-packages/airflow/example_dags/example_latest_only.py for tasks to queue
[2024-04-04T09:48:04.175+0000] {logging_mixin.py:188} INFO - [2024-04-04T09:48:04.174+0000] {dagbag.py:540} INFO - Filling up the DagBag from /home/airflow/.local/lib/python3.8/site-packages/airflow/example_dags/example_latest_only.py
[2024-04-04T09:48:04.180+0000] {processor.py:840} INFO - DAG(s) 'latest_only' retrieved from /home/airflow/.local/lib/python3.8/site-packages/airflow/example_dags/example_latest_only.py
[2024-04-04T09:48:04.203+0000] {logging_mixin.py:188} INFO - [2024-04-04T09:48:04.203+0000] {dag.py:3047} INFO - Sync 1 DAGs
[2024-04-04T09:48:04.225+0000] {logging_mixin.py:188} INFO - [2024-04-04T09:48:04.225+0000] {dag.py:3834} INFO - Setting next_dagrun for latest_only to 2024-04-04 04:00:00+00:00, run_after=2024-04-04 08:00:00+00:00
[2024-04-04T09:48:04.253+0000] {processor.py:183} INFO - Processing /home/airflow/.local/lib/python3.8/site-packages/airflow/example_dags/example_latest_only.py took 0.085 seconds
[2024-04-04T09:48:34.407+0000] {processor.py:161} INFO - Started process (PID=1152) to work on /home/airflow/.local/lib/python3.8/site-packages/airflow/example_dags/example_latest_only.py
[2024-04-04T09:48:34.408+0000] {processor.py:830} INFO - Processing file /home/airflow/.local/lib/python3.8/site-packages/airflow/example_dags/example_latest_only.py for tasks to queue
[2024-04-04T09:48:34.411+0000] {logging_mixin.py:188} INFO - [2024-04-04T09:48:34.410+0000] {dagbag.py:540} INFO - Filling up the DagBag from /home/airflow/.local/lib/python3.8/site-packages/airflow/example_dags/example_latest_only.py
[2024-04-04T09:48:34.416+0000] {processor.py:840} INFO - DAG(s) 'latest_only' retrieved from /home/airflow/.local/lib/python3.8/site-packages/airflow/example_dags/example_latest_only.py
[2024-04-04T09:48:34.439+0000] {logging_mixin.py:188} INFO - [2024-04-04T09:48:34.439+0000] {dag.py:3047} INFO - Sync 1 DAGs
[2024-04-04T09:48:34.471+0000] {logging_mixin.py:188} INFO - [2024-04-04T09:48:34.471+0000] {dag.py:3834} INFO - Setting next_dagrun for latest_only to 2024-04-04 04:00:00+00:00, run_after=2024-04-04 08:00:00+00:00
[2024-04-04T09:48:34.522+0000] {processor.py:183} INFO - Processing /home/airflow/.local/lib/python3.8/site-packages/airflow/example_dags/example_latest_only.py took 0.118 seconds
[2024-04-04T09:49:04.591+0000] {processor.py:161} INFO - Started process (PID=1208) to work on /home/airflow/.local/lib/python3.8/site-packages/airflow/example_dags/example_latest_only.py
[2024-04-04T09:49:04.592+0000] {processor.py:830} INFO - Processing file /home/airflow/.local/lib/python3.8/site-packages/airflow/example_dags/example_latest_only.py for tasks to queue
[2024-04-04T09:49:04.595+0000] {logging_mixin.py:188} INFO - [2024-04-04T09:49:04.594+0000] {dagbag.py:540} INFO - Filling up the DagBag from /home/airflow/.local/lib/python3.8/site-packages/airflow/example_dags/example_latest_only.py
[2024-04-04T09:49:04.599+0000] {processor.py:840} INFO - DAG(s) 'latest_only' retrieved from /home/airflow/.local/lib/python3.8/site-packages/airflow/example_dags/example_latest_only.py
[2024-04-04T09:49:04.621+0000] {logging_mixin.py:188} INFO - [2024-04-04T09:49:04.621+0000] {dag.py:3047} INFO - Sync 1 DAGs
[2024-04-04T09:49:04.646+0000] {logging_mixin.py:188} INFO - [2024-04-04T09:49:04.645+0000] {dag.py:3834} INFO - Setting next_dagrun for latest_only to 2024-04-04 04:00:00+00:00, run_after=2024-04-04 08:00:00+00:00
[2024-04-04T09:49:04.672+0000] {processor.py:183} INFO - Processing /home/airflow/.local/lib/python3.8/site-packages/airflow/example_dags/example_latest_only.py took 0.084 seconds
[2024-04-04T09:49:36.094+0000] {processor.py:161} INFO - Started process (PID=1268) to work on /home/airflow/.local/lib/python3.8/site-packages/airflow/example_dags/example_latest_only.py
[2024-04-04T09:49:36.095+0000] {processor.py:830} INFO - Processing file /home/airflow/.local/lib/python3.8/site-packages/airflow/example_dags/example_latest_only.py for tasks to queue
[2024-04-04T09:49:36.097+0000] {logging_mixin.py:188} INFO - [2024-04-04T09:49:36.097+0000] {dagbag.py:540} INFO - Filling up the DagBag from /home/airflow/.local/lib/python3.8/site-packages/airflow/example_dags/example_latest_only.py
[2024-04-04T09:49:36.103+0000] {processor.py:840} INFO - DAG(s) 'latest_only' retrieved from /home/airflow/.local/lib/python3.8/site-packages/airflow/example_dags/example_latest_only.py
[2024-04-04T09:49:36.135+0000] {logging_mixin.py:188} INFO - [2024-04-04T09:49:36.134+0000] {dag.py:3047} INFO - Sync 1 DAGs
[2024-04-04T09:49:36.173+0000] {logging_mixin.py:188} INFO - [2024-04-04T09:49:36.173+0000] {dag.py:3834} INFO - Setting next_dagrun for latest_only to 2024-04-04 04:00:00+00:00, run_after=2024-04-04 08:00:00+00:00
[2024-04-04T09:49:36.214+0000] {processor.py:183} INFO - Processing /home/airflow/.local/lib/python3.8/site-packages/airflow/example_dags/example_latest_only.py took 0.124 seconds
[2024-04-04T09:50:06.381+0000] {processor.py:161} INFO - Started process (PID=1324) to work on /home/airflow/.local/lib/python3.8/site-packages/airflow/example_dags/example_latest_only.py
[2024-04-04T09:50:06.382+0000] {processor.py:830} INFO - Processing file /home/airflow/.local/lib/python3.8/site-packages/airflow/example_dags/example_latest_only.py for tasks to queue
[2024-04-04T09:50:06.384+0000] {logging_mixin.py:188} INFO - [2024-04-04T09:50:06.383+0000] {dagbag.py:540} INFO - Filling up the DagBag from /home/airflow/.local/lib/python3.8/site-packages/airflow/example_dags/example_latest_only.py
[2024-04-04T09:50:06.388+0000] {processor.py:840} INFO - DAG(s) 'latest_only' retrieved from /home/airflow/.local/lib/python3.8/site-packages/airflow/example_dags/example_latest_only.py
[2024-04-04T09:50:06.410+0000] {logging_mixin.py:188} INFO - [2024-04-04T09:50:06.409+0000] {dag.py:3047} INFO - Sync 1 DAGs
[2024-04-04T09:50:06.432+0000] {logging_mixin.py:188} INFO - [2024-04-04T09:50:06.432+0000] {dag.py:3834} INFO - Setting next_dagrun for latest_only to 2024-04-04 04:00:00+00:00, run_after=2024-04-04 08:00:00+00:00
[2024-04-04T09:50:06.460+0000] {processor.py:183} INFO - Processing /home/airflow/.local/lib/python3.8/site-packages/airflow/example_dags/example_latest_only.py took 0.083 seconds
[2024-04-04T09:50:36.552+0000] {processor.py:161} INFO - Started process (PID=1380) to work on /home/airflow/.local/lib/python3.8/site-packages/airflow/example_dags/example_latest_only.py
[2024-04-04T09:50:36.554+0000] {processor.py:830} INFO - Processing file /home/airflow/.local/lib/python3.8/site-packages/airflow/example_dags/example_latest_only.py for tasks to queue
[2024-04-04T09:50:36.556+0000] {logging_mixin.py:188} INFO - [2024-04-04T09:50:36.555+0000] {dagbag.py:540} INFO - Filling up the DagBag from /home/airflow/.local/lib/python3.8/site-packages/airflow/example_dags/example_latest_only.py
[2024-04-04T09:50:36.561+0000] {processor.py:840} INFO - DAG(s) 'latest_only' retrieved from /home/airflow/.local/lib/python3.8/site-packages/airflow/example_dags/example_latest_only.py
[2024-04-04T09:50:36.583+0000] {logging_mixin.py:188} INFO - [2024-04-04T09:50:36.582+0000] {dag.py:3047} INFO - Sync 1 DAGs
[2024-04-04T09:50:36.606+0000] {logging_mixin.py:188} INFO - [2024-04-04T09:50:36.606+0000] {dag.py:3834} INFO - Setting next_dagrun for latest_only to 2024-04-04 04:00:00+00:00, run_after=2024-04-04 08:00:00+00:00
[2024-04-04T09:50:36.631+0000] {processor.py:183} INFO - Processing /home/airflow/.local/lib/python3.8/site-packages/airflow/example_dags/example_latest_only.py took 0.082 seconds
[2024-04-04T09:51:07.067+0000] {processor.py:161} INFO - Started process (PID=1436) to work on /home/airflow/.local/lib/python3.8/site-packages/airflow/example_dags/example_latest_only.py
[2024-04-04T09:51:07.068+0000] {processor.py:830} INFO - Processing file /home/airflow/.local/lib/python3.8/site-packages/airflow/example_dags/example_latest_only.py for tasks to queue
[2024-04-04T09:51:07.071+0000] {logging_mixin.py:188} INFO - [2024-04-04T09:51:07.071+0000] {dagbag.py:540} INFO - Filling up the DagBag from /home/airflow/.local/lib/python3.8/site-packages/airflow/example_dags/example_latest_only.py
[2024-04-04T09:51:07.077+0000] {processor.py:840} INFO - DAG(s) 'latest_only' retrieved from /home/airflow/.local/lib/python3.8/site-packages/airflow/example_dags/example_latest_only.py
[2024-04-04T09:51:07.103+0000] {logging_mixin.py:188} INFO - [2024-04-04T09:51:07.102+0000] {dag.py:3047} INFO - Sync 1 DAGs
[2024-04-04T09:51:07.126+0000] {logging_mixin.py:188} INFO - [2024-04-04T09:51:07.125+0000] {dag.py:3834} INFO - Setting next_dagrun for latest_only to 2024-04-04 04:00:00+00:00, run_after=2024-04-04 08:00:00+00:00
[2024-04-04T09:51:07.154+0000] {processor.py:183} INFO - Processing /home/airflow/.local/lib/python3.8/site-packages/airflow/example_dags/example_latest_only.py took 0.090 seconds
[2024-04-04T09:51:37.651+0000] {processor.py:161} INFO - Started process (PID=1492) to work on /home/airflow/.local/lib/python3.8/site-packages/airflow/example_dags/example_latest_only.py
[2024-04-04T09:51:37.653+0000] {processor.py:830} INFO - Processing file /home/airflow/.local/lib/python3.8/site-packages/airflow/example_dags/example_latest_only.py for tasks to queue
[2024-04-04T09:51:37.655+0000] {logging_mixin.py:188} INFO - [2024-04-04T09:51:37.654+0000] {dagbag.py:540} INFO - Filling up the DagBag from /home/airflow/.local/lib/python3.8/site-packages/airflow/example_dags/example_latest_only.py
[2024-04-04T09:51:37.661+0000] {processor.py:840} INFO - DAG(s) 'latest_only' retrieved from /home/airflow/.local/lib/python3.8/site-packages/airflow/example_dags/example_latest_only.py
[2024-04-04T09:51:37.685+0000] {logging_mixin.py:188} INFO - [2024-04-04T09:51:37.685+0000] {dag.py:3047} INFO - Sync 1 DAGs
[2024-04-04T09:51:37.713+0000] {logging_mixin.py:188} INFO - [2024-04-04T09:51:37.713+0000] {dag.py:3834} INFO - Setting next_dagrun for latest_only to 2024-04-04 04:00:00+00:00, run_after=2024-04-04 08:00:00+00:00
[2024-04-04T09:51:37.741+0000] {processor.py:183} INFO - Processing /home/airflow/.local/lib/python3.8/site-packages/airflow/example_dags/example_latest_only.py took 0.093 seconds
[2024-04-04T09:52:09.218+0000] {processor.py:161} INFO - Started process (PID=1548) to work on /home/airflow/.local/lib/python3.8/site-packages/airflow/example_dags/example_latest_only.py
[2024-04-04T09:52:09.222+0000] {processor.py:830} INFO - Processing file /home/airflow/.local/lib/python3.8/site-packages/airflow/example_dags/example_latest_only.py for tasks to queue
[2024-04-04T09:52:09.226+0000] {logging_mixin.py:188} INFO - [2024-04-04T09:52:09.225+0000] {dagbag.py:540} INFO - Filling up the DagBag from /home/airflow/.local/lib/python3.8/site-packages/airflow/example_dags/example_latest_only.py
[2024-04-04T09:52:09.238+0000] {processor.py:840} INFO - DAG(s) 'latest_only' retrieved from /home/airflow/.local/lib/python3.8/site-packages/airflow/example_dags/example_latest_only.py
[2024-04-04T09:52:09.293+0000] {logging_mixin.py:188} INFO - [2024-04-04T09:52:09.292+0000] {dag.py:3047} INFO - Sync 1 DAGs
[2024-04-04T09:52:09.355+0000] {logging_mixin.py:188} INFO - [2024-04-04T09:52:09.354+0000] {dag.py:3834} INFO - Setting next_dagrun for latest_only to 2024-04-04 04:00:00+00:00, run_after=2024-04-04 08:00:00+00:00
[2024-04-04T09:52:09.419+0000] {processor.py:183} INFO - Processing /home/airflow/.local/lib/python3.8/site-packages/airflow/example_dags/example_latest_only.py took 0.207 seconds
[2024-04-04T09:52:40.048+0000] {processor.py:161} INFO - Started process (PID=1604) to work on /home/airflow/.local/lib/python3.8/site-packages/airflow/example_dags/example_latest_only.py
[2024-04-04T09:52:40.049+0000] {processor.py:830} INFO - Processing file /home/airflow/.local/lib/python3.8/site-packages/airflow/example_dags/example_latest_only.py for tasks to queue
[2024-04-04T09:52:40.052+0000] {logging_mixin.py:188} INFO - [2024-04-04T09:52:40.051+0000] {dagbag.py:540} INFO - Filling up the DagBag from /home/airflow/.local/lib/python3.8/site-packages/airflow/example_dags/example_latest_only.py
[2024-04-04T09:52:40.057+0000] {processor.py:840} INFO - DAG(s) 'latest_only' retrieved from /home/airflow/.local/lib/python3.8/site-packages/airflow/example_dags/example_latest_only.py
[2024-04-04T09:52:40.080+0000] {logging_mixin.py:188} INFO - [2024-04-04T09:52:40.080+0000] {dag.py:3047} INFO - Sync 1 DAGs
[2024-04-04T09:52:40.106+0000] {logging_mixin.py:188} INFO - [2024-04-04T09:52:40.106+0000] {dag.py:3834} INFO - Setting next_dagrun for latest_only to 2024-04-04 04:00:00+00:00, run_after=2024-04-04 08:00:00+00:00
[2024-04-04T09:52:40.137+0000] {processor.py:183} INFO - Processing /home/airflow/.local/lib/python3.8/site-packages/airflow/example_dags/example_latest_only.py took 0.092 seconds
[2024-04-04T09:53:10.779+0000] {processor.py:161} INFO - Started process (PID=1660) to work on /home/airflow/.local/lib/python3.8/site-packages/airflow/example_dags/example_latest_only.py
[2024-04-04T09:53:10.780+0000] {processor.py:830} INFO - Processing file /home/airflow/.local/lib/python3.8/site-packages/airflow/example_dags/example_latest_only.py for tasks to queue
[2024-04-04T09:53:10.783+0000] {logging_mixin.py:188} INFO - [2024-04-04T09:53:10.783+0000] {dagbag.py:540} INFO - Filling up the DagBag from /home/airflow/.local/lib/python3.8/site-packages/airflow/example_dags/example_latest_only.py
[2024-04-04T09:53:10.791+0000] {processor.py:840} INFO - DAG(s) 'latest_only' retrieved from /home/airflow/.local/lib/python3.8/site-packages/airflow/example_dags/example_latest_only.py
[2024-04-04T09:53:10.822+0000] {logging_mixin.py:188} INFO - [2024-04-04T09:53:10.822+0000] {dag.py:3047} INFO - Sync 1 DAGs
[2024-04-04T09:53:10.851+0000] {logging_mixin.py:188} INFO - [2024-04-04T09:53:10.851+0000] {dag.py:3834} INFO - Setting next_dagrun for latest_only to 2024-04-04 04:00:00+00:00, run_after=2024-04-04 08:00:00+00:00
[2024-04-04T09:53:10.879+0000] {processor.py:183} INFO - Processing /home/airflow/.local/lib/python3.8/site-packages/airflow/example_dags/example_latest_only.py took 0.104 seconds
[2024-04-04T09:53:41.774+0000] {processor.py:161} INFO - Started process (PID=1717) to work on /home/airflow/.local/lib/python3.8/site-packages/airflow/example_dags/example_latest_only.py
[2024-04-04T09:53:41.777+0000] {processor.py:830} INFO - Processing file /home/airflow/.local/lib/python3.8/site-packages/airflow/example_dags/example_latest_only.py for tasks to queue
[2024-04-04T09:53:41.782+0000] {logging_mixin.py:188} INFO - [2024-04-04T09:53:41.781+0000] {dagbag.py:540} INFO - Filling up the DagBag from /home/airflow/.local/lib/python3.8/site-packages/airflow/example_dags/example_latest_only.py
[2024-04-04T09:53:41.789+0000] {processor.py:840} INFO - DAG(s) 'latest_only' retrieved from /home/airflow/.local/lib/python3.8/site-packages/airflow/example_dags/example_latest_only.py
[2024-04-04T09:53:41.856+0000] {logging_mixin.py:188} INFO - [2024-04-04T09:53:41.855+0000] {dag.py:3047} INFO - Sync 1 DAGs
[2024-04-04T09:53:41.943+0000] {logging_mixin.py:188} INFO - [2024-04-04T09:53:41.942+0000] {dag.py:3834} INFO - Setting next_dagrun for latest_only to 2024-04-04 04:00:00+00:00, run_after=2024-04-04 08:00:00+00:00
[2024-04-04T09:53:41.993+0000] {processor.py:183} INFO - Processing /home/airflow/.local/lib/python3.8/site-packages/airflow/example_dags/example_latest_only.py took 0.226 seconds
[2024-04-04T09:54:12.354+0000] {processor.py:161} INFO - Started process (PID=1773) to work on /home/airflow/.local/lib/python3.8/site-packages/airflow/example_dags/example_latest_only.py
[2024-04-04T09:54:12.356+0000] {processor.py:830} INFO - Processing file /home/airflow/.local/lib/python3.8/site-packages/airflow/example_dags/example_latest_only.py for tasks to queue
[2024-04-04T09:54:12.358+0000] {logging_mixin.py:188} INFO - [2024-04-04T09:54:12.358+0000] {dagbag.py:540} INFO - Filling up the DagBag from /home/airflow/.local/lib/python3.8/site-packages/airflow/example_dags/example_latest_only.py
[2024-04-04T09:54:12.363+0000] {processor.py:840} INFO - DAG(s) 'latest_only' retrieved from /home/airflow/.local/lib/python3.8/site-packages/airflow/example_dags/example_latest_only.py
[2024-04-04T09:54:12.387+0000] {logging_mixin.py:188} INFO - [2024-04-04T09:54:12.387+0000] {dag.py:3047} INFO - Sync 1 DAGs
[2024-04-04T09:54:12.433+0000] {logging_mixin.py:188} INFO - [2024-04-04T09:54:12.433+0000] {dag.py:3834} INFO - Setting next_dagrun for latest_only to 2024-04-04 04:00:00+00:00, run_after=2024-04-04 08:00:00+00:00
[2024-04-04T09:54:12.460+0000] {processor.py:183} INFO - Processing /home/airflow/.local/lib/python3.8/site-packages/airflow/example_dags/example_latest_only.py took 0.108 seconds
[2024-04-04T09:54:43.089+0000] {processor.py:161} INFO - Started process (PID=1830) to work on /home/airflow/.local/lib/python3.8/site-packages/airflow/example_dags/example_latest_only.py
[2024-04-04T09:54:43.091+0000] {processor.py:830} INFO - Processing file /home/airflow/.local/lib/python3.8/site-packages/airflow/example_dags/example_latest_only.py for tasks to queue
[2024-04-04T09:54:43.093+0000] {logging_mixin.py:188} INFO - [2024-04-04T09:54:43.093+0000] {dagbag.py:540} INFO - Filling up the DagBag from /home/airflow/.local/lib/python3.8/site-packages/airflow/example_dags/example_latest_only.py
[2024-04-04T09:54:43.102+0000] {processor.py:840} INFO - DAG(s) 'latest_only' retrieved from /home/airflow/.local/lib/python3.8/site-packages/airflow/example_dags/example_latest_only.py
[2024-04-04T09:54:43.132+0000] {logging_mixin.py:188} INFO - [2024-04-04T09:54:43.132+0000] {dag.py:3047} INFO - Sync 1 DAGs
[2024-04-04T09:54:43.166+0000] {logging_mixin.py:188} INFO - [2024-04-04T09:54:43.166+0000] {dag.py:3834} INFO - Setting next_dagrun for latest_only to 2024-04-04 04:00:00+00:00, run_after=2024-04-04 08:00:00+00:00
[2024-04-04T09:54:43.195+0000] {processor.py:183} INFO - Processing /home/airflow/.local/lib/python3.8/site-packages/airflow/example_dags/example_latest_only.py took 0.109 seconds
[2024-04-04T09:55:13.436+0000] {processor.py:161} INFO - Started process (PID=1886) to work on /home/airflow/.local/lib/python3.8/site-packages/airflow/example_dags/example_latest_only.py
[2024-04-04T09:55:13.437+0000] {processor.py:830} INFO - Processing file /home/airflow/.local/lib/python3.8/site-packages/airflow/example_dags/example_latest_only.py for tasks to queue
[2024-04-04T09:55:13.439+0000] {logging_mixin.py:188} INFO - [2024-04-04T09:55:13.439+0000] {dagbag.py:540} INFO - Filling up the DagBag from /home/airflow/.local/lib/python3.8/site-packages/airflow/example_dags/example_latest_only.py
[2024-04-04T09:55:13.444+0000] {processor.py:840} INFO - DAG(s) 'latest_only' retrieved from /home/airflow/.local/lib/python3.8/site-packages/airflow/example_dags/example_latest_only.py
[2024-04-04T09:55:13.468+0000] {logging_mixin.py:188} INFO - [2024-04-04T09:55:13.468+0000] {dag.py:3047} INFO - Sync 1 DAGs
[2024-04-04T09:55:13.492+0000] {logging_mixin.py:188} INFO - [2024-04-04T09:55:13.491+0000] {dag.py:3834} INFO - Setting next_dagrun for latest_only to 2024-04-04 04:00:00+00:00, run_after=2024-04-04 08:00:00+00:00
[2024-04-04T09:55:13.515+0000] {processor.py:183} INFO - Processing /home/airflow/.local/lib/python3.8/site-packages/airflow/example_dags/example_latest_only.py took 0.082 seconds
[2024-04-04T09:55:44.335+0000] {processor.py:161} INFO - Started process (PID=1949) to work on /home/airflow/.local/lib/python3.8/site-packages/airflow/example_dags/example_latest_only.py
[2024-04-04T09:55:44.336+0000] {processor.py:830} INFO - Processing file /home/airflow/.local/lib/python3.8/site-packages/airflow/example_dags/example_latest_only.py for tasks to queue
[2024-04-04T09:55:44.338+0000] {logging_mixin.py:188} INFO - [2024-04-04T09:55:44.338+0000] {dagbag.py:540} INFO - Filling up the DagBag from /home/airflow/.local/lib/python3.8/site-packages/airflow/example_dags/example_latest_only.py
[2024-04-04T09:55:44.343+0000] {processor.py:840} INFO - DAG(s) 'latest_only' retrieved from /home/airflow/.local/lib/python3.8/site-packages/airflow/example_dags/example_latest_only.py
[2024-04-04T09:55:44.364+0000] {logging_mixin.py:188} INFO - [2024-04-04T09:55:44.364+0000] {dag.py:3047} INFO - Sync 1 DAGs
[2024-04-04T09:55:44.389+0000] {logging_mixin.py:188} INFO - [2024-04-04T09:55:44.388+0000] {dag.py:3834} INFO - Setting next_dagrun for latest_only to 2024-04-04 04:00:00+00:00, run_after=2024-04-04 08:00:00+00:00
[2024-04-04T09:55:44.413+0000] {processor.py:183} INFO - Processing /home/airflow/.local/lib/python3.8/site-packages/airflow/example_dags/example_latest_only.py took 0.081 seconds
[2024-04-04T09:56:14.648+0000] {processor.py:161} INFO - Started process (PID=2007) to work on /home/airflow/.local/lib/python3.8/site-packages/airflow/example_dags/example_latest_only.py
[2024-04-04T09:56:14.649+0000] {processor.py:830} INFO - Processing file /home/airflow/.local/lib/python3.8/site-packages/airflow/example_dags/example_latest_only.py for tasks to queue
[2024-04-04T09:56:14.651+0000] {logging_mixin.py:188} INFO - [2024-04-04T09:56:14.651+0000] {dagbag.py:540} INFO - Filling up the DagBag from /home/airflow/.local/lib/python3.8/site-packages/airflow/example_dags/example_latest_only.py
[2024-04-04T09:56:14.656+0000] {processor.py:840} INFO - DAG(s) 'latest_only' retrieved from /home/airflow/.local/lib/python3.8/site-packages/airflow/example_dags/example_latest_only.py
[2024-04-04T09:56:14.680+0000] {logging_mixin.py:188} INFO - [2024-04-04T09:56:14.680+0000] {dag.py:3047} INFO - Sync 1 DAGs
[2024-04-04T09:56:14.705+0000] {logging_mixin.py:188} INFO - [2024-04-04T09:56:14.705+0000] {dag.py:3834} INFO - Setting next_dagrun for latest_only to 2024-04-04 04:00:00+00:00, run_after=2024-04-04 08:00:00+00:00
[2024-04-04T09:56:14.734+0000] {processor.py:183} INFO - Processing /home/airflow/.local/lib/python3.8/site-packages/airflow/example_dags/example_latest_only.py took 0.089 seconds
[2024-04-04T09:56:45.026+0000] {processor.py:161} INFO - Started process (PID=2063) to work on /home/airflow/.local/lib/python3.8/site-packages/airflow/example_dags/example_latest_only.py
[2024-04-04T09:56:45.027+0000] {processor.py:830} INFO - Processing file /home/airflow/.local/lib/python3.8/site-packages/airflow/example_dags/example_latest_only.py for tasks to queue
[2024-04-04T09:56:45.029+0000] {logging_mixin.py:188} INFO - [2024-04-04T09:56:45.029+0000] {dagbag.py:540} INFO - Filling up the DagBag from /home/airflow/.local/lib/python3.8/site-packages/airflow/example_dags/example_latest_only.py
[2024-04-04T09:56:45.036+0000] {processor.py:840} INFO - DAG(s) 'latest_only' retrieved from /home/airflow/.local/lib/python3.8/site-packages/airflow/example_dags/example_latest_only.py
[2024-04-04T09:56:45.063+0000] {logging_mixin.py:188} INFO - [2024-04-04T09:56:45.063+0000] {dag.py:3047} INFO - Sync 1 DAGs
[2024-04-04T09:56:45.089+0000] {logging_mixin.py:188} INFO - [2024-04-04T09:56:45.089+0000] {dag.py:3834} INFO - Setting next_dagrun for latest_only to 2024-04-04 04:00:00+00:00, run_after=2024-04-04 08:00:00+00:00
[2024-04-04T09:56:45.120+0000] {processor.py:183} INFO - Processing /home/airflow/.local/lib/python3.8/site-packages/airflow/example_dags/example_latest_only.py took 0.097 seconds
[2024-04-04T09:57:15.534+0000] {processor.py:161} INFO - Started process (PID=2119) to work on /home/airflow/.local/lib/python3.8/site-packages/airflow/example_dags/example_latest_only.py
[2024-04-04T09:57:15.536+0000] {processor.py:830} INFO - Processing file /home/airflow/.local/lib/python3.8/site-packages/airflow/example_dags/example_latest_only.py for tasks to queue
[2024-04-04T09:57:15.538+0000] {logging_mixin.py:188} INFO - [2024-04-04T09:57:15.538+0000] {dagbag.py:540} INFO - Filling up the DagBag from /home/airflow/.local/lib/python3.8/site-packages/airflow/example_dags/example_latest_only.py
[2024-04-04T09:57:15.544+0000] {processor.py:840} INFO - DAG(s) 'latest_only' retrieved from /home/airflow/.local/lib/python3.8/site-packages/airflow/example_dags/example_latest_only.py
[2024-04-04T09:57:15.570+0000] {logging_mixin.py:188} INFO - [2024-04-04T09:57:15.569+0000] {dag.py:3047} INFO - Sync 1 DAGs
[2024-04-04T09:57:15.597+0000] {logging_mixin.py:188} INFO - [2024-04-04T09:57:15.597+0000] {dag.py:3834} INFO - Setting next_dagrun for latest_only to 2024-04-04 04:00:00+00:00, run_after=2024-04-04 08:00:00+00:00
[2024-04-04T09:57:15.627+0000] {processor.py:183} INFO - Processing /home/airflow/.local/lib/python3.8/site-packages/airflow/example_dags/example_latest_only.py took 0.095 seconds
[2024-04-04T09:57:45.809+0000] {processor.py:161} INFO - Started process (PID=2175) to work on /home/airflow/.local/lib/python3.8/site-packages/airflow/example_dags/example_latest_only.py
[2024-04-04T09:57:45.810+0000] {processor.py:830} INFO - Processing file /home/airflow/.local/lib/python3.8/site-packages/airflow/example_dags/example_latest_only.py for tasks to queue
[2024-04-04T09:57:45.812+0000] {logging_mixin.py:188} INFO - [2024-04-04T09:57:45.811+0000] {dagbag.py:540} INFO - Filling up the DagBag from /home/airflow/.local/lib/python3.8/site-packages/airflow/example_dags/example_latest_only.py
[2024-04-04T09:57:45.818+0000] {processor.py:840} INFO - DAG(s) 'latest_only' retrieved from /home/airflow/.local/lib/python3.8/site-packages/airflow/example_dags/example_latest_only.py
[2024-04-04T09:57:45.842+0000] {logging_mixin.py:188} INFO - [2024-04-04T09:57:45.841+0000] {dag.py:3047} INFO - Sync 1 DAGs
[2024-04-04T09:57:45.866+0000] {logging_mixin.py:188} INFO - [2024-04-04T09:57:45.866+0000] {dag.py:3834} INFO - Setting next_dagrun for latest_only to 2024-04-04 04:00:00+00:00, run_after=2024-04-04 08:00:00+00:00
[2024-04-04T09:57:45.893+0000] {processor.py:183} INFO - Processing /home/airflow/.local/lib/python3.8/site-packages/airflow/example_dags/example_latest_only.py took 0.087 seconds
[2024-04-04T09:58:16.201+0000] {processor.py:161} INFO - Started process (PID=2231) to work on /home/airflow/.local/lib/python3.8/site-packages/airflow/example_dags/example_latest_only.py
[2024-04-04T09:58:16.202+0000] {processor.py:830} INFO - Processing file /home/airflow/.local/lib/python3.8/site-packages/airflow/example_dags/example_latest_only.py for tasks to queue
[2024-04-04T09:58:16.205+0000] {logging_mixin.py:188} INFO - [2024-04-04T09:58:16.204+0000] {dagbag.py:540} INFO - Filling up the DagBag from /home/airflow/.local/lib/python3.8/site-packages/airflow/example_dags/example_latest_only.py
[2024-04-04T09:58:16.209+0000] {processor.py:840} INFO - DAG(s) 'latest_only' retrieved from /home/airflow/.local/lib/python3.8/site-packages/airflow/example_dags/example_latest_only.py
[2024-04-04T09:58:16.233+0000] {logging_mixin.py:188} INFO - [2024-04-04T09:58:16.232+0000] {dag.py:3047} INFO - Sync 1 DAGs
[2024-04-04T09:58:16.256+0000] {logging_mixin.py:188} INFO - [2024-04-04T09:58:16.256+0000] {dag.py:3834} INFO - Setting next_dagrun for latest_only to 2024-04-04 04:00:00+00:00, run_after=2024-04-04 08:00:00+00:00
[2024-04-04T09:58:16.284+0000] {processor.py:183} INFO - Processing /home/airflow/.local/lib/python3.8/site-packages/airflow/example_dags/example_latest_only.py took 0.086 seconds
[2024-04-04T09:58:46.409+0000] {processor.py:161} INFO - Started process (PID=2287) to work on /home/airflow/.local/lib/python3.8/site-packages/airflow/example_dags/example_latest_only.py
[2024-04-04T09:58:46.411+0000] {processor.py:830} INFO - Processing file /home/airflow/.local/lib/python3.8/site-packages/airflow/example_dags/example_latest_only.py for tasks to queue
[2024-04-04T09:58:46.412+0000] {logging_mixin.py:188} INFO - [2024-04-04T09:58:46.412+0000] {dagbag.py:540} INFO - Filling up the DagBag from /home/airflow/.local/lib/python3.8/site-packages/airflow/example_dags/example_latest_only.py
[2024-04-04T09:58:46.417+0000] {processor.py:840} INFO - DAG(s) 'latest_only' retrieved from /home/airflow/.local/lib/python3.8/site-packages/airflow/example_dags/example_latest_only.py
[2024-04-04T09:58:46.440+0000] {logging_mixin.py:188} INFO - [2024-04-04T09:58:46.440+0000] {dag.py:3047} INFO - Sync 1 DAGs
[2024-04-04T09:58:46.464+0000] {logging_mixin.py:188} INFO - [2024-04-04T09:58:46.464+0000] {dag.py:3834} INFO - Setting next_dagrun for latest_only to 2024-04-04 04:00:00+00:00, run_after=2024-04-04 08:00:00+00:00
[2024-04-04T09:58:46.490+0000] {processor.py:183} INFO - Processing /home/airflow/.local/lib/python3.8/site-packages/airflow/example_dags/example_latest_only.py took 0.083 seconds
[2024-04-04T09:59:16.837+0000] {processor.py:161} INFO - Started process (PID=2343) to work on /home/airflow/.local/lib/python3.8/site-packages/airflow/example_dags/example_latest_only.py
[2024-04-04T09:59:16.839+0000] {processor.py:830} INFO - Processing file /home/airflow/.local/lib/python3.8/site-packages/airflow/example_dags/example_latest_only.py for tasks to queue
[2024-04-04T09:59:16.841+0000] {logging_mixin.py:188} INFO - [2024-04-04T09:59:16.841+0000] {dagbag.py:540} INFO - Filling up the DagBag from /home/airflow/.local/lib/python3.8/site-packages/airflow/example_dags/example_latest_only.py
[2024-04-04T09:59:16.846+0000] {processor.py:840} INFO - DAG(s) 'latest_only' retrieved from /home/airflow/.local/lib/python3.8/site-packages/airflow/example_dags/example_latest_only.py
[2024-04-04T09:59:16.869+0000] {logging_mixin.py:188} INFO - [2024-04-04T09:59:16.868+0000] {dag.py:3047} INFO - Sync 1 DAGs
[2024-04-04T09:59:16.893+0000] {logging_mixin.py:188} INFO - [2024-04-04T09:59:16.892+0000] {dag.py:3834} INFO - Setting next_dagrun for latest_only to 2024-04-04 04:00:00+00:00, run_after=2024-04-04 08:00:00+00:00
[2024-04-04T09:59:16.919+0000] {processor.py:183} INFO - Processing /home/airflow/.local/lib/python3.8/site-packages/airflow/example_dags/example_latest_only.py took 0.084 seconds
[2024-04-04T09:59:47.251+0000] {processor.py:161} INFO - Started process (PID=2399) to work on /home/airflow/.local/lib/python3.8/site-packages/airflow/example_dags/example_latest_only.py
[2024-04-04T09:59:47.253+0000] {processor.py:830} INFO - Processing file /home/airflow/.local/lib/python3.8/site-packages/airflow/example_dags/example_latest_only.py for tasks to queue
[2024-04-04T09:59:47.255+0000] {logging_mixin.py:188} INFO - [2024-04-04T09:59:47.254+0000] {dagbag.py:540} INFO - Filling up the DagBag from /home/airflow/.local/lib/python3.8/site-packages/airflow/example_dags/example_latest_only.py
[2024-04-04T09:59:47.260+0000] {processor.py:840} INFO - DAG(s) 'latest_only' retrieved from /home/airflow/.local/lib/python3.8/site-packages/airflow/example_dags/example_latest_only.py
[2024-04-04T09:59:47.284+0000] {logging_mixin.py:188} INFO - [2024-04-04T09:59:47.283+0000] {dag.py:3047} INFO - Sync 1 DAGs
[2024-04-04T09:59:47.307+0000] {logging_mixin.py:188} INFO - [2024-04-04T09:59:47.306+0000] {dag.py:3834} INFO - Setting next_dagrun for latest_only to 2024-04-04 04:00:00+00:00, run_after=2024-04-04 08:00:00+00:00
[2024-04-04T09:59:47.332+0000] {processor.py:183} INFO - Processing /home/airflow/.local/lib/python3.8/site-packages/airflow/example_dags/example_latest_only.py took 0.084 seconds
[2024-04-04T10:00:17.611+0000] {processor.py:161} INFO - Started process (PID=2455) to work on /home/airflow/.local/lib/python3.8/site-packages/airflow/example_dags/example_latest_only.py
[2024-04-04T10:00:17.612+0000] {processor.py:830} INFO - Processing file /home/airflow/.local/lib/python3.8/site-packages/airflow/example_dags/example_latest_only.py for tasks to queue
[2024-04-04T10:00:17.615+0000] {logging_mixin.py:188} INFO - [2024-04-04T10:00:17.615+0000] {dagbag.py:540} INFO - Filling up the DagBag from /home/airflow/.local/lib/python3.8/site-packages/airflow/example_dags/example_latest_only.py
[2024-04-04T10:00:17.621+0000] {processor.py:840} INFO - DAG(s) 'latest_only' retrieved from /home/airflow/.local/lib/python3.8/site-packages/airflow/example_dags/example_latest_only.py
[2024-04-04T10:00:17.650+0000] {logging_mixin.py:188} INFO - [2024-04-04T10:00:17.650+0000] {dag.py:3047} INFO - Sync 1 DAGs
[2024-04-04T10:00:17.677+0000] {logging_mixin.py:188} INFO - [2024-04-04T10:00:17.677+0000] {dag.py:3834} INFO - Setting next_dagrun for latest_only to 2024-04-04 04:00:00+00:00, run_after=2024-04-04 08:00:00+00:00
[2024-04-04T10:00:17.702+0000] {processor.py:183} INFO - Processing /home/airflow/.local/lib/python3.8/site-packages/airflow/example_dags/example_latest_only.py took 0.093 seconds
[2024-04-04T10:00:48.598+0000] {processor.py:161} INFO - Started process (PID=2511) to work on /home/airflow/.local/lib/python3.8/site-packages/airflow/example_dags/example_latest_only.py
[2024-04-04T10:00:48.599+0000] {processor.py:830} INFO - Processing file /home/airflow/.local/lib/python3.8/site-packages/airflow/example_dags/example_latest_only.py for tasks to queue
[2024-04-04T10:00:48.601+0000] {logging_mixin.py:188} INFO - [2024-04-04T10:00:48.601+0000] {dagbag.py:540} INFO - Filling up the DagBag from /home/airflow/.local/lib/python3.8/site-packages/airflow/example_dags/example_latest_only.py
[2024-04-04T10:00:48.606+0000] {processor.py:840} INFO - DAG(s) 'latest_only' retrieved from /home/airflow/.local/lib/python3.8/site-packages/airflow/example_dags/example_latest_only.py
[2024-04-04T10:00:48.632+0000] {logging_mixin.py:188} INFO - [2024-04-04T10:00:48.631+0000] {dag.py:3047} INFO - Sync 1 DAGs
[2024-04-04T10:00:48.657+0000] {logging_mixin.py:188} INFO - [2024-04-04T10:00:48.657+0000] {dag.py:3834} INFO - Setting next_dagrun for latest_only to 2024-04-04 04:00:00+00:00, run_after=2024-04-04 08:00:00+00:00
[2024-04-04T10:00:48.685+0000] {processor.py:183} INFO - Processing /home/airflow/.local/lib/python3.8/site-packages/airflow/example_dags/example_latest_only.py took 0.090 seconds
[2024-04-04T10:01:18.747+0000] {processor.py:161} INFO - Started process (PID=2568) to work on /home/airflow/.local/lib/python3.8/site-packages/airflow/example_dags/example_latest_only.py
[2024-04-04T10:01:18.749+0000] {processor.py:830} INFO - Processing file /home/airflow/.local/lib/python3.8/site-packages/airflow/example_dags/example_latest_only.py for tasks to queue
[2024-04-04T10:01:18.752+0000] {logging_mixin.py:188} INFO - [2024-04-04T10:01:18.751+0000] {dagbag.py:540} INFO - Filling up the DagBag from /home/airflow/.local/lib/python3.8/site-packages/airflow/example_dags/example_latest_only.py
[2024-04-04T10:01:18.758+0000] {processor.py:840} INFO - DAG(s) 'latest_only' retrieved from /home/airflow/.local/lib/python3.8/site-packages/airflow/example_dags/example_latest_only.py
[2024-04-04T10:01:18.781+0000] {logging_mixin.py:188} INFO - [2024-04-04T10:01:18.781+0000] {dag.py:3047} INFO - Sync 1 DAGs
[2024-04-04T10:01:18.805+0000] {logging_mixin.py:188} INFO - [2024-04-04T10:01:18.805+0000] {dag.py:3834} INFO - Setting next_dagrun for latest_only to 2024-04-04 04:00:00+00:00, run_after=2024-04-04 08:00:00+00:00
[2024-04-04T10:01:18.831+0000] {processor.py:183} INFO - Processing /home/airflow/.local/lib/python3.8/site-packages/airflow/example_dags/example_latest_only.py took 0.086 seconds
[2024-04-04T10:01:48.987+0000] {processor.py:161} INFO - Started process (PID=2624) to work on /home/airflow/.local/lib/python3.8/site-packages/airflow/example_dags/example_latest_only.py
[2024-04-04T10:01:48.989+0000] {processor.py:830} INFO - Processing file /home/airflow/.local/lib/python3.8/site-packages/airflow/example_dags/example_latest_only.py for tasks to queue
[2024-04-04T10:01:48.991+0000] {logging_mixin.py:188} INFO - [2024-04-04T10:01:48.990+0000] {dagbag.py:540} INFO - Filling up the DagBag from /home/airflow/.local/lib/python3.8/site-packages/airflow/example_dags/example_latest_only.py
[2024-04-04T10:01:48.995+0000] {processor.py:840} INFO - DAG(s) 'latest_only' retrieved from /home/airflow/.local/lib/python3.8/site-packages/airflow/example_dags/example_latest_only.py
[2024-04-04T10:01:49.020+0000] {logging_mixin.py:188} INFO - [2024-04-04T10:01:49.020+0000] {dag.py:3047} INFO - Sync 1 DAGs
[2024-04-04T10:01:49.042+0000] {logging_mixin.py:188} INFO - [2024-04-04T10:01:49.042+0000] {dag.py:3834} INFO - Setting next_dagrun for latest_only to 2024-04-04 04:00:00+00:00, run_after=2024-04-04 08:00:00+00:00
[2024-04-04T10:01:49.068+0000] {processor.py:183} INFO - Processing /home/airflow/.local/lib/python3.8/site-packages/airflow/example_dags/example_latest_only.py took 0.084 seconds
[2024-04-04T10:02:19.871+0000] {processor.py:161} INFO - Started process (PID=2680) to work on /home/airflow/.local/lib/python3.8/site-packages/airflow/example_dags/example_latest_only.py
[2024-04-04T10:02:19.873+0000] {processor.py:830} INFO - Processing file /home/airflow/.local/lib/python3.8/site-packages/airflow/example_dags/example_latest_only.py for tasks to queue
[2024-04-04T10:02:19.876+0000] {logging_mixin.py:188} INFO - [2024-04-04T10:02:19.875+0000] {dagbag.py:540} INFO - Filling up the DagBag from /home/airflow/.local/lib/python3.8/site-packages/airflow/example_dags/example_latest_only.py
[2024-04-04T10:02:19.886+0000] {processor.py:840} INFO - DAG(s) 'latest_only' retrieved from /home/airflow/.local/lib/python3.8/site-packages/airflow/example_dags/example_latest_only.py
[2024-04-04T10:02:19.916+0000] {logging_mixin.py:188} INFO - [2024-04-04T10:02:19.916+0000] {dag.py:3047} INFO - Sync 1 DAGs
[2024-04-04T10:02:19.941+0000] {logging_mixin.py:188} INFO - [2024-04-04T10:02:19.940+0000] {dag.py:3834} INFO - Setting next_dagrun for latest_only to 2024-04-04 04:00:00+00:00, run_after=2024-04-04 08:00:00+00:00
[2024-04-04T10:02:19.966+0000] {processor.py:183} INFO - Processing /home/airflow/.local/lib/python3.8/site-packages/airflow/example_dags/example_latest_only.py took 0.099 seconds
[2024-04-04T10:02:50.466+0000] {processor.py:161} INFO - Started process (PID=2736) to work on /home/airflow/.local/lib/python3.8/site-packages/airflow/example_dags/example_latest_only.py
[2024-04-04T10:02:50.468+0000] {processor.py:830} INFO - Processing file /home/airflow/.local/lib/python3.8/site-packages/airflow/example_dags/example_latest_only.py for tasks to queue
[2024-04-04T10:02:50.470+0000] {logging_mixin.py:188} INFO - [2024-04-04T10:02:50.470+0000] {dagbag.py:540} INFO - Filling up the DagBag from /home/airflow/.local/lib/python3.8/site-packages/airflow/example_dags/example_latest_only.py
[2024-04-04T10:02:50.476+0000] {processor.py:840} INFO - DAG(s) 'latest_only' retrieved from /home/airflow/.local/lib/python3.8/site-packages/airflow/example_dags/example_latest_only.py
[2024-04-04T10:02:50.501+0000] {logging_mixin.py:188} INFO - [2024-04-04T10:02:50.501+0000] {dag.py:3047} INFO - Sync 1 DAGs
[2024-04-04T10:02:50.528+0000] {logging_mixin.py:188} INFO - [2024-04-04T10:02:50.528+0000] {dag.py:3834} INFO - Setting next_dagrun for latest_only to 2024-04-04 04:00:00+00:00, run_after=2024-04-04 08:00:00+00:00
[2024-04-04T10:02:50.554+0000] {processor.py:183} INFO - Processing /home/airflow/.local/lib/python3.8/site-packages/airflow/example_dags/example_latest_only.py took 0.092 seconds
[2024-04-04T10:03:20.916+0000] {processor.py:161} INFO - Started process (PID=2792) to work on /home/airflow/.local/lib/python3.8/site-packages/airflow/example_dags/example_latest_only.py
[2024-04-04T10:03:20.917+0000] {processor.py:830} INFO - Processing file /home/airflow/.local/lib/python3.8/site-packages/airflow/example_dags/example_latest_only.py for tasks to queue
[2024-04-04T10:03:20.919+0000] {logging_mixin.py:188} INFO - [2024-04-04T10:03:20.919+0000] {dagbag.py:540} INFO - Filling up the DagBag from /home/airflow/.local/lib/python3.8/site-packages/airflow/example_dags/example_latest_only.py
[2024-04-04T10:03:20.924+0000] {processor.py:840} INFO - DAG(s) 'latest_only' retrieved from /home/airflow/.local/lib/python3.8/site-packages/airflow/example_dags/example_latest_only.py
[2024-04-04T10:03:20.945+0000] {logging_mixin.py:188} INFO - [2024-04-04T10:03:20.944+0000] {dag.py:3047} INFO - Sync 1 DAGs
[2024-04-04T10:03:20.967+0000] {logging_mixin.py:188} INFO - [2024-04-04T10:03:20.967+0000] {dag.py:3834} INFO - Setting next_dagrun for latest_only to 2024-04-04 04:00:00+00:00, run_after=2024-04-04 08:00:00+00:00
[2024-04-04T10:03:20.994+0000] {processor.py:183} INFO - Processing /home/airflow/.local/lib/python3.8/site-packages/airflow/example_dags/example_latest_only.py took 0.080 seconds
