[2024-04-04T09:38:50.503+0000] {processor.py:161} INFO - Started process (PID=44) to work on /home/airflow/.local/lib/python3.8/site-packages/airflow/example_dags/example_external_task_marker_dag.py
[2024-04-04T09:38:50.504+0000] {processor.py:830} INFO - Processing file /home/airflow/.local/lib/python3.8/site-packages/airflow/example_dags/example_external_task_marker_dag.py for tasks to queue
[2024-04-04T09:38:50.508+0000] {logging_mixin.py:188} INFO - [2024-04-04T09:38:50.507+0000] {dagbag.py:540} INFO - Filling up the DagBag from /home/airflow/.local/lib/python3.8/site-packages/airflow/example_dags/example_external_task_marker_dag.py
[2024-04-04T09:38:50.520+0000] {processor.py:840} INFO - DAG(s) 'example_external_task_marker_child', 'example_external_task_marker_parent' retrieved from /home/airflow/.local/lib/python3.8/site-packages/airflow/example_dags/example_external_task_marker_dag.py
[2024-04-04T09:38:50.678+0000] {logging_mixin.py:188} INFO - [2024-04-04T09:38:50.677+0000] {dag.py:3047} INFO - Sync 2 DAGs
[2024-04-04T09:38:50.694+0000] {logging_mixin.py:188} INFO - [2024-04-04T09:38:50.694+0000] {dag.py:3834} INFO - Setting next_dagrun for example_external_task_marker_child to None, run_after=None
[2024-04-04T09:38:50.699+0000] {logging_mixin.py:188} INFO - [2024-04-04T09:38:50.699+0000] {dag.py:3834} INFO - Setting next_dagrun for example_external_task_marker_parent to None, run_after=None
[2024-04-04T09:38:50.731+0000] {processor.py:183} INFO - Processing /home/airflow/.local/lib/python3.8/site-packages/airflow/example_dags/example_external_task_marker_dag.py took 0.232 seconds
[2024-04-04T09:39:21.547+0000] {processor.py:161} INFO - Started process (PID=100) to work on /home/airflow/.local/lib/python3.8/site-packages/airflow/example_dags/example_external_task_marker_dag.py
[2024-04-04T09:39:21.549+0000] {processor.py:830} INFO - Processing file /home/airflow/.local/lib/python3.8/site-packages/airflow/example_dags/example_external_task_marker_dag.py for tasks to queue
[2024-04-04T09:39:21.551+0000] {logging_mixin.py:188} INFO - [2024-04-04T09:39:21.550+0000] {dagbag.py:540} INFO - Filling up the DagBag from /home/airflow/.local/lib/python3.8/site-packages/airflow/example_dags/example_external_task_marker_dag.py
[2024-04-04T09:39:21.557+0000] {processor.py:840} INFO - DAG(s) 'example_external_task_marker_child', 'example_external_task_marker_parent' retrieved from /home/airflow/.local/lib/python3.8/site-packages/airflow/example_dags/example_external_task_marker_dag.py
[2024-04-04T09:39:21.585+0000] {logging_mixin.py:188} INFO - [2024-04-04T09:39:21.584+0000] {dag.py:3047} INFO - Sync 2 DAGs
[2024-04-04T09:39:21.598+0000] {logging_mixin.py:188} INFO - [2024-04-04T09:39:21.598+0000] {dag.py:3834} INFO - Setting next_dagrun for example_external_task_marker_child to None, run_after=None
[2024-04-04T09:39:21.604+0000] {logging_mixin.py:188} INFO - [2024-04-04T09:39:21.604+0000] {dag.py:3834} INFO - Setting next_dagrun for example_external_task_marker_parent to None, run_after=None
[2024-04-04T09:39:21.629+0000] {processor.py:183} INFO - Processing /home/airflow/.local/lib/python3.8/site-packages/airflow/example_dags/example_external_task_marker_dag.py took 0.084 seconds
[2024-04-04T09:39:51.939+0000] {processor.py:161} INFO - Started process (PID=156) to work on /home/airflow/.local/lib/python3.8/site-packages/airflow/example_dags/example_external_task_marker_dag.py
[2024-04-04T09:39:51.940+0000] {processor.py:830} INFO - Processing file /home/airflow/.local/lib/python3.8/site-packages/airflow/example_dags/example_external_task_marker_dag.py for tasks to queue
[2024-04-04T09:39:51.943+0000] {logging_mixin.py:188} INFO - [2024-04-04T09:39:51.942+0000] {dagbag.py:540} INFO - Filling up the DagBag from /home/airflow/.local/lib/python3.8/site-packages/airflow/example_dags/example_external_task_marker_dag.py
[2024-04-04T09:39:51.949+0000] {processor.py:840} INFO - DAG(s) 'example_external_task_marker_child', 'example_external_task_marker_parent' retrieved from /home/airflow/.local/lib/python3.8/site-packages/airflow/example_dags/example_external_task_marker_dag.py
[2024-04-04T09:39:51.978+0000] {logging_mixin.py:188} INFO - [2024-04-04T09:39:51.977+0000] {dag.py:3047} INFO - Sync 2 DAGs
[2024-04-04T09:39:51.990+0000] {logging_mixin.py:188} INFO - [2024-04-04T09:39:51.990+0000] {dag.py:3834} INFO - Setting next_dagrun for example_external_task_marker_child to None, run_after=None
[2024-04-04T09:39:51.997+0000] {logging_mixin.py:188} INFO - [2024-04-04T09:39:51.997+0000] {dag.py:3834} INFO - Setting next_dagrun for example_external_task_marker_parent to None, run_after=None
[2024-04-04T09:39:52.022+0000] {processor.py:183} INFO - Processing /home/airflow/.local/lib/python3.8/site-packages/airflow/example_dags/example_external_task_marker_dag.py took 0.086 seconds
[2024-04-04T09:40:22.384+0000] {processor.py:161} INFO - Started process (PID=212) to work on /home/airflow/.local/lib/python3.8/site-packages/airflow/example_dags/example_external_task_marker_dag.py
[2024-04-04T09:40:22.385+0000] {processor.py:830} INFO - Processing file /home/airflow/.local/lib/python3.8/site-packages/airflow/example_dags/example_external_task_marker_dag.py for tasks to queue
[2024-04-04T09:40:22.388+0000] {logging_mixin.py:188} INFO - [2024-04-04T09:40:22.387+0000] {dagbag.py:540} INFO - Filling up the DagBag from /home/airflow/.local/lib/python3.8/site-packages/airflow/example_dags/example_external_task_marker_dag.py
[2024-04-04T09:40:22.394+0000] {processor.py:840} INFO - DAG(s) 'example_external_task_marker_child', 'example_external_task_marker_parent' retrieved from /home/airflow/.local/lib/python3.8/site-packages/airflow/example_dags/example_external_task_marker_dag.py
[2024-04-04T09:40:22.428+0000] {logging_mixin.py:188} INFO - [2024-04-04T09:40:22.427+0000] {dag.py:3047} INFO - Sync 2 DAGs
[2024-04-04T09:40:22.456+0000] {logging_mixin.py:188} INFO - [2024-04-04T09:40:22.456+0000] {dag.py:3834} INFO - Setting next_dagrun for example_external_task_marker_child to None, run_after=None
[2024-04-04T09:40:22.462+0000] {logging_mixin.py:188} INFO - [2024-04-04T09:40:22.461+0000] {dag.py:3834} INFO - Setting next_dagrun for example_external_task_marker_parent to None, run_after=None
[2024-04-04T09:40:22.489+0000] {processor.py:183} INFO - Processing /home/airflow/.local/lib/python3.8/site-packages/airflow/example_dags/example_external_task_marker_dag.py took 0.108 seconds
[2024-04-04T09:40:52.945+0000] {processor.py:161} INFO - Started process (PID=268) to work on /home/airflow/.local/lib/python3.8/site-packages/airflow/example_dags/example_external_task_marker_dag.py
[2024-04-04T09:40:52.946+0000] {processor.py:830} INFO - Processing file /home/airflow/.local/lib/python3.8/site-packages/airflow/example_dags/example_external_task_marker_dag.py for tasks to queue
[2024-04-04T09:40:52.948+0000] {logging_mixin.py:188} INFO - [2024-04-04T09:40:52.947+0000] {dagbag.py:540} INFO - Filling up the DagBag from /home/airflow/.local/lib/python3.8/site-packages/airflow/example_dags/example_external_task_marker_dag.py
[2024-04-04T09:40:52.954+0000] {processor.py:840} INFO - DAG(s) 'example_external_task_marker_child', 'example_external_task_marker_parent' retrieved from /home/airflow/.local/lib/python3.8/site-packages/airflow/example_dags/example_external_task_marker_dag.py
[2024-04-04T09:40:52.979+0000] {logging_mixin.py:188} INFO - [2024-04-04T09:40:52.978+0000] {dag.py:3047} INFO - Sync 2 DAGs
[2024-04-04T09:40:52.991+0000] {logging_mixin.py:188} INFO - [2024-04-04T09:40:52.991+0000] {dag.py:3834} INFO - Setting next_dagrun for example_external_task_marker_child to None, run_after=None
[2024-04-04T09:40:52.997+0000] {logging_mixin.py:188} INFO - [2024-04-04T09:40:52.997+0000] {dag.py:3834} INFO - Setting next_dagrun for example_external_task_marker_parent to None, run_after=None
[2024-04-04T09:40:53.021+0000] {processor.py:183} INFO - Processing /home/airflow/.local/lib/python3.8/site-packages/airflow/example_dags/example_external_task_marker_dag.py took 0.079 seconds
[2024-04-04T09:41:23.144+0000] {processor.py:161} INFO - Started process (PID=324) to work on /home/airflow/.local/lib/python3.8/site-packages/airflow/example_dags/example_external_task_marker_dag.py
[2024-04-04T09:41:23.145+0000] {processor.py:830} INFO - Processing file /home/airflow/.local/lib/python3.8/site-packages/airflow/example_dags/example_external_task_marker_dag.py for tasks to queue
[2024-04-04T09:41:23.147+0000] {logging_mixin.py:188} INFO - [2024-04-04T09:41:23.146+0000] {dagbag.py:540} INFO - Filling up the DagBag from /home/airflow/.local/lib/python3.8/site-packages/airflow/example_dags/example_external_task_marker_dag.py
[2024-04-04T09:41:23.156+0000] {processor.py:840} INFO - DAG(s) 'example_external_task_marker_parent', 'example_external_task_marker_child' retrieved from /home/airflow/.local/lib/python3.8/site-packages/airflow/example_dags/example_external_task_marker_dag.py
[2024-04-04T09:41:23.199+0000] {logging_mixin.py:188} INFO - [2024-04-04T09:41:23.199+0000] {dag.py:3047} INFO - Sync 2 DAGs
[2024-04-04T09:41:23.229+0000] {logging_mixin.py:188} INFO - [2024-04-04T09:41:23.228+0000] {dag.py:3834} INFO - Setting next_dagrun for example_external_task_marker_child to None, run_after=None
[2024-04-04T09:41:23.249+0000] {logging_mixin.py:188} INFO - [2024-04-04T09:41:23.248+0000] {dag.py:3834} INFO - Setting next_dagrun for example_external_task_marker_parent to None, run_after=None
[2024-04-04T09:41:23.288+0000] {processor.py:183} INFO - Processing /home/airflow/.local/lib/python3.8/site-packages/airflow/example_dags/example_external_task_marker_dag.py took 0.147 seconds
[2024-04-04T09:41:53.474+0000] {processor.py:161} INFO - Started process (PID=379) to work on /home/airflow/.local/lib/python3.8/site-packages/airflow/example_dags/example_external_task_marker_dag.py
[2024-04-04T09:41:53.475+0000] {processor.py:830} INFO - Processing file /home/airflow/.local/lib/python3.8/site-packages/airflow/example_dags/example_external_task_marker_dag.py for tasks to queue
[2024-04-04T09:41:53.478+0000] {logging_mixin.py:188} INFO - [2024-04-04T09:41:53.477+0000] {dagbag.py:540} INFO - Filling up the DagBag from /home/airflow/.local/lib/python3.8/site-packages/airflow/example_dags/example_external_task_marker_dag.py
[2024-04-04T09:41:53.484+0000] {processor.py:840} INFO - DAG(s) 'example_external_task_marker_child', 'example_external_task_marker_parent' retrieved from /home/airflow/.local/lib/python3.8/site-packages/airflow/example_dags/example_external_task_marker_dag.py
[2024-04-04T09:41:53.513+0000] {logging_mixin.py:188} INFO - [2024-04-04T09:41:53.513+0000] {dag.py:3047} INFO - Sync 2 DAGs
[2024-04-04T09:41:53.528+0000] {logging_mixin.py:188} INFO - [2024-04-04T09:41:53.528+0000] {dag.py:3834} INFO - Setting next_dagrun for example_external_task_marker_child to None, run_after=None
[2024-04-04T09:41:53.534+0000] {logging_mixin.py:188} INFO - [2024-04-04T09:41:53.533+0000] {dag.py:3834} INFO - Setting next_dagrun for example_external_task_marker_parent to None, run_after=None
[2024-04-04T09:41:53.558+0000] {processor.py:183} INFO - Processing /home/airflow/.local/lib/python3.8/site-packages/airflow/example_dags/example_external_task_marker_dag.py took 0.086 seconds
[2024-04-04T09:42:23.608+0000] {processor.py:161} INFO - Started process (PID=440) to work on /home/airflow/.local/lib/python3.8/site-packages/airflow/example_dags/example_external_task_marker_dag.py
[2024-04-04T09:42:23.609+0000] {processor.py:830} INFO - Processing file /home/airflow/.local/lib/python3.8/site-packages/airflow/example_dags/example_external_task_marker_dag.py for tasks to queue
[2024-04-04T09:42:23.611+0000] {logging_mixin.py:188} INFO - [2024-04-04T09:42:23.611+0000] {dagbag.py:540} INFO - Filling up the DagBag from /home/airflow/.local/lib/python3.8/site-packages/airflow/example_dags/example_external_task_marker_dag.py
[2024-04-04T09:42:23.616+0000] {processor.py:840} INFO - DAG(s) 'example_external_task_marker_child', 'example_external_task_marker_parent' retrieved from /home/airflow/.local/lib/python3.8/site-packages/airflow/example_dags/example_external_task_marker_dag.py
[2024-04-04T09:42:23.646+0000] {logging_mixin.py:188} INFO - [2024-04-04T09:42:23.645+0000] {dag.py:3047} INFO - Sync 2 DAGs
[2024-04-04T09:42:23.660+0000] {logging_mixin.py:188} INFO - [2024-04-04T09:42:23.659+0000] {dag.py:3834} INFO - Setting next_dagrun for example_external_task_marker_child to None, run_after=None
[2024-04-04T09:42:23.665+0000] {logging_mixin.py:188} INFO - [2024-04-04T09:42:23.665+0000] {dag.py:3834} INFO - Setting next_dagrun for example_external_task_marker_parent to None, run_after=None
[2024-04-04T09:42:23.688+0000] {processor.py:183} INFO - Processing /home/airflow/.local/lib/python3.8/site-packages/airflow/example_dags/example_external_task_marker_dag.py took 0.083 seconds
[2024-04-04T09:42:54.092+0000] {processor.py:161} INFO - Started process (PID=496) to work on /home/airflow/.local/lib/python3.8/site-packages/airflow/example_dags/example_external_task_marker_dag.py
[2024-04-04T09:42:54.093+0000] {processor.py:830} INFO - Processing file /home/airflow/.local/lib/python3.8/site-packages/airflow/example_dags/example_external_task_marker_dag.py for tasks to queue
[2024-04-04T09:42:54.095+0000] {logging_mixin.py:188} INFO - [2024-04-04T09:42:54.095+0000] {dagbag.py:540} INFO - Filling up the DagBag from /home/airflow/.local/lib/python3.8/site-packages/airflow/example_dags/example_external_task_marker_dag.py
[2024-04-04T09:42:54.101+0000] {processor.py:840} INFO - DAG(s) 'example_external_task_marker_child', 'example_external_task_marker_parent' retrieved from /home/airflow/.local/lib/python3.8/site-packages/airflow/example_dags/example_external_task_marker_dag.py
[2024-04-04T09:42:54.134+0000] {logging_mixin.py:188} INFO - [2024-04-04T09:42:54.133+0000] {dag.py:3047} INFO - Sync 2 DAGs
[2024-04-04T09:42:54.149+0000] {logging_mixin.py:188} INFO - [2024-04-04T09:42:54.148+0000] {dag.py:3834} INFO - Setting next_dagrun for example_external_task_marker_child to None, run_after=None
[2024-04-04T09:42:54.154+0000] {logging_mixin.py:188} INFO - [2024-04-04T09:42:54.153+0000] {dag.py:3834} INFO - Setting next_dagrun for example_external_task_marker_parent to None, run_after=None
[2024-04-04T09:42:54.182+0000] {processor.py:183} INFO - Processing /home/airflow/.local/lib/python3.8/site-packages/airflow/example_dags/example_external_task_marker_dag.py took 0.094 seconds
[2024-04-04T09:43:24.747+0000] {processor.py:161} INFO - Started process (PID=552) to work on /home/airflow/.local/lib/python3.8/site-packages/airflow/example_dags/example_external_task_marker_dag.py
[2024-04-04T09:43:24.748+0000] {processor.py:830} INFO - Processing file /home/airflow/.local/lib/python3.8/site-packages/airflow/example_dags/example_external_task_marker_dag.py for tasks to queue
[2024-04-04T09:43:24.751+0000] {logging_mixin.py:188} INFO - [2024-04-04T09:43:24.750+0000] {dagbag.py:540} INFO - Filling up the DagBag from /home/airflow/.local/lib/python3.8/site-packages/airflow/example_dags/example_external_task_marker_dag.py
[2024-04-04T09:43:24.760+0000] {processor.py:840} INFO - DAG(s) 'example_external_task_marker_parent', 'example_external_task_marker_child' retrieved from /home/airflow/.local/lib/python3.8/site-packages/airflow/example_dags/example_external_task_marker_dag.py
[2024-04-04T09:43:24.801+0000] {logging_mixin.py:188} INFO - [2024-04-04T09:43:24.800+0000] {dag.py:3047} INFO - Sync 2 DAGs
[2024-04-04T09:43:24.817+0000] {logging_mixin.py:188} INFO - [2024-04-04T09:43:24.816+0000] {dag.py:3834} INFO - Setting next_dagrun for example_external_task_marker_child to None, run_after=None
[2024-04-04T09:43:24.822+0000] {logging_mixin.py:188} INFO - [2024-04-04T09:43:24.822+0000] {dag.py:3834} INFO - Setting next_dagrun for example_external_task_marker_parent to None, run_after=None
[2024-04-04T09:43:24.851+0000] {processor.py:183} INFO - Processing /home/airflow/.local/lib/python3.8/site-packages/airflow/example_dags/example_external_task_marker_dag.py took 0.107 seconds
[2024-04-04T09:43:55.177+0000] {processor.py:161} INFO - Started process (PID=608) to work on /home/airflow/.local/lib/python3.8/site-packages/airflow/example_dags/example_external_task_marker_dag.py
[2024-04-04T09:43:55.178+0000] {processor.py:830} INFO - Processing file /home/airflow/.local/lib/python3.8/site-packages/airflow/example_dags/example_external_task_marker_dag.py for tasks to queue
[2024-04-04T09:43:55.181+0000] {logging_mixin.py:188} INFO - [2024-04-04T09:43:55.180+0000] {dagbag.py:540} INFO - Filling up the DagBag from /home/airflow/.local/lib/python3.8/site-packages/airflow/example_dags/example_external_task_marker_dag.py
[2024-04-04T09:43:55.187+0000] {processor.py:840} INFO - DAG(s) 'example_external_task_marker_child', 'example_external_task_marker_parent' retrieved from /home/airflow/.local/lib/python3.8/site-packages/airflow/example_dags/example_external_task_marker_dag.py
[2024-04-04T09:43:55.214+0000] {logging_mixin.py:188} INFO - [2024-04-04T09:43:55.214+0000] {dag.py:3047} INFO - Sync 2 DAGs
[2024-04-04T09:43:55.229+0000] {logging_mixin.py:188} INFO - [2024-04-04T09:43:55.229+0000] {dag.py:3834} INFO - Setting next_dagrun for example_external_task_marker_child to None, run_after=None
[2024-04-04T09:43:55.234+0000] {logging_mixin.py:188} INFO - [2024-04-04T09:43:55.233+0000] {dag.py:3834} INFO - Setting next_dagrun for example_external_task_marker_parent to None, run_after=None
[2024-04-04T09:43:55.267+0000] {processor.py:183} INFO - Processing /home/airflow/.local/lib/python3.8/site-packages/airflow/example_dags/example_external_task_marker_dag.py took 0.092 seconds
[2024-04-04T09:44:25.631+0000] {processor.py:161} INFO - Started process (PID=664) to work on /home/airflow/.local/lib/python3.8/site-packages/airflow/example_dags/example_external_task_marker_dag.py
[2024-04-04T09:44:25.633+0000] {processor.py:830} INFO - Processing file /home/airflow/.local/lib/python3.8/site-packages/airflow/example_dags/example_external_task_marker_dag.py for tasks to queue
[2024-04-04T09:44:25.635+0000] {logging_mixin.py:188} INFO - [2024-04-04T09:44:25.634+0000] {dagbag.py:540} INFO - Filling up the DagBag from /home/airflow/.local/lib/python3.8/site-packages/airflow/example_dags/example_external_task_marker_dag.py
[2024-04-04T09:44:25.642+0000] {processor.py:840} INFO - DAG(s) 'example_external_task_marker_child', 'example_external_task_marker_parent' retrieved from /home/airflow/.local/lib/python3.8/site-packages/airflow/example_dags/example_external_task_marker_dag.py
[2024-04-04T09:44:25.670+0000] {logging_mixin.py:188} INFO - [2024-04-04T09:44:25.670+0000] {dag.py:3047} INFO - Sync 2 DAGs
[2024-04-04T09:44:25.684+0000] {logging_mixin.py:188} INFO - [2024-04-04T09:44:25.684+0000] {dag.py:3834} INFO - Setting next_dagrun for example_external_task_marker_child to None, run_after=None
[2024-04-04T09:44:25.689+0000] {logging_mixin.py:188} INFO - [2024-04-04T09:44:25.689+0000] {dag.py:3834} INFO - Setting next_dagrun for example_external_task_marker_parent to None, run_after=None
[2024-04-04T09:44:25.716+0000] {processor.py:183} INFO - Processing /home/airflow/.local/lib/python3.8/site-packages/airflow/example_dags/example_external_task_marker_dag.py took 0.088 seconds
[2024-04-04T09:44:56.072+0000] {processor.py:161} INFO - Started process (PID=720) to work on /home/airflow/.local/lib/python3.8/site-packages/airflow/example_dags/example_external_task_marker_dag.py
[2024-04-04T09:44:56.073+0000] {processor.py:830} INFO - Processing file /home/airflow/.local/lib/python3.8/site-packages/airflow/example_dags/example_external_task_marker_dag.py for tasks to queue
[2024-04-04T09:44:56.076+0000] {logging_mixin.py:188} INFO - [2024-04-04T09:44:56.075+0000] {dagbag.py:540} INFO - Filling up the DagBag from /home/airflow/.local/lib/python3.8/site-packages/airflow/example_dags/example_external_task_marker_dag.py
[2024-04-04T09:44:56.082+0000] {processor.py:840} INFO - DAG(s) 'example_external_task_marker_child', 'example_external_task_marker_parent' retrieved from /home/airflow/.local/lib/python3.8/site-packages/airflow/example_dags/example_external_task_marker_dag.py
[2024-04-04T09:44:56.109+0000] {logging_mixin.py:188} INFO - [2024-04-04T09:44:56.109+0000] {dag.py:3047} INFO - Sync 2 DAGs
[2024-04-04T09:44:56.123+0000] {logging_mixin.py:188} INFO - [2024-04-04T09:44:56.123+0000] {dag.py:3834} INFO - Setting next_dagrun for example_external_task_marker_child to None, run_after=None
[2024-04-04T09:44:56.129+0000] {logging_mixin.py:188} INFO - [2024-04-04T09:44:56.128+0000] {dag.py:3834} INFO - Setting next_dagrun for example_external_task_marker_parent to None, run_after=None
[2024-04-04T09:44:56.153+0000] {processor.py:183} INFO - Processing /home/airflow/.local/lib/python3.8/site-packages/airflow/example_dags/example_external_task_marker_dag.py took 0.084 seconds
[2024-04-04T09:45:26.243+0000] {processor.py:161} INFO - Started process (PID=776) to work on /home/airflow/.local/lib/python3.8/site-packages/airflow/example_dags/example_external_task_marker_dag.py
[2024-04-04T09:45:26.244+0000] {processor.py:830} INFO - Processing file /home/airflow/.local/lib/python3.8/site-packages/airflow/example_dags/example_external_task_marker_dag.py for tasks to queue
[2024-04-04T09:45:26.246+0000] {logging_mixin.py:188} INFO - [2024-04-04T09:45:26.246+0000] {dagbag.py:540} INFO - Filling up the DagBag from /home/airflow/.local/lib/python3.8/site-packages/airflow/example_dags/example_external_task_marker_dag.py
[2024-04-04T09:45:26.253+0000] {processor.py:840} INFO - DAG(s) 'example_external_task_marker_parent', 'example_external_task_marker_child' retrieved from /home/airflow/.local/lib/python3.8/site-packages/airflow/example_dags/example_external_task_marker_dag.py
[2024-04-04T09:45:26.284+0000] {logging_mixin.py:188} INFO - [2024-04-04T09:45:26.284+0000] {dag.py:3047} INFO - Sync 2 DAGs
[2024-04-04T09:45:26.299+0000] {logging_mixin.py:188} INFO - [2024-04-04T09:45:26.299+0000] {dag.py:3834} INFO - Setting next_dagrun for example_external_task_marker_child to None, run_after=None
[2024-04-04T09:45:26.304+0000] {logging_mixin.py:188} INFO - [2024-04-04T09:45:26.304+0000] {dag.py:3834} INFO - Setting next_dagrun for example_external_task_marker_parent to None, run_after=None
[2024-04-04T09:45:26.328+0000] {processor.py:183} INFO - Processing /home/airflow/.local/lib/python3.8/site-packages/airflow/example_dags/example_external_task_marker_dag.py took 0.088 seconds
[2024-04-04T09:45:56.911+0000] {processor.py:161} INFO - Started process (PID=832) to work on /home/airflow/.local/lib/python3.8/site-packages/airflow/example_dags/example_external_task_marker_dag.py
[2024-04-04T09:45:56.913+0000] {processor.py:830} INFO - Processing file /home/airflow/.local/lib/python3.8/site-packages/airflow/example_dags/example_external_task_marker_dag.py for tasks to queue
[2024-04-04T09:45:56.915+0000] {logging_mixin.py:188} INFO - [2024-04-04T09:45:56.915+0000] {dagbag.py:540} INFO - Filling up the DagBag from /home/airflow/.local/lib/python3.8/site-packages/airflow/example_dags/example_external_task_marker_dag.py
[2024-04-04T09:45:56.924+0000] {processor.py:840} INFO - DAG(s) 'example_external_task_marker_parent', 'example_external_task_marker_child' retrieved from /home/airflow/.local/lib/python3.8/site-packages/airflow/example_dags/example_external_task_marker_dag.py
[2024-04-04T09:45:56.960+0000] {logging_mixin.py:188} INFO - [2024-04-04T09:45:56.960+0000] {dag.py:3047} INFO - Sync 2 DAGs
[2024-04-04T09:45:56.974+0000] {logging_mixin.py:188} INFO - [2024-04-04T09:45:56.974+0000] {dag.py:3834} INFO - Setting next_dagrun for example_external_task_marker_child to None, run_after=None
[2024-04-04T09:45:56.980+0000] {logging_mixin.py:188} INFO - [2024-04-04T09:45:56.980+0000] {dag.py:3834} INFO - Setting next_dagrun for example_external_task_marker_parent to None, run_after=None
[2024-04-04T09:45:57.006+0000] {processor.py:183} INFO - Processing /home/airflow/.local/lib/python3.8/site-packages/airflow/example_dags/example_external_task_marker_dag.py took 0.099 seconds
[2024-04-04T09:46:27.405+0000] {processor.py:161} INFO - Started process (PID=888) to work on /home/airflow/.local/lib/python3.8/site-packages/airflow/example_dags/example_external_task_marker_dag.py
[2024-04-04T09:46:27.406+0000] {processor.py:830} INFO - Processing file /home/airflow/.local/lib/python3.8/site-packages/airflow/example_dags/example_external_task_marker_dag.py for tasks to queue
[2024-04-04T09:46:27.409+0000] {logging_mixin.py:188} INFO - [2024-04-04T09:46:27.409+0000] {dagbag.py:540} INFO - Filling up the DagBag from /home/airflow/.local/lib/python3.8/site-packages/airflow/example_dags/example_external_task_marker_dag.py
[2024-04-04T09:46:27.422+0000] {processor.py:840} INFO - DAG(s) 'example_external_task_marker_child', 'example_external_task_marker_parent' retrieved from /home/airflow/.local/lib/python3.8/site-packages/airflow/example_dags/example_external_task_marker_dag.py
[2024-04-04T09:46:27.455+0000] {logging_mixin.py:188} INFO - [2024-04-04T09:46:27.455+0000] {dag.py:3047} INFO - Sync 2 DAGs
[2024-04-04T09:46:27.474+0000] {logging_mixin.py:188} INFO - [2024-04-04T09:46:27.474+0000] {dag.py:3834} INFO - Setting next_dagrun for example_external_task_marker_child to None, run_after=None
[2024-04-04T09:46:27.480+0000] {logging_mixin.py:188} INFO - [2024-04-04T09:46:27.479+0000] {dag.py:3834} INFO - Setting next_dagrun for example_external_task_marker_parent to None, run_after=None
[2024-04-04T09:46:27.505+0000] {processor.py:183} INFO - Processing /home/airflow/.local/lib/python3.8/site-packages/airflow/example_dags/example_external_task_marker_dag.py took 0.103 seconds
[2024-04-04T09:46:57.769+0000] {processor.py:161} INFO - Started process (PID=944) to work on /home/airflow/.local/lib/python3.8/site-packages/airflow/example_dags/example_external_task_marker_dag.py
[2024-04-04T09:46:57.770+0000] {processor.py:830} INFO - Processing file /home/airflow/.local/lib/python3.8/site-packages/airflow/example_dags/example_external_task_marker_dag.py for tasks to queue
[2024-04-04T09:46:57.773+0000] {logging_mixin.py:188} INFO - [2024-04-04T09:46:57.772+0000] {dagbag.py:540} INFO - Filling up the DagBag from /home/airflow/.local/lib/python3.8/site-packages/airflow/example_dags/example_external_task_marker_dag.py
[2024-04-04T09:46:57.780+0000] {processor.py:840} INFO - DAG(s) 'example_external_task_marker_parent', 'example_external_task_marker_child' retrieved from /home/airflow/.local/lib/python3.8/site-packages/airflow/example_dags/example_external_task_marker_dag.py
[2024-04-04T09:46:57.807+0000] {logging_mixin.py:188} INFO - [2024-04-04T09:46:57.807+0000] {dag.py:3047} INFO - Sync 2 DAGs
[2024-04-04T09:46:57.823+0000] {logging_mixin.py:188} INFO - [2024-04-04T09:46:57.822+0000] {dag.py:3834} INFO - Setting next_dagrun for example_external_task_marker_child to None, run_after=None
[2024-04-04T09:46:57.827+0000] {logging_mixin.py:188} INFO - [2024-04-04T09:46:57.827+0000] {dag.py:3834} INFO - Setting next_dagrun for example_external_task_marker_parent to None, run_after=None
[2024-04-04T09:46:57.852+0000] {processor.py:183} INFO - Processing /home/airflow/.local/lib/python3.8/site-packages/airflow/example_dags/example_external_task_marker_dag.py took 0.085 seconds
[2024-04-04T09:47:27.956+0000] {processor.py:161} INFO - Started process (PID=1000) to work on /home/airflow/.local/lib/python3.8/site-packages/airflow/example_dags/example_external_task_marker_dag.py
[2024-04-04T09:47:27.957+0000] {processor.py:830} INFO - Processing file /home/airflow/.local/lib/python3.8/site-packages/airflow/example_dags/example_external_task_marker_dag.py for tasks to queue
[2024-04-04T09:47:27.959+0000] {logging_mixin.py:188} INFO - [2024-04-04T09:47:27.959+0000] {dagbag.py:540} INFO - Filling up the DagBag from /home/airflow/.local/lib/python3.8/site-packages/airflow/example_dags/example_external_task_marker_dag.py
[2024-04-04T09:47:27.965+0000] {processor.py:840} INFO - DAG(s) 'example_external_task_marker_child', 'example_external_task_marker_parent' retrieved from /home/airflow/.local/lib/python3.8/site-packages/airflow/example_dags/example_external_task_marker_dag.py
[2024-04-04T09:47:27.992+0000] {logging_mixin.py:188} INFO - [2024-04-04T09:47:27.991+0000] {dag.py:3047} INFO - Sync 2 DAGs
[2024-04-04T09:47:28.008+0000] {logging_mixin.py:188} INFO - [2024-04-04T09:47:28.007+0000] {dag.py:3834} INFO - Setting next_dagrun for example_external_task_marker_child to None, run_after=None
[2024-04-04T09:47:28.014+0000] {logging_mixin.py:188} INFO - [2024-04-04T09:47:28.014+0000] {dag.py:3834} INFO - Setting next_dagrun for example_external_task_marker_parent to None, run_after=None
[2024-04-04T09:47:28.041+0000] {processor.py:183} INFO - Processing /home/airflow/.local/lib/python3.8/site-packages/airflow/example_dags/example_external_task_marker_dag.py took 0.088 seconds
[2024-04-04T09:47:58.411+0000] {processor.py:161} INFO - Started process (PID=1056) to work on /home/airflow/.local/lib/python3.8/site-packages/airflow/example_dags/example_external_task_marker_dag.py
[2024-04-04T09:47:58.412+0000] {processor.py:830} INFO - Processing file /home/airflow/.local/lib/python3.8/site-packages/airflow/example_dags/example_external_task_marker_dag.py for tasks to queue
[2024-04-04T09:47:58.414+0000] {logging_mixin.py:188} INFO - [2024-04-04T09:47:58.414+0000] {dagbag.py:540} INFO - Filling up the DagBag from /home/airflow/.local/lib/python3.8/site-packages/airflow/example_dags/example_external_task_marker_dag.py
[2024-04-04T09:47:58.421+0000] {processor.py:840} INFO - DAG(s) 'example_external_task_marker_parent', 'example_external_task_marker_child' retrieved from /home/airflow/.local/lib/python3.8/site-packages/airflow/example_dags/example_external_task_marker_dag.py
[2024-04-04T09:47:58.455+0000] {logging_mixin.py:188} INFO - [2024-04-04T09:47:58.454+0000] {dag.py:3047} INFO - Sync 2 DAGs
[2024-04-04T09:47:58.471+0000] {logging_mixin.py:188} INFO - [2024-04-04T09:47:58.470+0000] {dag.py:3834} INFO - Setting next_dagrun for example_external_task_marker_child to None, run_after=None
[2024-04-04T09:47:58.477+0000] {logging_mixin.py:188} INFO - [2024-04-04T09:47:58.476+0000] {dag.py:3834} INFO - Setting next_dagrun for example_external_task_marker_parent to None, run_after=None
[2024-04-04T09:47:58.498+0000] {processor.py:183} INFO - Processing /home/airflow/.local/lib/python3.8/site-packages/airflow/example_dags/example_external_task_marker_dag.py took 0.091 seconds
[2024-04-04T09:48:28.876+0000] {processor.py:161} INFO - Started process (PID=1118) to work on /home/airflow/.local/lib/python3.8/site-packages/airflow/example_dags/example_external_task_marker_dag.py
[2024-04-04T09:48:28.877+0000] {processor.py:830} INFO - Processing file /home/airflow/.local/lib/python3.8/site-packages/airflow/example_dags/example_external_task_marker_dag.py for tasks to queue
[2024-04-04T09:48:28.879+0000] {logging_mixin.py:188} INFO - [2024-04-04T09:48:28.879+0000] {dagbag.py:540} INFO - Filling up the DagBag from /home/airflow/.local/lib/python3.8/site-packages/airflow/example_dags/example_external_task_marker_dag.py
[2024-04-04T09:48:28.885+0000] {processor.py:840} INFO - DAG(s) 'example_external_task_marker_child', 'example_external_task_marker_parent' retrieved from /home/airflow/.local/lib/python3.8/site-packages/airflow/example_dags/example_external_task_marker_dag.py
[2024-04-04T09:48:28.915+0000] {logging_mixin.py:188} INFO - [2024-04-04T09:48:28.914+0000] {dag.py:3047} INFO - Sync 2 DAGs
[2024-04-04T09:48:28.931+0000] {logging_mixin.py:188} INFO - [2024-04-04T09:48:28.930+0000] {dag.py:3834} INFO - Setting next_dagrun for example_external_task_marker_child to None, run_after=None
[2024-04-04T09:48:28.935+0000] {logging_mixin.py:188} INFO - [2024-04-04T09:48:28.935+0000] {dag.py:3834} INFO - Setting next_dagrun for example_external_task_marker_parent to None, run_after=None
[2024-04-04T09:48:28.958+0000] {processor.py:183} INFO - Processing /home/airflow/.local/lib/python3.8/site-packages/airflow/example_dags/example_external_task_marker_dag.py took 0.085 seconds
[2024-04-04T09:48:59.773+0000] {processor.py:161} INFO - Started process (PID=1174) to work on /home/airflow/.local/lib/python3.8/site-packages/airflow/example_dags/example_external_task_marker_dag.py
[2024-04-04T09:48:59.774+0000] {processor.py:830} INFO - Processing file /home/airflow/.local/lib/python3.8/site-packages/airflow/example_dags/example_external_task_marker_dag.py for tasks to queue
[2024-04-04T09:48:59.777+0000] {logging_mixin.py:188} INFO - [2024-04-04T09:48:59.776+0000] {dagbag.py:540} INFO - Filling up the DagBag from /home/airflow/.local/lib/python3.8/site-packages/airflow/example_dags/example_external_task_marker_dag.py
[2024-04-04T09:48:59.782+0000] {processor.py:840} INFO - DAG(s) 'example_external_task_marker_child', 'example_external_task_marker_parent' retrieved from /home/airflow/.local/lib/python3.8/site-packages/airflow/example_dags/example_external_task_marker_dag.py
[2024-04-04T09:48:59.810+0000] {logging_mixin.py:188} INFO - [2024-04-04T09:48:59.810+0000] {dag.py:3047} INFO - Sync 2 DAGs
[2024-04-04T09:48:59.824+0000] {logging_mixin.py:188} INFO - [2024-04-04T09:48:59.824+0000] {dag.py:3834} INFO - Setting next_dagrun for example_external_task_marker_child to None, run_after=None
[2024-04-04T09:48:59.830+0000] {logging_mixin.py:188} INFO - [2024-04-04T09:48:59.830+0000] {dag.py:3834} INFO - Setting next_dagrun for example_external_task_marker_parent to None, run_after=None
[2024-04-04T09:48:59.857+0000] {processor.py:183} INFO - Processing /home/airflow/.local/lib/python3.8/site-packages/airflow/example_dags/example_external_task_marker_dag.py took 0.087 seconds
[2024-04-04T09:49:30.208+0000] {processor.py:161} INFO - Started process (PID=1230) to work on /home/airflow/.local/lib/python3.8/site-packages/airflow/example_dags/example_external_task_marker_dag.py
[2024-04-04T09:49:30.210+0000] {processor.py:830} INFO - Processing file /home/airflow/.local/lib/python3.8/site-packages/airflow/example_dags/example_external_task_marker_dag.py for tasks to queue
[2024-04-04T09:49:30.213+0000] {logging_mixin.py:188} INFO - [2024-04-04T09:49:30.212+0000] {dagbag.py:540} INFO - Filling up the DagBag from /home/airflow/.local/lib/python3.8/site-packages/airflow/example_dags/example_external_task_marker_dag.py
[2024-04-04T09:49:30.220+0000] {processor.py:840} INFO - DAG(s) 'example_external_task_marker_parent', 'example_external_task_marker_child' retrieved from /home/airflow/.local/lib/python3.8/site-packages/airflow/example_dags/example_external_task_marker_dag.py
[2024-04-04T09:49:30.251+0000] {logging_mixin.py:188} INFO - [2024-04-04T09:49:30.250+0000] {dag.py:3047} INFO - Sync 2 DAGs
[2024-04-04T09:49:30.265+0000] {logging_mixin.py:188} INFO - [2024-04-04T09:49:30.265+0000] {dag.py:3834} INFO - Setting next_dagrun for example_external_task_marker_child to None, run_after=None
[2024-04-04T09:49:30.270+0000] {logging_mixin.py:188} INFO - [2024-04-04T09:49:30.270+0000] {dag.py:3834} INFO - Setting next_dagrun for example_external_task_marker_parent to None, run_after=None
[2024-04-04T09:49:30.298+0000] {processor.py:183} INFO - Processing /home/airflow/.local/lib/python3.8/site-packages/airflow/example_dags/example_external_task_marker_dag.py took 0.094 seconds
[2024-04-04T09:50:00.778+0000] {processor.py:161} INFO - Started process (PID=1290) to work on /home/airflow/.local/lib/python3.8/site-packages/airflow/example_dags/example_external_task_marker_dag.py
[2024-04-04T09:50:00.780+0000] {processor.py:830} INFO - Processing file /home/airflow/.local/lib/python3.8/site-packages/airflow/example_dags/example_external_task_marker_dag.py for tasks to queue
[2024-04-04T09:50:00.782+0000] {logging_mixin.py:188} INFO - [2024-04-04T09:50:00.782+0000] {dagbag.py:540} INFO - Filling up the DagBag from /home/airflow/.local/lib/python3.8/site-packages/airflow/example_dags/example_external_task_marker_dag.py
[2024-04-04T09:50:00.788+0000] {processor.py:840} INFO - DAG(s) 'example_external_task_marker_child', 'example_external_task_marker_parent' retrieved from /home/airflow/.local/lib/python3.8/site-packages/airflow/example_dags/example_external_task_marker_dag.py
[2024-04-04T09:50:00.816+0000] {logging_mixin.py:188} INFO - [2024-04-04T09:50:00.816+0000] {dag.py:3047} INFO - Sync 2 DAGs
[2024-04-04T09:50:00.832+0000] {logging_mixin.py:188} INFO - [2024-04-04T09:50:00.831+0000] {dag.py:3834} INFO - Setting next_dagrun for example_external_task_marker_child to None, run_after=None
[2024-04-04T09:50:00.837+0000] {logging_mixin.py:188} INFO - [2024-04-04T09:50:00.836+0000] {dag.py:3834} INFO - Setting next_dagrun for example_external_task_marker_parent to None, run_after=None
[2024-04-04T09:50:00.862+0000] {processor.py:183} INFO - Processing /home/airflow/.local/lib/python3.8/site-packages/airflow/example_dags/example_external_task_marker_dag.py took 0.086 seconds
[2024-04-04T09:50:31.206+0000] {processor.py:161} INFO - Started process (PID=1346) to work on /home/airflow/.local/lib/python3.8/site-packages/airflow/example_dags/example_external_task_marker_dag.py
[2024-04-04T09:50:31.207+0000] {processor.py:830} INFO - Processing file /home/airflow/.local/lib/python3.8/site-packages/airflow/example_dags/example_external_task_marker_dag.py for tasks to queue
[2024-04-04T09:50:31.210+0000] {logging_mixin.py:188} INFO - [2024-04-04T09:50:31.209+0000] {dagbag.py:540} INFO - Filling up the DagBag from /home/airflow/.local/lib/python3.8/site-packages/airflow/example_dags/example_external_task_marker_dag.py
[2024-04-04T09:50:31.215+0000] {processor.py:840} INFO - DAG(s) 'example_external_task_marker_child', 'example_external_task_marker_parent' retrieved from /home/airflow/.local/lib/python3.8/site-packages/airflow/example_dags/example_external_task_marker_dag.py
[2024-04-04T09:50:31.246+0000] {logging_mixin.py:188} INFO - [2024-04-04T09:50:31.245+0000] {dag.py:3047} INFO - Sync 2 DAGs
[2024-04-04T09:50:31.260+0000] {logging_mixin.py:188} INFO - [2024-04-04T09:50:31.260+0000] {dag.py:3834} INFO - Setting next_dagrun for example_external_task_marker_child to None, run_after=None
[2024-04-04T09:50:31.265+0000] {logging_mixin.py:188} INFO - [2024-04-04T09:50:31.265+0000] {dag.py:3834} INFO - Setting next_dagrun for example_external_task_marker_parent to None, run_after=None
[2024-04-04T09:50:31.290+0000] {processor.py:183} INFO - Processing /home/airflow/.local/lib/python3.8/site-packages/airflow/example_dags/example_external_task_marker_dag.py took 0.088 seconds
[2024-04-04T09:51:01.698+0000] {processor.py:161} INFO - Started process (PID=1402) to work on /home/airflow/.local/lib/python3.8/site-packages/airflow/example_dags/example_external_task_marker_dag.py
[2024-04-04T09:51:01.699+0000] {processor.py:830} INFO - Processing file /home/airflow/.local/lib/python3.8/site-packages/airflow/example_dags/example_external_task_marker_dag.py for tasks to queue
[2024-04-04T09:51:01.701+0000] {logging_mixin.py:188} INFO - [2024-04-04T09:51:01.701+0000] {dagbag.py:540} INFO - Filling up the DagBag from /home/airflow/.local/lib/python3.8/site-packages/airflow/example_dags/example_external_task_marker_dag.py
[2024-04-04T09:51:01.706+0000] {processor.py:840} INFO - DAG(s) 'example_external_task_marker_child', 'example_external_task_marker_parent' retrieved from /home/airflow/.local/lib/python3.8/site-packages/airflow/example_dags/example_external_task_marker_dag.py
[2024-04-04T09:51:01.735+0000] {logging_mixin.py:188} INFO - [2024-04-04T09:51:01.735+0000] {dag.py:3047} INFO - Sync 2 DAGs
[2024-04-04T09:51:01.753+0000] {logging_mixin.py:188} INFO - [2024-04-04T09:51:01.752+0000] {dag.py:3834} INFO - Setting next_dagrun for example_external_task_marker_child to None, run_after=None
[2024-04-04T09:51:01.758+0000] {logging_mixin.py:188} INFO - [2024-04-04T09:51:01.758+0000] {dag.py:3834} INFO - Setting next_dagrun for example_external_task_marker_parent to None, run_after=None
[2024-04-04T09:51:01.782+0000] {processor.py:183} INFO - Processing /home/airflow/.local/lib/python3.8/site-packages/airflow/example_dags/example_external_task_marker_dag.py took 0.088 seconds
[2024-04-04T09:51:32.026+0000] {processor.py:161} INFO - Started process (PID=1458) to work on /home/airflow/.local/lib/python3.8/site-packages/airflow/example_dags/example_external_task_marker_dag.py
[2024-04-04T09:51:32.028+0000] {processor.py:830} INFO - Processing file /home/airflow/.local/lib/python3.8/site-packages/airflow/example_dags/example_external_task_marker_dag.py for tasks to queue
[2024-04-04T09:51:32.031+0000] {logging_mixin.py:188} INFO - [2024-04-04T09:51:32.031+0000] {dagbag.py:540} INFO - Filling up the DagBag from /home/airflow/.local/lib/python3.8/site-packages/airflow/example_dags/example_external_task_marker_dag.py
[2024-04-04T09:51:32.038+0000] {processor.py:840} INFO - DAG(s) 'example_external_task_marker_child', 'example_external_task_marker_parent' retrieved from /home/airflow/.local/lib/python3.8/site-packages/airflow/example_dags/example_external_task_marker_dag.py
[2024-04-04T09:51:32.084+0000] {logging_mixin.py:188} INFO - [2024-04-04T09:51:32.083+0000] {dag.py:3047} INFO - Sync 2 DAGs
[2024-04-04T09:51:32.107+0000] {logging_mixin.py:188} INFO - [2024-04-04T09:51:32.106+0000] {dag.py:3834} INFO - Setting next_dagrun for example_external_task_marker_child to None, run_after=None
[2024-04-04T09:51:32.117+0000] {logging_mixin.py:188} INFO - [2024-04-04T09:51:32.116+0000] {dag.py:3834} INFO - Setting next_dagrun for example_external_task_marker_parent to None, run_after=None
[2024-04-04T09:51:32.144+0000] {processor.py:183} INFO - Processing /home/airflow/.local/lib/python3.8/site-packages/airflow/example_dags/example_external_task_marker_dag.py took 0.120 seconds
[2024-04-04T09:52:02.558+0000] {processor.py:161} INFO - Started process (PID=1514) to work on /home/airflow/.local/lib/python3.8/site-packages/airflow/example_dags/example_external_task_marker_dag.py
[2024-04-04T09:52:02.560+0000] {processor.py:830} INFO - Processing file /home/airflow/.local/lib/python3.8/site-packages/airflow/example_dags/example_external_task_marker_dag.py for tasks to queue
[2024-04-04T09:52:02.564+0000] {logging_mixin.py:188} INFO - [2024-04-04T09:52:02.563+0000] {dagbag.py:540} INFO - Filling up the DagBag from /home/airflow/.local/lib/python3.8/site-packages/airflow/example_dags/example_external_task_marker_dag.py
[2024-04-04T09:52:02.572+0000] {processor.py:840} INFO - DAG(s) 'example_external_task_marker_child', 'example_external_task_marker_parent' retrieved from /home/airflow/.local/lib/python3.8/site-packages/airflow/example_dags/example_external_task_marker_dag.py
[2024-04-04T09:52:02.607+0000] {logging_mixin.py:188} INFO - [2024-04-04T09:52:02.607+0000] {dag.py:3047} INFO - Sync 2 DAGs
[2024-04-04T09:52:02.623+0000] {logging_mixin.py:188} INFO - [2024-04-04T09:52:02.622+0000] {dag.py:3834} INFO - Setting next_dagrun for example_external_task_marker_child to None, run_after=None
[2024-04-04T09:52:02.636+0000] {logging_mixin.py:188} INFO - [2024-04-04T09:52:02.636+0000] {dag.py:3834} INFO - Setting next_dagrun for example_external_task_marker_parent to None, run_after=None
[2024-04-04T09:52:02.688+0000] {processor.py:183} INFO - Processing /home/airflow/.local/lib/python3.8/site-packages/airflow/example_dags/example_external_task_marker_dag.py took 0.135 seconds
[2024-04-04T09:52:33.447+0000] {processor.py:161} INFO - Started process (PID=1570) to work on /home/airflow/.local/lib/python3.8/site-packages/airflow/example_dags/example_external_task_marker_dag.py
[2024-04-04T09:52:33.449+0000] {processor.py:830} INFO - Processing file /home/airflow/.local/lib/python3.8/site-packages/airflow/example_dags/example_external_task_marker_dag.py for tasks to queue
[2024-04-04T09:52:33.451+0000] {logging_mixin.py:188} INFO - [2024-04-04T09:52:33.451+0000] {dagbag.py:540} INFO - Filling up the DagBag from /home/airflow/.local/lib/python3.8/site-packages/airflow/example_dags/example_external_task_marker_dag.py
[2024-04-04T09:52:33.460+0000] {processor.py:840} INFO - DAG(s) 'example_external_task_marker_child', 'example_external_task_marker_parent' retrieved from /home/airflow/.local/lib/python3.8/site-packages/airflow/example_dags/example_external_task_marker_dag.py
[2024-04-04T09:52:33.491+0000] {logging_mixin.py:188} INFO - [2024-04-04T09:52:33.490+0000] {dag.py:3047} INFO - Sync 2 DAGs
[2024-04-04T09:52:33.505+0000] {logging_mixin.py:188} INFO - [2024-04-04T09:52:33.504+0000] {dag.py:3834} INFO - Setting next_dagrun for example_external_task_marker_child to None, run_after=None
[2024-04-04T09:52:33.510+0000] {logging_mixin.py:188} INFO - [2024-04-04T09:52:33.509+0000] {dag.py:3834} INFO - Setting next_dagrun for example_external_task_marker_parent to None, run_after=None
[2024-04-04T09:52:33.537+0000] {processor.py:183} INFO - Processing /home/airflow/.local/lib/python3.8/site-packages/airflow/example_dags/example_external_task_marker_dag.py took 0.094 seconds
[2024-04-04T09:53:03.992+0000] {processor.py:161} INFO - Started process (PID=1626) to work on /home/airflow/.local/lib/python3.8/site-packages/airflow/example_dags/example_external_task_marker_dag.py
[2024-04-04T09:53:03.993+0000] {processor.py:830} INFO - Processing file /home/airflow/.local/lib/python3.8/site-packages/airflow/example_dags/example_external_task_marker_dag.py for tasks to queue
[2024-04-04T09:53:03.995+0000] {logging_mixin.py:188} INFO - [2024-04-04T09:53:03.995+0000] {dagbag.py:540} INFO - Filling up the DagBag from /home/airflow/.local/lib/python3.8/site-packages/airflow/example_dags/example_external_task_marker_dag.py
[2024-04-04T09:53:04.002+0000] {processor.py:840} INFO - DAG(s) 'example_external_task_marker_child', 'example_external_task_marker_parent' retrieved from /home/airflow/.local/lib/python3.8/site-packages/airflow/example_dags/example_external_task_marker_dag.py
[2024-04-04T09:53:04.030+0000] {logging_mixin.py:188} INFO - [2024-04-04T09:53:04.030+0000] {dag.py:3047} INFO - Sync 2 DAGs
[2024-04-04T09:53:04.043+0000] {logging_mixin.py:188} INFO - [2024-04-04T09:53:04.043+0000] {dag.py:3834} INFO - Setting next_dagrun for example_external_task_marker_child to None, run_after=None
[2024-04-04T09:53:04.049+0000] {logging_mixin.py:188} INFO - [2024-04-04T09:53:04.049+0000] {dag.py:3834} INFO - Setting next_dagrun for example_external_task_marker_parent to None, run_after=None
[2024-04-04T09:53:04.077+0000] {processor.py:183} INFO - Processing /home/airflow/.local/lib/python3.8/site-packages/airflow/example_dags/example_external_task_marker_dag.py took 0.088 seconds
[2024-04-04T09:53:34.250+0000] {processor.py:161} INFO - Started process (PID=1683) to work on /home/airflow/.local/lib/python3.8/site-packages/airflow/example_dags/example_external_task_marker_dag.py
[2024-04-04T09:53:34.252+0000] {processor.py:830} INFO - Processing file /home/airflow/.local/lib/python3.8/site-packages/airflow/example_dags/example_external_task_marker_dag.py for tasks to queue
[2024-04-04T09:53:34.254+0000] {logging_mixin.py:188} INFO - [2024-04-04T09:53:34.254+0000] {dagbag.py:540} INFO - Filling up the DagBag from /home/airflow/.local/lib/python3.8/site-packages/airflow/example_dags/example_external_task_marker_dag.py
[2024-04-04T09:53:34.259+0000] {processor.py:840} INFO - DAG(s) 'example_external_task_marker_child', 'example_external_task_marker_parent' retrieved from /home/airflow/.local/lib/python3.8/site-packages/airflow/example_dags/example_external_task_marker_dag.py
[2024-04-04T09:53:34.288+0000] {logging_mixin.py:188} INFO - [2024-04-04T09:53:34.287+0000] {dag.py:3047} INFO - Sync 2 DAGs
[2024-04-04T09:53:34.301+0000] {logging_mixin.py:188} INFO - [2024-04-04T09:53:34.301+0000] {dag.py:3834} INFO - Setting next_dagrun for example_external_task_marker_child to None, run_after=None
[2024-04-04T09:53:34.306+0000] {logging_mixin.py:188} INFO - [2024-04-04T09:53:34.306+0000] {dag.py:3834} INFO - Setting next_dagrun for example_external_task_marker_parent to None, run_after=None
[2024-04-04T09:53:34.332+0000] {processor.py:183} INFO - Processing /home/airflow/.local/lib/python3.8/site-packages/airflow/example_dags/example_external_task_marker_dag.py took 0.084 seconds
[2024-04-04T09:54:04.805+0000] {processor.py:161} INFO - Started process (PID=1739) to work on /home/airflow/.local/lib/python3.8/site-packages/airflow/example_dags/example_external_task_marker_dag.py
[2024-04-04T09:54:04.806+0000] {processor.py:830} INFO - Processing file /home/airflow/.local/lib/python3.8/site-packages/airflow/example_dags/example_external_task_marker_dag.py for tasks to queue
[2024-04-04T09:54:04.809+0000] {logging_mixin.py:188} INFO - [2024-04-04T09:54:04.808+0000] {dagbag.py:540} INFO - Filling up the DagBag from /home/airflow/.local/lib/python3.8/site-packages/airflow/example_dags/example_external_task_marker_dag.py
[2024-04-04T09:54:04.816+0000] {processor.py:840} INFO - DAG(s) 'example_external_task_marker_child', 'example_external_task_marker_parent' retrieved from /home/airflow/.local/lib/python3.8/site-packages/airflow/example_dags/example_external_task_marker_dag.py
[2024-04-04T09:54:04.845+0000] {logging_mixin.py:188} INFO - [2024-04-04T09:54:04.844+0000] {dag.py:3047} INFO - Sync 2 DAGs
[2024-04-04T09:54:04.861+0000] {logging_mixin.py:188} INFO - [2024-04-04T09:54:04.860+0000] {dag.py:3834} INFO - Setting next_dagrun for example_external_task_marker_child to None, run_after=None
[2024-04-04T09:54:04.866+0000] {logging_mixin.py:188} INFO - [2024-04-04T09:54:04.865+0000] {dag.py:3834} INFO - Setting next_dagrun for example_external_task_marker_parent to None, run_after=None
[2024-04-04T09:54:04.888+0000] {processor.py:183} INFO - Processing /home/airflow/.local/lib/python3.8/site-packages/airflow/example_dags/example_external_task_marker_dag.py took 0.086 seconds
[2024-04-04T09:54:35.749+0000] {processor.py:161} INFO - Started process (PID=1797) to work on /home/airflow/.local/lib/python3.8/site-packages/airflow/example_dags/example_external_task_marker_dag.py
[2024-04-04T09:54:35.750+0000] {processor.py:830} INFO - Processing file /home/airflow/.local/lib/python3.8/site-packages/airflow/example_dags/example_external_task_marker_dag.py for tasks to queue
[2024-04-04T09:54:35.752+0000] {logging_mixin.py:188} INFO - [2024-04-04T09:54:35.752+0000] {dagbag.py:540} INFO - Filling up the DagBag from /home/airflow/.local/lib/python3.8/site-packages/airflow/example_dags/example_external_task_marker_dag.py
[2024-04-04T09:54:35.758+0000] {processor.py:840} INFO - DAG(s) 'example_external_task_marker_child', 'example_external_task_marker_parent' retrieved from /home/airflow/.local/lib/python3.8/site-packages/airflow/example_dags/example_external_task_marker_dag.py
[2024-04-04T09:54:35.787+0000] {logging_mixin.py:188} INFO - [2024-04-04T09:54:35.786+0000] {dag.py:3047} INFO - Sync 2 DAGs
[2024-04-04T09:54:35.799+0000] {logging_mixin.py:188} INFO - [2024-04-04T09:54:35.799+0000] {dag.py:3834} INFO - Setting next_dagrun for example_external_task_marker_child to None, run_after=None
[2024-04-04T09:54:35.804+0000] {logging_mixin.py:188} INFO - [2024-04-04T09:54:35.804+0000] {dag.py:3834} INFO - Setting next_dagrun for example_external_task_marker_parent to None, run_after=None
[2024-04-04T09:54:35.830+0000] {processor.py:183} INFO - Processing /home/airflow/.local/lib/python3.8/site-packages/airflow/example_dags/example_external_task_marker_dag.py took 0.084 seconds
[2024-04-04T09:55:05.997+0000] {processor.py:161} INFO - Started process (PID=1853) to work on /home/airflow/.local/lib/python3.8/site-packages/airflow/example_dags/example_external_task_marker_dag.py
[2024-04-04T09:55:05.998+0000] {processor.py:830} INFO - Processing file /home/airflow/.local/lib/python3.8/site-packages/airflow/example_dags/example_external_task_marker_dag.py for tasks to queue
[2024-04-04T09:55:06.001+0000] {logging_mixin.py:188} INFO - [2024-04-04T09:55:06.001+0000] {dagbag.py:540} INFO - Filling up the DagBag from /home/airflow/.local/lib/python3.8/site-packages/airflow/example_dags/example_external_task_marker_dag.py
[2024-04-04T09:55:06.008+0000] {processor.py:840} INFO - DAG(s) 'example_external_task_marker_parent', 'example_external_task_marker_child' retrieved from /home/airflow/.local/lib/python3.8/site-packages/airflow/example_dags/example_external_task_marker_dag.py
[2024-04-04T09:55:06.035+0000] {logging_mixin.py:188} INFO - [2024-04-04T09:55:06.035+0000] {dag.py:3047} INFO - Sync 2 DAGs
[2024-04-04T09:55:06.048+0000] {logging_mixin.py:188} INFO - [2024-04-04T09:55:06.047+0000] {dag.py:3834} INFO - Setting next_dagrun for example_external_task_marker_child to None, run_after=None
[2024-04-04T09:55:06.053+0000] {logging_mixin.py:188} INFO - [2024-04-04T09:55:06.052+0000] {dag.py:3834} INFO - Setting next_dagrun for example_external_task_marker_parent to None, run_after=None
[2024-04-04T09:55:06.076+0000] {processor.py:183} INFO - Processing /home/airflow/.local/lib/python3.8/site-packages/airflow/example_dags/example_external_task_marker_dag.py took 0.082 seconds
[2024-04-04T09:55:36.628+0000] {processor.py:161} INFO - Started process (PID=1914) to work on /home/airflow/.local/lib/python3.8/site-packages/airflow/example_dags/example_external_task_marker_dag.py
[2024-04-04T09:55:36.629+0000] {processor.py:830} INFO - Processing file /home/airflow/.local/lib/python3.8/site-packages/airflow/example_dags/example_external_task_marker_dag.py for tasks to queue
[2024-04-04T09:55:36.631+0000] {logging_mixin.py:188} INFO - [2024-04-04T09:55:36.631+0000] {dagbag.py:540} INFO - Filling up the DagBag from /home/airflow/.local/lib/python3.8/site-packages/airflow/example_dags/example_external_task_marker_dag.py
[2024-04-04T09:55:36.638+0000] {processor.py:840} INFO - DAG(s) 'example_external_task_marker_parent', 'example_external_task_marker_child' retrieved from /home/airflow/.local/lib/python3.8/site-packages/airflow/example_dags/example_external_task_marker_dag.py
[2024-04-04T09:55:36.666+0000] {logging_mixin.py:188} INFO - [2024-04-04T09:55:36.665+0000] {dag.py:3047} INFO - Sync 2 DAGs
[2024-04-04T09:55:36.680+0000] {logging_mixin.py:188} INFO - [2024-04-04T09:55:36.679+0000] {dag.py:3834} INFO - Setting next_dagrun for example_external_task_marker_child to None, run_after=None
[2024-04-04T09:55:36.686+0000] {logging_mixin.py:188} INFO - [2024-04-04T09:55:36.685+0000] {dag.py:3834} INFO - Setting next_dagrun for example_external_task_marker_parent to None, run_after=None
[2024-04-04T09:55:36.710+0000] {processor.py:183} INFO - Processing /home/airflow/.local/lib/python3.8/site-packages/airflow/example_dags/example_external_task_marker_dag.py took 0.086 seconds
[2024-04-04T09:56:07.380+0000] {processor.py:161} INFO - Started process (PID=1973) to work on /home/airflow/.local/lib/python3.8/site-packages/airflow/example_dags/example_external_task_marker_dag.py
[2024-04-04T09:56:07.381+0000] {processor.py:830} INFO - Processing file /home/airflow/.local/lib/python3.8/site-packages/airflow/example_dags/example_external_task_marker_dag.py for tasks to queue
[2024-04-04T09:56:07.383+0000] {logging_mixin.py:188} INFO - [2024-04-04T09:56:07.383+0000] {dagbag.py:540} INFO - Filling up the DagBag from /home/airflow/.local/lib/python3.8/site-packages/airflow/example_dags/example_external_task_marker_dag.py
[2024-04-04T09:56:07.392+0000] {processor.py:840} INFO - DAG(s) 'example_external_task_marker_child', 'example_external_task_marker_parent' retrieved from /home/airflow/.local/lib/python3.8/site-packages/airflow/example_dags/example_external_task_marker_dag.py
[2024-04-04T09:56:07.421+0000] {logging_mixin.py:188} INFO - [2024-04-04T09:56:07.421+0000] {dag.py:3047} INFO - Sync 2 DAGs
[2024-04-04T09:56:07.435+0000] {logging_mixin.py:188} INFO - [2024-04-04T09:56:07.435+0000] {dag.py:3834} INFO - Setting next_dagrun for example_external_task_marker_child to None, run_after=None
[2024-04-04T09:56:07.440+0000] {logging_mixin.py:188} INFO - [2024-04-04T09:56:07.440+0000] {dag.py:3834} INFO - Setting next_dagrun for example_external_task_marker_parent to None, run_after=None
[2024-04-04T09:56:07.466+0000] {processor.py:183} INFO - Processing /home/airflow/.local/lib/python3.8/site-packages/airflow/example_dags/example_external_task_marker_dag.py took 0.090 seconds
[2024-04-04T09:56:37.529+0000] {processor.py:161} INFO - Started process (PID=2029) to work on /home/airflow/.local/lib/python3.8/site-packages/airflow/example_dags/example_external_task_marker_dag.py
[2024-04-04T09:56:37.530+0000] {processor.py:830} INFO - Processing file /home/airflow/.local/lib/python3.8/site-packages/airflow/example_dags/example_external_task_marker_dag.py for tasks to queue
[2024-04-04T09:56:37.533+0000] {logging_mixin.py:188} INFO - [2024-04-04T09:56:37.532+0000] {dagbag.py:540} INFO - Filling up the DagBag from /home/airflow/.local/lib/python3.8/site-packages/airflow/example_dags/example_external_task_marker_dag.py
[2024-04-04T09:56:37.538+0000] {processor.py:840} INFO - DAG(s) 'example_external_task_marker_child', 'example_external_task_marker_parent' retrieved from /home/airflow/.local/lib/python3.8/site-packages/airflow/example_dags/example_external_task_marker_dag.py
[2024-04-04T09:56:37.566+0000] {logging_mixin.py:188} INFO - [2024-04-04T09:56:37.565+0000] {dag.py:3047} INFO - Sync 2 DAGs
[2024-04-04T09:56:37.578+0000] {logging_mixin.py:188} INFO - [2024-04-04T09:56:37.578+0000] {dag.py:3834} INFO - Setting next_dagrun for example_external_task_marker_child to None, run_after=None
[2024-04-04T09:56:37.584+0000] {logging_mixin.py:188} INFO - [2024-04-04T09:56:37.583+0000] {dag.py:3834} INFO - Setting next_dagrun for example_external_task_marker_parent to None, run_after=None
[2024-04-04T09:56:37.608+0000] {processor.py:183} INFO - Processing /home/airflow/.local/lib/python3.8/site-packages/airflow/example_dags/example_external_task_marker_dag.py took 0.082 seconds
[2024-04-04T09:57:08.042+0000] {processor.py:161} INFO - Started process (PID=2085) to work on /home/airflow/.local/lib/python3.8/site-packages/airflow/example_dags/example_external_task_marker_dag.py
[2024-04-04T09:57:08.044+0000] {processor.py:830} INFO - Processing file /home/airflow/.local/lib/python3.8/site-packages/airflow/example_dags/example_external_task_marker_dag.py for tasks to queue
[2024-04-04T09:57:08.046+0000] {logging_mixin.py:188} INFO - [2024-04-04T09:57:08.045+0000] {dagbag.py:540} INFO - Filling up the DagBag from /home/airflow/.local/lib/python3.8/site-packages/airflow/example_dags/example_external_task_marker_dag.py
[2024-04-04T09:57:08.053+0000] {processor.py:840} INFO - DAG(s) 'example_external_task_marker_child', 'example_external_task_marker_parent' retrieved from /home/airflow/.local/lib/python3.8/site-packages/airflow/example_dags/example_external_task_marker_dag.py
[2024-04-04T09:57:08.085+0000] {logging_mixin.py:188} INFO - [2024-04-04T09:57:08.084+0000] {dag.py:3047} INFO - Sync 2 DAGs
[2024-04-04T09:57:08.098+0000] {logging_mixin.py:188} INFO - [2024-04-04T09:57:08.098+0000] {dag.py:3834} INFO - Setting next_dagrun for example_external_task_marker_child to None, run_after=None
[2024-04-04T09:57:08.103+0000] {logging_mixin.py:188} INFO - [2024-04-04T09:57:08.103+0000] {dag.py:3834} INFO - Setting next_dagrun for example_external_task_marker_parent to None, run_after=None
[2024-04-04T09:57:08.129+0000] {processor.py:183} INFO - Processing /home/airflow/.local/lib/python3.8/site-packages/airflow/example_dags/example_external_task_marker_dag.py took 0.090 seconds
[2024-04-04T09:57:38.429+0000] {processor.py:161} INFO - Started process (PID=2141) to work on /home/airflow/.local/lib/python3.8/site-packages/airflow/example_dags/example_external_task_marker_dag.py
[2024-04-04T09:57:38.431+0000] {processor.py:830} INFO - Processing file /home/airflow/.local/lib/python3.8/site-packages/airflow/example_dags/example_external_task_marker_dag.py for tasks to queue
[2024-04-04T09:57:38.433+0000] {logging_mixin.py:188} INFO - [2024-04-04T09:57:38.433+0000] {dagbag.py:540} INFO - Filling up the DagBag from /home/airflow/.local/lib/python3.8/site-packages/airflow/example_dags/example_external_task_marker_dag.py
[2024-04-04T09:57:38.439+0000] {processor.py:840} INFO - DAG(s) 'example_external_task_marker_parent', 'example_external_task_marker_child' retrieved from /home/airflow/.local/lib/python3.8/site-packages/airflow/example_dags/example_external_task_marker_dag.py
[2024-04-04T09:57:38.466+0000] {logging_mixin.py:188} INFO - [2024-04-04T09:57:38.465+0000] {dag.py:3047} INFO - Sync 2 DAGs
[2024-04-04T09:57:38.479+0000] {logging_mixin.py:188} INFO - [2024-04-04T09:57:38.478+0000] {dag.py:3834} INFO - Setting next_dagrun for example_external_task_marker_child to None, run_after=None
[2024-04-04T09:57:38.484+0000] {logging_mixin.py:188} INFO - [2024-04-04T09:57:38.483+0000] {dag.py:3834} INFO - Setting next_dagrun for example_external_task_marker_parent to None, run_after=None
[2024-04-04T09:57:38.508+0000] {processor.py:183} INFO - Processing /home/airflow/.local/lib/python3.8/site-packages/airflow/example_dags/example_external_task_marker_dag.py took 0.081 seconds
[2024-04-04T09:58:08.626+0000] {processor.py:161} INFO - Started process (PID=2197) to work on /home/airflow/.local/lib/python3.8/site-packages/airflow/example_dags/example_external_task_marker_dag.py
[2024-04-04T09:58:08.627+0000] {processor.py:830} INFO - Processing file /home/airflow/.local/lib/python3.8/site-packages/airflow/example_dags/example_external_task_marker_dag.py for tasks to queue
[2024-04-04T09:58:08.630+0000] {logging_mixin.py:188} INFO - [2024-04-04T09:58:08.630+0000] {dagbag.py:540} INFO - Filling up the DagBag from /home/airflow/.local/lib/python3.8/site-packages/airflow/example_dags/example_external_task_marker_dag.py
[2024-04-04T09:58:08.637+0000] {processor.py:840} INFO - DAG(s) 'example_external_task_marker_parent', 'example_external_task_marker_child' retrieved from /home/airflow/.local/lib/python3.8/site-packages/airflow/example_dags/example_external_task_marker_dag.py
[2024-04-04T09:58:08.665+0000] {logging_mixin.py:188} INFO - [2024-04-04T09:58:08.665+0000] {dag.py:3047} INFO - Sync 2 DAGs
[2024-04-04T09:58:08.678+0000] {logging_mixin.py:188} INFO - [2024-04-04T09:58:08.678+0000] {dag.py:3834} INFO - Setting next_dagrun for example_external_task_marker_child to None, run_after=None
[2024-04-04T09:58:08.682+0000] {logging_mixin.py:188} INFO - [2024-04-04T09:58:08.682+0000] {dag.py:3834} INFO - Setting next_dagrun for example_external_task_marker_parent to None, run_after=None
[2024-04-04T09:58:08.705+0000] {processor.py:183} INFO - Processing /home/airflow/.local/lib/python3.8/site-packages/airflow/example_dags/example_external_task_marker_dag.py took 0.082 seconds
[2024-04-04T09:58:39.047+0000] {processor.py:161} INFO - Started process (PID=2253) to work on /home/airflow/.local/lib/python3.8/site-packages/airflow/example_dags/example_external_task_marker_dag.py
[2024-04-04T09:58:39.049+0000] {processor.py:830} INFO - Processing file /home/airflow/.local/lib/python3.8/site-packages/airflow/example_dags/example_external_task_marker_dag.py for tasks to queue
[2024-04-04T09:58:39.051+0000] {logging_mixin.py:188} INFO - [2024-04-04T09:58:39.050+0000] {dagbag.py:540} INFO - Filling up the DagBag from /home/airflow/.local/lib/python3.8/site-packages/airflow/example_dags/example_external_task_marker_dag.py
[2024-04-04T09:58:39.056+0000] {processor.py:840} INFO - DAG(s) 'example_external_task_marker_parent', 'example_external_task_marker_child' retrieved from /home/airflow/.local/lib/python3.8/site-packages/airflow/example_dags/example_external_task_marker_dag.py
[2024-04-04T09:58:39.082+0000] {logging_mixin.py:188} INFO - [2024-04-04T09:58:39.082+0000] {dag.py:3047} INFO - Sync 2 DAGs
[2024-04-04T09:58:39.094+0000] {logging_mixin.py:188} INFO - [2024-04-04T09:58:39.094+0000] {dag.py:3834} INFO - Setting next_dagrun for example_external_task_marker_child to None, run_after=None
[2024-04-04T09:58:39.099+0000] {logging_mixin.py:188} INFO - [2024-04-04T09:58:39.099+0000] {dag.py:3834} INFO - Setting next_dagrun for example_external_task_marker_parent to None, run_after=None
[2024-04-04T09:58:39.123+0000] {processor.py:183} INFO - Processing /home/airflow/.local/lib/python3.8/site-packages/airflow/example_dags/example_external_task_marker_dag.py took 0.079 seconds
[2024-04-04T09:59:09.525+0000] {processor.py:161} INFO - Started process (PID=2309) to work on /home/airflow/.local/lib/python3.8/site-packages/airflow/example_dags/example_external_task_marker_dag.py
[2024-04-04T09:59:09.527+0000] {processor.py:830} INFO - Processing file /home/airflow/.local/lib/python3.8/site-packages/airflow/example_dags/example_external_task_marker_dag.py for tasks to queue
[2024-04-04T09:59:09.530+0000] {logging_mixin.py:188} INFO - [2024-04-04T09:59:09.529+0000] {dagbag.py:540} INFO - Filling up the DagBag from /home/airflow/.local/lib/python3.8/site-packages/airflow/example_dags/example_external_task_marker_dag.py
[2024-04-04T09:59:09.540+0000] {processor.py:840} INFO - DAG(s) 'example_external_task_marker_child', 'example_external_task_marker_parent' retrieved from /home/airflow/.local/lib/python3.8/site-packages/airflow/example_dags/example_external_task_marker_dag.py
[2024-04-04T09:59:09.594+0000] {logging_mixin.py:188} INFO - [2024-04-04T09:59:09.593+0000] {dag.py:3047} INFO - Sync 2 DAGs
[2024-04-04T09:59:09.621+0000] {logging_mixin.py:188} INFO - [2024-04-04T09:59:09.621+0000] {dag.py:3834} INFO - Setting next_dagrun for example_external_task_marker_child to None, run_after=None
[2024-04-04T09:59:09.630+0000] {logging_mixin.py:188} INFO - [2024-04-04T09:59:09.629+0000] {dag.py:3834} INFO - Setting next_dagrun for example_external_task_marker_parent to None, run_after=None
[2024-04-04T09:59:09.678+0000] {processor.py:183} INFO - Processing /home/airflow/.local/lib/python3.8/site-packages/airflow/example_dags/example_external_task_marker_dag.py took 0.159 seconds
[2024-04-04T09:59:39.811+0000] {processor.py:161} INFO - Started process (PID=2365) to work on /home/airflow/.local/lib/python3.8/site-packages/airflow/example_dags/example_external_task_marker_dag.py
[2024-04-04T09:59:39.813+0000] {processor.py:830} INFO - Processing file /home/airflow/.local/lib/python3.8/site-packages/airflow/example_dags/example_external_task_marker_dag.py for tasks to queue
[2024-04-04T09:59:39.816+0000] {logging_mixin.py:188} INFO - [2024-04-04T09:59:39.815+0000] {dagbag.py:540} INFO - Filling up the DagBag from /home/airflow/.local/lib/python3.8/site-packages/airflow/example_dags/example_external_task_marker_dag.py
[2024-04-04T09:59:39.823+0000] {processor.py:840} INFO - DAG(s) 'example_external_task_marker_child', 'example_external_task_marker_parent' retrieved from /home/airflow/.local/lib/python3.8/site-packages/airflow/example_dags/example_external_task_marker_dag.py
[2024-04-04T09:59:39.856+0000] {logging_mixin.py:188} INFO - [2024-04-04T09:59:39.855+0000] {dag.py:3047} INFO - Sync 2 DAGs
[2024-04-04T09:59:39.869+0000] {logging_mixin.py:188} INFO - [2024-04-04T09:59:39.869+0000] {dag.py:3834} INFO - Setting next_dagrun for example_external_task_marker_child to None, run_after=None
[2024-04-04T09:59:39.874+0000] {logging_mixin.py:188} INFO - [2024-04-04T09:59:39.874+0000] {dag.py:3834} INFO - Setting next_dagrun for example_external_task_marker_parent to None, run_after=None
[2024-04-04T09:59:39.896+0000] {processor.py:183} INFO - Processing /home/airflow/.local/lib/python3.8/site-packages/airflow/example_dags/example_external_task_marker_dag.py took 0.089 seconds
[2024-04-04T10:00:10.256+0000] {processor.py:161} INFO - Started process (PID=2421) to work on /home/airflow/.local/lib/python3.8/site-packages/airflow/example_dags/example_external_task_marker_dag.py
[2024-04-04T10:00:10.257+0000] {processor.py:830} INFO - Processing file /home/airflow/.local/lib/python3.8/site-packages/airflow/example_dags/example_external_task_marker_dag.py for tasks to queue
[2024-04-04T10:00:10.259+0000] {logging_mixin.py:188} INFO - [2024-04-04T10:00:10.259+0000] {dagbag.py:540} INFO - Filling up the DagBag from /home/airflow/.local/lib/python3.8/site-packages/airflow/example_dags/example_external_task_marker_dag.py
[2024-04-04T10:00:10.266+0000] {processor.py:840} INFO - DAG(s) 'example_external_task_marker_parent', 'example_external_task_marker_child' retrieved from /home/airflow/.local/lib/python3.8/site-packages/airflow/example_dags/example_external_task_marker_dag.py
[2024-04-04T10:00:10.297+0000] {logging_mixin.py:188} INFO - [2024-04-04T10:00:10.296+0000] {dag.py:3047} INFO - Sync 2 DAGs
[2024-04-04T10:00:10.311+0000] {logging_mixin.py:188} INFO - [2024-04-04T10:00:10.311+0000] {dag.py:3834} INFO - Setting next_dagrun for example_external_task_marker_child to None, run_after=None
[2024-04-04T10:00:10.317+0000] {logging_mixin.py:188} INFO - [2024-04-04T10:00:10.316+0000] {dag.py:3834} INFO - Setting next_dagrun for example_external_task_marker_parent to None, run_after=None
[2024-04-04T10:00:10.339+0000] {processor.py:183} INFO - Processing /home/airflow/.local/lib/python3.8/site-packages/airflow/example_dags/example_external_task_marker_dag.py took 0.085 seconds
[2024-04-04T10:00:40.495+0000] {processor.py:161} INFO - Started process (PID=2475) to work on /home/airflow/.local/lib/python3.8/site-packages/airflow/example_dags/example_external_task_marker_dag.py
[2024-04-04T10:00:40.497+0000] {processor.py:830} INFO - Processing file /home/airflow/.local/lib/python3.8/site-packages/airflow/example_dags/example_external_task_marker_dag.py for tasks to queue
[2024-04-04T10:00:40.499+0000] {logging_mixin.py:188} INFO - [2024-04-04T10:00:40.499+0000] {dagbag.py:540} INFO - Filling up the DagBag from /home/airflow/.local/lib/python3.8/site-packages/airflow/example_dags/example_external_task_marker_dag.py
[2024-04-04T10:00:40.506+0000] {processor.py:840} INFO - DAG(s) 'example_external_task_marker_child', 'example_external_task_marker_parent' retrieved from /home/airflow/.local/lib/python3.8/site-packages/airflow/example_dags/example_external_task_marker_dag.py
[2024-04-04T10:00:40.535+0000] {logging_mixin.py:188} INFO - [2024-04-04T10:00:40.535+0000] {dag.py:3047} INFO - Sync 2 DAGs
[2024-04-04T10:00:40.552+0000] {logging_mixin.py:188} INFO - [2024-04-04T10:00:40.552+0000] {dag.py:3834} INFO - Setting next_dagrun for example_external_task_marker_child to None, run_after=None
[2024-04-04T10:00:40.557+0000] {logging_mixin.py:188} INFO - [2024-04-04T10:00:40.557+0000] {dag.py:3834} INFO - Setting next_dagrun for example_external_task_marker_parent to None, run_after=None
[2024-04-04T10:00:40.587+0000] {processor.py:183} INFO - Processing /home/airflow/.local/lib/python3.8/site-packages/airflow/example_dags/example_external_task_marker_dag.py took 0.096 seconds
[2024-04-04T10:01:10.672+0000] {processor.py:161} INFO - Started process (PID=2533) to work on /home/airflow/.local/lib/python3.8/site-packages/airflow/example_dags/example_external_task_marker_dag.py
[2024-04-04T10:01:10.675+0000] {processor.py:830} INFO - Processing file /home/airflow/.local/lib/python3.8/site-packages/airflow/example_dags/example_external_task_marker_dag.py for tasks to queue
[2024-04-04T10:01:10.680+0000] {logging_mixin.py:188} INFO - [2024-04-04T10:01:10.679+0000] {dagbag.py:540} INFO - Filling up the DagBag from /home/airflow/.local/lib/python3.8/site-packages/airflow/example_dags/example_external_task_marker_dag.py
[2024-04-04T10:01:10.694+0000] {processor.py:840} INFO - DAG(s) 'example_external_task_marker_parent', 'example_external_task_marker_child' retrieved from /home/airflow/.local/lib/python3.8/site-packages/airflow/example_dags/example_external_task_marker_dag.py
[2024-04-04T10:01:10.761+0000] {logging_mixin.py:188} INFO - [2024-04-04T10:01:10.761+0000] {dag.py:3047} INFO - Sync 2 DAGs
[2024-04-04T10:01:10.795+0000] {logging_mixin.py:188} INFO - [2024-04-04T10:01:10.795+0000] {dag.py:3834} INFO - Setting next_dagrun for example_external_task_marker_child to None, run_after=None
[2024-04-04T10:01:10.802+0000] {logging_mixin.py:188} INFO - [2024-04-04T10:01:10.801+0000] {dag.py:3834} INFO - Setting next_dagrun for example_external_task_marker_parent to None, run_after=None
[2024-04-04T10:01:10.839+0000] {processor.py:183} INFO - Processing /home/airflow/.local/lib/python3.8/site-packages/airflow/example_dags/example_external_task_marker_dag.py took 0.172 seconds
[2024-04-04T10:01:40.934+0000] {processor.py:161} INFO - Started process (PID=2589) to work on /home/airflow/.local/lib/python3.8/site-packages/airflow/example_dags/example_external_task_marker_dag.py
[2024-04-04T10:01:40.935+0000] {processor.py:830} INFO - Processing file /home/airflow/.local/lib/python3.8/site-packages/airflow/example_dags/example_external_task_marker_dag.py for tasks to queue
[2024-04-04T10:01:40.938+0000] {logging_mixin.py:188} INFO - [2024-04-04T10:01:40.937+0000] {dagbag.py:540} INFO - Filling up the DagBag from /home/airflow/.local/lib/python3.8/site-packages/airflow/example_dags/example_external_task_marker_dag.py
[2024-04-04T10:01:40.944+0000] {processor.py:840} INFO - DAG(s) 'example_external_task_marker_parent', 'example_external_task_marker_child' retrieved from /home/airflow/.local/lib/python3.8/site-packages/airflow/example_dags/example_external_task_marker_dag.py
[2024-04-04T10:01:40.973+0000] {logging_mixin.py:188} INFO - [2024-04-04T10:01:40.973+0000] {dag.py:3047} INFO - Sync 2 DAGs
[2024-04-04T10:01:40.986+0000] {logging_mixin.py:188} INFO - [2024-04-04T10:01:40.985+0000] {dag.py:3834} INFO - Setting next_dagrun for example_external_task_marker_child to None, run_after=None
[2024-04-04T10:01:40.991+0000] {logging_mixin.py:188} INFO - [2024-04-04T10:01:40.990+0000] {dag.py:3834} INFO - Setting next_dagrun for example_external_task_marker_parent to None, run_after=None
[2024-04-04T10:01:41.013+0000] {processor.py:183} INFO - Processing /home/airflow/.local/lib/python3.8/site-packages/airflow/example_dags/example_external_task_marker_dag.py took 0.082 seconds
[2024-04-04T10:02:11.138+0000] {processor.py:161} INFO - Started process (PID=2645) to work on /home/airflow/.local/lib/python3.8/site-packages/airflow/example_dags/example_external_task_marker_dag.py
[2024-04-04T10:02:11.140+0000] {processor.py:830} INFO - Processing file /home/airflow/.local/lib/python3.8/site-packages/airflow/example_dags/example_external_task_marker_dag.py for tasks to queue
[2024-04-04T10:02:11.150+0000] {logging_mixin.py:188} INFO - [2024-04-04T10:02:11.149+0000] {dagbag.py:540} INFO - Filling up the DagBag from /home/airflow/.local/lib/python3.8/site-packages/airflow/example_dags/example_external_task_marker_dag.py
[2024-04-04T10:02:11.174+0000] {processor.py:840} INFO - DAG(s) 'example_external_task_marker_child', 'example_external_task_marker_parent' retrieved from /home/airflow/.local/lib/python3.8/site-packages/airflow/example_dags/example_external_task_marker_dag.py
[2024-04-04T10:02:11.239+0000] {logging_mixin.py:188} INFO - [2024-04-04T10:02:11.239+0000] {dag.py:3047} INFO - Sync 2 DAGs
[2024-04-04T10:02:11.270+0000] {logging_mixin.py:188} INFO - [2024-04-04T10:02:11.270+0000] {dag.py:3834} INFO - Setting next_dagrun for example_external_task_marker_child to None, run_after=None
[2024-04-04T10:02:11.285+0000] {logging_mixin.py:188} INFO - [2024-04-04T10:02:11.284+0000] {dag.py:3834} INFO - Setting next_dagrun for example_external_task_marker_parent to None, run_after=None
[2024-04-04T10:02:11.349+0000] {processor.py:183} INFO - Processing /home/airflow/.local/lib/python3.8/site-packages/airflow/example_dags/example_external_task_marker_dag.py took 0.218 seconds
[2024-04-04T10:02:41.827+0000] {processor.py:161} INFO - Started process (PID=2701) to work on /home/airflow/.local/lib/python3.8/site-packages/airflow/example_dags/example_external_task_marker_dag.py
[2024-04-04T10:02:41.829+0000] {processor.py:830} INFO - Processing file /home/airflow/.local/lib/python3.8/site-packages/airflow/example_dags/example_external_task_marker_dag.py for tasks to queue
[2024-04-04T10:02:41.832+0000] {logging_mixin.py:188} INFO - [2024-04-04T10:02:41.831+0000] {dagbag.py:540} INFO - Filling up the DagBag from /home/airflow/.local/lib/python3.8/site-packages/airflow/example_dags/example_external_task_marker_dag.py
[2024-04-04T10:02:41.840+0000] {processor.py:840} INFO - DAG(s) 'example_external_task_marker_parent', 'example_external_task_marker_child' retrieved from /home/airflow/.local/lib/python3.8/site-packages/airflow/example_dags/example_external_task_marker_dag.py
[2024-04-04T10:02:41.873+0000] {logging_mixin.py:188} INFO - [2024-04-04T10:02:41.873+0000] {dag.py:3047} INFO - Sync 2 DAGs
[2024-04-04T10:02:41.886+0000] {logging_mixin.py:188} INFO - [2024-04-04T10:02:41.886+0000] {dag.py:3834} INFO - Setting next_dagrun for example_external_task_marker_child to None, run_after=None
[2024-04-04T10:02:41.891+0000] {logging_mixin.py:188} INFO - [2024-04-04T10:02:41.891+0000] {dag.py:3834} INFO - Setting next_dagrun for example_external_task_marker_parent to None, run_after=None
[2024-04-04T10:02:41.917+0000] {processor.py:183} INFO - Processing /home/airflow/.local/lib/python3.8/site-packages/airflow/example_dags/example_external_task_marker_dag.py took 0.094 seconds
[2024-04-04T10:03:12.415+0000] {processor.py:161} INFO - Started process (PID=2757) to work on /home/airflow/.local/lib/python3.8/site-packages/airflow/example_dags/example_external_task_marker_dag.py
[2024-04-04T10:03:12.416+0000] {processor.py:830} INFO - Processing file /home/airflow/.local/lib/python3.8/site-packages/airflow/example_dags/example_external_task_marker_dag.py for tasks to queue
[2024-04-04T10:03:12.418+0000] {logging_mixin.py:188} INFO - [2024-04-04T10:03:12.418+0000] {dagbag.py:540} INFO - Filling up the DagBag from /home/airflow/.local/lib/python3.8/site-packages/airflow/example_dags/example_external_task_marker_dag.py
[2024-04-04T10:03:12.424+0000] {processor.py:840} INFO - DAG(s) 'example_external_task_marker_child', 'example_external_task_marker_parent' retrieved from /home/airflow/.local/lib/python3.8/site-packages/airflow/example_dags/example_external_task_marker_dag.py
[2024-04-04T10:03:12.452+0000] {logging_mixin.py:188} INFO - [2024-04-04T10:03:12.452+0000] {dag.py:3047} INFO - Sync 2 DAGs
[2024-04-04T10:03:12.466+0000] {logging_mixin.py:188} INFO - [2024-04-04T10:03:12.465+0000] {dag.py:3834} INFO - Setting next_dagrun for example_external_task_marker_child to None, run_after=None
[2024-04-04T10:03:12.470+0000] {logging_mixin.py:188} INFO - [2024-04-04T10:03:12.470+0000] {dag.py:3834} INFO - Setting next_dagrun for example_external_task_marker_parent to None, run_after=None
[2024-04-04T10:03:12.494+0000] {processor.py:183} INFO - Processing /home/airflow/.local/lib/python3.8/site-packages/airflow/example_dags/example_external_task_marker_dag.py took 0.081 seconds
