[2024-04-04T09:38:53.524+0000] {processor.py:161} INFO - Started process (PID=59) to work on /home/airflow/.local/lib/python3.8/site-packages/airflow/example_dags/example_sla_dag.py
[2024-04-04T09:38:53.526+0000] {processor.py:830} INFO - Processing file /home/airflow/.local/lib/python3.8/site-packages/airflow/example_dags/example_sla_dag.py for tasks to queue
[2024-04-04T09:38:53.531+0000] {logging_mixin.py:188} INFO - [2024-04-04T09:38:53.530+0000] {dagbag.py:540} INFO - Filling up the DagBag from /home/airflow/.local/lib/python3.8/site-packages/airflow/example_dags/example_sla_dag.py
[2024-04-04T09:38:53.544+0000] {processor.py:840} INFO - DAG(s) 'example_sla_dag' retrieved from /home/airflow/.local/lib/python3.8/site-packages/airflow/example_dags/example_sla_dag.py
[2024-04-04T09:38:53.732+0000] {logging_mixin.py:188} INFO - [2024-04-04T09:38:53.731+0000] {dag.py:3047} INFO - Sync 1 DAGs
[2024-04-04T09:38:53.764+0000] {logging_mixin.py:188} INFO - [2024-04-04T09:38:53.764+0000] {dag.py:3834} INFO - Setting next_dagrun for example_sla_dag to 2024-04-04 09:36:00+00:00, run_after=2024-04-04 09:38:00+00:00
[2024-04-04T09:38:53.798+0000] {processor.py:183} INFO - Processing /home/airflow/.local/lib/python3.8/site-packages/airflow/example_dags/example_sla_dag.py took 0.278 seconds
[2024-04-04T09:39:24.520+0000] {processor.py:161} INFO - Started process (PID=115) to work on /home/airflow/.local/lib/python3.8/site-packages/airflow/example_dags/example_sla_dag.py
[2024-04-04T09:39:24.521+0000] {processor.py:830} INFO - Processing file /home/airflow/.local/lib/python3.8/site-packages/airflow/example_dags/example_sla_dag.py for tasks to queue
[2024-04-04T09:39:24.523+0000] {logging_mixin.py:188} INFO - [2024-04-04T09:39:24.523+0000] {dagbag.py:540} INFO - Filling up the DagBag from /home/airflow/.local/lib/python3.8/site-packages/airflow/example_dags/example_sla_dag.py
[2024-04-04T09:39:24.534+0000] {processor.py:840} INFO - DAG(s) 'example_sla_dag' retrieved from /home/airflow/.local/lib/python3.8/site-packages/airflow/example_dags/example_sla_dag.py
[2024-04-04T09:39:24.556+0000] {logging_mixin.py:188} INFO - [2024-04-04T09:39:24.556+0000] {dag.py:3047} INFO - Sync 1 DAGs
[2024-04-04T09:39:24.583+0000] {logging_mixin.py:188} INFO - [2024-04-04T09:39:24.583+0000] {dag.py:3834} INFO - Setting next_dagrun for example_sla_dag to 2024-04-04 09:36:00+00:00, run_after=2024-04-04 09:38:00+00:00
[2024-04-04T09:39:24.608+0000] {processor.py:183} INFO - Processing /home/airflow/.local/lib/python3.8/site-packages/airflow/example_dags/example_sla_dag.py took 0.092 seconds
[2024-04-04T09:39:54.914+0000] {processor.py:161} INFO - Started process (PID=171) to work on /home/airflow/.local/lib/python3.8/site-packages/airflow/example_dags/example_sla_dag.py
[2024-04-04T09:39:54.916+0000] {processor.py:830} INFO - Processing file /home/airflow/.local/lib/python3.8/site-packages/airflow/example_dags/example_sla_dag.py for tasks to queue
[2024-04-04T09:39:54.919+0000] {logging_mixin.py:188} INFO - [2024-04-04T09:39:54.918+0000] {dagbag.py:540} INFO - Filling up the DagBag from /home/airflow/.local/lib/python3.8/site-packages/airflow/example_dags/example_sla_dag.py
[2024-04-04T09:39:54.929+0000] {processor.py:840} INFO - DAG(s) 'example_sla_dag' retrieved from /home/airflow/.local/lib/python3.8/site-packages/airflow/example_dags/example_sla_dag.py
[2024-04-04T09:39:54.950+0000] {logging_mixin.py:188} INFO - [2024-04-04T09:39:54.949+0000] {dag.py:3047} INFO - Sync 1 DAGs
[2024-04-04T09:39:54.977+0000] {logging_mixin.py:188} INFO - [2024-04-04T09:39:54.977+0000] {dag.py:3834} INFO - Setting next_dagrun for example_sla_dag to 2024-04-04 09:36:00+00:00, run_after=2024-04-04 09:38:00+00:00
[2024-04-04T09:39:55.003+0000] {processor.py:183} INFO - Processing /home/airflow/.local/lib/python3.8/site-packages/airflow/example_dags/example_sla_dag.py took 0.091 seconds
[2024-04-04T09:40:25.504+0000] {processor.py:161} INFO - Started process (PID=227) to work on /home/airflow/.local/lib/python3.8/site-packages/airflow/example_dags/example_sla_dag.py
[2024-04-04T09:40:25.506+0000] {processor.py:830} INFO - Processing file /home/airflow/.local/lib/python3.8/site-packages/airflow/example_dags/example_sla_dag.py for tasks to queue
[2024-04-04T09:40:25.508+0000] {logging_mixin.py:188} INFO - [2024-04-04T09:40:25.507+0000] {dagbag.py:540} INFO - Filling up the DagBag from /home/airflow/.local/lib/python3.8/site-packages/airflow/example_dags/example_sla_dag.py
[2024-04-04T09:40:25.516+0000] {processor.py:840} INFO - DAG(s) 'example_sla_dag' retrieved from /home/airflow/.local/lib/python3.8/site-packages/airflow/example_dags/example_sla_dag.py
[2024-04-04T09:40:25.538+0000] {logging_mixin.py:188} INFO - [2024-04-04T09:40:25.538+0000] {dag.py:3047} INFO - Sync 1 DAGs
[2024-04-04T09:40:25.567+0000] {logging_mixin.py:188} INFO - [2024-04-04T09:40:25.566+0000] {dag.py:3834} INFO - Setting next_dagrun for example_sla_dag to 2024-04-04 09:38:00+00:00, run_after=2024-04-04 09:40:00+00:00
[2024-04-04T09:40:25.594+0000] {processor.py:183} INFO - Processing /home/airflow/.local/lib/python3.8/site-packages/airflow/example_dags/example_sla_dag.py took 0.093 seconds
[2024-04-04T09:40:55.789+0000] {processor.py:161} INFO - Started process (PID=283) to work on /home/airflow/.local/lib/python3.8/site-packages/airflow/example_dags/example_sla_dag.py
[2024-04-04T09:40:55.790+0000] {processor.py:830} INFO - Processing file /home/airflow/.local/lib/python3.8/site-packages/airflow/example_dags/example_sla_dag.py for tasks to queue
[2024-04-04T09:40:55.792+0000] {logging_mixin.py:188} INFO - [2024-04-04T09:40:55.792+0000] {dagbag.py:540} INFO - Filling up the DagBag from /home/airflow/.local/lib/python3.8/site-packages/airflow/example_dags/example_sla_dag.py
[2024-04-04T09:40:55.802+0000] {processor.py:840} INFO - DAG(s) 'example_sla_dag' retrieved from /home/airflow/.local/lib/python3.8/site-packages/airflow/example_dags/example_sla_dag.py
[2024-04-04T09:40:55.824+0000] {logging_mixin.py:188} INFO - [2024-04-04T09:40:55.823+0000] {dag.py:3047} INFO - Sync 1 DAGs
[2024-04-04T09:40:55.852+0000] {logging_mixin.py:188} INFO - [2024-04-04T09:40:55.852+0000] {dag.py:3834} INFO - Setting next_dagrun for example_sla_dag to 2024-04-04 09:38:00+00:00, run_after=2024-04-04 09:40:00+00:00
[2024-04-04T09:40:55.880+0000] {processor.py:183} INFO - Processing /home/airflow/.local/lib/python3.8/site-packages/airflow/example_dags/example_sla_dag.py took 0.094 seconds
[2024-04-04T09:41:26.357+0000] {processor.py:161} INFO - Started process (PID=339) to work on /home/airflow/.local/lib/python3.8/site-packages/airflow/example_dags/example_sla_dag.py
[2024-04-04T09:41:26.359+0000] {processor.py:830} INFO - Processing file /home/airflow/.local/lib/python3.8/site-packages/airflow/example_dags/example_sla_dag.py for tasks to queue
[2024-04-04T09:41:26.360+0000] {logging_mixin.py:188} INFO - [2024-04-04T09:41:26.360+0000] {dagbag.py:540} INFO - Filling up the DagBag from /home/airflow/.local/lib/python3.8/site-packages/airflow/example_dags/example_sla_dag.py
[2024-04-04T09:41:26.369+0000] {processor.py:840} INFO - DAG(s) 'example_sla_dag' retrieved from /home/airflow/.local/lib/python3.8/site-packages/airflow/example_dags/example_sla_dag.py
[2024-04-04T09:41:26.391+0000] {logging_mixin.py:188} INFO - [2024-04-04T09:41:26.391+0000] {dag.py:3047} INFO - Sync 1 DAGs
[2024-04-04T09:41:26.419+0000] {logging_mixin.py:188} INFO - [2024-04-04T09:41:26.419+0000] {dag.py:3834} INFO - Setting next_dagrun for example_sla_dag to 2024-04-04 09:38:00+00:00, run_after=2024-04-04 09:40:00+00:00
[2024-04-04T09:41:26.444+0000] {processor.py:183} INFO - Processing /home/airflow/.local/lib/python3.8/site-packages/airflow/example_dags/example_sla_dag.py took 0.089 seconds
[2024-04-04T09:41:56.589+0000] {processor.py:161} INFO - Started process (PID=395) to work on /home/airflow/.local/lib/python3.8/site-packages/airflow/example_dags/example_sla_dag.py
[2024-04-04T09:41:56.591+0000] {processor.py:830} INFO - Processing file /home/airflow/.local/lib/python3.8/site-packages/airflow/example_dags/example_sla_dag.py for tasks to queue
[2024-04-04T09:41:56.593+0000] {logging_mixin.py:188} INFO - [2024-04-04T09:41:56.593+0000] {dagbag.py:540} INFO - Filling up the DagBag from /home/airflow/.local/lib/python3.8/site-packages/airflow/example_dags/example_sla_dag.py
[2024-04-04T09:41:56.604+0000] {processor.py:840} INFO - DAG(s) 'example_sla_dag' retrieved from /home/airflow/.local/lib/python3.8/site-packages/airflow/example_dags/example_sla_dag.py
[2024-04-04T09:41:56.631+0000] {logging_mixin.py:188} INFO - [2024-04-04T09:41:56.631+0000] {dag.py:3047} INFO - Sync 1 DAGs
[2024-04-04T09:41:56.673+0000] {logging_mixin.py:188} INFO - [2024-04-04T09:41:56.672+0000] {dag.py:3834} INFO - Setting next_dagrun for example_sla_dag to 2024-04-04 09:38:00+00:00, run_after=2024-04-04 09:40:00+00:00
[2024-04-04T09:41:56.706+0000] {processor.py:183} INFO - Processing /home/airflow/.local/lib/python3.8/site-packages/airflow/example_dags/example_sla_dag.py took 0.120 seconds
[2024-04-04T09:42:26.871+0000] {processor.py:161} INFO - Started process (PID=457) to work on /home/airflow/.local/lib/python3.8/site-packages/airflow/example_dags/example_sla_dag.py
[2024-04-04T09:42:26.872+0000] {processor.py:830} INFO - Processing file /home/airflow/.local/lib/python3.8/site-packages/airflow/example_dags/example_sla_dag.py for tasks to queue
[2024-04-04T09:42:26.875+0000] {logging_mixin.py:188} INFO - [2024-04-04T09:42:26.875+0000] {dagbag.py:540} INFO - Filling up the DagBag from /home/airflow/.local/lib/python3.8/site-packages/airflow/example_dags/example_sla_dag.py
[2024-04-04T09:42:26.885+0000] {processor.py:840} INFO - DAG(s) 'example_sla_dag' retrieved from /home/airflow/.local/lib/python3.8/site-packages/airflow/example_dags/example_sla_dag.py
[2024-04-04T09:42:26.910+0000] {logging_mixin.py:188} INFO - [2024-04-04T09:42:26.909+0000] {dag.py:3047} INFO - Sync 1 DAGs
[2024-04-04T09:42:26.936+0000] {logging_mixin.py:188} INFO - [2024-04-04T09:42:26.935+0000] {dag.py:3834} INFO - Setting next_dagrun for example_sla_dag to 2024-04-04 09:40:00+00:00, run_after=2024-04-04 09:42:00+00:00
[2024-04-04T09:42:26.963+0000] {processor.py:183} INFO - Processing /home/airflow/.local/lib/python3.8/site-packages/airflow/example_dags/example_sla_dag.py took 0.094 seconds
[2024-04-04T09:42:57.886+0000] {processor.py:161} INFO - Started process (PID=513) to work on /home/airflow/.local/lib/python3.8/site-packages/airflow/example_dags/example_sla_dag.py
[2024-04-04T09:42:57.887+0000] {processor.py:830} INFO - Processing file /home/airflow/.local/lib/python3.8/site-packages/airflow/example_dags/example_sla_dag.py for tasks to queue
[2024-04-04T09:42:57.889+0000] {logging_mixin.py:188} INFO - [2024-04-04T09:42:57.888+0000] {dagbag.py:540} INFO - Filling up the DagBag from /home/airflow/.local/lib/python3.8/site-packages/airflow/example_dags/example_sla_dag.py
[2024-04-04T09:42:57.897+0000] {processor.py:840} INFO - DAG(s) 'example_sla_dag' retrieved from /home/airflow/.local/lib/python3.8/site-packages/airflow/example_dags/example_sla_dag.py
[2024-04-04T09:42:57.919+0000] {logging_mixin.py:188} INFO - [2024-04-04T09:42:57.919+0000] {dag.py:3047} INFO - Sync 1 DAGs
[2024-04-04T09:42:57.957+0000] {logging_mixin.py:188} INFO - [2024-04-04T09:42:57.956+0000] {dag.py:3834} INFO - Setting next_dagrun for example_sla_dag to 2024-04-04 09:40:00+00:00, run_after=2024-04-04 09:42:00+00:00
[2024-04-04T09:42:57.985+0000] {processor.py:183} INFO - Processing /home/airflow/.local/lib/python3.8/site-packages/airflow/example_dags/example_sla_dag.py took 0.102 seconds
[2024-04-04T09:43:28.552+0000] {processor.py:161} INFO - Started process (PID=575) to work on /home/airflow/.local/lib/python3.8/site-packages/airflow/example_dags/example_sla_dag.py
[2024-04-04T09:43:28.553+0000] {processor.py:830} INFO - Processing file /home/airflow/.local/lib/python3.8/site-packages/airflow/example_dags/example_sla_dag.py for tasks to queue
[2024-04-04T09:43:28.556+0000] {logging_mixin.py:188} INFO - [2024-04-04T09:43:28.556+0000] {dagbag.py:540} INFO - Filling up the DagBag from /home/airflow/.local/lib/python3.8/site-packages/airflow/example_dags/example_sla_dag.py
[2024-04-04T09:43:28.566+0000] {processor.py:840} INFO - DAG(s) 'example_sla_dag' retrieved from /home/airflow/.local/lib/python3.8/site-packages/airflow/example_dags/example_sla_dag.py
[2024-04-04T09:43:28.590+0000] {logging_mixin.py:188} INFO - [2024-04-04T09:43:28.590+0000] {dag.py:3047} INFO - Sync 1 DAGs
[2024-04-04T09:43:28.625+0000] {logging_mixin.py:188} INFO - [2024-04-04T09:43:28.624+0000] {dag.py:3834} INFO - Setting next_dagrun for example_sla_dag to 2024-04-04 09:40:00+00:00, run_after=2024-04-04 09:42:00+00:00
[2024-04-04T09:43:28.654+0000] {processor.py:183} INFO - Processing /home/airflow/.local/lib/python3.8/site-packages/airflow/example_dags/example_sla_dag.py took 0.104 seconds
[2024-04-04T09:43:58.784+0000] {processor.py:161} INFO - Started process (PID=631) to work on /home/airflow/.local/lib/python3.8/site-packages/airflow/example_dags/example_sla_dag.py
[2024-04-04T09:43:58.786+0000] {processor.py:830} INFO - Processing file /home/airflow/.local/lib/python3.8/site-packages/airflow/example_dags/example_sla_dag.py for tasks to queue
[2024-04-04T09:43:58.789+0000] {logging_mixin.py:188} INFO - [2024-04-04T09:43:58.788+0000] {dagbag.py:540} INFO - Filling up the DagBag from /home/airflow/.local/lib/python3.8/site-packages/airflow/example_dags/example_sla_dag.py
[2024-04-04T09:43:58.799+0000] {processor.py:840} INFO - DAG(s) 'example_sla_dag' retrieved from /home/airflow/.local/lib/python3.8/site-packages/airflow/example_dags/example_sla_dag.py
[2024-04-04T09:43:58.823+0000] {logging_mixin.py:188} INFO - [2024-04-04T09:43:58.823+0000] {dag.py:3047} INFO - Sync 1 DAGs
[2024-04-04T09:43:58.852+0000] {logging_mixin.py:188} INFO - [2024-04-04T09:43:58.852+0000] {dag.py:3834} INFO - Setting next_dagrun for example_sla_dag to 2024-04-04 09:40:00+00:00, run_after=2024-04-04 09:42:00+00:00
[2024-04-04T09:43:58.878+0000] {processor.py:183} INFO - Processing /home/airflow/.local/lib/python3.8/site-packages/airflow/example_dags/example_sla_dag.py took 0.098 seconds
[2024-04-04T09:44:29.323+0000] {processor.py:161} INFO - Started process (PID=687) to work on /home/airflow/.local/lib/python3.8/site-packages/airflow/example_dags/example_sla_dag.py
[2024-04-04T09:44:29.324+0000] {processor.py:830} INFO - Processing file /home/airflow/.local/lib/python3.8/site-packages/airflow/example_dags/example_sla_dag.py for tasks to queue
[2024-04-04T09:44:29.326+0000] {logging_mixin.py:188} INFO - [2024-04-04T09:44:29.326+0000] {dagbag.py:540} INFO - Filling up the DagBag from /home/airflow/.local/lib/python3.8/site-packages/airflow/example_dags/example_sla_dag.py
[2024-04-04T09:44:29.336+0000] {processor.py:840} INFO - DAG(s) 'example_sla_dag' retrieved from /home/airflow/.local/lib/python3.8/site-packages/airflow/example_dags/example_sla_dag.py
[2024-04-04T09:44:29.362+0000] {logging_mixin.py:188} INFO - [2024-04-04T09:44:29.361+0000] {dag.py:3047} INFO - Sync 1 DAGs
[2024-04-04T09:44:29.398+0000] {logging_mixin.py:188} INFO - [2024-04-04T09:44:29.397+0000] {dag.py:3834} INFO - Setting next_dagrun for example_sla_dag to 2024-04-04 09:42:00+00:00, run_after=2024-04-04 09:44:00+00:00
[2024-04-04T09:44:29.426+0000] {processor.py:183} INFO - Processing /home/airflow/.local/lib/python3.8/site-packages/airflow/example_dags/example_sla_dag.py took 0.106 seconds
[2024-04-04T09:44:59.614+0000] {processor.py:161} INFO - Started process (PID=743) to work on /home/airflow/.local/lib/python3.8/site-packages/airflow/example_dags/example_sla_dag.py
[2024-04-04T09:44:59.615+0000] {processor.py:830} INFO - Processing file /home/airflow/.local/lib/python3.8/site-packages/airflow/example_dags/example_sla_dag.py for tasks to queue
[2024-04-04T09:44:59.617+0000] {logging_mixin.py:188} INFO - [2024-04-04T09:44:59.617+0000] {dagbag.py:540} INFO - Filling up the DagBag from /home/airflow/.local/lib/python3.8/site-packages/airflow/example_dags/example_sla_dag.py
[2024-04-04T09:44:59.625+0000] {processor.py:840} INFO - DAG(s) 'example_sla_dag' retrieved from /home/airflow/.local/lib/python3.8/site-packages/airflow/example_dags/example_sla_dag.py
[2024-04-04T09:44:59.652+0000] {logging_mixin.py:188} INFO - [2024-04-04T09:44:59.652+0000] {dag.py:3047} INFO - Sync 1 DAGs
[2024-04-04T09:44:59.681+0000] {logging_mixin.py:188} INFO - [2024-04-04T09:44:59.681+0000] {dag.py:3834} INFO - Setting next_dagrun for example_sla_dag to 2024-04-04 09:42:00+00:00, run_after=2024-04-04 09:44:00+00:00
[2024-04-04T09:44:59.707+0000] {processor.py:183} INFO - Processing /home/airflow/.local/lib/python3.8/site-packages/airflow/example_dags/example_sla_dag.py took 0.096 seconds
[2024-04-04T09:45:30.557+0000] {processor.py:161} INFO - Started process (PID=799) to work on /home/airflow/.local/lib/python3.8/site-packages/airflow/example_dags/example_sla_dag.py
[2024-04-04T09:45:30.559+0000] {processor.py:830} INFO - Processing file /home/airflow/.local/lib/python3.8/site-packages/airflow/example_dags/example_sla_dag.py for tasks to queue
[2024-04-04T09:45:30.562+0000] {logging_mixin.py:188} INFO - [2024-04-04T09:45:30.561+0000] {dagbag.py:540} INFO - Filling up the DagBag from /home/airflow/.local/lib/python3.8/site-packages/airflow/example_dags/example_sla_dag.py
[2024-04-04T09:45:30.574+0000] {processor.py:840} INFO - DAG(s) 'example_sla_dag' retrieved from /home/airflow/.local/lib/python3.8/site-packages/airflow/example_dags/example_sla_dag.py
[2024-04-04T09:45:30.605+0000] {logging_mixin.py:188} INFO - [2024-04-04T09:45:30.604+0000] {dag.py:3047} INFO - Sync 1 DAGs
[2024-04-04T09:45:30.650+0000] {logging_mixin.py:188} INFO - [2024-04-04T09:45:30.649+0000] {dag.py:3834} INFO - Setting next_dagrun for example_sla_dag to 2024-04-04 09:42:00+00:00, run_after=2024-04-04 09:44:00+00:00
[2024-04-04T09:45:30.695+0000] {processor.py:183} INFO - Processing /home/airflow/.local/lib/python3.8/site-packages/airflow/example_dags/example_sla_dag.py took 0.143 seconds
[2024-04-04T09:46:01.296+0000] {processor.py:161} INFO - Started process (PID=855) to work on /home/airflow/.local/lib/python3.8/site-packages/airflow/example_dags/example_sla_dag.py
[2024-04-04T09:46:01.300+0000] {processor.py:830} INFO - Processing file /home/airflow/.local/lib/python3.8/site-packages/airflow/example_dags/example_sla_dag.py for tasks to queue
[2024-04-04T09:46:01.305+0000] {logging_mixin.py:188} INFO - [2024-04-04T09:46:01.304+0000] {dagbag.py:540} INFO - Filling up the DagBag from /home/airflow/.local/lib/python3.8/site-packages/airflow/example_dags/example_sla_dag.py
[2024-04-04T09:46:01.319+0000] {processor.py:840} INFO - DAG(s) 'example_sla_dag' retrieved from /home/airflow/.local/lib/python3.8/site-packages/airflow/example_dags/example_sla_dag.py
[2024-04-04T09:46:01.355+0000] {logging_mixin.py:188} INFO - [2024-04-04T09:46:01.354+0000] {dag.py:3047} INFO - Sync 1 DAGs
[2024-04-04T09:46:01.387+0000] {logging_mixin.py:188} INFO - [2024-04-04T09:46:01.387+0000] {dag.py:3834} INFO - Setting next_dagrun for example_sla_dag to 2024-04-04 09:44:00+00:00, run_after=2024-04-04 09:46:00+00:00
[2024-04-04T09:46:01.423+0000] {processor.py:183} INFO - Processing /home/airflow/.local/lib/python3.8/site-packages/airflow/example_dags/example_sla_dag.py took 0.133 seconds
[2024-04-04T09:46:31.694+0000] {processor.py:161} INFO - Started process (PID=911) to work on /home/airflow/.local/lib/python3.8/site-packages/airflow/example_dags/example_sla_dag.py
[2024-04-04T09:46:31.696+0000] {processor.py:830} INFO - Processing file /home/airflow/.local/lib/python3.8/site-packages/airflow/example_dags/example_sla_dag.py for tasks to queue
[2024-04-04T09:46:31.698+0000] {logging_mixin.py:188} INFO - [2024-04-04T09:46:31.697+0000] {dagbag.py:540} INFO - Filling up the DagBag from /home/airflow/.local/lib/python3.8/site-packages/airflow/example_dags/example_sla_dag.py
[2024-04-04T09:46:31.705+0000] {processor.py:840} INFO - DAG(s) 'example_sla_dag' retrieved from /home/airflow/.local/lib/python3.8/site-packages/airflow/example_dags/example_sla_dag.py
[2024-04-04T09:46:31.729+0000] {logging_mixin.py:188} INFO - [2024-04-04T09:46:31.728+0000] {dag.py:3047} INFO - Sync 1 DAGs
[2024-04-04T09:46:31.757+0000] {logging_mixin.py:188} INFO - [2024-04-04T09:46:31.757+0000] {dag.py:3834} INFO - Setting next_dagrun for example_sla_dag to 2024-04-04 09:44:00+00:00, run_after=2024-04-04 09:46:00+00:00
[2024-04-04T09:46:31.784+0000] {processor.py:183} INFO - Processing /home/airflow/.local/lib/python3.8/site-packages/airflow/example_dags/example_sla_dag.py took 0.092 seconds
[2024-04-04T09:47:02.082+0000] {processor.py:161} INFO - Started process (PID=967) to work on /home/airflow/.local/lib/python3.8/site-packages/airflow/example_dags/example_sla_dag.py
[2024-04-04T09:47:02.085+0000] {processor.py:830} INFO - Processing file /home/airflow/.local/lib/python3.8/site-packages/airflow/example_dags/example_sla_dag.py for tasks to queue
[2024-04-04T09:47:02.089+0000] {logging_mixin.py:188} INFO - [2024-04-04T09:47:02.088+0000] {dagbag.py:540} INFO - Filling up the DagBag from /home/airflow/.local/lib/python3.8/site-packages/airflow/example_dags/example_sla_dag.py
[2024-04-04T09:47:02.124+0000] {processor.py:840} INFO - DAG(s) 'example_sla_dag' retrieved from /home/airflow/.local/lib/python3.8/site-packages/airflow/example_dags/example_sla_dag.py
[2024-04-04T09:47:02.162+0000] {logging_mixin.py:188} INFO - [2024-04-04T09:47:02.162+0000] {dag.py:3047} INFO - Sync 1 DAGs
[2024-04-04T09:47:02.202+0000] {logging_mixin.py:188} INFO - [2024-04-04T09:47:02.202+0000] {dag.py:3834} INFO - Setting next_dagrun for example_sla_dag to 2024-04-04 09:44:00+00:00, run_after=2024-04-04 09:46:00+00:00
[2024-04-04T09:47:02.234+0000] {processor.py:183} INFO - Processing /home/airflow/.local/lib/python3.8/site-packages/airflow/example_dags/example_sla_dag.py took 0.157 seconds
[2024-04-04T09:47:32.529+0000] {processor.py:161} INFO - Started process (PID=1023) to work on /home/airflow/.local/lib/python3.8/site-packages/airflow/example_dags/example_sla_dag.py
[2024-04-04T09:47:32.530+0000] {processor.py:830} INFO - Processing file /home/airflow/.local/lib/python3.8/site-packages/airflow/example_dags/example_sla_dag.py for tasks to queue
[2024-04-04T09:47:32.532+0000] {logging_mixin.py:188} INFO - [2024-04-04T09:47:32.532+0000] {dagbag.py:540} INFO - Filling up the DagBag from /home/airflow/.local/lib/python3.8/site-packages/airflow/example_dags/example_sla_dag.py
[2024-04-04T09:47:32.540+0000] {processor.py:840} INFO - DAG(s) 'example_sla_dag' retrieved from /home/airflow/.local/lib/python3.8/site-packages/airflow/example_dags/example_sla_dag.py
[2024-04-04T09:47:32.562+0000] {logging_mixin.py:188} INFO - [2024-04-04T09:47:32.562+0000] {dag.py:3047} INFO - Sync 1 DAGs
[2024-04-04T09:47:32.589+0000] {logging_mixin.py:188} INFO - [2024-04-04T09:47:32.589+0000] {dag.py:3834} INFO - Setting next_dagrun for example_sla_dag to 2024-04-04 09:44:00+00:00, run_after=2024-04-04 09:46:00+00:00
[2024-04-04T09:47:32.615+0000] {processor.py:183} INFO - Processing /home/airflow/.local/lib/python3.8/site-packages/airflow/example_dags/example_sla_dag.py took 0.089 seconds
[2024-04-04T09:48:02.780+0000] {processor.py:161} INFO - Started process (PID=1080) to work on /home/airflow/.local/lib/python3.8/site-packages/airflow/example_dags/example_sla_dag.py
[2024-04-04T09:48:02.781+0000] {processor.py:830} INFO - Processing file /home/airflow/.local/lib/python3.8/site-packages/airflow/example_dags/example_sla_dag.py for tasks to queue
[2024-04-04T09:48:02.783+0000] {logging_mixin.py:188} INFO - [2024-04-04T09:48:02.783+0000] {dagbag.py:540} INFO - Filling up the DagBag from /home/airflow/.local/lib/python3.8/site-packages/airflow/example_dags/example_sla_dag.py
[2024-04-04T09:48:02.792+0000] {processor.py:840} INFO - DAG(s) 'example_sla_dag' retrieved from /home/airflow/.local/lib/python3.8/site-packages/airflow/example_dags/example_sla_dag.py
[2024-04-04T09:48:02.815+0000] {logging_mixin.py:188} INFO - [2024-04-04T09:48:02.814+0000] {dag.py:3047} INFO - Sync 1 DAGs
[2024-04-04T09:48:02.841+0000] {logging_mixin.py:188} INFO - [2024-04-04T09:48:02.840+0000] {dag.py:3834} INFO - Setting next_dagrun for example_sla_dag to 2024-04-04 09:46:00+00:00, run_after=2024-04-04 09:48:00+00:00
[2024-04-04T09:48:02.864+0000] {processor.py:183} INFO - Processing /home/airflow/.local/lib/python3.8/site-packages/airflow/example_dags/example_sla_dag.py took 0.088 seconds
[2024-04-04T09:48:33.029+0000] {processor.py:161} INFO - Started process (PID=1135) to work on /home/airflow/.local/lib/python3.8/site-packages/airflow/example_dags/example_sla_dag.py
[2024-04-04T09:48:33.030+0000] {processor.py:830} INFO - Processing file /home/airflow/.local/lib/python3.8/site-packages/airflow/example_dags/example_sla_dag.py for tasks to queue
[2024-04-04T09:48:33.032+0000] {logging_mixin.py:188} INFO - [2024-04-04T09:48:33.032+0000] {dagbag.py:540} INFO - Filling up the DagBag from /home/airflow/.local/lib/python3.8/site-packages/airflow/example_dags/example_sla_dag.py
[2024-04-04T09:48:33.040+0000] {processor.py:840} INFO - DAG(s) 'example_sla_dag' retrieved from /home/airflow/.local/lib/python3.8/site-packages/airflow/example_dags/example_sla_dag.py
[2024-04-04T09:48:33.062+0000] {logging_mixin.py:188} INFO - [2024-04-04T09:48:33.062+0000] {dag.py:3047} INFO - Sync 1 DAGs
[2024-04-04T09:48:33.089+0000] {logging_mixin.py:188} INFO - [2024-04-04T09:48:33.089+0000] {dag.py:3834} INFO - Setting next_dagrun for example_sla_dag to 2024-04-04 09:46:00+00:00, run_after=2024-04-04 09:48:00+00:00
[2024-04-04T09:48:33.119+0000] {processor.py:183} INFO - Processing /home/airflow/.local/lib/python3.8/site-packages/airflow/example_dags/example_sla_dag.py took 0.094 seconds
[2024-04-04T09:49:03.360+0000] {processor.py:161} INFO - Started process (PID=1191) to work on /home/airflow/.local/lib/python3.8/site-packages/airflow/example_dags/example_sla_dag.py
[2024-04-04T09:49:03.362+0000] {processor.py:830} INFO - Processing file /home/airflow/.local/lib/python3.8/site-packages/airflow/example_dags/example_sla_dag.py for tasks to queue
[2024-04-04T09:49:03.364+0000] {logging_mixin.py:188} INFO - [2024-04-04T09:49:03.363+0000] {dagbag.py:540} INFO - Filling up the DagBag from /home/airflow/.local/lib/python3.8/site-packages/airflow/example_dags/example_sla_dag.py
[2024-04-04T09:49:03.371+0000] {processor.py:840} INFO - DAG(s) 'example_sla_dag' retrieved from /home/airflow/.local/lib/python3.8/site-packages/airflow/example_dags/example_sla_dag.py
[2024-04-04T09:49:03.394+0000] {logging_mixin.py:188} INFO - [2024-04-04T09:49:03.393+0000] {dag.py:3047} INFO - Sync 1 DAGs
[2024-04-04T09:49:03.419+0000] {logging_mixin.py:188} INFO - [2024-04-04T09:49:03.419+0000] {dag.py:3834} INFO - Setting next_dagrun for example_sla_dag to 2024-04-04 09:46:00+00:00, run_after=2024-04-04 09:48:00+00:00
[2024-04-04T09:49:03.444+0000] {processor.py:183} INFO - Processing /home/airflow/.local/lib/python3.8/site-packages/airflow/example_dags/example_sla_dag.py took 0.087 seconds
[2024-04-04T09:49:34.280+0000] {processor.py:161} INFO - Started process (PID=1251) to work on /home/airflow/.local/lib/python3.8/site-packages/airflow/example_dags/example_sla_dag.py
[2024-04-04T09:49:34.282+0000] {processor.py:830} INFO - Processing file /home/airflow/.local/lib/python3.8/site-packages/airflow/example_dags/example_sla_dag.py for tasks to queue
[2024-04-04T09:49:34.287+0000] {logging_mixin.py:188} INFO - [2024-04-04T09:49:34.286+0000] {dagbag.py:540} INFO - Filling up the DagBag from /home/airflow/.local/lib/python3.8/site-packages/airflow/example_dags/example_sla_dag.py
[2024-04-04T09:49:34.303+0000] {processor.py:840} INFO - DAG(s) 'example_sla_dag' retrieved from /home/airflow/.local/lib/python3.8/site-packages/airflow/example_dags/example_sla_dag.py
[2024-04-04T09:49:34.334+0000] {logging_mixin.py:188} INFO - [2024-04-04T09:49:34.333+0000] {dag.py:3047} INFO - Sync 1 DAGs
[2024-04-04T09:49:34.366+0000] {logging_mixin.py:188} INFO - [2024-04-04T09:49:34.366+0000] {dag.py:3834} INFO - Setting next_dagrun for example_sla_dag to 2024-04-04 09:46:00+00:00, run_after=2024-04-04 09:48:00+00:00
[2024-04-04T09:49:34.398+0000] {processor.py:183} INFO - Processing /home/airflow/.local/lib/python3.8/site-packages/airflow/example_dags/example_sla_dag.py took 0.123 seconds
[2024-04-04T09:50:05.242+0000] {processor.py:161} INFO - Started process (PID=1307) to work on /home/airflow/.local/lib/python3.8/site-packages/airflow/example_dags/example_sla_dag.py
[2024-04-04T09:50:05.244+0000] {processor.py:830} INFO - Processing file /home/airflow/.local/lib/python3.8/site-packages/airflow/example_dags/example_sla_dag.py for tasks to queue
[2024-04-04T09:50:05.247+0000] {logging_mixin.py:188} INFO - [2024-04-04T09:50:05.247+0000] {dagbag.py:540} INFO - Filling up the DagBag from /home/airflow/.local/lib/python3.8/site-packages/airflow/example_dags/example_sla_dag.py
[2024-04-04T09:50:05.256+0000] {processor.py:840} INFO - DAG(s) 'example_sla_dag' retrieved from /home/airflow/.local/lib/python3.8/site-packages/airflow/example_dags/example_sla_dag.py
[2024-04-04T09:50:05.278+0000] {logging_mixin.py:188} INFO - [2024-04-04T09:50:05.277+0000] {dag.py:3047} INFO - Sync 1 DAGs
[2024-04-04T09:50:05.306+0000] {logging_mixin.py:188} INFO - [2024-04-04T09:50:05.306+0000] {dag.py:3834} INFO - Setting next_dagrun for example_sla_dag to 2024-04-04 09:48:00+00:00, run_after=2024-04-04 09:50:00+00:00
[2024-04-04T09:50:05.333+0000] {processor.py:183} INFO - Processing /home/airflow/.local/lib/python3.8/site-packages/airflow/example_dags/example_sla_dag.py took 0.094 seconds
[2024-04-04T09:50:35.483+0000] {processor.py:161} INFO - Started process (PID=1363) to work on /home/airflow/.local/lib/python3.8/site-packages/airflow/example_dags/example_sla_dag.py
[2024-04-04T09:50:35.485+0000] {processor.py:830} INFO - Processing file /home/airflow/.local/lib/python3.8/site-packages/airflow/example_dags/example_sla_dag.py for tasks to queue
[2024-04-04T09:50:35.487+0000] {logging_mixin.py:188} INFO - [2024-04-04T09:50:35.487+0000] {dagbag.py:540} INFO - Filling up the DagBag from /home/airflow/.local/lib/python3.8/site-packages/airflow/example_dags/example_sla_dag.py
[2024-04-04T09:50:35.496+0000] {processor.py:840} INFO - DAG(s) 'example_sla_dag' retrieved from /home/airflow/.local/lib/python3.8/site-packages/airflow/example_dags/example_sla_dag.py
[2024-04-04T09:50:35.518+0000] {logging_mixin.py:188} INFO - [2024-04-04T09:50:35.518+0000] {dag.py:3047} INFO - Sync 1 DAGs
[2024-04-04T09:50:35.548+0000] {logging_mixin.py:188} INFO - [2024-04-04T09:50:35.548+0000] {dag.py:3834} INFO - Setting next_dagrun for example_sla_dag to 2024-04-04 09:48:00+00:00, run_after=2024-04-04 09:50:00+00:00
[2024-04-04T09:50:35.574+0000] {processor.py:183} INFO - Processing /home/airflow/.local/lib/python3.8/site-packages/airflow/example_dags/example_sla_dag.py took 0.094 seconds
[2024-04-04T09:51:06.007+0000] {processor.py:161} INFO - Started process (PID=1419) to work on /home/airflow/.local/lib/python3.8/site-packages/airflow/example_dags/example_sla_dag.py
[2024-04-04T09:51:06.009+0000] {processor.py:830} INFO - Processing file /home/airflow/.local/lib/python3.8/site-packages/airflow/example_dags/example_sla_dag.py for tasks to queue
[2024-04-04T09:51:06.011+0000] {logging_mixin.py:188} INFO - [2024-04-04T09:51:06.011+0000] {dagbag.py:540} INFO - Filling up the DagBag from /home/airflow/.local/lib/python3.8/site-packages/airflow/example_dags/example_sla_dag.py
[2024-04-04T09:51:06.021+0000] {processor.py:840} INFO - DAG(s) 'example_sla_dag' retrieved from /home/airflow/.local/lib/python3.8/site-packages/airflow/example_dags/example_sla_dag.py
[2024-04-04T09:51:06.043+0000] {logging_mixin.py:188} INFO - [2024-04-04T09:51:06.043+0000] {dag.py:3047} INFO - Sync 1 DAGs
[2024-04-04T09:51:06.071+0000] {logging_mixin.py:188} INFO - [2024-04-04T09:51:06.071+0000] {dag.py:3834} INFO - Setting next_dagrun for example_sla_dag to 2024-04-04 09:48:00+00:00, run_after=2024-04-04 09:50:00+00:00
[2024-04-04T09:51:06.099+0000] {processor.py:183} INFO - Processing /home/airflow/.local/lib/python3.8/site-packages/airflow/example_dags/example_sla_dag.py took 0.095 seconds
[2024-04-04T09:51:36.483+0000] {processor.py:161} INFO - Started process (PID=1475) to work on /home/airflow/.local/lib/python3.8/site-packages/airflow/example_dags/example_sla_dag.py
[2024-04-04T09:51:36.484+0000] {processor.py:830} INFO - Processing file /home/airflow/.local/lib/python3.8/site-packages/airflow/example_dags/example_sla_dag.py for tasks to queue
[2024-04-04T09:51:36.486+0000] {logging_mixin.py:188} INFO - [2024-04-04T09:51:36.486+0000] {dagbag.py:540} INFO - Filling up the DagBag from /home/airflow/.local/lib/python3.8/site-packages/airflow/example_dags/example_sla_dag.py
[2024-04-04T09:51:36.494+0000] {processor.py:840} INFO - DAG(s) 'example_sla_dag' retrieved from /home/airflow/.local/lib/python3.8/site-packages/airflow/example_dags/example_sla_dag.py
[2024-04-04T09:51:36.515+0000] {logging_mixin.py:188} INFO - [2024-04-04T09:51:36.514+0000] {dag.py:3047} INFO - Sync 1 DAGs
[2024-04-04T09:51:36.544+0000] {logging_mixin.py:188} INFO - [2024-04-04T09:51:36.544+0000] {dag.py:3834} INFO - Setting next_dagrun for example_sla_dag to 2024-04-04 09:48:00+00:00, run_after=2024-04-04 09:50:00+00:00
[2024-04-04T09:51:36.572+0000] {processor.py:183} INFO - Processing /home/airflow/.local/lib/python3.8/site-packages/airflow/example_dags/example_sla_dag.py took 0.091 seconds
[2024-04-04T09:52:07.116+0000] {processor.py:161} INFO - Started process (PID=1531) to work on /home/airflow/.local/lib/python3.8/site-packages/airflow/example_dags/example_sla_dag.py
[2024-04-04T09:52:07.118+0000] {processor.py:830} INFO - Processing file /home/airflow/.local/lib/python3.8/site-packages/airflow/example_dags/example_sla_dag.py for tasks to queue
[2024-04-04T09:52:07.120+0000] {logging_mixin.py:188} INFO - [2024-04-04T09:52:07.120+0000] {dagbag.py:540} INFO - Filling up the DagBag from /home/airflow/.local/lib/python3.8/site-packages/airflow/example_dags/example_sla_dag.py
[2024-04-04T09:52:07.129+0000] {processor.py:840} INFO - DAG(s) 'example_sla_dag' retrieved from /home/airflow/.local/lib/python3.8/site-packages/airflow/example_dags/example_sla_dag.py
[2024-04-04T09:52:07.152+0000] {logging_mixin.py:188} INFO - [2024-04-04T09:52:07.151+0000] {dag.py:3047} INFO - Sync 1 DAGs
[2024-04-04T09:52:07.189+0000] {logging_mixin.py:188} INFO - [2024-04-04T09:52:07.189+0000] {dag.py:3834} INFO - Setting next_dagrun for example_sla_dag to 2024-04-04 09:50:00+00:00, run_after=2024-04-04 09:52:00+00:00
[2024-04-04T09:52:07.222+0000] {processor.py:183} INFO - Processing /home/airflow/.local/lib/python3.8/site-packages/airflow/example_dags/example_sla_dag.py took 0.109 seconds
[2024-04-04T09:52:37.679+0000] {processor.py:161} INFO - Started process (PID=1587) to work on /home/airflow/.local/lib/python3.8/site-packages/airflow/example_dags/example_sla_dag.py
[2024-04-04T09:52:37.681+0000] {processor.py:830} INFO - Processing file /home/airflow/.local/lib/python3.8/site-packages/airflow/example_dags/example_sla_dag.py for tasks to queue
[2024-04-04T09:52:37.684+0000] {logging_mixin.py:188} INFO - [2024-04-04T09:52:37.683+0000] {dagbag.py:540} INFO - Filling up the DagBag from /home/airflow/.local/lib/python3.8/site-packages/airflow/example_dags/example_sla_dag.py
[2024-04-04T09:52:37.696+0000] {processor.py:840} INFO - DAG(s) 'example_sla_dag' retrieved from /home/airflow/.local/lib/python3.8/site-packages/airflow/example_dags/example_sla_dag.py
[2024-04-04T09:52:37.733+0000] {logging_mixin.py:188} INFO - [2024-04-04T09:52:37.732+0000] {dag.py:3047} INFO - Sync 1 DAGs
[2024-04-04T09:52:37.770+0000] {logging_mixin.py:188} INFO - [2024-04-04T09:52:37.770+0000] {dag.py:3834} INFO - Setting next_dagrun for example_sla_dag to 2024-04-04 09:50:00+00:00, run_after=2024-04-04 09:52:00+00:00
[2024-04-04T09:52:37.815+0000] {processor.py:183} INFO - Processing /home/airflow/.local/lib/python3.8/site-packages/airflow/example_dags/example_sla_dag.py took 0.139 seconds
[2024-04-04T09:53:07.915+0000] {processor.py:161} INFO - Started process (PID=1643) to work on /home/airflow/.local/lib/python3.8/site-packages/airflow/example_dags/example_sla_dag.py
[2024-04-04T09:53:07.916+0000] {processor.py:830} INFO - Processing file /home/airflow/.local/lib/python3.8/site-packages/airflow/example_dags/example_sla_dag.py for tasks to queue
[2024-04-04T09:53:07.918+0000] {logging_mixin.py:188} INFO - [2024-04-04T09:53:07.918+0000] {dagbag.py:540} INFO - Filling up the DagBag from /home/airflow/.local/lib/python3.8/site-packages/airflow/example_dags/example_sla_dag.py
[2024-04-04T09:53:07.927+0000] {processor.py:840} INFO - DAG(s) 'example_sla_dag' retrieved from /home/airflow/.local/lib/python3.8/site-packages/airflow/example_dags/example_sla_dag.py
[2024-04-04T09:53:07.963+0000] {logging_mixin.py:188} INFO - [2024-04-04T09:53:07.962+0000] {dag.py:3047} INFO - Sync 1 DAGs
[2024-04-04T09:53:07.996+0000] {logging_mixin.py:188} INFO - [2024-04-04T09:53:07.995+0000] {dag.py:3834} INFO - Setting next_dagrun for example_sla_dag to 2024-04-04 09:50:00+00:00, run_after=2024-04-04 09:52:00+00:00
[2024-04-04T09:53:08.028+0000] {processor.py:183} INFO - Processing /home/airflow/.local/lib/python3.8/site-packages/airflow/example_dags/example_sla_dag.py took 0.115 seconds
[2024-04-04T09:53:38.920+0000] {processor.py:161} INFO - Started process (PID=1700) to work on /home/airflow/.local/lib/python3.8/site-packages/airflow/example_dags/example_sla_dag.py
[2024-04-04T09:53:38.921+0000] {processor.py:830} INFO - Processing file /home/airflow/.local/lib/python3.8/site-packages/airflow/example_dags/example_sla_dag.py for tasks to queue
[2024-04-04T09:53:38.924+0000] {logging_mixin.py:188} INFO - [2024-04-04T09:53:38.923+0000] {dagbag.py:540} INFO - Filling up the DagBag from /home/airflow/.local/lib/python3.8/site-packages/airflow/example_dags/example_sla_dag.py
[2024-04-04T09:53:38.931+0000] {processor.py:840} INFO - DAG(s) 'example_sla_dag' retrieved from /home/airflow/.local/lib/python3.8/site-packages/airflow/example_dags/example_sla_dag.py
[2024-04-04T09:53:38.963+0000] {logging_mixin.py:188} INFO - [2024-04-04T09:53:38.962+0000] {dag.py:3047} INFO - Sync 1 DAGs
[2024-04-04T09:53:39.028+0000] {logging_mixin.py:188} INFO - [2024-04-04T09:53:39.028+0000] {dag.py:3834} INFO - Setting next_dagrun for example_sla_dag to 2024-04-04 09:50:00+00:00, run_after=2024-04-04 09:52:00+00:00
[2024-04-04T09:53:39.076+0000] {processor.py:183} INFO - Processing /home/airflow/.local/lib/python3.8/site-packages/airflow/example_dags/example_sla_dag.py took 0.159 seconds
[2024-04-04T09:54:09.182+0000] {processor.py:161} INFO - Started process (PID=1756) to work on /home/airflow/.local/lib/python3.8/site-packages/airflow/example_dags/example_sla_dag.py
[2024-04-04T09:54:09.183+0000] {processor.py:830} INFO - Processing file /home/airflow/.local/lib/python3.8/site-packages/airflow/example_dags/example_sla_dag.py for tasks to queue
[2024-04-04T09:54:09.185+0000] {logging_mixin.py:188} INFO - [2024-04-04T09:54:09.185+0000] {dagbag.py:540} INFO - Filling up the DagBag from /home/airflow/.local/lib/python3.8/site-packages/airflow/example_dags/example_sla_dag.py
[2024-04-04T09:54:09.193+0000] {processor.py:840} INFO - DAG(s) 'example_sla_dag' retrieved from /home/airflow/.local/lib/python3.8/site-packages/airflow/example_dags/example_sla_dag.py
[2024-04-04T09:54:09.217+0000] {logging_mixin.py:188} INFO - [2024-04-04T09:54:09.216+0000] {dag.py:3047} INFO - Sync 1 DAGs
[2024-04-04T09:54:09.243+0000] {logging_mixin.py:188} INFO - [2024-04-04T09:54:09.243+0000] {dag.py:3834} INFO - Setting next_dagrun for example_sla_dag to 2024-04-04 09:52:00+00:00, run_after=2024-04-04 09:54:00+00:00
[2024-04-04T09:54:09.269+0000] {processor.py:183} INFO - Processing /home/airflow/.local/lib/python3.8/site-packages/airflow/example_dags/example_sla_dag.py took 0.090 seconds
[2024-04-04T09:54:40.070+0000] {processor.py:161} INFO - Started process (PID=1813) to work on /home/airflow/.local/lib/python3.8/site-packages/airflow/example_dags/example_sla_dag.py
[2024-04-04T09:54:40.071+0000] {processor.py:830} INFO - Processing file /home/airflow/.local/lib/python3.8/site-packages/airflow/example_dags/example_sla_dag.py for tasks to queue
[2024-04-04T09:54:40.073+0000] {logging_mixin.py:188} INFO - [2024-04-04T09:54:40.073+0000] {dagbag.py:540} INFO - Filling up the DagBag from /home/airflow/.local/lib/python3.8/site-packages/airflow/example_dags/example_sla_dag.py
[2024-04-04T09:54:40.081+0000] {processor.py:840} INFO - DAG(s) 'example_sla_dag' retrieved from /home/airflow/.local/lib/python3.8/site-packages/airflow/example_dags/example_sla_dag.py
[2024-04-04T09:54:40.104+0000] {logging_mixin.py:188} INFO - [2024-04-04T09:54:40.103+0000] {dag.py:3047} INFO - Sync 1 DAGs
[2024-04-04T09:54:40.131+0000] {logging_mixin.py:188} INFO - [2024-04-04T09:54:40.131+0000] {dag.py:3834} INFO - Setting next_dagrun for example_sla_dag to 2024-04-04 09:52:00+00:00, run_after=2024-04-04 09:54:00+00:00
[2024-04-04T09:54:40.155+0000] {processor.py:183} INFO - Processing /home/airflow/.local/lib/python3.8/site-packages/airflow/example_dags/example_sla_dag.py took 0.088 seconds
[2024-04-04T09:55:10.343+0000] {processor.py:161} INFO - Started process (PID=1869) to work on /home/airflow/.local/lib/python3.8/site-packages/airflow/example_dags/example_sla_dag.py
[2024-04-04T09:55:10.345+0000] {processor.py:830} INFO - Processing file /home/airflow/.local/lib/python3.8/site-packages/airflow/example_dags/example_sla_dag.py for tasks to queue
[2024-04-04T09:55:10.348+0000] {logging_mixin.py:188} INFO - [2024-04-04T09:55:10.347+0000] {dagbag.py:540} INFO - Filling up the DagBag from /home/airflow/.local/lib/python3.8/site-packages/airflow/example_dags/example_sla_dag.py
[2024-04-04T09:55:10.361+0000] {processor.py:840} INFO - DAG(s) 'example_sla_dag' retrieved from /home/airflow/.local/lib/python3.8/site-packages/airflow/example_dags/example_sla_dag.py
[2024-04-04T09:55:10.391+0000] {logging_mixin.py:188} INFO - [2024-04-04T09:55:10.391+0000] {dag.py:3047} INFO - Sync 1 DAGs
[2024-04-04T09:55:10.440+0000] {logging_mixin.py:188} INFO - [2024-04-04T09:55:10.440+0000] {dag.py:3834} INFO - Setting next_dagrun for example_sla_dag to 2024-04-04 09:52:00+00:00, run_after=2024-04-04 09:54:00+00:00
[2024-04-04T09:55:10.475+0000] {processor.py:183} INFO - Processing /home/airflow/.local/lib/python3.8/site-packages/airflow/example_dags/example_sla_dag.py took 0.136 seconds
[2024-04-04T09:55:40.963+0000] {processor.py:161} INFO - Started process (PID=1931) to work on /home/airflow/.local/lib/python3.8/site-packages/airflow/example_dags/example_sla_dag.py
[2024-04-04T09:55:40.964+0000] {processor.py:830} INFO - Processing file /home/airflow/.local/lib/python3.8/site-packages/airflow/example_dags/example_sla_dag.py for tasks to queue
[2024-04-04T09:55:40.968+0000] {logging_mixin.py:188} INFO - [2024-04-04T09:55:40.967+0000] {dagbag.py:540} INFO - Filling up the DagBag from /home/airflow/.local/lib/python3.8/site-packages/airflow/example_dags/example_sla_dag.py
[2024-04-04T09:55:40.977+0000] {processor.py:840} INFO - DAG(s) 'example_sla_dag' retrieved from /home/airflow/.local/lib/python3.8/site-packages/airflow/example_dags/example_sla_dag.py
[2024-04-04T09:55:41.003+0000] {logging_mixin.py:188} INFO - [2024-04-04T09:55:41.002+0000] {dag.py:3047} INFO - Sync 1 DAGs
[2024-04-04T09:55:41.033+0000] {logging_mixin.py:188} INFO - [2024-04-04T09:55:41.033+0000] {dag.py:3834} INFO - Setting next_dagrun for example_sla_dag to 2024-04-04 09:52:00+00:00, run_after=2024-04-04 09:54:00+00:00
[2024-04-04T09:55:41.064+0000] {processor.py:183} INFO - Processing /home/airflow/.local/lib/python3.8/site-packages/airflow/example_dags/example_sla_dag.py took 0.104 seconds
[2024-04-04T09:56:11.629+0000] {processor.py:161} INFO - Started process (PID=1990) to work on /home/airflow/.local/lib/python3.8/site-packages/airflow/example_dags/example_sla_dag.py
[2024-04-04T09:56:11.630+0000] {processor.py:830} INFO - Processing file /home/airflow/.local/lib/python3.8/site-packages/airflow/example_dags/example_sla_dag.py for tasks to queue
[2024-04-04T09:56:11.632+0000] {logging_mixin.py:188} INFO - [2024-04-04T09:56:11.632+0000] {dagbag.py:540} INFO - Filling up the DagBag from /home/airflow/.local/lib/python3.8/site-packages/airflow/example_dags/example_sla_dag.py
[2024-04-04T09:56:11.641+0000] {processor.py:840} INFO - DAG(s) 'example_sla_dag' retrieved from /home/airflow/.local/lib/python3.8/site-packages/airflow/example_dags/example_sla_dag.py
[2024-04-04T09:56:11.664+0000] {logging_mixin.py:188} INFO - [2024-04-04T09:56:11.663+0000] {dag.py:3047} INFO - Sync 1 DAGs
[2024-04-04T09:56:11.689+0000] {logging_mixin.py:188} INFO - [2024-04-04T09:56:11.689+0000] {dag.py:3834} INFO - Setting next_dagrun for example_sla_dag to 2024-04-04 09:54:00+00:00, run_after=2024-04-04 09:56:00+00:00
[2024-04-04T09:56:11.716+0000] {processor.py:183} INFO - Processing /home/airflow/.local/lib/python3.8/site-packages/airflow/example_dags/example_sla_dag.py took 0.090 seconds
[2024-04-04T09:56:41.945+0000] {processor.py:161} INFO - Started process (PID=2046) to work on /home/airflow/.local/lib/python3.8/site-packages/airflow/example_dags/example_sla_dag.py
[2024-04-04T09:56:41.946+0000] {processor.py:830} INFO - Processing file /home/airflow/.local/lib/python3.8/site-packages/airflow/example_dags/example_sla_dag.py for tasks to queue
[2024-04-04T09:56:41.949+0000] {logging_mixin.py:188} INFO - [2024-04-04T09:56:41.948+0000] {dagbag.py:540} INFO - Filling up the DagBag from /home/airflow/.local/lib/python3.8/site-packages/airflow/example_dags/example_sla_dag.py
[2024-04-04T09:56:41.960+0000] {processor.py:840} INFO - DAG(s) 'example_sla_dag' retrieved from /home/airflow/.local/lib/python3.8/site-packages/airflow/example_dags/example_sla_dag.py
[2024-04-04T09:56:41.984+0000] {logging_mixin.py:188} INFO - [2024-04-04T09:56:41.984+0000] {dag.py:3047} INFO - Sync 1 DAGs
[2024-04-04T09:56:42.013+0000] {logging_mixin.py:188} INFO - [2024-04-04T09:56:42.013+0000] {dag.py:3834} INFO - Setting next_dagrun for example_sla_dag to 2024-04-04 09:54:00+00:00, run_after=2024-04-04 09:56:00+00:00
[2024-04-04T09:56:42.041+0000] {processor.py:183} INFO - Processing /home/airflow/.local/lib/python3.8/site-packages/airflow/example_dags/example_sla_dag.py took 0.099 seconds
[2024-04-04T09:57:12.655+0000] {processor.py:161} INFO - Started process (PID=2102) to work on /home/airflow/.local/lib/python3.8/site-packages/airflow/example_dags/example_sla_dag.py
[2024-04-04T09:57:12.657+0000] {processor.py:830} INFO - Processing file /home/airflow/.local/lib/python3.8/site-packages/airflow/example_dags/example_sla_dag.py for tasks to queue
[2024-04-04T09:57:12.659+0000] {logging_mixin.py:188} INFO - [2024-04-04T09:57:12.659+0000] {dagbag.py:540} INFO - Filling up the DagBag from /home/airflow/.local/lib/python3.8/site-packages/airflow/example_dags/example_sla_dag.py
[2024-04-04T09:57:12.667+0000] {processor.py:840} INFO - DAG(s) 'example_sla_dag' retrieved from /home/airflow/.local/lib/python3.8/site-packages/airflow/example_dags/example_sla_dag.py
[2024-04-04T09:57:12.688+0000] {logging_mixin.py:188} INFO - [2024-04-04T09:57:12.688+0000] {dag.py:3047} INFO - Sync 1 DAGs
[2024-04-04T09:57:12.714+0000] {logging_mixin.py:188} INFO - [2024-04-04T09:57:12.714+0000] {dag.py:3834} INFO - Setting next_dagrun for example_sla_dag to 2024-04-04 09:54:00+00:00, run_after=2024-04-04 09:56:00+00:00
[2024-04-04T09:57:12.740+0000] {processor.py:183} INFO - Processing /home/airflow/.local/lib/python3.8/site-packages/airflow/example_dags/example_sla_dag.py took 0.087 seconds
[2024-04-04T09:57:42.878+0000] {processor.py:161} INFO - Started process (PID=2158) to work on /home/airflow/.local/lib/python3.8/site-packages/airflow/example_dags/example_sla_dag.py
[2024-04-04T09:57:42.880+0000] {processor.py:830} INFO - Processing file /home/airflow/.local/lib/python3.8/site-packages/airflow/example_dags/example_sla_dag.py for tasks to queue
[2024-04-04T09:57:42.882+0000] {logging_mixin.py:188} INFO - [2024-04-04T09:57:42.882+0000] {dagbag.py:540} INFO - Filling up the DagBag from /home/airflow/.local/lib/python3.8/site-packages/airflow/example_dags/example_sla_dag.py
[2024-04-04T09:57:42.891+0000] {processor.py:840} INFO - DAG(s) 'example_sla_dag' retrieved from /home/airflow/.local/lib/python3.8/site-packages/airflow/example_dags/example_sla_dag.py
[2024-04-04T09:57:42.914+0000] {logging_mixin.py:188} INFO - [2024-04-04T09:57:42.913+0000] {dag.py:3047} INFO - Sync 1 DAGs
[2024-04-04T09:57:42.943+0000] {logging_mixin.py:188} INFO - [2024-04-04T09:57:42.943+0000] {dag.py:3834} INFO - Setting next_dagrun for example_sla_dag to 2024-04-04 09:54:00+00:00, run_after=2024-04-04 09:56:00+00:00
[2024-04-04T09:57:42.972+0000] {processor.py:183} INFO - Processing /home/airflow/.local/lib/python3.8/site-packages/airflow/example_dags/example_sla_dag.py took 0.096 seconds
[2024-04-04T09:58:13.873+0000] {processor.py:161} INFO - Started process (PID=2214) to work on /home/airflow/.local/lib/python3.8/site-packages/airflow/example_dags/example_sla_dag.py
[2024-04-04T09:58:13.875+0000] {processor.py:830} INFO - Processing file /home/airflow/.local/lib/python3.8/site-packages/airflow/example_dags/example_sla_dag.py for tasks to queue
[2024-04-04T09:58:13.878+0000] {logging_mixin.py:188} INFO - [2024-04-04T09:58:13.877+0000] {dagbag.py:540} INFO - Filling up the DagBag from /home/airflow/.local/lib/python3.8/site-packages/airflow/example_dags/example_sla_dag.py
[2024-04-04T09:58:13.885+0000] {processor.py:840} INFO - DAG(s) 'example_sla_dag' retrieved from /home/airflow/.local/lib/python3.8/site-packages/airflow/example_dags/example_sla_dag.py
[2024-04-04T09:58:13.906+0000] {logging_mixin.py:188} INFO - [2024-04-04T09:58:13.906+0000] {dag.py:3047} INFO - Sync 1 DAGs
[2024-04-04T09:58:13.933+0000] {logging_mixin.py:188} INFO - [2024-04-04T09:58:13.932+0000] {dag.py:3834} INFO - Setting next_dagrun for example_sla_dag to 2024-04-04 09:56:00+00:00, run_after=2024-04-04 09:58:00+00:00
[2024-04-04T09:58:13.959+0000] {processor.py:183} INFO - Processing /home/airflow/.local/lib/python3.8/site-packages/airflow/example_dags/example_sla_dag.py took 0.087 seconds
[2024-04-04T09:58:44.202+0000] {processor.py:161} INFO - Started process (PID=2270) to work on /home/airflow/.local/lib/python3.8/site-packages/airflow/example_dags/example_sla_dag.py
[2024-04-04T09:58:44.204+0000] {processor.py:830} INFO - Processing file /home/airflow/.local/lib/python3.8/site-packages/airflow/example_dags/example_sla_dag.py for tasks to queue
[2024-04-04T09:58:44.206+0000] {logging_mixin.py:188} INFO - [2024-04-04T09:58:44.206+0000] {dagbag.py:540} INFO - Filling up the DagBag from /home/airflow/.local/lib/python3.8/site-packages/airflow/example_dags/example_sla_dag.py
[2024-04-04T09:58:44.215+0000] {processor.py:840} INFO - DAG(s) 'example_sla_dag' retrieved from /home/airflow/.local/lib/python3.8/site-packages/airflow/example_dags/example_sla_dag.py
[2024-04-04T09:58:44.235+0000] {logging_mixin.py:188} INFO - [2024-04-04T09:58:44.234+0000] {dag.py:3047} INFO - Sync 1 DAGs
[2024-04-04T09:58:44.261+0000] {logging_mixin.py:188} INFO - [2024-04-04T09:58:44.261+0000] {dag.py:3834} INFO - Setting next_dagrun for example_sla_dag to 2024-04-04 09:56:00+00:00, run_after=2024-04-04 09:58:00+00:00
[2024-04-04T09:58:44.292+0000] {processor.py:183} INFO - Processing /home/airflow/.local/lib/python3.8/site-packages/airflow/example_dags/example_sla_dag.py took 0.092 seconds
[2024-04-04T09:59:14.636+0000] {processor.py:161} INFO - Started process (PID=2326) to work on /home/airflow/.local/lib/python3.8/site-packages/airflow/example_dags/example_sla_dag.py
[2024-04-04T09:59:14.638+0000] {processor.py:830} INFO - Processing file /home/airflow/.local/lib/python3.8/site-packages/airflow/example_dags/example_sla_dag.py for tasks to queue
[2024-04-04T09:59:14.640+0000] {logging_mixin.py:188} INFO - [2024-04-04T09:59:14.639+0000] {dagbag.py:540} INFO - Filling up the DagBag from /home/airflow/.local/lib/python3.8/site-packages/airflow/example_dags/example_sla_dag.py
[2024-04-04T09:59:14.649+0000] {processor.py:840} INFO - DAG(s) 'example_sla_dag' retrieved from /home/airflow/.local/lib/python3.8/site-packages/airflow/example_dags/example_sla_dag.py
[2024-04-04T09:59:14.669+0000] {logging_mixin.py:188} INFO - [2024-04-04T09:59:14.669+0000] {dag.py:3047} INFO - Sync 1 DAGs
[2024-04-04T09:59:14.695+0000] {logging_mixin.py:188} INFO - [2024-04-04T09:59:14.694+0000] {dag.py:3834} INFO - Setting next_dagrun for example_sla_dag to 2024-04-04 09:56:00+00:00, run_after=2024-04-04 09:58:00+00:00
[2024-04-04T09:59:14.719+0000] {processor.py:183} INFO - Processing /home/airflow/.local/lib/python3.8/site-packages/airflow/example_dags/example_sla_dag.py took 0.086 seconds
[2024-04-04T09:59:45.002+0000] {processor.py:161} INFO - Started process (PID=2382) to work on /home/airflow/.local/lib/python3.8/site-packages/airflow/example_dags/example_sla_dag.py
[2024-04-04T09:59:45.004+0000] {processor.py:830} INFO - Processing file /home/airflow/.local/lib/python3.8/site-packages/airflow/example_dags/example_sla_dag.py for tasks to queue
[2024-04-04T09:59:45.006+0000] {logging_mixin.py:188} INFO - [2024-04-04T09:59:45.006+0000] {dagbag.py:540} INFO - Filling up the DagBag from /home/airflow/.local/lib/python3.8/site-packages/airflow/example_dags/example_sla_dag.py
[2024-04-04T09:59:45.017+0000] {processor.py:840} INFO - DAG(s) 'example_sla_dag' retrieved from /home/airflow/.local/lib/python3.8/site-packages/airflow/example_dags/example_sla_dag.py
[2024-04-04T09:59:45.039+0000] {logging_mixin.py:188} INFO - [2024-04-04T09:59:45.039+0000] {dag.py:3047} INFO - Sync 1 DAGs
[2024-04-04T09:59:45.069+0000] {logging_mixin.py:188} INFO - [2024-04-04T09:59:45.069+0000] {dag.py:3834} INFO - Setting next_dagrun for example_sla_dag to 2024-04-04 09:56:00+00:00, run_after=2024-04-04 09:58:00+00:00
[2024-04-04T09:59:45.095+0000] {processor.py:183} INFO - Processing /home/airflow/.local/lib/python3.8/site-packages/airflow/example_dags/example_sla_dag.py took 0.095 seconds
[2024-04-04T10:00:15.507+0000] {processor.py:161} INFO - Started process (PID=2438) to work on /home/airflow/.local/lib/python3.8/site-packages/airflow/example_dags/example_sla_dag.py
[2024-04-04T10:00:15.508+0000] {processor.py:830} INFO - Processing file /home/airflow/.local/lib/python3.8/site-packages/airflow/example_dags/example_sla_dag.py for tasks to queue
[2024-04-04T10:00:15.510+0000] {logging_mixin.py:188} INFO - [2024-04-04T10:00:15.510+0000] {dagbag.py:540} INFO - Filling up the DagBag from /home/airflow/.local/lib/python3.8/site-packages/airflow/example_dags/example_sla_dag.py
[2024-04-04T10:00:15.518+0000] {processor.py:840} INFO - DAG(s) 'example_sla_dag' retrieved from /home/airflow/.local/lib/python3.8/site-packages/airflow/example_dags/example_sla_dag.py
[2024-04-04T10:00:15.540+0000] {logging_mixin.py:188} INFO - [2024-04-04T10:00:15.540+0000] {dag.py:3047} INFO - Sync 1 DAGs
[2024-04-04T10:00:15.566+0000] {logging_mixin.py:188} INFO - [2024-04-04T10:00:15.566+0000] {dag.py:3834} INFO - Setting next_dagrun for example_sla_dag to 2024-04-04 09:58:00+00:00, run_after=2024-04-04 10:00:00+00:00
[2024-04-04T10:00:15.593+0000] {processor.py:183} INFO - Processing /home/airflow/.local/lib/python3.8/site-packages/airflow/example_dags/example_sla_dag.py took 0.089 seconds
[2024-04-04T10:00:46.202+0000] {processor.py:161} INFO - Started process (PID=2494) to work on /home/airflow/.local/lib/python3.8/site-packages/airflow/example_dags/example_sla_dag.py
[2024-04-04T10:00:46.204+0000] {processor.py:830} INFO - Processing file /home/airflow/.local/lib/python3.8/site-packages/airflow/example_dags/example_sla_dag.py for tasks to queue
[2024-04-04T10:00:46.206+0000] {logging_mixin.py:188} INFO - [2024-04-04T10:00:46.206+0000] {dagbag.py:540} INFO - Filling up the DagBag from /home/airflow/.local/lib/python3.8/site-packages/airflow/example_dags/example_sla_dag.py
[2024-04-04T10:00:46.216+0000] {processor.py:840} INFO - DAG(s) 'example_sla_dag' retrieved from /home/airflow/.local/lib/python3.8/site-packages/airflow/example_dags/example_sla_dag.py
[2024-04-04T10:00:46.242+0000] {logging_mixin.py:188} INFO - [2024-04-04T10:00:46.241+0000] {dag.py:3047} INFO - Sync 1 DAGs
[2024-04-04T10:00:46.279+0000] {logging_mixin.py:188} INFO - [2024-04-04T10:00:46.278+0000] {dag.py:3834} INFO - Setting next_dagrun for example_sla_dag to 2024-04-04 09:58:00+00:00, run_after=2024-04-04 10:00:00+00:00
[2024-04-04T10:00:46.306+0000] {processor.py:183} INFO - Processing /home/airflow/.local/lib/python3.8/site-packages/airflow/example_dags/example_sla_dag.py took 0.106 seconds
[2024-04-04T10:01:16.365+0000] {processor.py:161} INFO - Started process (PID=2551) to work on /home/airflow/.local/lib/python3.8/site-packages/airflow/example_dags/example_sla_dag.py
[2024-04-04T10:01:16.366+0000] {processor.py:830} INFO - Processing file /home/airflow/.local/lib/python3.8/site-packages/airflow/example_dags/example_sla_dag.py for tasks to queue
[2024-04-04T10:01:16.368+0000] {logging_mixin.py:188} INFO - [2024-04-04T10:01:16.368+0000] {dagbag.py:540} INFO - Filling up the DagBag from /home/airflow/.local/lib/python3.8/site-packages/airflow/example_dags/example_sla_dag.py
[2024-04-04T10:01:16.377+0000] {processor.py:840} INFO - DAG(s) 'example_sla_dag' retrieved from /home/airflow/.local/lib/python3.8/site-packages/airflow/example_dags/example_sla_dag.py
[2024-04-04T10:01:16.399+0000] {logging_mixin.py:188} INFO - [2024-04-04T10:01:16.398+0000] {dag.py:3047} INFO - Sync 1 DAGs
[2024-04-04T10:01:16.424+0000] {logging_mixin.py:188} INFO - [2024-04-04T10:01:16.424+0000] {dag.py:3834} INFO - Setting next_dagrun for example_sla_dag to 2024-04-04 09:58:00+00:00, run_after=2024-04-04 10:00:00+00:00
[2024-04-04T10:01:16.449+0000] {processor.py:183} INFO - Processing /home/airflow/.local/lib/python3.8/site-packages/airflow/example_dags/example_sla_dag.py took 0.087 seconds
[2024-04-04T10:01:47.000+0000] {processor.py:161} INFO - Started process (PID=2607) to work on /home/airflow/.local/lib/python3.8/site-packages/airflow/example_dags/example_sla_dag.py
[2024-04-04T10:01:47.002+0000] {processor.py:830} INFO - Processing file /home/airflow/.local/lib/python3.8/site-packages/airflow/example_dags/example_sla_dag.py for tasks to queue
[2024-04-04T10:01:47.004+0000] {logging_mixin.py:188} INFO - [2024-04-04T10:01:47.004+0000] {dagbag.py:540} INFO - Filling up the DagBag from /home/airflow/.local/lib/python3.8/site-packages/airflow/example_dags/example_sla_dag.py
[2024-04-04T10:01:47.013+0000] {processor.py:840} INFO - DAG(s) 'example_sla_dag' retrieved from /home/airflow/.local/lib/python3.8/site-packages/airflow/example_dags/example_sla_dag.py
[2024-04-04T10:01:47.036+0000] {logging_mixin.py:188} INFO - [2024-04-04T10:01:47.035+0000] {dag.py:3047} INFO - Sync 1 DAGs
[2024-04-04T10:01:47.065+0000] {logging_mixin.py:188} INFO - [2024-04-04T10:01:47.064+0000] {dag.py:3834} INFO - Setting next_dagrun for example_sla_dag to 2024-04-04 09:58:00+00:00, run_after=2024-04-04 10:00:00+00:00
[2024-04-04T10:01:47.090+0000] {processor.py:183} INFO - Processing /home/airflow/.local/lib/python3.8/site-packages/airflow/example_dags/example_sla_dag.py took 0.093 seconds
[2024-04-04T10:02:17.612+0000] {processor.py:161} INFO - Started process (PID=2663) to work on /home/airflow/.local/lib/python3.8/site-packages/airflow/example_dags/example_sla_dag.py
[2024-04-04T10:02:17.614+0000] {processor.py:830} INFO - Processing file /home/airflow/.local/lib/python3.8/site-packages/airflow/example_dags/example_sla_dag.py for tasks to queue
[2024-04-04T10:02:17.616+0000] {logging_mixin.py:188} INFO - [2024-04-04T10:02:17.616+0000] {dagbag.py:540} INFO - Filling up the DagBag from /home/airflow/.local/lib/python3.8/site-packages/airflow/example_dags/example_sla_dag.py
[2024-04-04T10:02:17.627+0000] {processor.py:840} INFO - DAG(s) 'example_sla_dag' retrieved from /home/airflow/.local/lib/python3.8/site-packages/airflow/example_dags/example_sla_dag.py
[2024-04-04T10:02:17.657+0000] {logging_mixin.py:188} INFO - [2024-04-04T10:02:17.656+0000] {dag.py:3047} INFO - Sync 1 DAGs
[2024-04-04T10:02:17.688+0000] {logging_mixin.py:188} INFO - [2024-04-04T10:02:17.688+0000] {dag.py:3834} INFO - Setting next_dagrun for example_sla_dag to 2024-04-04 10:00:00+00:00, run_after=2024-04-04 10:02:00+00:00
[2024-04-04T10:02:17.719+0000] {processor.py:183} INFO - Processing /home/airflow/.local/lib/python3.8/site-packages/airflow/example_dags/example_sla_dag.py took 0.110 seconds
[2024-04-04T10:02:48.070+0000] {processor.py:161} INFO - Started process (PID=2719) to work on /home/airflow/.local/lib/python3.8/site-packages/airflow/example_dags/example_sla_dag.py
[2024-04-04T10:02:48.072+0000] {processor.py:830} INFO - Processing file /home/airflow/.local/lib/python3.8/site-packages/airflow/example_dags/example_sla_dag.py for tasks to queue
[2024-04-04T10:02:48.074+0000] {logging_mixin.py:188} INFO - [2024-04-04T10:02:48.073+0000] {dagbag.py:540} INFO - Filling up the DagBag from /home/airflow/.local/lib/python3.8/site-packages/airflow/example_dags/example_sla_dag.py
[2024-04-04T10:02:48.081+0000] {processor.py:840} INFO - DAG(s) 'example_sla_dag' retrieved from /home/airflow/.local/lib/python3.8/site-packages/airflow/example_dags/example_sla_dag.py
[2024-04-04T10:02:48.104+0000] {logging_mixin.py:188} INFO - [2024-04-04T10:02:48.104+0000] {dag.py:3047} INFO - Sync 1 DAGs
[2024-04-04T10:02:48.132+0000] {logging_mixin.py:188} INFO - [2024-04-04T10:02:48.131+0000] {dag.py:3834} INFO - Setting next_dagrun for example_sla_dag to 2024-04-04 10:00:00+00:00, run_after=2024-04-04 10:02:00+00:00
[2024-04-04T10:02:48.159+0000] {processor.py:183} INFO - Processing /home/airflow/.local/lib/python3.8/site-packages/airflow/example_dags/example_sla_dag.py took 0.091 seconds
[2024-04-04T10:03:18.377+0000] {processor.py:161} INFO - Started process (PID=2775) to work on /home/airflow/.local/lib/python3.8/site-packages/airflow/example_dags/example_sla_dag.py
[2024-04-04T10:03:18.378+0000] {processor.py:830} INFO - Processing file /home/airflow/.local/lib/python3.8/site-packages/airflow/example_dags/example_sla_dag.py for tasks to queue
[2024-04-04T10:03:18.380+0000] {logging_mixin.py:188} INFO - [2024-04-04T10:03:18.380+0000] {dagbag.py:540} INFO - Filling up the DagBag from /home/airflow/.local/lib/python3.8/site-packages/airflow/example_dags/example_sla_dag.py
[2024-04-04T10:03:18.388+0000] {processor.py:840} INFO - DAG(s) 'example_sla_dag' retrieved from /home/airflow/.local/lib/python3.8/site-packages/airflow/example_dags/example_sla_dag.py
[2024-04-04T10:03:18.412+0000] {logging_mixin.py:188} INFO - [2024-04-04T10:03:18.411+0000] {dag.py:3047} INFO - Sync 1 DAGs
[2024-04-04T10:03:18.441+0000] {logging_mixin.py:188} INFO - [2024-04-04T10:03:18.440+0000] {dag.py:3834} INFO - Setting next_dagrun for example_sla_dag to 2024-04-04 10:00:00+00:00, run_after=2024-04-04 10:02:00+00:00
[2024-04-04T10:03:18.469+0000] {processor.py:183} INFO - Processing /home/airflow/.local/lib/python3.8/site-packages/airflow/example_dags/example_sla_dag.py took 0.095 seconds
