[2024-04-04T09:38:51.024+0000] {processor.py:161} INFO - Started process (PID=46) to work on /home/airflow/.local/lib/python3.8/site-packages/airflow/example_dags/example_short_circuit_decorator.py
[2024-04-04T09:38:51.026+0000] {processor.py:830} INFO - Processing file /home/airflow/.local/lib/python3.8/site-packages/airflow/example_dags/example_short_circuit_decorator.py for tasks to queue
[2024-04-04T09:38:51.030+0000] {logging_mixin.py:188} INFO - [2024-04-04T09:38:51.029+0000] {dagbag.py:540} INFO - Filling up the DagBag from /home/airflow/.local/lib/python3.8/site-packages/airflow/example_dags/example_short_circuit_decorator.py
[2024-04-04T09:38:51.048+0000] {processor.py:840} INFO - DAG(s) 'example_short_circuit_decorator' retrieved from /home/airflow/.local/lib/python3.8/site-packages/airflow/example_dags/example_short_circuit_decorator.py
[2024-04-04T09:38:51.184+0000] {logging_mixin.py:188} INFO - [2024-04-04T09:38:51.184+0000] {dag.py:3047} INFO - Sync 1 DAGs
[2024-04-04T09:38:51.217+0000] {logging_mixin.py:188} INFO - [2024-04-04T09:38:51.217+0000] {dag.py:3834} INFO - Setting next_dagrun for example_short_circuit_decorator to 2024-04-03 00:00:00+00:00, run_after=2024-04-04 00:00:00+00:00
[2024-04-04T09:38:51.253+0000] {processor.py:183} INFO - Processing /home/airflow/.local/lib/python3.8/site-packages/airflow/example_dags/example_short_circuit_decorator.py took 0.234 seconds
[2024-04-04T09:39:21.663+0000] {processor.py:161} INFO - Started process (PID=102) to work on /home/airflow/.local/lib/python3.8/site-packages/airflow/example_dags/example_short_circuit_decorator.py
[2024-04-04T09:39:21.664+0000] {processor.py:830} INFO - Processing file /home/airflow/.local/lib/python3.8/site-packages/airflow/example_dags/example_short_circuit_decorator.py for tasks to queue
[2024-04-04T09:39:21.667+0000] {logging_mixin.py:188} INFO - [2024-04-04T09:39:21.666+0000] {dagbag.py:540} INFO - Filling up the DagBag from /home/airflow/.local/lib/python3.8/site-packages/airflow/example_dags/example_short_circuit_decorator.py
[2024-04-04T09:39:21.676+0000] {processor.py:840} INFO - DAG(s) 'example_short_circuit_decorator' retrieved from /home/airflow/.local/lib/python3.8/site-packages/airflow/example_dags/example_short_circuit_decorator.py
[2024-04-04T09:39:21.705+0000] {logging_mixin.py:188} INFO - [2024-04-04T09:39:21.704+0000] {dag.py:3047} INFO - Sync 1 DAGs
[2024-04-04T09:39:21.740+0000] {logging_mixin.py:188} INFO - [2024-04-04T09:39:21.739+0000] {dag.py:3834} INFO - Setting next_dagrun for example_short_circuit_decorator to 2024-04-03 00:00:00+00:00, run_after=2024-04-04 00:00:00+00:00
[2024-04-04T09:39:21.766+0000] {processor.py:183} INFO - Processing /home/airflow/.local/lib/python3.8/site-packages/airflow/example_dags/example_short_circuit_decorator.py took 0.106 seconds
[2024-04-04T09:39:52.050+0000] {processor.py:161} INFO - Started process (PID=158) to work on /home/airflow/.local/lib/python3.8/site-packages/airflow/example_dags/example_short_circuit_decorator.py
[2024-04-04T09:39:52.051+0000] {processor.py:830} INFO - Processing file /home/airflow/.local/lib/python3.8/site-packages/airflow/example_dags/example_short_circuit_decorator.py for tasks to queue
[2024-04-04T09:39:52.053+0000] {logging_mixin.py:188} INFO - [2024-04-04T09:39:52.053+0000] {dagbag.py:540} INFO - Filling up the DagBag from /home/airflow/.local/lib/python3.8/site-packages/airflow/example_dags/example_short_circuit_decorator.py
[2024-04-04T09:39:52.063+0000] {processor.py:840} INFO - DAG(s) 'example_short_circuit_decorator' retrieved from /home/airflow/.local/lib/python3.8/site-packages/airflow/example_dags/example_short_circuit_decorator.py
[2024-04-04T09:39:52.091+0000] {logging_mixin.py:188} INFO - [2024-04-04T09:39:52.091+0000] {dag.py:3047} INFO - Sync 1 DAGs
[2024-04-04T09:39:52.117+0000] {logging_mixin.py:188} INFO - [2024-04-04T09:39:52.117+0000] {dag.py:3834} INFO - Setting next_dagrun for example_short_circuit_decorator to 2024-04-03 00:00:00+00:00, run_after=2024-04-04 00:00:00+00:00
[2024-04-04T09:39:52.145+0000] {processor.py:183} INFO - Processing /home/airflow/.local/lib/python3.8/site-packages/airflow/example_dags/example_short_circuit_decorator.py took 0.097 seconds
[2024-04-04T09:40:22.525+0000] {processor.py:161} INFO - Started process (PID=214) to work on /home/airflow/.local/lib/python3.8/site-packages/airflow/example_dags/example_short_circuit_decorator.py
[2024-04-04T09:40:22.526+0000] {processor.py:830} INFO - Processing file /home/airflow/.local/lib/python3.8/site-packages/airflow/example_dags/example_short_circuit_decorator.py for tasks to queue
[2024-04-04T09:40:22.528+0000] {logging_mixin.py:188} INFO - [2024-04-04T09:40:22.528+0000] {dagbag.py:540} INFO - Filling up the DagBag from /home/airflow/.local/lib/python3.8/site-packages/airflow/example_dags/example_short_circuit_decorator.py
[2024-04-04T09:40:22.536+0000] {processor.py:840} INFO - DAG(s) 'example_short_circuit_decorator' retrieved from /home/airflow/.local/lib/python3.8/site-packages/airflow/example_dags/example_short_circuit_decorator.py
[2024-04-04T09:40:22.561+0000] {logging_mixin.py:188} INFO - [2024-04-04T09:40:22.561+0000] {dag.py:3047} INFO - Sync 1 DAGs
[2024-04-04T09:40:22.586+0000] {logging_mixin.py:188} INFO - [2024-04-04T09:40:22.585+0000] {dag.py:3834} INFO - Setting next_dagrun for example_short_circuit_decorator to 2024-04-03 00:00:00+00:00, run_after=2024-04-04 00:00:00+00:00
[2024-04-04T09:40:22.614+0000] {processor.py:183} INFO - Processing /home/airflow/.local/lib/python3.8/site-packages/airflow/example_dags/example_short_circuit_decorator.py took 0.093 seconds
[2024-04-04T09:40:53.049+0000] {processor.py:161} INFO - Started process (PID=270) to work on /home/airflow/.local/lib/python3.8/site-packages/airflow/example_dags/example_short_circuit_decorator.py
[2024-04-04T09:40:53.050+0000] {processor.py:830} INFO - Processing file /home/airflow/.local/lib/python3.8/site-packages/airflow/example_dags/example_short_circuit_decorator.py for tasks to queue
[2024-04-04T09:40:53.053+0000] {logging_mixin.py:188} INFO - [2024-04-04T09:40:53.052+0000] {dagbag.py:540} INFO - Filling up the DagBag from /home/airflow/.local/lib/python3.8/site-packages/airflow/example_dags/example_short_circuit_decorator.py
[2024-04-04T09:40:53.060+0000] {processor.py:840} INFO - DAG(s) 'example_short_circuit_decorator' retrieved from /home/airflow/.local/lib/python3.8/site-packages/airflow/example_dags/example_short_circuit_decorator.py
[2024-04-04T09:40:53.087+0000] {logging_mixin.py:188} INFO - [2024-04-04T09:40:53.087+0000] {dag.py:3047} INFO - Sync 1 DAGs
[2024-04-04T09:40:53.113+0000] {logging_mixin.py:188} INFO - [2024-04-04T09:40:53.113+0000] {dag.py:3834} INFO - Setting next_dagrun for example_short_circuit_decorator to 2024-04-03 00:00:00+00:00, run_after=2024-04-04 00:00:00+00:00
[2024-04-04T09:40:53.140+0000] {processor.py:183} INFO - Processing /home/airflow/.local/lib/python3.8/site-packages/airflow/example_dags/example_short_circuit_decorator.py took 0.095 seconds
[2024-04-04T09:41:23.447+0000] {processor.py:161} INFO - Started process (PID=326) to work on /home/airflow/.local/lib/python3.8/site-packages/airflow/example_dags/example_short_circuit_decorator.py
[2024-04-04T09:41:23.448+0000] {processor.py:830} INFO - Processing file /home/airflow/.local/lib/python3.8/site-packages/airflow/example_dags/example_short_circuit_decorator.py for tasks to queue
[2024-04-04T09:41:23.450+0000] {logging_mixin.py:188} INFO - [2024-04-04T09:41:23.450+0000] {dagbag.py:540} INFO - Filling up the DagBag from /home/airflow/.local/lib/python3.8/site-packages/airflow/example_dags/example_short_circuit_decorator.py
[2024-04-04T09:41:23.460+0000] {processor.py:840} INFO - DAG(s) 'example_short_circuit_decorator' retrieved from /home/airflow/.local/lib/python3.8/site-packages/airflow/example_dags/example_short_circuit_decorator.py
[2024-04-04T09:41:23.487+0000] {logging_mixin.py:188} INFO - [2024-04-04T09:41:23.486+0000] {dag.py:3047} INFO - Sync 1 DAGs
[2024-04-04T09:41:23.512+0000] {logging_mixin.py:188} INFO - [2024-04-04T09:41:23.512+0000] {dag.py:3834} INFO - Setting next_dagrun for example_short_circuit_decorator to 2024-04-03 00:00:00+00:00, run_after=2024-04-04 00:00:00+00:00
[2024-04-04T09:41:23.538+0000] {processor.py:183} INFO - Processing /home/airflow/.local/lib/python3.8/site-packages/airflow/example_dags/example_short_circuit_decorator.py took 0.094 seconds
[2024-04-04T09:41:53.705+0000] {processor.py:161} INFO - Started process (PID=382) to work on /home/airflow/.local/lib/python3.8/site-packages/airflow/example_dags/example_short_circuit_decorator.py
[2024-04-04T09:41:53.707+0000] {processor.py:830} INFO - Processing file /home/airflow/.local/lib/python3.8/site-packages/airflow/example_dags/example_short_circuit_decorator.py for tasks to queue
[2024-04-04T09:41:53.709+0000] {logging_mixin.py:188} INFO - [2024-04-04T09:41:53.709+0000] {dagbag.py:540} INFO - Filling up the DagBag from /home/airflow/.local/lib/python3.8/site-packages/airflow/example_dags/example_short_circuit_decorator.py
[2024-04-04T09:41:53.718+0000] {processor.py:840} INFO - DAG(s) 'example_short_circuit_decorator' retrieved from /home/airflow/.local/lib/python3.8/site-packages/airflow/example_dags/example_short_circuit_decorator.py
[2024-04-04T09:41:53.742+0000] {logging_mixin.py:188} INFO - [2024-04-04T09:41:53.742+0000] {dag.py:3047} INFO - Sync 1 DAGs
[2024-04-04T09:41:53.763+0000] {logging_mixin.py:188} INFO - [2024-04-04T09:41:53.763+0000] {dag.py:3834} INFO - Setting next_dagrun for example_short_circuit_decorator to 2024-04-03 00:00:00+00:00, run_after=2024-04-04 00:00:00+00:00
[2024-04-04T09:41:53.789+0000] {processor.py:183} INFO - Processing /home/airflow/.local/lib/python3.8/site-packages/airflow/example_dags/example_short_circuit_decorator.py took 0.086 seconds
[2024-04-04T09:42:23.848+0000] {processor.py:161} INFO - Started process (PID=442) to work on /home/airflow/.local/lib/python3.8/site-packages/airflow/example_dags/example_short_circuit_decorator.py
[2024-04-04T09:42:23.849+0000] {processor.py:830} INFO - Processing file /home/airflow/.local/lib/python3.8/site-packages/airflow/example_dags/example_short_circuit_decorator.py for tasks to queue
[2024-04-04T09:42:23.852+0000] {logging_mixin.py:188} INFO - [2024-04-04T09:42:23.851+0000] {dagbag.py:540} INFO - Filling up the DagBag from /home/airflow/.local/lib/python3.8/site-packages/airflow/example_dags/example_short_circuit_decorator.py
[2024-04-04T09:42:23.860+0000] {processor.py:840} INFO - DAG(s) 'example_short_circuit_decorator' retrieved from /home/airflow/.local/lib/python3.8/site-packages/airflow/example_dags/example_short_circuit_decorator.py
[2024-04-04T09:42:23.888+0000] {logging_mixin.py:188} INFO - [2024-04-04T09:42:23.888+0000] {dag.py:3047} INFO - Sync 1 DAGs
[2024-04-04T09:42:23.914+0000] {logging_mixin.py:188} INFO - [2024-04-04T09:42:23.914+0000] {dag.py:3834} INFO - Setting next_dagrun for example_short_circuit_decorator to 2024-04-03 00:00:00+00:00, run_after=2024-04-04 00:00:00+00:00
[2024-04-04T09:42:23.939+0000] {processor.py:183} INFO - Processing /home/airflow/.local/lib/python3.8/site-packages/airflow/example_dags/example_short_circuit_decorator.py took 0.094 seconds
[2024-04-04T09:42:54.220+0000] {processor.py:161} INFO - Started process (PID=498) to work on /home/airflow/.local/lib/python3.8/site-packages/airflow/example_dags/example_short_circuit_decorator.py
[2024-04-04T09:42:54.221+0000] {processor.py:830} INFO - Processing file /home/airflow/.local/lib/python3.8/site-packages/airflow/example_dags/example_short_circuit_decorator.py for tasks to queue
[2024-04-04T09:42:54.225+0000] {logging_mixin.py:188} INFO - [2024-04-04T09:42:54.224+0000] {dagbag.py:540} INFO - Filling up the DagBag from /home/airflow/.local/lib/python3.8/site-packages/airflow/example_dags/example_short_circuit_decorator.py
[2024-04-04T09:42:54.237+0000] {processor.py:840} INFO - DAG(s) 'example_short_circuit_decorator' retrieved from /home/airflow/.local/lib/python3.8/site-packages/airflow/example_dags/example_short_circuit_decorator.py
[2024-04-04T09:42:54.273+0000] {logging_mixin.py:188} INFO - [2024-04-04T09:42:54.273+0000] {dag.py:3047} INFO - Sync 1 DAGs
[2024-04-04T09:42:54.302+0000] {logging_mixin.py:188} INFO - [2024-04-04T09:42:54.302+0000] {dag.py:3834} INFO - Setting next_dagrun for example_short_circuit_decorator to 2024-04-03 00:00:00+00:00, run_after=2024-04-04 00:00:00+00:00
[2024-04-04T09:42:54.334+0000] {processor.py:183} INFO - Processing /home/airflow/.local/lib/python3.8/site-packages/airflow/example_dags/example_short_circuit_decorator.py took 0.117 seconds
[2024-04-04T09:43:24.904+0000] {processor.py:161} INFO - Started process (PID=555) to work on /home/airflow/.local/lib/python3.8/site-packages/airflow/example_dags/example_short_circuit_decorator.py
[2024-04-04T09:43:24.906+0000] {processor.py:830} INFO - Processing file /home/airflow/.local/lib/python3.8/site-packages/airflow/example_dags/example_short_circuit_decorator.py for tasks to queue
[2024-04-04T09:43:24.909+0000] {logging_mixin.py:188} INFO - [2024-04-04T09:43:24.909+0000] {dagbag.py:540} INFO - Filling up the DagBag from /home/airflow/.local/lib/python3.8/site-packages/airflow/example_dags/example_short_circuit_decorator.py
[2024-04-04T09:43:24.922+0000] {processor.py:840} INFO - DAG(s) 'example_short_circuit_decorator' retrieved from /home/airflow/.local/lib/python3.8/site-packages/airflow/example_dags/example_short_circuit_decorator.py
[2024-04-04T09:43:24.950+0000] {logging_mixin.py:188} INFO - [2024-04-04T09:43:24.949+0000] {dag.py:3047} INFO - Sync 1 DAGs
[2024-04-04T09:43:24.978+0000] {logging_mixin.py:188} INFO - [2024-04-04T09:43:24.978+0000] {dag.py:3834} INFO - Setting next_dagrun for example_short_circuit_decorator to 2024-04-03 00:00:00+00:00, run_after=2024-04-04 00:00:00+00:00
[2024-04-04T09:43:25.016+0000] {processor.py:183} INFO - Processing /home/airflow/.local/lib/python3.8/site-packages/airflow/example_dags/example_short_circuit_decorator.py took 0.115 seconds
[2024-04-04T09:43:55.332+0000] {processor.py:161} INFO - Started process (PID=611) to work on /home/airflow/.local/lib/python3.8/site-packages/airflow/example_dags/example_short_circuit_decorator.py
[2024-04-04T09:43:55.333+0000] {processor.py:830} INFO - Processing file /home/airflow/.local/lib/python3.8/site-packages/airflow/example_dags/example_short_circuit_decorator.py for tasks to queue
[2024-04-04T09:43:55.335+0000] {logging_mixin.py:188} INFO - [2024-04-04T09:43:55.335+0000] {dagbag.py:540} INFO - Filling up the DagBag from /home/airflow/.local/lib/python3.8/site-packages/airflow/example_dags/example_short_circuit_decorator.py
[2024-04-04T09:43:55.345+0000] {processor.py:840} INFO - DAG(s) 'example_short_circuit_decorator' retrieved from /home/airflow/.local/lib/python3.8/site-packages/airflow/example_dags/example_short_circuit_decorator.py
[2024-04-04T09:43:55.371+0000] {logging_mixin.py:188} INFO - [2024-04-04T09:43:55.370+0000] {dag.py:3047} INFO - Sync 1 DAGs
[2024-04-04T09:43:55.398+0000] {logging_mixin.py:188} INFO - [2024-04-04T09:43:55.398+0000] {dag.py:3834} INFO - Setting next_dagrun for example_short_circuit_decorator to 2024-04-03 00:00:00+00:00, run_after=2024-04-04 00:00:00+00:00
[2024-04-04T09:43:55.425+0000] {processor.py:183} INFO - Processing /home/airflow/.local/lib/python3.8/site-packages/airflow/example_dags/example_short_circuit_decorator.py took 0.097 seconds
[2024-04-04T09:44:25.784+0000] {processor.py:161} INFO - Started process (PID=667) to work on /home/airflow/.local/lib/python3.8/site-packages/airflow/example_dags/example_short_circuit_decorator.py
[2024-04-04T09:44:25.786+0000] {processor.py:830} INFO - Processing file /home/airflow/.local/lib/python3.8/site-packages/airflow/example_dags/example_short_circuit_decorator.py for tasks to queue
[2024-04-04T09:44:25.788+0000] {logging_mixin.py:188} INFO - [2024-04-04T09:44:25.788+0000] {dagbag.py:540} INFO - Filling up the DagBag from /home/airflow/.local/lib/python3.8/site-packages/airflow/example_dags/example_short_circuit_decorator.py
[2024-04-04T09:44:25.798+0000] {processor.py:840} INFO - DAG(s) 'example_short_circuit_decorator' retrieved from /home/airflow/.local/lib/python3.8/site-packages/airflow/example_dags/example_short_circuit_decorator.py
[2024-04-04T09:44:25.827+0000] {logging_mixin.py:188} INFO - [2024-04-04T09:44:25.826+0000] {dag.py:3047} INFO - Sync 1 DAGs
[2024-04-04T09:44:25.859+0000] {logging_mixin.py:188} INFO - [2024-04-04T09:44:25.859+0000] {dag.py:3834} INFO - Setting next_dagrun for example_short_circuit_decorator to 2024-04-03 00:00:00+00:00, run_after=2024-04-04 00:00:00+00:00
[2024-04-04T09:44:25.911+0000] {processor.py:183} INFO - Processing /home/airflow/.local/lib/python3.8/site-packages/airflow/example_dags/example_short_circuit_decorator.py took 0.132 seconds
[2024-04-04T09:44:56.183+0000] {processor.py:161} INFO - Started process (PID=722) to work on /home/airflow/.local/lib/python3.8/site-packages/airflow/example_dags/example_short_circuit_decorator.py
[2024-04-04T09:44:56.185+0000] {processor.py:830} INFO - Processing file /home/airflow/.local/lib/python3.8/site-packages/airflow/example_dags/example_short_circuit_decorator.py for tasks to queue
[2024-04-04T09:44:56.188+0000] {logging_mixin.py:188} INFO - [2024-04-04T09:44:56.187+0000] {dagbag.py:540} INFO - Filling up the DagBag from /home/airflow/.local/lib/python3.8/site-packages/airflow/example_dags/example_short_circuit_decorator.py
[2024-04-04T09:44:56.197+0000] {processor.py:840} INFO - DAG(s) 'example_short_circuit_decorator' retrieved from /home/airflow/.local/lib/python3.8/site-packages/airflow/example_dags/example_short_circuit_decorator.py
[2024-04-04T09:44:56.223+0000] {logging_mixin.py:188} INFO - [2024-04-04T09:44:56.223+0000] {dag.py:3047} INFO - Sync 1 DAGs
[2024-04-04T09:44:56.247+0000] {logging_mixin.py:188} INFO - [2024-04-04T09:44:56.247+0000] {dag.py:3834} INFO - Setting next_dagrun for example_short_circuit_decorator to 2024-04-03 00:00:00+00:00, run_after=2024-04-04 00:00:00+00:00
[2024-04-04T09:44:56.273+0000] {processor.py:183} INFO - Processing /home/airflow/.local/lib/python3.8/site-packages/airflow/example_dags/example_short_circuit_decorator.py took 0.093 seconds
[2024-04-04T09:45:26.366+0000] {processor.py:161} INFO - Started process (PID=778) to work on /home/airflow/.local/lib/python3.8/site-packages/airflow/example_dags/example_short_circuit_decorator.py
[2024-04-04T09:45:26.367+0000] {processor.py:830} INFO - Processing file /home/airflow/.local/lib/python3.8/site-packages/airflow/example_dags/example_short_circuit_decorator.py for tasks to queue
[2024-04-04T09:45:26.370+0000] {logging_mixin.py:188} INFO - [2024-04-04T09:45:26.369+0000] {dagbag.py:540} INFO - Filling up the DagBag from /home/airflow/.local/lib/python3.8/site-packages/airflow/example_dags/example_short_circuit_decorator.py
[2024-04-04T09:45:26.380+0000] {processor.py:840} INFO - DAG(s) 'example_short_circuit_decorator' retrieved from /home/airflow/.local/lib/python3.8/site-packages/airflow/example_dags/example_short_circuit_decorator.py
[2024-04-04T09:45:26.405+0000] {logging_mixin.py:188} INFO - [2024-04-04T09:45:26.404+0000] {dag.py:3047} INFO - Sync 1 DAGs
[2024-04-04T09:45:26.428+0000] {logging_mixin.py:188} INFO - [2024-04-04T09:45:26.428+0000] {dag.py:3834} INFO - Setting next_dagrun for example_short_circuit_decorator to 2024-04-03 00:00:00+00:00, run_after=2024-04-04 00:00:00+00:00
[2024-04-04T09:45:26.451+0000] {processor.py:183} INFO - Processing /home/airflow/.local/lib/python3.8/site-packages/airflow/example_dags/example_short_circuit_decorator.py took 0.089 seconds
[2024-04-04T09:45:57.041+0000] {processor.py:161} INFO - Started process (PID=834) to work on /home/airflow/.local/lib/python3.8/site-packages/airflow/example_dags/example_short_circuit_decorator.py
[2024-04-04T09:45:57.043+0000] {processor.py:830} INFO - Processing file /home/airflow/.local/lib/python3.8/site-packages/airflow/example_dags/example_short_circuit_decorator.py for tasks to queue
[2024-04-04T09:45:57.045+0000] {logging_mixin.py:188} INFO - [2024-04-04T09:45:57.045+0000] {dagbag.py:540} INFO - Filling up the DagBag from /home/airflow/.local/lib/python3.8/site-packages/airflow/example_dags/example_short_circuit_decorator.py
[2024-04-04T09:45:57.056+0000] {processor.py:840} INFO - DAG(s) 'example_short_circuit_decorator' retrieved from /home/airflow/.local/lib/python3.8/site-packages/airflow/example_dags/example_short_circuit_decorator.py
[2024-04-04T09:45:57.086+0000] {logging_mixin.py:188} INFO - [2024-04-04T09:45:57.085+0000] {dag.py:3047} INFO - Sync 1 DAGs
[2024-04-04T09:45:57.114+0000] {logging_mixin.py:188} INFO - [2024-04-04T09:45:57.113+0000] {dag.py:3834} INFO - Setting next_dagrun for example_short_circuit_decorator to 2024-04-03 00:00:00+00:00, run_after=2024-04-04 00:00:00+00:00
[2024-04-04T09:45:57.151+0000] {processor.py:183} INFO - Processing /home/airflow/.local/lib/python3.8/site-packages/airflow/example_dags/example_short_circuit_decorator.py took 0.114 seconds
[2024-04-04T09:46:27.545+0000] {processor.py:161} INFO - Started process (PID=890) to work on /home/airflow/.local/lib/python3.8/site-packages/airflow/example_dags/example_short_circuit_decorator.py
[2024-04-04T09:46:27.547+0000] {processor.py:830} INFO - Processing file /home/airflow/.local/lib/python3.8/site-packages/airflow/example_dags/example_short_circuit_decorator.py for tasks to queue
[2024-04-04T09:46:27.549+0000] {logging_mixin.py:188} INFO - [2024-04-04T09:46:27.549+0000] {dagbag.py:540} INFO - Filling up the DagBag from /home/airflow/.local/lib/python3.8/site-packages/airflow/example_dags/example_short_circuit_decorator.py
[2024-04-04T09:46:27.559+0000] {processor.py:840} INFO - DAG(s) 'example_short_circuit_decorator' retrieved from /home/airflow/.local/lib/python3.8/site-packages/airflow/example_dags/example_short_circuit_decorator.py
[2024-04-04T09:46:27.586+0000] {logging_mixin.py:188} INFO - [2024-04-04T09:46:27.586+0000] {dag.py:3047} INFO - Sync 1 DAGs
[2024-04-04T09:46:27.612+0000] {logging_mixin.py:188} INFO - [2024-04-04T09:46:27.611+0000] {dag.py:3834} INFO - Setting next_dagrun for example_short_circuit_decorator to 2024-04-03 00:00:00+00:00, run_after=2024-04-04 00:00:00+00:00
[2024-04-04T09:46:27.642+0000] {processor.py:183} INFO - Processing /home/airflow/.local/lib/python3.8/site-packages/airflow/example_dags/example_short_circuit_decorator.py took 0.100 seconds
[2024-04-04T09:46:57.881+0000] {processor.py:161} INFO - Started process (PID=946) to work on /home/airflow/.local/lib/python3.8/site-packages/airflow/example_dags/example_short_circuit_decorator.py
[2024-04-04T09:46:57.882+0000] {processor.py:830} INFO - Processing file /home/airflow/.local/lib/python3.8/site-packages/airflow/example_dags/example_short_circuit_decorator.py for tasks to queue
[2024-04-04T09:46:57.884+0000] {logging_mixin.py:188} INFO - [2024-04-04T09:46:57.884+0000] {dagbag.py:540} INFO - Filling up the DagBag from /home/airflow/.local/lib/python3.8/site-packages/airflow/example_dags/example_short_circuit_decorator.py
[2024-04-04T09:46:57.894+0000] {processor.py:840} INFO - DAG(s) 'example_short_circuit_decorator' retrieved from /home/airflow/.local/lib/python3.8/site-packages/airflow/example_dags/example_short_circuit_decorator.py
[2024-04-04T09:46:57.918+0000] {logging_mixin.py:188} INFO - [2024-04-04T09:46:57.918+0000] {dag.py:3047} INFO - Sync 1 DAGs
[2024-04-04T09:46:57.942+0000] {logging_mixin.py:188} INFO - [2024-04-04T09:46:57.942+0000] {dag.py:3834} INFO - Setting next_dagrun for example_short_circuit_decorator to 2024-04-03 00:00:00+00:00, run_after=2024-04-04 00:00:00+00:00
[2024-04-04T09:46:57.969+0000] {processor.py:183} INFO - Processing /home/airflow/.local/lib/python3.8/site-packages/airflow/example_dags/example_short_circuit_decorator.py took 0.092 seconds
[2024-04-04T09:47:28.210+0000] {processor.py:161} INFO - Started process (PID=1002) to work on /home/airflow/.local/lib/python3.8/site-packages/airflow/example_dags/example_short_circuit_decorator.py
[2024-04-04T09:47:28.211+0000] {processor.py:830} INFO - Processing file /home/airflow/.local/lib/python3.8/site-packages/airflow/example_dags/example_short_circuit_decorator.py for tasks to queue
[2024-04-04T09:47:28.214+0000] {logging_mixin.py:188} INFO - [2024-04-04T09:47:28.214+0000] {dagbag.py:540} INFO - Filling up the DagBag from /home/airflow/.local/lib/python3.8/site-packages/airflow/example_dags/example_short_circuit_decorator.py
[2024-04-04T09:47:28.225+0000] {processor.py:840} INFO - DAG(s) 'example_short_circuit_decorator' retrieved from /home/airflow/.local/lib/python3.8/site-packages/airflow/example_dags/example_short_circuit_decorator.py
[2024-04-04T09:47:28.252+0000] {logging_mixin.py:188} INFO - [2024-04-04T09:47:28.252+0000] {dag.py:3047} INFO - Sync 1 DAGs
[2024-04-04T09:47:28.277+0000] {logging_mixin.py:188} INFO - [2024-04-04T09:47:28.277+0000] {dag.py:3834} INFO - Setting next_dagrun for example_short_circuit_decorator to 2024-04-03 00:00:00+00:00, run_after=2024-04-04 00:00:00+00:00
[2024-04-04T09:47:28.305+0000] {processor.py:183} INFO - Processing /home/airflow/.local/lib/python3.8/site-packages/airflow/example_dags/example_short_circuit_decorator.py took 0.098 seconds
[2024-04-04T09:47:58.526+0000] {processor.py:161} INFO - Started process (PID=1064) to work on /home/airflow/.local/lib/python3.8/site-packages/airflow/example_dags/example_short_circuit_decorator.py
[2024-04-04T09:47:58.528+0000] {processor.py:830} INFO - Processing file /home/airflow/.local/lib/python3.8/site-packages/airflow/example_dags/example_short_circuit_decorator.py for tasks to queue
[2024-04-04T09:47:58.530+0000] {logging_mixin.py:188} INFO - [2024-04-04T09:47:58.530+0000] {dagbag.py:540} INFO - Filling up the DagBag from /home/airflow/.local/lib/python3.8/site-packages/airflow/example_dags/example_short_circuit_decorator.py
[2024-04-04T09:47:58.539+0000] {processor.py:840} INFO - DAG(s) 'example_short_circuit_decorator' retrieved from /home/airflow/.local/lib/python3.8/site-packages/airflow/example_dags/example_short_circuit_decorator.py
[2024-04-04T09:47:58.567+0000] {logging_mixin.py:188} INFO - [2024-04-04T09:47:58.567+0000] {dag.py:3047} INFO - Sync 1 DAGs
[2024-04-04T09:47:58.590+0000] {logging_mixin.py:188} INFO - [2024-04-04T09:47:58.590+0000] {dag.py:3834} INFO - Setting next_dagrun for example_short_circuit_decorator to 2024-04-03 00:00:00+00:00, run_after=2024-04-04 00:00:00+00:00
[2024-04-04T09:47:58.616+0000] {processor.py:183} INFO - Processing /home/airflow/.local/lib/python3.8/site-packages/airflow/example_dags/example_short_circuit_decorator.py took 0.093 seconds
[2024-04-04T09:48:28.994+0000] {processor.py:161} INFO - Started process (PID=1120) to work on /home/airflow/.local/lib/python3.8/site-packages/airflow/example_dags/example_short_circuit_decorator.py
[2024-04-04T09:48:28.996+0000] {processor.py:830} INFO - Processing file /home/airflow/.local/lib/python3.8/site-packages/airflow/example_dags/example_short_circuit_decorator.py for tasks to queue
[2024-04-04T09:48:28.998+0000] {logging_mixin.py:188} INFO - [2024-04-04T09:48:28.997+0000] {dagbag.py:540} INFO - Filling up the DagBag from /home/airflow/.local/lib/python3.8/site-packages/airflow/example_dags/example_short_circuit_decorator.py
[2024-04-04T09:48:29.006+0000] {processor.py:840} INFO - DAG(s) 'example_short_circuit_decorator' retrieved from /home/airflow/.local/lib/python3.8/site-packages/airflow/example_dags/example_short_circuit_decorator.py
[2024-04-04T09:48:29.032+0000] {logging_mixin.py:188} INFO - [2024-04-04T09:48:29.031+0000] {dag.py:3047} INFO - Sync 1 DAGs
[2024-04-04T09:48:29.055+0000] {logging_mixin.py:188} INFO - [2024-04-04T09:48:29.055+0000] {dag.py:3834} INFO - Setting next_dagrun for example_short_circuit_decorator to 2024-04-03 00:00:00+00:00, run_after=2024-04-04 00:00:00+00:00
[2024-04-04T09:48:29.084+0000] {processor.py:183} INFO - Processing /home/airflow/.local/lib/python3.8/site-packages/airflow/example_dags/example_short_circuit_decorator.py took 0.092 seconds
[2024-04-04T09:49:00.047+0000] {processor.py:161} INFO - Started process (PID=1176) to work on /home/airflow/.local/lib/python3.8/site-packages/airflow/example_dags/example_short_circuit_decorator.py
[2024-04-04T09:49:00.049+0000] {processor.py:830} INFO - Processing file /home/airflow/.local/lib/python3.8/site-packages/airflow/example_dags/example_short_circuit_decorator.py for tasks to queue
[2024-04-04T09:49:00.053+0000] {logging_mixin.py:188} INFO - [2024-04-04T09:49:00.052+0000] {dagbag.py:540} INFO - Filling up the DagBag from /home/airflow/.local/lib/python3.8/site-packages/airflow/example_dags/example_short_circuit_decorator.py
[2024-04-04T09:49:00.069+0000] {processor.py:840} INFO - DAG(s) 'example_short_circuit_decorator' retrieved from /home/airflow/.local/lib/python3.8/site-packages/airflow/example_dags/example_short_circuit_decorator.py
[2024-04-04T09:49:00.108+0000] {logging_mixin.py:188} INFO - [2024-04-04T09:49:00.107+0000] {dag.py:3047} INFO - Sync 1 DAGs
[2024-04-04T09:49:00.144+0000] {logging_mixin.py:188} INFO - [2024-04-04T09:49:00.144+0000] {dag.py:3834} INFO - Setting next_dagrun for example_short_circuit_decorator to 2024-04-03 00:00:00+00:00, run_after=2024-04-04 00:00:00+00:00
[2024-04-04T09:49:00.180+0000] {processor.py:183} INFO - Processing /home/airflow/.local/lib/python3.8/site-packages/airflow/example_dags/example_short_circuit_decorator.py took 0.137 seconds
[2024-04-04T09:49:30.565+0000] {processor.py:161} INFO - Started process (PID=1233) to work on /home/airflow/.local/lib/python3.8/site-packages/airflow/example_dags/example_short_circuit_decorator.py
[2024-04-04T09:49:30.566+0000] {processor.py:830} INFO - Processing file /home/airflow/.local/lib/python3.8/site-packages/airflow/example_dags/example_short_circuit_decorator.py for tasks to queue
[2024-04-04T09:49:30.568+0000] {logging_mixin.py:188} INFO - [2024-04-04T09:49:30.568+0000] {dagbag.py:540} INFO - Filling up the DagBag from /home/airflow/.local/lib/python3.8/site-packages/airflow/example_dags/example_short_circuit_decorator.py
[2024-04-04T09:49:30.578+0000] {processor.py:840} INFO - DAG(s) 'example_short_circuit_decorator' retrieved from /home/airflow/.local/lib/python3.8/site-packages/airflow/example_dags/example_short_circuit_decorator.py
[2024-04-04T09:49:30.606+0000] {logging_mixin.py:188} INFO - [2024-04-04T09:49:30.605+0000] {dag.py:3047} INFO - Sync 1 DAGs
[2024-04-04T09:49:30.631+0000] {logging_mixin.py:188} INFO - [2024-04-04T09:49:30.631+0000] {dag.py:3834} INFO - Setting next_dagrun for example_short_circuit_decorator to 2024-04-03 00:00:00+00:00, run_after=2024-04-04 00:00:00+00:00
[2024-04-04T09:49:30.658+0000] {processor.py:183} INFO - Processing /home/airflow/.local/lib/python3.8/site-packages/airflow/example_dags/example_short_circuit_decorator.py took 0.097 seconds
[2024-04-04T09:50:01.016+0000] {processor.py:161} INFO - Started process (PID=1292) to work on /home/airflow/.local/lib/python3.8/site-packages/airflow/example_dags/example_short_circuit_decorator.py
[2024-04-04T09:50:01.018+0000] {processor.py:830} INFO - Processing file /home/airflow/.local/lib/python3.8/site-packages/airflow/example_dags/example_short_circuit_decorator.py for tasks to queue
[2024-04-04T09:50:01.021+0000] {logging_mixin.py:188} INFO - [2024-04-04T09:50:01.020+0000] {dagbag.py:540} INFO - Filling up the DagBag from /home/airflow/.local/lib/python3.8/site-packages/airflow/example_dags/example_short_circuit_decorator.py
[2024-04-04T09:50:01.030+0000] {processor.py:840} INFO - DAG(s) 'example_short_circuit_decorator' retrieved from /home/airflow/.local/lib/python3.8/site-packages/airflow/example_dags/example_short_circuit_decorator.py
[2024-04-04T09:50:01.055+0000] {logging_mixin.py:188} INFO - [2024-04-04T09:50:01.054+0000] {dag.py:3047} INFO - Sync 1 DAGs
[2024-04-04T09:50:01.081+0000] {logging_mixin.py:188} INFO - [2024-04-04T09:50:01.081+0000] {dag.py:3834} INFO - Setting next_dagrun for example_short_circuit_decorator to 2024-04-03 00:00:00+00:00, run_after=2024-04-04 00:00:00+00:00
[2024-04-04T09:50:01.109+0000] {processor.py:183} INFO - Processing /home/airflow/.local/lib/python3.8/site-packages/airflow/example_dags/example_short_circuit_decorator.py took 0.095 seconds
[2024-04-04T09:50:31.329+0000] {processor.py:161} INFO - Started process (PID=1348) to work on /home/airflow/.local/lib/python3.8/site-packages/airflow/example_dags/example_short_circuit_decorator.py
[2024-04-04T09:50:31.330+0000] {processor.py:830} INFO - Processing file /home/airflow/.local/lib/python3.8/site-packages/airflow/example_dags/example_short_circuit_decorator.py for tasks to queue
[2024-04-04T09:50:31.332+0000] {logging_mixin.py:188} INFO - [2024-04-04T09:50:31.332+0000] {dagbag.py:540} INFO - Filling up the DagBag from /home/airflow/.local/lib/python3.8/site-packages/airflow/example_dags/example_short_circuit_decorator.py
[2024-04-04T09:50:31.343+0000] {processor.py:840} INFO - DAG(s) 'example_short_circuit_decorator' retrieved from /home/airflow/.local/lib/python3.8/site-packages/airflow/example_dags/example_short_circuit_decorator.py
[2024-04-04T09:50:31.370+0000] {logging_mixin.py:188} INFO - [2024-04-04T09:50:31.370+0000] {dag.py:3047} INFO - Sync 1 DAGs
[2024-04-04T09:50:31.395+0000] {logging_mixin.py:188} INFO - [2024-04-04T09:50:31.395+0000] {dag.py:3834} INFO - Setting next_dagrun for example_short_circuit_decorator to 2024-04-03 00:00:00+00:00, run_after=2024-04-04 00:00:00+00:00
[2024-04-04T09:50:31.426+0000] {processor.py:183} INFO - Processing /home/airflow/.local/lib/python3.8/site-packages/airflow/example_dags/example_short_circuit_decorator.py took 0.099 seconds
[2024-04-04T09:51:01.815+0000] {processor.py:161} INFO - Started process (PID=1404) to work on /home/airflow/.local/lib/python3.8/site-packages/airflow/example_dags/example_short_circuit_decorator.py
[2024-04-04T09:51:01.817+0000] {processor.py:830} INFO - Processing file /home/airflow/.local/lib/python3.8/site-packages/airflow/example_dags/example_short_circuit_decorator.py for tasks to queue
[2024-04-04T09:51:01.819+0000] {logging_mixin.py:188} INFO - [2024-04-04T09:51:01.819+0000] {dagbag.py:540} INFO - Filling up the DagBag from /home/airflow/.local/lib/python3.8/site-packages/airflow/example_dags/example_short_circuit_decorator.py
[2024-04-04T09:51:01.828+0000] {processor.py:840} INFO - DAG(s) 'example_short_circuit_decorator' retrieved from /home/airflow/.local/lib/python3.8/site-packages/airflow/example_dags/example_short_circuit_decorator.py
[2024-04-04T09:51:01.856+0000] {logging_mixin.py:188} INFO - [2024-04-04T09:51:01.856+0000] {dag.py:3047} INFO - Sync 1 DAGs
[2024-04-04T09:51:01.881+0000] {logging_mixin.py:188} INFO - [2024-04-04T09:51:01.881+0000] {dag.py:3834} INFO - Setting next_dagrun for example_short_circuit_decorator to 2024-04-03 00:00:00+00:00, run_after=2024-04-04 00:00:00+00:00
[2024-04-04T09:51:01.908+0000] {processor.py:183} INFO - Processing /home/airflow/.local/lib/python3.8/site-packages/airflow/example_dags/example_short_circuit_decorator.py took 0.096 seconds
[2024-04-04T09:51:32.346+0000] {processor.py:161} INFO - Started process (PID=1460) to work on /home/airflow/.local/lib/python3.8/site-packages/airflow/example_dags/example_short_circuit_decorator.py
[2024-04-04T09:51:32.348+0000] {processor.py:830} INFO - Processing file /home/airflow/.local/lib/python3.8/site-packages/airflow/example_dags/example_short_circuit_decorator.py for tasks to queue
[2024-04-04T09:51:32.352+0000] {logging_mixin.py:188} INFO - [2024-04-04T09:51:32.351+0000] {dagbag.py:540} INFO - Filling up the DagBag from /home/airflow/.local/lib/python3.8/site-packages/airflow/example_dags/example_short_circuit_decorator.py
[2024-04-04T09:51:32.366+0000] {processor.py:840} INFO - DAG(s) 'example_short_circuit_decorator' retrieved from /home/airflow/.local/lib/python3.8/site-packages/airflow/example_dags/example_short_circuit_decorator.py
[2024-04-04T09:51:32.402+0000] {logging_mixin.py:188} INFO - [2024-04-04T09:51:32.401+0000] {dag.py:3047} INFO - Sync 1 DAGs
[2024-04-04T09:51:32.435+0000] {logging_mixin.py:188} INFO - [2024-04-04T09:51:32.434+0000] {dag.py:3834} INFO - Setting next_dagrun for example_short_circuit_decorator to 2024-04-03 00:00:00+00:00, run_after=2024-04-04 00:00:00+00:00
[2024-04-04T09:51:32.475+0000] {processor.py:183} INFO - Processing /home/airflow/.local/lib/python3.8/site-packages/airflow/example_dags/example_short_circuit_decorator.py took 0.134 seconds
[2024-04-04T09:52:02.898+0000] {processor.py:161} INFO - Started process (PID=1516) to work on /home/airflow/.local/lib/python3.8/site-packages/airflow/example_dags/example_short_circuit_decorator.py
[2024-04-04T09:52:02.899+0000] {processor.py:830} INFO - Processing file /home/airflow/.local/lib/python3.8/site-packages/airflow/example_dags/example_short_circuit_decorator.py for tasks to queue
[2024-04-04T09:52:02.902+0000] {logging_mixin.py:188} INFO - [2024-04-04T09:52:02.901+0000] {dagbag.py:540} INFO - Filling up the DagBag from /home/airflow/.local/lib/python3.8/site-packages/airflow/example_dags/example_short_circuit_decorator.py
[2024-04-04T09:52:02.912+0000] {processor.py:840} INFO - DAG(s) 'example_short_circuit_decorator' retrieved from /home/airflow/.local/lib/python3.8/site-packages/airflow/example_dags/example_short_circuit_decorator.py
[2024-04-04T09:52:02.943+0000] {logging_mixin.py:188} INFO - [2024-04-04T09:52:02.943+0000] {dag.py:3047} INFO - Sync 1 DAGs
[2024-04-04T09:52:02.984+0000] {logging_mixin.py:188} INFO - [2024-04-04T09:52:02.984+0000] {dag.py:3834} INFO - Setting next_dagrun for example_short_circuit_decorator to 2024-04-03 00:00:00+00:00, run_after=2024-04-04 00:00:00+00:00
[2024-04-04T09:52:03.021+0000] {processor.py:183} INFO - Processing /home/airflow/.local/lib/python3.8/site-packages/airflow/example_dags/example_short_circuit_decorator.py took 0.127 seconds
[2024-04-04T09:52:33.757+0000] {processor.py:161} INFO - Started process (PID=1572) to work on /home/airflow/.local/lib/python3.8/site-packages/airflow/example_dags/example_short_circuit_decorator.py
[2024-04-04T09:52:33.759+0000] {processor.py:830} INFO - Processing file /home/airflow/.local/lib/python3.8/site-packages/airflow/example_dags/example_short_circuit_decorator.py for tasks to queue
[2024-04-04T09:52:33.766+0000] {logging_mixin.py:188} INFO - [2024-04-04T09:52:33.764+0000] {dagbag.py:540} INFO - Filling up the DagBag from /home/airflow/.local/lib/python3.8/site-packages/airflow/example_dags/example_short_circuit_decorator.py
[2024-04-04T09:52:33.792+0000] {processor.py:840} INFO - DAG(s) 'example_short_circuit_decorator' retrieved from /home/airflow/.local/lib/python3.8/site-packages/airflow/example_dags/example_short_circuit_decorator.py
[2024-04-04T09:52:33.848+0000] {logging_mixin.py:188} INFO - [2024-04-04T09:52:33.848+0000] {dag.py:3047} INFO - Sync 1 DAGs
[2024-04-04T09:52:33.885+0000] {logging_mixin.py:188} INFO - [2024-04-04T09:52:33.885+0000] {dag.py:3834} INFO - Setting next_dagrun for example_short_circuit_decorator to 2024-04-03 00:00:00+00:00, run_after=2024-04-04 00:00:00+00:00
[2024-04-04T09:52:33.928+0000] {processor.py:183} INFO - Processing /home/airflow/.local/lib/python3.8/site-packages/airflow/example_dags/example_short_circuit_decorator.py took 0.183 seconds
[2024-04-04T09:53:04.113+0000] {processor.py:161} INFO - Started process (PID=1628) to work on /home/airflow/.local/lib/python3.8/site-packages/airflow/example_dags/example_short_circuit_decorator.py
[2024-04-04T09:53:04.114+0000] {processor.py:830} INFO - Processing file /home/airflow/.local/lib/python3.8/site-packages/airflow/example_dags/example_short_circuit_decorator.py for tasks to queue
[2024-04-04T09:53:04.116+0000] {logging_mixin.py:188} INFO - [2024-04-04T09:53:04.116+0000] {dagbag.py:540} INFO - Filling up the DagBag from /home/airflow/.local/lib/python3.8/site-packages/airflow/example_dags/example_short_circuit_decorator.py
[2024-04-04T09:53:04.126+0000] {processor.py:840} INFO - DAG(s) 'example_short_circuit_decorator' retrieved from /home/airflow/.local/lib/python3.8/site-packages/airflow/example_dags/example_short_circuit_decorator.py
[2024-04-04T09:53:04.151+0000] {logging_mixin.py:188} INFO - [2024-04-04T09:53:04.150+0000] {dag.py:3047} INFO - Sync 1 DAGs
[2024-04-04T09:53:04.177+0000] {logging_mixin.py:188} INFO - [2024-04-04T09:53:04.177+0000] {dag.py:3834} INFO - Setting next_dagrun for example_short_circuit_decorator to 2024-04-03 00:00:00+00:00, run_after=2024-04-04 00:00:00+00:00
[2024-04-04T09:53:04.205+0000] {processor.py:183} INFO - Processing /home/airflow/.local/lib/python3.8/site-packages/airflow/example_dags/example_short_circuit_decorator.py took 0.095 seconds
[2024-04-04T09:53:34.482+0000] {processor.py:161} INFO - Started process (PID=1685) to work on /home/airflow/.local/lib/python3.8/site-packages/airflow/example_dags/example_short_circuit_decorator.py
[2024-04-04T09:53:34.483+0000] {processor.py:830} INFO - Processing file /home/airflow/.local/lib/python3.8/site-packages/airflow/example_dags/example_short_circuit_decorator.py for tasks to queue
[2024-04-04T09:53:34.486+0000] {logging_mixin.py:188} INFO - [2024-04-04T09:53:34.486+0000] {dagbag.py:540} INFO - Filling up the DagBag from /home/airflow/.local/lib/python3.8/site-packages/airflow/example_dags/example_short_circuit_decorator.py
[2024-04-04T09:53:34.494+0000] {processor.py:840} INFO - DAG(s) 'example_short_circuit_decorator' retrieved from /home/airflow/.local/lib/python3.8/site-packages/airflow/example_dags/example_short_circuit_decorator.py
[2024-04-04T09:53:34.520+0000] {logging_mixin.py:188} INFO - [2024-04-04T09:53:34.520+0000] {dag.py:3047} INFO - Sync 1 DAGs
[2024-04-04T09:53:34.545+0000] {logging_mixin.py:188} INFO - [2024-04-04T09:53:34.545+0000] {dag.py:3834} INFO - Setting next_dagrun for example_short_circuit_decorator to 2024-04-03 00:00:00+00:00, run_after=2024-04-04 00:00:00+00:00
[2024-04-04T09:53:34.575+0000] {processor.py:183} INFO - Processing /home/airflow/.local/lib/python3.8/site-packages/airflow/example_dags/example_short_circuit_decorator.py took 0.096 seconds
[2024-04-04T09:54:04.923+0000] {processor.py:161} INFO - Started process (PID=1741) to work on /home/airflow/.local/lib/python3.8/site-packages/airflow/example_dags/example_short_circuit_decorator.py
[2024-04-04T09:54:04.924+0000] {processor.py:830} INFO - Processing file /home/airflow/.local/lib/python3.8/site-packages/airflow/example_dags/example_short_circuit_decorator.py for tasks to queue
[2024-04-04T09:54:04.926+0000] {logging_mixin.py:188} INFO - [2024-04-04T09:54:04.926+0000] {dagbag.py:540} INFO - Filling up the DagBag from /home/airflow/.local/lib/python3.8/site-packages/airflow/example_dags/example_short_circuit_decorator.py
[2024-04-04T09:54:04.936+0000] {processor.py:840} INFO - DAG(s) 'example_short_circuit_decorator' retrieved from /home/airflow/.local/lib/python3.8/site-packages/airflow/example_dags/example_short_circuit_decorator.py
[2024-04-04T09:54:04.960+0000] {logging_mixin.py:188} INFO - [2024-04-04T09:54:04.960+0000] {dag.py:3047} INFO - Sync 1 DAGs
[2024-04-04T09:54:04.985+0000] {logging_mixin.py:188} INFO - [2024-04-04T09:54:04.985+0000] {dag.py:3834} INFO - Setting next_dagrun for example_short_circuit_decorator to 2024-04-03 00:00:00+00:00, run_after=2024-04-04 00:00:00+00:00
[2024-04-04T09:54:05.011+0000] {processor.py:183} INFO - Processing /home/airflow/.local/lib/python3.8/site-packages/airflow/example_dags/example_short_circuit_decorator.py took 0.091 seconds
[2024-04-04T09:54:35.979+0000] {processor.py:161} INFO - Started process (PID=1799) to work on /home/airflow/.local/lib/python3.8/site-packages/airflow/example_dags/example_short_circuit_decorator.py
[2024-04-04T09:54:35.980+0000] {processor.py:830} INFO - Processing file /home/airflow/.local/lib/python3.8/site-packages/airflow/example_dags/example_short_circuit_decorator.py for tasks to queue
[2024-04-04T09:54:35.982+0000] {logging_mixin.py:188} INFO - [2024-04-04T09:54:35.982+0000] {dagbag.py:540} INFO - Filling up the DagBag from /home/airflow/.local/lib/python3.8/site-packages/airflow/example_dags/example_short_circuit_decorator.py
[2024-04-04T09:54:35.991+0000] {processor.py:840} INFO - DAG(s) 'example_short_circuit_decorator' retrieved from /home/airflow/.local/lib/python3.8/site-packages/airflow/example_dags/example_short_circuit_decorator.py
[2024-04-04T09:54:36.015+0000] {logging_mixin.py:188} INFO - [2024-04-04T09:54:36.014+0000] {dag.py:3047} INFO - Sync 1 DAGs
[2024-04-04T09:54:36.037+0000] {logging_mixin.py:188} INFO - [2024-04-04T09:54:36.037+0000] {dag.py:3834} INFO - Setting next_dagrun for example_short_circuit_decorator to 2024-04-03 00:00:00+00:00, run_after=2024-04-04 00:00:00+00:00
[2024-04-04T09:54:36.066+0000] {processor.py:183} INFO - Processing /home/airflow/.local/lib/python3.8/site-packages/airflow/example_dags/example_short_circuit_decorator.py took 0.090 seconds
[2024-04-04T09:55:06.224+0000] {processor.py:161} INFO - Started process (PID=1855) to work on /home/airflow/.local/lib/python3.8/site-packages/airflow/example_dags/example_short_circuit_decorator.py
[2024-04-04T09:55:06.226+0000] {processor.py:830} INFO - Processing file /home/airflow/.local/lib/python3.8/site-packages/airflow/example_dags/example_short_circuit_decorator.py for tasks to queue
[2024-04-04T09:55:06.228+0000] {logging_mixin.py:188} INFO - [2024-04-04T09:55:06.228+0000] {dagbag.py:540} INFO - Filling up the DagBag from /home/airflow/.local/lib/python3.8/site-packages/airflow/example_dags/example_short_circuit_decorator.py
[2024-04-04T09:55:06.237+0000] {processor.py:840} INFO - DAG(s) 'example_short_circuit_decorator' retrieved from /home/airflow/.local/lib/python3.8/site-packages/airflow/example_dags/example_short_circuit_decorator.py
[2024-04-04T09:55:06.261+0000] {logging_mixin.py:188} INFO - [2024-04-04T09:55:06.260+0000] {dag.py:3047} INFO - Sync 1 DAGs
[2024-04-04T09:55:06.284+0000] {logging_mixin.py:188} INFO - [2024-04-04T09:55:06.284+0000] {dag.py:3834} INFO - Setting next_dagrun for example_short_circuit_decorator to 2024-04-03 00:00:00+00:00, run_after=2024-04-04 00:00:00+00:00
[2024-04-04T09:55:06.312+0000] {processor.py:183} INFO - Processing /home/airflow/.local/lib/python3.8/site-packages/airflow/example_dags/example_short_circuit_decorator.py took 0.090 seconds
[2024-04-04T09:55:36.862+0000] {processor.py:161} INFO - Started process (PID=1916) to work on /home/airflow/.local/lib/python3.8/site-packages/airflow/example_dags/example_short_circuit_decorator.py
[2024-04-04T09:55:36.863+0000] {processor.py:830} INFO - Processing file /home/airflow/.local/lib/python3.8/site-packages/airflow/example_dags/example_short_circuit_decorator.py for tasks to queue
[2024-04-04T09:55:36.866+0000] {logging_mixin.py:188} INFO - [2024-04-04T09:55:36.865+0000] {dagbag.py:540} INFO - Filling up the DagBag from /home/airflow/.local/lib/python3.8/site-packages/airflow/example_dags/example_short_circuit_decorator.py
[2024-04-04T09:55:36.876+0000] {processor.py:840} INFO - DAG(s) 'example_short_circuit_decorator' retrieved from /home/airflow/.local/lib/python3.8/site-packages/airflow/example_dags/example_short_circuit_decorator.py
[2024-04-04T09:55:36.900+0000] {logging_mixin.py:188} INFO - [2024-04-04T09:55:36.900+0000] {dag.py:3047} INFO - Sync 1 DAGs
[2024-04-04T09:55:36.928+0000] {logging_mixin.py:188} INFO - [2024-04-04T09:55:36.927+0000] {dag.py:3834} INFO - Setting next_dagrun for example_short_circuit_decorator to 2024-04-03 00:00:00+00:00, run_after=2024-04-04 00:00:00+00:00
[2024-04-04T09:55:36.956+0000] {processor.py:183} INFO - Processing /home/airflow/.local/lib/python3.8/site-packages/airflow/example_dags/example_short_circuit_decorator.py took 0.097 seconds
[2024-04-04T09:56:07.634+0000] {processor.py:161} INFO - Started process (PID=1975) to work on /home/airflow/.local/lib/python3.8/site-packages/airflow/example_dags/example_short_circuit_decorator.py
[2024-04-04T09:56:07.635+0000] {processor.py:830} INFO - Processing file /home/airflow/.local/lib/python3.8/site-packages/airflow/example_dags/example_short_circuit_decorator.py for tasks to queue
[2024-04-04T09:56:07.638+0000] {logging_mixin.py:188} INFO - [2024-04-04T09:56:07.638+0000] {dagbag.py:540} INFO - Filling up the DagBag from /home/airflow/.local/lib/python3.8/site-packages/airflow/example_dags/example_short_circuit_decorator.py
[2024-04-04T09:56:07.652+0000] {processor.py:840} INFO - DAG(s) 'example_short_circuit_decorator' retrieved from /home/airflow/.local/lib/python3.8/site-packages/airflow/example_dags/example_short_circuit_decorator.py
[2024-04-04T09:56:07.680+0000] {logging_mixin.py:188} INFO - [2024-04-04T09:56:07.680+0000] {dag.py:3047} INFO - Sync 1 DAGs
[2024-04-04T09:56:07.709+0000] {logging_mixin.py:188} INFO - [2024-04-04T09:56:07.709+0000] {dag.py:3834} INFO - Setting next_dagrun for example_short_circuit_decorator to 2024-04-03 00:00:00+00:00, run_after=2024-04-04 00:00:00+00:00
[2024-04-04T09:56:07.742+0000] {processor.py:183} INFO - Processing /home/airflow/.local/lib/python3.8/site-packages/airflow/example_dags/example_short_circuit_decorator.py took 0.114 seconds
[2024-04-04T09:56:37.887+0000] {processor.py:161} INFO - Started process (PID=2032) to work on /home/airflow/.local/lib/python3.8/site-packages/airflow/example_dags/example_short_circuit_decorator.py
[2024-04-04T09:56:37.889+0000] {processor.py:830} INFO - Processing file /home/airflow/.local/lib/python3.8/site-packages/airflow/example_dags/example_short_circuit_decorator.py for tasks to queue
[2024-04-04T09:56:37.891+0000] {logging_mixin.py:188} INFO - [2024-04-04T09:56:37.890+0000] {dagbag.py:540} INFO - Filling up the DagBag from /home/airflow/.local/lib/python3.8/site-packages/airflow/example_dags/example_short_circuit_decorator.py
[2024-04-04T09:56:37.899+0000] {processor.py:840} INFO - DAG(s) 'example_short_circuit_decorator' retrieved from /home/airflow/.local/lib/python3.8/site-packages/airflow/example_dags/example_short_circuit_decorator.py
[2024-04-04T09:56:37.925+0000] {logging_mixin.py:188} INFO - [2024-04-04T09:56:37.925+0000] {dag.py:3047} INFO - Sync 1 DAGs
[2024-04-04T09:56:37.948+0000] {logging_mixin.py:188} INFO - [2024-04-04T09:56:37.948+0000] {dag.py:3834} INFO - Setting next_dagrun for example_short_circuit_decorator to 2024-04-03 00:00:00+00:00, run_after=2024-04-04 00:00:00+00:00
[2024-04-04T09:56:37.974+0000] {processor.py:183} INFO - Processing /home/airflow/.local/lib/python3.8/site-packages/airflow/example_dags/example_short_circuit_decorator.py took 0.089 seconds
[2024-04-04T09:57:08.275+0000] {processor.py:161} INFO - Started process (PID=2087) to work on /home/airflow/.local/lib/python3.8/site-packages/airflow/example_dags/example_short_circuit_decorator.py
[2024-04-04T09:57:08.277+0000] {processor.py:830} INFO - Processing file /home/airflow/.local/lib/python3.8/site-packages/airflow/example_dags/example_short_circuit_decorator.py for tasks to queue
[2024-04-04T09:57:08.279+0000] {logging_mixin.py:188} INFO - [2024-04-04T09:57:08.278+0000] {dagbag.py:540} INFO - Filling up the DagBag from /home/airflow/.local/lib/python3.8/site-packages/airflow/example_dags/example_short_circuit_decorator.py
[2024-04-04T09:57:08.287+0000] {processor.py:840} INFO - DAG(s) 'example_short_circuit_decorator' retrieved from /home/airflow/.local/lib/python3.8/site-packages/airflow/example_dags/example_short_circuit_decorator.py
[2024-04-04T09:57:08.313+0000] {logging_mixin.py:188} INFO - [2024-04-04T09:57:08.313+0000] {dag.py:3047} INFO - Sync 1 DAGs
[2024-04-04T09:57:08.336+0000] {logging_mixin.py:188} INFO - [2024-04-04T09:57:08.335+0000] {dag.py:3834} INFO - Setting next_dagrun for example_short_circuit_decorator to 2024-04-03 00:00:00+00:00, run_after=2024-04-04 00:00:00+00:00
[2024-04-04T09:57:08.362+0000] {processor.py:183} INFO - Processing /home/airflow/.local/lib/python3.8/site-packages/airflow/example_dags/example_short_circuit_decorator.py took 0.090 seconds
[2024-04-04T09:57:38.659+0000] {processor.py:161} INFO - Started process (PID=2143) to work on /home/airflow/.local/lib/python3.8/site-packages/airflow/example_dags/example_short_circuit_decorator.py
[2024-04-04T09:57:38.661+0000] {processor.py:830} INFO - Processing file /home/airflow/.local/lib/python3.8/site-packages/airflow/example_dags/example_short_circuit_decorator.py for tasks to queue
[2024-04-04T09:57:38.663+0000] {logging_mixin.py:188} INFO - [2024-04-04T09:57:38.662+0000] {dagbag.py:540} INFO - Filling up the DagBag from /home/airflow/.local/lib/python3.8/site-packages/airflow/example_dags/example_short_circuit_decorator.py
[2024-04-04T09:57:38.671+0000] {processor.py:840} INFO - DAG(s) 'example_short_circuit_decorator' retrieved from /home/airflow/.local/lib/python3.8/site-packages/airflow/example_dags/example_short_circuit_decorator.py
[2024-04-04T09:57:38.695+0000] {logging_mixin.py:188} INFO - [2024-04-04T09:57:38.695+0000] {dag.py:3047} INFO - Sync 1 DAGs
[2024-04-04T09:57:38.717+0000] {logging_mixin.py:188} INFO - [2024-04-04T09:57:38.717+0000] {dag.py:3834} INFO - Setting next_dagrun for example_short_circuit_decorator to 2024-04-03 00:00:00+00:00, run_after=2024-04-04 00:00:00+00:00
[2024-04-04T09:57:38.744+0000] {processor.py:183} INFO - Processing /home/airflow/.local/lib/python3.8/site-packages/airflow/example_dags/example_short_circuit_decorator.py took 0.087 seconds
[2024-04-04T09:58:08.862+0000] {processor.py:161} INFO - Started process (PID=2199) to work on /home/airflow/.local/lib/python3.8/site-packages/airflow/example_dags/example_short_circuit_decorator.py
[2024-04-04T09:58:08.863+0000] {processor.py:830} INFO - Processing file /home/airflow/.local/lib/python3.8/site-packages/airflow/example_dags/example_short_circuit_decorator.py for tasks to queue
[2024-04-04T09:58:08.866+0000] {logging_mixin.py:188} INFO - [2024-04-04T09:58:08.866+0000] {dagbag.py:540} INFO - Filling up the DagBag from /home/airflow/.local/lib/python3.8/site-packages/airflow/example_dags/example_short_circuit_decorator.py
[2024-04-04T09:58:08.875+0000] {processor.py:840} INFO - DAG(s) 'example_short_circuit_decorator' retrieved from /home/airflow/.local/lib/python3.8/site-packages/airflow/example_dags/example_short_circuit_decorator.py
[2024-04-04T09:58:08.901+0000] {logging_mixin.py:188} INFO - [2024-04-04T09:58:08.901+0000] {dag.py:3047} INFO - Sync 1 DAGs
[2024-04-04T09:58:08.928+0000] {logging_mixin.py:188} INFO - [2024-04-04T09:58:08.927+0000] {dag.py:3834} INFO - Setting next_dagrun for example_short_circuit_decorator to 2024-04-03 00:00:00+00:00, run_after=2024-04-04 00:00:00+00:00
[2024-04-04T09:58:08.957+0000] {processor.py:183} INFO - Processing /home/airflow/.local/lib/python3.8/site-packages/airflow/example_dags/example_short_circuit_decorator.py took 0.098 seconds
[2024-04-04T09:58:39.279+0000] {processor.py:161} INFO - Started process (PID=2255) to work on /home/airflow/.local/lib/python3.8/site-packages/airflow/example_dags/example_short_circuit_decorator.py
[2024-04-04T09:58:39.280+0000] {processor.py:830} INFO - Processing file /home/airflow/.local/lib/python3.8/site-packages/airflow/example_dags/example_short_circuit_decorator.py for tasks to queue
[2024-04-04T09:58:39.283+0000] {logging_mixin.py:188} INFO - [2024-04-04T09:58:39.282+0000] {dagbag.py:540} INFO - Filling up the DagBag from /home/airflow/.local/lib/python3.8/site-packages/airflow/example_dags/example_short_circuit_decorator.py
[2024-04-04T09:58:39.291+0000] {processor.py:840} INFO - DAG(s) 'example_short_circuit_decorator' retrieved from /home/airflow/.local/lib/python3.8/site-packages/airflow/example_dags/example_short_circuit_decorator.py
[2024-04-04T09:58:39.316+0000] {logging_mixin.py:188} INFO - [2024-04-04T09:58:39.315+0000] {dag.py:3047} INFO - Sync 1 DAGs
[2024-04-04T09:58:39.341+0000] {logging_mixin.py:188} INFO - [2024-04-04T09:58:39.341+0000] {dag.py:3834} INFO - Setting next_dagrun for example_short_circuit_decorator to 2024-04-03 00:00:00+00:00, run_after=2024-04-04 00:00:00+00:00
[2024-04-04T09:58:39.366+0000] {processor.py:183} INFO - Processing /home/airflow/.local/lib/python3.8/site-packages/airflow/example_dags/example_short_circuit_decorator.py took 0.090 seconds
[2024-04-04T09:59:09.832+0000] {processor.py:161} INFO - Started process (PID=2311) to work on /home/airflow/.local/lib/python3.8/site-packages/airflow/example_dags/example_short_circuit_decorator.py
[2024-04-04T09:59:09.833+0000] {processor.py:830} INFO - Processing file /home/airflow/.local/lib/python3.8/site-packages/airflow/example_dags/example_short_circuit_decorator.py for tasks to queue
[2024-04-04T09:59:09.836+0000] {logging_mixin.py:188} INFO - [2024-04-04T09:59:09.836+0000] {dagbag.py:540} INFO - Filling up the DagBag from /home/airflow/.local/lib/python3.8/site-packages/airflow/example_dags/example_short_circuit_decorator.py
[2024-04-04T09:59:09.846+0000] {processor.py:840} INFO - DAG(s) 'example_short_circuit_decorator' retrieved from /home/airflow/.local/lib/python3.8/site-packages/airflow/example_dags/example_short_circuit_decorator.py
[2024-04-04T09:59:09.872+0000] {logging_mixin.py:188} INFO - [2024-04-04T09:59:09.872+0000] {dag.py:3047} INFO - Sync 1 DAGs
[2024-04-04T09:59:09.896+0000] {logging_mixin.py:188} INFO - [2024-04-04T09:59:09.895+0000] {dag.py:3834} INFO - Setting next_dagrun for example_short_circuit_decorator to 2024-04-03 00:00:00+00:00, run_after=2024-04-04 00:00:00+00:00
[2024-04-04T09:59:09.923+0000] {processor.py:183} INFO - Processing /home/airflow/.local/lib/python3.8/site-packages/airflow/example_dags/example_short_circuit_decorator.py took 0.094 seconds
[2024-04-04T09:59:40.048+0000] {processor.py:161} INFO - Started process (PID=2367) to work on /home/airflow/.local/lib/python3.8/site-packages/airflow/example_dags/example_short_circuit_decorator.py
[2024-04-04T09:59:40.049+0000] {processor.py:830} INFO - Processing file /home/airflow/.local/lib/python3.8/site-packages/airflow/example_dags/example_short_circuit_decorator.py for tasks to queue
[2024-04-04T09:59:40.051+0000] {logging_mixin.py:188} INFO - [2024-04-04T09:59:40.051+0000] {dagbag.py:540} INFO - Filling up the DagBag from /home/airflow/.local/lib/python3.8/site-packages/airflow/example_dags/example_short_circuit_decorator.py
[2024-04-04T09:59:40.059+0000] {processor.py:840} INFO - DAG(s) 'example_short_circuit_decorator' retrieved from /home/airflow/.local/lib/python3.8/site-packages/airflow/example_dags/example_short_circuit_decorator.py
[2024-04-04T09:59:40.084+0000] {logging_mixin.py:188} INFO - [2024-04-04T09:59:40.083+0000] {dag.py:3047} INFO - Sync 1 DAGs
[2024-04-04T09:59:40.105+0000] {logging_mixin.py:188} INFO - [2024-04-04T09:59:40.105+0000] {dag.py:3834} INFO - Setting next_dagrun for example_short_circuit_decorator to 2024-04-03 00:00:00+00:00, run_after=2024-04-04 00:00:00+00:00
[2024-04-04T09:59:40.131+0000] {processor.py:183} INFO - Processing /home/airflow/.local/lib/python3.8/site-packages/airflow/example_dags/example_short_circuit_decorator.py took 0.086 seconds
[2024-04-04T10:00:10.490+0000] {processor.py:161} INFO - Started process (PID=2423) to work on /home/airflow/.local/lib/python3.8/site-packages/airflow/example_dags/example_short_circuit_decorator.py
[2024-04-04T10:00:10.491+0000] {processor.py:830} INFO - Processing file /home/airflow/.local/lib/python3.8/site-packages/airflow/example_dags/example_short_circuit_decorator.py for tasks to queue
[2024-04-04T10:00:10.494+0000] {logging_mixin.py:188} INFO - [2024-04-04T10:00:10.493+0000] {dagbag.py:540} INFO - Filling up the DagBag from /home/airflow/.local/lib/python3.8/site-packages/airflow/example_dags/example_short_circuit_decorator.py
[2024-04-04T10:00:10.504+0000] {processor.py:840} INFO - DAG(s) 'example_short_circuit_decorator' retrieved from /home/airflow/.local/lib/python3.8/site-packages/airflow/example_dags/example_short_circuit_decorator.py
[2024-04-04T10:00:10.540+0000] {logging_mixin.py:188} INFO - [2024-04-04T10:00:10.539+0000] {dag.py:3047} INFO - Sync 1 DAGs
[2024-04-04T10:00:10.575+0000] {logging_mixin.py:188} INFO - [2024-04-04T10:00:10.575+0000] {dag.py:3834} INFO - Setting next_dagrun for example_short_circuit_decorator to 2024-04-03 00:00:00+00:00, run_after=2024-04-04 00:00:00+00:00
[2024-04-04T10:00:10.606+0000] {processor.py:183} INFO - Processing /home/airflow/.local/lib/python3.8/site-packages/airflow/example_dags/example_short_circuit_decorator.py took 0.119 seconds
[2024-04-04T10:00:41.251+0000] {processor.py:161} INFO - Started process (PID=2480) to work on /home/airflow/.local/lib/python3.8/site-packages/airflow/example_dags/example_short_circuit_decorator.py
[2024-04-04T10:00:41.253+0000] {processor.py:830} INFO - Processing file /home/airflow/.local/lib/python3.8/site-packages/airflow/example_dags/example_short_circuit_decorator.py for tasks to queue
[2024-04-04T10:00:41.254+0000] {logging_mixin.py:188} INFO - [2024-04-04T10:00:41.254+0000] {dagbag.py:540} INFO - Filling up the DagBag from /home/airflow/.local/lib/python3.8/site-packages/airflow/example_dags/example_short_circuit_decorator.py
[2024-04-04T10:00:41.262+0000] {processor.py:840} INFO - DAG(s) 'example_short_circuit_decorator' retrieved from /home/airflow/.local/lib/python3.8/site-packages/airflow/example_dags/example_short_circuit_decorator.py
[2024-04-04T10:00:41.288+0000] {logging_mixin.py:188} INFO - [2024-04-04T10:00:41.288+0000] {dag.py:3047} INFO - Sync 1 DAGs
[2024-04-04T10:00:41.314+0000] {logging_mixin.py:188} INFO - [2024-04-04T10:00:41.314+0000] {dag.py:3834} INFO - Setting next_dagrun for example_short_circuit_decorator to 2024-04-03 00:00:00+00:00, run_after=2024-04-04 00:00:00+00:00
[2024-04-04T10:00:41.340+0000] {processor.py:183} INFO - Processing /home/airflow/.local/lib/python3.8/site-packages/airflow/example_dags/example_short_circuit_decorator.py took 0.092 seconds
[2024-04-04T10:01:11.892+0000] {processor.py:161} INFO - Started process (PID=2535) to work on /home/airflow/.local/lib/python3.8/site-packages/airflow/example_dags/example_short_circuit_decorator.py
[2024-04-04T10:01:11.894+0000] {processor.py:830} INFO - Processing file /home/airflow/.local/lib/python3.8/site-packages/airflow/example_dags/example_short_circuit_decorator.py for tasks to queue
[2024-04-04T10:01:11.896+0000] {logging_mixin.py:188} INFO - [2024-04-04T10:01:11.896+0000] {dagbag.py:540} INFO - Filling up the DagBag from /home/airflow/.local/lib/python3.8/site-packages/airflow/example_dags/example_short_circuit_decorator.py
[2024-04-04T10:01:11.907+0000] {processor.py:840} INFO - DAG(s) 'example_short_circuit_decorator' retrieved from /home/airflow/.local/lib/python3.8/site-packages/airflow/example_dags/example_short_circuit_decorator.py
[2024-04-04T10:01:11.933+0000] {logging_mixin.py:188} INFO - [2024-04-04T10:01:11.932+0000] {dag.py:3047} INFO - Sync 1 DAGs
[2024-04-04T10:01:11.957+0000] {logging_mixin.py:188} INFO - [2024-04-04T10:01:11.957+0000] {dag.py:3834} INFO - Setting next_dagrun for example_short_circuit_decorator to 2024-04-03 00:00:00+00:00, run_after=2024-04-04 00:00:00+00:00
[2024-04-04T10:01:11.986+0000] {processor.py:183} INFO - Processing /home/airflow/.local/lib/python3.8/site-packages/airflow/example_dags/example_short_circuit_decorator.py took 0.097 seconds
[2024-04-04T10:01:42.064+0000] {processor.py:161} INFO - Started process (PID=2591) to work on /home/airflow/.local/lib/python3.8/site-packages/airflow/example_dags/example_short_circuit_decorator.py
[2024-04-04T10:01:42.066+0000] {processor.py:830} INFO - Processing file /home/airflow/.local/lib/python3.8/site-packages/airflow/example_dags/example_short_circuit_decorator.py for tasks to queue
[2024-04-04T10:01:42.068+0000] {logging_mixin.py:188} INFO - [2024-04-04T10:01:42.068+0000] {dagbag.py:540} INFO - Filling up the DagBag from /home/airflow/.local/lib/python3.8/site-packages/airflow/example_dags/example_short_circuit_decorator.py
[2024-04-04T10:01:42.078+0000] {processor.py:840} INFO - DAG(s) 'example_short_circuit_decorator' retrieved from /home/airflow/.local/lib/python3.8/site-packages/airflow/example_dags/example_short_circuit_decorator.py
[2024-04-04T10:01:42.106+0000] {logging_mixin.py:188} INFO - [2024-04-04T10:01:42.106+0000] {dag.py:3047} INFO - Sync 1 DAGs
[2024-04-04T10:01:42.131+0000] {logging_mixin.py:188} INFO - [2024-04-04T10:01:42.131+0000] {dag.py:3834} INFO - Setting next_dagrun for example_short_circuit_decorator to 2024-04-03 00:00:00+00:00, run_after=2024-04-04 00:00:00+00:00
[2024-04-04T10:01:42.158+0000] {processor.py:183} INFO - Processing /home/airflow/.local/lib/python3.8/site-packages/airflow/example_dags/example_short_circuit_decorator.py took 0.097 seconds
[2024-04-04T10:02:12.429+0000] {processor.py:161} INFO - Started process (PID=2647) to work on /home/airflow/.local/lib/python3.8/site-packages/airflow/example_dags/example_short_circuit_decorator.py
[2024-04-04T10:02:12.431+0000] {processor.py:830} INFO - Processing file /home/airflow/.local/lib/python3.8/site-packages/airflow/example_dags/example_short_circuit_decorator.py for tasks to queue
[2024-04-04T10:02:12.433+0000] {logging_mixin.py:188} INFO - [2024-04-04T10:02:12.433+0000] {dagbag.py:540} INFO - Filling up the DagBag from /home/airflow/.local/lib/python3.8/site-packages/airflow/example_dags/example_short_circuit_decorator.py
[2024-04-04T10:02:12.443+0000] {processor.py:840} INFO - DAG(s) 'example_short_circuit_decorator' retrieved from /home/airflow/.local/lib/python3.8/site-packages/airflow/example_dags/example_short_circuit_decorator.py
[2024-04-04T10:02:12.466+0000] {logging_mixin.py:188} INFO - [2024-04-04T10:02:12.466+0000] {dag.py:3047} INFO - Sync 1 DAGs
[2024-04-04T10:02:12.488+0000] {logging_mixin.py:188} INFO - [2024-04-04T10:02:12.488+0000] {dag.py:3834} INFO - Setting next_dagrun for example_short_circuit_decorator to 2024-04-03 00:00:00+00:00, run_after=2024-04-04 00:00:00+00:00
[2024-04-04T10:02:12.514+0000] {processor.py:183} INFO - Processing /home/airflow/.local/lib/python3.8/site-packages/airflow/example_dags/example_short_circuit_decorator.py took 0.089 seconds
[2024-04-04T10:02:42.966+0000] {processor.py:161} INFO - Started process (PID=2703) to work on /home/airflow/.local/lib/python3.8/site-packages/airflow/example_dags/example_short_circuit_decorator.py
[2024-04-04T10:02:42.967+0000] {processor.py:830} INFO - Processing file /home/airflow/.local/lib/python3.8/site-packages/airflow/example_dags/example_short_circuit_decorator.py for tasks to queue
[2024-04-04T10:02:42.969+0000] {logging_mixin.py:188} INFO - [2024-04-04T10:02:42.969+0000] {dagbag.py:540} INFO - Filling up the DagBag from /home/airflow/.local/lib/python3.8/site-packages/airflow/example_dags/example_short_circuit_decorator.py
[2024-04-04T10:02:42.978+0000] {processor.py:840} INFO - DAG(s) 'example_short_circuit_decorator' retrieved from /home/airflow/.local/lib/python3.8/site-packages/airflow/example_dags/example_short_circuit_decorator.py
[2024-04-04T10:02:43.003+0000] {logging_mixin.py:188} INFO - [2024-04-04T10:02:43.003+0000] {dag.py:3047} INFO - Sync 1 DAGs
[2024-04-04T10:02:43.028+0000] {logging_mixin.py:188} INFO - [2024-04-04T10:02:43.027+0000] {dag.py:3834} INFO - Setting next_dagrun for example_short_circuit_decorator to 2024-04-03 00:00:00+00:00, run_after=2024-04-04 00:00:00+00:00
[2024-04-04T10:02:43.058+0000] {processor.py:183} INFO - Processing /home/airflow/.local/lib/python3.8/site-packages/airflow/example_dags/example_short_circuit_decorator.py took 0.095 seconds
[2024-04-04T10:03:13.541+0000] {processor.py:161} INFO - Started process (PID=2759) to work on /home/airflow/.local/lib/python3.8/site-packages/airflow/example_dags/example_short_circuit_decorator.py
[2024-04-04T10:03:13.542+0000] {processor.py:830} INFO - Processing file /home/airflow/.local/lib/python3.8/site-packages/airflow/example_dags/example_short_circuit_decorator.py for tasks to queue
[2024-04-04T10:03:13.544+0000] {logging_mixin.py:188} INFO - [2024-04-04T10:03:13.544+0000] {dagbag.py:540} INFO - Filling up the DagBag from /home/airflow/.local/lib/python3.8/site-packages/airflow/example_dags/example_short_circuit_decorator.py
[2024-04-04T10:03:13.552+0000] {processor.py:840} INFO - DAG(s) 'example_short_circuit_decorator' retrieved from /home/airflow/.local/lib/python3.8/site-packages/airflow/example_dags/example_short_circuit_decorator.py
[2024-04-04T10:03:13.578+0000] {logging_mixin.py:188} INFO - [2024-04-04T10:03:13.578+0000] {dag.py:3047} INFO - Sync 1 DAGs
[2024-04-04T10:03:13.603+0000] {logging_mixin.py:188} INFO - [2024-04-04T10:03:13.603+0000] {dag.py:3834} INFO - Setting next_dagrun for example_short_circuit_decorator to 2024-04-03 00:00:00+00:00, run_after=2024-04-04 00:00:00+00:00
[2024-04-04T10:03:13.630+0000] {processor.py:183} INFO - Processing /home/airflow/.local/lib/python3.8/site-packages/airflow/example_dags/example_short_circuit_decorator.py took 0.092 seconds
