[2024-04-04T09:38:54.580+0000] {processor.py:161} INFO - Started process (PID=67) to work on /home/airflow/.local/lib/python3.8/site-packages/airflow/example_dags/example_sensors.py
[2024-04-04T09:38:54.582+0000] {processor.py:830} INFO - Processing file /home/airflow/.local/lib/python3.8/site-packages/airflow/example_dags/example_sensors.py for tasks to queue
[2024-04-04T09:38:54.585+0000] {logging_mixin.py:188} INFO - [2024-04-04T09:38:54.584+0000] {dagbag.py:540} INFO - Filling up the DagBag from /home/airflow/.local/lib/python3.8/site-packages/airflow/example_dags/example_sensors.py
[2024-04-04T09:38:54.600+0000] {processor.py:840} INFO - DAG(s) 'example_sensors' retrieved from /home/airflow/.local/lib/python3.8/site-packages/airflow/example_dags/example_sensors.py
[2024-04-04T09:38:54.740+0000] {logging_mixin.py:188} INFO - [2024-04-04T09:38:54.740+0000] {dag.py:3047} INFO - Sync 1 DAGs
[2024-04-04T09:38:54.754+0000] {logging_mixin.py:188} INFO - [2024-04-04T09:38:54.754+0000] {dag.py:3834} INFO - Setting next_dagrun for example_sensors to None, run_after=None
[2024-04-04T09:38:54.789+0000] {processor.py:183} INFO - Processing /home/airflow/.local/lib/python3.8/site-packages/airflow/example_dags/example_sensors.py took 0.213 seconds
[2024-04-04T09:39:25.143+0000] {processor.py:161} INFO - Started process (PID=123) to work on /home/airflow/.local/lib/python3.8/site-packages/airflow/example_dags/example_sensors.py
[2024-04-04T09:39:25.145+0000] {processor.py:830} INFO - Processing file /home/airflow/.local/lib/python3.8/site-packages/airflow/example_dags/example_sensors.py for tasks to queue
[2024-04-04T09:39:25.147+0000] {logging_mixin.py:188} INFO - [2024-04-04T09:39:25.146+0000] {dagbag.py:540} INFO - Filling up the DagBag from /home/airflow/.local/lib/python3.8/site-packages/airflow/example_dags/example_sensors.py
[2024-04-04T09:39:25.155+0000] {processor.py:840} INFO - DAG(s) 'example_sensors' retrieved from /home/airflow/.local/lib/python3.8/site-packages/airflow/example_dags/example_sensors.py
[2024-04-04T09:39:25.185+0000] {logging_mixin.py:188} INFO - [2024-04-04T09:39:25.185+0000] {dag.py:3047} INFO - Sync 1 DAGs
[2024-04-04T09:39:25.198+0000] {logging_mixin.py:188} INFO - [2024-04-04T09:39:25.198+0000] {dag.py:3834} INFO - Setting next_dagrun for example_sensors to None, run_after=None
[2024-04-04T09:39:25.225+0000] {processor.py:183} INFO - Processing /home/airflow/.local/lib/python3.8/site-packages/airflow/example_dags/example_sensors.py took 0.084 seconds
[2024-04-04T09:39:55.537+0000] {processor.py:161} INFO - Started process (PID=179) to work on /home/airflow/.local/lib/python3.8/site-packages/airflow/example_dags/example_sensors.py
[2024-04-04T09:39:55.539+0000] {processor.py:830} INFO - Processing file /home/airflow/.local/lib/python3.8/site-packages/airflow/example_dags/example_sensors.py for tasks to queue
[2024-04-04T09:39:55.541+0000] {logging_mixin.py:188} INFO - [2024-04-04T09:39:55.541+0000] {dagbag.py:540} INFO - Filling up the DagBag from /home/airflow/.local/lib/python3.8/site-packages/airflow/example_dags/example_sensors.py
[2024-04-04T09:39:55.549+0000] {processor.py:840} INFO - DAG(s) 'example_sensors' retrieved from /home/airflow/.local/lib/python3.8/site-packages/airflow/example_dags/example_sensors.py
[2024-04-04T09:39:55.577+0000] {logging_mixin.py:188} INFO - [2024-04-04T09:39:55.577+0000] {dag.py:3047} INFO - Sync 1 DAGs
[2024-04-04T09:39:55.591+0000] {logging_mixin.py:188} INFO - [2024-04-04T09:39:55.591+0000] {dag.py:3834} INFO - Setting next_dagrun for example_sensors to None, run_after=None
[2024-04-04T09:39:55.619+0000] {processor.py:183} INFO - Processing /home/airflow/.local/lib/python3.8/site-packages/airflow/example_dags/example_sensors.py took 0.085 seconds
[2024-04-04T09:40:26.167+0000] {processor.py:161} INFO - Started process (PID=235) to work on /home/airflow/.local/lib/python3.8/site-packages/airflow/example_dags/example_sensors.py
[2024-04-04T09:40:26.169+0000] {processor.py:830} INFO - Processing file /home/airflow/.local/lib/python3.8/site-packages/airflow/example_dags/example_sensors.py for tasks to queue
[2024-04-04T09:40:26.171+0000] {logging_mixin.py:188} INFO - [2024-04-04T09:40:26.171+0000] {dagbag.py:540} INFO - Filling up the DagBag from /home/airflow/.local/lib/python3.8/site-packages/airflow/example_dags/example_sensors.py
[2024-04-04T09:40:26.180+0000] {processor.py:840} INFO - DAG(s) 'example_sensors' retrieved from /home/airflow/.local/lib/python3.8/site-packages/airflow/example_dags/example_sensors.py
[2024-04-04T09:40:26.211+0000] {logging_mixin.py:188} INFO - [2024-04-04T09:40:26.210+0000] {dag.py:3047} INFO - Sync 1 DAGs
[2024-04-04T09:40:26.223+0000] {logging_mixin.py:188} INFO - [2024-04-04T09:40:26.223+0000] {dag.py:3834} INFO - Setting next_dagrun for example_sensors to None, run_after=None
[2024-04-04T09:40:26.249+0000] {processor.py:183} INFO - Processing /home/airflow/.local/lib/python3.8/site-packages/airflow/example_dags/example_sensors.py took 0.085 seconds
[2024-04-04T09:40:56.408+0000] {processor.py:161} INFO - Started process (PID=291) to work on /home/airflow/.local/lib/python3.8/site-packages/airflow/example_dags/example_sensors.py
[2024-04-04T09:40:56.409+0000] {processor.py:830} INFO - Processing file /home/airflow/.local/lib/python3.8/site-packages/airflow/example_dags/example_sensors.py for tasks to queue
[2024-04-04T09:40:56.411+0000] {logging_mixin.py:188} INFO - [2024-04-04T09:40:56.410+0000] {dagbag.py:540} INFO - Filling up the DagBag from /home/airflow/.local/lib/python3.8/site-packages/airflow/example_dags/example_sensors.py
[2024-04-04T09:40:56.422+0000] {processor.py:840} INFO - DAG(s) 'example_sensors' retrieved from /home/airflow/.local/lib/python3.8/site-packages/airflow/example_dags/example_sensors.py
[2024-04-04T09:40:56.447+0000] {logging_mixin.py:188} INFO - [2024-04-04T09:40:56.447+0000] {dag.py:3047} INFO - Sync 1 DAGs
[2024-04-04T09:40:56.463+0000] {logging_mixin.py:188} INFO - [2024-04-04T09:40:56.462+0000] {dag.py:3834} INFO - Setting next_dagrun for example_sensors to None, run_after=None
[2024-04-04T09:40:56.487+0000] {processor.py:183} INFO - Processing /home/airflow/.local/lib/python3.8/site-packages/airflow/example_dags/example_sensors.py took 0.082 seconds
[2024-04-04T09:41:26.833+0000] {processor.py:161} INFO - Started process (PID=347) to work on /home/airflow/.local/lib/python3.8/site-packages/airflow/example_dags/example_sensors.py
[2024-04-04T09:41:26.835+0000] {processor.py:830} INFO - Processing file /home/airflow/.local/lib/python3.8/site-packages/airflow/example_dags/example_sensors.py for tasks to queue
[2024-04-04T09:41:26.837+0000] {logging_mixin.py:188} INFO - [2024-04-04T09:41:26.837+0000] {dagbag.py:540} INFO - Filling up the DagBag from /home/airflow/.local/lib/python3.8/site-packages/airflow/example_dags/example_sensors.py
[2024-04-04T09:41:26.846+0000] {processor.py:840} INFO - DAG(s) 'example_sensors' retrieved from /home/airflow/.local/lib/python3.8/site-packages/airflow/example_dags/example_sensors.py
[2024-04-04T09:41:26.873+0000] {logging_mixin.py:188} INFO - [2024-04-04T09:41:26.873+0000] {dag.py:3047} INFO - Sync 1 DAGs
[2024-04-04T09:41:26.889+0000] {logging_mixin.py:188} INFO - [2024-04-04T09:41:26.889+0000] {dag.py:3834} INFO - Setting next_dagrun for example_sensors to None, run_after=None
[2024-04-04T09:41:26.922+0000] {processor.py:183} INFO - Processing /home/airflow/.local/lib/python3.8/site-packages/airflow/example_dags/example_sensors.py took 0.091 seconds
[2024-04-04T09:41:57.330+0000] {processor.py:161} INFO - Started process (PID=403) to work on /home/airflow/.local/lib/python3.8/site-packages/airflow/example_dags/example_sensors.py
[2024-04-04T09:41:57.331+0000] {processor.py:830} INFO - Processing file /home/airflow/.local/lib/python3.8/site-packages/airflow/example_dags/example_sensors.py for tasks to queue
[2024-04-04T09:41:57.334+0000] {logging_mixin.py:188} INFO - [2024-04-04T09:41:57.333+0000] {dagbag.py:540} INFO - Filling up the DagBag from /home/airflow/.local/lib/python3.8/site-packages/airflow/example_dags/example_sensors.py
[2024-04-04T09:41:57.343+0000] {processor.py:840} INFO - DAG(s) 'example_sensors' retrieved from /home/airflow/.local/lib/python3.8/site-packages/airflow/example_dags/example_sensors.py
[2024-04-04T09:41:57.370+0000] {logging_mixin.py:188} INFO - [2024-04-04T09:41:57.370+0000] {dag.py:3047} INFO - Sync 1 DAGs
[2024-04-04T09:41:57.384+0000] {logging_mixin.py:188} INFO - [2024-04-04T09:41:57.384+0000] {dag.py:3834} INFO - Setting next_dagrun for example_sensors to None, run_after=None
[2024-04-04T09:41:57.412+0000] {processor.py:183} INFO - Processing /home/airflow/.local/lib/python3.8/site-packages/airflow/example_dags/example_sensors.py took 0.085 seconds
[2024-04-04T09:42:27.466+0000] {processor.py:161} INFO - Started process (PID=465) to work on /home/airflow/.local/lib/python3.8/site-packages/airflow/example_dags/example_sensors.py
[2024-04-04T09:42:27.468+0000] {processor.py:830} INFO - Processing file /home/airflow/.local/lib/python3.8/site-packages/airflow/example_dags/example_sensors.py for tasks to queue
[2024-04-04T09:42:27.471+0000] {logging_mixin.py:188} INFO - [2024-04-04T09:42:27.471+0000] {dagbag.py:540} INFO - Filling up the DagBag from /home/airflow/.local/lib/python3.8/site-packages/airflow/example_dags/example_sensors.py
[2024-04-04T09:42:27.485+0000] {processor.py:840} INFO - DAG(s) 'example_sensors' retrieved from /home/airflow/.local/lib/python3.8/site-packages/airflow/example_dags/example_sensors.py
[2024-04-04T09:42:27.526+0000] {logging_mixin.py:188} INFO - [2024-04-04T09:42:27.525+0000] {dag.py:3047} INFO - Sync 1 DAGs
[2024-04-04T09:42:27.546+0000] {logging_mixin.py:188} INFO - [2024-04-04T09:42:27.545+0000] {dag.py:3834} INFO - Setting next_dagrun for example_sensors to None, run_after=None
[2024-04-04T09:42:27.579+0000] {processor.py:183} INFO - Processing /home/airflow/.local/lib/python3.8/site-packages/airflow/example_dags/example_sensors.py took 0.117 seconds
[2024-04-04T09:42:58.459+0000] {processor.py:161} INFO - Started process (PID=527) to work on /home/airflow/.local/lib/python3.8/site-packages/airflow/example_dags/example_sensors.py
[2024-04-04T09:42:58.461+0000] {processor.py:830} INFO - Processing file /home/airflow/.local/lib/python3.8/site-packages/airflow/example_dags/example_sensors.py for tasks to queue
[2024-04-04T09:42:58.464+0000] {logging_mixin.py:188} INFO - [2024-04-04T09:42:58.463+0000] {dagbag.py:540} INFO - Filling up the DagBag from /home/airflow/.local/lib/python3.8/site-packages/airflow/example_dags/example_sensors.py
[2024-04-04T09:42:58.476+0000] {processor.py:840} INFO - DAG(s) 'example_sensors' retrieved from /home/airflow/.local/lib/python3.8/site-packages/airflow/example_dags/example_sensors.py
[2024-04-04T09:42:58.504+0000] {logging_mixin.py:188} INFO - [2024-04-04T09:42:58.503+0000] {dag.py:3047} INFO - Sync 1 DAGs
[2024-04-04T09:42:58.516+0000] {logging_mixin.py:188} INFO - [2024-04-04T09:42:58.515+0000] {dag.py:3834} INFO - Setting next_dagrun for example_sensors to None, run_after=None
[2024-04-04T09:42:58.541+0000] {processor.py:183} INFO - Processing /home/airflow/.local/lib/python3.8/site-packages/airflow/example_dags/example_sensors.py took 0.086 seconds
[2024-04-04T09:43:29.100+0000] {processor.py:161} INFO - Started process (PID=583) to work on /home/airflow/.local/lib/python3.8/site-packages/airflow/example_dags/example_sensors.py
[2024-04-04T09:43:29.101+0000] {processor.py:830} INFO - Processing file /home/airflow/.local/lib/python3.8/site-packages/airflow/example_dags/example_sensors.py for tasks to queue
[2024-04-04T09:43:29.103+0000] {logging_mixin.py:188} INFO - [2024-04-04T09:43:29.103+0000] {dagbag.py:540} INFO - Filling up the DagBag from /home/airflow/.local/lib/python3.8/site-packages/airflow/example_dags/example_sensors.py
[2024-04-04T09:43:29.114+0000] {processor.py:840} INFO - DAG(s) 'example_sensors' retrieved from /home/airflow/.local/lib/python3.8/site-packages/airflow/example_dags/example_sensors.py
[2024-04-04T09:43:29.146+0000] {logging_mixin.py:188} INFO - [2024-04-04T09:43:29.145+0000] {dag.py:3047} INFO - Sync 1 DAGs
[2024-04-04T09:43:29.160+0000] {logging_mixin.py:188} INFO - [2024-04-04T09:43:29.159+0000] {dag.py:3834} INFO - Setting next_dagrun for example_sensors to None, run_after=None
[2024-04-04T09:43:29.189+0000] {processor.py:183} INFO - Processing /home/airflow/.local/lib/python3.8/site-packages/airflow/example_dags/example_sensors.py took 0.092 seconds
[2024-04-04T09:43:59.413+0000] {processor.py:161} INFO - Started process (PID=639) to work on /home/airflow/.local/lib/python3.8/site-packages/airflow/example_dags/example_sensors.py
[2024-04-04T09:43:59.414+0000] {processor.py:830} INFO - Processing file /home/airflow/.local/lib/python3.8/site-packages/airflow/example_dags/example_sensors.py for tasks to queue
[2024-04-04T09:43:59.416+0000] {logging_mixin.py:188} INFO - [2024-04-04T09:43:59.416+0000] {dagbag.py:540} INFO - Filling up the DagBag from /home/airflow/.local/lib/python3.8/site-packages/airflow/example_dags/example_sensors.py
[2024-04-04T09:43:59.425+0000] {processor.py:840} INFO - DAG(s) 'example_sensors' retrieved from /home/airflow/.local/lib/python3.8/site-packages/airflow/example_dags/example_sensors.py
[2024-04-04T09:43:59.454+0000] {logging_mixin.py:188} INFO - [2024-04-04T09:43:59.454+0000] {dag.py:3047} INFO - Sync 1 DAGs
[2024-04-04T09:43:59.469+0000] {logging_mixin.py:188} INFO - [2024-04-04T09:43:59.469+0000] {dag.py:3834} INFO - Setting next_dagrun for example_sensors to None, run_after=None
[2024-04-04T09:43:59.496+0000] {processor.py:183} INFO - Processing /home/airflow/.local/lib/python3.8/site-packages/airflow/example_dags/example_sensors.py took 0.086 seconds
[2024-04-04T09:44:29.925+0000] {processor.py:161} INFO - Started process (PID=695) to work on /home/airflow/.local/lib/python3.8/site-packages/airflow/example_dags/example_sensors.py
[2024-04-04T09:44:29.928+0000] {processor.py:830} INFO - Processing file /home/airflow/.local/lib/python3.8/site-packages/airflow/example_dags/example_sensors.py for tasks to queue
[2024-04-04T09:44:29.931+0000] {logging_mixin.py:188} INFO - [2024-04-04T09:44:29.930+0000] {dagbag.py:540} INFO - Filling up the DagBag from /home/airflow/.local/lib/python3.8/site-packages/airflow/example_dags/example_sensors.py
[2024-04-04T09:44:29.951+0000] {processor.py:840} INFO - DAG(s) 'example_sensors' retrieved from /home/airflow/.local/lib/python3.8/site-packages/airflow/example_dags/example_sensors.py
[2024-04-04T09:44:30.001+0000] {logging_mixin.py:188} INFO - [2024-04-04T09:44:30.000+0000] {dag.py:3047} INFO - Sync 1 DAGs
[2024-04-04T09:44:30.019+0000] {logging_mixin.py:188} INFO - [2024-04-04T09:44:30.019+0000] {dag.py:3834} INFO - Setting next_dagrun for example_sensors to None, run_after=None
[2024-04-04T09:44:30.057+0000] {processor.py:183} INFO - Processing /home/airflow/.local/lib/python3.8/site-packages/airflow/example_dags/example_sensors.py took 0.136 seconds
[2024-04-04T09:45:00.248+0000] {processor.py:161} INFO - Started process (PID=751) to work on /home/airflow/.local/lib/python3.8/site-packages/airflow/example_dags/example_sensors.py
[2024-04-04T09:45:00.250+0000] {processor.py:830} INFO - Processing file /home/airflow/.local/lib/python3.8/site-packages/airflow/example_dags/example_sensors.py for tasks to queue
[2024-04-04T09:45:00.252+0000] {logging_mixin.py:188} INFO - [2024-04-04T09:45:00.252+0000] {dagbag.py:540} INFO - Filling up the DagBag from /home/airflow/.local/lib/python3.8/site-packages/airflow/example_dags/example_sensors.py
[2024-04-04T09:45:00.262+0000] {processor.py:840} INFO - DAG(s) 'example_sensors' retrieved from /home/airflow/.local/lib/python3.8/site-packages/airflow/example_dags/example_sensors.py
[2024-04-04T09:45:00.295+0000] {logging_mixin.py:188} INFO - [2024-04-04T09:45:00.294+0000] {dag.py:3047} INFO - Sync 1 DAGs
[2024-04-04T09:45:00.309+0000] {logging_mixin.py:188} INFO - [2024-04-04T09:45:00.308+0000] {dag.py:3834} INFO - Setting next_dagrun for example_sensors to None, run_after=None
[2024-04-04T09:45:00.337+0000] {processor.py:183} INFO - Processing /home/airflow/.local/lib/python3.8/site-packages/airflow/example_dags/example_sensors.py took 0.092 seconds
[2024-04-04T09:45:31.301+0000] {processor.py:161} INFO - Started process (PID=807) to work on /home/airflow/.local/lib/python3.8/site-packages/airflow/example_dags/example_sensors.py
[2024-04-04T09:45:31.302+0000] {processor.py:830} INFO - Processing file /home/airflow/.local/lib/python3.8/site-packages/airflow/example_dags/example_sensors.py for tasks to queue
[2024-04-04T09:45:31.305+0000] {logging_mixin.py:188} INFO - [2024-04-04T09:45:31.304+0000] {dagbag.py:540} INFO - Filling up the DagBag from /home/airflow/.local/lib/python3.8/site-packages/airflow/example_dags/example_sensors.py
[2024-04-04T09:45:31.313+0000] {processor.py:840} INFO - DAG(s) 'example_sensors' retrieved from /home/airflow/.local/lib/python3.8/site-packages/airflow/example_dags/example_sensors.py
[2024-04-04T09:45:31.343+0000] {logging_mixin.py:188} INFO - [2024-04-04T09:45:31.343+0000] {dag.py:3047} INFO - Sync 1 DAGs
[2024-04-04T09:45:31.358+0000] {logging_mixin.py:188} INFO - [2024-04-04T09:45:31.358+0000] {dag.py:3834} INFO - Setting next_dagrun for example_sensors to None, run_after=None
[2024-04-04T09:45:31.388+0000] {processor.py:183} INFO - Processing /home/airflow/.local/lib/python3.8/site-packages/airflow/example_dags/example_sensors.py took 0.089 seconds
[2024-04-04T09:46:01.912+0000] {processor.py:161} INFO - Started process (PID=863) to work on /home/airflow/.local/lib/python3.8/site-packages/airflow/example_dags/example_sensors.py
[2024-04-04T09:46:01.914+0000] {processor.py:830} INFO - Processing file /home/airflow/.local/lib/python3.8/site-packages/airflow/example_dags/example_sensors.py for tasks to queue
[2024-04-04T09:46:01.916+0000] {logging_mixin.py:188} INFO - [2024-04-04T09:46:01.916+0000] {dagbag.py:540} INFO - Filling up the DagBag from /home/airflow/.local/lib/python3.8/site-packages/airflow/example_dags/example_sensors.py
[2024-04-04T09:46:01.928+0000] {processor.py:840} INFO - DAG(s) 'example_sensors' retrieved from /home/airflow/.local/lib/python3.8/site-packages/airflow/example_dags/example_sensors.py
[2024-04-04T09:46:01.964+0000] {logging_mixin.py:188} INFO - [2024-04-04T09:46:01.963+0000] {dag.py:3047} INFO - Sync 1 DAGs
[2024-04-04T09:46:01.979+0000] {logging_mixin.py:188} INFO - [2024-04-04T09:46:01.979+0000] {dag.py:3834} INFO - Setting next_dagrun for example_sensors to None, run_after=None
[2024-04-04T09:46:02.010+0000] {processor.py:183} INFO - Processing /home/airflow/.local/lib/python3.8/site-packages/airflow/example_dags/example_sensors.py took 0.101 seconds
[2024-04-04T09:46:32.211+0000] {processor.py:161} INFO - Started process (PID=919) to work on /home/airflow/.local/lib/python3.8/site-packages/airflow/example_dags/example_sensors.py
[2024-04-04T09:46:32.212+0000] {processor.py:830} INFO - Processing file /home/airflow/.local/lib/python3.8/site-packages/airflow/example_dags/example_sensors.py for tasks to queue
[2024-04-04T09:46:32.214+0000] {logging_mixin.py:188} INFO - [2024-04-04T09:46:32.213+0000] {dagbag.py:540} INFO - Filling up the DagBag from /home/airflow/.local/lib/python3.8/site-packages/airflow/example_dags/example_sensors.py
[2024-04-04T09:46:32.223+0000] {processor.py:840} INFO - DAG(s) 'example_sensors' retrieved from /home/airflow/.local/lib/python3.8/site-packages/airflow/example_dags/example_sensors.py
[2024-04-04T09:46:32.251+0000] {logging_mixin.py:188} INFO - [2024-04-04T09:46:32.251+0000] {dag.py:3047} INFO - Sync 1 DAGs
[2024-04-04T09:46:32.266+0000] {logging_mixin.py:188} INFO - [2024-04-04T09:46:32.265+0000] {dag.py:3834} INFO - Setting next_dagrun for example_sensors to None, run_after=None
[2024-04-04T09:46:32.292+0000] {processor.py:183} INFO - Processing /home/airflow/.local/lib/python3.8/site-packages/airflow/example_dags/example_sensors.py took 0.084 seconds
[2024-04-04T09:47:02.661+0000] {processor.py:161} INFO - Started process (PID=975) to work on /home/airflow/.local/lib/python3.8/site-packages/airflow/example_dags/example_sensors.py
[2024-04-04T09:47:02.662+0000] {processor.py:830} INFO - Processing file /home/airflow/.local/lib/python3.8/site-packages/airflow/example_dags/example_sensors.py for tasks to queue
[2024-04-04T09:47:02.665+0000] {logging_mixin.py:188} INFO - [2024-04-04T09:47:02.665+0000] {dagbag.py:540} INFO - Filling up the DagBag from /home/airflow/.local/lib/python3.8/site-packages/airflow/example_dags/example_sensors.py
[2024-04-04T09:47:02.677+0000] {processor.py:840} INFO - DAG(s) 'example_sensors' retrieved from /home/airflow/.local/lib/python3.8/site-packages/airflow/example_dags/example_sensors.py
[2024-04-04T09:47:02.735+0000] {logging_mixin.py:188} INFO - [2024-04-04T09:47:02.734+0000] {dag.py:3047} INFO - Sync 1 DAGs
[2024-04-04T09:47:02.759+0000] {logging_mixin.py:188} INFO - [2024-04-04T09:47:02.759+0000] {dag.py:3834} INFO - Setting next_dagrun for example_sensors to None, run_after=None
[2024-04-04T09:47:02.810+0000] {processor.py:183} INFO - Processing /home/airflow/.local/lib/python3.8/site-packages/airflow/example_dags/example_sensors.py took 0.155 seconds
[2024-04-04T09:47:33.192+0000] {processor.py:161} INFO - Started process (PID=1031) to work on /home/airflow/.local/lib/python3.8/site-packages/airflow/example_dags/example_sensors.py
[2024-04-04T09:47:33.193+0000] {processor.py:830} INFO - Processing file /home/airflow/.local/lib/python3.8/site-packages/airflow/example_dags/example_sensors.py for tasks to queue
[2024-04-04T09:47:33.196+0000] {logging_mixin.py:188} INFO - [2024-04-04T09:47:33.195+0000] {dagbag.py:540} INFO - Filling up the DagBag from /home/airflow/.local/lib/python3.8/site-packages/airflow/example_dags/example_sensors.py
[2024-04-04T09:47:33.207+0000] {processor.py:840} INFO - DAG(s) 'example_sensors' retrieved from /home/airflow/.local/lib/python3.8/site-packages/airflow/example_dags/example_sensors.py
[2024-04-04T09:47:33.235+0000] {logging_mixin.py:188} INFO - [2024-04-04T09:47:33.235+0000] {dag.py:3047} INFO - Sync 1 DAGs
[2024-04-04T09:47:33.249+0000] {logging_mixin.py:188} INFO - [2024-04-04T09:47:33.248+0000] {dag.py:3834} INFO - Setting next_dagrun for example_sensors to None, run_after=None
[2024-04-04T09:47:33.274+0000] {processor.py:183} INFO - Processing /home/airflow/.local/lib/python3.8/site-packages/airflow/example_dags/example_sensors.py took 0.086 seconds
[2024-04-04T09:48:03.418+0000] {processor.py:161} INFO - Started process (PID=1087) to work on /home/airflow/.local/lib/python3.8/site-packages/airflow/example_dags/example_sensors.py
[2024-04-04T09:48:03.419+0000] {processor.py:830} INFO - Processing file /home/airflow/.local/lib/python3.8/site-packages/airflow/example_dags/example_sensors.py for tasks to queue
[2024-04-04T09:48:03.421+0000] {logging_mixin.py:188} INFO - [2024-04-04T09:48:03.421+0000] {dagbag.py:540} INFO - Filling up the DagBag from /home/airflow/.local/lib/python3.8/site-packages/airflow/example_dags/example_sensors.py
[2024-04-04T09:48:03.431+0000] {processor.py:840} INFO - DAG(s) 'example_sensors' retrieved from /home/airflow/.local/lib/python3.8/site-packages/airflow/example_dags/example_sensors.py
[2024-04-04T09:48:03.458+0000] {logging_mixin.py:188} INFO - [2024-04-04T09:48:03.458+0000] {dag.py:3047} INFO - Sync 1 DAGs
[2024-04-04T09:48:03.471+0000] {logging_mixin.py:188} INFO - [2024-04-04T09:48:03.470+0000] {dag.py:3834} INFO - Setting next_dagrun for example_sensors to None, run_after=None
[2024-04-04T09:48:03.494+0000] {processor.py:183} INFO - Processing /home/airflow/.local/lib/python3.8/site-packages/airflow/example_dags/example_sensors.py took 0.079 seconds
[2024-04-04T09:48:33.553+0000] {processor.py:161} INFO - Started process (PID=1143) to work on /home/airflow/.local/lib/python3.8/site-packages/airflow/example_dags/example_sensors.py
[2024-04-04T09:48:33.555+0000] {processor.py:830} INFO - Processing file /home/airflow/.local/lib/python3.8/site-packages/airflow/example_dags/example_sensors.py for tasks to queue
[2024-04-04T09:48:33.557+0000] {logging_mixin.py:188} INFO - [2024-04-04T09:48:33.557+0000] {dagbag.py:540} INFO - Filling up the DagBag from /home/airflow/.local/lib/python3.8/site-packages/airflow/example_dags/example_sensors.py
[2024-04-04T09:48:33.567+0000] {processor.py:840} INFO - DAG(s) 'example_sensors' retrieved from /home/airflow/.local/lib/python3.8/site-packages/airflow/example_dags/example_sensors.py
[2024-04-04T09:48:33.597+0000] {logging_mixin.py:188} INFO - [2024-04-04T09:48:33.597+0000] {dag.py:3047} INFO - Sync 1 DAGs
[2024-04-04T09:48:33.614+0000] {logging_mixin.py:188} INFO - [2024-04-04T09:48:33.614+0000] {dag.py:3834} INFO - Setting next_dagrun for example_sensors to None, run_after=None
[2024-04-04T09:48:33.648+0000] {processor.py:183} INFO - Processing /home/airflow/.local/lib/python3.8/site-packages/airflow/example_dags/example_sensors.py took 0.098 seconds
[2024-04-04T09:49:03.948+0000] {processor.py:161} INFO - Started process (PID=1199) to work on /home/airflow/.local/lib/python3.8/site-packages/airflow/example_dags/example_sensors.py
[2024-04-04T09:49:03.950+0000] {processor.py:830} INFO - Processing file /home/airflow/.local/lib/python3.8/site-packages/airflow/example_dags/example_sensors.py for tasks to queue
[2024-04-04T09:49:03.952+0000] {logging_mixin.py:188} INFO - [2024-04-04T09:49:03.952+0000] {dagbag.py:540} INFO - Filling up the DagBag from /home/airflow/.local/lib/python3.8/site-packages/airflow/example_dags/example_sensors.py
[2024-04-04T09:49:03.962+0000] {processor.py:840} INFO - DAG(s) 'example_sensors' retrieved from /home/airflow/.local/lib/python3.8/site-packages/airflow/example_dags/example_sensors.py
[2024-04-04T09:49:03.988+0000] {logging_mixin.py:188} INFO - [2024-04-04T09:49:03.988+0000] {dag.py:3047} INFO - Sync 1 DAGs
[2024-04-04T09:49:04.002+0000] {logging_mixin.py:188} INFO - [2024-04-04T09:49:04.001+0000] {dag.py:3834} INFO - Setting next_dagrun for example_sensors to None, run_after=None
[2024-04-04T09:49:04.028+0000] {processor.py:183} INFO - Processing /home/airflow/.local/lib/python3.8/site-packages/airflow/example_dags/example_sensors.py took 0.083 seconds
[2024-04-04T09:49:35.272+0000] {processor.py:161} INFO - Started process (PID=1259) to work on /home/airflow/.local/lib/python3.8/site-packages/airflow/example_dags/example_sensors.py
[2024-04-04T09:49:35.274+0000] {processor.py:830} INFO - Processing file /home/airflow/.local/lib/python3.8/site-packages/airflow/example_dags/example_sensors.py for tasks to queue
[2024-04-04T09:49:35.280+0000] {logging_mixin.py:188} INFO - [2024-04-04T09:49:35.278+0000] {dagbag.py:540} INFO - Filling up the DagBag from /home/airflow/.local/lib/python3.8/site-packages/airflow/example_dags/example_sensors.py
[2024-04-04T09:49:35.291+0000] {processor.py:840} INFO - DAG(s) 'example_sensors' retrieved from /home/airflow/.local/lib/python3.8/site-packages/airflow/example_dags/example_sensors.py
[2024-04-04T09:49:35.339+0000] {logging_mixin.py:188} INFO - [2024-04-04T09:49:35.339+0000] {dag.py:3047} INFO - Sync 1 DAGs
[2024-04-04T09:49:35.358+0000] {logging_mixin.py:188} INFO - [2024-04-04T09:49:35.358+0000] {dag.py:3834} INFO - Setting next_dagrun for example_sensors to None, run_after=None
[2024-04-04T09:49:35.393+0000] {processor.py:183} INFO - Processing /home/airflow/.local/lib/python3.8/site-packages/airflow/example_dags/example_sensors.py took 0.136 seconds
[2024-04-04T09:50:05.796+0000] {processor.py:161} INFO - Started process (PID=1315) to work on /home/airflow/.local/lib/python3.8/site-packages/airflow/example_dags/example_sensors.py
[2024-04-04T09:50:05.799+0000] {processor.py:830} INFO - Processing file /home/airflow/.local/lib/python3.8/site-packages/airflow/example_dags/example_sensors.py for tasks to queue
[2024-04-04T09:50:05.802+0000] {logging_mixin.py:188} INFO - [2024-04-04T09:50:05.801+0000] {dagbag.py:540} INFO - Filling up the DagBag from /home/airflow/.local/lib/python3.8/site-packages/airflow/example_dags/example_sensors.py
[2024-04-04T09:50:05.822+0000] {processor.py:840} INFO - DAG(s) 'example_sensors' retrieved from /home/airflow/.local/lib/python3.8/site-packages/airflow/example_dags/example_sensors.py
[2024-04-04T09:50:05.862+0000] {logging_mixin.py:188} INFO - [2024-04-04T09:50:05.862+0000] {dag.py:3047} INFO - Sync 1 DAGs
[2024-04-04T09:50:05.877+0000] {logging_mixin.py:188} INFO - [2024-04-04T09:50:05.876+0000] {dag.py:3834} INFO - Setting next_dagrun for example_sensors to None, run_after=None
[2024-04-04T09:50:05.906+0000] {processor.py:183} INFO - Processing /home/airflow/.local/lib/python3.8/site-packages/airflow/example_dags/example_sensors.py took 0.117 seconds
[2024-04-04T09:50:35.965+0000] {processor.py:161} INFO - Started process (PID=1371) to work on /home/airflow/.local/lib/python3.8/site-packages/airflow/example_dags/example_sensors.py
[2024-04-04T09:50:35.966+0000] {processor.py:830} INFO - Processing file /home/airflow/.local/lib/python3.8/site-packages/airflow/example_dags/example_sensors.py for tasks to queue
[2024-04-04T09:50:35.969+0000] {logging_mixin.py:188} INFO - [2024-04-04T09:50:35.968+0000] {dagbag.py:540} INFO - Filling up the DagBag from /home/airflow/.local/lib/python3.8/site-packages/airflow/example_dags/example_sensors.py
[2024-04-04T09:50:35.977+0000] {processor.py:840} INFO - DAG(s) 'example_sensors' retrieved from /home/airflow/.local/lib/python3.8/site-packages/airflow/example_dags/example_sensors.py
[2024-04-04T09:50:36.004+0000] {logging_mixin.py:188} INFO - [2024-04-04T09:50:36.003+0000] {dag.py:3047} INFO - Sync 1 DAGs
[2024-04-04T09:50:36.018+0000] {logging_mixin.py:188} INFO - [2024-04-04T09:50:36.017+0000] {dag.py:3834} INFO - Setting next_dagrun for example_sensors to None, run_after=None
[2024-04-04T09:50:36.042+0000] {processor.py:183} INFO - Processing /home/airflow/.local/lib/python3.8/site-packages/airflow/example_dags/example_sensors.py took 0.080 seconds
[2024-04-04T09:51:06.504+0000] {processor.py:161} INFO - Started process (PID=1427) to work on /home/airflow/.local/lib/python3.8/site-packages/airflow/example_dags/example_sensors.py
[2024-04-04T09:51:06.505+0000] {processor.py:830} INFO - Processing file /home/airflow/.local/lib/python3.8/site-packages/airflow/example_dags/example_sensors.py for tasks to queue
[2024-04-04T09:51:06.507+0000] {logging_mixin.py:188} INFO - [2024-04-04T09:51:06.507+0000] {dagbag.py:540} INFO - Filling up the DagBag from /home/airflow/.local/lib/python3.8/site-packages/airflow/example_dags/example_sensors.py
[2024-04-04T09:51:06.516+0000] {processor.py:840} INFO - DAG(s) 'example_sensors' retrieved from /home/airflow/.local/lib/python3.8/site-packages/airflow/example_dags/example_sensors.py
[2024-04-04T09:51:06.545+0000] {logging_mixin.py:188} INFO - [2024-04-04T09:51:06.544+0000] {dag.py:3047} INFO - Sync 1 DAGs
[2024-04-04T09:51:06.559+0000] {logging_mixin.py:188} INFO - [2024-04-04T09:51:06.559+0000] {dag.py:3834} INFO - Setting next_dagrun for example_sensors to None, run_after=None
[2024-04-04T09:51:06.585+0000] {processor.py:183} INFO - Processing /home/airflow/.local/lib/python3.8/site-packages/airflow/example_dags/example_sensors.py took 0.084 seconds
[2024-04-04T09:51:37.032+0000] {processor.py:161} INFO - Started process (PID=1483) to work on /home/airflow/.local/lib/python3.8/site-packages/airflow/example_dags/example_sensors.py
[2024-04-04T09:51:37.034+0000] {processor.py:830} INFO - Processing file /home/airflow/.local/lib/python3.8/site-packages/airflow/example_dags/example_sensors.py for tasks to queue
[2024-04-04T09:51:37.039+0000] {logging_mixin.py:188} INFO - [2024-04-04T09:51:37.038+0000] {dagbag.py:540} INFO - Filling up the DagBag from /home/airflow/.local/lib/python3.8/site-packages/airflow/example_dags/example_sensors.py
[2024-04-04T09:51:37.051+0000] {processor.py:840} INFO - DAG(s) 'example_sensors' retrieved from /home/airflow/.local/lib/python3.8/site-packages/airflow/example_dags/example_sensors.py
[2024-04-04T09:51:37.088+0000] {logging_mixin.py:188} INFO - [2024-04-04T09:51:37.087+0000] {dag.py:3047} INFO - Sync 1 DAGs
[2024-04-04T09:51:37.105+0000] {logging_mixin.py:188} INFO - [2024-04-04T09:51:37.105+0000] {dag.py:3834} INFO - Setting next_dagrun for example_sensors to None, run_after=None
[2024-04-04T09:51:37.137+0000] {processor.py:183} INFO - Processing /home/airflow/.local/lib/python3.8/site-packages/airflow/example_dags/example_sensors.py took 0.108 seconds
[2024-04-04T09:52:07.854+0000] {processor.py:161} INFO - Started process (PID=1539) to work on /home/airflow/.local/lib/python3.8/site-packages/airflow/example_dags/example_sensors.py
[2024-04-04T09:52:07.856+0000] {processor.py:830} INFO - Processing file /home/airflow/.local/lib/python3.8/site-packages/airflow/example_dags/example_sensors.py for tasks to queue
[2024-04-04T09:52:07.859+0000] {logging_mixin.py:188} INFO - [2024-04-04T09:52:07.858+0000] {dagbag.py:540} INFO - Filling up the DagBag from /home/airflow/.local/lib/python3.8/site-packages/airflow/example_dags/example_sensors.py
[2024-04-04T09:52:07.874+0000] {processor.py:840} INFO - DAG(s) 'example_sensors' retrieved from /home/airflow/.local/lib/python3.8/site-packages/airflow/example_dags/example_sensors.py
[2024-04-04T09:52:07.959+0000] {logging_mixin.py:188} INFO - [2024-04-04T09:52:07.957+0000] {dag.py:3047} INFO - Sync 1 DAGs
[2024-04-04T09:52:07.996+0000] {logging_mixin.py:188} INFO - [2024-04-04T09:52:07.996+0000] {dag.py:3834} INFO - Setting next_dagrun for example_sensors to None, run_after=None
[2024-04-04T09:52:08.079+0000] {processor.py:183} INFO - Processing /home/airflow/.local/lib/python3.8/site-packages/airflow/example_dags/example_sensors.py took 0.230 seconds
[2024-04-04T09:52:38.361+0000] {processor.py:161} INFO - Started process (PID=1595) to work on /home/airflow/.local/lib/python3.8/site-packages/airflow/example_dags/example_sensors.py
[2024-04-04T09:52:38.363+0000] {processor.py:830} INFO - Processing file /home/airflow/.local/lib/python3.8/site-packages/airflow/example_dags/example_sensors.py for tasks to queue
[2024-04-04T09:52:38.365+0000] {logging_mixin.py:188} INFO - [2024-04-04T09:52:38.365+0000] {dagbag.py:540} INFO - Filling up the DagBag from /home/airflow/.local/lib/python3.8/site-packages/airflow/example_dags/example_sensors.py
[2024-04-04T09:52:38.376+0000] {processor.py:840} INFO - DAG(s) 'example_sensors' retrieved from /home/airflow/.local/lib/python3.8/site-packages/airflow/example_dags/example_sensors.py
[2024-04-04T09:52:38.418+0000] {logging_mixin.py:188} INFO - [2024-04-04T09:52:38.418+0000] {dag.py:3047} INFO - Sync 1 DAGs
[2024-04-04T09:52:38.434+0000] {logging_mixin.py:188} INFO - [2024-04-04T09:52:38.434+0000] {dag.py:3834} INFO - Setting next_dagrun for example_sensors to None, run_after=None
[2024-04-04T09:52:38.468+0000] {processor.py:183} INFO - Processing /home/airflow/.local/lib/python3.8/site-packages/airflow/example_dags/example_sensors.py took 0.109 seconds
[2024-04-04T09:53:08.730+0000] {processor.py:161} INFO - Started process (PID=1651) to work on /home/airflow/.local/lib/python3.8/site-packages/airflow/example_dags/example_sensors.py
[2024-04-04T09:53:08.731+0000] {processor.py:830} INFO - Processing file /home/airflow/.local/lib/python3.8/site-packages/airflow/example_dags/example_sensors.py for tasks to queue
[2024-04-04T09:53:08.733+0000] {logging_mixin.py:188} INFO - [2024-04-04T09:53:08.733+0000] {dagbag.py:540} INFO - Filling up the DagBag from /home/airflow/.local/lib/python3.8/site-packages/airflow/example_dags/example_sensors.py
[2024-04-04T09:53:08.742+0000] {processor.py:840} INFO - DAG(s) 'example_sensors' retrieved from /home/airflow/.local/lib/python3.8/site-packages/airflow/example_dags/example_sensors.py
[2024-04-04T09:53:08.779+0000] {logging_mixin.py:188} INFO - [2024-04-04T09:53:08.778+0000] {dag.py:3047} INFO - Sync 1 DAGs
[2024-04-04T09:53:08.799+0000] {logging_mixin.py:188} INFO - [2024-04-04T09:53:08.799+0000] {dag.py:3834} INFO - Setting next_dagrun for example_sensors to None, run_after=None
[2024-04-04T09:53:08.834+0000] {processor.py:183} INFO - Processing /home/airflow/.local/lib/python3.8/site-packages/airflow/example_dags/example_sensors.py took 0.108 seconds
[2024-04-04T09:53:39.609+0000] {processor.py:161} INFO - Started process (PID=1708) to work on /home/airflow/.local/lib/python3.8/site-packages/airflow/example_dags/example_sensors.py
[2024-04-04T09:53:39.611+0000] {processor.py:830} INFO - Processing file /home/airflow/.local/lib/python3.8/site-packages/airflow/example_dags/example_sensors.py for tasks to queue
[2024-04-04T09:53:39.613+0000] {logging_mixin.py:188} INFO - [2024-04-04T09:53:39.613+0000] {dagbag.py:540} INFO - Filling up the DagBag from /home/airflow/.local/lib/python3.8/site-packages/airflow/example_dags/example_sensors.py
[2024-04-04T09:53:39.627+0000] {processor.py:840} INFO - DAG(s) 'example_sensors' retrieved from /home/airflow/.local/lib/python3.8/site-packages/airflow/example_dags/example_sensors.py
[2024-04-04T09:53:39.667+0000] {logging_mixin.py:188} INFO - [2024-04-04T09:53:39.667+0000] {dag.py:3047} INFO - Sync 1 DAGs
[2024-04-04T09:53:39.682+0000] {logging_mixin.py:188} INFO - [2024-04-04T09:53:39.682+0000] {dag.py:3834} INFO - Setting next_dagrun for example_sensors to None, run_after=None
[2024-04-04T09:53:39.712+0000] {processor.py:183} INFO - Processing /home/airflow/.local/lib/python3.8/site-packages/airflow/example_dags/example_sensors.py took 0.107 seconds
[2024-04-04T09:54:10.663+0000] {processor.py:161} INFO - Started process (PID=1764) to work on /home/airflow/.local/lib/python3.8/site-packages/airflow/example_dags/example_sensors.py
[2024-04-04T09:54:10.664+0000] {processor.py:830} INFO - Processing file /home/airflow/.local/lib/python3.8/site-packages/airflow/example_dags/example_sensors.py for tasks to queue
[2024-04-04T09:54:10.667+0000] {logging_mixin.py:188} INFO - [2024-04-04T09:54:10.667+0000] {dagbag.py:540} INFO - Filling up the DagBag from /home/airflow/.local/lib/python3.8/site-packages/airflow/example_dags/example_sensors.py
[2024-04-04T09:54:10.680+0000] {processor.py:840} INFO - DAG(s) 'example_sensors' retrieved from /home/airflow/.local/lib/python3.8/site-packages/airflow/example_dags/example_sensors.py
[2024-04-04T09:54:10.711+0000] {logging_mixin.py:188} INFO - [2024-04-04T09:54:10.711+0000] {dag.py:3047} INFO - Sync 1 DAGs
[2024-04-04T09:54:10.723+0000] {logging_mixin.py:188} INFO - [2024-04-04T09:54:10.723+0000] {dag.py:3834} INFO - Setting next_dagrun for example_sensors to None, run_after=None
[2024-04-04T09:54:10.748+0000] {processor.py:183} INFO - Processing /home/airflow/.local/lib/python3.8/site-packages/airflow/example_dags/example_sensors.py took 0.088 seconds
[2024-04-04T09:54:41.547+0000] {processor.py:161} INFO - Started process (PID=1821) to work on /home/airflow/.local/lib/python3.8/site-packages/airflow/example_dags/example_sensors.py
[2024-04-04T09:54:41.549+0000] {processor.py:830} INFO - Processing file /home/airflow/.local/lib/python3.8/site-packages/airflow/example_dags/example_sensors.py for tasks to queue
[2024-04-04T09:54:41.551+0000] {logging_mixin.py:188} INFO - [2024-04-04T09:54:41.550+0000] {dagbag.py:540} INFO - Filling up the DagBag from /home/airflow/.local/lib/python3.8/site-packages/airflow/example_dags/example_sensors.py
[2024-04-04T09:54:41.560+0000] {processor.py:840} INFO - DAG(s) 'example_sensors' retrieved from /home/airflow/.local/lib/python3.8/site-packages/airflow/example_dags/example_sensors.py
[2024-04-04T09:54:41.589+0000] {logging_mixin.py:188} INFO - [2024-04-04T09:54:41.588+0000] {dag.py:3047} INFO - Sync 1 DAGs
[2024-04-04T09:54:41.602+0000] {logging_mixin.py:188} INFO - [2024-04-04T09:54:41.601+0000] {dag.py:3834} INFO - Setting next_dagrun for example_sensors to None, run_after=None
[2024-04-04T09:54:41.628+0000] {processor.py:183} INFO - Processing /home/airflow/.local/lib/python3.8/site-packages/airflow/example_dags/example_sensors.py took 0.083 seconds
[2024-04-04T09:55:11.880+0000] {processor.py:161} INFO - Started process (PID=1877) to work on /home/airflow/.local/lib/python3.8/site-packages/airflow/example_dags/example_sensors.py
[2024-04-04T09:55:11.881+0000] {processor.py:830} INFO - Processing file /home/airflow/.local/lib/python3.8/site-packages/airflow/example_dags/example_sensors.py for tasks to queue
[2024-04-04T09:55:11.884+0000] {logging_mixin.py:188} INFO - [2024-04-04T09:55:11.883+0000] {dagbag.py:540} INFO - Filling up the DagBag from /home/airflow/.local/lib/python3.8/site-packages/airflow/example_dags/example_sensors.py
[2024-04-04T09:55:11.892+0000] {processor.py:840} INFO - DAG(s) 'example_sensors' retrieved from /home/airflow/.local/lib/python3.8/site-packages/airflow/example_dags/example_sensors.py
[2024-04-04T09:55:11.919+0000] {logging_mixin.py:188} INFO - [2024-04-04T09:55:11.918+0000] {dag.py:3047} INFO - Sync 1 DAGs
[2024-04-04T09:55:11.933+0000] {logging_mixin.py:188} INFO - [2024-04-04T09:55:11.933+0000] {dag.py:3834} INFO - Setting next_dagrun for example_sensors to None, run_after=None
[2024-04-04T09:55:11.959+0000] {processor.py:183} INFO - Processing /home/airflow/.local/lib/python3.8/site-packages/airflow/example_dags/example_sensors.py took 0.082 seconds
[2024-04-04T09:55:42.735+0000] {processor.py:161} INFO - Started process (PID=1939) to work on /home/airflow/.local/lib/python3.8/site-packages/airflow/example_dags/example_sensors.py
[2024-04-04T09:55:42.737+0000] {processor.py:830} INFO - Processing file /home/airflow/.local/lib/python3.8/site-packages/airflow/example_dags/example_sensors.py for tasks to queue
[2024-04-04T09:55:42.739+0000] {logging_mixin.py:188} INFO - [2024-04-04T09:55:42.738+0000] {dagbag.py:540} INFO - Filling up the DagBag from /home/airflow/.local/lib/python3.8/site-packages/airflow/example_dags/example_sensors.py
[2024-04-04T09:55:42.748+0000] {processor.py:840} INFO - DAG(s) 'example_sensors' retrieved from /home/airflow/.local/lib/python3.8/site-packages/airflow/example_dags/example_sensors.py
[2024-04-04T09:55:42.780+0000] {logging_mixin.py:188} INFO - [2024-04-04T09:55:42.780+0000] {dag.py:3047} INFO - Sync 1 DAGs
[2024-04-04T09:55:42.793+0000] {logging_mixin.py:188} INFO - [2024-04-04T09:55:42.792+0000] {dag.py:3834} INFO - Setting next_dagrun for example_sensors to None, run_after=None
[2024-04-04T09:55:42.816+0000] {processor.py:183} INFO - Processing /home/airflow/.local/lib/python3.8/site-packages/airflow/example_dags/example_sensors.py took 0.084 seconds
[2024-04-04T09:56:13.095+0000] {processor.py:161} INFO - Started process (PID=1998) to work on /home/airflow/.local/lib/python3.8/site-packages/airflow/example_dags/example_sensors.py
[2024-04-04T09:56:13.096+0000] {processor.py:830} INFO - Processing file /home/airflow/.local/lib/python3.8/site-packages/airflow/example_dags/example_sensors.py for tasks to queue
[2024-04-04T09:56:13.099+0000] {logging_mixin.py:188} INFO - [2024-04-04T09:56:13.099+0000] {dagbag.py:540} INFO - Filling up the DagBag from /home/airflow/.local/lib/python3.8/site-packages/airflow/example_dags/example_sensors.py
[2024-04-04T09:56:13.109+0000] {processor.py:840} INFO - DAG(s) 'example_sensors' retrieved from /home/airflow/.local/lib/python3.8/site-packages/airflow/example_dags/example_sensors.py
[2024-04-04T09:56:13.141+0000] {logging_mixin.py:188} INFO - [2024-04-04T09:56:13.140+0000] {dag.py:3047} INFO - Sync 1 DAGs
[2024-04-04T09:56:13.154+0000] {logging_mixin.py:188} INFO - [2024-04-04T09:56:13.154+0000] {dag.py:3834} INFO - Setting next_dagrun for example_sensors to None, run_after=None
[2024-04-04T09:56:13.181+0000] {processor.py:183} INFO - Processing /home/airflow/.local/lib/python3.8/site-packages/airflow/example_dags/example_sensors.py took 0.090 seconds
[2024-04-04T09:56:43.453+0000] {processor.py:161} INFO - Started process (PID=2054) to work on /home/airflow/.local/lib/python3.8/site-packages/airflow/example_dags/example_sensors.py
[2024-04-04T09:56:43.454+0000] {processor.py:830} INFO - Processing file /home/airflow/.local/lib/python3.8/site-packages/airflow/example_dags/example_sensors.py for tasks to queue
[2024-04-04T09:56:43.456+0000] {logging_mixin.py:188} INFO - [2024-04-04T09:56:43.455+0000] {dagbag.py:540} INFO - Filling up the DagBag from /home/airflow/.local/lib/python3.8/site-packages/airflow/example_dags/example_sensors.py
[2024-04-04T09:56:43.466+0000] {processor.py:840} INFO - DAG(s) 'example_sensors' retrieved from /home/airflow/.local/lib/python3.8/site-packages/airflow/example_dags/example_sensors.py
[2024-04-04T09:56:43.497+0000] {logging_mixin.py:188} INFO - [2024-04-04T09:56:43.496+0000] {dag.py:3047} INFO - Sync 1 DAGs
[2024-04-04T09:56:43.515+0000] {logging_mixin.py:188} INFO - [2024-04-04T09:56:43.514+0000] {dag.py:3834} INFO - Setting next_dagrun for example_sensors to None, run_after=None
[2024-04-04T09:56:43.547+0000] {processor.py:183} INFO - Processing /home/airflow/.local/lib/python3.8/site-packages/airflow/example_dags/example_sensors.py took 0.097 seconds
[2024-04-04T09:57:14.000+0000] {processor.py:161} INFO - Started process (PID=2110) to work on /home/airflow/.local/lib/python3.8/site-packages/airflow/example_dags/example_sensors.py
[2024-04-04T09:57:14.002+0000] {processor.py:830} INFO - Processing file /home/airflow/.local/lib/python3.8/site-packages/airflow/example_dags/example_sensors.py for tasks to queue
[2024-04-04T09:57:14.004+0000] {logging_mixin.py:188} INFO - [2024-04-04T09:57:14.004+0000] {dagbag.py:540} INFO - Filling up the DagBag from /home/airflow/.local/lib/python3.8/site-packages/airflow/example_dags/example_sensors.py
[2024-04-04T09:57:14.013+0000] {processor.py:840} INFO - DAG(s) 'example_sensors' retrieved from /home/airflow/.local/lib/python3.8/site-packages/airflow/example_dags/example_sensors.py
[2024-04-04T09:57:14.040+0000] {logging_mixin.py:188} INFO - [2024-04-04T09:57:14.039+0000] {dag.py:3047} INFO - Sync 1 DAGs
[2024-04-04T09:57:14.053+0000] {logging_mixin.py:188} INFO - [2024-04-04T09:57:14.053+0000] {dag.py:3834} INFO - Setting next_dagrun for example_sensors to None, run_after=None
[2024-04-04T09:57:14.079+0000] {processor.py:183} INFO - Processing /home/airflow/.local/lib/python3.8/site-packages/airflow/example_dags/example_sensors.py took 0.081 seconds
[2024-04-04T09:57:44.274+0000] {processor.py:161} INFO - Started process (PID=2166) to work on /home/airflow/.local/lib/python3.8/site-packages/airflow/example_dags/example_sensors.py
[2024-04-04T09:57:44.276+0000] {processor.py:830} INFO - Processing file /home/airflow/.local/lib/python3.8/site-packages/airflow/example_dags/example_sensors.py for tasks to queue
[2024-04-04T09:57:44.278+0000] {logging_mixin.py:188} INFO - [2024-04-04T09:57:44.278+0000] {dagbag.py:540} INFO - Filling up the DagBag from /home/airflow/.local/lib/python3.8/site-packages/airflow/example_dags/example_sensors.py
[2024-04-04T09:57:44.289+0000] {processor.py:840} INFO - DAG(s) 'example_sensors' retrieved from /home/airflow/.local/lib/python3.8/site-packages/airflow/example_dags/example_sensors.py
[2024-04-04T09:57:44.317+0000] {logging_mixin.py:188} INFO - [2024-04-04T09:57:44.317+0000] {dag.py:3047} INFO - Sync 1 DAGs
[2024-04-04T09:57:44.331+0000] {logging_mixin.py:188} INFO - [2024-04-04T09:57:44.331+0000] {dag.py:3834} INFO - Setting next_dagrun for example_sensors to None, run_after=None
[2024-04-04T09:57:44.358+0000] {processor.py:183} INFO - Processing /home/airflow/.local/lib/python3.8/site-packages/airflow/example_dags/example_sensors.py took 0.087 seconds
[2024-04-04T09:58:14.583+0000] {processor.py:161} INFO - Started process (PID=2222) to work on /home/airflow/.local/lib/python3.8/site-packages/airflow/example_dags/example_sensors.py
[2024-04-04T09:58:14.585+0000] {processor.py:830} INFO - Processing file /home/airflow/.local/lib/python3.8/site-packages/airflow/example_dags/example_sensors.py for tasks to queue
[2024-04-04T09:58:14.587+0000] {logging_mixin.py:188} INFO - [2024-04-04T09:58:14.586+0000] {dagbag.py:540} INFO - Filling up the DagBag from /home/airflow/.local/lib/python3.8/site-packages/airflow/example_dags/example_sensors.py
[2024-04-04T09:58:14.595+0000] {processor.py:840} INFO - DAG(s) 'example_sensors' retrieved from /home/airflow/.local/lib/python3.8/site-packages/airflow/example_dags/example_sensors.py
[2024-04-04T09:58:14.622+0000] {logging_mixin.py:188} INFO - [2024-04-04T09:58:14.622+0000] {dag.py:3047} INFO - Sync 1 DAGs
[2024-04-04T09:58:14.636+0000] {logging_mixin.py:188} INFO - [2024-04-04T09:58:14.636+0000] {dag.py:3834} INFO - Setting next_dagrun for example_sensors to None, run_after=None
[2024-04-04T09:58:14.665+0000] {processor.py:183} INFO - Processing /home/airflow/.local/lib/python3.8/site-packages/airflow/example_dags/example_sensors.py took 0.084 seconds
[2024-04-04T09:58:44.814+0000] {processor.py:161} INFO - Started process (PID=2278) to work on /home/airflow/.local/lib/python3.8/site-packages/airflow/example_dags/example_sensors.py
[2024-04-04T09:58:44.816+0000] {processor.py:830} INFO - Processing file /home/airflow/.local/lib/python3.8/site-packages/airflow/example_dags/example_sensors.py for tasks to queue
[2024-04-04T09:58:44.818+0000] {logging_mixin.py:188} INFO - [2024-04-04T09:58:44.818+0000] {dagbag.py:540} INFO - Filling up the DagBag from /home/airflow/.local/lib/python3.8/site-packages/airflow/example_dags/example_sensors.py
[2024-04-04T09:58:44.827+0000] {processor.py:840} INFO - DAG(s) 'example_sensors' retrieved from /home/airflow/.local/lib/python3.8/site-packages/airflow/example_dags/example_sensors.py
[2024-04-04T09:58:44.855+0000] {logging_mixin.py:188} INFO - [2024-04-04T09:58:44.855+0000] {dag.py:3047} INFO - Sync 1 DAGs
[2024-04-04T09:58:44.868+0000] {logging_mixin.py:188} INFO - [2024-04-04T09:58:44.868+0000] {dag.py:3834} INFO - Setting next_dagrun for example_sensors to None, run_after=None
[2024-04-04T09:58:44.894+0000] {processor.py:183} INFO - Processing /home/airflow/.local/lib/python3.8/site-packages/airflow/example_dags/example_sensors.py took 0.083 seconds
[2024-04-04T09:59:15.229+0000] {processor.py:161} INFO - Started process (PID=2334) to work on /home/airflow/.local/lib/python3.8/site-packages/airflow/example_dags/example_sensors.py
[2024-04-04T09:59:15.230+0000] {processor.py:830} INFO - Processing file /home/airflow/.local/lib/python3.8/site-packages/airflow/example_dags/example_sensors.py for tasks to queue
[2024-04-04T09:59:15.233+0000] {logging_mixin.py:188} INFO - [2024-04-04T09:59:15.233+0000] {dagbag.py:540} INFO - Filling up the DagBag from /home/airflow/.local/lib/python3.8/site-packages/airflow/example_dags/example_sensors.py
[2024-04-04T09:59:15.242+0000] {processor.py:840} INFO - DAG(s) 'example_sensors' retrieved from /home/airflow/.local/lib/python3.8/site-packages/airflow/example_dags/example_sensors.py
[2024-04-04T09:59:15.269+0000] {logging_mixin.py:188} INFO - [2024-04-04T09:59:15.269+0000] {dag.py:3047} INFO - Sync 1 DAGs
[2024-04-04T09:59:15.282+0000] {logging_mixin.py:188} INFO - [2024-04-04T09:59:15.282+0000] {dag.py:3834} INFO - Setting next_dagrun for example_sensors to None, run_after=None
[2024-04-04T09:59:15.309+0000] {processor.py:183} INFO - Processing /home/airflow/.local/lib/python3.8/site-packages/airflow/example_dags/example_sensors.py took 0.083 seconds
[2024-04-04T09:59:45.534+0000] {processor.py:161} INFO - Started process (PID=2390) to work on /home/airflow/.local/lib/python3.8/site-packages/airflow/example_dags/example_sensors.py
[2024-04-04T09:59:45.536+0000] {processor.py:830} INFO - Processing file /home/airflow/.local/lib/python3.8/site-packages/airflow/example_dags/example_sensors.py for tasks to queue
[2024-04-04T09:59:45.538+0000] {logging_mixin.py:188} INFO - [2024-04-04T09:59:45.537+0000] {dagbag.py:540} INFO - Filling up the DagBag from /home/airflow/.local/lib/python3.8/site-packages/airflow/example_dags/example_sensors.py
[2024-04-04T09:59:45.548+0000] {processor.py:840} INFO - DAG(s) 'example_sensors' retrieved from /home/airflow/.local/lib/python3.8/site-packages/airflow/example_dags/example_sensors.py
[2024-04-04T09:59:45.582+0000] {logging_mixin.py:188} INFO - [2024-04-04T09:59:45.582+0000] {dag.py:3047} INFO - Sync 1 DAGs
[2024-04-04T09:59:45.601+0000] {logging_mixin.py:188} INFO - [2024-04-04T09:59:45.601+0000] {dag.py:3834} INFO - Setting next_dagrun for example_sensors to None, run_after=None
[2024-04-04T09:59:45.636+0000] {processor.py:183} INFO - Processing /home/airflow/.local/lib/python3.8/site-packages/airflow/example_dags/example_sensors.py took 0.105 seconds
[2024-04-04T10:00:16.108+0000] {processor.py:161} INFO - Started process (PID=2446) to work on /home/airflow/.local/lib/python3.8/site-packages/airflow/example_dags/example_sensors.py
[2024-04-04T10:00:16.109+0000] {processor.py:830} INFO - Processing file /home/airflow/.local/lib/python3.8/site-packages/airflow/example_dags/example_sensors.py for tasks to queue
[2024-04-04T10:00:16.112+0000] {logging_mixin.py:188} INFO - [2024-04-04T10:00:16.111+0000] {dagbag.py:540} INFO - Filling up the DagBag from /home/airflow/.local/lib/python3.8/site-packages/airflow/example_dags/example_sensors.py
[2024-04-04T10:00:16.121+0000] {processor.py:840} INFO - DAG(s) 'example_sensors' retrieved from /home/airflow/.local/lib/python3.8/site-packages/airflow/example_dags/example_sensors.py
[2024-04-04T10:00:16.145+0000] {logging_mixin.py:188} INFO - [2024-04-04T10:00:16.145+0000] {dag.py:3047} INFO - Sync 1 DAGs
[2024-04-04T10:00:16.158+0000] {logging_mixin.py:188} INFO - [2024-04-04T10:00:16.157+0000] {dag.py:3834} INFO - Setting next_dagrun for example_sensors to None, run_after=None
[2024-04-04T10:00:16.183+0000] {processor.py:183} INFO - Processing /home/airflow/.local/lib/python3.8/site-packages/airflow/example_dags/example_sensors.py took 0.077 seconds
[2024-04-04T10:00:46.952+0000] {processor.py:161} INFO - Started process (PID=2502) to work on /home/airflow/.local/lib/python3.8/site-packages/airflow/example_dags/example_sensors.py
[2024-04-04T10:00:46.954+0000] {processor.py:830} INFO - Processing file /home/airflow/.local/lib/python3.8/site-packages/airflow/example_dags/example_sensors.py for tasks to queue
[2024-04-04T10:00:46.957+0000] {logging_mixin.py:188} INFO - [2024-04-04T10:00:46.956+0000] {dagbag.py:540} INFO - Filling up the DagBag from /home/airflow/.local/lib/python3.8/site-packages/airflow/example_dags/example_sensors.py
[2024-04-04T10:00:46.967+0000] {processor.py:840} INFO - DAG(s) 'example_sensors' retrieved from /home/airflow/.local/lib/python3.8/site-packages/airflow/example_dags/example_sensors.py
[2024-04-04T10:00:46.997+0000] {logging_mixin.py:188} INFO - [2024-04-04T10:00:46.996+0000] {dag.py:3047} INFO - Sync 1 DAGs
[2024-04-04T10:00:47.012+0000] {logging_mixin.py:188} INFO - [2024-04-04T10:00:47.012+0000] {dag.py:3834} INFO - Setting next_dagrun for example_sensors to None, run_after=None
[2024-04-04T10:00:47.042+0000] {processor.py:183} INFO - Processing /home/airflow/.local/lib/python3.8/site-packages/airflow/example_dags/example_sensors.py took 0.093 seconds
[2024-04-04T10:01:17.124+0000] {processor.py:161} INFO - Started process (PID=2559) to work on /home/airflow/.local/lib/python3.8/site-packages/airflow/example_dags/example_sensors.py
[2024-04-04T10:01:17.125+0000] {processor.py:830} INFO - Processing file /home/airflow/.local/lib/python3.8/site-packages/airflow/example_dags/example_sensors.py for tasks to queue
[2024-04-04T10:01:17.129+0000] {logging_mixin.py:188} INFO - [2024-04-04T10:01:17.128+0000] {dagbag.py:540} INFO - Filling up the DagBag from /home/airflow/.local/lib/python3.8/site-packages/airflow/example_dags/example_sensors.py
[2024-04-04T10:01:17.140+0000] {processor.py:840} INFO - DAG(s) 'example_sensors' retrieved from /home/airflow/.local/lib/python3.8/site-packages/airflow/example_dags/example_sensors.py
[2024-04-04T10:01:17.170+0000] {logging_mixin.py:188} INFO - [2024-04-04T10:01:17.169+0000] {dag.py:3047} INFO - Sync 1 DAGs
[2024-04-04T10:01:17.186+0000] {logging_mixin.py:188} INFO - [2024-04-04T10:01:17.186+0000] {dag.py:3834} INFO - Setting next_dagrun for example_sensors to None, run_after=None
[2024-04-04T10:01:17.212+0000] {processor.py:183} INFO - Processing /home/airflow/.local/lib/python3.8/site-packages/airflow/example_dags/example_sensors.py took 0.092 seconds
[2024-04-04T10:01:47.475+0000] {processor.py:161} INFO - Started process (PID=2615) to work on /home/airflow/.local/lib/python3.8/site-packages/airflow/example_dags/example_sensors.py
[2024-04-04T10:01:47.476+0000] {processor.py:830} INFO - Processing file /home/airflow/.local/lib/python3.8/site-packages/airflow/example_dags/example_sensors.py for tasks to queue
[2024-04-04T10:01:47.479+0000] {logging_mixin.py:188} INFO - [2024-04-04T10:01:47.478+0000] {dagbag.py:540} INFO - Filling up the DagBag from /home/airflow/.local/lib/python3.8/site-packages/airflow/example_dags/example_sensors.py
[2024-04-04T10:01:47.487+0000] {processor.py:840} INFO - DAG(s) 'example_sensors' retrieved from /home/airflow/.local/lib/python3.8/site-packages/airflow/example_dags/example_sensors.py
[2024-04-04T10:01:47.515+0000] {logging_mixin.py:188} INFO - [2024-04-04T10:01:47.515+0000] {dag.py:3047} INFO - Sync 1 DAGs
[2024-04-04T10:01:47.528+0000] {logging_mixin.py:188} INFO - [2024-04-04T10:01:47.528+0000] {dag.py:3834} INFO - Setting next_dagrun for example_sensors to None, run_after=None
[2024-04-04T10:01:47.553+0000] {processor.py:183} INFO - Processing /home/airflow/.local/lib/python3.8/site-packages/airflow/example_dags/example_sensors.py took 0.081 seconds
[2024-04-04T10:02:18.188+0000] {processor.py:161} INFO - Started process (PID=2671) to work on /home/airflow/.local/lib/python3.8/site-packages/airflow/example_dags/example_sensors.py
[2024-04-04T10:02:18.189+0000] {processor.py:830} INFO - Processing file /home/airflow/.local/lib/python3.8/site-packages/airflow/example_dags/example_sensors.py for tasks to queue
[2024-04-04T10:02:18.192+0000] {logging_mixin.py:188} INFO - [2024-04-04T10:02:18.191+0000] {dagbag.py:540} INFO - Filling up the DagBag from /home/airflow/.local/lib/python3.8/site-packages/airflow/example_dags/example_sensors.py
[2024-04-04T10:02:18.201+0000] {processor.py:840} INFO - DAG(s) 'example_sensors' retrieved from /home/airflow/.local/lib/python3.8/site-packages/airflow/example_dags/example_sensors.py
[2024-04-04T10:02:18.232+0000] {logging_mixin.py:188} INFO - [2024-04-04T10:02:18.231+0000] {dag.py:3047} INFO - Sync 1 DAGs
[2024-04-04T10:02:18.246+0000] {logging_mixin.py:188} INFO - [2024-04-04T10:02:18.246+0000] {dag.py:3834} INFO - Setting next_dagrun for example_sensors to None, run_after=None
[2024-04-04T10:02:18.272+0000] {processor.py:183} INFO - Processing /home/airflow/.local/lib/python3.8/site-packages/airflow/example_dags/example_sensors.py took 0.087 seconds
[2024-04-04T10:02:48.798+0000] {processor.py:161} INFO - Started process (PID=2727) to work on /home/airflow/.local/lib/python3.8/site-packages/airflow/example_dags/example_sensors.py
[2024-04-04T10:02:48.800+0000] {processor.py:830} INFO - Processing file /home/airflow/.local/lib/python3.8/site-packages/airflow/example_dags/example_sensors.py for tasks to queue
[2024-04-04T10:02:48.803+0000] {logging_mixin.py:188} INFO - [2024-04-04T10:02:48.802+0000] {dagbag.py:540} INFO - Filling up the DagBag from /home/airflow/.local/lib/python3.8/site-packages/airflow/example_dags/example_sensors.py
[2024-04-04T10:02:48.811+0000] {processor.py:840} INFO - DAG(s) 'example_sensors' retrieved from /home/airflow/.local/lib/python3.8/site-packages/airflow/example_dags/example_sensors.py
[2024-04-04T10:02:48.838+0000] {logging_mixin.py:188} INFO - [2024-04-04T10:02:48.838+0000] {dag.py:3047} INFO - Sync 1 DAGs
[2024-04-04T10:02:48.851+0000] {logging_mixin.py:188} INFO - [2024-04-04T10:02:48.851+0000] {dag.py:3834} INFO - Setting next_dagrun for example_sensors to None, run_after=None
[2024-04-04T10:02:48.880+0000] {processor.py:183} INFO - Processing /home/airflow/.local/lib/python3.8/site-packages/airflow/example_dags/example_sensors.py took 0.084 seconds
[2024-04-04T10:03:19.117+0000] {processor.py:161} INFO - Started process (PID=2783) to work on /home/airflow/.local/lib/python3.8/site-packages/airflow/example_dags/example_sensors.py
[2024-04-04T10:03:19.119+0000] {processor.py:830} INFO - Processing file /home/airflow/.local/lib/python3.8/site-packages/airflow/example_dags/example_sensors.py for tasks to queue
[2024-04-04T10:03:19.121+0000] {logging_mixin.py:188} INFO - [2024-04-04T10:03:19.121+0000] {dagbag.py:540} INFO - Filling up the DagBag from /home/airflow/.local/lib/python3.8/site-packages/airflow/example_dags/example_sensors.py
[2024-04-04T10:03:19.130+0000] {processor.py:840} INFO - DAG(s) 'example_sensors' retrieved from /home/airflow/.local/lib/python3.8/site-packages/airflow/example_dags/example_sensors.py
[2024-04-04T10:03:19.158+0000] {logging_mixin.py:188} INFO - [2024-04-04T10:03:19.158+0000] {dag.py:3047} INFO - Sync 1 DAGs
[2024-04-04T10:03:19.171+0000] {logging_mixin.py:188} INFO - [2024-04-04T10:03:19.171+0000] {dag.py:3834} INFO - Setting next_dagrun for example_sensors to None, run_after=None
[2024-04-04T10:03:19.198+0000] {processor.py:183} INFO - Processing /home/airflow/.local/lib/python3.8/site-packages/airflow/example_dags/example_sensors.py took 0.083 seconds
