[2024-04-04T09:38:52.383+0000] {processor.py:161} INFO - Started process (PID=54) to work on /home/airflow/.local/lib/python3.8/site-packages/airflow/example_dags/example_setup_teardown.py
[2024-04-04T09:38:52.385+0000] {processor.py:830} INFO - Processing file /home/airflow/.local/lib/python3.8/site-packages/airflow/example_dags/example_setup_teardown.py for tasks to queue
[2024-04-04T09:38:52.387+0000] {logging_mixin.py:188} INFO - [2024-04-04T09:38:52.387+0000] {dagbag.py:540} INFO - Filling up the DagBag from /home/airflow/.local/lib/python3.8/site-packages/airflow/example_dags/example_setup_teardown.py
[2024-04-04T09:38:52.403+0000] {processor.py:840} INFO - DAG(s) 'example_setup_teardown' retrieved from /home/airflow/.local/lib/python3.8/site-packages/airflow/example_dags/example_setup_teardown.py
[2024-04-04T09:38:52.643+0000] {logging_mixin.py:188} INFO - [2024-04-04T09:38:52.643+0000] {dag.py:3047} INFO - Sync 1 DAGs
[2024-04-04T09:38:52.730+0000] {logging_mixin.py:188} INFO - [2024-04-04T09:38:52.730+0000] {dag.py:3834} INFO - Setting next_dagrun for example_setup_teardown to 2024-04-03 00:00:00+00:00, run_after=2024-04-04 00:00:00+00:00
[2024-04-04T09:38:52.787+0000] {processor.py:183} INFO - Processing /home/airflow/.local/lib/python3.8/site-packages/airflow/example_dags/example_setup_teardown.py took 0.407 seconds
[2024-04-04T09:39:23.178+0000] {processor.py:161} INFO - Started process (PID=110) to work on /home/airflow/.local/lib/python3.8/site-packages/airflow/example_dags/example_setup_teardown.py
[2024-04-04T09:39:23.180+0000] {processor.py:830} INFO - Processing file /home/airflow/.local/lib/python3.8/site-packages/airflow/example_dags/example_setup_teardown.py for tasks to queue
[2024-04-04T09:39:23.182+0000] {logging_mixin.py:188} INFO - [2024-04-04T09:39:23.181+0000] {dagbag.py:540} INFO - Filling up the DagBag from /home/airflow/.local/lib/python3.8/site-packages/airflow/example_dags/example_setup_teardown.py
[2024-04-04T09:39:23.188+0000] {processor.py:840} INFO - DAG(s) 'example_setup_teardown' retrieved from /home/airflow/.local/lib/python3.8/site-packages/airflow/example_dags/example_setup_teardown.py
[2024-04-04T09:39:23.213+0000] {logging_mixin.py:188} INFO - [2024-04-04T09:39:23.213+0000] {dag.py:3047} INFO - Sync 1 DAGs
[2024-04-04T09:39:23.242+0000] {logging_mixin.py:188} INFO - [2024-04-04T09:39:23.241+0000] {dag.py:3834} INFO - Setting next_dagrun for example_setup_teardown to 2024-04-03 00:00:00+00:00, run_after=2024-04-04 00:00:00+00:00
[2024-04-04T09:39:23.269+0000] {processor.py:183} INFO - Processing /home/airflow/.local/lib/python3.8/site-packages/airflow/example_dags/example_setup_teardown.py took 0.093 seconds
[2024-04-04T09:39:53.559+0000] {processor.py:161} INFO - Started process (PID=166) to work on /home/airflow/.local/lib/python3.8/site-packages/airflow/example_dags/example_setup_teardown.py
[2024-04-04T09:39:53.561+0000] {processor.py:830} INFO - Processing file /home/airflow/.local/lib/python3.8/site-packages/airflow/example_dags/example_setup_teardown.py for tasks to queue
[2024-04-04T09:39:53.563+0000] {logging_mixin.py:188} INFO - [2024-04-04T09:39:53.563+0000] {dagbag.py:540} INFO - Filling up the DagBag from /home/airflow/.local/lib/python3.8/site-packages/airflow/example_dags/example_setup_teardown.py
[2024-04-04T09:39:53.570+0000] {processor.py:840} INFO - DAG(s) 'example_setup_teardown' retrieved from /home/airflow/.local/lib/python3.8/site-packages/airflow/example_dags/example_setup_teardown.py
[2024-04-04T09:39:53.594+0000] {logging_mixin.py:188} INFO - [2024-04-04T09:39:53.593+0000] {dag.py:3047} INFO - Sync 1 DAGs
[2024-04-04T09:39:53.619+0000] {logging_mixin.py:188} INFO - [2024-04-04T09:39:53.619+0000] {dag.py:3834} INFO - Setting next_dagrun for example_setup_teardown to 2024-04-03 00:00:00+00:00, run_after=2024-04-04 00:00:00+00:00
[2024-04-04T09:39:53.647+0000] {processor.py:183} INFO - Processing /home/airflow/.local/lib/python3.8/site-packages/airflow/example_dags/example_setup_teardown.py took 0.090 seconds
[2024-04-04T09:40:24.098+0000] {processor.py:161} INFO - Started process (PID=222) to work on /home/airflow/.local/lib/python3.8/site-packages/airflow/example_dags/example_setup_teardown.py
[2024-04-04T09:40:24.100+0000] {processor.py:830} INFO - Processing file /home/airflow/.local/lib/python3.8/site-packages/airflow/example_dags/example_setup_teardown.py for tasks to queue
[2024-04-04T09:40:24.103+0000] {logging_mixin.py:188} INFO - [2024-04-04T09:40:24.102+0000] {dagbag.py:540} INFO - Filling up the DagBag from /home/airflow/.local/lib/python3.8/site-packages/airflow/example_dags/example_setup_teardown.py
[2024-04-04T09:40:24.114+0000] {processor.py:840} INFO - DAG(s) 'example_setup_teardown' retrieved from /home/airflow/.local/lib/python3.8/site-packages/airflow/example_dags/example_setup_teardown.py
[2024-04-04T09:40:24.145+0000] {logging_mixin.py:188} INFO - [2024-04-04T09:40:24.145+0000] {dag.py:3047} INFO - Sync 1 DAGs
[2024-04-04T09:40:24.179+0000] {logging_mixin.py:188} INFO - [2024-04-04T09:40:24.178+0000] {dag.py:3834} INFO - Setting next_dagrun for example_setup_teardown to 2024-04-03 00:00:00+00:00, run_after=2024-04-04 00:00:00+00:00
[2024-04-04T09:40:24.217+0000] {processor.py:183} INFO - Processing /home/airflow/.local/lib/python3.8/site-packages/airflow/example_dags/example_setup_teardown.py took 0.122 seconds
[2024-04-04T09:40:54.552+0000] {processor.py:161} INFO - Started process (PID=278) to work on /home/airflow/.local/lib/python3.8/site-packages/airflow/example_dags/example_setup_teardown.py
[2024-04-04T09:40:54.553+0000] {processor.py:830} INFO - Processing file /home/airflow/.local/lib/python3.8/site-packages/airflow/example_dags/example_setup_teardown.py for tasks to queue
[2024-04-04T09:40:54.555+0000] {logging_mixin.py:188} INFO - [2024-04-04T09:40:54.555+0000] {dagbag.py:540} INFO - Filling up the DagBag from /home/airflow/.local/lib/python3.8/site-packages/airflow/example_dags/example_setup_teardown.py
[2024-04-04T09:40:54.562+0000] {processor.py:840} INFO - DAG(s) 'example_setup_teardown' retrieved from /home/airflow/.local/lib/python3.8/site-packages/airflow/example_dags/example_setup_teardown.py
[2024-04-04T09:40:54.586+0000] {logging_mixin.py:188} INFO - [2024-04-04T09:40:54.586+0000] {dag.py:3047} INFO - Sync 1 DAGs
[2024-04-04T09:40:54.610+0000] {logging_mixin.py:188} INFO - [2024-04-04T09:40:54.609+0000] {dag.py:3834} INFO - Setting next_dagrun for example_setup_teardown to 2024-04-03 00:00:00+00:00, run_after=2024-04-04 00:00:00+00:00
[2024-04-04T09:40:54.638+0000] {processor.py:183} INFO - Processing /home/airflow/.local/lib/python3.8/site-packages/airflow/example_dags/example_setup_teardown.py took 0.089 seconds
[2024-04-04T09:41:24.997+0000] {processor.py:161} INFO - Started process (PID=334) to work on /home/airflow/.local/lib/python3.8/site-packages/airflow/example_dags/example_setup_teardown.py
[2024-04-04T09:41:24.999+0000] {processor.py:830} INFO - Processing file /home/airflow/.local/lib/python3.8/site-packages/airflow/example_dags/example_setup_teardown.py for tasks to queue
[2024-04-04T09:41:25.001+0000] {logging_mixin.py:188} INFO - [2024-04-04T09:41:25.001+0000] {dagbag.py:540} INFO - Filling up the DagBag from /home/airflow/.local/lib/python3.8/site-packages/airflow/example_dags/example_setup_teardown.py
[2024-04-04T09:41:25.008+0000] {processor.py:840} INFO - DAG(s) 'example_setup_teardown' retrieved from /home/airflow/.local/lib/python3.8/site-packages/airflow/example_dags/example_setup_teardown.py
[2024-04-04T09:41:25.034+0000] {logging_mixin.py:188} INFO - [2024-04-04T09:41:25.034+0000] {dag.py:3047} INFO - Sync 1 DAGs
[2024-04-04T09:41:25.060+0000] {logging_mixin.py:188} INFO - [2024-04-04T09:41:25.060+0000] {dag.py:3834} INFO - Setting next_dagrun for example_setup_teardown to 2024-04-03 00:00:00+00:00, run_after=2024-04-04 00:00:00+00:00
[2024-04-04T09:41:25.087+0000] {processor.py:183} INFO - Processing /home/airflow/.local/lib/python3.8/site-packages/airflow/example_dags/example_setup_teardown.py took 0.093 seconds
[2024-04-04T09:41:55.251+0000] {processor.py:161} INFO - Started process (PID=390) to work on /home/airflow/.local/lib/python3.8/site-packages/airflow/example_dags/example_setup_teardown.py
[2024-04-04T09:41:55.253+0000] {processor.py:830} INFO - Processing file /home/airflow/.local/lib/python3.8/site-packages/airflow/example_dags/example_setup_teardown.py for tasks to queue
[2024-04-04T09:41:55.256+0000] {logging_mixin.py:188} INFO - [2024-04-04T09:41:55.255+0000] {dagbag.py:540} INFO - Filling up the DagBag from /home/airflow/.local/lib/python3.8/site-packages/airflow/example_dags/example_setup_teardown.py
[2024-04-04T09:41:55.262+0000] {processor.py:840} INFO - DAG(s) 'example_setup_teardown' retrieved from /home/airflow/.local/lib/python3.8/site-packages/airflow/example_dags/example_setup_teardown.py
[2024-04-04T09:41:55.284+0000] {logging_mixin.py:188} INFO - [2024-04-04T09:41:55.284+0000] {dag.py:3047} INFO - Sync 1 DAGs
[2024-04-04T09:41:55.311+0000] {logging_mixin.py:188} INFO - [2024-04-04T09:41:55.311+0000] {dag.py:3834} INFO - Setting next_dagrun for example_setup_teardown to 2024-04-03 00:00:00+00:00, run_after=2024-04-04 00:00:00+00:00
[2024-04-04T09:41:55.338+0000] {processor.py:183} INFO - Processing /home/airflow/.local/lib/python3.8/site-packages/airflow/example_dags/example_setup_teardown.py took 0.089 seconds
[2024-04-04T09:42:25.564+0000] {processor.py:161} INFO - Started process (PID=451) to work on /home/airflow/.local/lib/python3.8/site-packages/airflow/example_dags/example_setup_teardown.py
[2024-04-04T09:42:25.566+0000] {processor.py:830} INFO - Processing file /home/airflow/.local/lib/python3.8/site-packages/airflow/example_dags/example_setup_teardown.py for tasks to queue
[2024-04-04T09:42:25.568+0000] {logging_mixin.py:188} INFO - [2024-04-04T09:42:25.568+0000] {dagbag.py:540} INFO - Filling up the DagBag from /home/airflow/.local/lib/python3.8/site-packages/airflow/example_dags/example_setup_teardown.py
[2024-04-04T09:42:25.576+0000] {processor.py:840} INFO - DAG(s) 'example_setup_teardown' retrieved from /home/airflow/.local/lib/python3.8/site-packages/airflow/example_dags/example_setup_teardown.py
[2024-04-04T09:42:25.599+0000] {logging_mixin.py:188} INFO - [2024-04-04T09:42:25.599+0000] {dag.py:3047} INFO - Sync 1 DAGs
[2024-04-04T09:42:25.623+0000] {logging_mixin.py:188} INFO - [2024-04-04T09:42:25.623+0000] {dag.py:3834} INFO - Setting next_dagrun for example_setup_teardown to 2024-04-03 00:00:00+00:00, run_after=2024-04-04 00:00:00+00:00
[2024-04-04T09:42:25.650+0000] {processor.py:183} INFO - Processing /home/airflow/.local/lib/python3.8/site-packages/airflow/example_dags/example_setup_teardown.py took 0.088 seconds
[2024-04-04T09:42:56.380+0000] {processor.py:161} INFO - Started process (PID=507) to work on /home/airflow/.local/lib/python3.8/site-packages/airflow/example_dags/example_setup_teardown.py
[2024-04-04T09:42:56.381+0000] {processor.py:830} INFO - Processing file /home/airflow/.local/lib/python3.8/site-packages/airflow/example_dags/example_setup_teardown.py for tasks to queue
[2024-04-04T09:42:56.383+0000] {logging_mixin.py:188} INFO - [2024-04-04T09:42:56.382+0000] {dagbag.py:540} INFO - Filling up the DagBag from /home/airflow/.local/lib/python3.8/site-packages/airflow/example_dags/example_setup_teardown.py
[2024-04-04T09:42:56.389+0000] {processor.py:840} INFO - DAG(s) 'example_setup_teardown' retrieved from /home/airflow/.local/lib/python3.8/site-packages/airflow/example_dags/example_setup_teardown.py
[2024-04-04T09:42:56.413+0000] {logging_mixin.py:188} INFO - [2024-04-04T09:42:56.413+0000] {dag.py:3047} INFO - Sync 1 DAGs
[2024-04-04T09:42:56.443+0000] {logging_mixin.py:188} INFO - [2024-04-04T09:42:56.442+0000] {dag.py:3834} INFO - Setting next_dagrun for example_setup_teardown to 2024-04-03 00:00:00+00:00, run_after=2024-04-04 00:00:00+00:00
[2024-04-04T09:42:56.480+0000] {processor.py:183} INFO - Processing /home/airflow/.local/lib/python3.8/site-packages/airflow/example_dags/example_setup_teardown.py took 0.103 seconds
[2024-04-04T09:43:26.871+0000] {processor.py:161} INFO - Started process (PID=563) to work on /home/airflow/.local/lib/python3.8/site-packages/airflow/example_dags/example_setup_teardown.py
[2024-04-04T09:43:26.876+0000] {processor.py:830} INFO - Processing file /home/airflow/.local/lib/python3.8/site-packages/airflow/example_dags/example_setup_teardown.py for tasks to queue
[2024-04-04T09:43:26.880+0000] {logging_mixin.py:188} INFO - [2024-04-04T09:43:26.879+0000] {dagbag.py:540} INFO - Filling up the DagBag from /home/airflow/.local/lib/python3.8/site-packages/airflow/example_dags/example_setup_teardown.py
[2024-04-04T09:43:26.897+0000] {processor.py:840} INFO - DAG(s) 'example_setup_teardown' retrieved from /home/airflow/.local/lib/python3.8/site-packages/airflow/example_dags/example_setup_teardown.py
[2024-04-04T09:43:26.957+0000] {logging_mixin.py:188} INFO - [2024-04-04T09:43:26.956+0000] {dag.py:3047} INFO - Sync 1 DAGs
[2024-04-04T09:43:27.045+0000] {logging_mixin.py:188} INFO - [2024-04-04T09:43:27.045+0000] {dag.py:3834} INFO - Setting next_dagrun for example_setup_teardown to 2024-04-03 00:00:00+00:00, run_after=2024-04-04 00:00:00+00:00
[2024-04-04T09:43:27.098+0000] {processor.py:183} INFO - Processing /home/airflow/.local/lib/python3.8/site-packages/airflow/example_dags/example_setup_teardown.py took 0.232 seconds
[2024-04-04T09:43:58.031+0000] {processor.py:161} INFO - Started process (PID=619) to work on /home/airflow/.local/lib/python3.8/site-packages/airflow/example_dags/example_setup_teardown.py
[2024-04-04T09:43:58.034+0000] {processor.py:830} INFO - Processing file /home/airflow/.local/lib/python3.8/site-packages/airflow/example_dags/example_setup_teardown.py for tasks to queue
[2024-04-04T09:43:58.039+0000] {logging_mixin.py:188} INFO - [2024-04-04T09:43:58.038+0000] {dagbag.py:540} INFO - Filling up the DagBag from /home/airflow/.local/lib/python3.8/site-packages/airflow/example_dags/example_setup_teardown.py
[2024-04-04T09:43:58.075+0000] {processor.py:840} INFO - DAG(s) 'example_setup_teardown' retrieved from /home/airflow/.local/lib/python3.8/site-packages/airflow/example_dags/example_setup_teardown.py
[2024-04-04T09:43:58.136+0000] {logging_mixin.py:188} INFO - [2024-04-04T09:43:58.136+0000] {dag.py:3047} INFO - Sync 1 DAGs
[2024-04-04T09:43:58.184+0000] {logging_mixin.py:188} INFO - [2024-04-04T09:43:58.184+0000] {dag.py:3834} INFO - Setting next_dagrun for example_setup_teardown to 2024-04-03 00:00:00+00:00, run_after=2024-04-04 00:00:00+00:00
[2024-04-04T09:43:58.218+0000] {processor.py:183} INFO - Processing /home/airflow/.local/lib/python3.8/site-packages/airflow/example_dags/example_setup_teardown.py took 0.201 seconds
[2024-04-04T09:44:28.858+0000] {processor.py:161} INFO - Started process (PID=682) to work on /home/airflow/.local/lib/python3.8/site-packages/airflow/example_dags/example_setup_teardown.py
[2024-04-04T09:44:28.860+0000] {processor.py:830} INFO - Processing file /home/airflow/.local/lib/python3.8/site-packages/airflow/example_dags/example_setup_teardown.py for tasks to queue
[2024-04-04T09:44:28.863+0000] {logging_mixin.py:188} INFO - [2024-04-04T09:44:28.862+0000] {dagbag.py:540} INFO - Filling up the DagBag from /home/airflow/.local/lib/python3.8/site-packages/airflow/example_dags/example_setup_teardown.py
[2024-04-04T09:44:28.873+0000] {processor.py:840} INFO - DAG(s) 'example_setup_teardown' retrieved from /home/airflow/.local/lib/python3.8/site-packages/airflow/example_dags/example_setup_teardown.py
[2024-04-04T09:44:28.902+0000] {logging_mixin.py:188} INFO - [2024-04-04T09:44:28.901+0000] {dag.py:3047} INFO - Sync 1 DAGs
[2024-04-04T09:44:28.930+0000] {logging_mixin.py:188} INFO - [2024-04-04T09:44:28.930+0000] {dag.py:3834} INFO - Setting next_dagrun for example_setup_teardown to 2024-04-03 00:00:00+00:00, run_after=2024-04-04 00:00:00+00:00
[2024-04-04T09:44:28.962+0000] {processor.py:183} INFO - Processing /home/airflow/.local/lib/python3.8/site-packages/airflow/example_dags/example_setup_teardown.py took 0.108 seconds
[2024-04-04T09:44:59.061+0000] {processor.py:161} INFO - Started process (PID=737) to work on /home/airflow/.local/lib/python3.8/site-packages/airflow/example_dags/example_setup_teardown.py
[2024-04-04T09:44:59.063+0000] {processor.py:830} INFO - Processing file /home/airflow/.local/lib/python3.8/site-packages/airflow/example_dags/example_setup_teardown.py for tasks to queue
[2024-04-04T09:44:59.065+0000] {logging_mixin.py:188} INFO - [2024-04-04T09:44:59.065+0000] {dagbag.py:540} INFO - Filling up the DagBag from /home/airflow/.local/lib/python3.8/site-packages/airflow/example_dags/example_setup_teardown.py
[2024-04-04T09:44:59.072+0000] {processor.py:840} INFO - DAG(s) 'example_setup_teardown' retrieved from /home/airflow/.local/lib/python3.8/site-packages/airflow/example_dags/example_setup_teardown.py
[2024-04-04T09:44:59.095+0000] {logging_mixin.py:188} INFO - [2024-04-04T09:44:59.095+0000] {dag.py:3047} INFO - Sync 1 DAGs
[2024-04-04T09:44:59.120+0000] {logging_mixin.py:188} INFO - [2024-04-04T09:44:59.119+0000] {dag.py:3834} INFO - Setting next_dagrun for example_setup_teardown to 2024-04-03 00:00:00+00:00, run_after=2024-04-04 00:00:00+00:00
[2024-04-04T09:44:59.147+0000] {processor.py:183} INFO - Processing /home/airflow/.local/lib/python3.8/site-packages/airflow/example_dags/example_setup_teardown.py took 0.089 seconds
[2024-04-04T09:45:30.003+0000] {processor.py:161} INFO - Started process (PID=794) to work on /home/airflow/.local/lib/python3.8/site-packages/airflow/example_dags/example_setup_teardown.py
[2024-04-04T09:45:30.006+0000] {processor.py:830} INFO - Processing file /home/airflow/.local/lib/python3.8/site-packages/airflow/example_dags/example_setup_teardown.py for tasks to queue
[2024-04-04T09:45:30.014+0000] {logging_mixin.py:188} INFO - [2024-04-04T09:45:30.013+0000] {dagbag.py:540} INFO - Filling up the DagBag from /home/airflow/.local/lib/python3.8/site-packages/airflow/example_dags/example_setup_teardown.py
[2024-04-04T09:45:30.045+0000] {processor.py:840} INFO - DAG(s) 'example_setup_teardown' retrieved from /home/airflow/.local/lib/python3.8/site-packages/airflow/example_dags/example_setup_teardown.py
[2024-04-04T09:45:30.092+0000] {logging_mixin.py:188} INFO - [2024-04-04T09:45:30.091+0000] {dag.py:3047} INFO - Sync 1 DAGs
[2024-04-04T09:45:30.142+0000] {logging_mixin.py:188} INFO - [2024-04-04T09:45:30.142+0000] {dag.py:3834} INFO - Setting next_dagrun for example_setup_teardown to 2024-04-03 00:00:00+00:00, run_after=2024-04-04 00:00:00+00:00
[2024-04-04T09:45:30.179+0000] {processor.py:183} INFO - Processing /home/airflow/.local/lib/python3.8/site-packages/airflow/example_dags/example_setup_teardown.py took 0.182 seconds
[2024-04-04T09:46:00.777+0000] {processor.py:161} INFO - Started process (PID=850) to work on /home/airflow/.local/lib/python3.8/site-packages/airflow/example_dags/example_setup_teardown.py
[2024-04-04T09:46:00.779+0000] {processor.py:830} INFO - Processing file /home/airflow/.local/lib/python3.8/site-packages/airflow/example_dags/example_setup_teardown.py for tasks to queue
[2024-04-04T09:46:00.782+0000] {logging_mixin.py:188} INFO - [2024-04-04T09:46:00.782+0000] {dagbag.py:540} INFO - Filling up the DagBag from /home/airflow/.local/lib/python3.8/site-packages/airflow/example_dags/example_setup_teardown.py
[2024-04-04T09:46:00.793+0000] {processor.py:840} INFO - DAG(s) 'example_setup_teardown' retrieved from /home/airflow/.local/lib/python3.8/site-packages/airflow/example_dags/example_setup_teardown.py
[2024-04-04T09:46:00.832+0000] {logging_mixin.py:188} INFO - [2024-04-04T09:46:00.831+0000] {dag.py:3047} INFO - Sync 1 DAGs
[2024-04-04T09:46:00.865+0000] {logging_mixin.py:188} INFO - [2024-04-04T09:46:00.865+0000] {dag.py:3834} INFO - Setting next_dagrun for example_setup_teardown to 2024-04-03 00:00:00+00:00, run_after=2024-04-04 00:00:00+00:00
[2024-04-04T09:46:00.900+0000] {processor.py:183} INFO - Processing /home/airflow/.local/lib/python3.8/site-packages/airflow/example_dags/example_setup_teardown.py took 0.127 seconds
[2024-04-04T09:46:31.283+0000] {processor.py:161} INFO - Started process (PID=906) to work on /home/airflow/.local/lib/python3.8/site-packages/airflow/example_dags/example_setup_teardown.py
[2024-04-04T09:46:31.284+0000] {processor.py:830} INFO - Processing file /home/airflow/.local/lib/python3.8/site-packages/airflow/example_dags/example_setup_teardown.py for tasks to queue
[2024-04-04T09:46:31.286+0000] {logging_mixin.py:188} INFO - [2024-04-04T09:46:31.286+0000] {dagbag.py:540} INFO - Filling up the DagBag from /home/airflow/.local/lib/python3.8/site-packages/airflow/example_dags/example_setup_teardown.py
[2024-04-04T09:46:31.293+0000] {processor.py:840} INFO - DAG(s) 'example_setup_teardown' retrieved from /home/airflow/.local/lib/python3.8/site-packages/airflow/example_dags/example_setup_teardown.py
[2024-04-04T09:46:31.317+0000] {logging_mixin.py:188} INFO - [2024-04-04T09:46:31.317+0000] {dag.py:3047} INFO - Sync 1 DAGs
[2024-04-04T09:46:31.341+0000] {logging_mixin.py:188} INFO - [2024-04-04T09:46:31.341+0000] {dag.py:3834} INFO - Setting next_dagrun for example_setup_teardown to 2024-04-03 00:00:00+00:00, run_after=2024-04-04 00:00:00+00:00
[2024-04-04T09:46:31.368+0000] {processor.py:183} INFO - Processing /home/airflow/.local/lib/python3.8/site-packages/airflow/example_dags/example_setup_teardown.py took 0.088 seconds
[2024-04-04T09:47:01.613+0000] {processor.py:161} INFO - Started process (PID=962) to work on /home/airflow/.local/lib/python3.8/site-packages/airflow/example_dags/example_setup_teardown.py
[2024-04-04T09:47:01.615+0000] {processor.py:830} INFO - Processing file /home/airflow/.local/lib/python3.8/site-packages/airflow/example_dags/example_setup_teardown.py for tasks to queue
[2024-04-04T09:47:01.617+0000] {logging_mixin.py:188} INFO - [2024-04-04T09:47:01.617+0000] {dagbag.py:540} INFO - Filling up the DagBag from /home/airflow/.local/lib/python3.8/site-packages/airflow/example_dags/example_setup_teardown.py
[2024-04-04T09:47:01.626+0000] {processor.py:840} INFO - DAG(s) 'example_setup_teardown' retrieved from /home/airflow/.local/lib/python3.8/site-packages/airflow/example_dags/example_setup_teardown.py
[2024-04-04T09:47:01.658+0000] {logging_mixin.py:188} INFO - [2024-04-04T09:47:01.658+0000] {dag.py:3047} INFO - Sync 1 DAGs
[2024-04-04T09:47:01.684+0000] {logging_mixin.py:188} INFO - [2024-04-04T09:47:01.683+0000] {dag.py:3834} INFO - Setting next_dagrun for example_setup_teardown to 2024-04-03 00:00:00+00:00, run_after=2024-04-04 00:00:00+00:00
[2024-04-04T09:47:01.723+0000] {processor.py:183} INFO - Processing /home/airflow/.local/lib/python3.8/site-packages/airflow/example_dags/example_setup_teardown.py took 0.113 seconds
[2024-04-04T09:47:31.842+0000] {processor.py:161} INFO - Started process (PID=1017) to work on /home/airflow/.local/lib/python3.8/site-packages/airflow/example_dags/example_setup_teardown.py
[2024-04-04T09:47:31.843+0000] {processor.py:830} INFO - Processing file /home/airflow/.local/lib/python3.8/site-packages/airflow/example_dags/example_setup_teardown.py for tasks to queue
[2024-04-04T09:47:31.846+0000] {logging_mixin.py:188} INFO - [2024-04-04T09:47:31.846+0000] {dagbag.py:540} INFO - Filling up the DagBag from /home/airflow/.local/lib/python3.8/site-packages/airflow/example_dags/example_setup_teardown.py
[2024-04-04T09:47:31.853+0000] {processor.py:840} INFO - DAG(s) 'example_setup_teardown' retrieved from /home/airflow/.local/lib/python3.8/site-packages/airflow/example_dags/example_setup_teardown.py
[2024-04-04T09:47:31.880+0000] {logging_mixin.py:188} INFO - [2024-04-04T09:47:31.880+0000] {dag.py:3047} INFO - Sync 1 DAGs
[2024-04-04T09:47:31.907+0000] {logging_mixin.py:188} INFO - [2024-04-04T09:47:31.907+0000] {dag.py:3834} INFO - Setting next_dagrun for example_setup_teardown to 2024-04-03 00:00:00+00:00, run_after=2024-04-04 00:00:00+00:00
[2024-04-04T09:47:31.937+0000] {processor.py:183} INFO - Processing /home/airflow/.local/lib/python3.8/site-packages/airflow/example_dags/example_setup_teardown.py took 0.099 seconds
[2024-04-04T09:48:02.179+0000] {processor.py:161} INFO - Started process (PID=1073) to work on /home/airflow/.local/lib/python3.8/site-packages/airflow/example_dags/example_setup_teardown.py
[2024-04-04T09:48:02.180+0000] {processor.py:830} INFO - Processing file /home/airflow/.local/lib/python3.8/site-packages/airflow/example_dags/example_setup_teardown.py for tasks to queue
[2024-04-04T09:48:02.183+0000] {logging_mixin.py:188} INFO - [2024-04-04T09:48:02.182+0000] {dagbag.py:540} INFO - Filling up the DagBag from /home/airflow/.local/lib/python3.8/site-packages/airflow/example_dags/example_setup_teardown.py
[2024-04-04T09:48:02.189+0000] {processor.py:840} INFO - DAG(s) 'example_setup_teardown' retrieved from /home/airflow/.local/lib/python3.8/site-packages/airflow/example_dags/example_setup_teardown.py
[2024-04-04T09:48:02.213+0000] {logging_mixin.py:188} INFO - [2024-04-04T09:48:02.212+0000] {dag.py:3047} INFO - Sync 1 DAGs
[2024-04-04T09:48:02.239+0000] {logging_mixin.py:188} INFO - [2024-04-04T09:48:02.239+0000] {dag.py:3834} INFO - Setting next_dagrun for example_setup_teardown to 2024-04-03 00:00:00+00:00, run_after=2024-04-04 00:00:00+00:00
[2024-04-04T09:48:02.265+0000] {processor.py:183} INFO - Processing /home/airflow/.local/lib/python3.8/site-packages/airflow/example_dags/example_setup_teardown.py took 0.089 seconds
[2024-04-04T09:48:32.642+0000] {processor.py:161} INFO - Started process (PID=1130) to work on /home/airflow/.local/lib/python3.8/site-packages/airflow/example_dags/example_setup_teardown.py
[2024-04-04T09:48:32.643+0000] {processor.py:830} INFO - Processing file /home/airflow/.local/lib/python3.8/site-packages/airflow/example_dags/example_setup_teardown.py for tasks to queue
[2024-04-04T09:48:32.645+0000] {logging_mixin.py:188} INFO - [2024-04-04T09:48:32.645+0000] {dagbag.py:540} INFO - Filling up the DagBag from /home/airflow/.local/lib/python3.8/site-packages/airflow/example_dags/example_setup_teardown.py
[2024-04-04T09:48:32.655+0000] {processor.py:840} INFO - DAG(s) 'example_setup_teardown' retrieved from /home/airflow/.local/lib/python3.8/site-packages/airflow/example_dags/example_setup_teardown.py
[2024-04-04T09:48:32.681+0000] {logging_mixin.py:188} INFO - [2024-04-04T09:48:32.681+0000] {dag.py:3047} INFO - Sync 1 DAGs
[2024-04-04T09:48:32.705+0000] {logging_mixin.py:188} INFO - [2024-04-04T09:48:32.704+0000] {dag.py:3834} INFO - Setting next_dagrun for example_setup_teardown to 2024-04-03 00:00:00+00:00, run_after=2024-04-04 00:00:00+00:00
[2024-04-04T09:48:32.733+0000] {processor.py:183} INFO - Processing /home/airflow/.local/lib/python3.8/site-packages/airflow/example_dags/example_setup_teardown.py took 0.094 seconds
[2024-04-04T09:49:02.865+0000] {processor.py:161} INFO - Started process (PID=1185) to work on /home/airflow/.local/lib/python3.8/site-packages/airflow/example_dags/example_setup_teardown.py
[2024-04-04T09:49:02.867+0000] {processor.py:830} INFO - Processing file /home/airflow/.local/lib/python3.8/site-packages/airflow/example_dags/example_setup_teardown.py for tasks to queue
[2024-04-04T09:49:02.870+0000] {logging_mixin.py:188} INFO - [2024-04-04T09:49:02.870+0000] {dagbag.py:540} INFO - Filling up the DagBag from /home/airflow/.local/lib/python3.8/site-packages/airflow/example_dags/example_setup_teardown.py
[2024-04-04T09:49:02.876+0000] {processor.py:840} INFO - DAG(s) 'example_setup_teardown' retrieved from /home/airflow/.local/lib/python3.8/site-packages/airflow/example_dags/example_setup_teardown.py
[2024-04-04T09:49:02.899+0000] {logging_mixin.py:188} INFO - [2024-04-04T09:49:02.898+0000] {dag.py:3047} INFO - Sync 1 DAGs
[2024-04-04T09:49:02.922+0000] {logging_mixin.py:188} INFO - [2024-04-04T09:49:02.922+0000] {dag.py:3834} INFO - Setting next_dagrun for example_setup_teardown to 2024-04-03 00:00:00+00:00, run_after=2024-04-04 00:00:00+00:00
[2024-04-04T09:49:02.945+0000] {processor.py:183} INFO - Processing /home/airflow/.local/lib/python3.8/site-packages/airflow/example_dags/example_setup_teardown.py took 0.082 seconds
[2024-04-04T09:49:33.662+0000] {processor.py:161} INFO - Started process (PID=1246) to work on /home/airflow/.local/lib/python3.8/site-packages/airflow/example_dags/example_setup_teardown.py
[2024-04-04T09:49:33.664+0000] {processor.py:830} INFO - Processing file /home/airflow/.local/lib/python3.8/site-packages/airflow/example_dags/example_setup_teardown.py for tasks to queue
[2024-04-04T09:49:33.672+0000] {logging_mixin.py:188} INFO - [2024-04-04T09:49:33.671+0000] {dagbag.py:540} INFO - Filling up the DagBag from /home/airflow/.local/lib/python3.8/site-packages/airflow/example_dags/example_setup_teardown.py
[2024-04-04T09:49:33.698+0000] {processor.py:840} INFO - DAG(s) 'example_setup_teardown' retrieved from /home/airflow/.local/lib/python3.8/site-packages/airflow/example_dags/example_setup_teardown.py
[2024-04-04T09:49:33.743+0000] {logging_mixin.py:188} INFO - [2024-04-04T09:49:33.742+0000] {dag.py:3047} INFO - Sync 1 DAGs
[2024-04-04T09:49:33.812+0000] {logging_mixin.py:188} INFO - [2024-04-04T09:49:33.811+0000] {dag.py:3834} INFO - Setting next_dagrun for example_setup_teardown to 2024-04-03 00:00:00+00:00, run_after=2024-04-04 00:00:00+00:00
[2024-04-04T09:49:33.860+0000] {processor.py:183} INFO - Processing /home/airflow/.local/lib/python3.8/site-packages/airflow/example_dags/example_setup_teardown.py took 0.202 seconds
[2024-04-04T09:50:04.846+0000] {processor.py:161} INFO - Started process (PID=1302) to work on /home/airflow/.local/lib/python3.8/site-packages/airflow/example_dags/example_setup_teardown.py
[2024-04-04T09:50:04.847+0000] {processor.py:830} INFO - Processing file /home/airflow/.local/lib/python3.8/site-packages/airflow/example_dags/example_setup_teardown.py for tasks to queue
[2024-04-04T09:50:04.849+0000] {logging_mixin.py:188} INFO - [2024-04-04T09:50:04.849+0000] {dagbag.py:540} INFO - Filling up the DagBag from /home/airflow/.local/lib/python3.8/site-packages/airflow/example_dags/example_setup_teardown.py
[2024-04-04T09:50:04.855+0000] {processor.py:840} INFO - DAG(s) 'example_setup_teardown' retrieved from /home/airflow/.local/lib/python3.8/site-packages/airflow/example_dags/example_setup_teardown.py
[2024-04-04T09:50:04.878+0000] {logging_mixin.py:188} INFO - [2024-04-04T09:50:04.878+0000] {dag.py:3047} INFO - Sync 1 DAGs
[2024-04-04T09:50:04.901+0000] {logging_mixin.py:188} INFO - [2024-04-04T09:50:04.901+0000] {dag.py:3834} INFO - Setting next_dagrun for example_setup_teardown to 2024-04-03 00:00:00+00:00, run_after=2024-04-04 00:00:00+00:00
[2024-04-04T09:50:04.929+0000] {processor.py:183} INFO - Processing /home/airflow/.local/lib/python3.8/site-packages/airflow/example_dags/example_setup_teardown.py took 0.085 seconds
[2024-04-04T09:50:35.111+0000] {processor.py:161} INFO - Started process (PID=1358) to work on /home/airflow/.local/lib/python3.8/site-packages/airflow/example_dags/example_setup_teardown.py
[2024-04-04T09:50:35.112+0000] {processor.py:830} INFO - Processing file /home/airflow/.local/lib/python3.8/site-packages/airflow/example_dags/example_setup_teardown.py for tasks to queue
[2024-04-04T09:50:35.114+0000] {logging_mixin.py:188} INFO - [2024-04-04T09:50:35.114+0000] {dagbag.py:540} INFO - Filling up the DagBag from /home/airflow/.local/lib/python3.8/site-packages/airflow/example_dags/example_setup_teardown.py
[2024-04-04T09:50:35.120+0000] {processor.py:840} INFO - DAG(s) 'example_setup_teardown' retrieved from /home/airflow/.local/lib/python3.8/site-packages/airflow/example_dags/example_setup_teardown.py
[2024-04-04T09:50:35.145+0000] {logging_mixin.py:188} INFO - [2024-04-04T09:50:35.145+0000] {dag.py:3047} INFO - Sync 1 DAGs
[2024-04-04T09:50:35.170+0000] {logging_mixin.py:188} INFO - [2024-04-04T09:50:35.170+0000] {dag.py:3834} INFO - Setting next_dagrun for example_setup_teardown to 2024-04-03 00:00:00+00:00, run_after=2024-04-04 00:00:00+00:00
[2024-04-04T09:50:35.198+0000] {processor.py:183} INFO - Processing /home/airflow/.local/lib/python3.8/site-packages/airflow/example_dags/example_setup_teardown.py took 0.090 seconds
[2024-04-04T09:51:05.615+0000] {processor.py:161} INFO - Started process (PID=1414) to work on /home/airflow/.local/lib/python3.8/site-packages/airflow/example_dags/example_setup_teardown.py
[2024-04-04T09:51:05.616+0000] {processor.py:830} INFO - Processing file /home/airflow/.local/lib/python3.8/site-packages/airflow/example_dags/example_setup_teardown.py for tasks to queue
[2024-04-04T09:51:05.618+0000] {logging_mixin.py:188} INFO - [2024-04-04T09:51:05.618+0000] {dagbag.py:540} INFO - Filling up the DagBag from /home/airflow/.local/lib/python3.8/site-packages/airflow/example_dags/example_setup_teardown.py
[2024-04-04T09:51:05.628+0000] {processor.py:840} INFO - DAG(s) 'example_setup_teardown' retrieved from /home/airflow/.local/lib/python3.8/site-packages/airflow/example_dags/example_setup_teardown.py
[2024-04-04T09:51:05.654+0000] {logging_mixin.py:188} INFO - [2024-04-04T09:51:05.654+0000] {dag.py:3047} INFO - Sync 1 DAGs
[2024-04-04T09:51:05.682+0000] {logging_mixin.py:188} INFO - [2024-04-04T09:51:05.681+0000] {dag.py:3834} INFO - Setting next_dagrun for example_setup_teardown to 2024-04-03 00:00:00+00:00, run_after=2024-04-04 00:00:00+00:00
[2024-04-04T09:51:05.712+0000] {processor.py:183} INFO - Processing /home/airflow/.local/lib/python3.8/site-packages/airflow/example_dags/example_setup_teardown.py took 0.102 seconds
[2024-04-04T09:51:36.089+0000] {processor.py:161} INFO - Started process (PID=1470) to work on /home/airflow/.local/lib/python3.8/site-packages/airflow/example_dags/example_setup_teardown.py
[2024-04-04T09:51:36.091+0000] {processor.py:830} INFO - Processing file /home/airflow/.local/lib/python3.8/site-packages/airflow/example_dags/example_setup_teardown.py for tasks to queue
[2024-04-04T09:51:36.093+0000] {logging_mixin.py:188} INFO - [2024-04-04T09:51:36.092+0000] {dagbag.py:540} INFO - Filling up the DagBag from /home/airflow/.local/lib/python3.8/site-packages/airflow/example_dags/example_setup_teardown.py
[2024-04-04T09:51:36.102+0000] {processor.py:840} INFO - DAG(s) 'example_setup_teardown' retrieved from /home/airflow/.local/lib/python3.8/site-packages/airflow/example_dags/example_setup_teardown.py
[2024-04-04T09:51:36.133+0000] {logging_mixin.py:188} INFO - [2024-04-04T09:51:36.133+0000] {dag.py:3047} INFO - Sync 1 DAGs
[2024-04-04T09:51:36.161+0000] {logging_mixin.py:188} INFO - [2024-04-04T09:51:36.160+0000] {dag.py:3834} INFO - Setting next_dagrun for example_setup_teardown to 2024-04-03 00:00:00+00:00, run_after=2024-04-04 00:00:00+00:00
[2024-04-04T09:51:36.190+0000] {processor.py:183} INFO - Processing /home/airflow/.local/lib/python3.8/site-packages/airflow/example_dags/example_setup_teardown.py took 0.105 seconds
[2024-04-04T09:52:06.680+0000] {processor.py:161} INFO - Started process (PID=1526) to work on /home/airflow/.local/lib/python3.8/site-packages/airflow/example_dags/example_setup_teardown.py
[2024-04-04T09:52:06.682+0000] {processor.py:830} INFO - Processing file /home/airflow/.local/lib/python3.8/site-packages/airflow/example_dags/example_setup_teardown.py for tasks to queue
[2024-04-04T09:52:06.686+0000] {logging_mixin.py:188} INFO - [2024-04-04T09:52:06.685+0000] {dagbag.py:540} INFO - Filling up the DagBag from /home/airflow/.local/lib/python3.8/site-packages/airflow/example_dags/example_setup_teardown.py
[2024-04-04T09:52:06.693+0000] {processor.py:840} INFO - DAG(s) 'example_setup_teardown' retrieved from /home/airflow/.local/lib/python3.8/site-packages/airflow/example_dags/example_setup_teardown.py
[2024-04-04T09:52:06.724+0000] {logging_mixin.py:188} INFO - [2024-04-04T09:52:06.723+0000] {dag.py:3047} INFO - Sync 1 DAGs
[2024-04-04T09:52:06.753+0000] {logging_mixin.py:188} INFO - [2024-04-04T09:52:06.752+0000] {dag.py:3834} INFO - Setting next_dagrun for example_setup_teardown to 2024-04-03 00:00:00+00:00, run_after=2024-04-04 00:00:00+00:00
[2024-04-04T09:52:06.785+0000] {processor.py:183} INFO - Processing /home/airflow/.local/lib/python3.8/site-packages/airflow/example_dags/example_setup_teardown.py took 0.108 seconds
[2024-04-04T09:52:36.874+0000] {processor.py:161} INFO - Started process (PID=1581) to work on /home/airflow/.local/lib/python3.8/site-packages/airflow/example_dags/example_setup_teardown.py
[2024-04-04T09:52:36.876+0000] {processor.py:830} INFO - Processing file /home/airflow/.local/lib/python3.8/site-packages/airflow/example_dags/example_setup_teardown.py for tasks to queue
[2024-04-04T09:52:36.878+0000] {logging_mixin.py:188} INFO - [2024-04-04T09:52:36.877+0000] {dagbag.py:540} INFO - Filling up the DagBag from /home/airflow/.local/lib/python3.8/site-packages/airflow/example_dags/example_setup_teardown.py
[2024-04-04T09:52:36.886+0000] {processor.py:840} INFO - DAG(s) 'example_setup_teardown' retrieved from /home/airflow/.local/lib/python3.8/site-packages/airflow/example_dags/example_setup_teardown.py
[2024-04-04T09:52:36.912+0000] {logging_mixin.py:188} INFO - [2024-04-04T09:52:36.911+0000] {dag.py:3047} INFO - Sync 1 DAGs
[2024-04-04T09:52:36.947+0000] {logging_mixin.py:188} INFO - [2024-04-04T09:52:36.946+0000] {dag.py:3834} INFO - Setting next_dagrun for example_setup_teardown to 2024-04-03 00:00:00+00:00, run_after=2024-04-04 00:00:00+00:00
[2024-04-04T09:52:36.982+0000] {processor.py:183} INFO - Processing /home/airflow/.local/lib/python3.8/site-packages/airflow/example_dags/example_setup_teardown.py took 0.120 seconds
[2024-04-04T09:53:07.175+0000] {processor.py:161} INFO - Started process (PID=1637) to work on /home/airflow/.local/lib/python3.8/site-packages/airflow/example_dags/example_setup_teardown.py
[2024-04-04T09:53:07.176+0000] {processor.py:830} INFO - Processing file /home/airflow/.local/lib/python3.8/site-packages/airflow/example_dags/example_setup_teardown.py for tasks to queue
[2024-04-04T09:53:07.178+0000] {logging_mixin.py:188} INFO - [2024-04-04T09:53:07.178+0000] {dagbag.py:540} INFO - Filling up the DagBag from /home/airflow/.local/lib/python3.8/site-packages/airflow/example_dags/example_setup_teardown.py
[2024-04-04T09:53:07.184+0000] {processor.py:840} INFO - DAG(s) 'example_setup_teardown' retrieved from /home/airflow/.local/lib/python3.8/site-packages/airflow/example_dags/example_setup_teardown.py
[2024-04-04T09:53:07.209+0000] {logging_mixin.py:188} INFO - [2024-04-04T09:53:07.208+0000] {dag.py:3047} INFO - Sync 1 DAGs
[2024-04-04T09:53:07.239+0000] {logging_mixin.py:188} INFO - [2024-04-04T09:53:07.239+0000] {dag.py:3834} INFO - Setting next_dagrun for example_setup_teardown to 2024-04-03 00:00:00+00:00, run_after=2024-04-04 00:00:00+00:00
[2024-04-04T09:53:07.270+0000] {processor.py:183} INFO - Processing /home/airflow/.local/lib/python3.8/site-packages/airflow/example_dags/example_setup_teardown.py took 0.099 seconds
[2024-04-04T09:53:37.381+0000] {processor.py:161} INFO - Started process (PID=1694) to work on /home/airflow/.local/lib/python3.8/site-packages/airflow/example_dags/example_setup_teardown.py
[2024-04-04T09:53:37.383+0000] {processor.py:830} INFO - Processing file /home/airflow/.local/lib/python3.8/site-packages/airflow/example_dags/example_setup_teardown.py for tasks to queue
[2024-04-04T09:53:37.385+0000] {logging_mixin.py:188} INFO - [2024-04-04T09:53:37.384+0000] {dagbag.py:540} INFO - Filling up the DagBag from /home/airflow/.local/lib/python3.8/site-packages/airflow/example_dags/example_setup_teardown.py
[2024-04-04T09:53:37.393+0000] {processor.py:840} INFO - DAG(s) 'example_setup_teardown' retrieved from /home/airflow/.local/lib/python3.8/site-packages/airflow/example_dags/example_setup_teardown.py
[2024-04-04T09:53:37.415+0000] {logging_mixin.py:188} INFO - [2024-04-04T09:53:37.414+0000] {dag.py:3047} INFO - Sync 1 DAGs
[2024-04-04T09:53:37.439+0000] {logging_mixin.py:188} INFO - [2024-04-04T09:53:37.439+0000] {dag.py:3834} INFO - Setting next_dagrun for example_setup_teardown to 2024-04-03 00:00:00+00:00, run_after=2024-04-04 00:00:00+00:00
[2024-04-04T09:53:37.464+0000] {processor.py:183} INFO - Processing /home/airflow/.local/lib/python3.8/site-packages/airflow/example_dags/example_setup_teardown.py took 0.085 seconds
[2024-04-04T09:54:07.702+0000] {processor.py:161} INFO - Started process (PID=1750) to work on /home/airflow/.local/lib/python3.8/site-packages/airflow/example_dags/example_setup_teardown.py
[2024-04-04T09:54:07.703+0000] {processor.py:830} INFO - Processing file /home/airflow/.local/lib/python3.8/site-packages/airflow/example_dags/example_setup_teardown.py for tasks to queue
[2024-04-04T09:54:07.705+0000] {logging_mixin.py:188} INFO - [2024-04-04T09:54:07.705+0000] {dagbag.py:540} INFO - Filling up the DagBag from /home/airflow/.local/lib/python3.8/site-packages/airflow/example_dags/example_setup_teardown.py
[2024-04-04T09:54:07.711+0000] {processor.py:840} INFO - DAG(s) 'example_setup_teardown' retrieved from /home/airflow/.local/lib/python3.8/site-packages/airflow/example_dags/example_setup_teardown.py
[2024-04-04T09:54:07.733+0000] {logging_mixin.py:188} INFO - [2024-04-04T09:54:07.732+0000] {dag.py:3047} INFO - Sync 1 DAGs
[2024-04-04T09:54:07.756+0000] {logging_mixin.py:188} INFO - [2024-04-04T09:54:07.756+0000] {dag.py:3834} INFO - Setting next_dagrun for example_setup_teardown to 2024-04-03 00:00:00+00:00, run_after=2024-04-04 00:00:00+00:00
[2024-04-04T09:54:07.781+0000] {processor.py:183} INFO - Processing /home/airflow/.local/lib/python3.8/site-packages/airflow/example_dags/example_setup_teardown.py took 0.082 seconds
[2024-04-04T09:54:38.704+0000] {processor.py:161} INFO - Started process (PID=1808) to work on /home/airflow/.local/lib/python3.8/site-packages/airflow/example_dags/example_setup_teardown.py
[2024-04-04T09:54:38.705+0000] {processor.py:830} INFO - Processing file /home/airflow/.local/lib/python3.8/site-packages/airflow/example_dags/example_setup_teardown.py for tasks to queue
[2024-04-04T09:54:38.708+0000] {logging_mixin.py:188} INFO - [2024-04-04T09:54:38.707+0000] {dagbag.py:540} INFO - Filling up the DagBag from /home/airflow/.local/lib/python3.8/site-packages/airflow/example_dags/example_setup_teardown.py
[2024-04-04T09:54:38.714+0000] {processor.py:840} INFO - DAG(s) 'example_setup_teardown' retrieved from /home/airflow/.local/lib/python3.8/site-packages/airflow/example_dags/example_setup_teardown.py
[2024-04-04T09:54:38.736+0000] {logging_mixin.py:188} INFO - [2024-04-04T09:54:38.736+0000] {dag.py:3047} INFO - Sync 1 DAGs
[2024-04-04T09:54:38.759+0000] {logging_mixin.py:188} INFO - [2024-04-04T09:54:38.759+0000] {dag.py:3834} INFO - Setting next_dagrun for example_setup_teardown to 2024-04-03 00:00:00+00:00, run_after=2024-04-04 00:00:00+00:00
[2024-04-04T09:54:38.786+0000] {processor.py:183} INFO - Processing /home/airflow/.local/lib/python3.8/site-packages/airflow/example_dags/example_setup_teardown.py took 0.085 seconds
[2024-04-04T09:55:09.063+0000] {processor.py:161} INFO - Started process (PID=1864) to work on /home/airflow/.local/lib/python3.8/site-packages/airflow/example_dags/example_setup_teardown.py
[2024-04-04T09:55:09.065+0000] {processor.py:830} INFO - Processing file /home/airflow/.local/lib/python3.8/site-packages/airflow/example_dags/example_setup_teardown.py for tasks to queue
[2024-04-04T09:55:09.067+0000] {logging_mixin.py:188} INFO - [2024-04-04T09:55:09.067+0000] {dagbag.py:540} INFO - Filling up the DagBag from /home/airflow/.local/lib/python3.8/site-packages/airflow/example_dags/example_setup_teardown.py
[2024-04-04T09:55:09.076+0000] {processor.py:840} INFO - DAG(s) 'example_setup_teardown' retrieved from /home/airflow/.local/lib/python3.8/site-packages/airflow/example_dags/example_setup_teardown.py
[2024-04-04T09:55:09.105+0000] {logging_mixin.py:188} INFO - [2024-04-04T09:55:09.105+0000] {dag.py:3047} INFO - Sync 1 DAGs
[2024-04-04T09:55:09.134+0000] {logging_mixin.py:188} INFO - [2024-04-04T09:55:09.134+0000] {dag.py:3834} INFO - Setting next_dagrun for example_setup_teardown to 2024-04-03 00:00:00+00:00, run_after=2024-04-04 00:00:00+00:00
[2024-04-04T09:55:09.164+0000] {processor.py:183} INFO - Processing /home/airflow/.local/lib/python3.8/site-packages/airflow/example_dags/example_setup_teardown.py took 0.104 seconds
[2024-04-04T09:55:39.690+0000] {processor.py:161} INFO - Started process (PID=1926) to work on /home/airflow/.local/lib/python3.8/site-packages/airflow/example_dags/example_setup_teardown.py
[2024-04-04T09:55:39.692+0000] {processor.py:830} INFO - Processing file /home/airflow/.local/lib/python3.8/site-packages/airflow/example_dags/example_setup_teardown.py for tasks to queue
[2024-04-04T09:55:39.694+0000] {logging_mixin.py:188} INFO - [2024-04-04T09:55:39.694+0000] {dagbag.py:540} INFO - Filling up the DagBag from /home/airflow/.local/lib/python3.8/site-packages/airflow/example_dags/example_setup_teardown.py
[2024-04-04T09:55:39.701+0000] {processor.py:840} INFO - DAG(s) 'example_setup_teardown' retrieved from /home/airflow/.local/lib/python3.8/site-packages/airflow/example_dags/example_setup_teardown.py
[2024-04-04T09:55:39.724+0000] {logging_mixin.py:188} INFO - [2024-04-04T09:55:39.723+0000] {dag.py:3047} INFO - Sync 1 DAGs
[2024-04-04T09:55:39.749+0000] {logging_mixin.py:188} INFO - [2024-04-04T09:55:39.749+0000] {dag.py:3834} INFO - Setting next_dagrun for example_setup_teardown to 2024-04-03 00:00:00+00:00, run_after=2024-04-04 00:00:00+00:00
[2024-04-04T09:55:39.776+0000] {processor.py:183} INFO - Processing /home/airflow/.local/lib/python3.8/site-packages/airflow/example_dags/example_setup_teardown.py took 0.089 seconds
[2024-04-04T09:56:10.374+0000] {processor.py:161} INFO - Started process (PID=1985) to work on /home/airflow/.local/lib/python3.8/site-packages/airflow/example_dags/example_setup_teardown.py
[2024-04-04T09:56:10.375+0000] {processor.py:830} INFO - Processing file /home/airflow/.local/lib/python3.8/site-packages/airflow/example_dags/example_setup_teardown.py for tasks to queue
[2024-04-04T09:56:10.378+0000] {logging_mixin.py:188} INFO - [2024-04-04T09:56:10.377+0000] {dagbag.py:540} INFO - Filling up the DagBag from /home/airflow/.local/lib/python3.8/site-packages/airflow/example_dags/example_setup_teardown.py
[2024-04-04T09:56:10.385+0000] {processor.py:840} INFO - DAG(s) 'example_setup_teardown' retrieved from /home/airflow/.local/lib/python3.8/site-packages/airflow/example_dags/example_setup_teardown.py
[2024-04-04T09:56:10.409+0000] {logging_mixin.py:188} INFO - [2024-04-04T09:56:10.409+0000] {dag.py:3047} INFO - Sync 1 DAGs
[2024-04-04T09:56:10.435+0000] {logging_mixin.py:188} INFO - [2024-04-04T09:56:10.435+0000] {dag.py:3834} INFO - Setting next_dagrun for example_setup_teardown to 2024-04-03 00:00:00+00:00, run_after=2024-04-04 00:00:00+00:00
[2024-04-04T09:56:10.467+0000] {processor.py:183} INFO - Processing /home/airflow/.local/lib/python3.8/site-packages/airflow/example_dags/example_setup_teardown.py took 0.097 seconds
[2024-04-04T09:56:40.676+0000] {processor.py:161} INFO - Started process (PID=2041) to work on /home/airflow/.local/lib/python3.8/site-packages/airflow/example_dags/example_setup_teardown.py
[2024-04-04T09:56:40.678+0000] {processor.py:830} INFO - Processing file /home/airflow/.local/lib/python3.8/site-packages/airflow/example_dags/example_setup_teardown.py for tasks to queue
[2024-04-04T09:56:40.680+0000] {logging_mixin.py:188} INFO - [2024-04-04T09:56:40.680+0000] {dagbag.py:540} INFO - Filling up the DagBag from /home/airflow/.local/lib/python3.8/site-packages/airflow/example_dags/example_setup_teardown.py
[2024-04-04T09:56:40.691+0000] {processor.py:840} INFO - DAG(s) 'example_setup_teardown' retrieved from /home/airflow/.local/lib/python3.8/site-packages/airflow/example_dags/example_setup_teardown.py
[2024-04-04T09:56:40.725+0000] {logging_mixin.py:188} INFO - [2024-04-04T09:56:40.725+0000] {dag.py:3047} INFO - Sync 1 DAGs
[2024-04-04T09:56:40.755+0000] {logging_mixin.py:188} INFO - [2024-04-04T09:56:40.755+0000] {dag.py:3834} INFO - Setting next_dagrun for example_setup_teardown to 2024-04-03 00:00:00+00:00, run_after=2024-04-04 00:00:00+00:00
[2024-04-04T09:56:40.783+0000] {processor.py:183} INFO - Processing /home/airflow/.local/lib/python3.8/site-packages/airflow/example_dags/example_setup_teardown.py took 0.110 seconds
[2024-04-04T09:57:11.270+0000] {processor.py:161} INFO - Started process (PID=2097) to work on /home/airflow/.local/lib/python3.8/site-packages/airflow/example_dags/example_setup_teardown.py
[2024-04-04T09:57:11.271+0000] {processor.py:830} INFO - Processing file /home/airflow/.local/lib/python3.8/site-packages/airflow/example_dags/example_setup_teardown.py for tasks to queue
[2024-04-04T09:57:11.274+0000] {logging_mixin.py:188} INFO - [2024-04-04T09:57:11.273+0000] {dagbag.py:540} INFO - Filling up the DagBag from /home/airflow/.local/lib/python3.8/site-packages/airflow/example_dags/example_setup_teardown.py
[2024-04-04T09:57:11.281+0000] {processor.py:840} INFO - DAG(s) 'example_setup_teardown' retrieved from /home/airflow/.local/lib/python3.8/site-packages/airflow/example_dags/example_setup_teardown.py
[2024-04-04T09:57:11.306+0000] {logging_mixin.py:188} INFO - [2024-04-04T09:57:11.306+0000] {dag.py:3047} INFO - Sync 1 DAGs
[2024-04-04T09:57:11.333+0000] {logging_mixin.py:188} INFO - [2024-04-04T09:57:11.333+0000] {dag.py:3834} INFO - Setting next_dagrun for example_setup_teardown to 2024-04-03 00:00:00+00:00, run_after=2024-04-04 00:00:00+00:00
[2024-04-04T09:57:11.365+0000] {processor.py:183} INFO - Processing /home/airflow/.local/lib/python3.8/site-packages/airflow/example_dags/example_setup_teardown.py took 0.099 seconds
[2024-04-04T09:57:41.479+0000] {processor.py:161} INFO - Started process (PID=2153) to work on /home/airflow/.local/lib/python3.8/site-packages/airflow/example_dags/example_setup_teardown.py
[2024-04-04T09:57:41.480+0000] {processor.py:830} INFO - Processing file /home/airflow/.local/lib/python3.8/site-packages/airflow/example_dags/example_setup_teardown.py for tasks to queue
[2024-04-04T09:57:41.482+0000] {logging_mixin.py:188} INFO - [2024-04-04T09:57:41.482+0000] {dagbag.py:540} INFO - Filling up the DagBag from /home/airflow/.local/lib/python3.8/site-packages/airflow/example_dags/example_setup_teardown.py
[2024-04-04T09:57:41.488+0000] {processor.py:840} INFO - DAG(s) 'example_setup_teardown' retrieved from /home/airflow/.local/lib/python3.8/site-packages/airflow/example_dags/example_setup_teardown.py
[2024-04-04T09:57:41.512+0000] {logging_mixin.py:188} INFO - [2024-04-04T09:57:41.511+0000] {dag.py:3047} INFO - Sync 1 DAGs
[2024-04-04T09:57:41.541+0000] {logging_mixin.py:188} INFO - [2024-04-04T09:57:41.541+0000] {dag.py:3834} INFO - Setting next_dagrun for example_setup_teardown to 2024-04-03 00:00:00+00:00, run_after=2024-04-04 00:00:00+00:00
[2024-04-04T09:57:41.567+0000] {processor.py:183} INFO - Processing /home/airflow/.local/lib/python3.8/site-packages/airflow/example_dags/example_setup_teardown.py took 0.091 seconds
[2024-04-04T09:58:12.553+0000] {processor.py:161} INFO - Started process (PID=2209) to work on /home/airflow/.local/lib/python3.8/site-packages/airflow/example_dags/example_setup_teardown.py
[2024-04-04T09:58:12.555+0000] {processor.py:830} INFO - Processing file /home/airflow/.local/lib/python3.8/site-packages/airflow/example_dags/example_setup_teardown.py for tasks to queue
[2024-04-04T09:58:12.557+0000] {logging_mixin.py:188} INFO - [2024-04-04T09:58:12.556+0000] {dagbag.py:540} INFO - Filling up the DagBag from /home/airflow/.local/lib/python3.8/site-packages/airflow/example_dags/example_setup_teardown.py
[2024-04-04T09:58:12.564+0000] {processor.py:840} INFO - DAG(s) 'example_setup_teardown' retrieved from /home/airflow/.local/lib/python3.8/site-packages/airflow/example_dags/example_setup_teardown.py
[2024-04-04T09:58:12.597+0000] {logging_mixin.py:188} INFO - [2024-04-04T09:58:12.597+0000] {dag.py:3047} INFO - Sync 1 DAGs
[2024-04-04T09:58:12.621+0000] {logging_mixin.py:188} INFO - [2024-04-04T09:58:12.621+0000] {dag.py:3834} INFO - Setting next_dagrun for example_setup_teardown to 2024-04-03 00:00:00+00:00, run_after=2024-04-04 00:00:00+00:00
[2024-04-04T09:58:12.650+0000] {processor.py:183} INFO - Processing /home/airflow/.local/lib/python3.8/site-packages/airflow/example_dags/example_setup_teardown.py took 0.100 seconds
[2024-04-04T09:58:42.903+0000] {processor.py:161} INFO - Started process (PID=2265) to work on /home/airflow/.local/lib/python3.8/site-packages/airflow/example_dags/example_setup_teardown.py
[2024-04-04T09:58:42.904+0000] {processor.py:830} INFO - Processing file /home/airflow/.local/lib/python3.8/site-packages/airflow/example_dags/example_setup_teardown.py for tasks to queue
[2024-04-04T09:58:42.906+0000] {logging_mixin.py:188} INFO - [2024-04-04T09:58:42.906+0000] {dagbag.py:540} INFO - Filling up the DagBag from /home/airflow/.local/lib/python3.8/site-packages/airflow/example_dags/example_setup_teardown.py
[2024-04-04T09:58:42.914+0000] {processor.py:840} INFO - DAG(s) 'example_setup_teardown' retrieved from /home/airflow/.local/lib/python3.8/site-packages/airflow/example_dags/example_setup_teardown.py
[2024-04-04T09:58:42.940+0000] {logging_mixin.py:188} INFO - [2024-04-04T09:58:42.940+0000] {dag.py:3047} INFO - Sync 1 DAGs
[2024-04-04T09:58:42.966+0000] {logging_mixin.py:188} INFO - [2024-04-04T09:58:42.965+0000] {dag.py:3834} INFO - Setting next_dagrun for example_setup_teardown to 2024-04-03 00:00:00+00:00, run_after=2024-04-04 00:00:00+00:00
[2024-04-04T09:58:42.990+0000] {processor.py:183} INFO - Processing /home/airflow/.local/lib/python3.8/site-packages/airflow/example_dags/example_setup_teardown.py took 0.090 seconds
[2024-04-04T09:59:13.397+0000] {processor.py:161} INFO - Started process (PID=2321) to work on /home/airflow/.local/lib/python3.8/site-packages/airflow/example_dags/example_setup_teardown.py
[2024-04-04T09:59:13.398+0000] {processor.py:830} INFO - Processing file /home/airflow/.local/lib/python3.8/site-packages/airflow/example_dags/example_setup_teardown.py for tasks to queue
[2024-04-04T09:59:13.401+0000] {logging_mixin.py:188} INFO - [2024-04-04T09:59:13.400+0000] {dagbag.py:540} INFO - Filling up the DagBag from /home/airflow/.local/lib/python3.8/site-packages/airflow/example_dags/example_setup_teardown.py
[2024-04-04T09:59:13.410+0000] {processor.py:840} INFO - DAG(s) 'example_setup_teardown' retrieved from /home/airflow/.local/lib/python3.8/site-packages/airflow/example_dags/example_setup_teardown.py
[2024-04-04T09:59:13.434+0000] {logging_mixin.py:188} INFO - [2024-04-04T09:59:13.433+0000] {dag.py:3047} INFO - Sync 1 DAGs
[2024-04-04T09:59:13.457+0000] {logging_mixin.py:188} INFO - [2024-04-04T09:59:13.456+0000] {dag.py:3834} INFO - Setting next_dagrun for example_setup_teardown to 2024-04-03 00:00:00+00:00, run_after=2024-04-04 00:00:00+00:00
[2024-04-04T09:59:13.482+0000] {processor.py:183} INFO - Processing /home/airflow/.local/lib/python3.8/site-packages/airflow/example_dags/example_setup_teardown.py took 0.088 seconds
[2024-04-04T09:59:43.623+0000] {processor.py:161} INFO - Started process (PID=2377) to work on /home/airflow/.local/lib/python3.8/site-packages/airflow/example_dags/example_setup_teardown.py
[2024-04-04T09:59:43.624+0000] {processor.py:830} INFO - Processing file /home/airflow/.local/lib/python3.8/site-packages/airflow/example_dags/example_setup_teardown.py for tasks to queue
[2024-04-04T09:59:43.627+0000] {logging_mixin.py:188} INFO - [2024-04-04T09:59:43.626+0000] {dagbag.py:540} INFO - Filling up the DagBag from /home/airflow/.local/lib/python3.8/site-packages/airflow/example_dags/example_setup_teardown.py
[2024-04-04T09:59:43.634+0000] {processor.py:840} INFO - DAG(s) 'example_setup_teardown' retrieved from /home/airflow/.local/lib/python3.8/site-packages/airflow/example_dags/example_setup_teardown.py
[2024-04-04T09:59:43.656+0000] {logging_mixin.py:188} INFO - [2024-04-04T09:59:43.656+0000] {dag.py:3047} INFO - Sync 1 DAGs
[2024-04-04T09:59:43.680+0000] {logging_mixin.py:188} INFO - [2024-04-04T09:59:43.680+0000] {dag.py:3834} INFO - Setting next_dagrun for example_setup_teardown to 2024-04-03 00:00:00+00:00, run_after=2024-04-04 00:00:00+00:00
[2024-04-04T09:59:43.707+0000] {processor.py:183} INFO - Processing /home/airflow/.local/lib/python3.8/site-packages/airflow/example_dags/example_setup_teardown.py took 0.087 seconds
[2024-04-04T10:00:13.955+0000] {processor.py:161} INFO - Started process (PID=2432) to work on /home/airflow/.local/lib/python3.8/site-packages/airflow/example_dags/example_setup_teardown.py
[2024-04-04T10:00:13.957+0000] {processor.py:830} INFO - Processing file /home/airflow/.local/lib/python3.8/site-packages/airflow/example_dags/example_setup_teardown.py for tasks to queue
[2024-04-04T10:00:13.959+0000] {logging_mixin.py:188} INFO - [2024-04-04T10:00:13.959+0000] {dagbag.py:540} INFO - Filling up the DagBag from /home/airflow/.local/lib/python3.8/site-packages/airflow/example_dags/example_setup_teardown.py
[2024-04-04T10:00:13.966+0000] {processor.py:840} INFO - DAG(s) 'example_setup_teardown' retrieved from /home/airflow/.local/lib/python3.8/site-packages/airflow/example_dags/example_setup_teardown.py
[2024-04-04T10:00:13.991+0000] {logging_mixin.py:188} INFO - [2024-04-04T10:00:13.990+0000] {dag.py:3047} INFO - Sync 1 DAGs
[2024-04-04T10:00:14.016+0000] {logging_mixin.py:188} INFO - [2024-04-04T10:00:14.016+0000] {dag.py:3834} INFO - Setting next_dagrun for example_setup_teardown to 2024-04-03 00:00:00+00:00, run_after=2024-04-04 00:00:00+00:00
[2024-04-04T10:00:14.041+0000] {processor.py:183} INFO - Processing /home/airflow/.local/lib/python3.8/site-packages/airflow/example_dags/example_setup_teardown.py took 0.088 seconds
[2024-04-04T10:00:44.948+0000] {processor.py:161} INFO - Started process (PID=2489) to work on /home/airflow/.local/lib/python3.8/site-packages/airflow/example_dags/example_setup_teardown.py
[2024-04-04T10:00:44.949+0000] {processor.py:830} INFO - Processing file /home/airflow/.local/lib/python3.8/site-packages/airflow/example_dags/example_setup_teardown.py for tasks to queue
[2024-04-04T10:00:44.951+0000] {logging_mixin.py:188} INFO - [2024-04-04T10:00:44.951+0000] {dagbag.py:540} INFO - Filling up the DagBag from /home/airflow/.local/lib/python3.8/site-packages/airflow/example_dags/example_setup_teardown.py
[2024-04-04T10:00:44.958+0000] {processor.py:840} INFO - DAG(s) 'example_setup_teardown' retrieved from /home/airflow/.local/lib/python3.8/site-packages/airflow/example_dags/example_setup_teardown.py
[2024-04-04T10:00:44.981+0000] {logging_mixin.py:188} INFO - [2024-04-04T10:00:44.981+0000] {dag.py:3047} INFO - Sync 1 DAGs
[2024-04-04T10:00:45.005+0000] {logging_mixin.py:188} INFO - [2024-04-04T10:00:45.004+0000] {dag.py:3834} INFO - Setting next_dagrun for example_setup_teardown to 2024-04-03 00:00:00+00:00, run_after=2024-04-04 00:00:00+00:00
[2024-04-04T10:00:45.030+0000] {processor.py:183} INFO - Processing /home/airflow/.local/lib/python3.8/site-packages/airflow/example_dags/example_setup_teardown.py took 0.085 seconds
[2024-04-04T10:01:15.218+0000] {processor.py:161} INFO - Started process (PID=2546) to work on /home/airflow/.local/lib/python3.8/site-packages/airflow/example_dags/example_setup_teardown.py
[2024-04-04T10:01:15.221+0000] {processor.py:830} INFO - Processing file /home/airflow/.local/lib/python3.8/site-packages/airflow/example_dags/example_setup_teardown.py for tasks to queue
[2024-04-04T10:01:15.225+0000] {logging_mixin.py:188} INFO - [2024-04-04T10:01:15.225+0000] {dagbag.py:540} INFO - Filling up the DagBag from /home/airflow/.local/lib/python3.8/site-packages/airflow/example_dags/example_setup_teardown.py
[2024-04-04T10:01:15.239+0000] {processor.py:840} INFO - DAG(s) 'example_setup_teardown' retrieved from /home/airflow/.local/lib/python3.8/site-packages/airflow/example_dags/example_setup_teardown.py
[2024-04-04T10:01:15.379+0000] {logging_mixin.py:188} INFO - [2024-04-04T10:01:15.378+0000] {dag.py:3047} INFO - Sync 1 DAGs
[2024-04-04T10:01:15.505+0000] {logging_mixin.py:188} INFO - [2024-04-04T10:01:15.504+0000] {dag.py:3834} INFO - Setting next_dagrun for example_setup_teardown to 2024-04-03 00:00:00+00:00, run_after=2024-04-04 00:00:00+00:00
[2024-04-04T10:01:15.560+0000] {processor.py:183} INFO - Processing /home/airflow/.local/lib/python3.8/site-packages/airflow/example_dags/example_setup_teardown.py took 0.345 seconds
[2024-04-04T10:01:46.524+0000] {processor.py:161} INFO - Started process (PID=2602) to work on /home/airflow/.local/lib/python3.8/site-packages/airflow/example_dags/example_setup_teardown.py
[2024-04-04T10:01:46.526+0000] {processor.py:830} INFO - Processing file /home/airflow/.local/lib/python3.8/site-packages/airflow/example_dags/example_setup_teardown.py for tasks to queue
[2024-04-04T10:01:46.528+0000] {logging_mixin.py:188} INFO - [2024-04-04T10:01:46.528+0000] {dagbag.py:540} INFO - Filling up the DagBag from /home/airflow/.local/lib/python3.8/site-packages/airflow/example_dags/example_setup_teardown.py
[2024-04-04T10:01:46.535+0000] {processor.py:840} INFO - DAG(s) 'example_setup_teardown' retrieved from /home/airflow/.local/lib/python3.8/site-packages/airflow/example_dags/example_setup_teardown.py
[2024-04-04T10:01:46.557+0000] {logging_mixin.py:188} INFO - [2024-04-04T10:01:46.557+0000] {dag.py:3047} INFO - Sync 1 DAGs
[2024-04-04T10:01:46.580+0000] {logging_mixin.py:188} INFO - [2024-04-04T10:01:46.580+0000] {dag.py:3834} INFO - Setting next_dagrun for example_setup_teardown to 2024-04-03 00:00:00+00:00, run_after=2024-04-04 00:00:00+00:00
[2024-04-04T10:01:46.607+0000] {processor.py:183} INFO - Processing /home/airflow/.local/lib/python3.8/site-packages/airflow/example_dags/example_setup_teardown.py took 0.086 seconds
[2024-04-04T10:02:16.982+0000] {processor.py:161} INFO - Started process (PID=2658) to work on /home/airflow/.local/lib/python3.8/site-packages/airflow/example_dags/example_setup_teardown.py
[2024-04-04T10:02:16.983+0000] {processor.py:830} INFO - Processing file /home/airflow/.local/lib/python3.8/site-packages/airflow/example_dags/example_setup_teardown.py for tasks to queue
[2024-04-04T10:02:16.986+0000] {logging_mixin.py:188} INFO - [2024-04-04T10:02:16.985+0000] {dagbag.py:540} INFO - Filling up the DagBag from /home/airflow/.local/lib/python3.8/site-packages/airflow/example_dags/example_setup_teardown.py
[2024-04-04T10:02:16.995+0000] {processor.py:840} INFO - DAG(s) 'example_setup_teardown' retrieved from /home/airflow/.local/lib/python3.8/site-packages/airflow/example_dags/example_setup_teardown.py
[2024-04-04T10:02:17.026+0000] {logging_mixin.py:188} INFO - [2024-04-04T10:02:17.026+0000] {dag.py:3047} INFO - Sync 1 DAGs
[2024-04-04T10:02:17.059+0000] {logging_mixin.py:188} INFO - [2024-04-04T10:02:17.058+0000] {dag.py:3834} INFO - Setting next_dagrun for example_setup_teardown to 2024-04-03 00:00:00+00:00, run_after=2024-04-04 00:00:00+00:00
[2024-04-04T10:02:17.093+0000] {processor.py:183} INFO - Processing /home/airflow/.local/lib/python3.8/site-packages/airflow/example_dags/example_setup_teardown.py took 0.116 seconds
[2024-04-04T10:02:47.523+0000] {processor.py:161} INFO - Started process (PID=2713) to work on /home/airflow/.local/lib/python3.8/site-packages/airflow/example_dags/example_setup_teardown.py
[2024-04-04T10:02:47.524+0000] {processor.py:830} INFO - Processing file /home/airflow/.local/lib/python3.8/site-packages/airflow/example_dags/example_setup_teardown.py for tasks to queue
[2024-04-04T10:02:47.526+0000] {logging_mixin.py:188} INFO - [2024-04-04T10:02:47.526+0000] {dagbag.py:540} INFO - Filling up the DagBag from /home/airflow/.local/lib/python3.8/site-packages/airflow/example_dags/example_setup_teardown.py
[2024-04-04T10:02:47.533+0000] {processor.py:840} INFO - DAG(s) 'example_setup_teardown' retrieved from /home/airflow/.local/lib/python3.8/site-packages/airflow/example_dags/example_setup_teardown.py
[2024-04-04T10:02:47.558+0000] {logging_mixin.py:188} INFO - [2024-04-04T10:02:47.558+0000] {dag.py:3047} INFO - Sync 1 DAGs
[2024-04-04T10:02:47.585+0000] {logging_mixin.py:188} INFO - [2024-04-04T10:02:47.585+0000] {dag.py:3834} INFO - Setting next_dagrun for example_setup_teardown to 2024-04-03 00:00:00+00:00, run_after=2024-04-04 00:00:00+00:00
[2024-04-04T10:02:47.615+0000] {processor.py:183} INFO - Processing /home/airflow/.local/lib/python3.8/site-packages/airflow/example_dags/example_setup_teardown.py took 0.095 seconds
[2024-04-04T10:03:17.994+0000] {processor.py:161} INFO - Started process (PID=2769) to work on /home/airflow/.local/lib/python3.8/site-packages/airflow/example_dags/example_setup_teardown.py
[2024-04-04T10:03:17.996+0000] {processor.py:830} INFO - Processing file /home/airflow/.local/lib/python3.8/site-packages/airflow/example_dags/example_setup_teardown.py for tasks to queue
[2024-04-04T10:03:17.998+0000] {logging_mixin.py:188} INFO - [2024-04-04T10:03:17.997+0000] {dagbag.py:540} INFO - Filling up the DagBag from /home/airflow/.local/lib/python3.8/site-packages/airflow/example_dags/example_setup_teardown.py
[2024-04-04T10:03:18.004+0000] {processor.py:840} INFO - DAG(s) 'example_setup_teardown' retrieved from /home/airflow/.local/lib/python3.8/site-packages/airflow/example_dags/example_setup_teardown.py
[2024-04-04T10:03:18.029+0000] {logging_mixin.py:188} INFO - [2024-04-04T10:03:18.029+0000] {dag.py:3047} INFO - Sync 1 DAGs
[2024-04-04T10:03:18.055+0000] {logging_mixin.py:188} INFO - [2024-04-04T10:03:18.054+0000] {dag.py:3834} INFO - Setting next_dagrun for example_setup_teardown to 2024-04-03 00:00:00+00:00, run_after=2024-04-04 00:00:00+00:00
[2024-04-04T10:03:18.083+0000] {processor.py:183} INFO - Processing /home/airflow/.local/lib/python3.8/site-packages/airflow/example_dags/example_setup_teardown.py took 0.092 seconds
