[2024-04-04T09:38:55.406+0000] {processor.py:161} INFO - Started process (PID=74) to work on /home/airflow/.local/lib/python3.8/site-packages/airflow/example_dags/example_branch_python_dop_operator_3.py
[2024-04-04T09:38:55.407+0000] {processor.py:830} INFO - Processing file /home/airflow/.local/lib/python3.8/site-packages/airflow/example_dags/example_branch_python_dop_operator_3.py for tasks to queue
[2024-04-04T09:38:55.410+0000] {logging_mixin.py:188} INFO - [2024-04-04T09:38:55.410+0000] {dagbag.py:540} INFO - Filling up the DagBag from /home/airflow/.local/lib/python3.8/site-packages/airflow/example_dags/example_branch_python_dop_operator_3.py
[2024-04-04T09:38:55.421+0000] {processor.py:840} INFO - DAG(s) 'example_branch_dop_operator_v3' retrieved from /home/airflow/.local/lib/python3.8/site-packages/airflow/example_dags/example_branch_python_dop_operator_3.py
[2024-04-04T09:38:55.556+0000] {logging_mixin.py:188} INFO - [2024-04-04T09:38:55.555+0000] {dag.py:3047} INFO - Sync 1 DAGs
[2024-04-04T09:38:55.591+0000] {logging_mixin.py:188} INFO - [2024-04-04T09:38:55.590+0000] {dag.py:3834} INFO - Setting next_dagrun for example_branch_dop_operator_v3 to 2024-04-04 09:37:00+00:00, run_after=2024-04-04 09:38:00+00:00
[2024-04-04T09:38:55.624+0000] {processor.py:183} INFO - Processing /home/airflow/.local/lib/python3.8/site-packages/airflow/example_dags/example_branch_python_dop_operator_3.py took 0.220 seconds
[2024-04-04T09:39:25.746+0000] {processor.py:161} INFO - Started process (PID=130) to work on /home/airflow/.local/lib/python3.8/site-packages/airflow/example_dags/example_branch_python_dop_operator_3.py
[2024-04-04T09:39:25.747+0000] {processor.py:830} INFO - Processing file /home/airflow/.local/lib/python3.8/site-packages/airflow/example_dags/example_branch_python_dop_operator_3.py for tasks to queue
[2024-04-04T09:39:25.750+0000] {logging_mixin.py:188} INFO - [2024-04-04T09:39:25.749+0000] {dagbag.py:540} INFO - Filling up the DagBag from /home/airflow/.local/lib/python3.8/site-packages/airflow/example_dags/example_branch_python_dop_operator_3.py
[2024-04-04T09:39:25.758+0000] {processor.py:840} INFO - DAG(s) 'example_branch_dop_operator_v3' retrieved from /home/airflow/.local/lib/python3.8/site-packages/airflow/example_dags/example_branch_python_dop_operator_3.py
[2024-04-04T09:39:25.782+0000] {logging_mixin.py:188} INFO - [2024-04-04T09:39:25.782+0000] {dag.py:3047} INFO - Sync 1 DAGs
[2024-04-04T09:39:25.810+0000] {logging_mixin.py:188} INFO - [2024-04-04T09:39:25.810+0000] {dag.py:3834} INFO - Setting next_dagrun for example_branch_dop_operator_v3 to 2024-04-04 09:38:00+00:00, run_after=2024-04-04 09:39:00+00:00
[2024-04-04T09:39:25.838+0000] {processor.py:183} INFO - Processing /home/airflow/.local/lib/python3.8/site-packages/airflow/example_dags/example_branch_python_dop_operator_3.py took 0.095 seconds
[2024-04-04T09:39:56.157+0000] {processor.py:161} INFO - Started process (PID=186) to work on /home/airflow/.local/lib/python3.8/site-packages/airflow/example_dags/example_branch_python_dop_operator_3.py
[2024-04-04T09:39:56.159+0000] {processor.py:830} INFO - Processing file /home/airflow/.local/lib/python3.8/site-packages/airflow/example_dags/example_branch_python_dop_operator_3.py for tasks to queue
[2024-04-04T09:39:56.161+0000] {logging_mixin.py:188} INFO - [2024-04-04T09:39:56.160+0000] {dagbag.py:540} INFO - Filling up the DagBag from /home/airflow/.local/lib/python3.8/site-packages/airflow/example_dags/example_branch_python_dop_operator_3.py
[2024-04-04T09:39:56.170+0000] {processor.py:840} INFO - DAG(s) 'example_branch_dop_operator_v3' retrieved from /home/airflow/.local/lib/python3.8/site-packages/airflow/example_dags/example_branch_python_dop_operator_3.py
[2024-04-04T09:39:56.194+0000] {logging_mixin.py:188} INFO - [2024-04-04T09:39:56.194+0000] {dag.py:3047} INFO - Sync 1 DAGs
[2024-04-04T09:39:56.222+0000] {logging_mixin.py:188} INFO - [2024-04-04T09:39:56.222+0000] {dag.py:3834} INFO - Setting next_dagrun for example_branch_dop_operator_v3 to 2024-04-04 09:38:00+00:00, run_after=2024-04-04 09:39:00+00:00
[2024-04-04T09:39:56.251+0000] {processor.py:183} INFO - Processing /home/airflow/.local/lib/python3.8/site-packages/airflow/example_dags/example_branch_python_dop_operator_3.py took 0.096 seconds
[2024-04-04T09:40:26.653+0000] {processor.py:161} INFO - Started process (PID=242) to work on /home/airflow/.local/lib/python3.8/site-packages/airflow/example_dags/example_branch_python_dop_operator_3.py
[2024-04-04T09:40:26.654+0000] {processor.py:830} INFO - Processing file /home/airflow/.local/lib/python3.8/site-packages/airflow/example_dags/example_branch_python_dop_operator_3.py for tasks to queue
[2024-04-04T09:40:26.657+0000] {logging_mixin.py:188} INFO - [2024-04-04T09:40:26.656+0000] {dagbag.py:540} INFO - Filling up the DagBag from /home/airflow/.local/lib/python3.8/site-packages/airflow/example_dags/example_branch_python_dop_operator_3.py
[2024-04-04T09:40:26.667+0000] {processor.py:840} INFO - DAG(s) 'example_branch_dop_operator_v3' retrieved from /home/airflow/.local/lib/python3.8/site-packages/airflow/example_dags/example_branch_python_dop_operator_3.py
[2024-04-04T09:40:26.697+0000] {logging_mixin.py:188} INFO - [2024-04-04T09:40:26.697+0000] {dag.py:3047} INFO - Sync 1 DAGs
[2024-04-04T09:40:26.728+0000] {logging_mixin.py:188} INFO - [2024-04-04T09:40:26.728+0000] {dag.py:3834} INFO - Setting next_dagrun for example_branch_dop_operator_v3 to 2024-04-04 09:39:00+00:00, run_after=2024-04-04 09:40:00+00:00
[2024-04-04T09:40:26.758+0000] {processor.py:183} INFO - Processing /home/airflow/.local/lib/python3.8/site-packages/airflow/example_dags/example_branch_python_dop_operator_3.py took 0.107 seconds
[2024-04-04T09:40:56.868+0000] {processor.py:161} INFO - Started process (PID=298) to work on /home/airflow/.local/lib/python3.8/site-packages/airflow/example_dags/example_branch_python_dop_operator_3.py
[2024-04-04T09:40:56.869+0000] {processor.py:830} INFO - Processing file /home/airflow/.local/lib/python3.8/site-packages/airflow/example_dags/example_branch_python_dop_operator_3.py for tasks to queue
[2024-04-04T09:40:56.872+0000] {logging_mixin.py:188} INFO - [2024-04-04T09:40:56.871+0000] {dagbag.py:540} INFO - Filling up the DagBag from /home/airflow/.local/lib/python3.8/site-packages/airflow/example_dags/example_branch_python_dop_operator_3.py
[2024-04-04T09:40:56.880+0000] {processor.py:840} INFO - DAG(s) 'example_branch_dop_operator_v3' retrieved from /home/airflow/.local/lib/python3.8/site-packages/airflow/example_dags/example_branch_python_dop_operator_3.py
[2024-04-04T09:40:56.903+0000] {logging_mixin.py:188} INFO - [2024-04-04T09:40:56.903+0000] {dag.py:3047} INFO - Sync 1 DAGs
[2024-04-04T09:40:56.933+0000] {logging_mixin.py:188} INFO - [2024-04-04T09:40:56.933+0000] {dag.py:3834} INFO - Setting next_dagrun for example_branch_dop_operator_v3 to 2024-04-04 09:39:00+00:00, run_after=2024-04-04 09:40:00+00:00
[2024-04-04T09:40:56.957+0000] {processor.py:183} INFO - Processing /home/airflow/.local/lib/python3.8/site-packages/airflow/example_dags/example_branch_python_dop_operator_3.py took 0.092 seconds
[2024-04-04T09:41:27.360+0000] {processor.py:161} INFO - Started process (PID=354) to work on /home/airflow/.local/lib/python3.8/site-packages/airflow/example_dags/example_branch_python_dop_operator_3.py
[2024-04-04T09:41:27.361+0000] {processor.py:830} INFO - Processing file /home/airflow/.local/lib/python3.8/site-packages/airflow/example_dags/example_branch_python_dop_operator_3.py for tasks to queue
[2024-04-04T09:41:27.364+0000] {logging_mixin.py:188} INFO - [2024-04-04T09:41:27.363+0000] {dagbag.py:540} INFO - Filling up the DagBag from /home/airflow/.local/lib/python3.8/site-packages/airflow/example_dags/example_branch_python_dop_operator_3.py
[2024-04-04T09:41:27.374+0000] {processor.py:840} INFO - DAG(s) 'example_branch_dop_operator_v3' retrieved from /home/airflow/.local/lib/python3.8/site-packages/airflow/example_dags/example_branch_python_dop_operator_3.py
[2024-04-04T09:41:27.398+0000] {logging_mixin.py:188} INFO - [2024-04-04T09:41:27.398+0000] {dag.py:3047} INFO - Sync 1 DAGs
[2024-04-04T09:41:27.436+0000] {logging_mixin.py:188} INFO - [2024-04-04T09:41:27.436+0000] {dag.py:3834} INFO - Setting next_dagrun for example_branch_dop_operator_v3 to 2024-04-04 09:40:00+00:00, run_after=2024-04-04 09:41:00+00:00
[2024-04-04T09:41:27.466+0000] {processor.py:183} INFO - Processing /home/airflow/.local/lib/python3.8/site-packages/airflow/example_dags/example_branch_python_dop_operator_3.py took 0.110 seconds
[2024-04-04T09:41:57.805+0000] {processor.py:161} INFO - Started process (PID=410) to work on /home/airflow/.local/lib/python3.8/site-packages/airflow/example_dags/example_branch_python_dop_operator_3.py
[2024-04-04T09:41:57.807+0000] {processor.py:830} INFO - Processing file /home/airflow/.local/lib/python3.8/site-packages/airflow/example_dags/example_branch_python_dop_operator_3.py for tasks to queue
[2024-04-04T09:41:57.809+0000] {logging_mixin.py:188} INFO - [2024-04-04T09:41:57.808+0000] {dagbag.py:540} INFO - Filling up the DagBag from /home/airflow/.local/lib/python3.8/site-packages/airflow/example_dags/example_branch_python_dop_operator_3.py
[2024-04-04T09:41:57.819+0000] {processor.py:840} INFO - DAG(s) 'example_branch_dop_operator_v3' retrieved from /home/airflow/.local/lib/python3.8/site-packages/airflow/example_dags/example_branch_python_dop_operator_3.py
[2024-04-04T09:41:57.852+0000] {logging_mixin.py:188} INFO - [2024-04-04T09:41:57.851+0000] {dag.py:3047} INFO - Sync 1 DAGs
[2024-04-04T09:41:57.892+0000] {logging_mixin.py:188} INFO - [2024-04-04T09:41:57.892+0000] {dag.py:3834} INFO - Setting next_dagrun for example_branch_dop_operator_v3 to 2024-04-04 09:40:00+00:00, run_after=2024-04-04 09:41:00+00:00
[2024-04-04T09:41:57.919+0000] {processor.py:183} INFO - Processing /home/airflow/.local/lib/python3.8/site-packages/airflow/example_dags/example_branch_python_dop_operator_3.py took 0.117 seconds
[2024-04-04T09:42:27.956+0000] {processor.py:161} INFO - Started process (PID=478) to work on /home/airflow/.local/lib/python3.8/site-packages/airflow/example_dags/example_branch_python_dop_operator_3.py
[2024-04-04T09:42:27.957+0000] {processor.py:830} INFO - Processing file /home/airflow/.local/lib/python3.8/site-packages/airflow/example_dags/example_branch_python_dop_operator_3.py for tasks to queue
[2024-04-04T09:42:27.961+0000] {logging_mixin.py:188} INFO - [2024-04-04T09:42:27.960+0000] {dagbag.py:540} INFO - Filling up the DagBag from /home/airflow/.local/lib/python3.8/site-packages/airflow/example_dags/example_branch_python_dop_operator_3.py
[2024-04-04T09:42:27.971+0000] {processor.py:840} INFO - DAG(s) 'example_branch_dop_operator_v3' retrieved from /home/airflow/.local/lib/python3.8/site-packages/airflow/example_dags/example_branch_python_dop_operator_3.py
[2024-04-04T09:42:27.997+0000] {logging_mixin.py:188} INFO - [2024-04-04T09:42:27.996+0000] {dag.py:3047} INFO - Sync 1 DAGs
[2024-04-04T09:42:28.027+0000] {logging_mixin.py:188} INFO - [2024-04-04T09:42:28.026+0000] {dag.py:3834} INFO - Setting next_dagrun for example_branch_dop_operator_v3 to 2024-04-04 09:41:00+00:00, run_after=2024-04-04 09:42:00+00:00
[2024-04-04T09:42:28.054+0000] {processor.py:183} INFO - Processing /home/airflow/.local/lib/python3.8/site-packages/airflow/example_dags/example_branch_python_dop_operator_3.py took 0.102 seconds
[2024-04-04T09:42:59.046+0000] {processor.py:161} INFO - Started process (PID=534) to work on /home/airflow/.local/lib/python3.8/site-packages/airflow/example_dags/example_branch_python_dop_operator_3.py
[2024-04-04T09:42:59.049+0000] {processor.py:830} INFO - Processing file /home/airflow/.local/lib/python3.8/site-packages/airflow/example_dags/example_branch_python_dop_operator_3.py for tasks to queue
[2024-04-04T09:42:59.055+0000] {logging_mixin.py:188} INFO - [2024-04-04T09:42:59.054+0000] {dagbag.py:540} INFO - Filling up the DagBag from /home/airflow/.local/lib/python3.8/site-packages/airflow/example_dags/example_branch_python_dop_operator_3.py
[2024-04-04T09:42:59.072+0000] {processor.py:840} INFO - DAG(s) 'example_branch_dop_operator_v3' retrieved from /home/airflow/.local/lib/python3.8/site-packages/airflow/example_dags/example_branch_python_dop_operator_3.py
[2024-04-04T09:42:59.123+0000] {logging_mixin.py:188} INFO - [2024-04-04T09:42:59.123+0000] {dag.py:3047} INFO - Sync 1 DAGs
[2024-04-04T09:42:59.203+0000] {logging_mixin.py:188} INFO - [2024-04-04T09:42:59.202+0000] {dag.py:3834} INFO - Setting next_dagrun for example_branch_dop_operator_v3 to 2024-04-04 09:41:00+00:00, run_after=2024-04-04 09:42:00+00:00
[2024-04-04T09:42:59.250+0000] {processor.py:183} INFO - Processing /home/airflow/.local/lib/python3.8/site-packages/airflow/example_dags/example_branch_python_dop_operator_3.py took 0.214 seconds
[2024-04-04T09:43:29.683+0000] {processor.py:161} INFO - Started process (PID=590) to work on /home/airflow/.local/lib/python3.8/site-packages/airflow/example_dags/example_branch_python_dop_operator_3.py
[2024-04-04T09:43:29.685+0000] {processor.py:830} INFO - Processing file /home/airflow/.local/lib/python3.8/site-packages/airflow/example_dags/example_branch_python_dop_operator_3.py for tasks to queue
[2024-04-04T09:43:29.688+0000] {logging_mixin.py:188} INFO - [2024-04-04T09:43:29.688+0000] {dagbag.py:540} INFO - Filling up the DagBag from /home/airflow/.local/lib/python3.8/site-packages/airflow/example_dags/example_branch_python_dop_operator_3.py
[2024-04-04T09:43:29.698+0000] {processor.py:840} INFO - DAG(s) 'example_branch_dop_operator_v3' retrieved from /home/airflow/.local/lib/python3.8/site-packages/airflow/example_dags/example_branch_python_dop_operator_3.py
[2024-04-04T09:43:29.739+0000] {logging_mixin.py:188} INFO - [2024-04-04T09:43:29.738+0000] {dag.py:3047} INFO - Sync 1 DAGs
[2024-04-04T09:43:29.798+0000] {logging_mixin.py:188} INFO - [2024-04-04T09:43:29.798+0000] {dag.py:3834} INFO - Setting next_dagrun for example_branch_dop_operator_v3 to 2024-04-04 09:42:00+00:00, run_after=2024-04-04 09:43:00+00:00
[2024-04-04T09:43:29.849+0000] {processor.py:183} INFO - Processing /home/airflow/.local/lib/python3.8/site-packages/airflow/example_dags/example_branch_python_dop_operator_3.py took 0.169 seconds
[2024-04-04T09:44:00.003+0000] {processor.py:161} INFO - Started process (PID=646) to work on /home/airflow/.local/lib/python3.8/site-packages/airflow/example_dags/example_branch_python_dop_operator_3.py
[2024-04-04T09:44:00.004+0000] {processor.py:830} INFO - Processing file /home/airflow/.local/lib/python3.8/site-packages/airflow/example_dags/example_branch_python_dop_operator_3.py for tasks to queue
[2024-04-04T09:44:00.007+0000] {logging_mixin.py:188} INFO - [2024-04-04T09:44:00.006+0000] {dagbag.py:540} INFO - Filling up the DagBag from /home/airflow/.local/lib/python3.8/site-packages/airflow/example_dags/example_branch_python_dop_operator_3.py
[2024-04-04T09:44:00.019+0000] {processor.py:840} INFO - DAG(s) 'example_branch_dop_operator_v3' retrieved from /home/airflow/.local/lib/python3.8/site-packages/airflow/example_dags/example_branch_python_dop_operator_3.py
[2024-04-04T09:44:00.043+0000] {logging_mixin.py:188} INFO - [2024-04-04T09:44:00.043+0000] {dag.py:3047} INFO - Sync 1 DAGs
[2024-04-04T09:44:00.071+0000] {logging_mixin.py:188} INFO - [2024-04-04T09:44:00.071+0000] {dag.py:3834} INFO - Setting next_dagrun for example_branch_dop_operator_v3 to 2024-04-04 09:43:00+00:00, run_after=2024-04-04 09:44:00+00:00
[2024-04-04T09:44:00.097+0000] {processor.py:183} INFO - Processing /home/airflow/.local/lib/python3.8/site-packages/airflow/example_dags/example_branch_python_dop_operator_3.py took 0.098 seconds
[2024-04-04T09:44:30.454+0000] {processor.py:161} INFO - Started process (PID=702) to work on /home/airflow/.local/lib/python3.8/site-packages/airflow/example_dags/example_branch_python_dop_operator_3.py
[2024-04-04T09:44:30.455+0000] {processor.py:830} INFO - Processing file /home/airflow/.local/lib/python3.8/site-packages/airflow/example_dags/example_branch_python_dop_operator_3.py for tasks to queue
[2024-04-04T09:44:30.458+0000] {logging_mixin.py:188} INFO - [2024-04-04T09:44:30.457+0000] {dagbag.py:540} INFO - Filling up the DagBag from /home/airflow/.local/lib/python3.8/site-packages/airflow/example_dags/example_branch_python_dop_operator_3.py
[2024-04-04T09:44:30.467+0000] {processor.py:840} INFO - DAG(s) 'example_branch_dop_operator_v3' retrieved from /home/airflow/.local/lib/python3.8/site-packages/airflow/example_dags/example_branch_python_dop_operator_3.py
[2024-04-04T09:44:30.495+0000] {logging_mixin.py:188} INFO - [2024-04-04T09:44:30.495+0000] {dag.py:3047} INFO - Sync 1 DAGs
[2024-04-04T09:44:30.533+0000] {logging_mixin.py:188} INFO - [2024-04-04T09:44:30.532+0000] {dag.py:3834} INFO - Setting next_dagrun for example_branch_dop_operator_v3 to 2024-04-04 09:43:00+00:00, run_after=2024-04-04 09:44:00+00:00
[2024-04-04T09:44:30.562+0000] {processor.py:183} INFO - Processing /home/airflow/.local/lib/python3.8/site-packages/airflow/example_dags/example_branch_python_dop_operator_3.py took 0.111 seconds
[2024-04-04T09:45:00.711+0000] {processor.py:161} INFO - Started process (PID=758) to work on /home/airflow/.local/lib/python3.8/site-packages/airflow/example_dags/example_branch_python_dop_operator_3.py
[2024-04-04T09:45:00.712+0000] {processor.py:830} INFO - Processing file /home/airflow/.local/lib/python3.8/site-packages/airflow/example_dags/example_branch_python_dop_operator_3.py for tasks to queue
[2024-04-04T09:45:00.714+0000] {logging_mixin.py:188} INFO - [2024-04-04T09:45:00.713+0000] {dagbag.py:540} INFO - Filling up the DagBag from /home/airflow/.local/lib/python3.8/site-packages/airflow/example_dags/example_branch_python_dop_operator_3.py
[2024-04-04T09:45:00.724+0000] {processor.py:840} INFO - DAG(s) 'example_branch_dop_operator_v3' retrieved from /home/airflow/.local/lib/python3.8/site-packages/airflow/example_dags/example_branch_python_dop_operator_3.py
[2024-04-04T09:45:00.749+0000] {logging_mixin.py:188} INFO - [2024-04-04T09:45:00.748+0000] {dag.py:3047} INFO - Sync 1 DAGs
[2024-04-04T09:45:00.780+0000] {logging_mixin.py:188} INFO - [2024-04-04T09:45:00.780+0000] {dag.py:3834} INFO - Setting next_dagrun for example_branch_dop_operator_v3 to 2024-04-04 09:44:00+00:00, run_after=2024-04-04 09:45:00+00:00
[2024-04-04T09:45:00.809+0000] {processor.py:183} INFO - Processing /home/airflow/.local/lib/python3.8/site-packages/airflow/example_dags/example_branch_python_dop_operator_3.py took 0.102 seconds
[2024-04-04T09:45:31.744+0000] {processor.py:161} INFO - Started process (PID=814) to work on /home/airflow/.local/lib/python3.8/site-packages/airflow/example_dags/example_branch_python_dop_operator_3.py
[2024-04-04T09:45:31.745+0000] {processor.py:830} INFO - Processing file /home/airflow/.local/lib/python3.8/site-packages/airflow/example_dags/example_branch_python_dop_operator_3.py for tasks to queue
[2024-04-04T09:45:31.747+0000] {logging_mixin.py:188} INFO - [2024-04-04T09:45:31.747+0000] {dagbag.py:540} INFO - Filling up the DagBag from /home/airflow/.local/lib/python3.8/site-packages/airflow/example_dags/example_branch_python_dop_operator_3.py
[2024-04-04T09:45:31.756+0000] {processor.py:840} INFO - DAG(s) 'example_branch_dop_operator_v3' retrieved from /home/airflow/.local/lib/python3.8/site-packages/airflow/example_dags/example_branch_python_dop_operator_3.py
[2024-04-04T09:45:31.779+0000] {logging_mixin.py:188} INFO - [2024-04-04T09:45:31.779+0000] {dag.py:3047} INFO - Sync 1 DAGs
[2024-04-04T09:45:31.806+0000] {logging_mixin.py:188} INFO - [2024-04-04T09:45:31.806+0000] {dag.py:3834} INFO - Setting next_dagrun for example_branch_dop_operator_v3 to 2024-04-04 09:44:00+00:00, run_after=2024-04-04 09:45:00+00:00
[2024-04-04T09:45:31.834+0000] {processor.py:183} INFO - Processing /home/airflow/.local/lib/python3.8/site-packages/airflow/example_dags/example_branch_python_dop_operator_3.py took 0.093 seconds
[2024-04-04T09:46:02.433+0000] {processor.py:161} INFO - Started process (PID=870) to work on /home/airflow/.local/lib/python3.8/site-packages/airflow/example_dags/example_branch_python_dop_operator_3.py
[2024-04-04T09:46:02.434+0000] {processor.py:830} INFO - Processing file /home/airflow/.local/lib/python3.8/site-packages/airflow/example_dags/example_branch_python_dop_operator_3.py for tasks to queue
[2024-04-04T09:46:02.438+0000] {logging_mixin.py:188} INFO - [2024-04-04T09:46:02.437+0000] {dagbag.py:540} INFO - Filling up the DagBag from /home/airflow/.local/lib/python3.8/site-packages/airflow/example_dags/example_branch_python_dop_operator_3.py
[2024-04-04T09:46:02.450+0000] {processor.py:840} INFO - DAG(s) 'example_branch_dop_operator_v3' retrieved from /home/airflow/.local/lib/python3.8/site-packages/airflow/example_dags/example_branch_python_dop_operator_3.py
[2024-04-04T09:46:02.476+0000] {logging_mixin.py:188} INFO - [2024-04-04T09:46:02.476+0000] {dag.py:3047} INFO - Sync 1 DAGs
[2024-04-04T09:46:02.505+0000] {logging_mixin.py:188} INFO - [2024-04-04T09:46:02.505+0000] {dag.py:3834} INFO - Setting next_dagrun for example_branch_dop_operator_v3 to 2024-04-04 09:45:00+00:00, run_after=2024-04-04 09:46:00+00:00
[2024-04-04T09:46:02.533+0000] {processor.py:183} INFO - Processing /home/airflow/.local/lib/python3.8/site-packages/airflow/example_dags/example_branch_python_dop_operator_3.py took 0.103 seconds
[2024-04-04T09:46:32.608+0000] {processor.py:161} INFO - Started process (PID=926) to work on /home/airflow/.local/lib/python3.8/site-packages/airflow/example_dags/example_branch_python_dop_operator_3.py
[2024-04-04T09:46:32.609+0000] {processor.py:830} INFO - Processing file /home/airflow/.local/lib/python3.8/site-packages/airflow/example_dags/example_branch_python_dop_operator_3.py for tasks to queue
[2024-04-04T09:46:32.611+0000] {logging_mixin.py:188} INFO - [2024-04-04T09:46:32.611+0000] {dagbag.py:540} INFO - Filling up the DagBag from /home/airflow/.local/lib/python3.8/site-packages/airflow/example_dags/example_branch_python_dop_operator_3.py
[2024-04-04T09:46:32.621+0000] {processor.py:840} INFO - DAG(s) 'example_branch_dop_operator_v3' retrieved from /home/airflow/.local/lib/python3.8/site-packages/airflow/example_dags/example_branch_python_dop_operator_3.py
[2024-04-04T09:46:32.650+0000] {logging_mixin.py:188} INFO - [2024-04-04T09:46:32.649+0000] {dag.py:3047} INFO - Sync 1 DAGs
[2024-04-04T09:46:32.682+0000] {logging_mixin.py:188} INFO - [2024-04-04T09:46:32.682+0000] {dag.py:3834} INFO - Setting next_dagrun for example_branch_dop_operator_v3 to 2024-04-04 09:45:00+00:00, run_after=2024-04-04 09:46:00+00:00
[2024-04-04T09:46:32.708+0000] {processor.py:183} INFO - Processing /home/airflow/.local/lib/python3.8/site-packages/airflow/example_dags/example_branch_python_dop_operator_3.py took 0.102 seconds
[2024-04-04T09:47:03.198+0000] {processor.py:161} INFO - Started process (PID=982) to work on /home/airflow/.local/lib/python3.8/site-packages/airflow/example_dags/example_branch_python_dop_operator_3.py
[2024-04-04T09:47:03.199+0000] {processor.py:830} INFO - Processing file /home/airflow/.local/lib/python3.8/site-packages/airflow/example_dags/example_branch_python_dop_operator_3.py for tasks to queue
[2024-04-04T09:47:03.201+0000] {logging_mixin.py:188} INFO - [2024-04-04T09:47:03.201+0000] {dagbag.py:540} INFO - Filling up the DagBag from /home/airflow/.local/lib/python3.8/site-packages/airflow/example_dags/example_branch_python_dop_operator_3.py
[2024-04-04T09:47:03.211+0000] {processor.py:840} INFO - DAG(s) 'example_branch_dop_operator_v3' retrieved from /home/airflow/.local/lib/python3.8/site-packages/airflow/example_dags/example_branch_python_dop_operator_3.py
[2024-04-04T09:47:03.234+0000] {logging_mixin.py:188} INFO - [2024-04-04T09:47:03.234+0000] {dag.py:3047} INFO - Sync 1 DAGs
[2024-04-04T09:47:03.261+0000] {logging_mixin.py:188} INFO - [2024-04-04T09:47:03.261+0000] {dag.py:3834} INFO - Setting next_dagrun for example_branch_dop_operator_v3 to 2024-04-04 09:46:00+00:00, run_after=2024-04-04 09:47:00+00:00
[2024-04-04T09:47:03.287+0000] {processor.py:183} INFO - Processing /home/airflow/.local/lib/python3.8/site-packages/airflow/example_dags/example_branch_python_dop_operator_3.py took 0.092 seconds
[2024-04-04T09:47:33.711+0000] {processor.py:161} INFO - Started process (PID=1038) to work on /home/airflow/.local/lib/python3.8/site-packages/airflow/example_dags/example_branch_python_dop_operator_3.py
[2024-04-04T09:47:33.712+0000] {processor.py:830} INFO - Processing file /home/airflow/.local/lib/python3.8/site-packages/airflow/example_dags/example_branch_python_dop_operator_3.py for tasks to queue
[2024-04-04T09:47:33.714+0000] {logging_mixin.py:188} INFO - [2024-04-04T09:47:33.714+0000] {dagbag.py:540} INFO - Filling up the DagBag from /home/airflow/.local/lib/python3.8/site-packages/airflow/example_dags/example_branch_python_dop_operator_3.py
[2024-04-04T09:47:33.724+0000] {processor.py:840} INFO - DAG(s) 'example_branch_dop_operator_v3' retrieved from /home/airflow/.local/lib/python3.8/site-packages/airflow/example_dags/example_branch_python_dop_operator_3.py
[2024-04-04T09:47:33.750+0000] {logging_mixin.py:188} INFO - [2024-04-04T09:47:33.750+0000] {dag.py:3047} INFO - Sync 1 DAGs
[2024-04-04T09:47:33.779+0000] {logging_mixin.py:188} INFO - [2024-04-04T09:47:33.778+0000] {dag.py:3834} INFO - Setting next_dagrun for example_branch_dop_operator_v3 to 2024-04-04 09:46:00+00:00, run_after=2024-04-04 09:47:00+00:00
[2024-04-04T09:47:33.806+0000] {processor.py:183} INFO - Processing /home/airflow/.local/lib/python3.8/site-packages/airflow/example_dags/example_branch_python_dop_operator_3.py took 0.099 seconds
[2024-04-04T09:48:03.896+0000] {processor.py:161} INFO - Started process (PID=1094) to work on /home/airflow/.local/lib/python3.8/site-packages/airflow/example_dags/example_branch_python_dop_operator_3.py
[2024-04-04T09:48:03.897+0000] {processor.py:830} INFO - Processing file /home/airflow/.local/lib/python3.8/site-packages/airflow/example_dags/example_branch_python_dop_operator_3.py for tasks to queue
[2024-04-04T09:48:03.899+0000] {logging_mixin.py:188} INFO - [2024-04-04T09:48:03.899+0000] {dagbag.py:540} INFO - Filling up the DagBag from /home/airflow/.local/lib/python3.8/site-packages/airflow/example_dags/example_branch_python_dop_operator_3.py
[2024-04-04T09:48:03.909+0000] {processor.py:840} INFO - DAG(s) 'example_branch_dop_operator_v3' retrieved from /home/airflow/.local/lib/python3.8/site-packages/airflow/example_dags/example_branch_python_dop_operator_3.py
[2024-04-04T09:48:03.932+0000] {logging_mixin.py:188} INFO - [2024-04-04T09:48:03.932+0000] {dag.py:3047} INFO - Sync 1 DAGs
[2024-04-04T09:48:03.960+0000] {logging_mixin.py:188} INFO - [2024-04-04T09:48:03.960+0000] {dag.py:3834} INFO - Setting next_dagrun for example_branch_dop_operator_v3 to 2024-04-04 09:47:00+00:00, run_after=2024-04-04 09:48:00+00:00
[2024-04-04T09:48:03.983+0000] {processor.py:183} INFO - Processing /home/airflow/.local/lib/python3.8/site-packages/airflow/example_dags/example_branch_python_dop_operator_3.py took 0.090 seconds
[2024-04-04T09:48:34.103+0000] {processor.py:161} INFO - Started process (PID=1150) to work on /home/airflow/.local/lib/python3.8/site-packages/airflow/example_dags/example_branch_python_dop_operator_3.py
[2024-04-04T09:48:34.104+0000] {processor.py:830} INFO - Processing file /home/airflow/.local/lib/python3.8/site-packages/airflow/example_dags/example_branch_python_dop_operator_3.py for tasks to queue
[2024-04-04T09:48:34.107+0000] {logging_mixin.py:188} INFO - [2024-04-04T09:48:34.106+0000] {dagbag.py:540} INFO - Filling up the DagBag from /home/airflow/.local/lib/python3.8/site-packages/airflow/example_dags/example_branch_python_dop_operator_3.py
[2024-04-04T09:48:34.116+0000] {processor.py:840} INFO - DAG(s) 'example_branch_dop_operator_v3' retrieved from /home/airflow/.local/lib/python3.8/site-packages/airflow/example_dags/example_branch_python_dop_operator_3.py
[2024-04-04T09:48:34.140+0000] {logging_mixin.py:188} INFO - [2024-04-04T09:48:34.139+0000] {dag.py:3047} INFO - Sync 1 DAGs
[2024-04-04T09:48:34.169+0000] {logging_mixin.py:188} INFO - [2024-04-04T09:48:34.168+0000] {dag.py:3834} INFO - Setting next_dagrun for example_branch_dop_operator_v3 to 2024-04-04 09:47:00+00:00, run_after=2024-04-04 09:48:00+00:00
[2024-04-04T09:48:34.203+0000] {processor.py:183} INFO - Processing /home/airflow/.local/lib/python3.8/site-packages/airflow/example_dags/example_branch_python_dop_operator_3.py took 0.103 seconds
[2024-04-04T09:49:04.350+0000] {processor.py:161} INFO - Started process (PID=1206) to work on /home/airflow/.local/lib/python3.8/site-packages/airflow/example_dags/example_branch_python_dop_operator_3.py
[2024-04-04T09:49:04.351+0000] {processor.py:830} INFO - Processing file /home/airflow/.local/lib/python3.8/site-packages/airflow/example_dags/example_branch_python_dop_operator_3.py for tasks to queue
[2024-04-04T09:49:04.353+0000] {logging_mixin.py:188} INFO - [2024-04-04T09:49:04.353+0000] {dagbag.py:540} INFO - Filling up the DagBag from /home/airflow/.local/lib/python3.8/site-packages/airflow/example_dags/example_branch_python_dop_operator_3.py
[2024-04-04T09:49:04.363+0000] {processor.py:840} INFO - DAG(s) 'example_branch_dop_operator_v3' retrieved from /home/airflow/.local/lib/python3.8/site-packages/airflow/example_dags/example_branch_python_dop_operator_3.py
[2024-04-04T09:49:04.388+0000] {logging_mixin.py:188} INFO - [2024-04-04T09:49:04.388+0000] {dag.py:3047} INFO - Sync 1 DAGs
[2024-04-04T09:49:04.416+0000] {logging_mixin.py:188} INFO - [2024-04-04T09:49:04.416+0000] {dag.py:3834} INFO - Setting next_dagrun for example_branch_dop_operator_v3 to 2024-04-04 09:48:00+00:00, run_after=2024-04-04 09:49:00+00:00
[2024-04-04T09:49:04.446+0000] {processor.py:183} INFO - Processing /home/airflow/.local/lib/python3.8/site-packages/airflow/example_dags/example_branch_python_dop_operator_3.py took 0.100 seconds
[2024-04-04T09:49:35.917+0000] {processor.py:161} INFO - Started process (PID=1266) to work on /home/airflow/.local/lib/python3.8/site-packages/airflow/example_dags/example_branch_python_dop_operator_3.py
[2024-04-04T09:49:35.918+0000] {processor.py:830} INFO - Processing file /home/airflow/.local/lib/python3.8/site-packages/airflow/example_dags/example_branch_python_dop_operator_3.py for tasks to queue
[2024-04-04T09:49:35.921+0000] {logging_mixin.py:188} INFO - [2024-04-04T09:49:35.920+0000] {dagbag.py:540} INFO - Filling up the DagBag from /home/airflow/.local/lib/python3.8/site-packages/airflow/example_dags/example_branch_python_dop_operator_3.py
[2024-04-04T09:49:35.930+0000] {processor.py:840} INFO - DAG(s) 'example_branch_dop_operator_v3' retrieved from /home/airflow/.local/lib/python3.8/site-packages/airflow/example_dags/example_branch_python_dop_operator_3.py
[2024-04-04T09:49:35.980+0000] {logging_mixin.py:188} INFO - [2024-04-04T09:49:35.979+0000] {dag.py:3047} INFO - Sync 1 DAGs
[2024-04-04T09:49:36.019+0000] {logging_mixin.py:188} INFO - [2024-04-04T09:49:36.019+0000] {dag.py:3834} INFO - Setting next_dagrun for example_branch_dop_operator_v3 to 2024-04-04 09:48:00+00:00, run_after=2024-04-04 09:49:00+00:00
[2024-04-04T09:49:36.059+0000] {processor.py:183} INFO - Processing /home/airflow/.local/lib/python3.8/site-packages/airflow/example_dags/example_branch_python_dop_operator_3.py took 0.145 seconds
[2024-04-04T09:50:06.255+0000] {processor.py:161} INFO - Started process (PID=1322) to work on /home/airflow/.local/lib/python3.8/site-packages/airflow/example_dags/example_branch_python_dop_operator_3.py
[2024-04-04T09:50:06.257+0000] {processor.py:830} INFO - Processing file /home/airflow/.local/lib/python3.8/site-packages/airflow/example_dags/example_branch_python_dop_operator_3.py for tasks to queue
[2024-04-04T09:50:06.259+0000] {logging_mixin.py:188} INFO - [2024-04-04T09:50:06.259+0000] {dagbag.py:540} INFO - Filling up the DagBag from /home/airflow/.local/lib/python3.8/site-packages/airflow/example_dags/example_branch_python_dop_operator_3.py
[2024-04-04T09:50:06.267+0000] {processor.py:840} INFO - DAG(s) 'example_branch_dop_operator_v3' retrieved from /home/airflow/.local/lib/python3.8/site-packages/airflow/example_dags/example_branch_python_dop_operator_3.py
[2024-04-04T09:50:06.290+0000] {logging_mixin.py:188} INFO - [2024-04-04T09:50:06.289+0000] {dag.py:3047} INFO - Sync 1 DAGs
[2024-04-04T09:50:06.324+0000] {logging_mixin.py:188} INFO - [2024-04-04T09:50:06.323+0000] {dag.py:3834} INFO - Setting next_dagrun for example_branch_dop_operator_v3 to 2024-04-04 09:49:00+00:00, run_after=2024-04-04 09:50:00+00:00
[2024-04-04T09:50:06.351+0000] {processor.py:183} INFO - Processing /home/airflow/.local/lib/python3.8/site-packages/airflow/example_dags/example_branch_python_dop_operator_3.py took 0.099 seconds
[2024-04-04T09:50:36.435+0000] {processor.py:161} INFO - Started process (PID=1378) to work on /home/airflow/.local/lib/python3.8/site-packages/airflow/example_dags/example_branch_python_dop_operator_3.py
[2024-04-04T09:50:36.436+0000] {processor.py:830} INFO - Processing file /home/airflow/.local/lib/python3.8/site-packages/airflow/example_dags/example_branch_python_dop_operator_3.py for tasks to queue
[2024-04-04T09:50:36.438+0000] {logging_mixin.py:188} INFO - [2024-04-04T09:50:36.438+0000] {dagbag.py:540} INFO - Filling up the DagBag from /home/airflow/.local/lib/python3.8/site-packages/airflow/example_dags/example_branch_python_dop_operator_3.py
[2024-04-04T09:50:36.447+0000] {processor.py:840} INFO - DAG(s) 'example_branch_dop_operator_v3' retrieved from /home/airflow/.local/lib/python3.8/site-packages/airflow/example_dags/example_branch_python_dop_operator_3.py
[2024-04-04T09:50:36.468+0000] {logging_mixin.py:188} INFO - [2024-04-04T09:50:36.467+0000] {dag.py:3047} INFO - Sync 1 DAGs
[2024-04-04T09:50:36.495+0000] {logging_mixin.py:188} INFO - [2024-04-04T09:50:36.494+0000] {dag.py:3834} INFO - Setting next_dagrun for example_branch_dop_operator_v3 to 2024-04-04 09:49:00+00:00, run_after=2024-04-04 09:50:00+00:00
[2024-04-04T09:50:36.521+0000] {processor.py:183} INFO - Processing /home/airflow/.local/lib/python3.8/site-packages/airflow/example_dags/example_branch_python_dop_operator_3.py took 0.089 seconds
[2024-04-04T09:51:06.941+0000] {processor.py:161} INFO - Started process (PID=1434) to work on /home/airflow/.local/lib/python3.8/site-packages/airflow/example_dags/example_branch_python_dop_operator_3.py
[2024-04-04T09:51:06.943+0000] {processor.py:830} INFO - Processing file /home/airflow/.local/lib/python3.8/site-packages/airflow/example_dags/example_branch_python_dop_operator_3.py for tasks to queue
[2024-04-04T09:51:06.945+0000] {logging_mixin.py:188} INFO - [2024-04-04T09:51:06.944+0000] {dagbag.py:540} INFO - Filling up the DagBag from /home/airflow/.local/lib/python3.8/site-packages/airflow/example_dags/example_branch_python_dop_operator_3.py
[2024-04-04T09:51:06.955+0000] {processor.py:840} INFO - DAG(s) 'example_branch_dop_operator_v3' retrieved from /home/airflow/.local/lib/python3.8/site-packages/airflow/example_dags/example_branch_python_dop_operator_3.py
[2024-04-04T09:51:06.980+0000] {logging_mixin.py:188} INFO - [2024-04-04T09:51:06.979+0000] {dag.py:3047} INFO - Sync 1 DAGs
[2024-04-04T09:51:07.010+0000] {logging_mixin.py:188} INFO - [2024-04-04T09:51:07.010+0000] {dag.py:3834} INFO - Setting next_dagrun for example_branch_dop_operator_v3 to 2024-04-04 09:50:00+00:00, run_after=2024-04-04 09:51:00+00:00
[2024-04-04T09:51:07.037+0000] {processor.py:183} INFO - Processing /home/airflow/.local/lib/python3.8/site-packages/airflow/example_dags/example_branch_python_dop_operator_3.py took 0.099 seconds
[2024-04-04T09:51:37.512+0000] {processor.py:161} INFO - Started process (PID=1490) to work on /home/airflow/.local/lib/python3.8/site-packages/airflow/example_dags/example_branch_python_dop_operator_3.py
[2024-04-04T09:51:37.514+0000] {processor.py:830} INFO - Processing file /home/airflow/.local/lib/python3.8/site-packages/airflow/example_dags/example_branch_python_dop_operator_3.py for tasks to queue
[2024-04-04T09:51:37.516+0000] {logging_mixin.py:188} INFO - [2024-04-04T09:51:37.516+0000] {dagbag.py:540} INFO - Filling up the DagBag from /home/airflow/.local/lib/python3.8/site-packages/airflow/example_dags/example_branch_python_dop_operator_3.py
[2024-04-04T09:51:37.527+0000] {processor.py:840} INFO - DAG(s) 'example_branch_dop_operator_v3' retrieved from /home/airflow/.local/lib/python3.8/site-packages/airflow/example_dags/example_branch_python_dop_operator_3.py
[2024-04-04T09:51:37.554+0000] {logging_mixin.py:188} INFO - [2024-04-04T09:51:37.554+0000] {dag.py:3047} INFO - Sync 1 DAGs
[2024-04-04T09:51:37.585+0000] {logging_mixin.py:188} INFO - [2024-04-04T09:51:37.585+0000] {dag.py:3834} INFO - Setting next_dagrun for example_branch_dop_operator_v3 to 2024-04-04 09:50:00+00:00, run_after=2024-04-04 09:51:00+00:00
[2024-04-04T09:51:37.614+0000] {processor.py:183} INFO - Processing /home/airflow/.local/lib/python3.8/site-packages/airflow/example_dags/example_branch_python_dop_operator_3.py took 0.106 seconds
[2024-04-04T09:52:08.859+0000] {processor.py:161} INFO - Started process (PID=1546) to work on /home/airflow/.local/lib/python3.8/site-packages/airflow/example_dags/example_branch_python_dop_operator_3.py
[2024-04-04T09:52:08.861+0000] {processor.py:830} INFO - Processing file /home/airflow/.local/lib/python3.8/site-packages/airflow/example_dags/example_branch_python_dop_operator_3.py for tasks to queue
[2024-04-04T09:52:08.865+0000] {logging_mixin.py:188} INFO - [2024-04-04T09:52:08.864+0000] {dagbag.py:540} INFO - Filling up the DagBag from /home/airflow/.local/lib/python3.8/site-packages/airflow/example_dags/example_branch_python_dop_operator_3.py
[2024-04-04T09:52:08.895+0000] {processor.py:840} INFO - DAG(s) 'example_branch_dop_operator_v3' retrieved from /home/airflow/.local/lib/python3.8/site-packages/airflow/example_dags/example_branch_python_dop_operator_3.py
[2024-04-04T09:52:08.962+0000] {logging_mixin.py:188} INFO - [2024-04-04T09:52:08.961+0000] {dag.py:3047} INFO - Sync 1 DAGs
[2024-04-04T09:52:09.056+0000] {logging_mixin.py:188} INFO - [2024-04-04T09:52:09.056+0000] {dag.py:3834} INFO - Setting next_dagrun for example_branch_dop_operator_v3 to 2024-04-04 09:51:00+00:00, run_after=2024-04-04 09:52:00+00:00
[2024-04-04T09:52:09.132+0000] {processor.py:183} INFO - Processing /home/airflow/.local/lib/python3.8/site-packages/airflow/example_dags/example_branch_python_dop_operator_3.py took 0.280 seconds
[2024-04-04T09:52:39.915+0000] {processor.py:161} INFO - Started process (PID=1602) to work on /home/airflow/.local/lib/python3.8/site-packages/airflow/example_dags/example_branch_python_dop_operator_3.py
[2024-04-04T09:52:39.917+0000] {processor.py:830} INFO - Processing file /home/airflow/.local/lib/python3.8/site-packages/airflow/example_dags/example_branch_python_dop_operator_3.py for tasks to queue
[2024-04-04T09:52:39.920+0000] {logging_mixin.py:188} INFO - [2024-04-04T09:52:39.919+0000] {dagbag.py:540} INFO - Filling up the DagBag from /home/airflow/.local/lib/python3.8/site-packages/airflow/example_dags/example_branch_python_dop_operator_3.py
[2024-04-04T09:52:39.930+0000] {processor.py:840} INFO - DAG(s) 'example_branch_dop_operator_v3' retrieved from /home/airflow/.local/lib/python3.8/site-packages/airflow/example_dags/example_branch_python_dop_operator_3.py
[2024-04-04T09:52:39.955+0000] {logging_mixin.py:188} INFO - [2024-04-04T09:52:39.955+0000] {dag.py:3047} INFO - Sync 1 DAGs
[2024-04-04T09:52:39.987+0000] {logging_mixin.py:188} INFO - [2024-04-04T09:52:39.987+0000] {dag.py:3834} INFO - Setting next_dagrun for example_branch_dop_operator_v3 to 2024-04-04 09:51:00+00:00, run_after=2024-04-04 09:52:00+00:00
[2024-04-04T09:52:40.013+0000] {processor.py:183} INFO - Processing /home/airflow/.local/lib/python3.8/site-packages/airflow/example_dags/example_branch_python_dop_operator_3.py took 0.100 seconds
[2024-04-04T09:53:10.588+0000] {processor.py:161} INFO - Started process (PID=1658) to work on /home/airflow/.local/lib/python3.8/site-packages/airflow/example_dags/example_branch_python_dop_operator_3.py
[2024-04-04T09:53:10.590+0000] {processor.py:830} INFO - Processing file /home/airflow/.local/lib/python3.8/site-packages/airflow/example_dags/example_branch_python_dop_operator_3.py for tasks to queue
[2024-04-04T09:53:10.593+0000] {logging_mixin.py:188} INFO - [2024-04-04T09:53:10.593+0000] {dagbag.py:540} INFO - Filling up the DagBag from /home/airflow/.local/lib/python3.8/site-packages/airflow/example_dags/example_branch_python_dop_operator_3.py
[2024-04-04T09:53:10.608+0000] {processor.py:840} INFO - DAG(s) 'example_branch_dop_operator_v3' retrieved from /home/airflow/.local/lib/python3.8/site-packages/airflow/example_dags/example_branch_python_dop_operator_3.py
[2024-04-04T09:53:10.644+0000] {logging_mixin.py:188} INFO - [2024-04-04T09:53:10.644+0000] {dag.py:3047} INFO - Sync 1 DAGs
[2024-04-04T09:53:10.700+0000] {logging_mixin.py:188} INFO - [2024-04-04T09:53:10.700+0000] {dag.py:3834} INFO - Setting next_dagrun for example_branch_dop_operator_v3 to 2024-04-04 09:52:00+00:00, run_after=2024-04-04 09:53:00+00:00
[2024-04-04T09:53:10.737+0000] {processor.py:183} INFO - Processing /home/airflow/.local/lib/python3.8/site-packages/airflow/example_dags/example_branch_python_dop_operator_3.py took 0.154 seconds
[2024-04-04T09:53:41.512+0000] {processor.py:161} INFO - Started process (PID=1715) to work on /home/airflow/.local/lib/python3.8/site-packages/airflow/example_dags/example_branch_python_dop_operator_3.py
[2024-04-04T09:53:41.516+0000] {processor.py:830} INFO - Processing file /home/airflow/.local/lib/python3.8/site-packages/airflow/example_dags/example_branch_python_dop_operator_3.py for tasks to queue
[2024-04-04T09:53:41.530+0000] {logging_mixin.py:188} INFO - [2024-04-04T09:53:41.528+0000] {dagbag.py:540} INFO - Filling up the DagBag from /home/airflow/.local/lib/python3.8/site-packages/airflow/example_dags/example_branch_python_dop_operator_3.py
[2024-04-04T09:53:41.563+0000] {processor.py:840} INFO - DAG(s) 'example_branch_dop_operator_v3' retrieved from /home/airflow/.local/lib/python3.8/site-packages/airflow/example_dags/example_branch_python_dop_operator_3.py
[2024-04-04T09:53:41.607+0000] {logging_mixin.py:188} INFO - [2024-04-04T09:53:41.607+0000] {dag.py:3047} INFO - Sync 1 DAGs
[2024-04-04T09:53:41.667+0000] {logging_mixin.py:188} INFO - [2024-04-04T09:53:41.667+0000] {dag.py:3834} INFO - Setting next_dagrun for example_branch_dop_operator_v3 to 2024-04-04 09:52:00+00:00, run_after=2024-04-04 09:53:00+00:00
[2024-04-04T09:53:41.717+0000] {processor.py:183} INFO - Processing /home/airflow/.local/lib/python3.8/site-packages/airflow/example_dags/example_branch_python_dop_operator_3.py took 0.222 seconds
[2024-04-04T09:54:12.075+0000] {processor.py:161} INFO - Started process (PID=1771) to work on /home/airflow/.local/lib/python3.8/site-packages/airflow/example_dags/example_branch_python_dop_operator_3.py
[2024-04-04T09:54:12.077+0000] {processor.py:830} INFO - Processing file /home/airflow/.local/lib/python3.8/site-packages/airflow/example_dags/example_branch_python_dop_operator_3.py for tasks to queue
[2024-04-04T09:54:12.080+0000] {logging_mixin.py:188} INFO - [2024-04-04T09:54:12.080+0000] {dagbag.py:540} INFO - Filling up the DagBag from /home/airflow/.local/lib/python3.8/site-packages/airflow/example_dags/example_branch_python_dop_operator_3.py
[2024-04-04T09:54:12.088+0000] {processor.py:840} INFO - DAG(s) 'example_branch_dop_operator_v3' retrieved from /home/airflow/.local/lib/python3.8/site-packages/airflow/example_dags/example_branch_python_dop_operator_3.py
[2024-04-04T09:54:12.111+0000] {logging_mixin.py:188} INFO - [2024-04-04T09:54:12.111+0000] {dag.py:3047} INFO - Sync 1 DAGs
[2024-04-04T09:54:12.140+0000] {logging_mixin.py:188} INFO - [2024-04-04T09:54:12.140+0000] {dag.py:3834} INFO - Setting next_dagrun for example_branch_dop_operator_v3 to 2024-04-04 09:53:00+00:00, run_after=2024-04-04 09:54:00+00:00
[2024-04-04T09:54:12.166+0000] {processor.py:183} INFO - Processing /home/airflow/.local/lib/python3.8/site-packages/airflow/example_dags/example_branch_python_dop_operator_3.py took 0.093 seconds
[2024-04-04T09:54:42.946+0000] {processor.py:161} INFO - Started process (PID=1828) to work on /home/airflow/.local/lib/python3.8/site-packages/airflow/example_dags/example_branch_python_dop_operator_3.py
[2024-04-04T09:54:42.948+0000] {processor.py:830} INFO - Processing file /home/airflow/.local/lib/python3.8/site-packages/airflow/example_dags/example_branch_python_dop_operator_3.py for tasks to queue
[2024-04-04T09:54:42.950+0000] {logging_mixin.py:188} INFO - [2024-04-04T09:54:42.949+0000] {dagbag.py:540} INFO - Filling up the DagBag from /home/airflow/.local/lib/python3.8/site-packages/airflow/example_dags/example_branch_python_dop_operator_3.py
[2024-04-04T09:54:42.959+0000] {processor.py:840} INFO - DAG(s) 'example_branch_dop_operator_v3' retrieved from /home/airflow/.local/lib/python3.8/site-packages/airflow/example_dags/example_branch_python_dop_operator_3.py
[2024-04-04T09:54:42.982+0000] {logging_mixin.py:188} INFO - [2024-04-04T09:54:42.982+0000] {dag.py:3047} INFO - Sync 1 DAGs
[2024-04-04T09:54:43.019+0000] {logging_mixin.py:188} INFO - [2024-04-04T09:54:43.018+0000] {dag.py:3834} INFO - Setting next_dagrun for example_branch_dop_operator_v3 to 2024-04-04 09:53:00+00:00, run_after=2024-04-04 09:54:00+00:00
[2024-04-04T09:54:43.050+0000] {processor.py:183} INFO - Processing /home/airflow/.local/lib/python3.8/site-packages/airflow/example_dags/example_branch_python_dop_operator_3.py took 0.107 seconds
[2024-04-04T09:55:13.307+0000] {processor.py:161} INFO - Started process (PID=1884) to work on /home/airflow/.local/lib/python3.8/site-packages/airflow/example_dags/example_branch_python_dop_operator_3.py
[2024-04-04T09:55:13.308+0000] {processor.py:830} INFO - Processing file /home/airflow/.local/lib/python3.8/site-packages/airflow/example_dags/example_branch_python_dop_operator_3.py for tasks to queue
[2024-04-04T09:55:13.310+0000] {logging_mixin.py:188} INFO - [2024-04-04T09:55:13.310+0000] {dagbag.py:540} INFO - Filling up the DagBag from /home/airflow/.local/lib/python3.8/site-packages/airflow/example_dags/example_branch_python_dop_operator_3.py
[2024-04-04T09:55:13.321+0000] {processor.py:840} INFO - DAG(s) 'example_branch_dop_operator_v3' retrieved from /home/airflow/.local/lib/python3.8/site-packages/airflow/example_dags/example_branch_python_dop_operator_3.py
[2024-04-04T09:55:13.344+0000] {logging_mixin.py:188} INFO - [2024-04-04T09:55:13.343+0000] {dag.py:3047} INFO - Sync 1 DAGs
[2024-04-04T09:55:13.372+0000] {logging_mixin.py:188} INFO - [2024-04-04T09:55:13.372+0000] {dag.py:3834} INFO - Setting next_dagrun for example_branch_dop_operator_v3 to 2024-04-04 09:54:00+00:00, run_after=2024-04-04 09:55:00+00:00
[2024-04-04T09:55:13.399+0000] {processor.py:183} INFO - Processing /home/airflow/.local/lib/python3.8/site-packages/airflow/example_dags/example_branch_python_dop_operator_3.py took 0.094 seconds
[2024-04-04T09:55:44.214+0000] {processor.py:161} INFO - Started process (PID=1947) to work on /home/airflow/.local/lib/python3.8/site-packages/airflow/example_dags/example_branch_python_dop_operator_3.py
[2024-04-04T09:55:44.215+0000] {processor.py:830} INFO - Processing file /home/airflow/.local/lib/python3.8/site-packages/airflow/example_dags/example_branch_python_dop_operator_3.py for tasks to queue
[2024-04-04T09:55:44.218+0000] {logging_mixin.py:188} INFO - [2024-04-04T09:55:44.217+0000] {dagbag.py:540} INFO - Filling up the DagBag from /home/airflow/.local/lib/python3.8/site-packages/airflow/example_dags/example_branch_python_dop_operator_3.py
[2024-04-04T09:55:44.226+0000] {processor.py:840} INFO - DAG(s) 'example_branch_dop_operator_v3' retrieved from /home/airflow/.local/lib/python3.8/site-packages/airflow/example_dags/example_branch_python_dop_operator_3.py
[2024-04-04T09:55:44.251+0000] {logging_mixin.py:188} INFO - [2024-04-04T09:55:44.251+0000] {dag.py:3047} INFO - Sync 1 DAGs
[2024-04-04T09:55:44.280+0000] {logging_mixin.py:188} INFO - [2024-04-04T09:55:44.280+0000] {dag.py:3834} INFO - Setting next_dagrun for example_branch_dop_operator_v3 to 2024-04-04 09:54:00+00:00, run_after=2024-04-04 09:55:00+00:00
[2024-04-04T09:55:44.306+0000] {processor.py:183} INFO - Processing /home/airflow/.local/lib/python3.8/site-packages/airflow/example_dags/example_branch_python_dop_operator_3.py took 0.094 seconds
[2024-04-04T09:56:14.514+0000] {processor.py:161} INFO - Started process (PID=2005) to work on /home/airflow/.local/lib/python3.8/site-packages/airflow/example_dags/example_branch_python_dop_operator_3.py
[2024-04-04T09:56:14.516+0000] {processor.py:830} INFO - Processing file /home/airflow/.local/lib/python3.8/site-packages/airflow/example_dags/example_branch_python_dop_operator_3.py for tasks to queue
[2024-04-04T09:56:14.518+0000] {logging_mixin.py:188} INFO - [2024-04-04T09:56:14.518+0000] {dagbag.py:540} INFO - Filling up the DagBag from /home/airflow/.local/lib/python3.8/site-packages/airflow/example_dags/example_branch_python_dop_operator_3.py
[2024-04-04T09:56:14.526+0000] {processor.py:840} INFO - DAG(s) 'example_branch_dop_operator_v3' retrieved from /home/airflow/.local/lib/python3.8/site-packages/airflow/example_dags/example_branch_python_dop_operator_3.py
[2024-04-04T09:56:14.552+0000] {logging_mixin.py:188} INFO - [2024-04-04T09:56:14.552+0000] {dag.py:3047} INFO - Sync 1 DAGs
[2024-04-04T09:56:14.583+0000] {logging_mixin.py:188} INFO - [2024-04-04T09:56:14.582+0000] {dag.py:3834} INFO - Setting next_dagrun for example_branch_dop_operator_v3 to 2024-04-04 09:55:00+00:00, run_after=2024-04-04 09:56:00+00:00
[2024-04-04T09:56:14.610+0000] {processor.py:183} INFO - Processing /home/airflow/.local/lib/python3.8/site-packages/airflow/example_dags/example_branch_python_dop_operator_3.py took 0.098 seconds
[2024-04-04T09:56:44.886+0000] {processor.py:161} INFO - Started process (PID=2061) to work on /home/airflow/.local/lib/python3.8/site-packages/airflow/example_dags/example_branch_python_dop_operator_3.py
[2024-04-04T09:56:44.888+0000] {processor.py:830} INFO - Processing file /home/airflow/.local/lib/python3.8/site-packages/airflow/example_dags/example_branch_python_dop_operator_3.py for tasks to queue
[2024-04-04T09:56:44.890+0000] {logging_mixin.py:188} INFO - [2024-04-04T09:56:44.890+0000] {dagbag.py:540} INFO - Filling up the DagBag from /home/airflow/.local/lib/python3.8/site-packages/airflow/example_dags/example_branch_python_dop_operator_3.py
[2024-04-04T09:56:44.900+0000] {processor.py:840} INFO - DAG(s) 'example_branch_dop_operator_v3' retrieved from /home/airflow/.local/lib/python3.8/site-packages/airflow/example_dags/example_branch_python_dop_operator_3.py
[2024-04-04T09:56:44.924+0000] {logging_mixin.py:188} INFO - [2024-04-04T09:56:44.923+0000] {dag.py:3047} INFO - Sync 1 DAGs
[2024-04-04T09:56:44.955+0000] {logging_mixin.py:188} INFO - [2024-04-04T09:56:44.955+0000] {dag.py:3834} INFO - Setting next_dagrun for example_branch_dop_operator_v3 to 2024-04-04 09:55:00+00:00, run_after=2024-04-04 09:56:00+00:00
[2024-04-04T09:56:44.985+0000] {processor.py:183} INFO - Processing /home/airflow/.local/lib/python3.8/site-packages/airflow/example_dags/example_branch_python_dop_operator_3.py took 0.102 seconds
[2024-04-04T09:57:15.403+0000] {processor.py:161} INFO - Started process (PID=2117) to work on /home/airflow/.local/lib/python3.8/site-packages/airflow/example_dags/example_branch_python_dop_operator_3.py
[2024-04-04T09:57:15.404+0000] {processor.py:830} INFO - Processing file /home/airflow/.local/lib/python3.8/site-packages/airflow/example_dags/example_branch_python_dop_operator_3.py for tasks to queue
[2024-04-04T09:57:15.407+0000] {logging_mixin.py:188} INFO - [2024-04-04T09:57:15.406+0000] {dagbag.py:540} INFO - Filling up the DagBag from /home/airflow/.local/lib/python3.8/site-packages/airflow/example_dags/example_branch_python_dop_operator_3.py
[2024-04-04T09:57:15.415+0000] {processor.py:840} INFO - DAG(s) 'example_branch_dop_operator_v3' retrieved from /home/airflow/.local/lib/python3.8/site-packages/airflow/example_dags/example_branch_python_dop_operator_3.py
[2024-04-04T09:57:15.436+0000] {logging_mixin.py:188} INFO - [2024-04-04T09:57:15.435+0000] {dag.py:3047} INFO - Sync 1 DAGs
[2024-04-04T09:57:15.464+0000] {logging_mixin.py:188} INFO - [2024-04-04T09:57:15.463+0000] {dag.py:3834} INFO - Setting next_dagrun for example_branch_dop_operator_v3 to 2024-04-04 09:56:00+00:00, run_after=2024-04-04 09:57:00+00:00
[2024-04-04T09:57:15.492+0000] {processor.py:183} INFO - Processing /home/airflow/.local/lib/python3.8/site-packages/airflow/example_dags/example_branch_python_dop_operator_3.py took 0.092 seconds
[2024-04-04T09:57:45.691+0000] {processor.py:161} INFO - Started process (PID=2173) to work on /home/airflow/.local/lib/python3.8/site-packages/airflow/example_dags/example_branch_python_dop_operator_3.py
[2024-04-04T09:57:45.693+0000] {processor.py:830} INFO - Processing file /home/airflow/.local/lib/python3.8/site-packages/airflow/example_dags/example_branch_python_dop_operator_3.py for tasks to queue
[2024-04-04T09:57:45.695+0000] {logging_mixin.py:188} INFO - [2024-04-04T09:57:45.695+0000] {dagbag.py:540} INFO - Filling up the DagBag from /home/airflow/.local/lib/python3.8/site-packages/airflow/example_dags/example_branch_python_dop_operator_3.py
[2024-04-04T09:57:45.705+0000] {processor.py:840} INFO - DAG(s) 'example_branch_dop_operator_v3' retrieved from /home/airflow/.local/lib/python3.8/site-packages/airflow/example_dags/example_branch_python_dop_operator_3.py
[2024-04-04T09:57:45.726+0000] {logging_mixin.py:188} INFO - [2024-04-04T09:57:45.726+0000] {dag.py:3047} INFO - Sync 1 DAGs
[2024-04-04T09:57:45.753+0000] {logging_mixin.py:188} INFO - [2024-04-04T09:57:45.753+0000] {dag.py:3834} INFO - Setting next_dagrun for example_branch_dop_operator_v3 to 2024-04-04 09:56:00+00:00, run_after=2024-04-04 09:57:00+00:00
[2024-04-04T09:57:45.778+0000] {processor.py:183} INFO - Processing /home/airflow/.local/lib/python3.8/site-packages/airflow/example_dags/example_branch_python_dop_operator_3.py took 0.090 seconds
[2024-04-04T09:58:16.075+0000] {processor.py:161} INFO - Started process (PID=2229) to work on /home/airflow/.local/lib/python3.8/site-packages/airflow/example_dags/example_branch_python_dop_operator_3.py
[2024-04-04T09:58:16.076+0000] {processor.py:830} INFO - Processing file /home/airflow/.local/lib/python3.8/site-packages/airflow/example_dags/example_branch_python_dop_operator_3.py for tasks to queue
[2024-04-04T09:58:16.079+0000] {logging_mixin.py:188} INFO - [2024-04-04T09:58:16.078+0000] {dagbag.py:540} INFO - Filling up the DagBag from /home/airflow/.local/lib/python3.8/site-packages/airflow/example_dags/example_branch_python_dop_operator_3.py
[2024-04-04T09:58:16.088+0000] {processor.py:840} INFO - DAG(s) 'example_branch_dop_operator_v3' retrieved from /home/airflow/.local/lib/python3.8/site-packages/airflow/example_dags/example_branch_python_dop_operator_3.py
[2024-04-04T09:58:16.109+0000] {logging_mixin.py:188} INFO - [2024-04-04T09:58:16.109+0000] {dag.py:3047} INFO - Sync 1 DAGs
[2024-04-04T09:58:16.139+0000] {logging_mixin.py:188} INFO - [2024-04-04T09:58:16.138+0000] {dag.py:3834} INFO - Setting next_dagrun for example_branch_dop_operator_v3 to 2024-04-04 09:57:00+00:00, run_after=2024-04-04 09:58:00+00:00
[2024-04-04T09:58:16.165+0000] {processor.py:183} INFO - Processing /home/airflow/.local/lib/python3.8/site-packages/airflow/example_dags/example_branch_python_dop_operator_3.py took 0.092 seconds
[2024-04-04T09:58:46.285+0000] {processor.py:161} INFO - Started process (PID=2285) to work on /home/airflow/.local/lib/python3.8/site-packages/airflow/example_dags/example_branch_python_dop_operator_3.py
[2024-04-04T09:58:46.287+0000] {processor.py:830} INFO - Processing file /home/airflow/.local/lib/python3.8/site-packages/airflow/example_dags/example_branch_python_dop_operator_3.py for tasks to queue
[2024-04-04T09:58:46.289+0000] {logging_mixin.py:188} INFO - [2024-04-04T09:58:46.289+0000] {dagbag.py:540} INFO - Filling up the DagBag from /home/airflow/.local/lib/python3.8/site-packages/airflow/example_dags/example_branch_python_dop_operator_3.py
[2024-04-04T09:58:46.297+0000] {processor.py:840} INFO - DAG(s) 'example_branch_dop_operator_v3' retrieved from /home/airflow/.local/lib/python3.8/site-packages/airflow/example_dags/example_branch_python_dop_operator_3.py
[2024-04-04T09:58:46.319+0000] {logging_mixin.py:188} INFO - [2024-04-04T09:58:46.319+0000] {dag.py:3047} INFO - Sync 1 DAGs
[2024-04-04T09:58:46.347+0000] {logging_mixin.py:188} INFO - [2024-04-04T09:58:46.346+0000] {dag.py:3834} INFO - Setting next_dagrun for example_branch_dop_operator_v3 to 2024-04-04 09:57:00+00:00, run_after=2024-04-04 09:58:00+00:00
[2024-04-04T09:58:46.373+0000] {processor.py:183} INFO - Processing /home/airflow/.local/lib/python3.8/site-packages/airflow/example_dags/example_branch_python_dop_operator_3.py took 0.090 seconds
[2024-04-04T09:59:16.721+0000] {processor.py:161} INFO - Started process (PID=2341) to work on /home/airflow/.local/lib/python3.8/site-packages/airflow/example_dags/example_branch_python_dop_operator_3.py
[2024-04-04T09:59:16.722+0000] {processor.py:830} INFO - Processing file /home/airflow/.local/lib/python3.8/site-packages/airflow/example_dags/example_branch_python_dop_operator_3.py for tasks to queue
[2024-04-04T09:59:16.724+0000] {logging_mixin.py:188} INFO - [2024-04-04T09:59:16.724+0000] {dagbag.py:540} INFO - Filling up the DagBag from /home/airflow/.local/lib/python3.8/site-packages/airflow/example_dags/example_branch_python_dop_operator_3.py
[2024-04-04T09:59:16.732+0000] {processor.py:840} INFO - DAG(s) 'example_branch_dop_operator_v3' retrieved from /home/airflow/.local/lib/python3.8/site-packages/airflow/example_dags/example_branch_python_dop_operator_3.py
[2024-04-04T09:59:16.754+0000] {logging_mixin.py:188} INFO - [2024-04-04T09:59:16.754+0000] {dag.py:3047} INFO - Sync 1 DAGs
[2024-04-04T09:59:16.781+0000] {logging_mixin.py:188} INFO - [2024-04-04T09:59:16.781+0000] {dag.py:3834} INFO - Setting next_dagrun for example_branch_dop_operator_v3 to 2024-04-04 09:58:00+00:00, run_after=2024-04-04 09:59:00+00:00
[2024-04-04T09:59:16.809+0000] {processor.py:183} INFO - Processing /home/airflow/.local/lib/python3.8/site-packages/airflow/example_dags/example_branch_python_dop_operator_3.py took 0.090 seconds
[2024-04-04T09:59:47.104+0000] {processor.py:161} INFO - Started process (PID=2397) to work on /home/airflow/.local/lib/python3.8/site-packages/airflow/example_dags/example_branch_python_dop_operator_3.py
[2024-04-04T09:59:47.106+0000] {processor.py:830} INFO - Processing file /home/airflow/.local/lib/python3.8/site-packages/airflow/example_dags/example_branch_python_dop_operator_3.py for tasks to queue
[2024-04-04T09:59:47.109+0000] {logging_mixin.py:188} INFO - [2024-04-04T09:59:47.108+0000] {dagbag.py:540} INFO - Filling up the DagBag from /home/airflow/.local/lib/python3.8/site-packages/airflow/example_dags/example_branch_python_dop_operator_3.py
[2024-04-04T09:59:47.118+0000] {processor.py:840} INFO - DAG(s) 'example_branch_dop_operator_v3' retrieved from /home/airflow/.local/lib/python3.8/site-packages/airflow/example_dags/example_branch_python_dop_operator_3.py
[2024-04-04T09:59:47.142+0000] {logging_mixin.py:188} INFO - [2024-04-04T09:59:47.141+0000] {dag.py:3047} INFO - Sync 1 DAGs
[2024-04-04T09:59:47.181+0000] {logging_mixin.py:188} INFO - [2024-04-04T09:59:47.181+0000] {dag.py:3834} INFO - Setting next_dagrun for example_branch_dop_operator_v3 to 2024-04-04 09:58:00+00:00, run_after=2024-04-04 09:59:00+00:00
[2024-04-04T09:59:47.222+0000] {processor.py:183} INFO - Processing /home/airflow/.local/lib/python3.8/site-packages/airflow/example_dags/example_branch_python_dop_operator_3.py took 0.120 seconds
[2024-04-04T10:00:17.489+0000] {processor.py:161} INFO - Started process (PID=2453) to work on /home/airflow/.local/lib/python3.8/site-packages/airflow/example_dags/example_branch_python_dop_operator_3.py
[2024-04-04T10:00:17.491+0000] {processor.py:830} INFO - Processing file /home/airflow/.local/lib/python3.8/site-packages/airflow/example_dags/example_branch_python_dop_operator_3.py for tasks to queue
[2024-04-04T10:00:17.493+0000] {logging_mixin.py:188} INFO - [2024-04-04T10:00:17.492+0000] {dagbag.py:540} INFO - Filling up the DagBag from /home/airflow/.local/lib/python3.8/site-packages/airflow/example_dags/example_branch_python_dop_operator_3.py
[2024-04-04T10:00:17.504+0000] {processor.py:840} INFO - DAG(s) 'example_branch_dop_operator_v3' retrieved from /home/airflow/.local/lib/python3.8/site-packages/airflow/example_dags/example_branch_python_dop_operator_3.py
[2024-04-04T10:00:17.530+0000] {logging_mixin.py:188} INFO - [2024-04-04T10:00:17.529+0000] {dag.py:3047} INFO - Sync 1 DAGs
[2024-04-04T10:00:17.558+0000] {logging_mixin.py:188} INFO - [2024-04-04T10:00:17.558+0000] {dag.py:3834} INFO - Setting next_dagrun for example_branch_dop_operator_v3 to 2024-04-04 09:59:00+00:00, run_after=2024-04-04 10:00:00+00:00
[2024-04-04T10:00:17.583+0000] {processor.py:183} INFO - Processing /home/airflow/.local/lib/python3.8/site-packages/airflow/example_dags/example_branch_python_dop_operator_3.py took 0.097 seconds
[2024-04-04T10:00:48.479+0000] {processor.py:161} INFO - Started process (PID=2509) to work on /home/airflow/.local/lib/python3.8/site-packages/airflow/example_dags/example_branch_python_dop_operator_3.py
[2024-04-04T10:00:48.479+0000] {processor.py:830} INFO - Processing file /home/airflow/.local/lib/python3.8/site-packages/airflow/example_dags/example_branch_python_dop_operator_3.py for tasks to queue
[2024-04-04T10:00:48.481+0000] {logging_mixin.py:188} INFO - [2024-04-04T10:00:48.481+0000] {dagbag.py:540} INFO - Filling up the DagBag from /home/airflow/.local/lib/python3.8/site-packages/airflow/example_dags/example_branch_python_dop_operator_3.py
[2024-04-04T10:00:48.489+0000] {processor.py:840} INFO - DAG(s) 'example_branch_dop_operator_v3' retrieved from /home/airflow/.local/lib/python3.8/site-packages/airflow/example_dags/example_branch_python_dop_operator_3.py
[2024-04-04T10:00:48.512+0000] {logging_mixin.py:188} INFO - [2024-04-04T10:00:48.512+0000] {dag.py:3047} INFO - Sync 1 DAGs
[2024-04-04T10:00:48.543+0000] {logging_mixin.py:188} INFO - [2024-04-04T10:00:48.542+0000] {dag.py:3834} INFO - Setting next_dagrun for example_branch_dop_operator_v3 to 2024-04-04 09:59:00+00:00, run_after=2024-04-04 10:00:00+00:00
[2024-04-04T10:00:48.568+0000] {processor.py:183} INFO - Processing /home/airflow/.local/lib/python3.8/site-packages/airflow/example_dags/example_branch_python_dop_operator_3.py took 0.092 seconds
[2024-04-04T10:01:18.621+0000] {processor.py:161} INFO - Started process (PID=2566) to work on /home/airflow/.local/lib/python3.8/site-packages/airflow/example_dags/example_branch_python_dop_operator_3.py
[2024-04-04T10:01:18.622+0000] {processor.py:830} INFO - Processing file /home/airflow/.local/lib/python3.8/site-packages/airflow/example_dags/example_branch_python_dop_operator_3.py for tasks to queue
[2024-04-04T10:01:18.624+0000] {logging_mixin.py:188} INFO - [2024-04-04T10:01:18.624+0000] {dagbag.py:540} INFO - Filling up the DagBag from /home/airflow/.local/lib/python3.8/site-packages/airflow/example_dags/example_branch_python_dop_operator_3.py
[2024-04-04T10:01:18.633+0000] {processor.py:840} INFO - DAG(s) 'example_branch_dop_operator_v3' retrieved from /home/airflow/.local/lib/python3.8/site-packages/airflow/example_dags/example_branch_python_dop_operator_3.py
[2024-04-04T10:01:18.656+0000] {logging_mixin.py:188} INFO - [2024-04-04T10:01:18.655+0000] {dag.py:3047} INFO - Sync 1 DAGs
[2024-04-04T10:01:18.682+0000] {logging_mixin.py:188} INFO - [2024-04-04T10:01:18.682+0000] {dag.py:3834} INFO - Setting next_dagrun for example_branch_dop_operator_v3 to 2024-04-04 10:00:00+00:00, run_after=2024-04-04 10:01:00+00:00
[2024-04-04T10:01:18.710+0000] {processor.py:183} INFO - Processing /home/airflow/.local/lib/python3.8/site-packages/airflow/example_dags/example_branch_python_dop_operator_3.py took 0.091 seconds
[2024-04-04T10:01:48.867+0000] {processor.py:161} INFO - Started process (PID=2622) to work on /home/airflow/.local/lib/python3.8/site-packages/airflow/example_dags/example_branch_python_dop_operator_3.py
[2024-04-04T10:01:48.868+0000] {processor.py:830} INFO - Processing file /home/airflow/.local/lib/python3.8/site-packages/airflow/example_dags/example_branch_python_dop_operator_3.py for tasks to queue
[2024-04-04T10:01:48.869+0000] {logging_mixin.py:188} INFO - [2024-04-04T10:01:48.869+0000] {dagbag.py:540} INFO - Filling up the DagBag from /home/airflow/.local/lib/python3.8/site-packages/airflow/example_dags/example_branch_python_dop_operator_3.py
[2024-04-04T10:01:48.877+0000] {processor.py:840} INFO - DAG(s) 'example_branch_dop_operator_v3' retrieved from /home/airflow/.local/lib/python3.8/site-packages/airflow/example_dags/example_branch_python_dop_operator_3.py
[2024-04-04T10:01:48.901+0000] {logging_mixin.py:188} INFO - [2024-04-04T10:01:48.901+0000] {dag.py:3047} INFO - Sync 1 DAGs
[2024-04-04T10:01:48.928+0000] {logging_mixin.py:188} INFO - [2024-04-04T10:01:48.927+0000] {dag.py:3834} INFO - Setting next_dagrun for example_branch_dop_operator_v3 to 2024-04-04 10:00:00+00:00, run_after=2024-04-04 10:01:00+00:00
[2024-04-04T10:01:48.953+0000] {processor.py:183} INFO - Processing /home/airflow/.local/lib/python3.8/site-packages/airflow/example_dags/example_branch_python_dop_operator_3.py took 0.089 seconds
[2024-04-04T10:02:19.718+0000] {processor.py:161} INFO - Started process (PID=2678) to work on /home/airflow/.local/lib/python3.8/site-packages/airflow/example_dags/example_branch_python_dop_operator_3.py
[2024-04-04T10:02:19.720+0000] {processor.py:830} INFO - Processing file /home/airflow/.local/lib/python3.8/site-packages/airflow/example_dags/example_branch_python_dop_operator_3.py for tasks to queue
[2024-04-04T10:02:19.723+0000] {logging_mixin.py:188} INFO - [2024-04-04T10:02:19.722+0000] {dagbag.py:540} INFO - Filling up the DagBag from /home/airflow/.local/lib/python3.8/site-packages/airflow/example_dags/example_branch_python_dop_operator_3.py
[2024-04-04T10:02:19.735+0000] {processor.py:840} INFO - DAG(s) 'example_branch_dop_operator_v3' retrieved from /home/airflow/.local/lib/python3.8/site-packages/airflow/example_dags/example_branch_python_dop_operator_3.py
[2024-04-04T10:02:19.763+0000] {logging_mixin.py:188} INFO - [2024-04-04T10:02:19.762+0000] {dag.py:3047} INFO - Sync 1 DAGs
[2024-04-04T10:02:19.796+0000] {logging_mixin.py:188} INFO - [2024-04-04T10:02:19.795+0000] {dag.py:3834} INFO - Setting next_dagrun for example_branch_dop_operator_v3 to 2024-04-04 10:01:00+00:00, run_after=2024-04-04 10:02:00+00:00
[2024-04-04T10:02:19.829+0000] {processor.py:183} INFO - Processing /home/airflow/.local/lib/python3.8/site-packages/airflow/example_dags/example_branch_python_dop_operator_3.py took 0.113 seconds
[2024-04-04T10:02:50.303+0000] {processor.py:161} INFO - Started process (PID=2734) to work on /home/airflow/.local/lib/python3.8/site-packages/airflow/example_dags/example_branch_python_dop_operator_3.py
[2024-04-04T10:02:50.304+0000] {processor.py:830} INFO - Processing file /home/airflow/.local/lib/python3.8/site-packages/airflow/example_dags/example_branch_python_dop_operator_3.py for tasks to queue
[2024-04-04T10:02:50.306+0000] {logging_mixin.py:188} INFO - [2024-04-04T10:02:50.306+0000] {dagbag.py:540} INFO - Filling up the DagBag from /home/airflow/.local/lib/python3.8/site-packages/airflow/example_dags/example_branch_python_dop_operator_3.py
[2024-04-04T10:02:50.315+0000] {processor.py:840} INFO - DAG(s) 'example_branch_dop_operator_v3' retrieved from /home/airflow/.local/lib/python3.8/site-packages/airflow/example_dags/example_branch_python_dop_operator_3.py
[2024-04-04T10:02:50.342+0000] {logging_mixin.py:188} INFO - [2024-04-04T10:02:50.342+0000] {dag.py:3047} INFO - Sync 1 DAGs
[2024-04-04T10:02:50.399+0000] {logging_mixin.py:188} INFO - [2024-04-04T10:02:50.399+0000] {dag.py:3834} INFO - Setting next_dagrun for example_branch_dop_operator_v3 to 2024-04-04 10:01:00+00:00, run_after=2024-04-04 10:02:00+00:00
[2024-04-04T10:02:50.433+0000] {processor.py:183} INFO - Processing /home/airflow/.local/lib/python3.8/site-packages/airflow/example_dags/example_branch_python_dop_operator_3.py took 0.134 seconds
[2024-04-04T10:03:20.612+0000] {processor.py:161} INFO - Started process (PID=2790) to work on /home/airflow/.local/lib/python3.8/site-packages/airflow/example_dags/example_branch_python_dop_operator_3.py
[2024-04-04T10:03:20.613+0000] {processor.py:830} INFO - Processing file /home/airflow/.local/lib/python3.8/site-packages/airflow/example_dags/example_branch_python_dop_operator_3.py for tasks to queue
[2024-04-04T10:03:20.616+0000] {logging_mixin.py:188} INFO - [2024-04-04T10:03:20.615+0000] {dagbag.py:540} INFO - Filling up the DagBag from /home/airflow/.local/lib/python3.8/site-packages/airflow/example_dags/example_branch_python_dop_operator_3.py
[2024-04-04T10:03:20.624+0000] {processor.py:840} INFO - DAG(s) 'example_branch_dop_operator_v3' retrieved from /home/airflow/.local/lib/python3.8/site-packages/airflow/example_dags/example_branch_python_dop_operator_3.py
[2024-04-04T10:03:20.652+0000] {logging_mixin.py:188} INFO - [2024-04-04T10:03:20.651+0000] {dag.py:3047} INFO - Sync 1 DAGs
[2024-04-04T10:03:20.689+0000] {logging_mixin.py:188} INFO - [2024-04-04T10:03:20.689+0000] {dag.py:3834} INFO - Setting next_dagrun for example_branch_dop_operator_v3 to 2024-04-04 10:02:00+00:00, run_after=2024-04-04 10:03:00+00:00
[2024-04-04T10:03:20.718+0000] {processor.py:183} INFO - Processing /home/airflow/.local/lib/python3.8/site-packages/airflow/example_dags/example_branch_python_dop_operator_3.py took 0.109 seconds
