[2024-04-04T09:38:52.850+0000] {processor.py:161} INFO - Started process (PID=56) to work on /home/airflow/.local/lib/python3.8/site-packages/airflow/example_dags/tutorial.py
[2024-04-04T09:38:52.852+0000] {processor.py:830} INFO - Processing file /home/airflow/.local/lib/python3.8/site-packages/airflow/example_dags/tutorial.py for tasks to queue
[2024-04-04T09:38:52.855+0000] {logging_mixin.py:188} INFO - [2024-04-04T09:38:52.855+0000] {dagbag.py:540} INFO - Filling up the DagBag from /home/airflow/.local/lib/python3.8/site-packages/airflow/example_dags/tutorial.py
[2024-04-04T09:38:52.896+0000] {processor.py:840} INFO - DAG(s) 'tutorial' retrieved from /home/airflow/.local/lib/python3.8/site-packages/airflow/example_dags/tutorial.py
[2024-04-04T09:38:53.185+0000] {logging_mixin.py:188} INFO - [2024-04-04T09:38:53.184+0000] {dag.py:3047} INFO - Sync 1 DAGs
[2024-04-04T09:38:53.215+0000] {logging_mixin.py:188} INFO - [2024-04-04T09:38:53.214+0000] {dag.py:3834} INFO - Setting next_dagrun for tutorial to 2024-04-03 00:00:00+00:00, run_after=2024-04-04 00:00:00+00:00
[2024-04-04T09:38:53.251+0000] {processor.py:183} INFO - Processing /home/airflow/.local/lib/python3.8/site-packages/airflow/example_dags/tutorial.py took 0.415 seconds
[2024-04-04T09:39:23.299+0000] {processor.py:161} INFO - Started process (PID=112) to work on /home/airflow/.local/lib/python3.8/site-packages/airflow/example_dags/tutorial.py
[2024-04-04T09:39:23.301+0000] {processor.py:830} INFO - Processing file /home/airflow/.local/lib/python3.8/site-packages/airflow/example_dags/tutorial.py for tasks to queue
[2024-04-04T09:39:23.303+0000] {logging_mixin.py:188} INFO - [2024-04-04T09:39:23.302+0000] {dagbag.py:540} INFO - Filling up the DagBag from /home/airflow/.local/lib/python3.8/site-packages/airflow/example_dags/tutorial.py
[2024-04-04T09:39:23.309+0000] {processor.py:840} INFO - DAG(s) 'tutorial' retrieved from /home/airflow/.local/lib/python3.8/site-packages/airflow/example_dags/tutorial.py
[2024-04-04T09:39:23.332+0000] {logging_mixin.py:188} INFO - [2024-04-04T09:39:23.332+0000] {dag.py:3047} INFO - Sync 1 DAGs
[2024-04-04T09:39:23.355+0000] {logging_mixin.py:188} INFO - [2024-04-04T09:39:23.355+0000] {dag.py:3834} INFO - Setting next_dagrun for tutorial to 2024-04-03 00:00:00+00:00, run_after=2024-04-04 00:00:00+00:00
[2024-04-04T09:39:23.383+0000] {processor.py:183} INFO - Processing /home/airflow/.local/lib/python3.8/site-packages/airflow/example_dags/tutorial.py took 0.086 seconds
[2024-04-04T09:39:53.677+0000] {processor.py:161} INFO - Started process (PID=168) to work on /home/airflow/.local/lib/python3.8/site-packages/airflow/example_dags/tutorial.py
[2024-04-04T09:39:53.679+0000] {processor.py:830} INFO - Processing file /home/airflow/.local/lib/python3.8/site-packages/airflow/example_dags/tutorial.py for tasks to queue
[2024-04-04T09:39:53.681+0000] {logging_mixin.py:188} INFO - [2024-04-04T09:39:53.681+0000] {dagbag.py:540} INFO - Filling up the DagBag from /home/airflow/.local/lib/python3.8/site-packages/airflow/example_dags/tutorial.py
[2024-04-04T09:39:53.689+0000] {processor.py:840} INFO - DAG(s) 'tutorial' retrieved from /home/airflow/.local/lib/python3.8/site-packages/airflow/example_dags/tutorial.py
[2024-04-04T09:39:53.712+0000] {logging_mixin.py:188} INFO - [2024-04-04T09:39:53.712+0000] {dag.py:3047} INFO - Sync 1 DAGs
[2024-04-04T09:39:53.735+0000] {logging_mixin.py:188} INFO - [2024-04-04T09:39:53.735+0000] {dag.py:3834} INFO - Setting next_dagrun for tutorial to 2024-04-03 00:00:00+00:00, run_after=2024-04-04 00:00:00+00:00
[2024-04-04T09:39:53.762+0000] {processor.py:183} INFO - Processing /home/airflow/.local/lib/python3.8/site-packages/airflow/example_dags/tutorial.py took 0.088 seconds
[2024-04-04T09:40:24.254+0000] {processor.py:161} INFO - Started process (PID=224) to work on /home/airflow/.local/lib/python3.8/site-packages/airflow/example_dags/tutorial.py
[2024-04-04T09:40:24.256+0000] {processor.py:830} INFO - Processing file /home/airflow/.local/lib/python3.8/site-packages/airflow/example_dags/tutorial.py for tasks to queue
[2024-04-04T09:40:24.260+0000] {logging_mixin.py:188} INFO - [2024-04-04T09:40:24.259+0000] {dagbag.py:540} INFO - Filling up the DagBag from /home/airflow/.local/lib/python3.8/site-packages/airflow/example_dags/tutorial.py
[2024-04-04T09:40:24.270+0000] {processor.py:840} INFO - DAG(s) 'tutorial' retrieved from /home/airflow/.local/lib/python3.8/site-packages/airflow/example_dags/tutorial.py
[2024-04-04T09:40:24.302+0000] {logging_mixin.py:188} INFO - [2024-04-04T09:40:24.301+0000] {dag.py:3047} INFO - Sync 1 DAGs
[2024-04-04T09:40:24.330+0000] {logging_mixin.py:188} INFO - [2024-04-04T09:40:24.330+0000] {dag.py:3834} INFO - Setting next_dagrun for tutorial to 2024-04-03 00:00:00+00:00, run_after=2024-04-04 00:00:00+00:00
[2024-04-04T09:40:24.358+0000] {processor.py:183} INFO - Processing /home/airflow/.local/lib/python3.8/site-packages/airflow/example_dags/tutorial.py took 0.108 seconds
[2024-04-04T09:40:54.667+0000] {processor.py:161} INFO - Started process (PID=280) to work on /home/airflow/.local/lib/python3.8/site-packages/airflow/example_dags/tutorial.py
[2024-04-04T09:40:54.669+0000] {processor.py:830} INFO - Processing file /home/airflow/.local/lib/python3.8/site-packages/airflow/example_dags/tutorial.py for tasks to queue
[2024-04-04T09:40:54.671+0000] {logging_mixin.py:188} INFO - [2024-04-04T09:40:54.671+0000] {dagbag.py:540} INFO - Filling up the DagBag from /home/airflow/.local/lib/python3.8/site-packages/airflow/example_dags/tutorial.py
[2024-04-04T09:40:54.676+0000] {processor.py:840} INFO - DAG(s) 'tutorial' retrieved from /home/airflow/.local/lib/python3.8/site-packages/airflow/example_dags/tutorial.py
[2024-04-04T09:40:54.698+0000] {logging_mixin.py:188} INFO - [2024-04-04T09:40:54.698+0000] {dag.py:3047} INFO - Sync 1 DAGs
[2024-04-04T09:40:54.720+0000] {logging_mixin.py:188} INFO - [2024-04-04T09:40:54.720+0000] {dag.py:3834} INFO - Setting next_dagrun for tutorial to 2024-04-03 00:00:00+00:00, run_after=2024-04-04 00:00:00+00:00
[2024-04-04T09:40:54.748+0000] {processor.py:183} INFO - Processing /home/airflow/.local/lib/python3.8/site-packages/airflow/example_dags/tutorial.py took 0.083 seconds
[2024-04-04T09:41:25.118+0000] {processor.py:161} INFO - Started process (PID=336) to work on /home/airflow/.local/lib/python3.8/site-packages/airflow/example_dags/tutorial.py
[2024-04-04T09:41:25.121+0000] {processor.py:830} INFO - Processing file /home/airflow/.local/lib/python3.8/site-packages/airflow/example_dags/tutorial.py for tasks to queue
[2024-04-04T09:41:25.124+0000] {logging_mixin.py:188} INFO - [2024-04-04T09:41:25.124+0000] {dagbag.py:540} INFO - Filling up the DagBag from /home/airflow/.local/lib/python3.8/site-packages/airflow/example_dags/tutorial.py
[2024-04-04T09:41:25.132+0000] {processor.py:840} INFO - DAG(s) 'tutorial' retrieved from /home/airflow/.local/lib/python3.8/site-packages/airflow/example_dags/tutorial.py
[2024-04-04T09:41:25.162+0000] {logging_mixin.py:188} INFO - [2024-04-04T09:41:25.162+0000] {dag.py:3047} INFO - Sync 1 DAGs
[2024-04-04T09:41:25.192+0000] {logging_mixin.py:188} INFO - [2024-04-04T09:41:25.192+0000] {dag.py:3834} INFO - Setting next_dagrun for tutorial to 2024-04-03 00:00:00+00:00, run_after=2024-04-04 00:00:00+00:00
[2024-04-04T09:41:25.218+0000] {processor.py:183} INFO - Processing /home/airflow/.local/lib/python3.8/site-packages/airflow/example_dags/tutorial.py took 0.104 seconds
[2024-04-04T09:41:55.367+0000] {processor.py:161} INFO - Started process (PID=392) to work on /home/airflow/.local/lib/python3.8/site-packages/airflow/example_dags/tutorial.py
[2024-04-04T09:41:55.368+0000] {processor.py:830} INFO - Processing file /home/airflow/.local/lib/python3.8/site-packages/airflow/example_dags/tutorial.py for tasks to queue
[2024-04-04T09:41:55.370+0000] {logging_mixin.py:188} INFO - [2024-04-04T09:41:55.370+0000] {dagbag.py:540} INFO - Filling up the DagBag from /home/airflow/.local/lib/python3.8/site-packages/airflow/example_dags/tutorial.py
[2024-04-04T09:41:55.375+0000] {processor.py:840} INFO - DAG(s) 'tutorial' retrieved from /home/airflow/.local/lib/python3.8/site-packages/airflow/example_dags/tutorial.py
[2024-04-04T09:41:55.398+0000] {logging_mixin.py:188} INFO - [2024-04-04T09:41:55.397+0000] {dag.py:3047} INFO - Sync 1 DAGs
[2024-04-04T09:41:55.420+0000] {logging_mixin.py:188} INFO - [2024-04-04T09:41:55.420+0000] {dag.py:3834} INFO - Setting next_dagrun for tutorial to 2024-04-03 00:00:00+00:00, run_after=2024-04-04 00:00:00+00:00
[2024-04-04T09:41:55.448+0000] {processor.py:183} INFO - Processing /home/airflow/.local/lib/python3.8/site-packages/airflow/example_dags/tutorial.py took 0.083 seconds
[2024-04-04T09:42:25.680+0000] {processor.py:161} INFO - Started process (PID=453) to work on /home/airflow/.local/lib/python3.8/site-packages/airflow/example_dags/tutorial.py
[2024-04-04T09:42:25.681+0000] {processor.py:830} INFO - Processing file /home/airflow/.local/lib/python3.8/site-packages/airflow/example_dags/tutorial.py for tasks to queue
[2024-04-04T09:42:25.683+0000] {logging_mixin.py:188} INFO - [2024-04-04T09:42:25.683+0000] {dagbag.py:540} INFO - Filling up the DagBag from /home/airflow/.local/lib/python3.8/site-packages/airflow/example_dags/tutorial.py
[2024-04-04T09:42:25.689+0000] {processor.py:840} INFO - DAG(s) 'tutorial' retrieved from /home/airflow/.local/lib/python3.8/site-packages/airflow/example_dags/tutorial.py
[2024-04-04T09:42:25.712+0000] {logging_mixin.py:188} INFO - [2024-04-04T09:42:25.712+0000] {dag.py:3047} INFO - Sync 1 DAGs
[2024-04-04T09:42:25.736+0000] {logging_mixin.py:188} INFO - [2024-04-04T09:42:25.736+0000] {dag.py:3834} INFO - Setting next_dagrun for tutorial to 2024-04-03 00:00:00+00:00, run_after=2024-04-04 00:00:00+00:00
[2024-04-04T09:42:25.762+0000] {processor.py:183} INFO - Processing /home/airflow/.local/lib/python3.8/site-packages/airflow/example_dags/tutorial.py took 0.085 seconds
[2024-04-04T09:42:56.509+0000] {processor.py:161} INFO - Started process (PID=509) to work on /home/airflow/.local/lib/python3.8/site-packages/airflow/example_dags/tutorial.py
[2024-04-04T09:42:56.510+0000] {processor.py:830} INFO - Processing file /home/airflow/.local/lib/python3.8/site-packages/airflow/example_dags/tutorial.py for tasks to queue
[2024-04-04T09:42:56.512+0000] {logging_mixin.py:188} INFO - [2024-04-04T09:42:56.511+0000] {dagbag.py:540} INFO - Filling up the DagBag from /home/airflow/.local/lib/python3.8/site-packages/airflow/example_dags/tutorial.py
[2024-04-04T09:42:56.517+0000] {processor.py:840} INFO - DAG(s) 'tutorial' retrieved from /home/airflow/.local/lib/python3.8/site-packages/airflow/example_dags/tutorial.py
[2024-04-04T09:42:56.540+0000] {logging_mixin.py:188} INFO - [2024-04-04T09:42:56.539+0000] {dag.py:3047} INFO - Sync 1 DAGs
[2024-04-04T09:42:56.565+0000] {logging_mixin.py:188} INFO - [2024-04-04T09:42:56.565+0000] {dag.py:3834} INFO - Setting next_dagrun for tutorial to 2024-04-03 00:00:00+00:00, run_after=2024-04-04 00:00:00+00:00
[2024-04-04T09:42:56.589+0000] {processor.py:183} INFO - Processing /home/airflow/.local/lib/python3.8/site-packages/airflow/example_dags/tutorial.py took 0.083 seconds
[2024-04-04T09:43:27.166+0000] {processor.py:161} INFO - Started process (PID=565) to work on /home/airflow/.local/lib/python3.8/site-packages/airflow/example_dags/tutorial.py
[2024-04-04T09:43:27.169+0000] {processor.py:830} INFO - Processing file /home/airflow/.local/lib/python3.8/site-packages/airflow/example_dags/tutorial.py for tasks to queue
[2024-04-04T09:43:27.172+0000] {logging_mixin.py:188} INFO - [2024-04-04T09:43:27.172+0000] {dagbag.py:540} INFO - Filling up the DagBag from /home/airflow/.local/lib/python3.8/site-packages/airflow/example_dags/tutorial.py
[2024-04-04T09:43:27.192+0000] {processor.py:840} INFO - DAG(s) 'tutorial' retrieved from /home/airflow/.local/lib/python3.8/site-packages/airflow/example_dags/tutorial.py
[2024-04-04T09:43:27.255+0000] {logging_mixin.py:188} INFO - [2024-04-04T09:43:27.254+0000] {dag.py:3047} INFO - Sync 1 DAGs
[2024-04-04T09:43:27.288+0000] {logging_mixin.py:188} INFO - [2024-04-04T09:43:27.288+0000] {dag.py:3834} INFO - Setting next_dagrun for tutorial to 2024-04-03 00:00:00+00:00, run_after=2024-04-04 00:00:00+00:00
[2024-04-04T09:43:27.321+0000] {processor.py:183} INFO - Processing /home/airflow/.local/lib/python3.8/site-packages/airflow/example_dags/tutorial.py took 0.163 seconds
[2024-04-04T09:43:58.255+0000] {processor.py:161} INFO - Started process (PID=627) to work on /home/airflow/.local/lib/python3.8/site-packages/airflow/example_dags/tutorial.py
[2024-04-04T09:43:58.257+0000] {processor.py:830} INFO - Processing file /home/airflow/.local/lib/python3.8/site-packages/airflow/example_dags/tutorial.py for tasks to queue
[2024-04-04T09:43:58.262+0000] {logging_mixin.py:188} INFO - [2024-04-04T09:43:58.261+0000] {dagbag.py:540} INFO - Filling up the DagBag from /home/airflow/.local/lib/python3.8/site-packages/airflow/example_dags/tutorial.py
[2024-04-04T09:43:58.275+0000] {processor.py:840} INFO - DAG(s) 'tutorial' retrieved from /home/airflow/.local/lib/python3.8/site-packages/airflow/example_dags/tutorial.py
[2024-04-04T09:43:58.314+0000] {logging_mixin.py:188} INFO - [2024-04-04T09:43:58.313+0000] {dag.py:3047} INFO - Sync 1 DAGs
[2024-04-04T09:43:58.352+0000] {logging_mixin.py:188} INFO - [2024-04-04T09:43:58.352+0000] {dag.py:3834} INFO - Setting next_dagrun for tutorial to 2024-04-03 00:00:00+00:00, run_after=2024-04-04 00:00:00+00:00
[2024-04-04T09:43:58.389+0000] {processor.py:183} INFO - Processing /home/airflow/.local/lib/python3.8/site-packages/airflow/example_dags/tutorial.py took 0.141 seconds
[2024-04-04T09:44:29.112+0000] {processor.py:161} INFO - Started process (PID=684) to work on /home/airflow/.local/lib/python3.8/site-packages/airflow/example_dags/tutorial.py
[2024-04-04T09:44:29.113+0000] {processor.py:830} INFO - Processing file /home/airflow/.local/lib/python3.8/site-packages/airflow/example_dags/tutorial.py for tasks to queue
[2024-04-04T09:44:29.116+0000] {logging_mixin.py:188} INFO - [2024-04-04T09:44:29.116+0000] {dagbag.py:540} INFO - Filling up the DagBag from /home/airflow/.local/lib/python3.8/site-packages/airflow/example_dags/tutorial.py
[2024-04-04T09:44:29.124+0000] {processor.py:840} INFO - DAG(s) 'tutorial' retrieved from /home/airflow/.local/lib/python3.8/site-packages/airflow/example_dags/tutorial.py
[2024-04-04T09:44:29.153+0000] {logging_mixin.py:188} INFO - [2024-04-04T09:44:29.152+0000] {dag.py:3047} INFO - Sync 1 DAGs
[2024-04-04T09:44:29.188+0000] {logging_mixin.py:188} INFO - [2024-04-04T09:44:29.187+0000] {dag.py:3834} INFO - Setting next_dagrun for tutorial to 2024-04-03 00:00:00+00:00, run_after=2024-04-04 00:00:00+00:00
[2024-04-04T09:44:29.222+0000] {processor.py:183} INFO - Processing /home/airflow/.local/lib/python3.8/site-packages/airflow/example_dags/tutorial.py took 0.113 seconds
[2024-04-04T09:44:59.386+0000] {processor.py:161} INFO - Started process (PID=740) to work on /home/airflow/.local/lib/python3.8/site-packages/airflow/example_dags/tutorial.py
[2024-04-04T09:44:59.387+0000] {processor.py:830} INFO - Processing file /home/airflow/.local/lib/python3.8/site-packages/airflow/example_dags/tutorial.py for tasks to queue
[2024-04-04T09:44:59.390+0000] {logging_mixin.py:188} INFO - [2024-04-04T09:44:59.389+0000] {dagbag.py:540} INFO - Filling up the DagBag from /home/airflow/.local/lib/python3.8/site-packages/airflow/example_dags/tutorial.py
[2024-04-04T09:44:59.396+0000] {processor.py:840} INFO - DAG(s) 'tutorial' retrieved from /home/airflow/.local/lib/python3.8/site-packages/airflow/example_dags/tutorial.py
[2024-04-04T09:44:59.418+0000] {logging_mixin.py:188} INFO - [2024-04-04T09:44:59.417+0000] {dag.py:3047} INFO - Sync 1 DAGs
[2024-04-04T09:44:59.443+0000] {logging_mixin.py:188} INFO - [2024-04-04T09:44:59.443+0000] {dag.py:3834} INFO - Setting next_dagrun for tutorial to 2024-04-03 00:00:00+00:00, run_after=2024-04-04 00:00:00+00:00
[2024-04-04T09:44:59.471+0000] {processor.py:183} INFO - Processing /home/airflow/.local/lib/python3.8/site-packages/airflow/example_dags/tutorial.py took 0.089 seconds
[2024-04-04T09:45:30.352+0000] {processor.py:161} INFO - Started process (PID=796) to work on /home/airflow/.local/lib/python3.8/site-packages/airflow/example_dags/tutorial.py
[2024-04-04T09:45:30.354+0000] {processor.py:830} INFO - Processing file /home/airflow/.local/lib/python3.8/site-packages/airflow/example_dags/tutorial.py for tasks to queue
[2024-04-04T09:45:30.357+0000] {logging_mixin.py:188} INFO - [2024-04-04T09:45:30.356+0000] {dagbag.py:540} INFO - Filling up the DagBag from /home/airflow/.local/lib/python3.8/site-packages/airflow/example_dags/tutorial.py
[2024-04-04T09:45:30.365+0000] {processor.py:840} INFO - DAG(s) 'tutorial' retrieved from /home/airflow/.local/lib/python3.8/site-packages/airflow/example_dags/tutorial.py
[2024-04-04T09:45:30.401+0000] {logging_mixin.py:188} INFO - [2024-04-04T09:45:30.400+0000] {dag.py:3047} INFO - Sync 1 DAGs
[2024-04-04T09:45:30.438+0000] {logging_mixin.py:188} INFO - [2024-04-04T09:45:30.437+0000] {dag.py:3834} INFO - Setting next_dagrun for tutorial to 2024-04-03 00:00:00+00:00, run_after=2024-04-04 00:00:00+00:00
[2024-04-04T09:45:30.475+0000] {processor.py:183} INFO - Processing /home/airflow/.local/lib/python3.8/site-packages/airflow/example_dags/tutorial.py took 0.127 seconds
[2024-04-04T09:46:01.116+0000] {processor.py:161} INFO - Started process (PID=852) to work on /home/airflow/.local/lib/python3.8/site-packages/airflow/example_dags/tutorial.py
[2024-04-04T09:46:01.118+0000] {processor.py:830} INFO - Processing file /home/airflow/.local/lib/python3.8/site-packages/airflow/example_dags/tutorial.py for tasks to queue
[2024-04-04T09:46:01.120+0000] {logging_mixin.py:188} INFO - [2024-04-04T09:46:01.120+0000] {dagbag.py:540} INFO - Filling up the DagBag from /home/airflow/.local/lib/python3.8/site-packages/airflow/example_dags/tutorial.py
[2024-04-04T09:46:01.128+0000] {processor.py:840} INFO - DAG(s) 'tutorial' retrieved from /home/airflow/.local/lib/python3.8/site-packages/airflow/example_dags/tutorial.py
[2024-04-04T09:46:01.156+0000] {logging_mixin.py:188} INFO - [2024-04-04T09:46:01.155+0000] {dag.py:3047} INFO - Sync 1 DAGs
[2024-04-04T09:46:01.187+0000] {logging_mixin.py:188} INFO - [2024-04-04T09:46:01.186+0000] {dag.py:3834} INFO - Setting next_dagrun for tutorial to 2024-04-03 00:00:00+00:00, run_after=2024-04-04 00:00:00+00:00
[2024-04-04T09:46:01.218+0000] {processor.py:183} INFO - Processing /home/airflow/.local/lib/python3.8/site-packages/airflow/example_dags/tutorial.py took 0.105 seconds
[2024-04-04T09:46:31.522+0000] {processor.py:161} INFO - Started process (PID=908) to work on /home/airflow/.local/lib/python3.8/site-packages/airflow/example_dags/tutorial.py
[2024-04-04T09:46:31.524+0000] {processor.py:830} INFO - Processing file /home/airflow/.local/lib/python3.8/site-packages/airflow/example_dags/tutorial.py for tasks to queue
[2024-04-04T09:46:31.527+0000] {logging_mixin.py:188} INFO - [2024-04-04T09:46:31.526+0000] {dagbag.py:540} INFO - Filling up the DagBag from /home/airflow/.local/lib/python3.8/site-packages/airflow/example_dags/tutorial.py
[2024-04-04T09:46:31.534+0000] {processor.py:840} INFO - DAG(s) 'tutorial' retrieved from /home/airflow/.local/lib/python3.8/site-packages/airflow/example_dags/tutorial.py
[2024-04-04T09:46:31.559+0000] {logging_mixin.py:188} INFO - [2024-04-04T09:46:31.559+0000] {dag.py:3047} INFO - Sync 1 DAGs
[2024-04-04T09:46:31.588+0000] {logging_mixin.py:188} INFO - [2024-04-04T09:46:31.588+0000] {dag.py:3834} INFO - Setting next_dagrun for tutorial to 2024-04-03 00:00:00+00:00, run_after=2024-04-04 00:00:00+00:00
[2024-04-04T09:46:31.615+0000] {processor.py:183} INFO - Processing /home/airflow/.local/lib/python3.8/site-packages/airflow/example_dags/tutorial.py took 0.097 seconds
[2024-04-04T09:47:01.863+0000] {processor.py:161} INFO - Started process (PID=964) to work on /home/airflow/.local/lib/python3.8/site-packages/airflow/example_dags/tutorial.py
[2024-04-04T09:47:01.865+0000] {processor.py:830} INFO - Processing file /home/airflow/.local/lib/python3.8/site-packages/airflow/example_dags/tutorial.py for tasks to queue
[2024-04-04T09:47:01.867+0000] {logging_mixin.py:188} INFO - [2024-04-04T09:47:01.866+0000] {dagbag.py:540} INFO - Filling up the DagBag from /home/airflow/.local/lib/python3.8/site-packages/airflow/example_dags/tutorial.py
[2024-04-04T09:47:01.874+0000] {processor.py:840} INFO - DAG(s) 'tutorial' retrieved from /home/airflow/.local/lib/python3.8/site-packages/airflow/example_dags/tutorial.py
[2024-04-04T09:47:01.908+0000] {logging_mixin.py:188} INFO - [2024-04-04T09:47:01.907+0000] {dag.py:3047} INFO - Sync 1 DAGs
[2024-04-04T09:47:01.941+0000] {logging_mixin.py:188} INFO - [2024-04-04T09:47:01.940+0000] {dag.py:3834} INFO - Setting next_dagrun for tutorial to 2024-04-03 00:00:00+00:00, run_after=2024-04-04 00:00:00+00:00
[2024-04-04T09:47:01.971+0000] {processor.py:183} INFO - Processing /home/airflow/.local/lib/python3.8/site-packages/airflow/example_dags/tutorial.py took 0.112 seconds
[2024-04-04T09:47:32.255+0000] {processor.py:161} INFO - Started process (PID=1020) to work on /home/airflow/.local/lib/python3.8/site-packages/airflow/example_dags/tutorial.py
[2024-04-04T09:47:32.257+0000] {processor.py:830} INFO - Processing file /home/airflow/.local/lib/python3.8/site-packages/airflow/example_dags/tutorial.py for tasks to queue
[2024-04-04T09:47:32.260+0000] {logging_mixin.py:188} INFO - [2024-04-04T09:47:32.260+0000] {dagbag.py:540} INFO - Filling up the DagBag from /home/airflow/.local/lib/python3.8/site-packages/airflow/example_dags/tutorial.py
[2024-04-04T09:47:32.272+0000] {processor.py:840} INFO - DAG(s) 'tutorial' retrieved from /home/airflow/.local/lib/python3.8/site-packages/airflow/example_dags/tutorial.py
[2024-04-04T09:47:32.306+0000] {logging_mixin.py:188} INFO - [2024-04-04T09:47:32.306+0000] {dag.py:3047} INFO - Sync 1 DAGs
[2024-04-04T09:47:32.335+0000] {logging_mixin.py:188} INFO - [2024-04-04T09:47:32.335+0000] {dag.py:3834} INFO - Setting next_dagrun for tutorial to 2024-04-03 00:00:00+00:00, run_after=2024-04-04 00:00:00+00:00
[2024-04-04T09:47:32.362+0000] {processor.py:183} INFO - Processing /home/airflow/.local/lib/python3.8/site-packages/airflow/example_dags/tutorial.py took 0.112 seconds
[2024-04-04T09:48:02.393+0000] {processor.py:161} INFO - Started process (PID=1076) to work on /home/airflow/.local/lib/python3.8/site-packages/airflow/example_dags/tutorial.py
[2024-04-04T09:48:02.394+0000] {processor.py:830} INFO - Processing file /home/airflow/.local/lib/python3.8/site-packages/airflow/example_dags/tutorial.py for tasks to queue
[2024-04-04T09:48:02.396+0000] {logging_mixin.py:188} INFO - [2024-04-04T09:48:02.395+0000] {dagbag.py:540} INFO - Filling up the DagBag from /home/airflow/.local/lib/python3.8/site-packages/airflow/example_dags/tutorial.py
[2024-04-04T09:48:02.401+0000] {processor.py:840} INFO - DAG(s) 'tutorial' retrieved from /home/airflow/.local/lib/python3.8/site-packages/airflow/example_dags/tutorial.py
[2024-04-04T09:48:02.423+0000] {logging_mixin.py:188} INFO - [2024-04-04T09:48:02.423+0000] {dag.py:3047} INFO - Sync 1 DAGs
[2024-04-04T09:48:02.450+0000] {logging_mixin.py:188} INFO - [2024-04-04T09:48:02.450+0000] {dag.py:3834} INFO - Setting next_dagrun for tutorial to 2024-04-03 00:00:00+00:00, run_after=2024-04-04 00:00:00+00:00
[2024-04-04T09:48:02.475+0000] {processor.py:183} INFO - Processing /home/airflow/.local/lib/python3.8/site-packages/airflow/example_dags/tutorial.py took 0.085 seconds
[2024-04-04T09:48:32.879+0000] {processor.py:161} INFO - Started process (PID=1132) to work on /home/airflow/.local/lib/python3.8/site-packages/airflow/example_dags/tutorial.py
[2024-04-04T09:48:32.880+0000] {processor.py:830} INFO - Processing file /home/airflow/.local/lib/python3.8/site-packages/airflow/example_dags/tutorial.py for tasks to queue
[2024-04-04T09:48:32.883+0000] {logging_mixin.py:188} INFO - [2024-04-04T09:48:32.883+0000] {dagbag.py:540} INFO - Filling up the DagBag from /home/airflow/.local/lib/python3.8/site-packages/airflow/example_dags/tutorial.py
[2024-04-04T09:48:32.889+0000] {processor.py:840} INFO - DAG(s) 'tutorial' retrieved from /home/airflow/.local/lib/python3.8/site-packages/airflow/example_dags/tutorial.py
[2024-04-04T09:48:32.914+0000] {logging_mixin.py:188} INFO - [2024-04-04T09:48:32.914+0000] {dag.py:3047} INFO - Sync 1 DAGs
[2024-04-04T09:48:32.940+0000] {logging_mixin.py:188} INFO - [2024-04-04T09:48:32.940+0000] {dag.py:3834} INFO - Setting next_dagrun for tutorial to 2024-04-03 00:00:00+00:00, run_after=2024-04-04 00:00:00+00:00
[2024-04-04T09:48:32.968+0000] {processor.py:183} INFO - Processing /home/airflow/.local/lib/python3.8/site-packages/airflow/example_dags/tutorial.py took 0.092 seconds
[2024-04-04T09:49:03.117+0000] {processor.py:161} INFO - Started process (PID=1188) to work on /home/airflow/.local/lib/python3.8/site-packages/airflow/example_dags/tutorial.py
[2024-04-04T09:49:03.119+0000] {processor.py:830} INFO - Processing file /home/airflow/.local/lib/python3.8/site-packages/airflow/example_dags/tutorial.py for tasks to queue
[2024-04-04T09:49:03.121+0000] {logging_mixin.py:188} INFO - [2024-04-04T09:49:03.121+0000] {dagbag.py:540} INFO - Filling up the DagBag from /home/airflow/.local/lib/python3.8/site-packages/airflow/example_dags/tutorial.py
[2024-04-04T09:49:03.127+0000] {processor.py:840} INFO - DAG(s) 'tutorial' retrieved from /home/airflow/.local/lib/python3.8/site-packages/airflow/example_dags/tutorial.py
[2024-04-04T09:49:03.149+0000] {logging_mixin.py:188} INFO - [2024-04-04T09:49:03.148+0000] {dag.py:3047} INFO - Sync 1 DAGs
[2024-04-04T09:49:03.173+0000] {logging_mixin.py:188} INFO - [2024-04-04T09:49:03.173+0000] {dag.py:3834} INFO - Setting next_dagrun for tutorial to 2024-04-03 00:00:00+00:00, run_after=2024-04-04 00:00:00+00:00
[2024-04-04T09:49:03.197+0000] {processor.py:183} INFO - Processing /home/airflow/.local/lib/python3.8/site-packages/airflow/example_dags/tutorial.py took 0.082 seconds
[2024-04-04T09:49:34.046+0000] {processor.py:161} INFO - Started process (PID=1248) to work on /home/airflow/.local/lib/python3.8/site-packages/airflow/example_dags/tutorial.py
[2024-04-04T09:49:34.048+0000] {processor.py:830} INFO - Processing file /home/airflow/.local/lib/python3.8/site-packages/airflow/example_dags/tutorial.py for tasks to queue
[2024-04-04T09:49:34.050+0000] {logging_mixin.py:188} INFO - [2024-04-04T09:49:34.050+0000] {dagbag.py:540} INFO - Filling up the DagBag from /home/airflow/.local/lib/python3.8/site-packages/airflow/example_dags/tutorial.py
[2024-04-04T09:49:34.056+0000] {processor.py:840} INFO - DAG(s) 'tutorial' retrieved from /home/airflow/.local/lib/python3.8/site-packages/airflow/example_dags/tutorial.py
[2024-04-04T09:49:34.083+0000] {logging_mixin.py:188} INFO - [2024-04-04T09:49:34.082+0000] {dag.py:3047} INFO - Sync 1 DAGs
[2024-04-04T09:49:34.111+0000] {logging_mixin.py:188} INFO - [2024-04-04T09:49:34.111+0000] {dag.py:3834} INFO - Setting next_dagrun for tutorial to 2024-04-03 00:00:00+00:00, run_after=2024-04-04 00:00:00+00:00
[2024-04-04T09:49:34.144+0000] {processor.py:183} INFO - Processing /home/airflow/.local/lib/python3.8/site-packages/airflow/example_dags/tutorial.py took 0.101 seconds
[2024-04-04T09:50:05.064+0000] {processor.py:161} INFO - Started process (PID=1304) to work on /home/airflow/.local/lib/python3.8/site-packages/airflow/example_dags/tutorial.py
[2024-04-04T09:50:05.065+0000] {processor.py:830} INFO - Processing file /home/airflow/.local/lib/python3.8/site-packages/airflow/example_dags/tutorial.py for tasks to queue
[2024-04-04T09:50:05.068+0000] {logging_mixin.py:188} INFO - [2024-04-04T09:50:05.068+0000] {dagbag.py:540} INFO - Filling up the DagBag from /home/airflow/.local/lib/python3.8/site-packages/airflow/example_dags/tutorial.py
[2024-04-04T09:50:05.078+0000] {processor.py:840} INFO - DAG(s) 'tutorial' retrieved from /home/airflow/.local/lib/python3.8/site-packages/airflow/example_dags/tutorial.py
[2024-04-04T09:50:05.111+0000] {logging_mixin.py:188} INFO - [2024-04-04T09:50:05.111+0000] {dag.py:3047} INFO - Sync 1 DAGs
[2024-04-04T09:50:05.140+0000] {logging_mixin.py:188} INFO - [2024-04-04T09:50:05.140+0000] {dag.py:3834} INFO - Setting next_dagrun for tutorial to 2024-04-03 00:00:00+00:00, run_after=2024-04-04 00:00:00+00:00
[2024-04-04T09:50:05.165+0000] {processor.py:183} INFO - Processing /home/airflow/.local/lib/python3.8/site-packages/airflow/example_dags/tutorial.py took 0.104 seconds
[2024-04-04T09:50:35.317+0000] {processor.py:161} INFO - Started process (PID=1360) to work on /home/airflow/.local/lib/python3.8/site-packages/airflow/example_dags/tutorial.py
[2024-04-04T09:50:35.318+0000] {processor.py:830} INFO - Processing file /home/airflow/.local/lib/python3.8/site-packages/airflow/example_dags/tutorial.py for tasks to queue
[2024-04-04T09:50:35.320+0000] {logging_mixin.py:188} INFO - [2024-04-04T09:50:35.320+0000] {dagbag.py:540} INFO - Filling up the DagBag from /home/airflow/.local/lib/python3.8/site-packages/airflow/example_dags/tutorial.py
[2024-04-04T09:50:35.326+0000] {processor.py:840} INFO - DAG(s) 'tutorial' retrieved from /home/airflow/.local/lib/python3.8/site-packages/airflow/example_dags/tutorial.py
[2024-04-04T09:50:35.349+0000] {logging_mixin.py:188} INFO - [2024-04-04T09:50:35.349+0000] {dag.py:3047} INFO - Sync 1 DAGs
[2024-04-04T09:50:35.375+0000] {logging_mixin.py:188} INFO - [2024-04-04T09:50:35.375+0000] {dag.py:3834} INFO - Setting next_dagrun for tutorial to 2024-04-03 00:00:00+00:00, run_after=2024-04-04 00:00:00+00:00
[2024-04-04T09:50:35.401+0000] {processor.py:183} INFO - Processing /home/airflow/.local/lib/python3.8/site-packages/airflow/example_dags/tutorial.py took 0.086 seconds
[2024-04-04T09:51:05.857+0000] {processor.py:161} INFO - Started process (PID=1416) to work on /home/airflow/.local/lib/python3.8/site-packages/airflow/example_dags/tutorial.py
[2024-04-04T09:51:05.859+0000] {processor.py:830} INFO - Processing file /home/airflow/.local/lib/python3.8/site-packages/airflow/example_dags/tutorial.py for tasks to queue
[2024-04-04T09:51:05.861+0000] {logging_mixin.py:188} INFO - [2024-04-04T09:51:05.861+0000] {dagbag.py:540} INFO - Filling up the DagBag from /home/airflow/.local/lib/python3.8/site-packages/airflow/example_dags/tutorial.py
[2024-04-04T09:51:05.867+0000] {processor.py:840} INFO - DAG(s) 'tutorial' retrieved from /home/airflow/.local/lib/python3.8/site-packages/airflow/example_dags/tutorial.py
[2024-04-04T09:51:05.894+0000] {logging_mixin.py:188} INFO - [2024-04-04T09:51:05.894+0000] {dag.py:3047} INFO - Sync 1 DAGs
[2024-04-04T09:51:05.921+0000] {logging_mixin.py:188} INFO - [2024-04-04T09:51:05.920+0000] {dag.py:3834} INFO - Setting next_dagrun for tutorial to 2024-04-03 00:00:00+00:00, run_after=2024-04-04 00:00:00+00:00
[2024-04-04T09:51:05.947+0000] {processor.py:183} INFO - Processing /home/airflow/.local/lib/python3.8/site-packages/airflow/example_dags/tutorial.py took 0.093 seconds
[2024-04-04T09:51:36.321+0000] {processor.py:161} INFO - Started process (PID=1472) to work on /home/airflow/.local/lib/python3.8/site-packages/airflow/example_dags/tutorial.py
[2024-04-04T09:51:36.323+0000] {processor.py:830} INFO - Processing file /home/airflow/.local/lib/python3.8/site-packages/airflow/example_dags/tutorial.py for tasks to queue
[2024-04-04T09:51:36.325+0000] {logging_mixin.py:188} INFO - [2024-04-04T09:51:36.325+0000] {dagbag.py:540} INFO - Filling up the DagBag from /home/airflow/.local/lib/python3.8/site-packages/airflow/example_dags/tutorial.py
[2024-04-04T09:51:36.331+0000] {processor.py:840} INFO - DAG(s) 'tutorial' retrieved from /home/airflow/.local/lib/python3.8/site-packages/airflow/example_dags/tutorial.py
[2024-04-04T09:51:36.355+0000] {logging_mixin.py:188} INFO - [2024-04-04T09:51:36.355+0000] {dag.py:3047} INFO - Sync 1 DAGs
[2024-04-04T09:51:36.384+0000] {logging_mixin.py:188} INFO - [2024-04-04T09:51:36.383+0000] {dag.py:3834} INFO - Setting next_dagrun for tutorial to 2024-04-03 00:00:00+00:00, run_after=2024-04-04 00:00:00+00:00
[2024-04-04T09:51:36.412+0000] {processor.py:183} INFO - Processing /home/airflow/.local/lib/python3.8/site-packages/airflow/example_dags/tutorial.py took 0.093 seconds
[2024-04-04T09:52:06.946+0000] {processor.py:161} INFO - Started process (PID=1528) to work on /home/airflow/.local/lib/python3.8/site-packages/airflow/example_dags/tutorial.py
[2024-04-04T09:52:06.947+0000] {processor.py:830} INFO - Processing file /home/airflow/.local/lib/python3.8/site-packages/airflow/example_dags/tutorial.py for tasks to queue
[2024-04-04T09:52:06.950+0000] {logging_mixin.py:188} INFO - [2024-04-04T09:52:06.950+0000] {dagbag.py:540} INFO - Filling up the DagBag from /home/airflow/.local/lib/python3.8/site-packages/airflow/example_dags/tutorial.py
[2024-04-04T09:52:06.957+0000] {processor.py:840} INFO - DAG(s) 'tutorial' retrieved from /home/airflow/.local/lib/python3.8/site-packages/airflow/example_dags/tutorial.py
[2024-04-04T09:52:06.987+0000] {logging_mixin.py:188} INFO - [2024-04-04T09:52:06.987+0000] {dag.py:3047} INFO - Sync 1 DAGs
[2024-04-04T09:52:07.020+0000] {logging_mixin.py:188} INFO - [2024-04-04T09:52:07.020+0000] {dag.py:3834} INFO - Setting next_dagrun for tutorial to 2024-04-03 00:00:00+00:00, run_after=2024-04-04 00:00:00+00:00
[2024-04-04T09:52:07.048+0000] {processor.py:183} INFO - Processing /home/airflow/.local/lib/python3.8/site-packages/airflow/example_dags/tutorial.py took 0.106 seconds
[2024-04-04T09:52:37.320+0000] {processor.py:161} INFO - Started process (PID=1584) to work on /home/airflow/.local/lib/python3.8/site-packages/airflow/example_dags/tutorial.py
[2024-04-04T09:52:37.322+0000] {processor.py:830} INFO - Processing file /home/airflow/.local/lib/python3.8/site-packages/airflow/example_dags/tutorial.py for tasks to queue
[2024-04-04T09:52:37.327+0000] {logging_mixin.py:188} INFO - [2024-04-04T09:52:37.326+0000] {dagbag.py:540} INFO - Filling up the DagBag from /home/airflow/.local/lib/python3.8/site-packages/airflow/example_dags/tutorial.py
[2024-04-04T09:52:37.340+0000] {processor.py:840} INFO - DAG(s) 'tutorial' retrieved from /home/airflow/.local/lib/python3.8/site-packages/airflow/example_dags/tutorial.py
[2024-04-04T09:52:37.387+0000] {logging_mixin.py:188} INFO - [2024-04-04T09:52:37.387+0000] {dag.py:3047} INFO - Sync 1 DAGs
[2024-04-04T09:52:37.439+0000] {logging_mixin.py:188} INFO - [2024-04-04T09:52:37.439+0000] {dag.py:3834} INFO - Setting next_dagrun for tutorial to 2024-04-03 00:00:00+00:00, run_after=2024-04-04 00:00:00+00:00
[2024-04-04T09:52:37.502+0000] {processor.py:183} INFO - Processing /home/airflow/.local/lib/python3.8/site-packages/airflow/example_dags/tutorial.py took 0.186 seconds
[2024-04-04T09:53:07.726+0000] {processor.py:161} INFO - Started process (PID=1640) to work on /home/airflow/.local/lib/python3.8/site-packages/airflow/example_dags/tutorial.py
[2024-04-04T09:53:07.731+0000] {processor.py:830} INFO - Processing file /home/airflow/.local/lib/python3.8/site-packages/airflow/example_dags/tutorial.py for tasks to queue
[2024-04-04T09:53:07.733+0000] {logging_mixin.py:188} INFO - [2024-04-04T09:53:07.733+0000] {dagbag.py:540} INFO - Filling up the DagBag from /home/airflow/.local/lib/python3.8/site-packages/airflow/example_dags/tutorial.py
[2024-04-04T09:53:07.740+0000] {processor.py:840} INFO - DAG(s) 'tutorial' retrieved from /home/airflow/.local/lib/python3.8/site-packages/airflow/example_dags/tutorial.py
[2024-04-04T09:53:07.765+0000] {logging_mixin.py:188} INFO - [2024-04-04T09:53:07.765+0000] {dag.py:3047} INFO - Sync 1 DAGs
[2024-04-04T09:53:07.816+0000] {logging_mixin.py:188} INFO - [2024-04-04T09:53:07.815+0000] {dag.py:3834} INFO - Setting next_dagrun for tutorial to 2024-04-03 00:00:00+00:00, run_after=2024-04-04 00:00:00+00:00
[2024-04-04T09:53:07.871+0000] {processor.py:183} INFO - Processing /home/airflow/.local/lib/python3.8/site-packages/airflow/example_dags/tutorial.py took 0.150 seconds
[2024-04-04T09:53:38.521+0000] {processor.py:161} INFO - Started process (PID=1697) to work on /home/airflow/.local/lib/python3.8/site-packages/airflow/example_dags/tutorial.py
[2024-04-04T09:53:38.522+0000] {processor.py:830} INFO - Processing file /home/airflow/.local/lib/python3.8/site-packages/airflow/example_dags/tutorial.py for tasks to queue
[2024-04-04T09:53:38.524+0000] {logging_mixin.py:188} INFO - [2024-04-04T09:53:38.523+0000] {dagbag.py:540} INFO - Filling up the DagBag from /home/airflow/.local/lib/python3.8/site-packages/airflow/example_dags/tutorial.py
[2024-04-04T09:53:38.529+0000] {processor.py:840} INFO - DAG(s) 'tutorial' retrieved from /home/airflow/.local/lib/python3.8/site-packages/airflow/example_dags/tutorial.py
[2024-04-04T09:53:38.551+0000] {logging_mixin.py:188} INFO - [2024-04-04T09:53:38.551+0000] {dag.py:3047} INFO - Sync 1 DAGs
[2024-04-04T09:53:38.576+0000] {logging_mixin.py:188} INFO - [2024-04-04T09:53:38.576+0000] {dag.py:3834} INFO - Setting next_dagrun for tutorial to 2024-04-03 00:00:00+00:00, run_after=2024-04-04 00:00:00+00:00
[2024-04-04T09:53:38.603+0000] {processor.py:183} INFO - Processing /home/airflow/.local/lib/python3.8/site-packages/airflow/example_dags/tutorial.py took 0.086 seconds
[2024-04-04T09:54:08.840+0000] {processor.py:161} INFO - Started process (PID=1753) to work on /home/airflow/.local/lib/python3.8/site-packages/airflow/example_dags/tutorial.py
[2024-04-04T09:54:08.841+0000] {processor.py:830} INFO - Processing file /home/airflow/.local/lib/python3.8/site-packages/airflow/example_dags/tutorial.py for tasks to queue
[2024-04-04T09:54:08.844+0000] {logging_mixin.py:188} INFO - [2024-04-04T09:54:08.844+0000] {dagbag.py:540} INFO - Filling up the DagBag from /home/airflow/.local/lib/python3.8/site-packages/airflow/example_dags/tutorial.py
[2024-04-04T09:54:08.850+0000] {processor.py:840} INFO - DAG(s) 'tutorial' retrieved from /home/airflow/.local/lib/python3.8/site-packages/airflow/example_dags/tutorial.py
[2024-04-04T09:54:08.872+0000] {logging_mixin.py:188} INFO - [2024-04-04T09:54:08.871+0000] {dag.py:3047} INFO - Sync 1 DAGs
[2024-04-04T09:54:08.894+0000] {logging_mixin.py:188} INFO - [2024-04-04T09:54:08.894+0000] {dag.py:3834} INFO - Setting next_dagrun for tutorial to 2024-04-03 00:00:00+00:00, run_after=2024-04-04 00:00:00+00:00
[2024-04-04T09:54:08.919+0000] {processor.py:183} INFO - Processing /home/airflow/.local/lib/python3.8/site-packages/airflow/example_dags/tutorial.py took 0.083 seconds
[2024-04-04T09:54:39.832+0000] {processor.py:161} INFO - Started process (PID=1810) to work on /home/airflow/.local/lib/python3.8/site-packages/airflow/example_dags/tutorial.py
[2024-04-04T09:54:39.834+0000] {processor.py:830} INFO - Processing file /home/airflow/.local/lib/python3.8/site-packages/airflow/example_dags/tutorial.py for tasks to queue
[2024-04-04T09:54:39.837+0000] {logging_mixin.py:188} INFO - [2024-04-04T09:54:39.836+0000] {dagbag.py:540} INFO - Filling up the DagBag from /home/airflow/.local/lib/python3.8/site-packages/airflow/example_dags/tutorial.py
[2024-04-04T09:54:39.843+0000] {processor.py:840} INFO - DAG(s) 'tutorial' retrieved from /home/airflow/.local/lib/python3.8/site-packages/airflow/example_dags/tutorial.py
[2024-04-04T09:54:39.866+0000] {logging_mixin.py:188} INFO - [2024-04-04T09:54:39.865+0000] {dag.py:3047} INFO - Sync 1 DAGs
[2024-04-04T09:54:39.890+0000] {logging_mixin.py:188} INFO - [2024-04-04T09:54:39.890+0000] {dag.py:3834} INFO - Setting next_dagrun for tutorial to 2024-04-03 00:00:00+00:00, run_after=2024-04-04 00:00:00+00:00
[2024-04-04T09:54:39.917+0000] {processor.py:183} INFO - Processing /home/airflow/.local/lib/python3.8/site-packages/airflow/example_dags/tutorial.py took 0.089 seconds
[2024-04-04T09:55:10.209+0000] {processor.py:161} INFO - Started process (PID=1866) to work on /home/airflow/.local/lib/python3.8/site-packages/airflow/example_dags/tutorial.py
[2024-04-04T09:55:10.211+0000] {processor.py:830} INFO - Processing file /home/airflow/.local/lib/python3.8/site-packages/airflow/example_dags/tutorial.py for tasks to queue
[2024-04-04T09:55:10.213+0000] {logging_mixin.py:188} INFO - [2024-04-04T09:55:10.213+0000] {dagbag.py:540} INFO - Filling up the DagBag from /home/airflow/.local/lib/python3.8/site-packages/airflow/example_dags/tutorial.py
[2024-04-04T09:55:10.218+0000] {processor.py:840} INFO - DAG(s) 'tutorial' retrieved from /home/airflow/.local/lib/python3.8/site-packages/airflow/example_dags/tutorial.py
[2024-04-04T09:55:10.242+0000] {logging_mixin.py:188} INFO - [2024-04-04T09:55:10.242+0000] {dag.py:3047} INFO - Sync 1 DAGs
[2024-04-04T09:55:10.270+0000] {logging_mixin.py:188} INFO - [2024-04-04T09:55:10.270+0000] {dag.py:3834} INFO - Setting next_dagrun for tutorial to 2024-04-03 00:00:00+00:00, run_after=2024-04-04 00:00:00+00:00
[2024-04-04T09:55:10.303+0000] {processor.py:183} INFO - Processing /home/airflow/.local/lib/python3.8/site-packages/airflow/example_dags/tutorial.py took 0.096 seconds
[2024-04-04T09:55:40.829+0000] {processor.py:161} INFO - Started process (PID=1928) to work on /home/airflow/.local/lib/python3.8/site-packages/airflow/example_dags/tutorial.py
[2024-04-04T09:55:40.831+0000] {processor.py:830} INFO - Processing file /home/airflow/.local/lib/python3.8/site-packages/airflow/example_dags/tutorial.py for tasks to queue
[2024-04-04T09:55:40.835+0000] {logging_mixin.py:188} INFO - [2024-04-04T09:55:40.834+0000] {dagbag.py:540} INFO - Filling up the DagBag from /home/airflow/.local/lib/python3.8/site-packages/airflow/example_dags/tutorial.py
[2024-04-04T09:55:40.842+0000] {processor.py:840} INFO - DAG(s) 'tutorial' retrieved from /home/airflow/.local/lib/python3.8/site-packages/airflow/example_dags/tutorial.py
[2024-04-04T09:55:40.877+0000] {logging_mixin.py:188} INFO - [2024-04-04T09:55:40.877+0000] {dag.py:3047} INFO - Sync 1 DAGs
[2024-04-04T09:55:40.900+0000] {logging_mixin.py:188} INFO - [2024-04-04T09:55:40.900+0000] {dag.py:3834} INFO - Setting next_dagrun for tutorial to 2024-04-03 00:00:00+00:00, run_after=2024-04-04 00:00:00+00:00
[2024-04-04T09:55:40.929+0000] {processor.py:183} INFO - Processing /home/airflow/.local/lib/python3.8/site-packages/airflow/example_dags/tutorial.py took 0.104 seconds
[2024-04-04T09:56:11.513+0000] {processor.py:161} INFO - Started process (PID=1987) to work on /home/airflow/.local/lib/python3.8/site-packages/airflow/example_dags/tutorial.py
[2024-04-04T09:56:11.514+0000] {processor.py:830} INFO - Processing file /home/airflow/.local/lib/python3.8/site-packages/airflow/example_dags/tutorial.py for tasks to queue
[2024-04-04T09:56:11.516+0000] {logging_mixin.py:188} INFO - [2024-04-04T09:56:11.516+0000] {dagbag.py:540} INFO - Filling up the DagBag from /home/airflow/.local/lib/python3.8/site-packages/airflow/example_dags/tutorial.py
[2024-04-04T09:56:11.523+0000] {processor.py:840} INFO - DAG(s) 'tutorial' retrieved from /home/airflow/.local/lib/python3.8/site-packages/airflow/example_dags/tutorial.py
[2024-04-04T09:56:11.547+0000] {logging_mixin.py:188} INFO - [2024-04-04T09:56:11.547+0000] {dag.py:3047} INFO - Sync 1 DAGs
[2024-04-04T09:56:11.572+0000] {logging_mixin.py:188} INFO - [2024-04-04T09:56:11.572+0000] {dag.py:3834} INFO - Setting next_dagrun for tutorial to 2024-04-03 00:00:00+00:00, run_after=2024-04-04 00:00:00+00:00
[2024-04-04T09:56:11.600+0000] {processor.py:183} INFO - Processing /home/airflow/.local/lib/python3.8/site-packages/airflow/example_dags/tutorial.py took 0.090 seconds
[2024-04-04T09:56:41.826+0000] {processor.py:161} INFO - Started process (PID=2043) to work on /home/airflow/.local/lib/python3.8/site-packages/airflow/example_dags/tutorial.py
[2024-04-04T09:56:41.828+0000] {processor.py:830} INFO - Processing file /home/airflow/.local/lib/python3.8/site-packages/airflow/example_dags/tutorial.py for tasks to queue
[2024-04-04T09:56:41.830+0000] {logging_mixin.py:188} INFO - [2024-04-04T09:56:41.830+0000] {dagbag.py:540} INFO - Filling up the DagBag from /home/airflow/.local/lib/python3.8/site-packages/airflow/example_dags/tutorial.py
[2024-04-04T09:56:41.837+0000] {processor.py:840} INFO - DAG(s) 'tutorial' retrieved from /home/airflow/.local/lib/python3.8/site-packages/airflow/example_dags/tutorial.py
[2024-04-04T09:56:41.859+0000] {logging_mixin.py:188} INFO - [2024-04-04T09:56:41.859+0000] {dag.py:3047} INFO - Sync 1 DAGs
[2024-04-04T09:56:41.883+0000] {logging_mixin.py:188} INFO - [2024-04-04T09:56:41.883+0000] {dag.py:3834} INFO - Setting next_dagrun for tutorial to 2024-04-03 00:00:00+00:00, run_after=2024-04-04 00:00:00+00:00
[2024-04-04T09:56:41.910+0000] {processor.py:183} INFO - Processing /home/airflow/.local/lib/python3.8/site-packages/airflow/example_dags/tutorial.py took 0.086 seconds
[2024-04-04T09:57:12.410+0000] {processor.py:161} INFO - Started process (PID=2099) to work on /home/airflow/.local/lib/python3.8/site-packages/airflow/example_dags/tutorial.py
[2024-04-04T09:57:12.411+0000] {processor.py:830} INFO - Processing file /home/airflow/.local/lib/python3.8/site-packages/airflow/example_dags/tutorial.py for tasks to queue
[2024-04-04T09:57:12.413+0000] {logging_mixin.py:188} INFO - [2024-04-04T09:57:12.413+0000] {dagbag.py:540} INFO - Filling up the DagBag from /home/airflow/.local/lib/python3.8/site-packages/airflow/example_dags/tutorial.py
[2024-04-04T09:57:12.418+0000] {processor.py:840} INFO - DAG(s) 'tutorial' retrieved from /home/airflow/.local/lib/python3.8/site-packages/airflow/example_dags/tutorial.py
[2024-04-04T09:57:12.440+0000] {logging_mixin.py:188} INFO - [2024-04-04T09:57:12.440+0000] {dag.py:3047} INFO - Sync 1 DAGs
[2024-04-04T09:57:12.464+0000] {logging_mixin.py:188} INFO - [2024-04-04T09:57:12.464+0000] {dag.py:3834} INFO - Setting next_dagrun for tutorial to 2024-04-03 00:00:00+00:00, run_after=2024-04-04 00:00:00+00:00
[2024-04-04T09:57:12.492+0000] {processor.py:183} INFO - Processing /home/airflow/.local/lib/python3.8/site-packages/airflow/example_dags/tutorial.py took 0.085 seconds
[2024-04-04T09:57:42.611+0000] {processor.py:161} INFO - Started process (PID=2155) to work on /home/airflow/.local/lib/python3.8/site-packages/airflow/example_dags/tutorial.py
[2024-04-04T09:57:42.612+0000] {processor.py:830} INFO - Processing file /home/airflow/.local/lib/python3.8/site-packages/airflow/example_dags/tutorial.py for tasks to queue
[2024-04-04T09:57:42.615+0000] {logging_mixin.py:188} INFO - [2024-04-04T09:57:42.614+0000] {dagbag.py:540} INFO - Filling up the DagBag from /home/airflow/.local/lib/python3.8/site-packages/airflow/example_dags/tutorial.py
[2024-04-04T09:57:42.623+0000] {processor.py:840} INFO - DAG(s) 'tutorial' retrieved from /home/airflow/.local/lib/python3.8/site-packages/airflow/example_dags/tutorial.py
[2024-04-04T09:57:42.650+0000] {logging_mixin.py:188} INFO - [2024-04-04T09:57:42.650+0000] {dag.py:3047} INFO - Sync 1 DAGs
[2024-04-04T09:57:42.675+0000] {logging_mixin.py:188} INFO - [2024-04-04T09:57:42.674+0000] {dag.py:3834} INFO - Setting next_dagrun for tutorial to 2024-04-03 00:00:00+00:00, run_after=2024-04-04 00:00:00+00:00
[2024-04-04T09:57:42.701+0000] {processor.py:183} INFO - Processing /home/airflow/.local/lib/python3.8/site-packages/airflow/example_dags/tutorial.py took 0.094 seconds
[2024-04-04T09:58:12.752+0000] {processor.py:161} INFO - Started process (PID=2211) to work on /home/airflow/.local/lib/python3.8/site-packages/airflow/example_dags/tutorial.py
[2024-04-04T09:58:12.754+0000] {processor.py:830} INFO - Processing file /home/airflow/.local/lib/python3.8/site-packages/airflow/example_dags/tutorial.py for tasks to queue
[2024-04-04T09:58:12.757+0000] {logging_mixin.py:188} INFO - [2024-04-04T09:58:12.756+0000] {dagbag.py:540} INFO - Filling up the DagBag from /home/airflow/.local/lib/python3.8/site-packages/airflow/example_dags/tutorial.py
[2024-04-04T09:58:12.763+0000] {processor.py:840} INFO - DAG(s) 'tutorial' retrieved from /home/airflow/.local/lib/python3.8/site-packages/airflow/example_dags/tutorial.py
[2024-04-04T09:58:12.786+0000] {logging_mixin.py:188} INFO - [2024-04-04T09:58:12.786+0000] {dag.py:3047} INFO - Sync 1 DAGs
[2024-04-04T09:58:12.808+0000] {logging_mixin.py:188} INFO - [2024-04-04T09:58:12.808+0000] {dag.py:3834} INFO - Setting next_dagrun for tutorial to 2024-04-03 00:00:00+00:00, run_after=2024-04-04 00:00:00+00:00
[2024-04-04T09:58:12.836+0000] {processor.py:183} INFO - Processing /home/airflow/.local/lib/python3.8/site-packages/airflow/example_dags/tutorial.py took 0.087 seconds
[2024-04-04T09:58:43.074+0000] {processor.py:161} INFO - Started process (PID=2267) to work on /home/airflow/.local/lib/python3.8/site-packages/airflow/example_dags/tutorial.py
[2024-04-04T09:58:43.076+0000] {processor.py:830} INFO - Processing file /home/airflow/.local/lib/python3.8/site-packages/airflow/example_dags/tutorial.py for tasks to queue
[2024-04-04T09:58:43.078+0000] {logging_mixin.py:188} INFO - [2024-04-04T09:58:43.078+0000] {dagbag.py:540} INFO - Filling up the DagBag from /home/airflow/.local/lib/python3.8/site-packages/airflow/example_dags/tutorial.py
[2024-04-04T09:58:43.084+0000] {processor.py:840} INFO - DAG(s) 'tutorial' retrieved from /home/airflow/.local/lib/python3.8/site-packages/airflow/example_dags/tutorial.py
[2024-04-04T09:58:43.108+0000] {logging_mixin.py:188} INFO - [2024-04-04T09:58:43.107+0000] {dag.py:3047} INFO - Sync 1 DAGs
[2024-04-04T09:58:43.132+0000] {logging_mixin.py:188} INFO - [2024-04-04T09:58:43.132+0000] {dag.py:3834} INFO - Setting next_dagrun for tutorial to 2024-04-03 00:00:00+00:00, run_after=2024-04-04 00:00:00+00:00
[2024-04-04T09:58:43.159+0000] {processor.py:183} INFO - Processing /home/airflow/.local/lib/python3.8/site-packages/airflow/example_dags/tutorial.py took 0.087 seconds
[2024-04-04T09:59:13.509+0000] {processor.py:161} INFO - Started process (PID=2323) to work on /home/airflow/.local/lib/python3.8/site-packages/airflow/example_dags/tutorial.py
[2024-04-04T09:59:13.511+0000] {processor.py:830} INFO - Processing file /home/airflow/.local/lib/python3.8/site-packages/airflow/example_dags/tutorial.py for tasks to queue
[2024-04-04T09:59:13.513+0000] {logging_mixin.py:188} INFO - [2024-04-04T09:59:13.512+0000] {dagbag.py:540} INFO - Filling up the DagBag from /home/airflow/.local/lib/python3.8/site-packages/airflow/example_dags/tutorial.py
[2024-04-04T09:59:13.518+0000] {processor.py:840} INFO - DAG(s) 'tutorial' retrieved from /home/airflow/.local/lib/python3.8/site-packages/airflow/example_dags/tutorial.py
[2024-04-04T09:59:13.540+0000] {logging_mixin.py:188} INFO - [2024-04-04T09:59:13.540+0000] {dag.py:3047} INFO - Sync 1 DAGs
[2024-04-04T09:59:13.563+0000] {logging_mixin.py:188} INFO - [2024-04-04T09:59:13.563+0000] {dag.py:3834} INFO - Setting next_dagrun for tutorial to 2024-04-03 00:00:00+00:00, run_after=2024-04-04 00:00:00+00:00
[2024-04-04T09:59:13.590+0000] {processor.py:183} INFO - Processing /home/airflow/.local/lib/python3.8/site-packages/airflow/example_dags/tutorial.py took 0.083 seconds
[2024-04-04T09:59:43.882+0000] {processor.py:161} INFO - Started process (PID=2379) to work on /home/airflow/.local/lib/python3.8/site-packages/airflow/example_dags/tutorial.py
[2024-04-04T09:59:43.884+0000] {processor.py:830} INFO - Processing file /home/airflow/.local/lib/python3.8/site-packages/airflow/example_dags/tutorial.py for tasks to queue
[2024-04-04T09:59:43.886+0000] {logging_mixin.py:188} INFO - [2024-04-04T09:59:43.886+0000] {dagbag.py:540} INFO - Filling up the DagBag from /home/airflow/.local/lib/python3.8/site-packages/airflow/example_dags/tutorial.py
[2024-04-04T09:59:43.892+0000] {processor.py:840} INFO - DAG(s) 'tutorial' retrieved from /home/airflow/.local/lib/python3.8/site-packages/airflow/example_dags/tutorial.py
[2024-04-04T09:59:43.912+0000] {logging_mixin.py:188} INFO - [2024-04-04T09:59:43.912+0000] {dag.py:3047} INFO - Sync 1 DAGs
[2024-04-04T09:59:43.935+0000] {logging_mixin.py:188} INFO - [2024-04-04T09:59:43.935+0000] {dag.py:3834} INFO - Setting next_dagrun for tutorial to 2024-04-03 00:00:00+00:00, run_after=2024-04-04 00:00:00+00:00
[2024-04-04T09:59:43.961+0000] {processor.py:183} INFO - Processing /home/airflow/.local/lib/python3.8/site-packages/airflow/example_dags/tutorial.py took 0.081 seconds
[2024-04-04T10:00:14.224+0000] {processor.py:161} INFO - Started process (PID=2435) to work on /home/airflow/.local/lib/python3.8/site-packages/airflow/example_dags/tutorial.py
[2024-04-04T10:00:14.226+0000] {processor.py:830} INFO - Processing file /home/airflow/.local/lib/python3.8/site-packages/airflow/example_dags/tutorial.py for tasks to queue
[2024-04-04T10:00:14.246+0000] {logging_mixin.py:188} INFO - [2024-04-04T10:00:14.246+0000] {dagbag.py:540} INFO - Filling up the DagBag from /home/airflow/.local/lib/python3.8/site-packages/airflow/example_dags/tutorial.py
[2024-04-04T10:00:14.261+0000] {processor.py:840} INFO - DAG(s) 'tutorial' retrieved from /home/airflow/.local/lib/python3.8/site-packages/airflow/example_dags/tutorial.py
[2024-04-04T10:00:14.359+0000] {logging_mixin.py:188} INFO - [2024-04-04T10:00:14.359+0000] {dag.py:3047} INFO - Sync 1 DAGs
[2024-04-04T10:00:14.384+0000] {logging_mixin.py:188} INFO - [2024-04-04T10:00:14.384+0000] {dag.py:3834} INFO - Setting next_dagrun for tutorial to 2024-04-03 00:00:00+00:00, run_after=2024-04-04 00:00:00+00:00
[2024-04-04T10:00:14.425+0000] {processor.py:183} INFO - Processing /home/airflow/.local/lib/python3.8/site-packages/airflow/example_dags/tutorial.py took 0.205 seconds
[2024-04-04T10:00:45.059+0000] {processor.py:161} INFO - Started process (PID=2491) to work on /home/airflow/.local/lib/python3.8/site-packages/airflow/example_dags/tutorial.py
[2024-04-04T10:00:45.060+0000] {processor.py:830} INFO - Processing file /home/airflow/.local/lib/python3.8/site-packages/airflow/example_dags/tutorial.py for tasks to queue
[2024-04-04T10:00:45.062+0000] {logging_mixin.py:188} INFO - [2024-04-04T10:00:45.062+0000] {dagbag.py:540} INFO - Filling up the DagBag from /home/airflow/.local/lib/python3.8/site-packages/airflow/example_dags/tutorial.py
[2024-04-04T10:00:45.068+0000] {processor.py:840} INFO - DAG(s) 'tutorial' retrieved from /home/airflow/.local/lib/python3.8/site-packages/airflow/example_dags/tutorial.py
[2024-04-04T10:00:45.090+0000] {logging_mixin.py:188} INFO - [2024-04-04T10:00:45.090+0000] {dag.py:3047} INFO - Sync 1 DAGs
[2024-04-04T10:00:45.115+0000] {logging_mixin.py:188} INFO - [2024-04-04T10:00:45.114+0000] {dag.py:3834} INFO - Setting next_dagrun for tutorial to 2024-04-03 00:00:00+00:00, run_after=2024-04-04 00:00:00+00:00
[2024-04-04T10:00:45.139+0000] {processor.py:183} INFO - Processing /home/airflow/.local/lib/python3.8/site-packages/airflow/example_dags/tutorial.py took 0.083 seconds
[2024-04-04T10:01:16.065+0000] {processor.py:161} INFO - Started process (PID=2548) to work on /home/airflow/.local/lib/python3.8/site-packages/airflow/example_dags/tutorial.py
[2024-04-04T10:01:16.066+0000] {processor.py:830} INFO - Processing file /home/airflow/.local/lib/python3.8/site-packages/airflow/example_dags/tutorial.py for tasks to queue
[2024-04-04T10:01:16.069+0000] {logging_mixin.py:188} INFO - [2024-04-04T10:01:16.068+0000] {dagbag.py:540} INFO - Filling up the DagBag from /home/airflow/.local/lib/python3.8/site-packages/airflow/example_dags/tutorial.py
[2024-04-04T10:01:16.075+0000] {processor.py:840} INFO - DAG(s) 'tutorial' retrieved from /home/airflow/.local/lib/python3.8/site-packages/airflow/example_dags/tutorial.py
[2024-04-04T10:01:16.104+0000] {logging_mixin.py:188} INFO - [2024-04-04T10:01:16.104+0000] {dag.py:3047} INFO - Sync 1 DAGs
[2024-04-04T10:01:16.139+0000] {logging_mixin.py:188} INFO - [2024-04-04T10:01:16.138+0000] {dag.py:3834} INFO - Setting next_dagrun for tutorial to 2024-04-03 00:00:00+00:00, run_after=2024-04-04 00:00:00+00:00
[2024-04-04T10:01:16.194+0000] {processor.py:183} INFO - Processing /home/airflow/.local/lib/python3.8/site-packages/airflow/example_dags/tutorial.py took 0.132 seconds
[2024-04-04T10:01:46.784+0000] {processor.py:161} INFO - Started process (PID=2604) to work on /home/airflow/.local/lib/python3.8/site-packages/airflow/example_dags/tutorial.py
[2024-04-04T10:01:46.786+0000] {processor.py:830} INFO - Processing file /home/airflow/.local/lib/python3.8/site-packages/airflow/example_dags/tutorial.py for tasks to queue
[2024-04-04T10:01:46.789+0000] {logging_mixin.py:188} INFO - [2024-04-04T10:01:46.788+0000] {dagbag.py:540} INFO - Filling up the DagBag from /home/airflow/.local/lib/python3.8/site-packages/airflow/example_dags/tutorial.py
[2024-04-04T10:01:46.794+0000] {processor.py:840} INFO - DAG(s) 'tutorial' retrieved from /home/airflow/.local/lib/python3.8/site-packages/airflow/example_dags/tutorial.py
[2024-04-04T10:01:46.818+0000] {logging_mixin.py:188} INFO - [2024-04-04T10:01:46.817+0000] {dag.py:3047} INFO - Sync 1 DAGs
[2024-04-04T10:01:46.842+0000] {logging_mixin.py:188} INFO - [2024-04-04T10:01:46.842+0000] {dag.py:3834} INFO - Setting next_dagrun for tutorial to 2024-04-03 00:00:00+00:00, run_after=2024-04-04 00:00:00+00:00
[2024-04-04T10:01:46.865+0000] {processor.py:183} INFO - Processing /home/airflow/.local/lib/python3.8/site-packages/airflow/example_dags/tutorial.py took 0.084 seconds
[2024-04-04T10:02:17.299+0000] {processor.py:161} INFO - Started process (PID=2660) to work on /home/airflow/.local/lib/python3.8/site-packages/airflow/example_dags/tutorial.py
[2024-04-04T10:02:17.311+0000] {processor.py:830} INFO - Processing file /home/airflow/.local/lib/python3.8/site-packages/airflow/example_dags/tutorial.py for tasks to queue
[2024-04-04T10:02:17.316+0000] {logging_mixin.py:188} INFO - [2024-04-04T10:02:17.315+0000] {dagbag.py:540} INFO - Filling up the DagBag from /home/airflow/.local/lib/python3.8/site-packages/airflow/example_dags/tutorial.py
[2024-04-04T10:02:17.324+0000] {processor.py:840} INFO - DAG(s) 'tutorial' retrieved from /home/airflow/.local/lib/python3.8/site-packages/airflow/example_dags/tutorial.py
[2024-04-04T10:02:17.381+0000] {logging_mixin.py:188} INFO - [2024-04-04T10:02:17.381+0000] {dag.py:3047} INFO - Sync 1 DAGs
[2024-04-04T10:02:17.412+0000] {logging_mixin.py:188} INFO - [2024-04-04T10:02:17.411+0000] {dag.py:3834} INFO - Setting next_dagrun for tutorial to 2024-04-03 00:00:00+00:00, run_after=2024-04-04 00:00:00+00:00
[2024-04-04T10:02:17.451+0000] {processor.py:183} INFO - Processing /home/airflow/.local/lib/python3.8/site-packages/airflow/example_dags/tutorial.py took 0.158 seconds
[2024-04-04T10:02:47.645+0000] {processor.py:161} INFO - Started process (PID=2715) to work on /home/airflow/.local/lib/python3.8/site-packages/airflow/example_dags/tutorial.py
[2024-04-04T10:02:47.647+0000] {processor.py:830} INFO - Processing file /home/airflow/.local/lib/python3.8/site-packages/airflow/example_dags/tutorial.py for tasks to queue
[2024-04-04T10:02:47.649+0000] {logging_mixin.py:188} INFO - [2024-04-04T10:02:47.648+0000] {dagbag.py:540} INFO - Filling up the DagBag from /home/airflow/.local/lib/python3.8/site-packages/airflow/example_dags/tutorial.py
[2024-04-04T10:02:47.657+0000] {processor.py:840} INFO - DAG(s) 'tutorial' retrieved from /home/airflow/.local/lib/python3.8/site-packages/airflow/example_dags/tutorial.py
[2024-04-04T10:02:47.684+0000] {logging_mixin.py:188} INFO - [2024-04-04T10:02:47.683+0000] {dag.py:3047} INFO - Sync 1 DAGs
[2024-04-04T10:02:47.709+0000] {logging_mixin.py:188} INFO - [2024-04-04T10:02:47.708+0000] {dag.py:3834} INFO - Setting next_dagrun for tutorial to 2024-04-03 00:00:00+00:00, run_after=2024-04-04 00:00:00+00:00
[2024-04-04T10:02:47.736+0000] {processor.py:183} INFO - Processing /home/airflow/.local/lib/python3.8/site-packages/airflow/example_dags/tutorial.py took 0.094 seconds
[2024-04-04T10:03:18.112+0000] {processor.py:161} INFO - Started process (PID=2771) to work on /home/airflow/.local/lib/python3.8/site-packages/airflow/example_dags/tutorial.py
[2024-04-04T10:03:18.114+0000] {processor.py:830} INFO - Processing file /home/airflow/.local/lib/python3.8/site-packages/airflow/example_dags/tutorial.py for tasks to queue
[2024-04-04T10:03:18.117+0000] {logging_mixin.py:188} INFO - [2024-04-04T10:03:18.116+0000] {dagbag.py:540} INFO - Filling up the DagBag from /home/airflow/.local/lib/python3.8/site-packages/airflow/example_dags/tutorial.py
[2024-04-04T10:03:18.123+0000] {processor.py:840} INFO - DAG(s) 'tutorial' retrieved from /home/airflow/.local/lib/python3.8/site-packages/airflow/example_dags/tutorial.py
[2024-04-04T10:03:18.150+0000] {logging_mixin.py:188} INFO - [2024-04-04T10:03:18.149+0000] {dag.py:3047} INFO - Sync 1 DAGs
[2024-04-04T10:03:18.174+0000] {logging_mixin.py:188} INFO - [2024-04-04T10:03:18.174+0000] {dag.py:3834} INFO - Setting next_dagrun for tutorial to 2024-04-03 00:00:00+00:00, run_after=2024-04-04 00:00:00+00:00
[2024-04-04T10:03:18.202+0000] {processor.py:183} INFO - Processing /home/airflow/.local/lib/python3.8/site-packages/airflow/example_dags/tutorial.py took 0.092 seconds
