[2024-04-05T05:40:29.517+0000] {processor.py:161} INFO - Started process (PID=40) to work on /opt/airflow/dags/dag1.py
[2024-04-05T05:40:29.520+0000] {processor.py:830} INFO - Processing file /opt/airflow/dags/dag1.py for tasks to queue
[2024-04-05T05:40:29.525+0000] {logging_mixin.py:188} INFO - [2024-04-05T05:40:29.524+0000] {dagbag.py:540} INFO - Filling up the DagBag from /opt/airflow/dags/dag1.py
[2024-04-05T05:40:29.608+0000] {processor.py:840} INFO - DAG(s) 'my_dag' retrieved from /opt/airflow/dags/dag1.py
[2024-04-05T05:40:30.427+0000] {logging_mixin.py:188} INFO - [2024-04-05T05:40:30.427+0000] {dag.py:3047} INFO - Sync 1 DAGs
[2024-04-05T05:40:30.568+0000] {logging_mixin.py:188} INFO - [2024-04-05T05:40:30.568+0000] {dag.py:3834} INFO - Setting next_dagrun for my_dag to 2024-04-05 00:00:00+00:00, run_after=2024-04-06 00:00:00+00:00
[2024-04-05T05:40:30.649+0000] {processor.py:183} INFO - Processing /opt/airflow/dags/dag1.py took 1.140 seconds
[2024-04-05T05:41:10.470+0000] {processor.py:161} INFO - Started process (PID=103) to work on /opt/airflow/dags/dag1.py
[2024-04-05T05:41:10.483+0000] {processor.py:830} INFO - Processing file /opt/airflow/dags/dag1.py for tasks to queue
[2024-04-05T05:41:10.503+0000] {logging_mixin.py:188} INFO - [2024-04-05T05:41:10.502+0000] {dagbag.py:540} INFO - Filling up the DagBag from /opt/airflow/dags/dag1.py
[2024-04-05T05:41:10.967+0000] {processor.py:840} INFO - DAG(s) 'my_dag' retrieved from /opt/airflow/dags/dag1.py
[2024-04-05T05:41:11.363+0000] {logging_mixin.py:188} INFO - [2024-04-05T05:41:11.359+0000] {dag.py:3047} INFO - Sync 1 DAGs
[2024-04-05T05:41:11.710+0000] {logging_mixin.py:188} INFO - [2024-04-05T05:41:11.709+0000] {dag.py:3834} INFO - Setting next_dagrun for my_dag to 2024-04-05 00:00:00+00:00, run_after=2024-04-06 00:00:00+00:00
[2024-04-05T05:41:11.850+0000] {processor.py:183} INFO - Processing /opt/airflow/dags/dag1.py took 1.449 seconds
[2024-04-05T05:41:42.594+0000] {processor.py:161} INFO - Started process (PID=158) to work on /opt/airflow/dags/dag1.py
[2024-04-05T05:41:42.596+0000] {processor.py:830} INFO - Processing file /opt/airflow/dags/dag1.py for tasks to queue
[2024-04-05T05:41:42.602+0000] {logging_mixin.py:188} INFO - [2024-04-05T05:41:42.601+0000] {dagbag.py:540} INFO - Filling up the DagBag from /opt/airflow/dags/dag1.py
[2024-04-05T05:41:42.631+0000] {processor.py:840} INFO - DAG(s) 'my_dag' retrieved from /opt/airflow/dags/dag1.py
[2024-04-05T05:41:42.696+0000] {logging_mixin.py:188} INFO - [2024-04-05T05:41:42.695+0000] {dag.py:3047} INFO - Sync 1 DAGs
[2024-04-05T05:41:42.788+0000] {logging_mixin.py:188} INFO - [2024-04-05T05:41:42.787+0000] {dag.py:3834} INFO - Setting next_dagrun for my_dag to 2024-04-05 00:00:00+00:00, run_after=2024-04-06 00:00:00+00:00
[2024-04-05T05:41:42.835+0000] {processor.py:183} INFO - Processing /opt/airflow/dags/dag1.py took 0.248 seconds
[2024-04-05T05:42:13.684+0000] {processor.py:161} INFO - Started process (PID=208) to work on /opt/airflow/dags/dag1.py
[2024-04-05T05:42:13.686+0000] {processor.py:830} INFO - Processing file /opt/airflow/dags/dag1.py for tasks to queue
[2024-04-05T05:42:13.691+0000] {logging_mixin.py:188} INFO - [2024-04-05T05:42:13.690+0000] {dagbag.py:540} INFO - Filling up the DagBag from /opt/airflow/dags/dag1.py
[2024-04-05T05:42:13.723+0000] {processor.py:840} INFO - DAG(s) 'my_dag' retrieved from /opt/airflow/dags/dag1.py
[2024-04-05T05:42:13.773+0000] {logging_mixin.py:188} INFO - [2024-04-05T05:42:13.772+0000] {dag.py:3047} INFO - Sync 1 DAGs
[2024-04-05T05:42:13.875+0000] {logging_mixin.py:188} INFO - [2024-04-05T05:42:13.875+0000] {dag.py:3834} INFO - Setting next_dagrun for my_dag to 2024-04-05 00:00:00+00:00, run_after=2024-04-06 00:00:00+00:00
[2024-04-05T05:42:13.935+0000] {processor.py:183} INFO - Processing /opt/airflow/dags/dag1.py took 0.264 seconds
[2024-04-05T05:42:44.807+0000] {processor.py:161} INFO - Started process (PID=265) to work on /opt/airflow/dags/dag1.py
[2024-04-05T05:42:44.809+0000] {processor.py:830} INFO - Processing file /opt/airflow/dags/dag1.py for tasks to queue
[2024-04-05T05:42:44.814+0000] {logging_mixin.py:188} INFO - [2024-04-05T05:42:44.813+0000] {dagbag.py:540} INFO - Filling up the DagBag from /opt/airflow/dags/dag1.py
[2024-04-05T05:42:44.844+0000] {processor.py:840} INFO - DAG(s) 'my_dag' retrieved from /opt/airflow/dags/dag1.py
[2024-04-05T05:42:44.892+0000] {logging_mixin.py:188} INFO - [2024-04-05T05:42:44.891+0000] {dag.py:3047} INFO - Sync 1 DAGs
[2024-04-05T05:42:44.938+0000] {logging_mixin.py:188} INFO - [2024-04-05T05:42:44.938+0000] {dag.py:3834} INFO - Setting next_dagrun for my_dag to 2024-04-05 00:00:00+00:00, run_after=2024-04-06 00:00:00+00:00
[2024-04-05T05:42:44.977+0000] {processor.py:183} INFO - Processing /opt/airflow/dags/dag1.py took 0.184 seconds
[2024-04-05T05:42:52.394+0000] {processor.py:161} INFO - Started process (PID=279) to work on /opt/airflow/dags/dag1.py
[2024-04-05T05:42:52.397+0000] {processor.py:830} INFO - Processing file /opt/airflow/dags/dag1.py for tasks to queue
[2024-04-05T05:42:52.401+0000] {logging_mixin.py:188} INFO - [2024-04-05T05:42:52.400+0000] {dagbag.py:540} INFO - Filling up the DagBag from /opt/airflow/dags/dag1.py
[2024-04-05T05:42:52.455+0000] {processor.py:840} INFO - DAG(s) 'my_dag' retrieved from /opt/airflow/dags/dag1.py
[2024-04-05T05:42:52.497+0000] {logging_mixin.py:188} INFO - [2024-04-05T05:42:52.496+0000] {dag.py:3047} INFO - Sync 1 DAGs
[2024-04-05T05:42:52.537+0000] {logging_mixin.py:188} INFO - [2024-04-05T05:42:52.536+0000] {dag.py:3834} INFO - Setting next_dagrun for my_dag to 2024-04-05 00:00:00+00:00, run_after=2024-04-06 00:00:00+00:00
[2024-04-05T05:42:52.584+0000] {processor.py:183} INFO - Processing /opt/airflow/dags/dag1.py took 0.198 seconds
[2024-04-05T05:43:22.677+0000] {processor.py:161} INFO - Started process (PID=336) to work on /opt/airflow/dags/dag1.py
[2024-04-05T05:43:22.684+0000] {processor.py:830} INFO - Processing file /opt/airflow/dags/dag1.py for tasks to queue
[2024-04-05T05:43:22.689+0000] {logging_mixin.py:188} INFO - [2024-04-05T05:43:22.688+0000] {dagbag.py:540} INFO - Filling up the DagBag from /opt/airflow/dags/dag1.py
[2024-04-05T05:43:22.719+0000] {processor.py:840} INFO - DAG(s) 'my_dag' retrieved from /opt/airflow/dags/dag1.py
[2024-04-05T05:43:22.782+0000] {logging_mixin.py:188} INFO - [2024-04-05T05:43:22.782+0000] {dag.py:3047} INFO - Sync 1 DAGs
[2024-04-05T05:43:22.853+0000] {logging_mixin.py:188} INFO - [2024-04-05T05:43:22.852+0000] {dag.py:3834} INFO - Setting next_dagrun for my_dag to 2024-04-05 00:00:00+00:00, run_after=2024-04-06 00:00:00+00:00
[2024-04-05T05:43:22.904+0000] {processor.py:183} INFO - Processing /opt/airflow/dags/dag1.py took 0.237 seconds
[2024-04-05T05:43:53.195+0000] {processor.py:161} INFO - Started process (PID=393) to work on /opt/airflow/dags/dag1.py
[2024-04-05T05:43:53.197+0000] {processor.py:830} INFO - Processing file /opt/airflow/dags/dag1.py for tasks to queue
[2024-04-05T05:43:53.201+0000] {logging_mixin.py:188} INFO - [2024-04-05T05:43:53.201+0000] {dagbag.py:540} INFO - Filling up the DagBag from /opt/airflow/dags/dag1.py
[2024-04-05T05:43:53.230+0000] {processor.py:840} INFO - DAG(s) 'my_dag' retrieved from /opt/airflow/dags/dag1.py
[2024-04-05T05:43:53.271+0000] {logging_mixin.py:188} INFO - [2024-04-05T05:43:53.271+0000] {dag.py:3047} INFO - Sync 1 DAGs
[2024-04-05T05:43:53.317+0000] {logging_mixin.py:188} INFO - [2024-04-05T05:43:53.316+0000] {dag.py:3834} INFO - Setting next_dagrun for my_dag to 2024-04-05 00:00:00+00:00, run_after=2024-04-06 00:00:00+00:00
[2024-04-05T05:43:53.355+0000] {processor.py:183} INFO - Processing /opt/airflow/dags/dag1.py took 0.168 seconds
[2024-04-05T05:44:23.569+0000] {processor.py:161} INFO - Started process (PID=451) to work on /opt/airflow/dags/dag1.py
[2024-04-05T05:44:23.573+0000] {processor.py:830} INFO - Processing file /opt/airflow/dags/dag1.py for tasks to queue
[2024-04-05T05:44:23.580+0000] {logging_mixin.py:188} INFO - [2024-04-05T05:44:23.578+0000] {dagbag.py:540} INFO - Filling up the DagBag from /opt/airflow/dags/dag1.py
[2024-04-05T05:44:23.717+0000] {processor.py:840} INFO - DAG(s) 'my_dag' retrieved from /opt/airflow/dags/dag1.py
[2024-04-05T05:44:23.823+0000] {logging_mixin.py:188} INFO - [2024-04-05T05:44:23.814+0000] {dag.py:3047} INFO - Sync 1 DAGs
[2024-04-05T05:44:23.947+0000] {logging_mixin.py:188} INFO - [2024-04-05T05:44:23.947+0000] {dag.py:3834} INFO - Setting next_dagrun for my_dag to 2024-04-05 00:00:00+00:00, run_after=2024-04-06 00:00:00+00:00
[2024-04-05T05:44:24.044+0000] {processor.py:183} INFO - Processing /opt/airflow/dags/dag1.py took 0.495 seconds
[2024-04-05T05:44:54.254+0000] {processor.py:161} INFO - Started process (PID=508) to work on /opt/airflow/dags/dag1.py
[2024-04-05T05:44:54.257+0000] {processor.py:830} INFO - Processing file /opt/airflow/dags/dag1.py for tasks to queue
[2024-04-05T05:44:54.261+0000] {logging_mixin.py:188} INFO - [2024-04-05T05:44:54.260+0000] {dagbag.py:540} INFO - Filling up the DagBag from /opt/airflow/dags/dag1.py
[2024-04-05T05:44:54.298+0000] {processor.py:840} INFO - DAG(s) 'my_dag' retrieved from /opt/airflow/dags/dag1.py
[2024-04-05T05:44:54.361+0000] {logging_mixin.py:188} INFO - [2024-04-05T05:44:54.360+0000] {dag.py:3047} INFO - Sync 1 DAGs
[2024-04-05T05:44:54.421+0000] {logging_mixin.py:188} INFO - [2024-04-05T05:44:54.421+0000] {dag.py:3834} INFO - Setting next_dagrun for my_dag to 2024-04-05 00:00:00+00:00, run_after=2024-04-06 00:00:00+00:00
[2024-04-05T05:44:54.453+0000] {processor.py:183} INFO - Processing /opt/airflow/dags/dag1.py took 0.209 seconds
[2024-04-05T05:45:25.095+0000] {processor.py:161} INFO - Started process (PID=565) to work on /opt/airflow/dags/dag1.py
[2024-04-05T05:45:25.098+0000] {processor.py:830} INFO - Processing file /opt/airflow/dags/dag1.py for tasks to queue
[2024-04-05T05:45:25.106+0000] {logging_mixin.py:188} INFO - [2024-04-05T05:45:25.104+0000] {dagbag.py:540} INFO - Filling up the DagBag from /opt/airflow/dags/dag1.py
[2024-04-05T05:45:25.150+0000] {processor.py:840} INFO - DAG(s) 'my_dag' retrieved from /opt/airflow/dags/dag1.py
[2024-04-05T05:45:25.239+0000] {logging_mixin.py:188} INFO - [2024-04-05T05:45:25.236+0000] {dag.py:3047} INFO - Sync 1 DAGs
[2024-04-05T05:45:25.329+0000] {logging_mixin.py:188} INFO - [2024-04-05T05:45:25.328+0000] {dag.py:3834} INFO - Setting next_dagrun for my_dag to 2024-04-05 00:00:00+00:00, run_after=2024-04-06 00:00:00+00:00
[2024-04-05T05:45:25.429+0000] {processor.py:183} INFO - Processing /opt/airflow/dags/dag1.py took 0.348 seconds
[2024-04-05T05:45:55.741+0000] {processor.py:161} INFO - Started process (PID=620) to work on /opt/airflow/dags/dag1.py
[2024-04-05T05:45:55.744+0000] {processor.py:830} INFO - Processing file /opt/airflow/dags/dag1.py for tasks to queue
[2024-04-05T05:45:55.747+0000] {logging_mixin.py:188} INFO - [2024-04-05T05:45:55.746+0000] {dagbag.py:540} INFO - Filling up the DagBag from /opt/airflow/dags/dag1.py
[2024-04-05T05:45:55.782+0000] {processor.py:840} INFO - DAG(s) 'my_dag' retrieved from /opt/airflow/dags/dag1.py
[2024-04-05T05:45:55.841+0000] {logging_mixin.py:188} INFO - [2024-04-05T05:45:55.841+0000] {dag.py:3047} INFO - Sync 1 DAGs
[2024-04-05T05:45:55.929+0000] {logging_mixin.py:188} INFO - [2024-04-05T05:45:55.928+0000] {dag.py:3834} INFO - Setting next_dagrun for my_dag to 2024-04-05 00:00:00+00:00, run_after=2024-04-06 00:00:00+00:00
[2024-04-05T05:45:55.980+0000] {processor.py:183} INFO - Processing /opt/airflow/dags/dag1.py took 0.249 seconds
[2024-04-05T05:46:26.507+0000] {processor.py:161} INFO - Started process (PID=677) to work on /opt/airflow/dags/dag1.py
[2024-04-05T05:46:26.509+0000] {processor.py:830} INFO - Processing file /opt/airflow/dags/dag1.py for tasks to queue
[2024-04-05T05:46:26.511+0000] {logging_mixin.py:188} INFO - [2024-04-05T05:46:26.510+0000] {dagbag.py:540} INFO - Filling up the DagBag from /opt/airflow/dags/dag1.py
[2024-04-05T05:46:26.543+0000] {processor.py:840} INFO - DAG(s) 'my_dag' retrieved from /opt/airflow/dags/dag1.py
[2024-04-05T05:46:26.574+0000] {logging_mixin.py:188} INFO - [2024-04-05T05:46:26.574+0000] {dag.py:3047} INFO - Sync 1 DAGs
[2024-04-05T05:46:26.607+0000] {logging_mixin.py:188} INFO - [2024-04-05T05:46:26.607+0000] {dag.py:3834} INFO - Setting next_dagrun for my_dag to 2024-04-05 00:00:00+00:00, run_after=2024-04-06 00:00:00+00:00
[2024-04-05T05:46:26.648+0000] {processor.py:183} INFO - Processing /opt/airflow/dags/dag1.py took 0.147 seconds
[2024-04-05T05:46:57.061+0000] {processor.py:161} INFO - Started process (PID=738) to work on /opt/airflow/dags/dag1.py
[2024-04-05T05:46:57.064+0000] {processor.py:830} INFO - Processing file /opt/airflow/dags/dag1.py for tasks to queue
[2024-04-05T05:46:57.067+0000] {logging_mixin.py:188} INFO - [2024-04-05T05:46:57.066+0000] {dagbag.py:540} INFO - Filling up the DagBag from /opt/airflow/dags/dag1.py
[2024-04-05T05:46:57.135+0000] {processor.py:840} INFO - DAG(s) 'my_dag' retrieved from /opt/airflow/dags/dag1.py
[2024-04-05T05:46:57.242+0000] {logging_mixin.py:188} INFO - [2024-04-05T05:46:57.241+0000] {dag.py:3047} INFO - Sync 1 DAGs
[2024-04-05T05:46:57.381+0000] {logging_mixin.py:188} INFO - [2024-04-05T05:46:57.381+0000] {dag.py:3834} INFO - Setting next_dagrun for my_dag to 2024-04-05 00:00:00+00:00, run_after=2024-04-06 00:00:00+00:00
[2024-04-05T05:46:57.508+0000] {processor.py:183} INFO - Processing /opt/airflow/dags/dag1.py took 0.463 seconds
[2024-04-05T05:47:27.676+0000] {processor.py:161} INFO - Started process (PID=796) to work on /opt/airflow/dags/dag1.py
[2024-04-05T05:47:27.678+0000] {processor.py:830} INFO - Processing file /opt/airflow/dags/dag1.py for tasks to queue
[2024-04-05T05:47:27.680+0000] {logging_mixin.py:188} INFO - [2024-04-05T05:47:27.679+0000] {dagbag.py:540} INFO - Filling up the DagBag from /opt/airflow/dags/dag1.py
[2024-04-05T05:47:27.708+0000] {processor.py:840} INFO - DAG(s) 'my_dag' retrieved from /opt/airflow/dags/dag1.py
[2024-04-05T05:47:27.735+0000] {logging_mixin.py:188} INFO - [2024-04-05T05:47:27.734+0000] {dag.py:3047} INFO - Sync 1 DAGs
[2024-04-05T05:47:27.770+0000] {logging_mixin.py:188} INFO - [2024-04-05T05:47:27.770+0000] {dag.py:3834} INFO - Setting next_dagrun for my_dag to 2024-04-05 00:00:00+00:00, run_after=2024-04-06 00:00:00+00:00
[2024-04-05T05:47:27.813+0000] {processor.py:183} INFO - Processing /opt/airflow/dags/dag1.py took 0.140 seconds
[2024-04-05T05:47:58.324+0000] {processor.py:161} INFO - Started process (PID=850) to work on /opt/airflow/dags/dag1.py
[2024-04-05T05:47:58.327+0000] {processor.py:830} INFO - Processing file /opt/airflow/dags/dag1.py for tasks to queue
[2024-04-05T05:47:58.330+0000] {logging_mixin.py:188} INFO - [2024-04-05T05:47:58.329+0000] {dagbag.py:540} INFO - Filling up the DagBag from /opt/airflow/dags/dag1.py
[2024-04-05T05:47:58.377+0000] {processor.py:840} INFO - DAG(s) 'my_dag' retrieved from /opt/airflow/dags/dag1.py
[2024-04-05T05:47:58.435+0000] {logging_mixin.py:188} INFO - [2024-04-05T05:47:58.434+0000] {dag.py:3047} INFO - Sync 1 DAGs
[2024-04-05T05:47:58.497+0000] {logging_mixin.py:188} INFO - [2024-04-05T05:47:58.497+0000] {dag.py:3834} INFO - Setting next_dagrun for my_dag to 2024-04-05 00:00:00+00:00, run_after=2024-04-06 00:00:00+00:00
[2024-04-05T05:47:58.531+0000] {processor.py:183} INFO - Processing /opt/airflow/dags/dag1.py took 0.215 seconds
[2024-04-05T05:48:29.359+0000] {processor.py:161} INFO - Started process (PID=907) to work on /opt/airflow/dags/dag1.py
[2024-04-05T05:48:29.372+0000] {processor.py:830} INFO - Processing file /opt/airflow/dags/dag1.py for tasks to queue
[2024-04-05T05:48:29.378+0000] {logging_mixin.py:188} INFO - [2024-04-05T05:48:29.377+0000] {dagbag.py:540} INFO - Filling up the DagBag from /opt/airflow/dags/dag1.py
[2024-04-05T05:48:29.460+0000] {processor.py:840} INFO - DAG(s) 'my_dag' retrieved from /opt/airflow/dags/dag1.py
[2024-04-05T05:48:29.537+0000] {logging_mixin.py:188} INFO - [2024-04-05T05:48:29.536+0000] {dag.py:3047} INFO - Sync 1 DAGs
[2024-04-05T05:48:29.606+0000] {logging_mixin.py:188} INFO - [2024-04-05T05:48:29.605+0000] {dag.py:3834} INFO - Setting next_dagrun for my_dag to 2024-04-05 00:00:00+00:00, run_after=2024-04-06 00:00:00+00:00
[2024-04-05T05:48:29.661+0000] {processor.py:183} INFO - Processing /opt/airflow/dags/dag1.py took 0.312 seconds
[2024-04-05T05:48:59.857+0000] {processor.py:161} INFO - Started process (PID=964) to work on /opt/airflow/dags/dag1.py
[2024-04-05T05:48:59.861+0000] {processor.py:830} INFO - Processing file /opt/airflow/dags/dag1.py for tasks to queue
[2024-04-05T05:48:59.867+0000] {logging_mixin.py:188} INFO - [2024-04-05T05:48:59.866+0000] {dagbag.py:540} INFO - Filling up the DagBag from /opt/airflow/dags/dag1.py
[2024-04-05T05:48:59.903+0000] {processor.py:840} INFO - DAG(s) 'my_dag' retrieved from /opt/airflow/dags/dag1.py
[2024-04-05T05:48:59.957+0000] {logging_mixin.py:188} INFO - [2024-04-05T05:48:59.956+0000] {dag.py:3047} INFO - Sync 1 DAGs
[2024-04-05T05:49:00.022+0000] {logging_mixin.py:188} INFO - [2024-04-05T05:49:00.022+0000] {dag.py:3834} INFO - Setting next_dagrun for my_dag to 2024-04-05 00:00:00+00:00, run_after=2024-04-06 00:00:00+00:00
[2024-04-05T05:49:00.065+0000] {processor.py:183} INFO - Processing /opt/airflow/dags/dag1.py took 0.220 seconds
[2024-04-05T05:49:30.142+0000] {processor.py:161} INFO - Started process (PID=1021) to work on /opt/airflow/dags/dag1.py
[2024-04-05T05:49:30.144+0000] {processor.py:830} INFO - Processing file /opt/airflow/dags/dag1.py for tasks to queue
[2024-04-05T05:49:30.147+0000] {logging_mixin.py:188} INFO - [2024-04-05T05:49:30.146+0000] {dagbag.py:540} INFO - Filling up the DagBag from /opt/airflow/dags/dag1.py
[2024-04-05T05:49:30.182+0000] {processor.py:840} INFO - DAG(s) 'my_dag' retrieved from /opt/airflow/dags/dag1.py
[2024-04-05T05:49:30.239+0000] {logging_mixin.py:188} INFO - [2024-04-05T05:49:30.237+0000] {dag.py:3047} INFO - Sync 1 DAGs
[2024-04-05T05:49:30.315+0000] {logging_mixin.py:188} INFO - [2024-04-05T05:49:30.315+0000] {dag.py:3834} INFO - Setting next_dagrun for my_dag to 2024-04-05 00:00:00+00:00, run_after=2024-04-06 00:00:00+00:00
[2024-04-05T05:49:30.383+0000] {processor.py:183} INFO - Processing /opt/airflow/dags/dag1.py took 0.247 seconds
[2024-04-05T05:50:01.252+0000] {processor.py:161} INFO - Started process (PID=1078) to work on /opt/airflow/dags/dag1.py
[2024-04-05T05:50:01.254+0000] {processor.py:830} INFO - Processing file /opt/airflow/dags/dag1.py for tasks to queue
[2024-04-05T05:50:01.256+0000] {logging_mixin.py:188} INFO - [2024-04-05T05:50:01.255+0000] {dagbag.py:540} INFO - Filling up the DagBag from /opt/airflow/dags/dag1.py
[2024-04-05T05:50:01.284+0000] {processor.py:840} INFO - DAG(s) 'my_dag' retrieved from /opt/airflow/dags/dag1.py
[2024-04-05T05:50:01.319+0000] {logging_mixin.py:188} INFO - [2024-04-05T05:50:01.319+0000] {dag.py:3047} INFO - Sync 1 DAGs
[2024-04-05T05:50:01.355+0000] {logging_mixin.py:188} INFO - [2024-04-05T05:50:01.355+0000] {dag.py:3834} INFO - Setting next_dagrun for my_dag to 2024-04-05 00:00:00+00:00, run_after=2024-04-06 00:00:00+00:00
[2024-04-05T05:50:01.391+0000] {processor.py:183} INFO - Processing /opt/airflow/dags/dag1.py took 0.148 seconds
[2024-04-05T05:50:31.668+0000] {processor.py:161} INFO - Started process (PID=1135) to work on /opt/airflow/dags/dag1.py
[2024-04-05T05:50:31.674+0000] {processor.py:830} INFO - Processing file /opt/airflow/dags/dag1.py for tasks to queue
[2024-04-05T05:50:31.679+0000] {logging_mixin.py:188} INFO - [2024-04-05T05:50:31.677+0000] {dagbag.py:540} INFO - Filling up the DagBag from /opt/airflow/dags/dag1.py
[2024-04-05T05:50:31.787+0000] {processor.py:840} INFO - DAG(s) 'my_dag' retrieved from /opt/airflow/dags/dag1.py
[2024-04-05T05:50:31.937+0000] {logging_mixin.py:188} INFO - [2024-04-05T05:50:31.936+0000] {dag.py:3047} INFO - Sync 1 DAGs
[2024-04-05T05:50:32.034+0000] {logging_mixin.py:188} INFO - [2024-04-05T05:50:32.034+0000] {dag.py:3834} INFO - Setting next_dagrun for my_dag to 2024-04-05 00:00:00+00:00, run_after=2024-04-06 00:00:00+00:00
[2024-04-05T05:50:32.138+0000] {processor.py:183} INFO - Processing /opt/airflow/dags/dag1.py took 0.493 seconds
[2024-04-05T05:51:02.857+0000] {processor.py:161} INFO - Started process (PID=1192) to work on /opt/airflow/dags/dag1.py
[2024-04-05T05:51:02.860+0000] {processor.py:830} INFO - Processing file /opt/airflow/dags/dag1.py for tasks to queue
[2024-04-05T05:51:02.864+0000] {logging_mixin.py:188} INFO - [2024-04-05T05:51:02.863+0000] {dagbag.py:540} INFO - Filling up the DagBag from /opt/airflow/dags/dag1.py
[2024-04-05T05:51:02.899+0000] {processor.py:840} INFO - DAG(s) 'my_dag' retrieved from /opt/airflow/dags/dag1.py
[2024-04-05T05:51:02.951+0000] {logging_mixin.py:188} INFO - [2024-04-05T05:51:02.950+0000] {dag.py:3047} INFO - Sync 1 DAGs
[2024-04-05T05:51:03.005+0000] {logging_mixin.py:188} INFO - [2024-04-05T05:51:03.004+0000] {dag.py:3834} INFO - Setting next_dagrun for my_dag to 2024-04-05 00:00:00+00:00, run_after=2024-04-06 00:00:00+00:00
[2024-04-05T05:51:03.039+0000] {processor.py:183} INFO - Processing /opt/airflow/dags/dag1.py took 0.191 seconds
[2024-04-05T05:51:33.648+0000] {processor.py:161} INFO - Started process (PID=1249) to work on /opt/airflow/dags/dag1.py
[2024-04-05T05:51:33.655+0000] {processor.py:830} INFO - Processing file /opt/airflow/dags/dag1.py for tasks to queue
[2024-04-05T05:51:33.656+0000] {logging_mixin.py:188} INFO - [2024-04-05T05:51:33.656+0000] {dagbag.py:540} INFO - Filling up the DagBag from /opt/airflow/dags/dag1.py
[2024-04-05T05:51:33.686+0000] {processor.py:840} INFO - DAG(s) 'my_dag' retrieved from /opt/airflow/dags/dag1.py
[2024-04-05T05:51:33.755+0000] {logging_mixin.py:188} INFO - [2024-04-05T05:51:33.754+0000] {dag.py:3047} INFO - Sync 1 DAGs
[2024-04-05T05:51:33.850+0000] {logging_mixin.py:188} INFO - [2024-04-05T05:51:33.850+0000] {dag.py:3834} INFO - Setting next_dagrun for my_dag to 2024-04-05 00:00:00+00:00, run_after=2024-04-06 00:00:00+00:00
[2024-04-05T05:51:33.929+0000] {processor.py:183} INFO - Processing /opt/airflow/dags/dag1.py took 0.289 seconds
[2024-04-05T05:52:04.132+0000] {processor.py:161} INFO - Started process (PID=1306) to work on /opt/airflow/dags/dag1.py
[2024-04-05T05:52:04.134+0000] {processor.py:830} INFO - Processing file /opt/airflow/dags/dag1.py for tasks to queue
[2024-04-05T05:52:04.136+0000] {logging_mixin.py:188} INFO - [2024-04-05T05:52:04.136+0000] {dagbag.py:540} INFO - Filling up the DagBag from /opt/airflow/dags/dag1.py
[2024-04-05T05:52:04.165+0000] {processor.py:840} INFO - DAG(s) 'my_dag' retrieved from /opt/airflow/dags/dag1.py
[2024-04-05T05:52:04.212+0000] {logging_mixin.py:188} INFO - [2024-04-05T05:52:04.211+0000] {dag.py:3047} INFO - Sync 1 DAGs
[2024-04-05T05:52:04.260+0000] {logging_mixin.py:188} INFO - [2024-04-05T05:52:04.260+0000] {dag.py:3834} INFO - Setting next_dagrun for my_dag to 2024-04-05 00:00:00+00:00, run_after=2024-04-06 00:00:00+00:00
[2024-04-05T05:52:04.305+0000] {processor.py:183} INFO - Processing /opt/airflow/dags/dag1.py took 0.180 seconds
[2024-04-05T05:52:34.800+0000] {processor.py:161} INFO - Started process (PID=1362) to work on /opt/airflow/dags/dag1.py
[2024-04-05T05:52:34.802+0000] {processor.py:830} INFO - Processing file /opt/airflow/dags/dag1.py for tasks to queue
[2024-04-05T05:52:34.803+0000] {logging_mixin.py:188} INFO - [2024-04-05T05:52:34.803+0000] {dagbag.py:540} INFO - Filling up the DagBag from /opt/airflow/dags/dag1.py
[2024-04-05T05:52:34.833+0000] {processor.py:840} INFO - DAG(s) 'my_dag' retrieved from /opt/airflow/dags/dag1.py
[2024-04-05T05:52:34.901+0000] {logging_mixin.py:188} INFO - [2024-04-05T05:52:34.901+0000] {dag.py:3047} INFO - Sync 1 DAGs
[2024-04-05T05:52:34.963+0000] {logging_mixin.py:188} INFO - [2024-04-05T05:52:34.963+0000] {dag.py:3834} INFO - Setting next_dagrun for my_dag to 2024-04-05 00:00:00+00:00, run_after=2024-04-06 00:00:00+00:00
[2024-04-05T05:52:35.004+0000] {processor.py:183} INFO - Processing /opt/airflow/dags/dag1.py took 0.210 seconds
[2024-04-05T05:53:05.965+0000] {processor.py:161} INFO - Started process (PID=1419) to work on /opt/airflow/dags/dag1.py
[2024-04-05T05:53:05.968+0000] {processor.py:830} INFO - Processing file /opt/airflow/dags/dag1.py for tasks to queue
[2024-04-05T05:53:05.971+0000] {logging_mixin.py:188} INFO - [2024-04-05T05:53:05.970+0000] {dagbag.py:540} INFO - Filling up the DagBag from /opt/airflow/dags/dag1.py
[2024-04-05T05:53:06.008+0000] {processor.py:840} INFO - DAG(s) 'my_dag' retrieved from /opt/airflow/dags/dag1.py
[2024-04-05T05:53:06.059+0000] {logging_mixin.py:188} INFO - [2024-04-05T05:53:06.059+0000] {dag.py:3047} INFO - Sync 1 DAGs
[2024-04-05T05:53:06.128+0000] {logging_mixin.py:188} INFO - [2024-04-05T05:53:06.127+0000] {dag.py:3834} INFO - Setting next_dagrun for my_dag to 2024-04-05 00:00:00+00:00, run_after=2024-04-06 00:00:00+00:00
[2024-04-05T05:53:06.168+0000] {processor.py:183} INFO - Processing /opt/airflow/dags/dag1.py took 0.212 seconds
[2024-04-05T05:53:36.769+0000] {processor.py:161} INFO - Started process (PID=1476) to work on /opt/airflow/dags/dag1.py
[2024-04-05T05:53:36.771+0000] {processor.py:830} INFO - Processing file /opt/airflow/dags/dag1.py for tasks to queue
[2024-04-05T05:53:36.774+0000] {logging_mixin.py:188} INFO - [2024-04-05T05:53:36.773+0000] {dagbag.py:540} INFO - Filling up the DagBag from /opt/airflow/dags/dag1.py
[2024-04-05T05:53:36.810+0000] {processor.py:840} INFO - DAG(s) 'my_dag' retrieved from /opt/airflow/dags/dag1.py
[2024-04-05T05:53:36.860+0000] {logging_mixin.py:188} INFO - [2024-04-05T05:53:36.860+0000] {dag.py:3047} INFO - Sync 1 DAGs
[2024-04-05T05:53:36.922+0000] {logging_mixin.py:188} INFO - [2024-04-05T05:53:36.921+0000] {dag.py:3834} INFO - Setting next_dagrun for my_dag to 2024-04-05 00:00:00+00:00, run_after=2024-04-06 00:00:00+00:00
[2024-04-05T05:53:36.966+0000] {processor.py:183} INFO - Processing /opt/airflow/dags/dag1.py took 0.208 seconds
[2024-04-05T05:54:07.467+0000] {processor.py:161} INFO - Started process (PID=1533) to work on /opt/airflow/dags/dag1.py
[2024-04-05T05:54:07.468+0000] {processor.py:830} INFO - Processing file /opt/airflow/dags/dag1.py for tasks to queue
[2024-04-05T05:54:07.470+0000] {logging_mixin.py:188} INFO - [2024-04-05T05:54:07.470+0000] {dagbag.py:540} INFO - Filling up the DagBag from /opt/airflow/dags/dag1.py
[2024-04-05T05:54:07.503+0000] {processor.py:840} INFO - DAG(s) 'my_dag' retrieved from /opt/airflow/dags/dag1.py
[2024-04-05T05:54:07.540+0000] {logging_mixin.py:188} INFO - [2024-04-05T05:54:07.539+0000] {dag.py:3047} INFO - Sync 1 DAGs
[2024-04-05T05:54:07.594+0000] {logging_mixin.py:188} INFO - [2024-04-05T05:54:07.593+0000] {dag.py:3834} INFO - Setting next_dagrun for my_dag to 2024-04-05 00:00:00+00:00, run_after=2024-04-06 00:00:00+00:00
[2024-04-05T05:54:07.641+0000] {processor.py:183} INFO - Processing /opt/airflow/dags/dag1.py took 0.182 seconds
[2024-04-05T05:54:37.938+0000] {processor.py:161} INFO - Started process (PID=1590) to work on /opt/airflow/dags/dag1.py
[2024-04-05T05:54:37.940+0000] {processor.py:830} INFO - Processing file /opt/airflow/dags/dag1.py for tasks to queue
[2024-04-05T05:54:37.943+0000] {logging_mixin.py:188} INFO - [2024-04-05T05:54:37.942+0000] {dagbag.py:540} INFO - Filling up the DagBag from /opt/airflow/dags/dag1.py
[2024-04-05T05:54:37.972+0000] {processor.py:840} INFO - DAG(s) 'my_dag' retrieved from /opt/airflow/dags/dag1.py
[2024-04-05T05:54:38.023+0000] {logging_mixin.py:188} INFO - [2024-04-05T05:54:38.023+0000] {dag.py:3047} INFO - Sync 1 DAGs
[2024-04-05T05:54:38.087+0000] {logging_mixin.py:188} INFO - [2024-04-05T05:54:38.086+0000] {dag.py:3834} INFO - Setting next_dagrun for my_dag to 2024-04-05 00:00:00+00:00, run_after=2024-04-06 00:00:00+00:00
[2024-04-05T05:54:38.140+0000] {processor.py:183} INFO - Processing /opt/airflow/dags/dag1.py took 0.212 seconds
[2024-04-05T05:55:09.209+0000] {processor.py:161} INFO - Started process (PID=1647) to work on /opt/airflow/dags/dag1.py
[2024-04-05T05:55:09.223+0000] {processor.py:830} INFO - Processing file /opt/airflow/dags/dag1.py for tasks to queue
[2024-04-05T05:55:09.227+0000] {logging_mixin.py:188} INFO - [2024-04-05T05:55:09.226+0000] {dagbag.py:540} INFO - Filling up the DagBag from /opt/airflow/dags/dag1.py
[2024-04-05T05:55:09.484+0000] {processor.py:840} INFO - DAG(s) 'my_dag' retrieved from /opt/airflow/dags/dag1.py
[2024-04-05T05:55:09.650+0000] {logging_mixin.py:188} INFO - [2024-04-05T05:55:09.649+0000] {dag.py:3047} INFO - Sync 1 DAGs
[2024-04-05T05:55:10.016+0000] {logging_mixin.py:188} INFO - [2024-04-05T05:55:10.015+0000] {dag.py:3834} INFO - Setting next_dagrun for my_dag to 2024-04-05 00:00:00+00:00, run_after=2024-04-06 00:00:00+00:00
[2024-04-05T05:55:10.227+0000] {processor.py:183} INFO - Processing /opt/airflow/dags/dag1.py took 1.035 seconds
[2024-04-05T05:55:40.399+0000] {processor.py:161} INFO - Started process (PID=1708) to work on /opt/airflow/dags/dag1.py
[2024-04-05T05:55:40.402+0000] {processor.py:830} INFO - Processing file /opt/airflow/dags/dag1.py for tasks to queue
[2024-04-05T05:55:40.405+0000] {logging_mixin.py:188} INFO - [2024-04-05T05:55:40.404+0000] {dagbag.py:540} INFO - Filling up the DagBag from /opt/airflow/dags/dag1.py
[2024-04-05T05:55:40.436+0000] {processor.py:840} INFO - DAG(s) 'my_dag' retrieved from /opt/airflow/dags/dag1.py
[2024-04-05T05:55:40.479+0000] {logging_mixin.py:188} INFO - [2024-04-05T05:55:40.479+0000] {dag.py:3047} INFO - Sync 1 DAGs
[2024-04-05T05:55:40.533+0000] {logging_mixin.py:188} INFO - [2024-04-05T05:55:40.532+0000] {dag.py:3834} INFO - Setting next_dagrun for my_dag to 2024-04-05 00:00:00+00:00, run_after=2024-04-06 00:00:00+00:00
[2024-04-05T05:55:40.569+0000] {processor.py:183} INFO - Processing /opt/airflow/dags/dag1.py took 0.188 seconds
[2024-04-05T05:56:10.923+0000] {processor.py:161} INFO - Started process (PID=1766) to work on /opt/airflow/dags/dag1.py
[2024-04-05T05:56:10.924+0000] {processor.py:830} INFO - Processing file /opt/airflow/dags/dag1.py for tasks to queue
[2024-04-05T05:56:10.926+0000] {logging_mixin.py:188} INFO - [2024-04-05T05:56:10.925+0000] {dagbag.py:540} INFO - Filling up the DagBag from /opt/airflow/dags/dag1.py
[2024-04-05T05:56:10.949+0000] {processor.py:840} INFO - DAG(s) 'my_dag' retrieved from /opt/airflow/dags/dag1.py
[2024-04-05T05:56:10.992+0000] {logging_mixin.py:188} INFO - [2024-04-05T05:56:10.992+0000] {dag.py:3047} INFO - Sync 1 DAGs
[2024-04-05T05:56:11.036+0000] {logging_mixin.py:188} INFO - [2024-04-05T05:56:11.036+0000] {dag.py:3834} INFO - Setting next_dagrun for my_dag to 2024-04-05 00:00:00+00:00, run_after=2024-04-06 00:00:00+00:00
[2024-04-05T05:56:11.073+0000] {processor.py:183} INFO - Processing /opt/airflow/dags/dag1.py took 0.157 seconds
[2024-04-05T05:56:41.223+0000] {processor.py:161} INFO - Started process (PID=1823) to work on /opt/airflow/dags/dag1.py
[2024-04-05T05:56:41.225+0000] {processor.py:830} INFO - Processing file /opt/airflow/dags/dag1.py for tasks to queue
[2024-04-05T05:56:41.226+0000] {logging_mixin.py:188} INFO - [2024-04-05T05:56:41.226+0000] {dagbag.py:540} INFO - Filling up the DagBag from /opt/airflow/dags/dag1.py
[2024-04-05T05:56:41.256+0000] {processor.py:840} INFO - DAG(s) 'my_dag' retrieved from /opt/airflow/dags/dag1.py
[2024-04-05T05:56:41.289+0000] {logging_mixin.py:188} INFO - [2024-04-05T05:56:41.289+0000] {dag.py:3047} INFO - Sync 1 DAGs
[2024-04-05T05:56:41.338+0000] {logging_mixin.py:188} INFO - [2024-04-05T05:56:41.338+0000] {dag.py:3834} INFO - Setting next_dagrun for my_dag to 2024-04-05 00:00:00+00:00, run_after=2024-04-06 00:00:00+00:00
[2024-04-05T05:56:41.375+0000] {processor.py:183} INFO - Processing /opt/airflow/dags/dag1.py took 0.155 seconds
[2024-04-05T05:57:11.695+0000] {processor.py:161} INFO - Started process (PID=1880) to work on /opt/airflow/dags/dag1.py
[2024-04-05T05:57:11.697+0000] {processor.py:830} INFO - Processing file /opt/airflow/dags/dag1.py for tasks to queue
[2024-04-05T05:57:11.699+0000] {logging_mixin.py:188} INFO - [2024-04-05T05:57:11.698+0000] {dagbag.py:540} INFO - Filling up the DagBag from /opt/airflow/dags/dag1.py
[2024-04-05T05:57:11.728+0000] {processor.py:840} INFO - DAG(s) 'my_dag' retrieved from /opt/airflow/dags/dag1.py
[2024-04-05T05:57:11.763+0000] {logging_mixin.py:188} INFO - [2024-04-05T05:57:11.763+0000] {dag.py:3047} INFO - Sync 1 DAGs
[2024-04-05T05:57:11.794+0000] {logging_mixin.py:188} INFO - [2024-04-05T05:57:11.794+0000] {dag.py:3834} INFO - Setting next_dagrun for my_dag to 2024-04-05 00:00:00+00:00, run_after=2024-04-06 00:00:00+00:00
[2024-04-05T05:57:11.818+0000] {processor.py:183} INFO - Processing /opt/airflow/dags/dag1.py took 0.129 seconds
[2024-04-05T05:57:42.133+0000] {processor.py:161} INFO - Started process (PID=1937) to work on /opt/airflow/dags/dag1.py
[2024-04-05T05:57:42.136+0000] {processor.py:830} INFO - Processing file /opt/airflow/dags/dag1.py for tasks to queue
[2024-04-05T05:57:42.138+0000] {logging_mixin.py:188} INFO - [2024-04-05T05:57:42.137+0000] {dagbag.py:540} INFO - Filling up the DagBag from /opt/airflow/dags/dag1.py
[2024-04-05T05:57:42.167+0000] {processor.py:840} INFO - DAG(s) 'my_dag' retrieved from /opt/airflow/dags/dag1.py
[2024-04-05T05:57:42.211+0000] {logging_mixin.py:188} INFO - [2024-04-05T05:57:42.210+0000] {dag.py:3047} INFO - Sync 1 DAGs
[2024-04-05T05:57:42.250+0000] {logging_mixin.py:188} INFO - [2024-04-05T05:57:42.250+0000] {dag.py:3834} INFO - Setting next_dagrun for my_dag to 2024-04-05 00:00:00+00:00, run_after=2024-04-06 00:00:00+00:00
[2024-04-05T05:57:42.293+0000] {processor.py:183} INFO - Processing /opt/airflow/dags/dag1.py took 0.168 seconds
[2024-04-05T05:58:12.768+0000] {processor.py:161} INFO - Started process (PID=1992) to work on /opt/airflow/dags/dag1.py
[2024-04-05T05:58:12.770+0000] {processor.py:830} INFO - Processing file /opt/airflow/dags/dag1.py for tasks to queue
[2024-04-05T05:58:12.772+0000] {logging_mixin.py:188} INFO - [2024-04-05T05:58:12.771+0000] {dagbag.py:540} INFO - Filling up the DagBag from /opt/airflow/dags/dag1.py
[2024-04-05T05:58:12.800+0000] {processor.py:840} INFO - DAG(s) 'my_dag' retrieved from /opt/airflow/dags/dag1.py
[2024-04-05T05:58:12.840+0000] {logging_mixin.py:188} INFO - [2024-04-05T05:58:12.839+0000] {dag.py:3047} INFO - Sync 1 DAGs
[2024-04-05T05:58:12.883+0000] {logging_mixin.py:188} INFO - [2024-04-05T05:58:12.882+0000] {dag.py:3834} INFO - Setting next_dagrun for my_dag to 2024-04-05 00:00:00+00:00, run_after=2024-04-06 00:00:00+00:00
[2024-04-05T05:58:12.915+0000] {processor.py:183} INFO - Processing /opt/airflow/dags/dag1.py took 0.156 seconds
[2024-04-05T05:58:43.284+0000] {processor.py:161} INFO - Started process (PID=2049) to work on /opt/airflow/dags/dag1.py
[2024-04-05T05:58:43.286+0000] {processor.py:830} INFO - Processing file /opt/airflow/dags/dag1.py for tasks to queue
[2024-04-05T05:58:43.287+0000] {logging_mixin.py:188} INFO - [2024-04-05T05:58:43.287+0000] {dagbag.py:540} INFO - Filling up the DagBag from /opt/airflow/dags/dag1.py
[2024-04-05T05:58:43.317+0000] {processor.py:840} INFO - DAG(s) 'my_dag' retrieved from /opt/airflow/dags/dag1.py
[2024-04-05T05:58:43.356+0000] {logging_mixin.py:188} INFO - [2024-04-05T05:58:43.355+0000] {dag.py:3047} INFO - Sync 1 DAGs
[2024-04-05T05:58:43.379+0000] {logging_mixin.py:188} INFO - [2024-04-05T05:58:43.379+0000] {dag.py:3834} INFO - Setting next_dagrun for my_dag to 2024-04-05 00:00:00+00:00, run_after=2024-04-06 00:00:00+00:00
[2024-04-05T05:58:43.402+0000] {processor.py:183} INFO - Processing /opt/airflow/dags/dag1.py took 0.122 seconds
[2024-04-05T05:59:13.552+0000] {processor.py:161} INFO - Started process (PID=2106) to work on /opt/airflow/dags/dag1.py
[2024-04-05T05:59:13.554+0000] {processor.py:830} INFO - Processing file /opt/airflow/dags/dag1.py for tasks to queue
[2024-04-05T05:59:13.556+0000] {logging_mixin.py:188} INFO - [2024-04-05T05:59:13.555+0000] {dagbag.py:540} INFO - Filling up the DagBag from /opt/airflow/dags/dag1.py
[2024-04-05T05:59:13.585+0000] {processor.py:840} INFO - DAG(s) 'my_dag' retrieved from /opt/airflow/dags/dag1.py
[2024-04-05T05:59:13.610+0000] {logging_mixin.py:188} INFO - [2024-04-05T05:59:13.610+0000] {dag.py:3047} INFO - Sync 1 DAGs
[2024-04-05T05:59:13.635+0000] {logging_mixin.py:188} INFO - [2024-04-05T05:59:13.635+0000] {dag.py:3834} INFO - Setting next_dagrun for my_dag to 2024-04-05 00:00:00+00:00, run_after=2024-04-06 00:00:00+00:00
[2024-04-05T05:59:13.663+0000] {processor.py:183} INFO - Processing /opt/airflow/dags/dag1.py took 0.116 seconds
[2024-04-05T05:59:44.023+0000] {processor.py:161} INFO - Started process (PID=2163) to work on /opt/airflow/dags/dag1.py
[2024-04-05T05:59:44.025+0000] {processor.py:830} INFO - Processing file /opt/airflow/dags/dag1.py for tasks to queue
[2024-04-05T05:59:44.027+0000] {logging_mixin.py:188} INFO - [2024-04-05T05:59:44.026+0000] {dagbag.py:540} INFO - Filling up the DagBag from /opt/airflow/dags/dag1.py
[2024-04-05T05:59:44.059+0000] {processor.py:840} INFO - DAG(s) 'my_dag' retrieved from /opt/airflow/dags/dag1.py
[2024-04-05T05:59:44.086+0000] {logging_mixin.py:188} INFO - [2024-04-05T05:59:44.085+0000] {dag.py:3047} INFO - Sync 1 DAGs
[2024-04-05T05:59:44.112+0000] {logging_mixin.py:188} INFO - [2024-04-05T05:59:44.112+0000] {dag.py:3834} INFO - Setting next_dagrun for my_dag to 2024-04-05 00:00:00+00:00, run_after=2024-04-06 00:00:00+00:00
[2024-04-05T05:59:44.137+0000] {processor.py:183} INFO - Processing /opt/airflow/dags/dag1.py took 0.119 seconds
[2024-04-05T06:00:14.334+0000] {processor.py:161} INFO - Started process (PID=2220) to work on /opt/airflow/dags/dag1.py
[2024-04-05T06:00:14.336+0000] {processor.py:830} INFO - Processing file /opt/airflow/dags/dag1.py for tasks to queue
[2024-04-05T06:00:14.337+0000] {logging_mixin.py:188} INFO - [2024-04-05T06:00:14.337+0000] {dagbag.py:540} INFO - Filling up the DagBag from /opt/airflow/dags/dag1.py
[2024-04-05T06:00:14.367+0000] {processor.py:840} INFO - DAG(s) 'my_dag' retrieved from /opt/airflow/dags/dag1.py
[2024-04-05T06:00:14.392+0000] {logging_mixin.py:188} INFO - [2024-04-05T06:00:14.392+0000] {dag.py:3047} INFO - Sync 1 DAGs
[2024-04-05T06:00:14.417+0000] {logging_mixin.py:188} INFO - [2024-04-05T06:00:14.417+0000] {dag.py:3834} INFO - Setting next_dagrun for my_dag to 2024-04-05 00:00:00+00:00, run_after=2024-04-06 00:00:00+00:00
[2024-04-05T06:00:14.443+0000] {processor.py:183} INFO - Processing /opt/airflow/dags/dag1.py took 0.114 seconds
[2024-04-05T06:00:44.806+0000] {processor.py:161} INFO - Started process (PID=2277) to work on /opt/airflow/dags/dag1.py
[2024-04-05T06:00:44.808+0000] {processor.py:830} INFO - Processing file /opt/airflow/dags/dag1.py for tasks to queue
[2024-04-05T06:00:44.810+0000] {logging_mixin.py:188} INFO - [2024-04-05T06:00:44.809+0000] {dagbag.py:540} INFO - Filling up the DagBag from /opt/airflow/dags/dag1.py
[2024-04-05T06:00:44.835+0000] {processor.py:840} INFO - DAG(s) 'my_dag' retrieved from /opt/airflow/dags/dag1.py
[2024-04-05T06:00:44.859+0000] {logging_mixin.py:188} INFO - [2024-04-05T06:00:44.859+0000] {dag.py:3047} INFO - Sync 1 DAGs
[2024-04-05T06:00:44.885+0000] {logging_mixin.py:188} INFO - [2024-04-05T06:00:44.885+0000] {dag.py:3834} INFO - Setting next_dagrun for my_dag to 2024-04-05 00:00:00+00:00, run_after=2024-04-06 00:00:00+00:00
[2024-04-05T06:00:44.913+0000] {processor.py:183} INFO - Processing /opt/airflow/dags/dag1.py took 0.112 seconds
[2024-04-05T06:01:15.043+0000] {processor.py:161} INFO - Started process (PID=2334) to work on /opt/airflow/dags/dag1.py
[2024-04-05T06:01:15.045+0000] {processor.py:830} INFO - Processing file /opt/airflow/dags/dag1.py for tasks to queue
[2024-04-05T06:01:15.047+0000] {logging_mixin.py:188} INFO - [2024-04-05T06:01:15.046+0000] {dagbag.py:540} INFO - Filling up the DagBag from /opt/airflow/dags/dag1.py
[2024-04-05T06:01:15.077+0000] {processor.py:840} INFO - DAG(s) 'my_dag' retrieved from /opt/airflow/dags/dag1.py
[2024-04-05T06:01:15.103+0000] {logging_mixin.py:188} INFO - [2024-04-05T06:01:15.103+0000] {dag.py:3047} INFO - Sync 1 DAGs
[2024-04-05T06:01:15.133+0000] {logging_mixin.py:188} INFO - [2024-04-05T06:01:15.132+0000] {dag.py:3834} INFO - Setting next_dagrun for my_dag to 2024-04-05 00:00:00+00:00, run_after=2024-04-06 00:00:00+00:00
[2024-04-05T06:01:15.158+0000] {processor.py:183} INFO - Processing /opt/airflow/dags/dag1.py took 0.119 seconds
[2024-04-05T06:01:45.355+0000] {processor.py:161} INFO - Started process (PID=2391) to work on /opt/airflow/dags/dag1.py
[2024-04-05T06:01:45.357+0000] {processor.py:830} INFO - Processing file /opt/airflow/dags/dag1.py for tasks to queue
[2024-04-05T06:01:45.359+0000] {logging_mixin.py:188} INFO - [2024-04-05T06:01:45.358+0000] {dagbag.py:540} INFO - Filling up the DagBag from /opt/airflow/dags/dag1.py
[2024-04-05T06:01:45.395+0000] {processor.py:840} INFO - DAG(s) 'my_dag' retrieved from /opt/airflow/dags/dag1.py
[2024-04-05T06:01:45.438+0000] {logging_mixin.py:188} INFO - [2024-04-05T06:01:45.438+0000] {dag.py:3047} INFO - Sync 1 DAGs
[2024-04-05T06:01:45.486+0000] {logging_mixin.py:188} INFO - [2024-04-05T06:01:45.485+0000] {dag.py:3834} INFO - Setting next_dagrun for my_dag to 2024-04-05 00:00:00+00:00, run_after=2024-04-06 00:00:00+00:00
[2024-04-05T06:01:45.520+0000] {processor.py:183} INFO - Processing /opt/airflow/dags/dag1.py took 0.173 seconds
[2024-04-05T06:02:15.715+0000] {processor.py:161} INFO - Started process (PID=2448) to work on /opt/airflow/dags/dag1.py
[2024-04-05T06:02:15.717+0000] {processor.py:830} INFO - Processing file /opt/airflow/dags/dag1.py for tasks to queue
[2024-04-05T06:02:15.719+0000] {logging_mixin.py:188} INFO - [2024-04-05T06:02:15.718+0000] {dagbag.py:540} INFO - Filling up the DagBag from /opt/airflow/dags/dag1.py
[2024-04-05T06:02:15.749+0000] {processor.py:840} INFO - DAG(s) 'my_dag' retrieved from /opt/airflow/dags/dag1.py
[2024-04-05T06:02:15.772+0000] {logging_mixin.py:188} INFO - [2024-04-05T06:02:15.772+0000] {dag.py:3047} INFO - Sync 1 DAGs
[2024-04-05T06:02:15.803+0000] {logging_mixin.py:188} INFO - [2024-04-05T06:02:15.803+0000] {dag.py:3834} INFO - Setting next_dagrun for my_dag to 2024-04-05 00:00:00+00:00, run_after=2024-04-06 00:00:00+00:00
[2024-04-05T06:02:15.828+0000] {processor.py:183} INFO - Processing /opt/airflow/dags/dag1.py took 0.118 seconds
[2024-04-05T06:02:46.437+0000] {processor.py:161} INFO - Started process (PID=2505) to work on /opt/airflow/dags/dag1.py
[2024-04-05T06:02:46.439+0000] {processor.py:830} INFO - Processing file /opt/airflow/dags/dag1.py for tasks to queue
[2024-04-05T06:02:46.441+0000] {logging_mixin.py:188} INFO - [2024-04-05T06:02:46.440+0000] {dagbag.py:540} INFO - Filling up the DagBag from /opt/airflow/dags/dag1.py
[2024-04-05T06:02:46.470+0000] {processor.py:840} INFO - DAG(s) 'my_dag' retrieved from /opt/airflow/dags/dag1.py
[2024-04-05T06:02:46.505+0000] {logging_mixin.py:188} INFO - [2024-04-05T06:02:46.504+0000] {dag.py:3047} INFO - Sync 1 DAGs
[2024-04-05T06:02:46.547+0000] {logging_mixin.py:188} INFO - [2024-04-05T06:02:46.547+0000] {dag.py:3834} INFO - Setting next_dagrun for my_dag to 2024-04-05 00:00:00+00:00, run_after=2024-04-06 00:00:00+00:00
[2024-04-05T06:02:46.573+0000] {processor.py:183} INFO - Processing /opt/airflow/dags/dag1.py took 0.140 seconds
[2024-04-05T06:03:17.019+0000] {processor.py:161} INFO - Started process (PID=2562) to work on /opt/airflow/dags/dag1.py
[2024-04-05T06:03:17.021+0000] {processor.py:830} INFO - Processing file /opt/airflow/dags/dag1.py for tasks to queue
[2024-04-05T06:03:17.024+0000] {logging_mixin.py:188} INFO - [2024-04-05T06:03:17.023+0000] {dagbag.py:540} INFO - Filling up the DagBag from /opt/airflow/dags/dag1.py
[2024-04-05T06:03:17.064+0000] {processor.py:840} INFO - DAG(s) 'my_dag' retrieved from /opt/airflow/dags/dag1.py
[2024-04-05T06:03:17.111+0000] {logging_mixin.py:188} INFO - [2024-04-05T06:03:17.110+0000] {dag.py:3047} INFO - Sync 1 DAGs
[2024-04-05T06:03:17.168+0000] {logging_mixin.py:188} INFO - [2024-04-05T06:03:17.168+0000] {dag.py:3834} INFO - Setting next_dagrun for my_dag to 2024-04-05 00:00:00+00:00, run_after=2024-04-06 00:00:00+00:00
[2024-04-05T06:03:17.212+0000] {processor.py:183} INFO - Processing /opt/airflow/dags/dag1.py took 0.200 seconds
[2024-04-05T06:03:47.283+0000] {processor.py:161} INFO - Started process (PID=2619) to work on /opt/airflow/dags/dag1.py
[2024-04-05T06:03:47.285+0000] {processor.py:830} INFO - Processing file /opt/airflow/dags/dag1.py for tasks to queue
[2024-04-05T06:03:47.287+0000] {logging_mixin.py:188} INFO - [2024-04-05T06:03:47.287+0000] {dagbag.py:540} INFO - Filling up the DagBag from /opt/airflow/dags/dag1.py
[2024-04-05T06:03:47.315+0000] {processor.py:840} INFO - DAG(s) 'my_dag' retrieved from /opt/airflow/dags/dag1.py
[2024-04-05T06:03:47.341+0000] {logging_mixin.py:188} INFO - [2024-04-05T06:03:47.341+0000] {dag.py:3047} INFO - Sync 1 DAGs
[2024-04-05T06:03:47.369+0000] {logging_mixin.py:188} INFO - [2024-04-05T06:03:47.368+0000] {dag.py:3834} INFO - Setting next_dagrun for my_dag to 2024-04-05 00:00:00+00:00, run_after=2024-04-06 00:00:00+00:00
[2024-04-05T06:03:47.401+0000] {processor.py:183} INFO - Processing /opt/airflow/dags/dag1.py took 0.125 seconds
[2024-04-05T06:04:17.747+0000] {processor.py:161} INFO - Started process (PID=2676) to work on /opt/airflow/dags/dag1.py
[2024-04-05T06:04:17.750+0000] {processor.py:830} INFO - Processing file /opt/airflow/dags/dag1.py for tasks to queue
[2024-04-05T06:04:17.754+0000] {logging_mixin.py:188} INFO - [2024-04-05T06:04:17.753+0000] {dagbag.py:540} INFO - Filling up the DagBag from /opt/airflow/dags/dag1.py
[2024-04-05T06:04:17.800+0000] {processor.py:840} INFO - DAG(s) 'my_dag' retrieved from /opt/airflow/dags/dag1.py
[2024-04-05T06:04:17.843+0000] {logging_mixin.py:188} INFO - [2024-04-05T06:04:17.842+0000] {dag.py:3047} INFO - Sync 1 DAGs
[2024-04-05T06:04:17.882+0000] {logging_mixin.py:188} INFO - [2024-04-05T06:04:17.881+0000] {dag.py:3834} INFO - Setting next_dagrun for my_dag to 2024-04-05 00:00:00+00:00, run_after=2024-04-06 00:00:00+00:00
[2024-04-05T06:04:17.915+0000] {processor.py:183} INFO - Processing /opt/airflow/dags/dag1.py took 0.179 seconds
[2024-04-05T06:04:48.765+0000] {processor.py:161} INFO - Started process (PID=2733) to work on /opt/airflow/dags/dag1.py
[2024-04-05T06:04:48.767+0000] {processor.py:830} INFO - Processing file /opt/airflow/dags/dag1.py for tasks to queue
[2024-04-05T06:04:48.776+0000] {logging_mixin.py:188} INFO - [2024-04-05T06:04:48.773+0000] {dagbag.py:540} INFO - Filling up the DagBag from /opt/airflow/dags/dag1.py
[2024-04-05T06:04:48.833+0000] {processor.py:840} INFO - DAG(s) 'my_dag' retrieved from /opt/airflow/dags/dag1.py
[2024-04-05T06:04:48.943+0000] {logging_mixin.py:188} INFO - [2024-04-05T06:04:48.942+0000] {dag.py:3047} INFO - Sync 1 DAGs
[2024-04-05T06:04:49.002+0000] {logging_mixin.py:188} INFO - [2024-04-05T06:04:49.001+0000] {dag.py:3834} INFO - Setting next_dagrun for my_dag to 2024-04-05 00:00:00+00:00, run_after=2024-04-06 00:00:00+00:00
[2024-04-05T06:04:49.051+0000] {processor.py:183} INFO - Processing /opt/airflow/dags/dag1.py took 0.307 seconds
