[2024-04-05T05:40:29.506+0000] {processor.py:161} INFO - Started process (PID=39) to work on /opt/airflow/dags/dag2.py
[2024-04-05T05:40:29.509+0000] {processor.py:830} INFO - Processing file /opt/airflow/dags/dag2.py for tasks to queue
[2024-04-05T05:40:29.516+0000] {logging_mixin.py:188} INFO - [2024-04-05T05:40:29.515+0000] {dagbag.py:540} INFO - Filling up the DagBag from /opt/airflow/dags/dag2.py
[2024-04-05T05:40:29.603+0000] {processor.py:840} INFO - DAG(s) 'thangnc_dag01a' retrieved from /opt/airflow/dags/dag2.py
[2024-04-05T05:40:30.513+0000] {logging_mixin.py:188} INFO - [2024-04-05T05:40:30.511+0000] {override.py:1769} INFO - Created Permission View: can edit on DAG:thangnc_dag01a
[2024-04-05T05:40:30.567+0000] {logging_mixin.py:188} INFO - [2024-04-05T05:40:30.566+0000] {override.py:1769} INFO - Created Permission View: can read on DAG:thangnc_dag01a
[2024-04-05T05:40:30.595+0000] {logging_mixin.py:188} INFO - [2024-04-05T05:40:30.594+0000] {override.py:1769} INFO - Created Permission View: can delete on DAG:thangnc_dag01a
[2024-04-05T05:40:30.596+0000] {logging_mixin.py:188} INFO - [2024-04-05T05:40:30.596+0000] {dag.py:3047} INFO - Sync 1 DAGs
[2024-04-05T05:40:30.657+0000] {logging_mixin.py:188} INFO - [2024-04-05T05:40:30.656+0000] {dag.py:3069} INFO - Creating ORM DAG for thangnc_dag01a
[2024-04-05T05:40:30.696+0000] {logging_mixin.py:188} INFO - [2024-04-05T05:40:30.694+0000] {dag.py:3834} INFO - Setting next_dagrun for thangnc_dag01a to 2024-04-05 00:00:00+00:00, run_after=2024-04-05 00:00:00+00:00
[2024-04-05T05:40:30.746+0000] {processor.py:183} INFO - Processing /opt/airflow/dags/dag2.py took 1.252 seconds
[2024-04-05T05:41:09.340+0000] {processor.py:161} INFO - Started process (PID=101) to work on /opt/airflow/dags/dag2.py
[2024-04-05T05:41:09.343+0000] {processor.py:830} INFO - Processing file /opt/airflow/dags/dag2.py for tasks to queue
[2024-04-05T05:41:09.356+0000] {logging_mixin.py:188} INFO - [2024-04-05T05:41:09.355+0000] {dagbag.py:540} INFO - Filling up the DagBag from /opt/airflow/dags/dag2.py
[2024-04-05T05:41:09.417+0000] {processor.py:840} INFO - DAG(s) 'thangnc_dag01a' retrieved from /opt/airflow/dags/dag2.py
[2024-04-05T05:41:09.560+0000] {logging_mixin.py:188} INFO - [2024-04-05T05:41:09.556+0000] {dag.py:3047} INFO - Sync 1 DAGs
[2024-04-05T05:41:09.740+0000] {logging_mixin.py:188} INFO - [2024-04-05T05:41:09.740+0000] {dag.py:3834} INFO - Setting next_dagrun for thangnc_dag01a to 2024-04-05 00:00:00+00:00, run_after=2024-04-05 00:00:00+00:00
[2024-04-05T05:41:09.875+0000] {processor.py:183} INFO - Processing /opt/airflow/dags/dag2.py took 0.556 seconds
[2024-04-05T05:41:40.841+0000] {processor.py:161} INFO - Started process (PID=144) to work on /opt/airflow/dags/dag2.py
[2024-04-05T05:41:40.843+0000] {processor.py:830} INFO - Processing file /opt/airflow/dags/dag2.py for tasks to queue
[2024-04-05T05:41:40.848+0000] {logging_mixin.py:188} INFO - [2024-04-05T05:41:40.847+0000] {dagbag.py:540} INFO - Filling up the DagBag from /opt/airflow/dags/dag2.py
[2024-04-05T05:41:40.878+0000] {processor.py:840} INFO - DAG(s) 'thangnc_dag01a' retrieved from /opt/airflow/dags/dag2.py
[2024-04-05T05:41:40.939+0000] {logging_mixin.py:188} INFO - [2024-04-05T05:41:40.937+0000] {dag.py:3047} INFO - Sync 1 DAGs
[2024-04-05T05:41:41.035+0000] {logging_mixin.py:188} INFO - [2024-04-05T05:41:41.034+0000] {dag.py:3834} INFO - Setting next_dagrun for thangnc_dag01a to 2024-04-05 00:00:00+00:00, run_after=2024-04-05 00:00:00+00:00
[2024-04-05T05:41:41.097+0000] {processor.py:183} INFO - Processing /opt/airflow/dags/dag2.py took 0.262 seconds
[2024-04-05T05:42:11.372+0000] {processor.py:161} INFO - Started process (PID=201) to work on /opt/airflow/dags/dag2.py
[2024-04-05T05:42:11.375+0000] {processor.py:830} INFO - Processing file /opt/airflow/dags/dag2.py for tasks to queue
[2024-04-05T05:42:11.383+0000] {logging_mixin.py:188} INFO - [2024-04-05T05:42:11.382+0000] {dagbag.py:540} INFO - Filling up the DagBag from /opt/airflow/dags/dag2.py
[2024-04-05T05:42:11.431+0000] {processor.py:840} INFO - DAG(s) 'thangnc_dag01a' retrieved from /opt/airflow/dags/dag2.py
[2024-04-05T05:42:11.527+0000] {logging_mixin.py:188} INFO - [2024-04-05T05:42:11.517+0000] {dag.py:3047} INFO - Sync 1 DAGs
[2024-04-05T05:42:11.663+0000] {logging_mixin.py:188} INFO - [2024-04-05T05:42:11.662+0000] {dag.py:3834} INFO - Setting next_dagrun for thangnc_dag01a to 2024-04-05 00:00:00+00:00, run_after=2024-04-05 00:00:00+00:00
[2024-04-05T05:42:11.834+0000] {processor.py:183} INFO - Processing /opt/airflow/dags/dag2.py took 0.475 seconds
[2024-04-05T05:42:42.509+0000] {processor.py:161} INFO - Started process (PID=258) to work on /opt/airflow/dags/dag2.py
[2024-04-05T05:42:42.511+0000] {processor.py:830} INFO - Processing file /opt/airflow/dags/dag2.py for tasks to queue
[2024-04-05T05:42:42.516+0000] {logging_mixin.py:188} INFO - [2024-04-05T05:42:42.515+0000] {dagbag.py:540} INFO - Filling up the DagBag from /opt/airflow/dags/dag2.py
[2024-04-05T05:42:42.547+0000] {processor.py:840} INFO - DAG(s) 'thangnc_dag01a' retrieved from /opt/airflow/dags/dag2.py
[2024-04-05T05:42:42.603+0000] {logging_mixin.py:188} INFO - [2024-04-05T05:42:42.602+0000] {dag.py:3047} INFO - Sync 1 DAGs
[2024-04-05T05:42:42.665+0000] {logging_mixin.py:188} INFO - [2024-04-05T05:42:42.664+0000] {dag.py:3834} INFO - Setting next_dagrun for thangnc_dag01a to 2024-04-05 00:00:00+00:00, run_after=2024-04-05 00:00:00+00:00
[2024-04-05T05:42:42.705+0000] {processor.py:183} INFO - Processing /opt/airflow/dags/dag2.py took 0.205 seconds
[2024-04-05T05:42:46.989+0000] {processor.py:161} INFO - Started process (PID=275) to work on /opt/airflow/dags/dag2.py
[2024-04-05T05:42:46.991+0000] {processor.py:830} INFO - Processing file /opt/airflow/dags/dag2.py for tasks to queue
[2024-04-05T05:42:46.994+0000] {logging_mixin.py:188} INFO - [2024-04-05T05:42:46.994+0000] {dagbag.py:540} INFO - Filling up the DagBag from /opt/airflow/dags/dag2.py
[2024-04-05T05:42:47.040+0000] {processor.py:840} INFO - DAG(s) 'My_dag2' retrieved from /opt/airflow/dags/dag2.py
[2024-04-05T05:42:47.278+0000] {logging_mixin.py:188} INFO - [2024-04-05T05:42:47.276+0000] {override.py:1769} INFO - Created Permission View: can edit on DAG:My_dag2
[2024-04-05T05:42:47.307+0000] {logging_mixin.py:188} INFO - [2024-04-05T05:42:47.306+0000] {override.py:1769} INFO - Created Permission View: can read on DAG:My_dag2
[2024-04-05T05:42:47.322+0000] {logging_mixin.py:188} INFO - [2024-04-05T05:42:47.322+0000] {override.py:1769} INFO - Created Permission View: can delete on DAG:My_dag2
[2024-04-05T05:42:47.324+0000] {logging_mixin.py:188} INFO - [2024-04-05T05:42:47.323+0000] {dag.py:3047} INFO - Sync 1 DAGs
[2024-04-05T05:42:47.364+0000] {logging_mixin.py:188} INFO - [2024-04-05T05:42:47.362+0000] {dag.py:3069} INFO - Creating ORM DAG for My_dag2
[2024-04-05T05:42:47.394+0000] {logging_mixin.py:188} INFO - [2024-04-05T05:42:47.393+0000] {dag.py:3834} INFO - Setting next_dagrun for My_dag2 to 2024-04-05 00:00:00+00:00, run_after=2024-04-05 00:00:00+00:00
[2024-04-05T05:42:47.445+0000] {processor.py:183} INFO - Processing /opt/airflow/dags/dag2.py took 0.466 seconds
[2024-04-05T05:42:56.048+0000] {processor.py:161} INFO - Started process (PID=285) to work on /opt/airflow/dags/dag2.py
[2024-04-05T05:42:56.051+0000] {processor.py:830} INFO - Processing file /opt/airflow/dags/dag2.py for tasks to queue
[2024-04-05T05:42:56.056+0000] {logging_mixin.py:188} INFO - [2024-04-05T05:42:56.055+0000] {dagbag.py:540} INFO - Filling up the DagBag from /opt/airflow/dags/dag2.py
[2024-04-05T05:42:56.115+0000] {processor.py:840} INFO - DAG(s) 'My_dag2' retrieved from /opt/airflow/dags/dag2.py
[2024-04-05T05:42:56.142+0000] {logging_mixin.py:188} INFO - [2024-04-05T05:42:56.142+0000] {dag.py:3047} INFO - Sync 1 DAGs
[2024-04-05T05:42:56.186+0000] {logging_mixin.py:188} INFO - [2024-04-05T05:42:56.185+0000] {dag.py:3834} INFO - Setting next_dagrun for My_dag2 to 2024-04-05 00:00:00+00:00, run_after=2024-04-05 00:00:00+00:00
[2024-04-05T05:42:56.225+0000] {processor.py:183} INFO - Processing /opt/airflow/dags/dag2.py took 0.187 seconds
[2024-04-05T05:43:26.389+0000] {processor.py:161} INFO - Started process (PID=341) to work on /opt/airflow/dags/dag2.py
[2024-04-05T05:43:26.392+0000] {processor.py:830} INFO - Processing file /opt/airflow/dags/dag2.py for tasks to queue
[2024-04-05T05:43:26.397+0000] {logging_mixin.py:188} INFO - [2024-04-05T05:43:26.396+0000] {dagbag.py:540} INFO - Filling up the DagBag from /opt/airflow/dags/dag2.py
[2024-04-05T05:43:26.424+0000] {processor.py:840} INFO - DAG(s) 'My_dag2' retrieved from /opt/airflow/dags/dag2.py
[2024-04-05T05:43:26.462+0000] {logging_mixin.py:188} INFO - [2024-04-05T05:43:26.461+0000] {dag.py:3047} INFO - Sync 1 DAGs
[2024-04-05T05:43:26.499+0000] {logging_mixin.py:188} INFO - [2024-04-05T05:43:26.499+0000] {dag.py:3834} INFO - Setting next_dagrun for My_dag2 to 2024-04-05 00:00:00+00:00, run_after=2024-04-05 00:00:00+00:00
[2024-04-05T05:43:26.533+0000] {processor.py:183} INFO - Processing /opt/airflow/dags/dag2.py took 0.151 seconds
[2024-04-05T05:43:56.710+0000] {processor.py:161} INFO - Started process (PID=398) to work on /opt/airflow/dags/dag2.py
[2024-04-05T05:43:56.712+0000] {processor.py:830} INFO - Processing file /opt/airflow/dags/dag2.py for tasks to queue
[2024-04-05T05:43:56.715+0000] {logging_mixin.py:188} INFO - [2024-04-05T05:43:56.714+0000] {dagbag.py:540} INFO - Filling up the DagBag from /opt/airflow/dags/dag2.py
[2024-04-05T05:43:56.735+0000] {processor.py:840} INFO - DAG(s) 'My_dag2' retrieved from /opt/airflow/dags/dag2.py
[2024-04-05T05:43:56.771+0000] {logging_mixin.py:188} INFO - [2024-04-05T05:43:56.770+0000] {dag.py:3047} INFO - Sync 1 DAGs
[2024-04-05T05:43:56.807+0000] {logging_mixin.py:188} INFO - [2024-04-05T05:43:56.807+0000] {dag.py:3834} INFO - Setting next_dagrun for My_dag2 to 2024-04-05 00:00:00+00:00, run_after=2024-04-05 00:00:00+00:00
[2024-04-05T05:43:56.841+0000] {processor.py:183} INFO - Processing /opt/airflow/dags/dag2.py took 0.137 seconds
[2024-04-05T05:44:05.711+0000] {processor.py:161} INFO - Started process (PID=407) to work on /opt/airflow/dags/dag2.py
[2024-04-05T05:44:05.714+0000] {processor.py:830} INFO - Processing file /opt/airflow/dags/dag2.py for tasks to queue
[2024-04-05T05:44:05.718+0000] {logging_mixin.py:188} INFO - [2024-04-05T05:44:05.718+0000] {dagbag.py:540} INFO - Filling up the DagBag from /opt/airflow/dags/dag2.py
[2024-04-05T05:44:05.767+0000] {processor.py:840} INFO - DAG(s) 'My_dag2' retrieved from /opt/airflow/dags/dag2.py
[2024-04-05T05:44:05.813+0000] {logging_mixin.py:188} INFO - [2024-04-05T05:44:05.812+0000] {dag.py:3047} INFO - Sync 1 DAGs
[2024-04-05T05:44:05.875+0000] {logging_mixin.py:188} INFO - [2024-04-05T05:44:05.874+0000] {dag.py:3834} INFO - Setting next_dagrun for My_dag2 to 2024-04-05 00:00:00+00:00, run_after=2024-04-05 00:00:00+00:00
[2024-04-05T05:44:05.922+0000] {processor.py:183} INFO - Processing /opt/airflow/dags/dag2.py took 0.221 seconds
[2024-04-05T05:44:36.186+0000] {processor.py:161} INFO - Started process (PID=464) to work on /opt/airflow/dags/dag2.py
[2024-04-05T05:44:36.192+0000] {processor.py:830} INFO - Processing file /opt/airflow/dags/dag2.py for tasks to queue
[2024-04-05T05:44:36.196+0000] {logging_mixin.py:188} INFO - [2024-04-05T05:44:36.195+0000] {dagbag.py:540} INFO - Filling up the DagBag from /opt/airflow/dags/dag2.py
[2024-04-05T05:44:36.238+0000] {processor.py:840} INFO - DAG(s) 'My_dag2' retrieved from /opt/airflow/dags/dag2.py
[2024-04-05T05:44:36.310+0000] {logging_mixin.py:188} INFO - [2024-04-05T05:44:36.309+0000] {dag.py:3047} INFO - Sync 1 DAGs
[2024-04-05T05:44:36.383+0000] {logging_mixin.py:188} INFO - [2024-04-05T05:44:36.383+0000] {dag.py:3834} INFO - Setting next_dagrun for My_dag2 to 2024-04-05 00:00:00+00:00, run_after=2024-04-05 00:00:00+00:00
[2024-04-05T05:44:36.443+0000] {processor.py:183} INFO - Processing /opt/airflow/dags/dag2.py took 0.269 seconds
[2024-04-05T05:45:07.025+0000] {processor.py:161} INFO - Started process (PID=521) to work on /opt/airflow/dags/dag2.py
[2024-04-05T05:45:07.027+0000] {processor.py:830} INFO - Processing file /opt/airflow/dags/dag2.py for tasks to queue
[2024-04-05T05:45:07.030+0000] {logging_mixin.py:188} INFO - [2024-04-05T05:45:07.029+0000] {dagbag.py:540} INFO - Filling up the DagBag from /opt/airflow/dags/dag2.py
[2024-04-05T05:45:07.085+0000] {processor.py:840} INFO - DAG(s) 'My_dag2' retrieved from /opt/airflow/dags/dag2.py
[2024-04-05T05:45:07.237+0000] {logging_mixin.py:188} INFO - [2024-04-05T05:45:07.229+0000] {dag.py:3047} INFO - Sync 1 DAGs
[2024-04-05T05:45:07.406+0000] {logging_mixin.py:188} INFO - [2024-04-05T05:45:07.405+0000] {dag.py:3834} INFO - Setting next_dagrun for My_dag2 to 2024-04-05 00:00:00+00:00, run_after=2024-04-05 00:00:00+00:00
[2024-04-05T05:45:07.733+0000] {processor.py:183} INFO - Processing /opt/airflow/dags/dag2.py took 0.717 seconds
[2024-04-05T05:45:38.688+0000] {processor.py:161} INFO - Started process (PID=584) to work on /opt/airflow/dags/dag2.py
[2024-04-05T05:45:38.691+0000] {processor.py:830} INFO - Processing file /opt/airflow/dags/dag2.py for tasks to queue
[2024-04-05T05:45:38.694+0000] {logging_mixin.py:188} INFO - [2024-04-05T05:45:38.693+0000] {dagbag.py:540} INFO - Filling up the DagBag from /opt/airflow/dags/dag2.py
[2024-04-05T05:45:38.741+0000] {processor.py:840} INFO - DAG(s) 'My_dag2' retrieved from /opt/airflow/dags/dag2.py
[2024-04-05T05:45:38.797+0000] {logging_mixin.py:188} INFO - [2024-04-05T05:45:38.797+0000] {dag.py:3047} INFO - Sync 1 DAGs
[2024-04-05T05:45:38.851+0000] {logging_mixin.py:188} INFO - [2024-04-05T05:45:38.850+0000] {dag.py:3834} INFO - Setting next_dagrun for My_dag2 to 2024-04-05 00:00:00+00:00, run_after=2024-04-05 00:00:00+00:00
[2024-04-05T05:45:38.887+0000] {processor.py:183} INFO - Processing /opt/airflow/dags/dag2.py took 0.210 seconds
[2024-04-05T05:46:09.410+0000] {processor.py:161} INFO - Started process (PID=641) to work on /opt/airflow/dags/dag2.py
[2024-04-05T05:46:09.413+0000] {processor.py:830} INFO - Processing file /opt/airflow/dags/dag2.py for tasks to queue
[2024-04-05T05:46:09.419+0000] {logging_mixin.py:188} INFO - [2024-04-05T05:46:09.418+0000] {dagbag.py:540} INFO - Filling up the DagBag from /opt/airflow/dags/dag2.py
[2024-04-05T05:46:09.459+0000] {processor.py:840} INFO - DAG(s) 'My_dag2' retrieved from /opt/airflow/dags/dag2.py
[2024-04-05T05:46:09.526+0000] {logging_mixin.py:188} INFO - [2024-04-05T05:46:09.525+0000] {dag.py:3047} INFO - Sync 1 DAGs
[2024-04-05T05:46:09.602+0000] {logging_mixin.py:188} INFO - [2024-04-05T05:46:09.602+0000] {dag.py:3834} INFO - Setting next_dagrun for My_dag2 to 2024-04-05 00:00:00+00:00, run_after=2024-04-05 00:00:00+00:00
[2024-04-05T05:46:09.687+0000] {processor.py:183} INFO - Processing /opt/airflow/dags/dag2.py took 0.291 seconds
[2024-04-05T05:46:40.785+0000] {processor.py:161} INFO - Started process (PID=698) to work on /opt/airflow/dags/dag2.py
[2024-04-05T05:46:40.788+0000] {processor.py:830} INFO - Processing file /opt/airflow/dags/dag2.py for tasks to queue
[2024-04-05T05:46:40.791+0000] {logging_mixin.py:188} INFO - [2024-04-05T05:46:40.790+0000] {dagbag.py:540} INFO - Filling up the DagBag from /opt/airflow/dags/dag2.py
[2024-04-05T05:46:40.828+0000] {processor.py:840} INFO - DAG(s) 'My_dag2' retrieved from /opt/airflow/dags/dag2.py
[2024-04-05T05:46:40.868+0000] {logging_mixin.py:188} INFO - [2024-04-05T05:46:40.868+0000] {dag.py:3047} INFO - Sync 1 DAGs
[2024-04-05T05:46:40.919+0000] {logging_mixin.py:188} INFO - [2024-04-05T05:46:40.919+0000] {dag.py:3834} INFO - Setting next_dagrun for My_dag2 to 2024-04-05 00:00:00+00:00, run_after=2024-04-05 00:00:00+00:00
[2024-04-05T05:46:40.963+0000] {processor.py:183} INFO - Processing /opt/airflow/dags/dag2.py took 0.188 seconds
[2024-04-05T05:47:11.590+0000] {processor.py:161} INFO - Started process (PID=760) to work on /opt/airflow/dags/dag2.py
[2024-04-05T05:47:11.595+0000] {processor.py:830} INFO - Processing file /opt/airflow/dags/dag2.py for tasks to queue
[2024-04-05T05:47:11.600+0000] {logging_mixin.py:188} INFO - [2024-04-05T05:47:11.599+0000] {dagbag.py:540} INFO - Filling up the DagBag from /opt/airflow/dags/dag2.py
[2024-04-05T05:47:11.647+0000] {processor.py:840} INFO - DAG(s) 'My_dag2' retrieved from /opt/airflow/dags/dag2.py
[2024-04-05T05:47:11.722+0000] {logging_mixin.py:188} INFO - [2024-04-05T05:47:11.721+0000] {dag.py:3047} INFO - Sync 1 DAGs
[2024-04-05T05:47:11.823+0000] {logging_mixin.py:188} INFO - [2024-04-05T05:47:11.822+0000] {dag.py:3834} INFO - Setting next_dagrun for My_dag2 to None, run_after=None
[2024-04-05T05:47:11.988+0000] {processor.py:183} INFO - Processing /opt/airflow/dags/dag2.py took 0.418 seconds
[2024-04-05T05:47:42.553+0000] {processor.py:161} INFO - Started process (PID=817) to work on /opt/airflow/dags/dag2.py
[2024-04-05T05:47:42.556+0000] {processor.py:830} INFO - Processing file /opt/airflow/dags/dag2.py for tasks to queue
[2024-04-05T05:47:42.559+0000] {logging_mixin.py:188} INFO - [2024-04-05T05:47:42.558+0000] {dagbag.py:540} INFO - Filling up the DagBag from /opt/airflow/dags/dag2.py
[2024-04-05T05:47:42.599+0000] {processor.py:840} INFO - DAG(s) 'My_dag2' retrieved from /opt/airflow/dags/dag2.py
[2024-04-05T05:47:42.663+0000] {logging_mixin.py:188} INFO - [2024-04-05T05:47:42.662+0000] {dag.py:3047} INFO - Sync 1 DAGs
[2024-04-05T05:47:42.719+0000] {logging_mixin.py:188} INFO - [2024-04-05T05:47:42.719+0000] {dag.py:3834} INFO - Setting next_dagrun for My_dag2 to None, run_after=None
[2024-04-05T05:47:42.761+0000] {processor.py:183} INFO - Processing /opt/airflow/dags/dag2.py took 0.217 seconds
[2024-04-05T05:48:13.362+0000] {processor.py:161} INFO - Started process (PID=874) to work on /opt/airflow/dags/dag2.py
[2024-04-05T05:48:13.365+0000] {processor.py:830} INFO - Processing file /opt/airflow/dags/dag2.py for tasks to queue
[2024-04-05T05:48:13.369+0000] {logging_mixin.py:188} INFO - [2024-04-05T05:48:13.368+0000] {dagbag.py:540} INFO - Filling up the DagBag from /opt/airflow/dags/dag2.py
[2024-04-05T05:48:13.416+0000] {processor.py:840} INFO - DAG(s) 'My_dag2' retrieved from /opt/airflow/dags/dag2.py
[2024-04-05T05:48:13.503+0000] {logging_mixin.py:188} INFO - [2024-04-05T05:48:13.497+0000] {dag.py:3047} INFO - Sync 1 DAGs
[2024-04-05T05:48:13.590+0000] {logging_mixin.py:188} INFO - [2024-04-05T05:48:13.589+0000] {dag.py:3834} INFO - Setting next_dagrun for My_dag2 to None, run_after=None
[2024-04-05T05:48:13.660+0000] {processor.py:183} INFO - Processing /opt/airflow/dags/dag2.py took 0.307 seconds
[2024-04-05T05:48:43.961+0000] {processor.py:161} INFO - Started process (PID=931) to work on /opt/airflow/dags/dag2.py
[2024-04-05T05:48:43.963+0000] {processor.py:830} INFO - Processing file /opt/airflow/dags/dag2.py for tasks to queue
[2024-04-05T05:48:43.965+0000] {logging_mixin.py:188} INFO - [2024-04-05T05:48:43.965+0000] {dagbag.py:540} INFO - Filling up the DagBag from /opt/airflow/dags/dag2.py
[2024-04-05T05:48:43.996+0000] {processor.py:840} INFO - DAG(s) 'My_dag2' retrieved from /opt/airflow/dags/dag2.py
[2024-04-05T05:48:44.039+0000] {logging_mixin.py:188} INFO - [2024-04-05T05:48:44.039+0000] {dag.py:3047} INFO - Sync 1 DAGs
[2024-04-05T05:48:44.090+0000] {logging_mixin.py:188} INFO - [2024-04-05T05:48:44.089+0000] {dag.py:3834} INFO - Setting next_dagrun for My_dag2 to None, run_after=None
[2024-04-05T05:48:44.133+0000] {processor.py:183} INFO - Processing /opt/airflow/dags/dag2.py took 0.180 seconds
[2024-04-05T05:49:14.749+0000] {processor.py:161} INFO - Started process (PID=988) to work on /opt/airflow/dags/dag2.py
[2024-04-05T05:49:14.752+0000] {processor.py:830} INFO - Processing file /opt/airflow/dags/dag2.py for tasks to queue
[2024-04-05T05:49:14.755+0000] {logging_mixin.py:188} INFO - [2024-04-05T05:49:14.754+0000] {dagbag.py:540} INFO - Filling up the DagBag from /opt/airflow/dags/dag2.py
[2024-04-05T05:49:14.789+0000] {processor.py:840} INFO - DAG(s) 'My_dag2' retrieved from /opt/airflow/dags/dag2.py
[2024-04-05T05:49:14.836+0000] {logging_mixin.py:188} INFO - [2024-04-05T05:49:14.835+0000] {dag.py:3047} INFO - Sync 1 DAGs
[2024-04-05T05:49:14.890+0000] {logging_mixin.py:188} INFO - [2024-04-05T05:49:14.890+0000] {dag.py:3834} INFO - Setting next_dagrun for My_dag2 to None, run_after=None
[2024-04-05T05:49:14.929+0000] {processor.py:183} INFO - Processing /opt/airflow/dags/dag2.py took 0.187 seconds
[2024-04-05T05:49:45.324+0000] {processor.py:161} INFO - Started process (PID=1045) to work on /opt/airflow/dags/dag2.py
[2024-04-05T05:49:45.326+0000] {processor.py:830} INFO - Processing file /opt/airflow/dags/dag2.py for tasks to queue
[2024-04-05T05:49:45.329+0000] {logging_mixin.py:188} INFO - [2024-04-05T05:49:45.328+0000] {dagbag.py:540} INFO - Filling up the DagBag from /opt/airflow/dags/dag2.py
[2024-04-05T05:49:45.360+0000] {processor.py:840} INFO - DAG(s) 'My_dag2' retrieved from /opt/airflow/dags/dag2.py
[2024-04-05T05:49:45.403+0000] {logging_mixin.py:188} INFO - [2024-04-05T05:49:45.402+0000] {dag.py:3047} INFO - Sync 1 DAGs
[2024-04-05T05:49:45.446+0000] {logging_mixin.py:188} INFO - [2024-04-05T05:49:45.446+0000] {dag.py:3834} INFO - Setting next_dagrun for My_dag2 to None, run_after=None
[2024-04-05T05:49:45.483+0000] {processor.py:183} INFO - Processing /opt/airflow/dags/dag2.py took 0.167 seconds
[2024-04-05T05:50:15.695+0000] {processor.py:161} INFO - Started process (PID=1100) to work on /opt/airflow/dags/dag2.py
[2024-04-05T05:50:15.697+0000] {processor.py:830} INFO - Processing file /opt/airflow/dags/dag2.py for tasks to queue
[2024-04-05T05:50:15.700+0000] {logging_mixin.py:188} INFO - [2024-04-05T05:50:15.699+0000] {dagbag.py:540} INFO - Filling up the DagBag from /opt/airflow/dags/dag2.py
[2024-04-05T05:50:15.732+0000] {processor.py:840} INFO - DAG(s) 'My_dag2' retrieved from /opt/airflow/dags/dag2.py
[2024-04-05T05:50:15.791+0000] {logging_mixin.py:188} INFO - [2024-04-05T05:50:15.790+0000] {dag.py:3047} INFO - Sync 1 DAGs
[2024-04-05T05:50:15.859+0000] {logging_mixin.py:188} INFO - [2024-04-05T05:50:15.858+0000] {dag.py:3834} INFO - Setting next_dagrun for My_dag2 to None, run_after=None
[2024-04-05T05:50:15.906+0000] {processor.py:183} INFO - Processing /opt/airflow/dags/dag2.py took 0.217 seconds
[2024-04-05T05:50:46.035+0000] {processor.py:161} INFO - Started process (PID=1157) to work on /opt/airflow/dags/dag2.py
[2024-04-05T05:50:46.037+0000] {processor.py:830} INFO - Processing file /opt/airflow/dags/dag2.py for tasks to queue
[2024-04-05T05:50:46.040+0000] {logging_mixin.py:188} INFO - [2024-04-05T05:50:46.039+0000] {dagbag.py:540} INFO - Filling up the DagBag from /opt/airflow/dags/dag2.py
[2024-04-05T05:50:46.071+0000] {processor.py:840} INFO - DAG(s) 'My_dag2' retrieved from /opt/airflow/dags/dag2.py
[2024-04-05T05:50:46.108+0000] {logging_mixin.py:188} INFO - [2024-04-05T05:50:46.108+0000] {dag.py:3047} INFO - Sync 1 DAGs
[2024-04-05T05:50:46.156+0000] {logging_mixin.py:188} INFO - [2024-04-05T05:50:46.155+0000] {dag.py:3834} INFO - Setting next_dagrun for My_dag2 to None, run_after=None
[2024-04-05T05:50:46.214+0000] {processor.py:183} INFO - Processing /opt/airflow/dags/dag2.py took 0.185 seconds
[2024-04-05T05:51:16.880+0000] {processor.py:161} INFO - Started process (PID=1214) to work on /opt/airflow/dags/dag2.py
[2024-04-05T05:51:16.882+0000] {processor.py:830} INFO - Processing file /opt/airflow/dags/dag2.py for tasks to queue
[2024-04-05T05:51:16.884+0000] {logging_mixin.py:188} INFO - [2024-04-05T05:51:16.883+0000] {dagbag.py:540} INFO - Filling up the DagBag from /opt/airflow/dags/dag2.py
[2024-04-05T05:51:16.922+0000] {processor.py:840} INFO - DAG(s) 'My_dag2' retrieved from /opt/airflow/dags/dag2.py
[2024-04-05T05:51:16.969+0000] {logging_mixin.py:188} INFO - [2024-04-05T05:51:16.969+0000] {dag.py:3047} INFO - Sync 1 DAGs
[2024-04-05T05:51:17.016+0000] {logging_mixin.py:188} INFO - [2024-04-05T05:51:17.015+0000] {dag.py:3834} INFO - Setting next_dagrun for My_dag2 to None, run_after=None
[2024-04-05T05:51:17.055+0000] {processor.py:183} INFO - Processing /opt/airflow/dags/dag2.py took 0.181 seconds
[2024-04-05T05:51:47.347+0000] {processor.py:161} INFO - Started process (PID=1271) to work on /opt/airflow/dags/dag2.py
[2024-04-05T05:51:47.350+0000] {processor.py:830} INFO - Processing file /opt/airflow/dags/dag2.py for tasks to queue
[2024-04-05T05:51:47.353+0000] {logging_mixin.py:188} INFO - [2024-04-05T05:51:47.352+0000] {dagbag.py:540} INFO - Filling up the DagBag from /opt/airflow/dags/dag2.py
[2024-04-05T05:51:47.390+0000] {processor.py:840} INFO - DAG(s) 'My_dag2' retrieved from /opt/airflow/dags/dag2.py
[2024-04-05T05:51:47.429+0000] {logging_mixin.py:188} INFO - [2024-04-05T05:51:47.428+0000] {dag.py:3047} INFO - Sync 1 DAGs
[2024-04-05T05:51:47.476+0000] {logging_mixin.py:188} INFO - [2024-04-05T05:51:47.476+0000] {dag.py:3834} INFO - Setting next_dagrun for My_dag2 to None, run_after=None
[2024-04-05T05:51:47.511+0000] {processor.py:183} INFO - Processing /opt/airflow/dags/dag2.py took 0.172 seconds
[2024-04-05T05:52:18.009+0000] {processor.py:161} INFO - Started process (PID=1327) to work on /opt/airflow/dags/dag2.py
[2024-04-05T05:52:18.011+0000] {processor.py:830} INFO - Processing file /opt/airflow/dags/dag2.py for tasks to queue
[2024-04-05T05:52:18.013+0000] {logging_mixin.py:188} INFO - [2024-04-05T05:52:18.012+0000] {dagbag.py:540} INFO - Filling up the DagBag from /opt/airflow/dags/dag2.py
[2024-04-05T05:52:18.047+0000] {processor.py:840} INFO - DAG(s) 'My_dag2' retrieved from /opt/airflow/dags/dag2.py
[2024-04-05T05:52:18.078+0000] {logging_mixin.py:188} INFO - [2024-04-05T05:52:18.077+0000] {dag.py:3047} INFO - Sync 1 DAGs
[2024-04-05T05:52:18.127+0000] {logging_mixin.py:188} INFO - [2024-04-05T05:52:18.126+0000] {dag.py:3834} INFO - Setting next_dagrun for My_dag2 to None, run_after=None
[2024-04-05T05:52:18.175+0000] {processor.py:183} INFO - Processing /opt/airflow/dags/dag2.py took 0.172 seconds
[2024-04-05T05:52:48.478+0000] {processor.py:161} INFO - Started process (PID=1384) to work on /opt/airflow/dags/dag2.py
[2024-04-05T05:52:48.480+0000] {processor.py:830} INFO - Processing file /opt/airflow/dags/dag2.py for tasks to queue
[2024-04-05T05:52:48.482+0000] {logging_mixin.py:188} INFO - [2024-04-05T05:52:48.481+0000] {dagbag.py:540} INFO - Filling up the DagBag from /opt/airflow/dags/dag2.py
[2024-04-05T05:52:48.521+0000] {processor.py:840} INFO - DAG(s) 'My_dag2' retrieved from /opt/airflow/dags/dag2.py
[2024-04-05T05:52:48.559+0000] {logging_mixin.py:188} INFO - [2024-04-05T05:52:48.558+0000] {dag.py:3047} INFO - Sync 1 DAGs
[2024-04-05T05:52:48.601+0000] {logging_mixin.py:188} INFO - [2024-04-05T05:52:48.600+0000] {dag.py:3834} INFO - Setting next_dagrun for My_dag2 to None, run_after=None
[2024-04-05T05:52:48.625+0000] {processor.py:183} INFO - Processing /opt/airflow/dags/dag2.py took 0.153 seconds
[2024-04-05T05:53:19.024+0000] {processor.py:161} INFO - Started process (PID=1441) to work on /opt/airflow/dags/dag2.py
[2024-04-05T05:53:19.027+0000] {processor.py:830} INFO - Processing file /opt/airflow/dags/dag2.py for tasks to queue
[2024-04-05T05:53:19.029+0000] {logging_mixin.py:188} INFO - [2024-04-05T05:53:19.028+0000] {dagbag.py:540} INFO - Filling up the DagBag from /opt/airflow/dags/dag2.py
[2024-04-05T05:53:19.059+0000] {processor.py:840} INFO - DAG(s) 'My_dag2' retrieved from /opt/airflow/dags/dag2.py
[2024-04-05T05:53:19.096+0000] {logging_mixin.py:188} INFO - [2024-04-05T05:53:19.096+0000] {dag.py:3047} INFO - Sync 1 DAGs
[2024-04-05T05:53:19.156+0000] {logging_mixin.py:188} INFO - [2024-04-05T05:53:19.156+0000] {dag.py:3834} INFO - Setting next_dagrun for My_dag2 to None, run_after=None
[2024-04-05T05:53:19.194+0000] {processor.py:183} INFO - Processing /opt/airflow/dags/dag2.py took 0.176 seconds
[2024-04-05T05:53:49.840+0000] {processor.py:161} INFO - Started process (PID=1498) to work on /opt/airflow/dags/dag2.py
[2024-04-05T05:53:49.842+0000] {processor.py:830} INFO - Processing file /opt/airflow/dags/dag2.py for tasks to queue
[2024-04-05T05:53:49.845+0000] {logging_mixin.py:188} INFO - [2024-04-05T05:53:49.844+0000] {dagbag.py:540} INFO - Filling up the DagBag from /opt/airflow/dags/dag2.py
[2024-04-05T05:53:49.878+0000] {processor.py:840} INFO - DAG(s) 'My_dag2' retrieved from /opt/airflow/dags/dag2.py
[2024-04-05T05:53:49.904+0000] {logging_mixin.py:188} INFO - [2024-04-05T05:53:49.904+0000] {dag.py:3047} INFO - Sync 1 DAGs
[2024-04-05T05:53:49.933+0000] {logging_mixin.py:188} INFO - [2024-04-05T05:53:49.933+0000] {dag.py:3834} INFO - Setting next_dagrun for My_dag2 to None, run_after=None
[2024-04-05T05:53:49.971+0000] {processor.py:183} INFO - Processing /opt/airflow/dags/dag2.py took 0.139 seconds
[2024-04-05T05:54:20.881+0000] {processor.py:161} INFO - Started process (PID=1555) to work on /opt/airflow/dags/dag2.py
[2024-04-05T05:54:20.884+0000] {processor.py:830} INFO - Processing file /opt/airflow/dags/dag2.py for tasks to queue
[2024-04-05T05:54:20.887+0000] {logging_mixin.py:188} INFO - [2024-04-05T05:54:20.886+0000] {dagbag.py:540} INFO - Filling up the DagBag from /opt/airflow/dags/dag2.py
[2024-04-05T05:54:20.948+0000] {processor.py:840} INFO - DAG(s) 'My_dag2' retrieved from /opt/airflow/dags/dag2.py
[2024-04-05T05:54:20.994+0000] {logging_mixin.py:188} INFO - [2024-04-05T05:54:20.993+0000] {dag.py:3047} INFO - Sync 1 DAGs
[2024-04-05T05:54:21.034+0000] {logging_mixin.py:188} INFO - [2024-04-05T05:54:21.033+0000] {dag.py:3834} INFO - Setting next_dagrun for My_dag2 to None, run_after=None
[2024-04-05T05:54:21.073+0000] {processor.py:183} INFO - Processing /opt/airflow/dags/dag2.py took 0.209 seconds
[2024-04-05T05:54:51.725+0000] {processor.py:161} INFO - Started process (PID=1612) to work on /opt/airflow/dags/dag2.py
[2024-04-05T05:54:51.728+0000] {processor.py:830} INFO - Processing file /opt/airflow/dags/dag2.py for tasks to queue
[2024-04-05T05:54:51.732+0000] {logging_mixin.py:188} INFO - [2024-04-05T05:54:51.731+0000] {dagbag.py:540} INFO - Filling up the DagBag from /opt/airflow/dags/dag2.py
[2024-04-05T05:54:52.033+0000] {processor.py:840} INFO - DAG(s) 'My_dag2' retrieved from /opt/airflow/dags/dag2.py
[2024-04-05T05:54:52.148+0000] {logging_mixin.py:188} INFO - [2024-04-05T05:54:52.147+0000] {dag.py:3047} INFO - Sync 1 DAGs
[2024-04-05T05:54:52.280+0000] {logging_mixin.py:188} INFO - [2024-04-05T05:54:52.279+0000] {dag.py:3834} INFO - Setting next_dagrun for My_dag2 to None, run_after=None
[2024-04-05T05:54:52.513+0000] {processor.py:183} INFO - Processing /opt/airflow/dags/dag2.py took 0.810 seconds
[2024-04-05T05:55:23.446+0000] {processor.py:161} INFO - Started process (PID=1668) to work on /opt/airflow/dags/dag2.py
[2024-04-05T05:55:23.449+0000] {processor.py:830} INFO - Processing file /opt/airflow/dags/dag2.py for tasks to queue
[2024-04-05T05:55:23.451+0000] {logging_mixin.py:188} INFO - [2024-04-05T05:55:23.451+0000] {dagbag.py:540} INFO - Filling up the DagBag from /opt/airflow/dags/dag2.py
[2024-04-05T05:55:23.482+0000] {processor.py:840} INFO - DAG(s) 'My_dag2' retrieved from /opt/airflow/dags/dag2.py
[2024-04-05T05:55:23.528+0000] {logging_mixin.py:188} INFO - [2024-04-05T05:55:23.528+0000] {dag.py:3047} INFO - Sync 1 DAGs
[2024-04-05T05:55:23.588+0000] {logging_mixin.py:188} INFO - [2024-04-05T05:55:23.587+0000] {dag.py:3834} INFO - Setting next_dagrun for My_dag2 to None, run_after=None
[2024-04-05T05:55:23.629+0000] {processor.py:183} INFO - Processing /opt/airflow/dags/dag2.py took 0.191 seconds
[2024-04-05T05:55:53.795+0000] {processor.py:161} INFO - Started process (PID=1725) to work on /opt/airflow/dags/dag2.py
[2024-04-05T05:55:53.799+0000] {processor.py:830} INFO - Processing file /opt/airflow/dags/dag2.py for tasks to queue
[2024-04-05T05:55:53.803+0000] {logging_mixin.py:188} INFO - [2024-04-05T05:55:53.801+0000] {dagbag.py:540} INFO - Filling up the DagBag from /opt/airflow/dags/dag2.py
[2024-04-05T05:55:53.850+0000] {processor.py:840} INFO - DAG(s) 'My_dag2' retrieved from /opt/airflow/dags/dag2.py
[2024-04-05T05:55:53.925+0000] {logging_mixin.py:188} INFO - [2024-04-05T05:55:53.924+0000] {dag.py:3047} INFO - Sync 1 DAGs
[2024-04-05T05:55:53.982+0000] {logging_mixin.py:188} INFO - [2024-04-05T05:55:53.981+0000] {dag.py:3834} INFO - Setting next_dagrun for My_dag2 to None, run_after=None
[2024-04-05T05:55:54.038+0000] {processor.py:183} INFO - Processing /opt/airflow/dags/dag2.py took 0.252 seconds
[2024-04-05T05:56:24.260+0000] {processor.py:161} INFO - Started process (PID=1783) to work on /opt/airflow/dags/dag2.py
[2024-04-05T05:56:24.262+0000] {processor.py:830} INFO - Processing file /opt/airflow/dags/dag2.py for tasks to queue
[2024-04-05T05:56:24.263+0000] {logging_mixin.py:188} INFO - [2024-04-05T05:56:24.263+0000] {dagbag.py:540} INFO - Filling up the DagBag from /opt/airflow/dags/dag2.py
[2024-04-05T05:56:24.298+0000] {processor.py:840} INFO - DAG(s) 'My_dag2' retrieved from /opt/airflow/dags/dag2.py
[2024-04-05T05:56:24.333+0000] {logging_mixin.py:188} INFO - [2024-04-05T05:56:24.333+0000] {dag.py:3047} INFO - Sync 1 DAGs
[2024-04-05T05:56:24.379+0000] {logging_mixin.py:188} INFO - [2024-04-05T05:56:24.379+0000] {dag.py:3834} INFO - Setting next_dagrun for My_dag2 to None, run_after=None
[2024-04-05T05:56:24.413+0000] {processor.py:183} INFO - Processing /opt/airflow/dags/dag2.py took 0.160 seconds
[2024-04-05T05:56:54.936+0000] {processor.py:161} INFO - Started process (PID=1840) to work on /opt/airflow/dags/dag2.py
[2024-04-05T05:56:54.938+0000] {processor.py:830} INFO - Processing file /opt/airflow/dags/dag2.py for tasks to queue
[2024-04-05T05:56:54.941+0000] {logging_mixin.py:188} INFO - [2024-04-05T05:56:54.940+0000] {dagbag.py:540} INFO - Filling up the DagBag from /opt/airflow/dags/dag2.py
[2024-04-05T05:56:54.975+0000] {processor.py:840} INFO - DAG(s) 'My_dag2' retrieved from /opt/airflow/dags/dag2.py
[2024-04-05T05:56:55.008+0000] {logging_mixin.py:188} INFO - [2024-04-05T05:56:55.007+0000] {dag.py:3047} INFO - Sync 1 DAGs
[2024-04-05T05:56:55.041+0000] {logging_mixin.py:188} INFO - [2024-04-05T05:56:55.040+0000] {dag.py:3834} INFO - Setting next_dagrun for My_dag2 to None, run_after=None
[2024-04-05T05:56:55.073+0000] {processor.py:183} INFO - Processing /opt/airflow/dags/dag2.py took 0.146 seconds
[2024-04-05T05:57:25.320+0000] {processor.py:161} INFO - Started process (PID=1897) to work on /opt/airflow/dags/dag2.py
[2024-04-05T05:57:25.322+0000] {processor.py:830} INFO - Processing file /opt/airflow/dags/dag2.py for tasks to queue
[2024-04-05T05:57:25.324+0000] {logging_mixin.py:188} INFO - [2024-04-05T05:57:25.324+0000] {dagbag.py:540} INFO - Filling up the DagBag from /opt/airflow/dags/dag2.py
[2024-04-05T05:57:25.357+0000] {processor.py:840} INFO - DAG(s) 'My_dag2' retrieved from /opt/airflow/dags/dag2.py
[2024-04-05T05:57:25.390+0000] {logging_mixin.py:188} INFO - [2024-04-05T05:57:25.390+0000] {dag.py:3047} INFO - Sync 1 DAGs
[2024-04-05T05:57:25.421+0000] {logging_mixin.py:188} INFO - [2024-04-05T05:57:25.421+0000] {dag.py:3834} INFO - Setting next_dagrun for My_dag2 to None, run_after=None
[2024-04-05T05:57:25.454+0000] {processor.py:183} INFO - Processing /opt/airflow/dags/dag2.py took 0.141 seconds
[2024-04-05T05:57:56.114+0000] {processor.py:161} INFO - Started process (PID=1954) to work on /opt/airflow/dags/dag2.py
[2024-04-05T05:57:56.117+0000] {processor.py:830} INFO - Processing file /opt/airflow/dags/dag2.py for tasks to queue
[2024-04-05T05:57:56.119+0000] {logging_mixin.py:188} INFO - [2024-04-05T05:57:56.118+0000] {dagbag.py:540} INFO - Filling up the DagBag from /opt/airflow/dags/dag2.py
[2024-04-05T05:57:56.149+0000] {processor.py:840} INFO - DAG(s) 'My_dag2' retrieved from /opt/airflow/dags/dag2.py
[2024-04-05T05:57:56.180+0000] {logging_mixin.py:188} INFO - [2024-04-05T05:57:56.180+0000] {dag.py:3047} INFO - Sync 1 DAGs
[2024-04-05T05:57:56.217+0000] {logging_mixin.py:188} INFO - [2024-04-05T05:57:56.216+0000] {dag.py:3834} INFO - Setting next_dagrun for My_dag2 to None, run_after=None
[2024-04-05T05:57:56.258+0000] {processor.py:183} INFO - Processing /opt/airflow/dags/dag2.py took 0.150 seconds
[2024-04-05T05:58:26.623+0000] {processor.py:161} INFO - Started process (PID=2011) to work on /opt/airflow/dags/dag2.py
[2024-04-05T05:58:26.627+0000] {processor.py:830} INFO - Processing file /opt/airflow/dags/dag2.py for tasks to queue
[2024-04-05T05:58:26.631+0000] {logging_mixin.py:188} INFO - [2024-04-05T05:58:26.629+0000] {dagbag.py:540} INFO - Filling up the DagBag from /opt/airflow/dags/dag2.py
[2024-04-05T05:58:26.664+0000] {processor.py:840} INFO - DAG(s) 'My_dag2' retrieved from /opt/airflow/dags/dag2.py
[2024-04-05T05:58:26.695+0000] {logging_mixin.py:188} INFO - [2024-04-05T05:58:26.695+0000] {dag.py:3047} INFO - Sync 1 DAGs
[2024-04-05T05:58:26.729+0000] {logging_mixin.py:188} INFO - [2024-04-05T05:58:26.728+0000] {dag.py:3834} INFO - Setting next_dagrun for My_dag2 to None, run_after=None
[2024-04-05T05:58:26.760+0000] {processor.py:183} INFO - Processing /opt/airflow/dags/dag2.py took 0.148 seconds
[2024-04-05T05:58:57.103+0000] {processor.py:161} INFO - Started process (PID=2068) to work on /opt/airflow/dags/dag2.py
[2024-04-05T05:58:57.105+0000] {processor.py:830} INFO - Processing file /opt/airflow/dags/dag2.py for tasks to queue
[2024-04-05T05:58:57.107+0000] {logging_mixin.py:188} INFO - [2024-04-05T05:58:57.107+0000] {dagbag.py:540} INFO - Filling up the DagBag from /opt/airflow/dags/dag2.py
[2024-04-05T05:58:57.139+0000] {processor.py:840} INFO - DAG(s) 'My_dag2' retrieved from /opt/airflow/dags/dag2.py
[2024-04-05T05:58:57.169+0000] {logging_mixin.py:188} INFO - [2024-04-05T05:58:57.169+0000] {dag.py:3047} INFO - Sync 1 DAGs
[2024-04-05T05:58:57.204+0000] {logging_mixin.py:188} INFO - [2024-04-05T05:58:57.204+0000] {dag.py:3834} INFO - Setting next_dagrun for My_dag2 to None, run_after=None
[2024-04-05T05:58:57.236+0000] {processor.py:183} INFO - Processing /opt/airflow/dags/dag2.py took 0.140 seconds
[2024-04-05T05:59:27.423+0000] {processor.py:161} INFO - Started process (PID=2125) to work on /opt/airflow/dags/dag2.py
[2024-04-05T05:59:27.426+0000] {processor.py:830} INFO - Processing file /opt/airflow/dags/dag2.py for tasks to queue
[2024-04-05T05:59:27.428+0000] {logging_mixin.py:188} INFO - [2024-04-05T05:59:27.428+0000] {dagbag.py:540} INFO - Filling up the DagBag from /opt/airflow/dags/dag2.py
[2024-04-05T05:59:27.460+0000] {processor.py:840} INFO - DAG(s) 'My_dag2' retrieved from /opt/airflow/dags/dag2.py
[2024-04-05T05:59:27.497+0000] {logging_mixin.py:188} INFO - [2024-04-05T05:59:27.497+0000] {dag.py:3047} INFO - Sync 1 DAGs
[2024-04-05T05:59:27.545+0000] {logging_mixin.py:188} INFO - [2024-04-05T05:59:27.545+0000] {dag.py:3834} INFO - Setting next_dagrun for My_dag2 to None, run_after=None
[2024-04-05T05:59:27.580+0000] {processor.py:183} INFO - Processing /opt/airflow/dags/dag2.py took 0.165 seconds
[2024-04-05T05:59:58.286+0000] {processor.py:161} INFO - Started process (PID=2182) to work on /opt/airflow/dags/dag2.py
[2024-04-05T05:59:58.288+0000] {processor.py:830} INFO - Processing file /opt/airflow/dags/dag2.py for tasks to queue
[2024-04-05T05:59:58.290+0000] {logging_mixin.py:188} INFO - [2024-04-05T05:59:58.290+0000] {dagbag.py:540} INFO - Filling up the DagBag from /opt/airflow/dags/dag2.py
[2024-04-05T05:59:58.318+0000] {processor.py:840} INFO - DAG(s) 'My_dag2' retrieved from /opt/airflow/dags/dag2.py
[2024-04-05T05:59:58.376+0000] {logging_mixin.py:188} INFO - [2024-04-05T05:59:58.375+0000] {dag.py:3047} INFO - Sync 1 DAGs
[2024-04-05T05:59:58.434+0000] {logging_mixin.py:188} INFO - [2024-04-05T05:59:58.433+0000] {dag.py:3834} INFO - Setting next_dagrun for My_dag2 to None, run_after=None
[2024-04-05T05:59:58.470+0000] {processor.py:183} INFO - Processing /opt/airflow/dags/dag2.py took 0.192 seconds
[2024-04-05T06:00:29.048+0000] {processor.py:161} INFO - Started process (PID=2239) to work on /opt/airflow/dags/dag2.py
[2024-04-05T06:00:29.050+0000] {processor.py:830} INFO - Processing file /opt/airflow/dags/dag2.py for tasks to queue
[2024-04-05T06:00:29.052+0000] {logging_mixin.py:188} INFO - [2024-04-05T06:00:29.052+0000] {dagbag.py:540} INFO - Filling up the DagBag from /opt/airflow/dags/dag2.py
[2024-04-05T06:00:29.088+0000] {processor.py:840} INFO - DAG(s) 'My_dag2' retrieved from /opt/airflow/dags/dag2.py
[2024-04-05T06:00:29.136+0000] {logging_mixin.py:188} INFO - [2024-04-05T06:00:29.135+0000] {dag.py:3047} INFO - Sync 1 DAGs
[2024-04-05T06:00:29.170+0000] {logging_mixin.py:188} INFO - [2024-04-05T06:00:29.169+0000] {dag.py:3834} INFO - Setting next_dagrun for My_dag2 to None, run_after=None
[2024-04-05T06:00:29.204+0000] {processor.py:183} INFO - Processing /opt/airflow/dags/dag2.py took 0.164 seconds
[2024-04-05T06:00:59.715+0000] {processor.py:161} INFO - Started process (PID=2296) to work on /opt/airflow/dags/dag2.py
[2024-04-05T06:00:59.718+0000] {processor.py:830} INFO - Processing file /opt/airflow/dags/dag2.py for tasks to queue
[2024-04-05T06:00:59.721+0000] {logging_mixin.py:188} INFO - [2024-04-05T06:00:59.720+0000] {dagbag.py:540} INFO - Filling up the DagBag from /opt/airflow/dags/dag2.py
[2024-04-05T06:00:59.753+0000] {processor.py:840} INFO - DAG(s) 'My_dag2' retrieved from /opt/airflow/dags/dag2.py
[2024-04-05T06:00:59.797+0000] {logging_mixin.py:188} INFO - [2024-04-05T06:00:59.795+0000] {dag.py:3047} INFO - Sync 1 DAGs
[2024-04-05T06:00:59.844+0000] {logging_mixin.py:188} INFO - [2024-04-05T06:00:59.844+0000] {dag.py:3834} INFO - Setting next_dagrun for My_dag2 to None, run_after=None
[2024-04-05T06:00:59.881+0000] {processor.py:183} INFO - Processing /opt/airflow/dags/dag2.py took 0.174 seconds
[2024-04-05T06:01:30.141+0000] {processor.py:161} INFO - Started process (PID=2353) to work on /opt/airflow/dags/dag2.py
[2024-04-05T06:01:30.143+0000] {processor.py:830} INFO - Processing file /opt/airflow/dags/dag2.py for tasks to queue
[2024-04-05T06:01:30.145+0000] {logging_mixin.py:188} INFO - [2024-04-05T06:01:30.145+0000] {dagbag.py:540} INFO - Filling up the DagBag from /opt/airflow/dags/dag2.py
[2024-04-05T06:01:30.176+0000] {processor.py:840} INFO - DAG(s) 'My_dag2' retrieved from /opt/airflow/dags/dag2.py
[2024-04-05T06:01:30.211+0000] {logging_mixin.py:188} INFO - [2024-04-05T06:01:30.210+0000] {dag.py:3047} INFO - Sync 1 DAGs
[2024-04-05T06:01:30.246+0000] {logging_mixin.py:188} INFO - [2024-04-05T06:01:30.245+0000] {dag.py:3834} INFO - Setting next_dagrun for My_dag2 to None, run_after=None
[2024-04-05T06:01:30.285+0000] {processor.py:183} INFO - Processing /opt/airflow/dags/dag2.py took 0.152 seconds
[2024-04-05T06:02:00.760+0000] {processor.py:161} INFO - Started process (PID=2410) to work on /opt/airflow/dags/dag2.py
[2024-04-05T06:02:00.763+0000] {processor.py:830} INFO - Processing file /opt/airflow/dags/dag2.py for tasks to queue
[2024-04-05T06:02:00.765+0000] {logging_mixin.py:188} INFO - [2024-04-05T06:02:00.765+0000] {dagbag.py:540} INFO - Filling up the DagBag from /opt/airflow/dags/dag2.py
[2024-04-05T06:02:00.796+0000] {processor.py:840} INFO - DAG(s) 'My_dag2' retrieved from /opt/airflow/dags/dag2.py
[2024-04-05T06:02:00.835+0000] {logging_mixin.py:188} INFO - [2024-04-05T06:02:00.834+0000] {dag.py:3047} INFO - Sync 1 DAGs
[2024-04-05T06:02:00.870+0000] {logging_mixin.py:188} INFO - [2024-04-05T06:02:00.870+0000] {dag.py:3834} INFO - Setting next_dagrun for My_dag2 to None, run_after=None
[2024-04-05T06:02:00.906+0000] {processor.py:183} INFO - Processing /opt/airflow/dags/dag2.py took 0.153 seconds
[2024-04-05T06:02:31.578+0000] {processor.py:161} INFO - Started process (PID=2467) to work on /opt/airflow/dags/dag2.py
[2024-04-05T06:02:31.580+0000] {processor.py:830} INFO - Processing file /opt/airflow/dags/dag2.py for tasks to queue
[2024-04-05T06:02:31.582+0000] {logging_mixin.py:188} INFO - [2024-04-05T06:02:31.581+0000] {dagbag.py:540} INFO - Filling up the DagBag from /opt/airflow/dags/dag2.py
[2024-04-05T06:02:31.619+0000] {processor.py:840} INFO - DAG(s) 'My_dag2' retrieved from /opt/airflow/dags/dag2.py
[2024-04-05T06:02:31.664+0000] {logging_mixin.py:188} INFO - [2024-04-05T06:02:31.663+0000] {dag.py:3047} INFO - Sync 1 DAGs
[2024-04-05T06:02:31.702+0000] {logging_mixin.py:188} INFO - [2024-04-05T06:02:31.702+0000] {dag.py:3834} INFO - Setting next_dagrun for My_dag2 to None, run_after=None
[2024-04-05T06:02:31.741+0000] {processor.py:183} INFO - Processing /opt/airflow/dags/dag2.py took 0.171 seconds
[2024-04-05T06:03:01.877+0000] {processor.py:161} INFO - Started process (PID=2524) to work on /opt/airflow/dags/dag2.py
[2024-04-05T06:03:01.881+0000] {processor.py:830} INFO - Processing file /opt/airflow/dags/dag2.py for tasks to queue
[2024-04-05T06:03:01.887+0000] {logging_mixin.py:188} INFO - [2024-04-05T06:03:01.886+0000] {dagbag.py:540} INFO - Filling up the DagBag from /opt/airflow/dags/dag2.py
[2024-04-05T06:03:01.923+0000] {processor.py:840} INFO - DAG(s) 'My_dag2' retrieved from /opt/airflow/dags/dag2.py
[2024-04-05T06:03:01.972+0000] {logging_mixin.py:188} INFO - [2024-04-05T06:03:01.971+0000] {dag.py:3047} INFO - Sync 1 DAGs
[2024-04-05T06:03:02.032+0000] {logging_mixin.py:188} INFO - [2024-04-05T06:03:02.031+0000] {dag.py:3834} INFO - Setting next_dagrun for My_dag2 to None, run_after=None
[2024-04-05T06:03:02.082+0000] {processor.py:183} INFO - Processing /opt/airflow/dags/dag2.py took 0.214 seconds
[2024-04-05T06:03:32.880+0000] {processor.py:161} INFO - Started process (PID=2581) to work on /opt/airflow/dags/dag2.py
[2024-04-05T06:03:32.884+0000] {processor.py:830} INFO - Processing file /opt/airflow/dags/dag2.py for tasks to queue
[2024-04-05T06:03:32.887+0000] {logging_mixin.py:188} INFO - [2024-04-05T06:03:32.887+0000] {dagbag.py:540} INFO - Filling up the DagBag from /opt/airflow/dags/dag2.py
[2024-04-05T06:03:32.922+0000] {processor.py:840} INFO - DAG(s) 'My_dag2' retrieved from /opt/airflow/dags/dag2.py
[2024-04-05T06:03:32.977+0000] {logging_mixin.py:188} INFO - [2024-04-05T06:03:32.977+0000] {dag.py:3047} INFO - Sync 1 DAGs
[2024-04-05T06:03:33.084+0000] {logging_mixin.py:188} INFO - [2024-04-05T06:03:33.082+0000] {dag.py:3834} INFO - Setting next_dagrun for My_dag2 to None, run_after=None
[2024-04-05T06:03:33.149+0000] {processor.py:183} INFO - Processing /opt/airflow/dags/dag2.py took 0.285 seconds
[2024-04-05T06:04:03.671+0000] {processor.py:161} INFO - Started process (PID=2638) to work on /opt/airflow/dags/dag2.py
[2024-04-05T06:04:03.673+0000] {processor.py:830} INFO - Processing file /opt/airflow/dags/dag2.py for tasks to queue
[2024-04-05T06:04:03.676+0000] {logging_mixin.py:188} INFO - [2024-04-05T06:04:03.675+0000] {dagbag.py:540} INFO - Filling up the DagBag from /opt/airflow/dags/dag2.py
[2024-04-05T06:04:03.715+0000] {processor.py:840} INFO - DAG(s) 'My_dag2' retrieved from /opt/airflow/dags/dag2.py
[2024-04-05T06:04:03.756+0000] {logging_mixin.py:188} INFO - [2024-04-05T06:04:03.756+0000] {dag.py:3047} INFO - Sync 1 DAGs
[2024-04-05T06:04:03.797+0000] {logging_mixin.py:188} INFO - [2024-04-05T06:04:03.796+0000] {dag.py:3834} INFO - Setting next_dagrun for My_dag2 to None, run_after=None
[2024-04-05T06:04:03.834+0000] {processor.py:183} INFO - Processing /opt/airflow/dags/dag2.py took 0.172 seconds
[2024-04-05T06:04:34.022+0000] {processor.py:161} INFO - Started process (PID=2695) to work on /opt/airflow/dags/dag2.py
[2024-04-05T06:04:34.024+0000] {processor.py:830} INFO - Processing file /opt/airflow/dags/dag2.py for tasks to queue
[2024-04-05T06:04:34.026+0000] {logging_mixin.py:188} INFO - [2024-04-05T06:04:34.026+0000] {dagbag.py:540} INFO - Filling up the DagBag from /opt/airflow/dags/dag2.py
[2024-04-05T06:04:34.062+0000] {processor.py:840} INFO - DAG(s) 'My_dag2' retrieved from /opt/airflow/dags/dag2.py
[2024-04-05T06:04:34.107+0000] {logging_mixin.py:188} INFO - [2024-04-05T06:04:34.106+0000] {dag.py:3047} INFO - Sync 1 DAGs
[2024-04-05T06:04:34.142+0000] {logging_mixin.py:188} INFO - [2024-04-05T06:04:34.142+0000] {dag.py:3834} INFO - Setting next_dagrun for My_dag2 to None, run_after=None
[2024-04-05T06:04:34.174+0000] {processor.py:183} INFO - Processing /opt/airflow/dags/dag2.py took 0.160 seconds
[2024-04-05T06:05:04.864+0000] {processor.py:161} INFO - Started process (PID=2752) to work on /opt/airflow/dags/dag2.py
[2024-04-05T06:05:04.867+0000] {processor.py:830} INFO - Processing file /opt/airflow/dags/dag2.py for tasks to queue
[2024-04-05T06:05:04.870+0000] {logging_mixin.py:188} INFO - [2024-04-05T06:05:04.869+0000] {dagbag.py:540} INFO - Filling up the DagBag from /opt/airflow/dags/dag2.py
[2024-04-05T06:05:04.900+0000] {processor.py:840} INFO - DAG(s) 'My_dag2' retrieved from /opt/airflow/dags/dag2.py
[2024-04-05T06:05:04.949+0000] {logging_mixin.py:188} INFO - [2024-04-05T06:05:04.948+0000] {dag.py:3047} INFO - Sync 1 DAGs
[2024-04-05T06:05:05.003+0000] {logging_mixin.py:188} INFO - [2024-04-05T06:05:05.002+0000] {dag.py:3834} INFO - Setting next_dagrun for My_dag2 to None, run_after=None
[2024-04-05T06:05:05.037+0000] {processor.py:183} INFO - Processing /opt/airflow/dags/dag2.py took 0.191 seconds
